ok
Config
Thu Aug 03 2017 04:09:49 GMT+0000 (UTC)
Cognito
the cognitoidentity is [object Object]
SNS
setting tcp
setting sns
PostAPI
PostAPI_Chat
PostAPI_Wall
PostAPI_Pet
PostAPI_Chips
PostAPI_Login
PostAPI_Shop
PostAPI_Debug
Game init
======================
apiPort listening 2450
tcpPort listening 3007
======================
Server listening at port 3007
[0mGET / [32m200 [0m45.220 ms - 11[0m
[0mGET / [32m200 [0m72.740 ms - 11[0m
[0mGET / [32m200 [0m13.351 ms - 11[0m
[0mGET / [32m200 [0m8.706 ms - 11[0m
[0mGET / [32m200 [0m8.393 ms - 11[0m
[0mGET / [32m200 [0m0.394 ms - 11[0m
[0mGET / [32m200 [0m17.934 ms - 11[0m
[0mGET / [32m200 [0m0.367 ms - 11[0m
[0mGET / [32m200 [0m9.595 ms - 11[0m
[0mGET / [32m200 [0m16.370 ms - 11[0m
[0mGET / [32m200 [0m2.653 ms - 11[0m
[0mGET / [32m200 [0m5.227 ms - 11[0m
[0mGET / [32m200 [0m10.946 ms - 11[0m
[0mGET / [32m200 [0m11.147 ms - 11[0m
[0mGET / [32m200 [0m24.791 ms - 11[0m
[0mGET / [32m200 [0m16.418 ms - 11[0m
[0mGET / [32m200 [0m1.819 ms - 11[0m
[0mGET / [32m200 [0m0.375 ms - 11[0m
[0mGET / [32m200 [0m56.798 ms - 11[0m
[0mGET / [32m200 [0m10.189 ms - 11[0m
[0mGET / [32m200 [0m8.879 ms - 11[0m
[0mGET / [32m200 [0m1.237 ms - 11[0m
[0mGET / [32m200 [0m12.464 ms - 11[0m
[0mGET / [32m200 [0m9.504 ms - 11[0m
[0mGET / [32m200 [0m3.334 ms - 11[0m
[0mGET / [32m200 [0m1.398 ms - 11[0m
[0mGET / [32m200 [0m5.199 ms - 11[0m
[0mGET / [32m200 [0m0.291 ms - 11[0m
[0mGET / [32m200 [0m13.398 ms - 11[0m
[0mGET / [32m200 [0m13.673 ms - 11[0m
[0mGET / [32m200 [0m9.174 ms - 11[0m
[0mGET / [32m200 [0m2.163 ms - 11[0m
[0mGET / [32m200 [0m9.180 ms - 11[0m
[0mGET / [32m200 [0m11.394 ms - 11[0m
[0mGET / [32m200 [0m1.726 ms - 11[0m
[0mGET / [32m200 [0m1.057 ms - 11[0m
[0mGET / [32m200 [0m9.445 ms - 11[0m
[0mGET / [32m200 [0m8.236 ms - 11[0m
[0mGET / [32m200 [0m9.387 ms - 11[0m
[0mGET / [32m200 [0m10.577 ms - 11[0m
[0mGET / [32m200 [0m2.847 ms - 11[0m
[0mGET / [32m200 [0m3.199 ms - 11[0m
[0mGET / [32m200 [0m6.299 ms - 11[0m
[0mGET / [32m200 [0m33.400 ms - 11[0m
[0mGET / [32m200 [0m5.675 ms - 11[0m
[0mGET / [32m200 [0m0.994 ms - 11[0m
[0mGET / [32m200 [0m2.236 ms - 11[0m
[0mGET / [32m200 [0m3.851 ms - 11[0m
[0mGET / [32m200 [0m9.210 ms - 11[0m
[0mGET / [32m200 [0m7.660 ms - 11[0m
[0mGET / [32m200 [0m21.263 ms - 11[0m
[0mGET / [32m200 [0m13.838 ms - 11[0m
[0mGET / [32m200 [0m1.582 ms - 11[0m
[0mGET / [32m200 [0m0.376 ms - 11[0m
[0mGET / [32m200 [0m5.338 ms - 11[0m
[0mGET / [32m200 [0m13.043 ms - 11[0m
[0mGET / [32m200 [0m20.615 ms - 11[0m
[0mGET / [32m200 [0m19.639 ms - 11[0m
[0mGET / [32m200 [0m1.015 ms - 11[0m
[0mGET / [32m200 [0m1.129 ms - 11[0m
[0mGET / [32m200 [0m3.398 ms - 11[0m
[0mGET / [32m200 [0m6.404 ms - 11[0m
[0mGET / [32m200 [0m17.761 ms - 11[0m
[0mGET / [32m200 [0m13.376 ms - 11[0m
[0mGET / [32m200 [0m4.640 ms - 11[0m
[0mGET / [32m200 [0m7.231 ms - 11[0m
[0mGET / [32m200 [0m2.473 ms - 11[0m
[0mGET / [32m200 [0m10.108 ms - 11[0m
[0mGET / [32m200 [0m3.542 ms - 11[0m
[0mGET / [32m200 [0m12.443 ms - 11[0m
[0mGET / [32m200 [0m2.181 ms - 11[0m
[0mGET / [32m200 [0m1.124 ms - 11[0m
[0mGET / [32m200 [0m4.284 ms - 11[0m
[0mGET / [32m200 [0m18.076 ms - 11[0m
[0mGET / [32m200 [0m4.487 ms - 11[0m
[0mGET / [32m200 [0m9.954 ms - 11[0m
[0mGET / [32m200 [0m4.455 ms - 11[0m
[0mGET / [32m200 [0m1.071 ms - 11[0m
[0mGET / [32m200 [0m13.542 ms - 11[0m
[0mGET / [32m200 [0m11.503 ms - 11[0m
[0mGET / [32m200 [0m1.130 ms - 11[0m
[0mGET / [32m200 [0m1.613 ms - 11[0m
[0mGET / [32m200 [0m4.451 ms - 11[0m
[0mGET / [32m200 [0m2.305 ms - 11[0m
[0mGET / [32m200 [0m8.755 ms - 11[0m
[0mGET / [32m200 [0m4.886 ms - 11[0m
[0mGET / [32m200 [0m9.216 ms - 11[0m
[0mGET / [32m200 [0m18.012 ms - 11[0m
[0mGET / [32m200 [0m4.954 ms - 11[0m
[0mGET / [32m200 [0m16.145 ms - 11[0m
[0mGET / [32m200 [0m1.151 ms - 11[0m
[0mGET / [32m200 [0m5.665 ms - 11[0m
[0mGET / [32m200 [0m14.286 ms - 11[0m
[0mGET / [32m200 [0m14.338 ms - 11[0m
[0mGET / [32m200 [0m4.234 ms - 11[0m
[0mGET / [32m200 [0m2.877 ms - 11[0m
[0mGET / [32m200 [0m1.211 ms - 11[0m
[0mGET / [32m200 [0m0.734 ms - 11[0m
[0mGET / [32m200 [0m0.979 ms - 11[0m
[0mGET / [32m200 [0m2.263 ms - 11[0m
[0mGET / [32m200 [0m14.349 ms - 11[0m
[0mGET / [32m200 [0m14.742 ms - 11[0m
[0mGET / [32m200 [0m10.385 ms - 11[0m
[0mGET / [32m200 [0m9.168 ms - 11[0m
[0mGET / [32m200 [0m3.314 ms - 11[0m
[0mGET / [32m200 [0m1.909 ms - 11[0m
[0mGET / [32m200 [0m0.393 ms - 11[0m
[0mGET / [32m200 [0m12.257 ms - 11[0m
[0mGET / [32m200 [0m2.620 ms - 11[0m
[0mGET / [32m200 [0m1.002 ms - 11[0m
[0mGET / [32m200 [0m13.461 ms - 11[0m
[0mGET / [32m200 [0m13.565 ms - 11[0m
[0mGET / [32m200 [0m12.672 ms - 11[0m
[0mGET / [32m200 [0m8.029 ms - 11[0m
[0mGET / [32m200 [0m10.196 ms - 11[0m
[0mGET / [32m200 [0m0.862 ms - 11[0m
[0mGET / [32m200 [0m1.734 ms - 11[0m
[0mGET / [32m200 [0m4.647 ms - 11[0m
[0mGET / [32m200 [0m5.108 ms - 11[0m
[0mGET / [32m200 [0m11.339 ms - 11[0m
[0mGET / [32m200 [0m7.122 ms - 11[0m
[0mGET / [32m200 [0m0.367 ms - 11[0m
[0mGET / [32m200 [0m3.649 ms - 11[0m
[0mGET / [32m200 [0m4.367 ms - 11[0m
[0mGET / [32m200 [0m5.873 ms - 11[0m
[0mGET / [32m200 [0m12.028 ms - 11[0m
[0mGET / [32m200 [0m7.107 ms - 11[0m
[0mGET / [32m200 [0m0.896 ms - 11[0m
[0mGET / [32m200 [0m2.935 ms - 11[0m
[0mGET / [32m200 [0m0.598 ms - 11[0m
[0mGET / [32m200 [0m10.801 ms - 11[0m
[0mGET / [32m200 [0m74.030 ms - 11[0m
[0mGET / [32m200 [0m2.335 ms - 11[0m
[0mGET / [32m200 [0m0.411 ms - 11[0m
[0mGET / [32m200 [0m5.912 ms - 11[0m
[0mGET / [32m200 [0m0.823 ms - 11[0m
[0mGET / [32m200 [0m4.271 ms - 11[0m
[0mGET / [32m200 [0m0.352 ms - 11[0m
[0mGET / [32m200 [0m1.032 ms - 11[0m
[0mGET / [32m200 [0m0.300 ms - 11[0m
[0mGET / [32m200 [0m18.796 ms - 11[0m
[0mGET / [32m200 [0m19.031 ms - 11[0m
[0mGET / [32m200 [0m4.088 ms - 11[0m
[0mGET / [32m200 [0m0.518 ms - 11[0m
[0mGET / [32m200 [0m5.225 ms - 11[0m
[0mGET / [32m200 [0m6.248 ms - 11[0m
[0mGET / [32m200 [0m11.242 ms - 11[0m
[0mGET / [32m200 [0m8.626 ms - 11[0m
[0mGET / [32m200 [0m13.611 ms - 11[0m
[0mGET / [32m200 [0m14.034 ms - 11[0m
[0mGET / [32m200 [0m17.846 ms - 11[0m
[0mGET / [32m200 [0m7.909 ms - 11[0m
[0mGET / [32m200 [0m1.642 ms - 11[0m
[0mGET / [32m200 [0m4.812 ms - 11[0m
[0mGET / [32m200 [0m0.575 ms - 11[0m
[0mGET / [32m200 [0m14.291 ms - 11[0m
[0mGET / [32m200 [0m10.153 ms - 11[0m
[0mGET / [32m200 [0m0.883 ms - 11[0m
[0mGET / [32m200 [0m7.470 ms - 11[0m
[0mGET / [32m200 [0m0.933 ms - 11[0m
[0mGET / [32m200 [0m6.126 ms - 11[0m
[0mGET / [32m200 [0m1.013 ms - 11[0m
[0mGET / [32m200 [0m7.903 ms - 11[0m
[0mGET / [32m200 [0m8.030 ms - 11[0m
[0mGET / [32m200 [0m2.447 ms - 11[0m
[0mGET / [32m200 [0m0.889 ms - 11[0m
[0mGET / [32m200 [0m0.579 ms - 11[0m
[0mGET / [32m200 [0m10.132 ms - 11[0m
[0mGET / [32m200 [0m1.675 ms - 11[0m
[0mGET / [32m200 [0m4.940 ms - 11[0m
[0mGET / [32m200 [0m8.403 ms - 11[0m
[0mGET / [32m200 [0m0.392 ms - 11[0m
[0mGET / [32m200 [0m2.833 ms - 11[0m
[0mGET / [32m200 [0m5.069 ms - 11[0m
[0mGET / [32m200 [0m2.772 ms - 11[0m
[0mGET / [32m200 [0m3.184 ms - 11[0m
[0mGET / [32m200 [0m5.981 ms - 11[0m
[0mGET / [32m200 [0m0.976 ms - 11[0m
[0mGET / [32m200 [0m0.658 ms - 11[0m
[0mGET / [32m200 [0m6.678 ms - 11[0m
[0mGET / [32m200 [0m0.553 ms - 11[0m
[0mGET / [32m200 [0m4.133 ms - 11[0m
[0mGET / [32m200 [0m10.348 ms - 11[0m
[0mGET / [32m200 [0m37.050 ms - 11[0m
[0mGET / [32m200 [0m14.674 ms - 11[0m
[0mGET / [32m200 [0m15.007 ms - 11[0m
[0mGET / [32m200 [0m1.080 ms - 11[0m
[0mGET / [32m200 [0m1.984 ms - 11[0m
[0mGET / [32m200 [0m4.159 ms - 11[0m
[0mGET / [32m200 [0m0.357 ms - 11[0m
[0mGET / [32m200 [0m8.574 ms - 11[0m
[0mGET / [32m200 [0m1.031 ms - 11[0m
[0mGET / [32m200 [0m9.240 ms - 11[0m
[0mGET / [32m200 [0m9.688 ms - 11[0m
[0mGET / [32m200 [0m7.667 ms - 11[0m
[0mGET / [32m200 [0m0.436 ms - 11[0m
[0mGET / [32m200 [0m4.701 ms - 11[0m
[0mGET / [32m200 [0m8.438 ms - 11[0m
[0mGET / [32m200 [0m0.937 ms - 11[0m
[0mGET / [32m200 [0m2.591 ms - 11[0m
[0mGET / [32m200 [0m15.599 ms - 11[0m
[0mGET / [32m200 [0m15.946 ms - 11[0m
[0mGET / [32m200 [0m7.019 ms - 11[0m
[0mGET / [32m200 [0m0.838 ms - 11[0m
[0mGET / [32m200 [0m1.227 ms - 11[0m
[0mGET / [32m200 [0m5.710 ms - 11[0m
[0mGET / [32m200 [0m2.037 ms - 11[0m
[0mGET / [32m200 [0m5.699 ms - 11[0m
[0mGET / [32m200 [0m6.381 ms - 11[0m
[0mGET / [32m200 [0m0.877 ms - 11[0m
[0mGET / [32m200 [0m0.705 ms - 11[0m
[0mGET / [32m200 [0m12.010 ms - 11[0m
[0mGET / [32m200 [0m4.509 ms - 11[0m
[0mGET / [32m200 [0m0.948 ms - 11[0m
[0mGET / [32m200 [0m14.157 ms - 11[0m
[0mGET / [32m200 [0m11.382 ms - 11[0m
[0mGET / [32m200 [0m6.765 ms - 11[0m
[0mGET / [32m200 [0m7.865 ms - 11[0m
[0mGET / [32m200 [0m14.236 ms - 11[0m
[0mGET / [32m200 [0m0.384 ms - 11[0m
[0mGET / [32m200 [0m1.620 ms - 11[0m
[0mGET / [32m200 [0m0.416 ms - 11[0m
[0mGET / [32m200 [0m1.309 ms - 11[0m
[0mGET / [32m200 [0m4.195 ms - 11[0m
[0mGET / [32m200 [0m4.993 ms - 11[0m
[0mGET / [32m200 [0m6.164 ms - 11[0m
[0mGET / [32m200 [0m0.435 ms - 11[0m
[0mGET / [32m200 [0m1.704 ms - 11[0m
[0mGET / [32m200 [0m0.563 ms - 11[0m
[0mGET / [32m200 [0m1.591 ms - 11[0m
[0mGET / [32m200 [0m8.503 ms - 11[0m
[0mGET / [32m200 [0m0.884 ms - 11[0m
[0mGET / [32m200 [0m8.632 ms - 11[0m
[0mGET / [32m200 [0m5.640 ms - 11[0m
[0mGET / [32m200 [0m0.393 ms - 11[0m
[0mGET / [32m200 [0m1.525 ms - 11[0m
[0mGET / [32m200 [0m8.329 ms - 11[0m
[0mGET / [32m200 [0m1.274 ms - 11[0m
[0mGET / [32m200 [0m8.298 ms - 11[0m
[0mGET / [32m200 [0m8.440 ms - 11[0m
[0mGET / [32m200 [0m1.030 ms - 11[0m
[0mGET / [32m200 [0m0.437 ms - 11[0m
[0mGET / [32m200 [0m4.508 ms - 11[0m
[0mGET / [32m200 [0m4.338 ms - 11[0m
[0mGET / [32m200 [0m8.100 ms - 11[0m
[0mGET / [32m200 [0m0.968 ms - 11[0m
[0mGET / [32m200 [0m13.037 ms - 11[0m
[0mGET / [32m200 [0m6.436 ms - 11[0m
[0mGET / [32m200 [0m8.328 ms - 11[0m
[0mGET / [32m200 [0m0.328 ms - 11[0m
[0mGET / [32m200 [0m4.952 ms - 11[0m
[0mGET / [32m200 [0m0.635 ms - 11[0m
[0mGET / [32m200 [0m8.206 ms - 11[0m
[0mGET / [32m200 [0m7.627 ms - 11[0m
[0mGET / [32m200 [0m2.731 ms - 11[0m
[0mGET / [32m200 [0m15.840 ms - 11[0m
[0mGET / [32m200 [0m12.805 ms - 11[0m
[0mGET / [32m200 [0m20.933 ms - 11[0m
[0mGET / [32m200 [0m14.081 ms - 11[0m
[0mGET / [32m200 [0m13.849 ms - 11[0m
[0mGET / [32m200 [0m62.075 ms - 11[0m
[0mGET / [32m200 [0m5.172 ms - 11[0m
[0mGET / [32m200 [0m2.168 ms - 11[0m
[0mGET / [32m200 [0m13.118 ms - 11[0m
[0mGET / [32m200 [0m11.455 ms - 11[0m
[0mGET / [32m200 [0m11.835 ms - 11[0m
[0mGET / [32m200 [0m6.834 ms - 11[0m
[0mGET / [32m200 [0m0.896 ms - 11[0m
[0mGET / [32m200 [0m4.994 ms - 11[0m
[0mGET / [32m200 [0m5.170 ms - 11[0m
[0mGET / [32m200 [0m0.486 ms - 11[0m
[0mGET / [32m200 [0m2.026 ms - 11[0m
[0mGET / [32m200 [0m1.240 ms - 11[0m
[0mGET / [32m200 [0m4.347 ms - 11[0m
[0mGET / [32m200 [0m0.365 ms - 11[0m
[0mGET / [32m200 [0m0.454 ms - 11[0m
[0mGET / [32m200 [0m9.406 ms - 11[0m
[0mGET / [32m200 [0m3.871 ms - 11[0m
[0mGET / [32m200 [0m0.790 ms - 11[0m
[0mGET / [32m200 [0m0.959 ms - 11[0m
[0mGET / [32m200 [0m0.461 ms - 11[0m
[0mGET / [32m200 [0m2.119 ms - 11[0m
[0mGET / [32m200 [0m16.299 ms - 11[0m
[0mGET / [32m200 [0m1.743 ms - 11[0m
[0mGET / [32m200 [0m12.711 ms - 11[0m
[0mGET / [32m200 [0m19.276 ms - 11[0m
[0mGET / [32m200 [0m0.589 ms - 11[0m
[0mGET / [32m200 [0m0.840 ms - 11[0m
[0mGET / [32m200 [0m3.870 ms - 11[0m
[0mGET / [32m200 [0m5.011 ms - 11[0m
[0mGET / [32m200 [0m0.798 ms - 11[0m
[0mGET / [32m200 [0m1.518 ms - 11[0m
[0mGET / [32m200 [0m1.143 ms - 11[0m
[0mGET / [32m200 [0m0.395 ms - 11[0m
[0mGET / [32m200 [0m2.251 ms - 11[0m
[0mGET / [32m200 [0m1.564 ms - 11[0m
[0mGET / [32m200 [0m2.578 ms - 11[0m
[0mGET / [32m200 [0m5.094 ms - 11[0m
[0mGET / [32m200 [0m0.745 ms - 11[0m
[0mGET / [32m200 [0m6.089 ms - 11[0m
[0mGET / [32m200 [0m3.123 ms - 11[0m
[0mGET / [32m200 [0m0.337 ms - 11[0m
[0mGET / [32m200 [0m0.467 ms - 11[0m
[0mGET / [32m200 [0m0.478 ms - 11[0m
[0mGET / [32m200 [0m0.490 ms - 11[0m
[0mGET / [32m200 [0m0.353 ms - 11[0m
[0mGET / [32m200 [0m1.353 ms - 11[0m
[0mGET / [32m200 [0m0.402 ms - 11[0m
[0mGET / [32m200 [0m11.963 ms - 11[0m
[0mGET / [32m200 [0m12.190 ms - 11[0m
[0mGET / [32m200 [0m0.608 ms - 11[0m
[0mGET / [32m200 [0m4.611 ms - 11[0m
[0mGET / [32m200 [0m10.997 ms - 11[0m
[0mGET / [32m200 [0m9.519 ms - 11[0m
[0mGET / [32m200 [0m1.845 ms - 11[0m
[0mGET / [32m200 [0m2.643 ms - 11[0m
[0mGET / [32m200 [0m1.832 ms - 11[0m
[0mGET / [32m200 [0m2.500 ms - 11[0m
[0mGET / [32m200 [0m0.386 ms - 11[0m
[0mGET / [32m200 [0m0.913 ms - 11[0m
[0mGET / [32m200 [0m4.366 ms - 11[0m
[0mGET / [32m200 [0m4.455 ms - 11[0m
[0mGET / [32m200 [0m2.278 ms - 11[0m
[0mGET / [32m200 [0m0.940 ms - 11[0m
[0mGET / [32m200 [0m2.726 ms - 11[0m
[0mGET / [32m200 [0m4.240 ms - 11[0m
[0mGET / [32m200 [0m0.881 ms - 11[0m
[0mGET / [32m200 [0m0.940 ms - 11[0m
[0mGET / [32m200 [0m7.921 ms - 11[0m
[0mGET / [32m200 [0m1.051 ms - 11[0m
[0mGET / [32m200 [0m0.441 ms - 11[0m
[0mGET / [32m200 [0m1.570 ms - 11[0m
[0mGET / [32m200 [0m7.713 ms - 11[0m
[0mGET / [32m200 [0m0.819 ms - 11[0m
[0mGET / [32m200 [0m0.727 ms - 11[0m
[0mGET / [32m200 [0m1.228 ms - 11[0m
[0mGET / [32m200 [0m0.520 ms - 11[0m
[0mGET / [32m200 [0m0.834 ms - 11[0m
[0mGET / [32m200 [0m2.002 ms - 11[0m
[0mGET / [32m200 [0m1.516 ms - 11[0m
[0mGET / [32m200 [0m3.368 ms - 11[0m
[0mGET / [32m200 [0m15.994 ms - 11[0m
[0mGET / [32m200 [0m0.399 ms - 11[0m
[0mGET / [32m200 [0m0.552 ms - 11[0m
[0mGET / [32m200 [0m11.688 ms - 11[0m
[0mGET / [32m200 [0m9.686 ms - 11[0m
[0mGET / [32m200 [0m0.957 ms - 11[0m
[0mGET / [32m200 [0m0.948 ms - 11[0m
[0mGET / [32m200 [0m3.295 ms - 11[0m
[0mGET / [32m200 [0m0.349 ms - 11[0m
[0mGET / [32m200 [0m2.910 ms - 11[0m
[0mGET / [32m200 [0m1.571 ms - 11[0m
[0mGET / [32m200 [0m2.344 ms - 11[0m
[0mGET / [32m200 [0m5.113 ms - 11[0m
[0mGET / [32m200 [0m1.500 ms - 11[0m
[0mGET / [32m200 [0m1.501 ms - 11[0m
[0mGET / [32m200 [0m2.462 ms - 11[0m
[0mGET / [32m200 [0m1.588 ms - 11[0m
[0mGET / [32m200 [0m0.733 ms - 11[0m
[0mGET / [32m200 [0m0.915 ms - 11[0m
[0mGET / [32m200 [0m1.734 ms - 11[0m
[0mGET / [32m200 [0m5.535 ms - 11[0m
[0mGET / [32m200 [0m1.098 ms - 11[0m
[0mGET / [32m200 [0m1.689 ms - 11[0m
[0mGET / [32m200 [0m3.150 ms - 11[0m
[0mGET / [32m200 [0m0.404 ms - 11[0m
[0mGET / [32m200 [0m4.956 ms - 11[0m
[0mGET / [32m200 [0m4.258 ms - 11[0m
[0mGET / [32m200 [0m0.736 ms - 11[0m
[0mGET / [32m200 [0m2.680 ms - 11[0m
[0mGET / [32m200 [0m2.182 ms - 11[0m
[0mGET / [32m200 [0m2.323 ms - 11[0m
[0mGET / [32m200 [0m5.725 ms - 11[0m
[0mGET / [32m200 [0m6.376 ms - 11[0m
[0mGET / [32m200 [0m0.941 ms - 11[0m
[0mGET / [32m200 [0m2.953 ms - 11[0m
[0mGET / [32m200 [0m2.629 ms - 11[0m
[0mGET / [32m200 [0m1.412 ms - 11[0m
[0mGET / [32m200 [0m2.727 ms - 11[0m
[0mGET / [32m200 [0m1.146 ms - 11[0m
[0mGET / [32m200 [0m8.292 ms - 11[0m
[0mGET / [32m200 [0m1.015 ms - 11[0m
[0mGET / [32m200 [0m19.321 ms - 11[0m
[0mGET / [32m200 [0m3.971 ms - 11[0m
[0mGET / [32m200 [0m3.188 ms - 11[0m
[0mGET / [32m200 [0m3.202 ms - 11[0m
[0mGET / [32m200 [0m1.981 ms - 11[0m
[0mGET / [32m200 [0m0.723 ms - 11[0m
[0mGET / [32m200 [0m0.540 ms - 11[0m
[0mGET / [32m200 [0m3.108 ms - 11[0m
[0mGET / [32m200 [0m0.394 ms - 11[0m
[0mGET / [32m200 [0m0.415 ms - 11[0m
[0mGET / [32m200 [0m108.012 ms - 11[0m
[0mGET / [32m200 [0m116.984 ms - 11[0m
[0mGET / [32m200 [0m3.770 ms - 11[0m
[0mGET / [32m200 [0m0.474 ms - 11[0m
[0mGET / [32m200 [0m12.320 ms - 11[0m
[0mGET / [32m200 [0m8.587 ms - 11[0m
[0mGET / [32m200 [0m11.598 ms - 11[0m
[0mGET / [32m200 [0m7.200 ms - 11[0m
[0mGET / [32m200 [0m1.026 ms - 11[0m
[0mGET / [32m200 [0m1.676 ms - 11[0m
[0mGET / [32m200 [0m1.293 ms - 11[0m
[0mGET / [32m200 [0m0.351 ms - 11[0m
[0mGET / [32m200 [0m10.872 ms - 11[0m
[0mGET / [32m200 [0m11.201 ms - 11[0m
[0mGET / [32m200 [0m4.629 ms - 11[0m
[0mGET / [32m200 [0m2.269 ms - 11[0m
[0mGET / [32m200 [0m0.389 ms - 11[0m
[0mGET / [32m200 [0m2.739 ms - 11[0m
[0mGET / [32m200 [0m5.764 ms - 11[0m
[0mGET / [32m200 [0m0.350 ms - 11[0m
[0mGET / [32m200 [0m9.049 ms - 11[0m
[0mGET / [32m200 [0m0.951 ms - 11[0m
[0mGET / [32m200 [0m4.988 ms - 11[0m
[0mGET / [32m200 [0m0.852 ms - 11[0m
[0mGET / [32m200 [0m2.733 ms - 11[0m
[0mGET / [32m200 [0m0.355 ms - 11[0m
[0mGET / [32m200 [0m1.826 ms - 11[0m
[0mGET / [32m200 [0m0.279 ms - 11[0m
[0mGET / [32m200 [0m4.948 ms - 11[0m
[0mGET / [32m200 [0m1.013 ms - 11[0m
[0mGET / [32m200 [0m2.672 ms - 11[0m
[0mGET / [32m200 [0m0.676 ms - 11[0m
[0mGET / [32m200 [0m9.187 ms - 11[0m
[0mGET / [32m200 [0m0.884 ms - 11[0m
[0mGET / [32m200 [0m0.380 ms - 11[0m
[0mGET / [32m200 [0m3.921 ms - 11[0m
[0mGET / [32m200 [0m9.207 ms - 11[0m
[0mGET / [32m200 [0m0.930 ms - 11[0m
[0mGET / [32m200 [0m1.101 ms - 11[0m
[0mGET / [32m200 [0m9.881 ms - 11[0m
[0mGET / [32m200 [0m4.487 ms - 11[0m
[0mGET / [32m200 [0m1.022 ms - 11[0m
[0mGET / [32m200 [0m2.325 ms - 11[0m
[0mGET / [32m200 [0m0.328 ms - 11[0m
[0mGET / [32m200 [0m9.245 ms - 11[0m
[0mGET / [32m200 [0m0.850 ms - 11[0m
[0mGET / [32m200 [0m0.841 ms - 11[0m
[0mGET / [32m200 [0m0.422 ms - 11[0m
[0mGET / [32m200 [0m4.403 ms - 11[0m
[0mGET / [32m200 [0m0.345 ms - 11[0m
[0mGET / [32m200 [0m3.451 ms - 11[0m
[0mGET / [32m200 [0m0.988 ms - 11[0m
[0mGET / [32m200 [0m5.760 ms - 11[0m
[0mGET / [32m200 [0m1.960 ms - 11[0m
[0mGET / [32m200 [0m13.073 ms - 11[0m
[0mGET / [32m200 [0m2.004 ms - 11[0m
[0mGET / [32m200 [0m2.768 ms - 11[0m
[0mGET / [32m200 [0m0.427 ms - 11[0m
[0mGET / [32m200 [0m1.686 ms - 11[0m
[0mGET / [32m200 [0m0.309 ms - 11[0m
[0mGET / [32m200 [0m2.941 ms - 11[0m
[0mGET / [32m200 [0m1.678 ms - 11[0m
[0mGET / [32m200 [0m3.243 ms - 11[0m
[0mGET / [32m200 [0m2.595 ms - 11[0m
[0mGET / [32m200 [0m3.515 ms - 11[0m
[0mGET / [32m200 [0m0.348 ms - 11[0m
[0mGET / [32m200 [0m0.360 ms - 11[0m
[0mGET / [32m200 [0m2.807 ms - 11[0m
[0mGET / [32m200 [0m4.302 ms - 11[0m
[0mGET / [32m200 [0m0.540 ms - 11[0m
[0mGET / [32m200 [0m4.130 ms - 11[0m
[0mGET / [32m200 [0m0.330 ms - 11[0m
[0mGET / [32m200 [0m5.174 ms - 11[0m
[0mGET / [32m200 [0m4.510 ms - 11[0m
[0mGET / [32m200 [0m0.999 ms - 11[0m
[0mGET / [32m200 [0m3.181 ms - 11[0m
[0mGET / [32m200 [0m6.242 ms - 11[0m
[0mGET / [32m200 [0m10.784 ms - 11[0m
[0mGET / [32m200 [0m4.078 ms - 11[0m
[0mGET / [32m200 [0m10.560 ms - 11[0m
[0mGET / [32m200 [0m0.404 ms - 11[0m
[0mGET / [32m200 [0m1.380 ms - 11[0m
[0mGET / [32m200 [0m5.231 ms - 11[0m
[0mGET / [32m200 [0m8.428 ms - 11[0m
[0mGET / [32m200 [0m1.073 ms - 11[0m
[0mGET / [32m200 [0m3.501 ms - 11[0m
[0mGET / [32m200 [0m0.378 ms - 11[0m
[0mGET / [32m200 [0m3.528 ms - 11[0m
[0mGET / [32m200 [0m1.306 ms - 11[0m
[0mGET / [32m200 [0m1.442 ms - 11[0m
[0mGET / [32m200 [0m3.147 ms - 11[0m
[0mGET / [32m200 [0m0.399 ms - 11[0m
[0mGET / [32m200 [0m14.287 ms - 11[0m
[0mGET / [32m200 [0m11.144 ms - 11[0m
[0mGET / [32m200 [0m0.648 ms - 11[0m
[0mGET / [32m200 [0m0.286 ms - 11[0m
[0mGET / [32m200 [0m3.142 ms - 11[0m
[0mGET / [32m200 [0m1.178 ms - 11[0m
[0mGET / [32m200 [0m0.335 ms - 11[0m
[0mGET / [32m200 [0m0.382 ms - 11[0m
[0mGET / [32m200 [0m2.822 ms - 11[0m
[0mGET / [32m200 [0m1.273 ms - 11[0m
[0mGET / [32m200 [0m3.940 ms - 11[0m
[0mGET / [32m200 [0m0.374 ms - 11[0m
[0mGET / [32m200 [0m8.289 ms - 11[0m
[0mGET / [32m200 [0m0.805 ms - 11[0m
[0mGET / [32m200 [0m3.746 ms - 11[0m
[0mGET / [32m200 [0m0.299 ms - 11[0m
[0mGET / [32m200 [0m1.852 ms - 11[0m
[0mGET / [32m200 [0m0.923 ms - 11[0m
[0mGET / [32m200 [0m0.321 ms - 11[0m
[0mGET / [32m200 [0m0.302 ms - 11[0m
[0mGET / [32m200 [0m12.003 ms - 11[0m
[0mGET / [32m200 [0m9.118 ms - 11[0m
[0mGET / [32m200 [0m5.146 ms - 11[0m
[0mGET / [32m200 [0m0.313 ms - 11[0m
[0mGET / [32m200 [0m2.106 ms - 11[0m
[0mGET / [32m200 [0m0.292 ms - 11[0m
[0mGET / [32m200 [0m0.367 ms - 11[0m
[0mGET / [32m200 [0m0.364 ms - 11[0m
[0mGET / [32m200 [0m14.856 ms - 11[0m
[0mGET / [32m200 [0m15.043 ms - 11[0m
[0mGET / [32m200 [0m9.355 ms - 11[0m
[0mGET / [32m200 [0m14.772 ms - 11[0m
[0mGET / [32m200 [0m11.646 ms - 11[0m
[0mGET / [32m200 [0m11.699 ms - 11[0m
[0mGET / [32m200 [0m10.015 ms - 11[0m
[0mGET / [32m200 [0m7.832 ms - 11[0m
[0mGET / [32m200 [0m3.823 ms - 11[0m
[0mGET / [32m200 [0m0.410 ms - 11[0m
[0mGET / [32m200 [0m0.546 ms - 11[0m
[0mGET / [32m200 [0m2.779 ms - 11[0m
[0mGET / [32m200 [0m0.485 ms - 11[0m
[0mGET / [32m200 [0m0.340 ms - 11[0m
[0mGET / [32m200 [0m0.315 ms - 11[0m
[0mGET / [32m200 [0m0.303 ms - 11[0m
[0mGET / [32m200 [0m13.986 ms - 11[0m
[0mGET / [32m200 [0m9.449 ms - 11[0m
[0mGET / [32m200 [0m1.932 ms - 11[0m
[0mGET / [32m200 [0m1.182 ms - 11[0m
[0mGET / [32m200 [0m0.400 ms - 11[0m
[0mGET / [32m200 [0m1.283 ms - 11[0m
[0mGET / [32m200 [0m0.933 ms - 11[0m
[0mGET / [32m200 [0m0.320 ms - 11[0m
[0mGET / [32m200 [0m2.743 ms - 11[0m
[0mGET / [32m200 [0m0.333 ms - 11[0m
[0mGET / [32m200 [0m3.171 ms - 11[0m
[0mGET / [32m200 [0m0.277 ms - 11[0m
[0mGET / [32m200 [0m1.951 ms - 11[0m
[0mGET / [32m200 [0m0.887 ms - 11[0m
[0mGET / [32m200 [0m0.373 ms - 11[0m
[0mGET / [32m200 [0m2.975 ms - 11[0m
[0mGET / [32m200 [0m3.404 ms - 11[0m
[0mGET / [32m200 [0m0.295 ms - 11[0m
[0mGET / [32m200 [0m5.671 ms - 11[0m
[0mGET / [32m200 [0m0.257 ms - 11[0m
[0mGET / [32m200 [0m0.933 ms - 11[0m
[0mGET / [32m200 [0m2.546 ms - 11[0m
[0mGET / [32m200 [0m0.846 ms - 11[0m
[0mGET / [32m200 [0m1.219 ms - 11[0m
[0mGET / [32m200 [0m13.069 ms - 11[0m
[0mGET / [32m200 [0m6.286 ms - 11[0m
[0mGET / [32m200 [0m6.409 ms - 11[0m
[0mGET / [32m200 [0m0.424 ms - 11[0m
[0mGET / [32m200 [0m6.886 ms - 11[0m
[0mGET / [32m200 [0m7.148 ms - 11[0m
[0mGET / [32m200 [0m1.321 ms - 11[0m
[0mGET / [32m200 [0m0.604 ms - 11[0m
[0mGET / [32m200 [0m10.668 ms - 11[0m
[0mGET / [32m200 [0m8.528 ms - 11[0m
[0mGET / [32m200 [0m0.392 ms - 11[0m
[0mGET / [32m200 [0m0.862 ms - 11[0m
[0mGET / [32m200 [0m9.385 ms - 11[0m
[0mGET / [32m200 [0m7.176 ms - 11[0m
[0mGET / [32m200 [0m4.214 ms - 11[0m
[0mGET / [32m200 [0m0.433 ms - 11[0m
[0mGET / [32m200 [0m5.851 ms - 11[0m
[0mGET / [32m200 [0m0.287 ms - 11[0m
[0mGET / [32m200 [0m2.861 ms - 11[0m
[0mGET / [32m200 [0m3.376 ms - 11[0m
[0mGET / [32m200 [0m3.547 ms - 11[0m
[0mGET / [32m200 [0m0.305 ms - 11[0m
[0mGET / [32m200 [0m14.975 ms - 11[0m
[0mGET / [32m200 [0m0.789 ms - 11[0m
[0mGET / [32m200 [0m4.839 ms - 11[0m
[0mGET / [32m200 [0m4.041 ms - 11[0m
[0mGET / [32m200 [0m10.612 ms - 11[0m
[0mGET / [32m200 [0m6.487 ms - 11[0m
[0mGET / [32m200 [0m12.393 ms - 11[0m
[0mGET / [32m200 [0m7.603 ms - 11[0m
[0mGET / [32m200 [0m0.613 ms - 11[0m
[0mGET / [32m200 [0m0.416 ms - 11[0m
[0mGET / [32m200 [0m6.092 ms - 11[0m
[0mGET / [32m200 [0m0.699 ms - 11[0m
[0mGET / [32m200 [0m0.821 ms - 11[0m
[0mGET / [32m200 [0m10.051 ms - 11[0m
[0mGET / [32m200 [0m7.972 ms - 11[0m
[0mGET / [32m200 [0m3.657 ms - 11[0m
[0mGET / [32m200 [0m1.179 ms - 11[0m
[0mGET / [32m200 [0m0.314 ms - 11[0m
[0mGET / [32m200 [0m1.040 ms - 11[0m
[0mGET / [32m200 [0m4.868 ms - 11[0m
[0mGET / [32m200 [0m11.990 ms - 11[0m
[0mGET / [32m200 [0m8.613 ms - 11[0m
[0mGET / [32m200 [0m12.229 ms - 11[0m
[0mGET / [32m200 [0m7.797 ms - 11[0m
[0mGET / [32m200 [0m3.801 ms - 11[0m
[0mGET / [32m200 [0m0.330 ms - 11[0m
[0mGET / [32m200 [0m5.524 ms - 11[0m
[0mGET / [32m200 [0m4.063 ms - 11[0m
[0mGET / [32m200 [0m5.338 ms - 11[0m
[0mGET / [32m200 [0m0.415 ms - 11[0m
[0mGET / [32m200 [0m3.145 ms - 11[0m
[0mGET / [32m200 [0m0.665 ms - 11[0m
[0mGET / [32m200 [0m12.249 ms - 11[0m
[0mGET / [32m200 [0m7.368 ms - 11[0m
[0mGET / [32m200 [0m0.375 ms - 11[0m
[0mGET / [32m200 [0m4.054 ms - 11[0m
[0mGET / [32m200 [0m5.201 ms - 11[0m
[0mGET / [32m200 [0m9.981 ms - 11[0m
[0mGET / [32m200 [0m3.334 ms - 11[0m
[0mGET / [32m200 [0m3.039 ms - 11[0m
[0mGET / [32m200 [0m3.095 ms - 11[0m
[0mGET / [32m200 [0m3.048 ms - 11[0m
[0mGET / [32m200 [0m2.136 ms - 11[0m
[0mGET / [32m200 [0m4.942 ms - 11[0m
[0mGET / [32m200 [0m1.854 ms - 11[0m
[0mGET / [32m200 [0m1.468 ms - 11[0m
[0mGET / [32m200 [0m4.537 ms - 11[0m
[0mGET / [32m200 [0m0.583 ms - 11[0m
[0mGET / [32m200 [0m2.643 ms - 11[0m
[0mGET / [32m200 [0m15.925 ms - 11[0m
[0mGET / [32m200 [0m5.340 ms - 11[0m
[0mGET / [32m200 [0m10.770 ms - 11[0m
[0mGET / [32m200 [0m4.532 ms - 11[0m
[0mGET / [32m200 [0m9.312 ms - 11[0m
[0mGET / [32m200 [0m5.779 ms - 11[0m
[0mGET / [32m200 [0m0.314 ms - 11[0m
[0mGET / [32m200 [0m4.180 ms - 11[0m
[0mGET / [32m200 [0m1.778 ms - 11[0m
[0mGET / [32m200 [0m9.580 ms - 11[0m
[0mGET / [32m200 [0m10.536 ms - 11[0m
[0mGET / [32m200 [0m2.841 ms - 11[0m
[0mGET / [32m200 [0m1.636 ms - 11[0m
[0mGET / [32m200 [0m2.768 ms - 11[0m
[0mGET / [32m200 [0m0.832 ms - 11[0m
[0mGET / [32m200 [0m1.361 ms - 11[0m
[0mGET / [32m200 [0m3.372 ms - 11[0m
[0mGET / [32m200 [0m6.579 ms - 11[0m
[0mGET / [32m200 [0m1.717 ms - 11[0m
[0mGET / [32m200 [0m0.808 ms - 11[0m
[0mGET / [32m200 [0m6.862 ms - 11[0m
[0mGET / [32m200 [0m3.303 ms - 11[0m
[0mGET / [32m200 [0m13.235 ms - 11[0m
[0mGET / [32m200 [0m1.165 ms - 11[0m
[0mGET / [32m200 [0m0.562 ms - 11[0m
[0mGET / [32m200 [0m3.778 ms - 11[0m
[0mGET / [32m200 [0m11.758 ms - 11[0m
[0mGET / [32m200 [0m1.041 ms - 11[0m
[0mGET / [32m200 [0m0.296 ms - 11[0m
[0mGET / [32m200 [0m5.388 ms - 11[0m
[0mGET / [32m200 [0m10.324 ms - 11[0m
[0mGET / [32m200 [0m1.534 ms - 11[0m
[0mGET / [32m200 [0m0.448 ms - 11[0m
[0mGET / [32m200 [0m9.267 ms - 11[0m
[0mGET / [32m200 [0m0.611 ms - 11[0m
[0mGET / [32m200 [0m5.129 ms - 11[0m
[0mGET / [32m200 [0m4.760 ms - 11[0m
[0mGET / [32m200 [0m10.383 ms - 11[0m
[0mGET / [32m200 [0m11.184 ms - 11[0m
[0mGET / [32m200 [0m10.131 ms - 11[0m
[0mGET / [32m200 [0m6.713 ms - 11[0m
[0mGET / [32m200 [0m11.160 ms - 11[0m
[0mGET / [32m200 [0m8.785 ms - 11[0m
[0mGET / [32m200 [0m3.411 ms - 11[0m
[0mGET / [32m200 [0m9.763 ms - 11[0m
[0mGET / [32m200 [0m8.721 ms - 11[0m
[0mGET / [32m200 [0m0.849 ms - 11[0m
[0mGET / [32m200 [0m1.311 ms - 11[0m
[0mGET / [32m200 [0m3.741 ms - 11[0m
[0mGET / [32m200 [0m5.127 ms - 11[0m
[0mGET / [32m200 [0m2.132 ms - 11[0m
[0mGET / [32m200 [0m9.327 ms - 11[0m
[0mGET / [32m200 [0m0.614 ms - 11[0m
[0mGET / [32m200 [0m8.590 ms - 11[0m
[0mGET / [32m200 [0m6.859 ms - 11[0m
[0mGET / [32m200 [0m5.690 ms - 11[0m
[0mGET / [32m200 [0m8.909 ms - 11[0m
[0mGET / [32m200 [0m2.664 ms - 11[0m
[0mGET / [32m200 [0m2.177 ms - 11[0m
[0mGET / [32m200 [0m0.496 ms - 11[0m
[0mGET / [32m200 [0m2.849 ms - 11[0m
[0mGET / [32m200 [0m6.684 ms - 11[0m
[0mGET / [32m200 [0m1.004 ms - 11[0m
[0mGET / [32m200 [0m10.335 ms - 11[0m
[0mGET / [32m200 [0m8.394 ms - 11[0m
[0mGET / [32m200 [0m6.679 ms - 11[0m
[0mGET / [32m200 [0m1.370 ms - 11[0m
[0mGET / [32m200 [0m7.243 ms - 11[0m
[0mGET / [32m200 [0m1.243 ms - 11[0m
[0mGET / [32m200 [0m12.363 ms - 11[0m
[0mGET / [32m200 [0m1.030 ms - 11[0m
[0mGET / [32m200 [0m2.485 ms - 11[0m
[0mGET / [32m200 [0m2.184 ms - 11[0m
[0mGET / [32m200 [0m6.195 ms - 11[0m
[0mGET / [32m200 [0m0.286 ms - 11[0m
[0mGET / [32m200 [0m1.758 ms - 11[0m
[0mGET / [32m200 [0m3.740 ms - 11[0m
[0mGET / [32m200 [0m4.112 ms - 11[0m
[0mGET / [32m200 [0m6.814 ms - 11[0m
[0mGET / [32m200 [0m1.195 ms - 11[0m
[0mGET / [32m200 [0m4.999 ms - 11[0m
[0mGET / [32m200 [0m7.889 ms - 11[0m
[0mGET / [32m200 [0m8.714 ms - 11[0m
[0mGET / [32m200 [0m4.002 ms - 11[0m
[0mGET / [32m200 [0m1.575 ms - 11[0m
[0mGET / [32m200 [0m7.309 ms - 11[0m
[0mGET / [32m200 [0m7.816 ms - 11[0m
[0mGET / [32m200 [0m1.351 ms - 11[0m
[0mGET / [32m200 [0m4.461 ms - 11[0m
[0mGET / [32m200 [0m2.187 ms - 11[0m
[0mGET / [32m200 [0m9.626 ms - 11[0m
[0mGET / [32m200 [0m2.413 ms - 11[0m
[0mGET / [32m200 [0m0.979 ms - 11[0m
[0mGET / [32m200 [0m3.106 ms - 11[0m
[0mGET / [32m200 [0m9.187 ms - 11[0m
[0mGET / [32m200 [0m9.960 ms - 11[0m
[0mGET / [32m200 [0m2.805 ms - 11[0m
[0mGET / [32m200 [0m3.445 ms - 11[0m
[0mGET / [32m200 [0m1.457 ms - 11[0m
[0mGET / [32m200 [0m2.694 ms - 11[0m
[0mGET / [32m200 [0m3.004 ms - 11[0m
[0mGET / [32m200 [0m3.697 ms - 11[0m
[0mGET / [32m200 [0m1.615 ms - 11[0m
[0mGET / [32m200 [0m0.648 ms - 11[0m
[0mGET / [32m200 [0m0.471 ms - 11[0m
[0mGET / [32m200 [0m1.528 ms - 11[0m
[0mGET / [32m200 [0m1.315 ms - 11[0m
[0mGET / [32m200 [0m4.200 ms - 11[0m
[0mGET / [32m200 [0m1.730 ms - 11[0m
[0mGET / [32m200 [0m0.990 ms - 11[0m
[0mGET / [32m200 [0m0.866 ms - 11[0m
[0mGET / [32m200 [0m10.022 ms - 11[0m
[0mGET / [32m200 [0m6.955 ms - 11[0m
[0mGET / [32m200 [0m6.889 ms - 11[0m
[0mGET / [32m200 [0m4.561 ms - 11[0m
[0mGET / [32m200 [0m4.951 ms - 11[0m
[0mGET / [32m200 [0m1.762 ms - 11[0m
[0mGET / [32m200 [0m2.550 ms - 11[0m
[0mGET / [32m200 [0m3.439 ms - 11[0m
[0mGET / [32m200 [0m3.488 ms - 11[0m
[0mGET / [32m200 [0m1.313 ms - 11[0m
[0mGET / [32m200 [0m1.896 ms - 11[0m
[0mGET / [32m200 [0m1.098 ms - 11[0m
[0mGET / [32m200 [0m4.702 ms - 11[0m
[0mGET / [32m200 [0m2.646 ms - 11[0m
[0mGET / [32m200 [0m6.146 ms - 11[0m
[0mGET / [32m200 [0m6.772 ms - 11[0m
[0mGET / [32m200 [0m16.205 ms - 11[0m
[0mGET / [32m200 [0m0.868 ms - 11[0m
[0mGET / [32m200 [0m2.241 ms - 11[0m
[0mGET / [32m200 [0m4.798 ms - 11[0m
[0mGET / [32m200 [0m2.892 ms - 11[0m
[0mGET / [32m200 [0m0.911 ms - 11[0m
[0mGET / [32m200 [0m0.736 ms - 11[0m
[0mGET / [32m200 [0m13.394 ms - 11[0m
[0mGET / [32m200 [0m1.610 ms - 11[0m
[0mGET / [32m200 [0m0.672 ms - 11[0m
[0mGET / [32m200 [0m9.076 ms - 11[0m
[0mGET / [32m200 [0m10.196 ms - 11[0m
[0mGET / [32m200 [0m12.240 ms - 11[0m
[0mGET / [32m200 [0m0.519 ms - 11[0m
[0mGET / [32m200 [0m3.789 ms - 11[0m
[0mGET / [32m200 [0m3.084 ms - 11[0m
[0mGET / [32m200 [0m3.280 ms - 11[0m
[0mGET / [32m200 [0m0.321 ms - 11[0m
[0mGET / [32m200 [0m0.698 ms - 11[0m
[0mGET / [32m200 [0m2.613 ms - 11[0m
[0mGET / [32m200 [0m0.352 ms - 11[0m
[0mGET / [32m200 [0m1.262 ms - 11[0m
[0mGET / [32m200 [0m4.124 ms - 11[0m
[0mGET / [32m200 [0m12.114 ms - 11[0m
[0mGET / [32m200 [0m1.898 ms - 11[0m
[0mGET / [32m200 [0m0.318 ms - 11[0m
[0mGET / [32m200 [0m0.643 ms - 11[0m
[0mGET / [32m200 [0m5.361 ms - 11[0m
[0mGET / [32m200 [0m0.450 ms - 11[0m
[0mGET / [32m200 [0m0.686 ms - 11[0m
[0mGET / [32m200 [0m0.503 ms - 11[0m
[0mGET / [32m200 [0m0.741 ms - 11[0m
[0mGET / [32m200 [0m2.956 ms - 11[0m
[0mGET / [32m200 [0m0.400 ms - 11[0m
[0mGET / [32m200 [0m0.716 ms - 11[0m
[0mGET / [32m200 [0m10.148 ms - 11[0m
[0mGET / [32m200 [0m10.502 ms - 11[0m
[0mGET / [32m200 [0m0.579 ms - 11[0m
[0mGET / [32m200 [0m1.059 ms - 11[0m
[0mGET / [32m200 [0m1.313 ms - 11[0m
[0mGET / [32m200 [0m9.520 ms - 11[0m
[0mGET / [32m200 [0m6.502 ms - 11[0m
[0mGET / [32m200 [0m0.686 ms - 11[0m
[0mGET / [32m200 [0m0.903 ms - 11[0m
[0mGET / [32m200 [0m2.976 ms - 11[0m
[0mGET / [32m200 [0m1.631 ms - 11[0m
[0mGET / [32m200 [0m13.207 ms - 11[0m
[0mGET / [32m200 [0m13.880 ms - 11[0m
[0mGET / [32m200 [0m12.233 ms - 11[0m
[0mGET / [32m200 [0m8.894 ms - 11[0m
[0mGET / [32m200 [0m0.573 ms - 11[0m
[0mGET / [32m200 [0m2.409 ms - 11[0m
[0mGET / [32m200 [0m9.281 ms - 11[0m
[0mGET / [32m200 [0m2.976 ms - 11[0m
[0mGET / [32m200 [0m1.945 ms - 11[0m
[0mGET / [32m200 [0m0.845 ms - 11[0m
[0mGET / [32m200 [0m9.656 ms - 11[0m
[0mGET / [32m200 [0m0.329 ms - 11[0m
[0mGET / [32m200 [0m1.416 ms - 11[0m
[0mGET / [32m200 [0m3.525 ms - 11[0m
[0mGET / [32m200 [0m85.917 ms - 11[0m
[0mGET / [32m200 [0m1.985 ms - 11[0m
[0mGET / [32m200 [0m10.212 ms - 11[0m
[0mGET / [32m200 [0m0.996 ms - 11[0m
[0mGET / [32m200 [0m20.590 ms - 11[0m
[0mGET / [32m200 [0m4.463 ms - 11[0m
[0mGET / [32m200 [0m1.148 ms - 11[0m
[0mGET / [32m200 [0m8.801 ms - 11[0m
[0mGET / [32m200 [0m6.562 ms - 11[0m
[0mGET / [32m200 [0m3.208 ms - 11[0m
[0mGET / [32m200 [0m12.792 ms - 11[0m
[0mGET / [32m200 [0m0.838 ms - 11[0m
[0mGET / [32m200 [0m4.421 ms - 11[0m
[0mGET / [32m200 [0m2.897 ms - 11[0m
[0mGET / [32m200 [0m2.963 ms - 11[0m
[0mGET / [32m200 [0m4.169 ms - 11[0m
[0mGET / [32m200 [0m3.769 ms - 11[0m
[0mGET / [32m200 [0m12.036 ms - 11[0m
[0mGET / [32m200 [0m1.778 ms - 11[0m
[0mGET / [32m200 [0m6.398 ms - 11[0m
[0mGET / [32m200 [0m1.770 ms - 11[0m
[0mGET / [32m200 [0m0.423 ms - 11[0m
[0mGET / [32m200 [0m3.696 ms - 11[0m
[0mGET / [32m200 [0m0.291 ms - 11[0m
[0mGET / [32m200 [0m4.485 ms - 11[0m
[0mGET / [32m200 [0m0.609 ms - 11[0m
[0mGET / [32m200 [0m0.576 ms - 11[0m
[0mGET / [32m200 [0m9.028 ms - 11[0m
[0mGET / [32m200 [0m11.651 ms - 11[0m
[0mGET / [32m200 [0m0.817 ms - 11[0m
[0mGET / [32m200 [0m14.246 ms - 11[0m
[0mGET / [32m200 [0m9.687 ms - 11[0m
[0mGET / [32m200 [0m5.835 ms - 11[0m
[0mGET / [32m200 [0m11.056 ms - 11[0m
[0mGET / [32m200 [0m2.462 ms - 11[0m
[0mGET / [32m200 [0m0.356 ms - 11[0m
[0mGET / [32m200 [0m3.195 ms - 11[0m
[0mGET / [32m200 [0m4.664 ms - 11[0m
[0mGET / [32m200 [0m12.971 ms - 11[0m
[0mGET / [32m200 [0m9.304 ms - 11[0m
[0mGET / [32m200 [0m6.744 ms - 11[0m
[0mGET / [32m200 [0m0.335 ms - 11[0m
[0mGET / [32m200 [0m7.884 ms - 11[0m
[0mGET / [32m200 [0m0.969 ms - 11[0m
[0mGET / [32m200 [0m0.695 ms - 11[0m
[0mGET / [32m200 [0m0.843 ms - 11[0m
[0mGET / [32m200 [0m10.518 ms - 11[0m
[0mGET / [32m200 [0m10.952 ms - 11[0m
[0mGET / [32m200 [0m10.793 ms - 11[0m
[0mGET / [32m200 [0m0.339 ms - 11[0m
[0mGET / [32m200 [0m13.410 ms - 11[0m
[0mGET / [32m200 [0m13.463 ms - 11[0m
[0mGET / [32m200 [0m4.812 ms - 11[0m
[0mGET / [32m200 [0m0.396 ms - 11[0m
[0mGET / [32m200 [0m5.365 ms - 11[0m
[0mGET / [32m200 [0m10.771 ms - 11[0m
[0mGET / [32m200 [0m10.310 ms - 11[0m
[0mGET / [32m200 [0m1.046 ms - 11[0m
[0mGET / [32m200 [0m13.715 ms - 11[0m
[0mGET / [32m200 [0m8.946 ms - 11[0m
[0mGET / [32m200 [0m11.968 ms - 11[0m
[0mGET / [32m200 [0m7.993 ms - 11[0m
[0mGET / [32m200 [0m1.881 ms - 11[0m
[0mGET / [32m200 [0m0.515 ms - 11[0m
[0mGET / [32m200 [0m9.147 ms - 11[0m
[0mGET / [32m200 [0m0.852 ms - 11[0m
[0mGET / [32m200 [0m10.608 ms - 11[0m
[0mGET / [32m200 [0m10.778 ms - 11[0m
[0mGET / [32m200 [0m6.883 ms - 11[0m
[0mGET / [32m200 [0m14.456 ms - 11[0m
[0mGET / [32m200 [0m3.320 ms - 11[0m
[0mGET / [32m200 [0m7.970 ms - 11[0m
[0mGET / [32m200 [0m14.422 ms - 11[0m
[0mGET / [32m200 [0m0.341 ms - 11[0m
[0mGET / [32m200 [0m1.396 ms - 11[0m
[0mGET / [32m200 [0m4.056 ms - 11[0m
[0mGET / [32m200 [0m11.181 ms - 11[0m
[0mGET / [32m200 [0m7.525 ms - 11[0m
[0mGET / [32m200 [0m12.015 ms - 11[0m
[0mGET / [32m200 [0m0.809 ms - 11[0m
[0mGET / [32m200 [0m3.796 ms - 11[0m
[0mGET / [32m200 [0m0.280 ms - 11[0m
[0mGET / [32m200 [0m1.124 ms - 11[0m
[0mGET / [32m200 [0m0.366 ms - 11[0m
[0mGET / [32m200 [0m1.288 ms - 11[0m
[0mGET / [32m200 [0m0.458 ms - 11[0m
[0mGET / [32m200 [0m8.354 ms - 11[0m
[0mGET / [32m200 [0m0.839 ms - 11[0m
[0mGET / [32m200 [0m2.659 ms - 11[0m
[0mGET / [32m200 [0m0.745 ms - 11[0m
[0mGET / [32m200 [0m13.092 ms - 11[0m
[0mGET / [32m200 [0m13.289 ms - 11[0m
[0mGET / [32m200 [0m7.591 ms - 11[0m
[0mGET / [32m200 [0m3.002 ms - 11[0m
[0mGET / [32m200 [0m13.686 ms - 11[0m
[0mGET / [32m200 [0m1.156 ms - 11[0m
[0mGET / [32m200 [0m8.241 ms - 11[0m
[0mGET / [32m200 [0m4.108 ms - 11[0m
[0mGET / [32m200 [0m4.860 ms - 11[0m
[0mGET / [32m200 [0m11.900 ms - 11[0m
[0mGET / [32m200 [0m1.449 ms - 11[0m
[0mGET / [32m200 [0m0.697 ms - 11[0m
[0mGET / [32m200 [0m14.364 ms - 11[0m
[0mGET / [32m200 [0m1.415 ms - 11[0m
[0mGET / [32m200 [0m3.489 ms - 11[0m
[0mGET / [32m200 [0m0.383 ms - 11[0m
[0mGET / [32m200 [0m0.824 ms - 11[0m
[0mGET / [32m200 [0m3.248 ms - 11[0m
[0mGET / [32m200 [0m0.890 ms - 11[0m
[0mGET / [32m200 [0m9.549 ms - 11[0m
[0mGET / [32m200 [0m4.293 ms - 11[0m
[0mGET / [32m200 [0m15.915 ms - 11[0m
[0mGET / [32m200 [0m1.283 ms - 11[0m
[0mGET / [32m200 [0m0.655 ms - 11[0m
[0mGET / [32m200 [0m3.467 ms - 11[0m
[0mGET / [32m200 [0m6.347 ms - 11[0m
[0mGET / [32m200 [0m0.386 ms - 11[0m
[0mGET / [32m200 [0m0.492 ms - 11[0m
[0mGET / [32m200 [0m15.095 ms - 11[0m
[0mGET / [32m200 [0m15.184 ms - 11[0m
[0mGET / [32m200 [0m0.950 ms - 11[0m
[0mGET / [32m200 [0m0.356 ms - 11[0m
[0mGET / [32m200 [0m14.122 ms - 11[0m
[0mGET / [32m200 [0m14.380 ms - 11[0m
[0mGET / [32m200 [0m1.330 ms - 11[0m
[0mGET / [32m200 [0m0.412 ms - 11[0m
[0mGET / [32m200 [0m4.016 ms - 11[0m
[0mGET / [32m200 [0m2.559 ms - 11[0m
[0mGET / [32m200 [0m5.157 ms - 11[0m
[0mGET / [32m200 [0m0.296 ms - 11[0m
[0mGET / [32m200 [0m4.287 ms - 11[0m
[0mGET / [32m200 [0m0.440 ms - 11[0m
[0mGET / [32m200 [0m0.414 ms - 11[0m
[0mGET / [32m200 [0m0.389 ms - 11[0m
[0mGET / [32m200 [0m1.285 ms - 11[0m
[0mGET / [32m200 [0m2.641 ms - 11[0m
[0mGET / [32m200 [0m10.793 ms - 11[0m
[0mGET / [32m200 [0m0.839 ms - 11[0m
[0mGET / [32m200 [0m1.525 ms - 11[0m
[0mGET / [32m200 [0m4.623 ms - 11[0m
[0mGET / [32m200 [0m2.658 ms - 11[0m
[0mGET / [32m200 [0m0.484 ms - 11[0m
[0mGET / [32m200 [0m19.741 ms - 11[0m
[0mGET / [32m200 [0m12.013 ms - 11[0m
[0mGET / [32m200 [0m1.483 ms - 11[0m
[0mGET / [32m200 [0m4.980 ms - 11[0m
[0mGET / [32m200 [0m6.347 ms - 11[0m
[0mGET / [32m200 [0m6.606 ms - 11[0m
[0mGET / [32m200 [0m0.490 ms - 11[0m
[0mGET / [32m200 [0m0.449 ms - 11[0m
[0mGET / [32m200 [0m13.212 ms - 11[0m
[0mGET / [32m200 [0m7.809 ms - 11[0m
[0mGET / [32m200 [0m1.679 ms - 11[0m
[0mGET / [32m200 [0m0.284 ms - 11[0m
[0mGET / [32m200 [0m3.438 ms - 11[0m
[0mGET / [32m200 [0m0.294 ms - 11[0m
[0mGET / [32m200 [0m0.475 ms - 11[0m
[0mGET / [32m200 [0m3.096 ms - 11[0m
[0mGET / [32m200 [0m2.147 ms - 11[0m
[0mGET / [32m200 [0m0.523 ms - 11[0m
[0mGET / [32m200 [0m2.659 ms - 11[0m
[0mGET / [32m200 [0m6.615 ms - 11[0m
[0mGET / [32m200 [0m10.770 ms - 11[0m
[0mGET / [32m200 [0m11.027 ms - 11[0m
[0mGET / [32m200 [0m0.417 ms - 11[0m
[0mGET / [32m200 [0m0.389 ms - 11[0m
[0mGET / [32m200 [0m13.851 ms - 11[0m
[0mGET / [32m200 [0m14.203 ms - 11[0m
[0mGET / [32m200 [0m1.528 ms - 11[0m
[0mGET / [32m200 [0m2.022 ms - 11[0m
[0mGET / [32m200 [0m10.702 ms - 11[0m
[0mGET / [32m200 [0m11.260 ms - 11[0m
[0mGET / [32m200 [0m1.449 ms - 11[0m
[0mGET / [32m200 [0m2.248 ms - 11[0m
[0mGET / [32m200 [0m4.632 ms - 11[0m
[0mGET / [32m200 [0m4.891 ms - 11[0m
[0mGET / [32m200 [0m1.962 ms - 11[0m
[0mGET / [32m200 [0m0.258 ms - 11[0m
[0mGET / [32m200 [0m9.997 ms - 11[0m
[0mGET / [32m200 [0m10.226 ms - 11[0m
[0mGET / [32m200 [0m3.985 ms - 11[0m
[0mGET / [32m200 [0m0.639 ms - 11[0m
[0mGET / [32m200 [0m6.097 ms - 11[0m
[0mGET / [32m200 [0m17.762 ms - 11[0m
[0mGET / [32m200 [0m1.271 ms - 11[0m
[0mGET / [32m200 [0m5.570 ms - 11[0m
[0mGET / [32m200 [0m15.078 ms - 11[0m
[0mGET / [32m200 [0m6.765 ms - 11[0m
[0mGET / [32m200 [0m2.418 ms - 11[0m
[0mGET / [32m200 [0m1.880 ms - 11[0m
[0mGET / [32m200 [0m0.921 ms - 11[0m
[0mGET / [32m200 [0m5.092 ms - 11[0m
[0mGET / [32m200 [0m6.816 ms - 11[0m
[0mGET / [32m200 [0m12.739 ms - 11[0m
[0mGET / [32m200 [0m8.511 ms - 11[0m
[0mGET / [32m200 [0m9.131 ms - 11[0m
[0mGET / [32m200 [0m0.933 ms - 11[0m
[0mGET / [32m200 [0m8.001 ms - 11[0m
[0mGET / [32m200 [0m2.423 ms - 11[0m
[0mGET / [32m200 [0m0.675 ms - 11[0m
[0mGET / [32m200 [0m7.448 ms - 11[0m
[0mGET / [32m200 [0m0.404 ms - 11[0m
[0mGET / [32m200 [0m12.101 ms - 11[0m
[0mGET / [32m200 [0m12.551 ms - 11[0m
[0mGET / [32m200 [0m0.931 ms - 11[0m
[0mGET / [32m200 [0m0.378 ms - 11[0m
[0mGET / [32m200 [0m10.541 ms - 11[0m
[0mGET / [32m200 [0m0.956 ms - 11[0m
[0mGET / [32m200 [0m0.350 ms - 11[0m
[0mGET / [32m200 [0m4.651 ms - 11[0m
[0mGET / [32m200 [0m4.840 ms - 11[0m
[0mGET / [32m200 [0m0.935 ms - 11[0m
[0mGET / [32m200 [0m2.357 ms - 11[0m
[0mGET / [32m200 [0m0.891 ms - 11[0m
[0mGET / [32m200 [0m11.672 ms - 11[0m
[0mGET / [32m200 [0m11.897 ms - 11[0m
[0mGET / [32m200 [0m0.371 ms - 11[0m
[0mGET / [32m200 [0m0.755 ms - 11[0m
[0mGET / [32m200 [0m0.376 ms - 11[0m
[0mGET / [32m200 [0m1.406 ms - 11[0m
[0mGET / [32m200 [0m6.473 ms - 11[0m
[0mGET / [32m200 [0m0.433 ms - 11[0m
[0mGET / [32m200 [0m14.623 ms - 11[0m
[0mGET / [32m200 [0m11.816 ms - 11[0m
[0mGET / [32m200 [0m0.926 ms - 11[0m
[0mGET / [32m200 [0m0.393 ms - 11[0m
[0mGET / [32m200 [0m3.804 ms - 11[0m
[0mGET / [32m200 [0m0.796 ms - 11[0m
[0mGET / [32m200 [0m11.506 ms - 11[0m
[0mGET / [32m200 [0m1.155 ms - 11[0m
[0mGET / [32m200 [0m1.567 ms - 11[0m
[0mGET / [32m200 [0m9.644 ms - 11[0m
[0mGET / [32m200 [0m1.080 ms - 11[0m
[0mGET / [32m200 [0m1.377 ms - 11[0m
[0mGET / [32m200 [0m12.447 ms - 11[0m
[0mGET / [32m200 [0m8.658 ms - 11[0m
[0mGET / [32m200 [0m1.423 ms - 11[0m
[0mGET / [32m200 [0m1.465 ms - 11[0m
[0mGET / [32m200 [0m2.842 ms - 11[0m
[0mGET / [32m200 [0m0.356 ms - 11[0m
[0mGET / [32m200 [0m1.483 ms - 11[0m
[0mGET / [32m200 [0m1.782 ms - 11[0m
[0mGET / [32m200 [0m11.216 ms - 11[0m
[0mGET / [32m200 [0m7.574 ms - 11[0m
[0mGET / [32m200 [0m0.848 ms - 11[0m
[0mGET / [32m200 [0m0.336 ms - 11[0m
[0mGET / [32m200 [0m2.523 ms - 11[0m
[0mGET / [32m200 [0m3.576 ms - 11[0m
[0mGET / [32m200 [0m3.217 ms - 11[0m
[0mGET / [32m200 [0m1.207 ms - 11[0m
[0mGET / [32m200 [0m12.258 ms - 11[0m
[0mGET / [32m200 [0m0.845 ms - 11[0m
[0mGET / [32m200 [0m2.347 ms - 11[0m
[0mGET / [32m200 [0m1.707 ms - 11[0m
[0mGET / [32m200 [0m11.951 ms - 11[0m
[0mGET / [32m200 [0m12.028 ms - 11[0m
[0mGET / [32m200 [0m5.198 ms - 11[0m
[0mGET / [32m200 [0m0.796 ms - 11[0m
[0mGET / [32m200 [0m2.603 ms - 11[0m
[0mGET / [32m200 [0m0.529 ms - 11[0m
[0mGET / [32m200 [0m1.242 ms - 11[0m
[0mGET / [32m200 [0m1.148 ms - 11[0m
[0mGET / [32m200 [0m17.708 ms - 11[0m
[0mGET / [32m200 [0m17.465 ms - 11[0m
[0mGET / [32m200 [0m2.493 ms - 11[0m
[0mGET / [32m200 [0m2.382 ms - 11[0m
[0mGET / [32m200 [0m3.188 ms - 11[0m
[0mGET / [32m200 [0m14.600 ms - 11[0m
[0mGET / [32m200 [0m2.785 ms - 11[0m
[0mGET / [32m200 [0m2.316 ms - 11[0m
[0mGET / [32m200 [0m1.472 ms - 11[0m
[0mGET / [32m200 [0m0.387 ms - 11[0m
[0mGET / [32m200 [0m4.442 ms - 11[0m
[0mGET / [32m200 [0m3.766 ms - 11[0m
[0mGET / [32m200 [0m2.003 ms - 11[0m
[0mGET / [32m200 [0m0.356 ms - 11[0m
[0mGET / [32m200 [0m0.412 ms - 11[0m
[0mGET / [32m200 [0m2.227 ms - 11[0m
[0mGET / [32m200 [0m6.639 ms - 11[0m
[0mGET / [32m200 [0m5.981 ms - 11[0m
[0mGET / [32m200 [0m2.957 ms - 11[0m
[0mGET / [32m200 [0m1.887 ms - 11[0m
[0mGET / [32m200 [0m12.534 ms - 11[0m
[0mGET / [32m200 [0m12.689 ms - 11[0m
[0mGET / [32m200 [0m1.452 ms - 11[0m
[0mGET / [32m200 [0m1.026 ms - 11[0m
[0mGET / [32m200 [0m10.861 ms - 11[0m
[0mGET / [32m200 [0m0.808 ms - 11[0m
[0mGET / [32m200 [0m0.446 ms - 11[0m
[0mGET / [32m200 [0m2.679 ms - 11[0m
[0mGET / [32m200 [0m13.574 ms - 11[0m
[0mGET / [32m200 [0m15.227 ms - 11[0m
[0mGET / [32m200 [0m3.682 ms - 11[0m
[0mGET / [32m200 [0m2.794 ms - 11[0m
[0mGET / [32m200 [0m4.509 ms - 11[0m
[0mGET / [32m200 [0m8.285 ms - 11[0m
[0mGET / [32m200 [0m1.643 ms - 11[0m
[0mGET / [32m200 [0m0.899 ms - 11[0m
[0mGET / [32m200 [0m9.531 ms - 11[0m
[0mGET / [32m200 [0m0.937 ms - 11[0m
[0mGET / [32m200 [0m1.998 ms - 11[0m
[0mGET / [32m200 [0m2.271 ms - 11[0m
[0mGET / [32m200 [0m3.986 ms - 11[0m
[0mGET / [32m200 [0m1.745 ms - 11[0m
[0mGET / [32m200 [0m2.709 ms - 11[0m
[0mGET / [32m200 [0m2.285 ms - 11[0m
[0mGET / [32m200 [0m1.581 ms - 11[0m
[0mGET / [32m200 [0m1.351 ms - 11[0m
[0mGET / [32m200 [0m1.938 ms - 11[0m
[0mGET / [32m200 [0m2.252 ms - 11[0m
[0mGET / [32m200 [0m1.607 ms - 11[0m
[0mGET / [32m200 [0m1.468 ms - 11[0m
[0mGET / [32m200 [0m1.040 ms - 11[0m
[0mGET / [32m200 [0m2.812 ms - 11[0m
[0mGET / [32m200 [0m16.238 ms - 11[0m
[0mGET / [32m200 [0m16.499 ms - 11[0m
[0mGET / [32m200 [0m2.402 ms - 11[0m
[0mGET / [32m200 [0m1.943 ms - 11[0m
[0mGET / [32m200 [0m8.358 ms - 11[0m
[0mGET / [32m200 [0m9.019 ms - 11[0m
[0mGET / [32m200 [0m0.386 ms - 11[0m
[0mGET / [32m200 [0m0.488 ms - 11[0m
[0mGET / [32m200 [0m13.569 ms - 11[0m
[0mGET / [32m200 [0m13.944 ms - 11[0m
[0mGET / [32m200 [0m0.803 ms - 11[0m
[0mGET / [32m200 [0m0.352 ms - 11[0m
[0mGET / [32m200 [0m10.775 ms - 11[0m
[0mGET / [32m200 [0m11.483 ms - 11[0m
[0mGET / [32m200 [0m0.369 ms - 11[0m
[0mGET / [32m200 [0m0.522 ms - 11[0m
[0mGET / [32m200 [0m1.379 ms - 11[0m
[0mGET / [32m200 [0m3.902 ms - 11[0m
[0mGET / [32m200 [0m1.075 ms - 11[0m
[0mGET / [32m200 [0m0.804 ms - 11[0m
[0mGET / [32m200 [0m11.250 ms - 11[0m
[0mGET / [32m200 [0m8.860 ms - 11[0m
[0mGET / [32m200 [0m3.574 ms - 11[0m
[0mGET / [32m200 [0m2.720 ms - 11[0m
[0mGET / [32m200 [0m11.548 ms - 11[0m
[0mGET / [32m200 [0m11.757 ms - 11[0m
[0mGET / [32m200 [0m1.772 ms - 11[0m
[0mGET / [32m200 [0m2.246 ms - 11[0m
[0mGET / [32m200 [0m11.044 ms - 11[0m
[0mGET / [32m200 [0m7.531 ms - 11[0m
[0mGET / [32m200 [0m0.396 ms - 11[0m
[0mGET / [32m200 [0m0.408 ms - 11[0m
[0mGET / [32m200 [0m1.541 ms - 11[0m
[0mGET / [32m200 [0m0.786 ms - 11[0m
[0mGET / [32m200 [0m3.046 ms - 11[0m
[0mGET / [32m200 [0m2.328 ms - 11[0m
[0mGET / [32m200 [0m2.493 ms - 11[0m
[0mGET / [32m200 [0m1.342 ms - 11[0m
[0mGET / [32m200 [0m0.686 ms - 11[0m
[0mGET / [32m200 [0m2.472 ms - 11[0m
[0mGET / [32m200 [0m1.883 ms - 11[0m
[0mGET / [32m200 [0m1.257 ms - 11[0m
[0mGET / [32m200 [0m4.263 ms - 11[0m
[0mGET / [32m200 [0m0.600 ms - 11[0m
[0mGET / [32m200 [0m3.533 ms - 11[0m
[0mGET / [32m200 [0m0.661 ms - 11[0m
[0mGET / [32m200 [0m2.439 ms - 11[0m
[0mGET / [32m200 [0m0.412 ms - 11[0m
[0mGET / [32m200 [0m1.347 ms - 11[0m
[0mGET / [32m200 [0m6.062 ms - 11[0m
[0mGET / [32m200 [0m4.038 ms - 11[0m
[0mGET / [32m200 [0m5.652 ms - 11[0m
[0mGET / [32m200 [0m5.489 ms - 11[0m
[0mGET / [32m200 [0m0.559 ms - 11[0m
[0mGET / [32m200 [0m3.213 ms - 11[0m
[0mGET / [32m200 [0m0.371 ms - 11[0m
[0mGET / [32m200 [0m6.961 ms - 11[0m
[0mGET / [32m200 [0m7.552 ms - 11[0m
[0mGET / [32m200 [0m7.814 ms - 11[0m
[0mGET / [32m200 [0m1.069 ms - 11[0m
[0mGET / [32m200 [0m1.575 ms - 11[0m
[0mGET / [32m200 [0m2.626 ms - 11[0m
[0mGET / [32m200 [0m3.288 ms - 11[0m
[0mGET / [32m200 [0m6.558 ms - 11[0m
[0mGET / [32m200 [0m8.780 ms - 11[0m
[0mGET / [32m200 [0m8.778 ms - 11[0m
[0mGET / [32m200 [0m3.585 ms - 11[0m
[0mGET / [32m200 [0m11.160 ms - 11[0m
[0mGET / [32m200 [0m9.253 ms - 11[0m
[0mGET / [32m200 [0m1.018 ms - 11[0m
[0mGET / [32m200 [0m3.629 ms - 11[0m
[0mGET / [32m200 [0m0.562 ms - 11[0m
[0mGET / [32m200 [0m5.866 ms - 11[0m
[0mGET / [32m200 [0m0.345 ms - 11[0m
[0mGET / [32m200 [0m5.365 ms - 11[0m
[0mGET / [32m200 [0m9.494 ms - 11[0m
[0mGET / [32m200 [0m4.888 ms - 11[0m
[0mGET / [32m200 [0m1.045 ms - 11[0m
[0mGET / [32m200 [0m3.442 ms - 11[0m
[0mGET / [32m200 [0m0.931 ms - 11[0m
[0mGET / [32m200 [0m6.502 ms - 11[0m
[0mGET / [32m200 [0m0.833 ms - 11[0m
[0mGET / [32m200 [0m1.128 ms - 11[0m
[0mGET / [32m200 [0m13.078 ms - 11[0m
[0mGET / [32m200 [0m1.453 ms - 11[0m
[0mGET / [32m200 [0m0.412 ms - 11[0m
[0mGET / [32m200 [0m2.175 ms - 11[0m
[0mGET / [32m200 [0m0.396 ms - 11[0m
[0mGET / [32m200 [0m14.395 ms - 11[0m
[0mGET / [32m200 [0m10.290 ms - 11[0m
[0mGET / [32m200 [0m4.854 ms - 11[0m
[0mGET / [32m200 [0m0.272 ms - 11[0m
[0mGET / [32m200 [0m1.626 ms - 11[0m
[0mGET / [32m200 [0m2.884 ms - 11[0m
[0mGET / [32m200 [0m1.746 ms - 11[0m
[0mGET / [32m200 [0m4.328 ms - 11[0m
[0mGET / [32m200 [0m3.199 ms - 11[0m
[0mGET / [32m200 [0m1.077 ms - 11[0m
[0mGET / [32m200 [0m5.020 ms - 11[0m
[0mGET / [32m200 [0m9.458 ms - 11[0m
[0mGET / [32m200 [0m8.349 ms - 11[0m
[0mGET / [32m200 [0m6.269 ms - 11[0m
[0mGET / [32m200 [0m2.251 ms - 11[0m
[0mGET / [32m200 [0m0.359 ms - 11[0m
login matched
[0mPOST /authorize/ [32m200 [0m106.213 ms - 164[0m
[0mGET / [32m200 [0m2.743 ms - 11[0m
[0mGET / [32m200 [0m11.062 ms - 11[0m
[0mGET / [32m200 [0m2.123 ms - 11[0m
[0mGET / [32m200 [0m2.674 ms - 11[0m
[0mGET / [32m200 [0m1.697 ms - 11[0m
[0mGET / [32m200 [0m14.588 ms - 11[0m
[0mGET / [32m200 [0m13.185 ms - 11[0m
[0mGET / [32m200 [0m0.315 ms - 11[0m
[0mGET / [32m200 [0m10.840 ms - 11[0m
[0mGET / [32m200 [0m6.855 ms - 11[0m
[0mGET / [32m200 [0m13.625 ms - 11[0m
[0mGET / [32m200 [0m0.333 ms - 11[0m
[0mGET / [32m200 [0m1.530 ms - 11[0m
[0mGET / [32m200 [0m0.430 ms - 11[0m
[0mGET / [32m200 [0m5.850 ms - 11[0m
[0mGET / [32m200 [0m9.393 ms - 11[0m
[0mGET / [32m200 [0m8.431 ms - 11[0m
[0mGET / [32m200 [0m12.404 ms - 11[0m
[0mGET / [32m200 [0m3.258 ms - 11[0m
[0mGET / [32m200 [0m8.147 ms - 11[0m
[0mGET / [32m200 [0m2.044 ms - 11[0m
[0mGET / [32m200 [0m10.167 ms - 11[0m
[0mGET / [32m200 [0m17.386 ms - 11[0m
[0mGET / [32m200 [0m11.760 ms - 11[0m
[0mGET / [32m200 [0m18.406 ms - 11[0m
[0mGET / [32m200 [0m0.344 ms - 11[0m
[0mGET / [32m200 [0m7.989 ms - 11[0m
[0mGET / [32m200 [0m6.609 ms - 11[0m
[0mGET / [32m200 [0m14.518 ms - 11[0m
[0mGET / [32m200 [0m0.857 ms - 11[0m
[0mGET / [32m200 [0m12.060 ms - 11[0m
[0mGET / [32m200 [0m8.925 ms - 11[0m
[0mGET / [32m200 [0m9.458 ms - 11[0m
[0mGET / [32m200 [0m4.091 ms - 11[0m
[0mGET / [32m200 [0m8.979 ms - 11[0m
[0mGET / [32m200 [0m7.631 ms - 11[0m
[0mGET / [32m200 [0m1.979 ms - 11[0m
[0mGET / [32m200 [0m1.354 ms - 11[0m
[0mGET / [32m200 [0m1.406 ms - 11[0m
[0mGET / [32m200 [0m3.513 ms - 11[0m
[0mGET / [32m200 [0m12.563 ms - 11[0m
[0mGET / [32m200 [0m16.016 ms - 11[0m
[0mGET / [32m200 [0m5.364 ms - 11[0m
[0mGET / [32m200 [0m0.313 ms - 11[0m
[0mGET / [32m200 [0m1.241 ms - 11[0m
[0mGET / [32m200 [0m2.399 ms - 11[0m
[0mGET / [32m200 [0m3.566 ms - 11[0m
[0mGET / [32m200 [0m0.491 ms - 11[0m
[0mGET / [32m200 [0m16.948 ms - 11[0m
[0mGET / [32m200 [0m0.528 ms - 11[0m
[0mGET / [32m200 [0m2.255 ms - 11[0m
[0mGET / [32m200 [0m0.354 ms - 11[0m
[0mGET / [32m200 [0m0.979 ms - 11[0m
[0mGET / [32m200 [0m5.053 ms - 11[0m
[0mGET / [32m200 [0m6.436 ms - 11[0m
[0mGET / [32m200 [0m17.959 ms - 11[0m
[0mGET / [32m200 [0m10.517 ms - 11[0m
[0mGET / [32m200 [0m4.375 ms - 11[0m
[0mGET / [32m200 [0m2.584 ms - 11[0m
[0mGET / [32m200 [0m0.343 ms - 11[0m
[0mGET / [32m200 [0m1.639 ms - 11[0m
[0mGET / [32m200 [0m0.385 ms - 11[0m
[0mGET / [32m200 [0m7.804 ms - 11[0m
[0mGET / [32m200 [0m7.964 ms - 11[0m
[0mGET / [32m200 [0m7.395 ms - 11[0m
[0mGET / [32m200 [0m7.561 ms - 11[0m
[0mGET / [32m200 [0m2.606 ms - 11[0m
[0mGET / [32m200 [0m3.944 ms - 11[0m
[0mGET / [32m200 [0m7.160 ms - 11[0m
[0mGET / [32m200 [0m20.295 ms - 11[0m
[0mGET / [32m200 [0m10.472 ms - 11[0m
[0mGET / [32m200 [0m7.023 ms - 11[0m
[0mGET / [32m200 [0m5.779 ms - 11[0m
[0mGET / [32m200 [0m0.810 ms - 11[0m
[0mGET / [32m200 [0m9.713 ms - 11[0m
[0mGET / [32m200 [0m0.336 ms - 11[0m
[0mGET / [32m200 [0m16.387 ms - 11[0m
[0mGET / [32m200 [0m11.712 ms - 11[0m
[0mGET / [32m200 [0m0.415 ms - 11[0m
[0mGET / [32m200 [0m0.401 ms - 11[0m
[0mGET / [32m200 [0m5.427 ms - 11[0m
[0mGET / [32m200 [0m0.343 ms - 11[0m
[0mGET / [32m200 [0m1.497 ms - 11[0m
[0mGET / [32m200 [0m2.007 ms - 11[0m
[0mGET / [32m200 [0m0.974 ms - 11[0m
[0mGET / [32m200 [0m0.357 ms - 11[0m
[0mGET / [32m200 [0m7.028 ms - 11[0m
[0mGET / [32m200 [0m4.407 ms - 11[0m
[0mGET / [32m200 [0m12.320 ms - 11[0m
[0mGET / [32m200 [0m8.235 ms - 11[0m
[0mGET / [32m200 [0m3.944 ms - 11[0m
[0mGET / [32m200 [0m6.948 ms - 11[0m
[0mGET / [32m200 [0m13.550 ms - 11[0m
[0mGET / [32m200 [0m11.287 ms - 11[0m
[0mGET / [32m200 [0m4.582 ms - 11[0m
[0mGET / [32m200 [0m0.347 ms - 11[0m
[0mGET / [32m200 [0m2.924 ms - 11[0m
[0mGET / [32m200 [0m10.418 ms - 11[0m
[0mGET / [32m200 [0m8.106 ms - 11[0m
[0mGET / [32m200 [0m9.384 ms - 11[0m
[0mGET / [32m200 [0m10.927 ms - 11[0m
[0mGET / [32m200 [0m10.562 ms - 11[0m
[0mGET / [32m200 [0m6.515 ms - 11[0m
[0mGET / [32m200 [0m0.329 ms - 11[0m
[0mGET / [32m200 [0m12.469 ms - 11[0m
[0mGET / [32m200 [0m7.745 ms - 11[0m
[0mGET / [32m200 [0m1.833 ms - 11[0m
[0mGET / [32m200 [0m2.245 ms - 11[0m
[0mGET / [32m200 [0m0.436 ms - 11[0m
[0mGET / [32m200 [0m2.491 ms - 11[0m
[0mGET / [32m200 [0m11.349 ms - 11[0m
[0mGET / [32m200 [0m11.500 ms - 11[0m
[0mGET / [32m200 [0m1.712 ms - 11[0m
[0mGET / [32m200 [0m0.733 ms - 11[0m
[0mGET / [32m200 [0m6.892 ms - 11[0m
[0mGET / [32m200 [0m3.737 ms - 11[0m
[0mGET / [32m200 [0m1.411 ms - 11[0m
[0mGET / [32m200 [0m0.332 ms - 11[0m
[0mGET / [32m200 [0m3.913 ms - 11[0m
[0mGET / [32m200 [0m4.166 ms - 11[0m
[0mGET / [32m200 [0m1.374 ms - 11[0m
[0mGET / [32m200 [0m3.556 ms - 11[0m
[0mGET / [32m200 [0m8.372 ms - 11[0m
[0mGET / [32m200 [0m4.701 ms - 11[0m
[0mGET / [32m200 [0m1.104 ms - 11[0m
[0mGET / [32m200 [0m0.332 ms - 11[0m
[0mGET / [32m200 [0m5.570 ms - 11[0m
[0mGET / [32m200 [0m0.422 ms - 11[0m
[0mGET / [32m200 [0m0.503 ms - 11[0m
[0mGET / [32m200 [0m2.043 ms - 11[0m
[0mGET / [32m200 [0m10.051 ms - 11[0m
[0mGET / [32m200 [0m17.574 ms - 11[0m
[0mGET / [32m200 [0m2.930 ms - 11[0m
[0mGET / [32m200 [0m0.356 ms - 11[0m
[0mGET / [32m200 [0m4.137 ms - 11[0m
[0mGET / [32m200 [0m6.276 ms - 11[0m
[0mGET / [32m200 [0m1.650 ms - 11[0m
[0mGET / [32m200 [0m0.335 ms - 11[0m
[0mGET / [32m200 [0m8.579 ms - 11[0m
[0mGET / [32m200 [0m2.274 ms - 11[0m
[0mGET / [32m200 [0m0.943 ms - 11[0m
[0mGET / [32m200 [0m0.987 ms - 11[0m
[0mGET / [32m200 [0m11.737 ms - 11[0m
[0mGET / [32m200 [0m0.873 ms - 11[0m
[0mGET / [32m200 [0m4.927 ms - 11[0m
[0mGET / [32m200 [0m0.319 ms - 11[0m
[0mGET / [32m200 [0m3.581 ms - 11[0m
[0mGET / [32m200 [0m0.427 ms - 11[0m
[0mGET / [32m200 [0m8.516 ms - 11[0m
[0mGET / [32m200 [0m0.755 ms - 11[0m
[0mGET / [32m200 [0m8.713 ms - 11[0m
[0mGET / [32m200 [0m8.888 ms - 11[0m
[0mGET / [32m200 [0m4.744 ms - 11[0m
[0mGET / [32m200 [0m0.314 ms - 11[0m
[0mGET / [32m200 [0m1.931 ms - 11[0m
[0mGET / [32m200 [0m0.388 ms - 11[0m
[0mGET / [32m200 [0m9.364 ms - 11[0m
[0mGET / [32m200 [0m0.825 ms - 11[0m
[0mGET / [32m200 [0m12.144 ms - 11[0m
[0mGET / [32m200 [0m12.305 ms - 11[0m
[0mGET / [32m200 [0m0.573 ms - 11[0m
[0mGET / [32m200 [0m11.590 ms - 11[0m
[0mGET / [32m200 [0m0.834 ms - 11[0m
[0mGET / [32m200 [0m3.625 ms - 11[0m
[0mGET / [32m200 [0m0.357 ms - 11[0m
[0mGET / [32m200 [0m4.007 ms - 11[0m
[0mGET / [32m200 [0m2.408 ms - 11[0m
[0mGET / [32m200 [0m0.365 ms - 11[0m
[0mGET / [32m200 [0m11.812 ms - 11[0m
[0mGET / [32m200 [0m11.628 ms - 11[0m
[0mGET / [32m200 [0m2.359 ms - 11[0m
[0mGET / [32m200 [0m0.441 ms - 11[0m
[0mGET / [32m200 [0m10.698 ms - 11[0m
[0mGET / [32m200 [0m10.838 ms - 11[0m
[0mGET / [32m200 [0m6.352 ms - 11[0m
[0mGET / [32m200 [0m2.380 ms - 11[0m
[0mGET / [32m200 [0m7.740 ms - 11[0m
[0mGET / [32m200 [0m0.842 ms - 11[0m
[0mGET / [32m200 [0m3.153 ms - 11[0m
[0mGET / [32m200 [0m0.600 ms - 11[0m
[0mGET / [32m200 [0m11.038 ms - 11[0m
[0mGET / [32m200 [0m0.928 ms - 11[0m
[0mGET / [32m200 [0m2.058 ms - 11[0m
[0mGET / [32m200 [0m1.733 ms - 11[0m
[0mGET / [32m200 [0m9.831 ms - 11[0m
[0mGET / [32m200 [0m0.948 ms - 11[0m
[0mGET / [32m200 [0m15.718 ms - 11[0m
[0mGET / [32m200 [0m10.480 ms - 11[0m
[0mGET / [32m200 [0m3.275 ms - 11[0m
[0mGET / [32m200 [0m2.866 ms - 11[0m
[0mGET / [32m200 [0m3.587 ms - 11[0m
[0mGET / [32m200 [0m1.736 ms - 11[0m
io enter middleware
check player id undefined
[0mGET / [32m200 [0m8.643 ms - 11[0m
[0mGET / [32m200 [0m0.842 ms - 11[0m
[0mGET / [32m200 [0m0.419 ms - 11[0m
[0mGET / [32m200 [0m1.977 ms - 11[0m
[0mGET / [32m200 [0m15.628 ms - 11[0m
[0mGET / [32m200 [0m7.922 ms - 11[0m
[0mGET / [32m200 [0m3.155 ms - 11[0m
[0mGET / [32m200 [0m0.425 ms - 11[0m
[0mGET / [32m200 [0m8.161 ms - 11[0m
[0mGET / [32m200 [0m0.926 ms - 11[0m
[0mGET / [32m200 [0m7.752 ms - 11[0m
[0mGET / [32m200 [0m0.811 ms - 11[0m
[0mGET / [32m200 [0m1.519 ms - 11[0m
[0mGET / [32m200 [0m3.824 ms - 11[0m
[0mGET / [32m200 [0m3.119 ms - 11[0m
[0mGET / [32m200 [0m2.732 ms - 11[0m
[0mGET / [32m200 [0m6.410 ms - 11[0m
[0mGET / [32m200 [0m1.005 ms - 11[0m
[0mGET / [32m200 [0m5.222 ms - 11[0m
[0mGET / [32m200 [0m0.494 ms - 11[0m
[0mGET / [32m200 [0m6.929 ms - 11[0m
[0mGET / [32m200 [0m0.956 ms - 11[0m
[0mGET / [32m200 [0m14.731 ms - 11[0m
[0mGET / [32m200 [0m2.822 ms - 11[0m
[0mGET / [32m200 [0m0.750 ms - 11[0m
[0mGET / [32m200 [0m0.857 ms - 11[0m
[0mGET / [32m200 [0m10.832 ms - 11[0m
[0mGET / [32m200 [0m0.348 ms - 11[0m
[0mGET / [32m200 [0m0.850 ms - 11[0m
[0mGET / [32m200 [0m13.835 ms - 11[0m
[0mGET / [32m200 [0m3.907 ms - 11[0m
[0mGET / [32m200 [0m0.345 ms - 11[0m
[0mGET / [32m200 [0m1.185 ms - 11[0m
[0mGET / [32m200 [0m1.857 ms - 11[0m
[0mGET / [32m200 [0m1.549 ms - 11[0m
[0mGET / [32m200 [0m0.323 ms - 11[0m
[0mGET / [32m200 [0m9.325 ms - 11[0m
[0mGET / [32m200 [0m0.505 ms - 11[0m
[0mGET / [32m200 [0m0.668 ms - 11[0m
[0mGET / [32m200 [0m6.494 ms - 11[0m
[0mGET / [32m200 [0m0.709 ms - 11[0m
[0mGET / [32m200 [0m12.038 ms - 11[0m
[0mGET / [32m200 [0m3.048 ms - 11[0m
[0mGET / [32m200 [0m11.872 ms - 11[0m
[0mGET / [32m200 [0m2.906 ms - 11[0m
[0mGET / [32m200 [0m8.542 ms - 11[0m
[0mGET / [32m200 [0m3.386 ms - 11[0m
[0mGET / [32m200 [0m6.461 ms - 11[0m
[0mGET / [32m200 [0m5.029 ms - 11[0m
[0mGET / [32m200 [0m14.016 ms - 11[0m
[0mGET / [32m200 [0m1.902 ms - 11[0m
[0mGET / [32m200 [0m5.301 ms - 11[0m
[0mGET / [32m200 [0m13.803 ms - 11[0m
[0mGET / [32m200 [0m4.685 ms - 11[0m
[0mGET / [32m200 [0m2.102 ms - 11[0m
[0mGET / [32m200 [0m0.401 ms - 11[0m
[0mGET / [32m200 [0m3.904 ms - 11[0m
[0mGET / [32m200 [0m0.379 ms - 11[0m
[0mGET / [32m200 [0m4.900 ms - 11[0m
[0mGET / [32m200 [0m0.807 ms - 11[0m
