ok
Config
Thu Aug 03 2017 04:09:43 GMT+0000 (UTC)
Cognito
the cognitoidentity is [object Object]
SNS
setting tcp
setting sns
PostAPI
PostAPI_Chat
PostAPI_Wall
PostAPI_Pet
PostAPI_Chips
PostAPI_Login
PostAPI_Shop
PostAPI_Debug
Game init
======================
apiPort listening 2494
tcpPort listening 3001
======================
Server listening at port 3001
[0mGET / [32m200 [0m75.411 ms - 11[0m
[0mGET / [32m200 [0m74.760 ms - 11[0m
[0mGET / [32m200 [0m13.230 ms - 11[0m
[0mGET / [32m200 [0m14.016 ms - 11[0m
[0mGET / [32m200 [0m6.383 ms - 11[0m
[0mGET / [32m200 [0m0.382 ms - 11[0m
[0mGET / [32m200 [0m21.908 ms - 11[0m
[0mGET / [32m200 [0m19.506 ms - 11[0m
[0mGET / [32m200 [0m16.891 ms - 11[0m
[0mGET / [32m200 [0m3.415 ms - 11[0m
[0mGET / [32m200 [0m1.618 ms - 11[0m
[0mGET / [32m200 [0m6.084 ms - 11[0m
[0mGET / [32m200 [0m6.503 ms - 11[0m
[0mGET / [32m200 [0m6.780 ms - 11[0m
[0mGET / [32m200 [0m10.235 ms - 11[0m
[0mGET / [32m200 [0m0.439 ms - 11[0m
[0mGET / [32m200 [0m1.229 ms - 11[0m
[0mGET / [32m200 [0m1.362 ms - 11[0m
[0mGET / [32m200 [0m13.858 ms - 11[0m
[0mGET / [32m200 [0m16.060 ms - 11[0m
[0mGET / [32m200 [0m0.908 ms - 11[0m
[0mGET / [32m200 [0m13.886 ms - 11[0m
[0mGET / [32m200 [0m24.434 ms - 11[0m
[0mGET / [32m200 [0m19.973 ms - 11[0m
[0mGET / [32m200 [0m2.934 ms - 11[0m
[0mGET / [32m200 [0m0.576 ms - 11[0m
[0mGET / [32m200 [0m8.580 ms - 11[0m
[0mGET / [32m200 [0m0.334 ms - 11[0m
[0mGET / [32m200 [0m11.740 ms - 11[0m
[0mGET / [32m200 [0m3.695 ms - 11[0m
[0mGET / [32m200 [0m15.216 ms - 11[0m
[0mGET / [32m200 [0m15.511 ms - 11[0m
[0mGET / [32m200 [0m2.779 ms - 11[0m
[0mGET / [32m200 [0m1.721 ms - 11[0m
[0mGET / [32m200 [0m1.052 ms - 11[0m
[0mGET / [32m200 [0m1.396 ms - 11[0m
[0mGET / [32m200 [0m9.340 ms - 11[0m
[0mGET / [32m200 [0m10.587 ms - 11[0m
[0mGET / [32m200 [0m3.467 ms - 11[0m
[0mGET / [32m200 [0m0.401 ms - 11[0m
[0mGET / [32m200 [0m0.498 ms - 11[0m
[0mGET / [32m200 [0m1.095 ms - 11[0m
[0mGET / [32m200 [0m9.939 ms - 11[0m
[0mGET / [32m200 [0m17.398 ms - 11[0m
[0mGET / [32m200 [0m2.300 ms - 11[0m
[0mGET / [32m200 [0m1.832 ms - 11[0m
[0mGET / [32m200 [0m0.468 ms - 11[0m
[0mGET / [32m200 [0m1.364 ms - 11[0m
[0mGET / [32m200 [0m0.737 ms - 11[0m
[0mGET / [32m200 [0m1.041 ms - 11[0m
[0mGET / [32m200 [0m8.159 ms - 11[0m
[0mGET / [32m200 [0m2.985 ms - 11[0m
[0mGET / [32m200 [0m3.944 ms - 11[0m
[0mGET / [32m200 [0m2.605 ms - 11[0m
[0mGET / [32m200 [0m7.161 ms - 11[0m
[0mGET / [32m200 [0m0.342 ms - 11[0m
[0mGET / [32m200 [0m0.981 ms - 11[0m
[0mGET / [32m200 [0m1.087 ms - 11[0m
[0mGET / [32m200 [0m7.317 ms - 11[0m
[0mGET / [32m200 [0m8.817 ms - 11[0m
[0mGET / [32m200 [0m0.353 ms - 11[0m
[0mGET / [32m200 [0m0.636 ms - 11[0m
[0mGET / [32m200 [0m7.235 ms - 11[0m
[0mGET / [32m200 [0m7.900 ms - 11[0m
[0mGET / [32m200 [0m0.521 ms - 11[0m
[0mGET / [32m200 [0m5.467 ms - 11[0m
[0mGET / [32m200 [0m1.117 ms - 11[0m
[0mGET / [32m200 [0m5.585 ms - 11[0m
[0mGET / [32m200 [0m0.617 ms - 11[0m
[0mGET / [32m200 [0m0.953 ms - 11[0m
[0mGET / [32m200 [0m1.654 ms - 11[0m
[0mGET / [32m200 [0m0.705 ms - 11[0m
[0mGET / [32m200 [0m0.649 ms - 11[0m
[0mGET / [32m200 [0m0.854 ms - 11[0m
[0mGET / [32m200 [0m9.420 ms - 11[0m
[0mGET / [32m200 [0m0.933 ms - 11[0m
[0mGET / [32m200 [0m0.788 ms - 11[0m
[0mGET / [32m200 [0m3.648 ms - 11[0m
[0mGET / [32m200 [0m8.196 ms - 11[0m
[0mGET / [32m200 [0m0.904 ms - 11[0m
[0mGET / [32m200 [0m0.405 ms - 11[0m
[0mGET / [32m200 [0m0.383 ms - 11[0m
[0mGET / [32m200 [0m6.059 ms - 11[0m
[0mGET / [32m200 [0m5.959 ms - 11[0m
[0mGET / [32m200 [0m0.814 ms - 11[0m
[0mGET / [32m200 [0m0.848 ms - 11[0m
[0mGET / [32m200 [0m14.568 ms - 11[0m
[0mGET / [32m200 [0m10.655 ms - 11[0m
[0mGET / [32m200 [0m1.797 ms - 11[0m
[0mGET / [32m200 [0m1.940 ms - 11[0m
[0mGET / [32m200 [0m0.847 ms - 11[0m
[0mGET / [32m200 [0m5.341 ms - 11[0m
[0mGET / [32m200 [0m2.704 ms - 11[0m
[0mGET / [32m200 [0m2.961 ms - 11[0m
[0mGET / [32m200 [0m11.723 ms - 11[0m
[0mGET / [32m200 [0m5.484 ms - 11[0m
[0mGET / [32m200 [0m0.702 ms - 11[0m
[0mGET / [32m200 [0m0.835 ms - 11[0m
[0mGET / [32m200 [0m3.951 ms - 11[0m
[0mGET / [32m200 [0m1.048 ms - 11[0m
[0mGET / [32m200 [0m0.687 ms - 11[0m
[0mGET / [32m200 [0m0.932 ms - 11[0m
[0mGET / [32m200 [0m3.238 ms - 11[0m
[0mGET / [32m200 [0m0.487 ms - 11[0m
[0mGET / [32m200 [0m0.835 ms - 11[0m
[0mGET / [32m200 [0m1.159 ms - 11[0m
[0mGET / [32m200 [0m1.609 ms - 11[0m
[0mGET / [32m200 [0m4.913 ms - 11[0m
[0mGET / [32m200 [0m5.831 ms - 11[0m
[0mGET / [32m200 [0m6.198 ms - 11[0m
[0mGET / [32m200 [0m7.078 ms - 11[0m
[0mGET / [32m200 [0m8.356 ms - 11[0m
[0mGET / [32m200 [0m23.035 ms - 11[0m
[0mGET / [32m200 [0m1.038 ms - 11[0m
[0mGET / [32m200 [0m10.429 ms - 11[0m
[0mGET / [32m200 [0m7.579 ms - 11[0m
[0mGET / [32m200 [0m2.809 ms - 11[0m
[0mGET / [32m200 [0m2.177 ms - 11[0m
[0mGET / [32m200 [0m4.892 ms - 11[0m
[0mGET / [32m200 [0m10.738 ms - 11[0m
[0mGET / [32m200 [0m9.936 ms - 11[0m
[0mGET / [32m200 [0m0.417 ms - 11[0m
[0mGET / [32m200 [0m1.504 ms - 11[0m
[0mGET / [32m200 [0m6.259 ms - 11[0m
[0mGET / [32m200 [0m2.010 ms - 11[0m
[0mGET / [32m200 [0m0.480 ms - 11[0m
[0mGET / [32m200 [0m7.210 ms - 11[0m
[0mGET / [32m200 [0m8.037 ms - 11[0m
[0mGET / [32m200 [0m1.141 ms - 11[0m
[0mGET / [32m200 [0m0.531 ms - 11[0m
[0mGET / [32m200 [0m15.453 ms - 11[0m
[0mGET / [32m200 [0m15.784 ms - 11[0m
[0mGET / [32m200 [0m3.384 ms - 11[0m
[0mGET / [32m200 [0m0.340 ms - 11[0m
[0mGET / [32m200 [0m11.821 ms - 11[0m
[0mGET / [32m200 [0m17.782 ms - 11[0m
[0mGET / [32m200 [0m3.623 ms - 11[0m
[0mGET / [32m200 [0m0.470 ms - 11[0m
[0mGET / [32m200 [0m3.036 ms - 11[0m
[0mGET / [32m200 [0m2.063 ms - 11[0m
[0mGET / [32m200 [0m8.769 ms - 11[0m
[0mGET / [32m200 [0m19.427 ms - 11[0m
[0mGET / [32m200 [0m5.609 ms - 11[0m
[0mGET / [32m200 [0m0.971 ms - 11[0m
[0mGET / [32m200 [0m1.546 ms - 11[0m
[0mGET / [32m200 [0m1.068 ms - 11[0m
[0mGET / [32m200 [0m0.611 ms - 11[0m
[0mGET / [32m200 [0m0.352 ms - 11[0m
[0mGET / [32m200 [0m10.529 ms - 11[0m
[0mGET / [32m200 [0m10.757 ms - 11[0m
[0mGET / [32m200 [0m1.940 ms - 11[0m
[0mGET / [32m200 [0m0.579 ms - 11[0m
[0mGET / [32m200 [0m1.177 ms - 11[0m
[0mGET / [32m200 [0m3.381 ms - 11[0m
[0mGET / [32m200 [0m8.438 ms - 11[0m
[0mGET / [32m200 [0m26.708 ms - 11[0m
[0mGET / [32m200 [0m16.174 ms - 11[0m
[0mGET / [32m200 [0m1.049 ms - 11[0m
[0mGET / [32m200 [0m9.064 ms - 11[0m
[0mGET / [32m200 [0m1.001 ms - 11[0m
[0mGET / [32m200 [0m9.599 ms - 11[0m
[0mGET / [32m200 [0m9.868 ms - 11[0m
[0mGET / [32m200 [0m6.616 ms - 11[0m
[0mGET / [32m200 [0m0.855 ms - 11[0m
[0mGET / [32m200 [0m2.642 ms - 11[0m
[0mGET / [32m200 [0m0.534 ms - 11[0m
[0mGET / [32m200 [0m6.778 ms - 11[0m
[0mGET / [32m200 [0m1.086 ms - 11[0m
[0mGET / [32m200 [0m1.033 ms - 11[0m
[0mGET / [32m200 [0m4.471 ms - 11[0m
[0mGET / [32m200 [0m9.373 ms - 11[0m
[0mGET / [32m200 [0m11.037 ms - 11[0m
[0mGET / [32m200 [0m2.174 ms - 11[0m
[0mGET / [32m200 [0m9.382 ms - 11[0m
[0mGET / [32m200 [0m1.000 ms - 11[0m
[0mGET / [32m200 [0m2.119 ms - 11[0m
[0mGET / [32m200 [0m16.796 ms - 11[0m
[0mGET / [32m200 [0m8.360 ms - 11[0m
[0mGET / [32m200 [0m12.382 ms - 11[0m
[0mGET / [32m200 [0m3.467 ms - 11[0m
[0mGET / [32m200 [0m1.367 ms - 11[0m
[0mGET / [32m200 [0m9.376 ms - 11[0m
[0mGET / [32m200 [0m1.439 ms - 11[0m
[0mGET / [32m200 [0m24.314 ms - 11[0m
[0mGET / [32m200 [0m4.927 ms - 11[0m
[0mGET / [32m200 [0m5.324 ms - 11[0m
[0mGET / [32m200 [0m3.236 ms - 11[0m
[0mGET / [32m200 [0m3.351 ms - 11[0m
[0mGET / [32m200 [0m1.278 ms - 11[0m
[0mGET / [32m200 [0m0.373 ms - 11[0m
[0mGET / [32m200 [0m4.740 ms - 11[0m
[0mGET / [32m200 [0m0.989 ms - 11[0m
[0mGET / [32m200 [0m9.827 ms - 11[0m
[0mGET / [32m200 [0m10.188 ms - 11[0m
[0mGET / [32m200 [0m0.889 ms - 11[0m
[0mGET / [32m200 [0m10.349 ms - 11[0m
[0mGET / [32m200 [0m2.087 ms - 11[0m
[0mGET / [32m200 [0m4.005 ms - 11[0m
[0mGET / [32m200 [0m15.547 ms - 11[0m
[0mGET / [32m200 [0m9.331 ms - 11[0m
[0mGET / [32m200 [0m8.490 ms - 11[0m
[0mGET / [32m200 [0m8.743 ms - 11[0m
[0mGET / [32m200 [0m5.197 ms - 11[0m
[0mGET / [32m200 [0m1.036 ms - 11[0m
[0mGET / [32m200 [0m2.771 ms - 11[0m
[0mGET / [32m200 [0m2.283 ms - 11[0m
[0mGET / [32m200 [0m6.117 ms - 11[0m
[0mGET / [32m200 [0m7.636 ms - 11[0m
[0mGET / [32m200 [0m5.800 ms - 11[0m
[0mGET / [32m200 [0m9.974 ms - 11[0m
[0mGET / [32m200 [0m4.362 ms - 11[0m
[0mGET / [32m200 [0m0.833 ms - 11[0m
[0mGET / [32m200 [0m8.054 ms - 11[0m
[0mGET / [32m200 [0m8.177 ms - 11[0m
[0mGET / [32m200 [0m10.305 ms - 11[0m
[0mGET / [32m200 [0m1.166 ms - 11[0m
[0mGET / [32m200 [0m1.865 ms - 11[0m
[0mGET / [32m200 [0m12.265 ms - 11[0m
[0mGET / [32m200 [0m2.298 ms - 11[0m
[0mGET / [32m200 [0m13.874 ms - 11[0m
[0mGET / [32m200 [0m4.367 ms - 11[0m
[0mGET / [32m200 [0m0.302 ms - 11[0m
[0mGET / [32m200 [0m3.643 ms - 11[0m
[0mGET / [32m200 [0m3.835 ms - 11[0m
[0mGET / [32m200 [0m2.699 ms - 11[0m
[0mGET / [32m200 [0m6.343 ms - 11[0m
[0mGET / [32m200 [0m10.807 ms - 11[0m
[0mGET / [32m200 [0m8.263 ms - 11[0m
[0mGET / [32m200 [0m17.665 ms - 11[0m
[0mGET / [32m200 [0m0.338 ms - 11[0m
[0mGET / [32m200 [0m0.573 ms - 11[0m
[0mGET / [32m200 [0m0.792 ms - 11[0m
[0mGET / [32m200 [0m2.677 ms - 11[0m
[0mGET / [32m200 [0m0.558 ms - 11[0m
[0mGET / [32m200 [0m5.650 ms - 11[0m
[0mGET / [32m200 [0m0.321 ms - 11[0m
[0mGET / [32m200 [0m2.249 ms - 11[0m
[0mGET / [32m200 [0m12.543 ms - 11[0m
[0mGET / [32m200 [0m7.850 ms - 11[0m
[0mGET / [32m200 [0m0.972 ms - 11[0m
[0mGET / [32m200 [0m4.656 ms - 11[0m
[0mGET / [32m200 [0m6.418 ms - 11[0m
[0mGET / [32m200 [0m0.576 ms - 11[0m
[0mGET / [32m200 [0m6.708 ms - 11[0m
[0mGET / [32m200 [0m4.644 ms - 11[0m
[0mGET / [32m200 [0m9.525 ms - 11[0m
[0mGET / [32m200 [0m1.678 ms - 11[0m
[0mGET / [32m200 [0m11.034 ms - 11[0m
[0mGET / [32m200 [0m3.903 ms - 11[0m
[0mGET / [32m200 [0m12.634 ms - 11[0m
[0mGET / [32m200 [0m7.992 ms - 11[0m
[0mGET / [32m200 [0m4.277 ms - 11[0m
[0mGET / [32m200 [0m10.677 ms - 11[0m
[0mGET / [32m200 [0m10.940 ms - 11[0m
[0mGET / [32m200 [0m16.216 ms - 11[0m
[0mGET / [32m200 [0m5.078 ms - 11[0m
[0mGET / [32m200 [0m12.947 ms - 11[0m
[0mGET / [32m200 [0m16.430 ms - 11[0m
[0mGET / [32m200 [0m14.232 ms - 11[0m
[0mGET / [32m200 [0m7.568 ms - 11[0m
[0mGET / [32m200 [0m10.445 ms - 11[0m
[0mGET / [32m200 [0m0.477 ms - 11[0m
[0mGET / [32m200 [0m9.520 ms - 11[0m
[0mGET / [32m200 [0m12.276 ms - 11[0m
[0mGET / [32m200 [0m2.838 ms - 11[0m
[0mGET / [32m200 [0m1.446 ms - 11[0m
[0mGET / [32m200 [0m7.534 ms - 11[0m
[0mGET / [32m200 [0m0.339 ms - 11[0m
[0mGET / [32m200 [0m10.904 ms - 11[0m
[0mGET / [32m200 [0m11.229 ms - 11[0m
[0mGET / [32m200 [0m1.826 ms - 11[0m
[0mGET / [32m200 [0m2.561 ms - 11[0m
[0mGET / [32m200 [0m15.799 ms - 11[0m
[0mGET / [32m200 [0m0.953 ms - 11[0m
[0mGET / [32m200 [0m6.988 ms - 11[0m
[0mGET / [32m200 [0m0.925 ms - 11[0m
[0mGET / [32m200 [0m9.839 ms - 11[0m
[0mGET / [32m200 [0m12.148 ms - 11[0m
[0mGET / [32m200 [0m2.095 ms - 11[0m
[0mGET / [32m200 [0m0.298 ms - 11[0m
[0mGET / [32m200 [0m2.741 ms - 11[0m
[0mGET / [32m200 [0m6.985 ms - 11[0m
[0mGET / [32m200 [0m19.220 ms - 11[0m
[0mGET / [32m200 [0m0.667 ms - 11[0m
[0mGET / [32m200 [0m5.903 ms - 11[0m
[0mGET / [32m200 [0m16.816 ms - 11[0m
[0mGET / [32m200 [0m1.478 ms - 11[0m
[0mGET / [32m200 [0m0.344 ms - 11[0m
[0mGET / [32m200 [0m1.648 ms - 11[0m
[0mGET / [32m200 [0m0.464 ms - 11[0m
[0mGET / [32m200 [0m2.381 ms - 11[0m
[0mGET / [32m200 [0m0.932 ms - 11[0m
[0mGET / [32m200 [0m7.275 ms - 11[0m
[0mGET / [32m200 [0m1.060 ms - 11[0m
[0mGET / [32m200 [0m4.833 ms - 11[0m
[0mGET / [32m200 [0m16.089 ms - 11[0m
[0mGET / [32m200 [0m4.292 ms - 11[0m
[0mGET / [32m200 [0m2.518 ms - 11[0m
[0mGET / [32m200 [0m2.649 ms - 11[0m
[0mGET / [32m200 [0m0.296 ms - 11[0m
[0mGET / [32m200 [0m3.767 ms - 11[0m
[0mGET / [32m200 [0m0.527 ms - 11[0m
[0mGET / [32m200 [0m2.869 ms - 11[0m
[0mGET / [32m200 [0m3.695 ms - 11[0m
[0mGET / [32m200 [0m1.667 ms - 11[0m
[0mGET / [32m200 [0m3.293 ms - 11[0m
[0mGET / [32m200 [0m10.580 ms - 11[0m
[0mGET / [32m200 [0m11.100 ms - 11[0m
[0mGET / [32m200 [0m2.774 ms - 11[0m
[0mGET / [32m200 [0m1.116 ms - 11[0m
[0mGET / [32m200 [0m5.422 ms - 11[0m
[0mGET / [32m200 [0m0.894 ms - 11[0m
[0mGET / [32m200 [0m10.793 ms - 11[0m
[0mGET / [32m200 [0m9.337 ms - 11[0m
[0mGET / [32m200 [0m2.210 ms - 11[0m
[0mGET / [32m200 [0m0.895 ms - 11[0m
[0mGET / [32m200 [0m0.525 ms - 11[0m
[0mGET / [32m200 [0m2.172 ms - 11[0m
[0mGET / [32m200 [0m3.602 ms - 11[0m
[0mGET / [32m200 [0m0.362 ms - 11[0m
[0mGET / [32m200 [0m7.712 ms - 11[0m
[0mGET / [32m200 [0m10.149 ms - 11[0m
[0mGET / [32m200 [0m4.264 ms - 11[0m
[0mGET / [32m200 [0m1.025 ms - 11[0m
[0mGET / [32m200 [0m2.742 ms - 11[0m
[0mGET / [32m200 [0m2.723 ms - 11[0m
[0mGET / [32m200 [0m8.151 ms - 11[0m
[0mGET / [32m200 [0m0.882 ms - 11[0m
[0mGET / [32m200 [0m8.656 ms - 11[0m
[0mGET / [32m200 [0m0.891 ms - 11[0m
[0mGET / [32m200 [0m1.200 ms - 11[0m
[0mGET / [32m200 [0m0.330 ms - 11[0m
[0mGET / [32m200 [0m8.242 ms - 11[0m
[0mGET / [32m200 [0m8.455 ms - 11[0m
[0mGET / [32m200 [0m1.893 ms - 11[0m
[0mGET / [32m200 [0m1.523 ms - 11[0m
[0mGET / [32m200 [0m4.877 ms - 11[0m
[0mGET / [32m200 [0m1.125 ms - 11[0m
[0mGET / [32m200 [0m4.749 ms - 11[0m
[0mGET / [32m200 [0m1.180 ms - 11[0m
[0mGET / [32m200 [0m5.237 ms - 11[0m
[0mGET / [32m200 [0m0.522 ms - 11[0m
[0mGET / [32m200 [0m6.078 ms - 11[0m
[0mGET / [32m200 [0m4.046 ms - 11[0m
[0mGET / [32m200 [0m13.480 ms - 11[0m
[0mGET / [32m200 [0m8.870 ms - 11[0m
[0mGET / [32m200 [0m2.506 ms - 11[0m
[0mGET / [32m200 [0m1.193 ms - 11[0m
[0mGET / [32m200 [0m4.181 ms - 11[0m
[0mGET / [32m200 [0m0.366 ms - 11[0m
[0mGET / [32m200 [0m1.228 ms - 11[0m
[0mGET / [32m200 [0m0.270 ms - 11[0m
[0mGET / [32m200 [0m4.503 ms - 11[0m
[0mGET / [32m200 [0m3.142 ms - 11[0m
[0mGET / [32m200 [0m3.244 ms - 11[0m
[0mGET / [32m200 [0m0.384 ms - 11[0m
[0mGET / [32m200 [0m5.461 ms - 11[0m
[0mGET / [32m200 [0m5.627 ms - 11[0m
[0mGET / [32m200 [0m4.663 ms - 11[0m
[0mGET / [32m200 [0m10.165 ms - 11[0m
[0mGET / [32m200 [0m3.573 ms - 11[0m
[0mGET / [32m200 [0m2.346 ms - 11[0m
[0mGET / [32m200 [0m1.594 ms - 11[0m
[0mGET / [32m200 [0m0.854 ms - 11[0m
[0mGET / [32m200 [0m3.956 ms - 11[0m
[0mGET / [32m200 [0m11.440 ms - 11[0m
[0mGET / [32m200 [0m6.050 ms - 11[0m
[0mGET / [32m200 [0m19.856 ms - 11[0m
[0mGET / [32m200 [0m5.526 ms - 11[0m
[0mGET / [32m200 [0m2.619 ms - 11[0m
[0mGET / [32m200 [0m7.472 ms - 11[0m
[0mGET / [32m200 [0m0.810 ms - 11[0m
[0mGET / [32m200 [0m5.797 ms - 11[0m
[0mGET / [32m200 [0m0.725 ms - 11[0m
[0mGET / [32m200 [0m4.119 ms - 11[0m
[0mGET / [32m200 [0m1.211 ms - 11[0m
[0mGET / [32m200 [0m2.080 ms - 11[0m
[0mGET / [32m200 [0m2.014 ms - 11[0m
[0mGET / [32m200 [0m2.965 ms - 11[0m
[0mGET / [32m200 [0m2.365 ms - 11[0m
[0mGET / [32m200 [0m3.109 ms - 11[0m
[0mGET / [32m200 [0m0.471 ms - 11[0m
[0mGET / [32m200 [0m0.572 ms - 11[0m
[0mGET / [32m200 [0m0.794 ms - 11[0m
[0mGET / [32m200 [0m9.577 ms - 11[0m
[0mGET / [32m200 [0m9.850 ms - 11[0m
[0mGET / [32m200 [0m1.318 ms - 11[0m
[0mGET / [32m200 [0m4.211 ms - 11[0m
[0mGET / [32m200 [0m3.066 ms - 11[0m
[0mGET / [32m200 [0m1.058 ms - 11[0m
[0mGET / [32m200 [0m3.787 ms - 11[0m
[0mGET / [32m200 [0m0.294 ms - 11[0m
[0mGET / [32m200 [0m2.768 ms - 11[0m
[0mGET / [32m200 [0m0.396 ms - 11[0m
[0mGET / [32m200 [0m1.800 ms - 11[0m
[0mGET / [32m200 [0m0.348 ms - 11[0m
[0mGET / [32m200 [0m6.441 ms - 11[0m
[0mGET / [32m200 [0m4.666 ms - 11[0m
[0mGET / [32m200 [0m4.456 ms - 11[0m
[0mGET / [32m200 [0m0.311 ms - 11[0m
[0mGET / [32m200 [0m4.149 ms - 11[0m
[0mGET / [32m200 [0m2.232 ms - 11[0m
[0mGET / [32m200 [0m1.118 ms - 11[0m
[0mGET / [32m200 [0m4.361 ms - 11[0m
[0mGET / [32m200 [0m3.635 ms - 11[0m
[0mGET / [32m200 [0m3.862 ms - 11[0m
[0mGET / [32m200 [0m0.645 ms - 11[0m
[0mGET / [32m200 [0m6.120 ms - 11[0m
[0mGET / [32m200 [0m3.998 ms - 11[0m
[0mGET / [32m200 [0m3.029 ms - 11[0m
[0mGET / [32m200 [0m1.838 ms - 11[0m
[0mGET / [32m200 [0m0.334 ms - 11[0m
[0mGET / [32m200 [0m18.166 ms - 11[0m
[0mGET / [32m200 [0m17.520 ms - 11[0m
[0mGET / [32m200 [0m4.408 ms - 11[0m
[0mGET / [32m200 [0m0.561 ms - 11[0m
[0mGET / [32m200 [0m1.718 ms - 11[0m
[0mGET / [32m200 [0m0.343 ms - 11[0m
[0mGET / [32m200 [0m1.643 ms - 11[0m
[0mGET / [32m200 [0m0.288 ms - 11[0m
[0mGET / [32m200 [0m9.139 ms - 11[0m
[0mGET / [32m200 [0m9.475 ms - 11[0m
[0mGET / [32m200 [0m0.397 ms - 11[0m
[0mGET / [32m200 [0m0.287 ms - 11[0m
[0mGET / [32m200 [0m10.140 ms - 11[0m
[0mGET / [32m200 [0m10.251 ms - 11[0m
[0mGET / [32m200 [0m1.688 ms - 11[0m
[0mGET / [32m200 [0m3.642 ms - 11[0m
[0mGET / [32m200 [0m10.920 ms - 11[0m
[0mGET / [32m200 [0m11.142 ms - 11[0m
[0mGET / [32m200 [0m0.913 ms - 11[0m
[0mGET / [32m200 [0m0.297 ms - 11[0m
[0mGET / [32m200 [0m2.481 ms - 11[0m
[0mGET / [32m200 [0m0.468 ms - 11[0m
[0mGET / [32m200 [0m3.245 ms - 11[0m
[0mGET / [32m200 [0m3.531 ms - 11[0m
[0mGET / [32m200 [0m1.759 ms - 11[0m
[0mGET / [32m200 [0m0.319 ms - 11[0m
[0mGET / [32m200 [0m1.164 ms - 11[0m
[0mGET / [32m200 [0m0.329 ms - 11[0m
[0mGET / [32m200 [0m1.535 ms - 11[0m
[0mGET / [32m200 [0m0.332 ms - 11[0m
[0mGET / [32m200 [0m1.055 ms - 11[0m
[0mGET / [32m200 [0m0.349 ms - 11[0m
[0mGET / [32m200 [0m1.097 ms - 11[0m
[0mGET / [32m200 [0m1.383 ms - 11[0m
[0mGET / [32m200 [0m4.305 ms - 11[0m
[0mGET / [32m200 [0m0.389 ms - 11[0m
[0mGET / [32m200 [0m1.743 ms - 11[0m
[0mGET / [32m200 [0m0.405 ms - 11[0m
[0mGET / [32m200 [0m1.622 ms - 11[0m
[0mGET / [32m200 [0m1.763 ms - 11[0m
[0mGET / [32m200 [0m1.638 ms - 11[0m
[0mGET / [32m200 [0m0.748 ms - 11[0m
[0mGET / [32m200 [0m0.465 ms - 11[0m
[0mGET / [32m200 [0m1.219 ms - 11[0m
[0mGET / [32m200 [0m1.175 ms - 11[0m
[0mGET / [32m200 [0m0.346 ms - 11[0m
[0mGET / [32m200 [0m0.426 ms - 11[0m
[0mGET / [32m200 [0m0.379 ms - 11[0m
[0mGET / [32m200 [0m2.784 ms - 11[0m
[0mGET / [32m200 [0m0.415 ms - 11[0m
[0mGET / [32m200 [0m2.132 ms - 11[0m
[0mGET / [32m200 [0m0.270 ms - 11[0m
[0mGET / [32m200 [0m1.719 ms - 11[0m
[0mGET / [32m200 [0m0.369 ms - 11[0m
[0mGET / [32m200 [0m0.372 ms - 11[0m
[0mGET / [32m200 [0m1.258 ms - 11[0m
[0mGET / [32m200 [0m6.683 ms - 11[0m
[0mGET / [32m200 [0m5.524 ms - 11[0m
[0mGET / [32m200 [0m0.365 ms - 11[0m
[0mGET / [32m200 [0m0.285 ms - 11[0m
[0mGET / [32m200 [0m5.094 ms - 11[0m
[0mGET / [32m200 [0m0.533 ms - 11[0m
[0mGET / [32m200 [0m3.619 ms - 11[0m
[0mGET / [32m200 [0m0.881 ms - 11[0m
[0mGET / [32m200 [0m1.449 ms - 11[0m
[0mGET / [32m200 [0m0.844 ms - 11[0m
[0mGET / [32m200 [0m0.747 ms - 11[0m
[0mGET / [32m200 [0m0.308 ms - 11[0m
[0mGET / [32m200 [0m0.401 ms - 11[0m
[0mGET / [32m200 [0m1.561 ms - 11[0m
[0mGET / [32m200 [0m3.449 ms - 11[0m
[0mGET / [32m200 [0m3.885 ms - 11[0m
[0mGET / [32m200 [0m20.095 ms - 11[0m
[0mGET / [32m200 [0m17.231 ms - 11[0m
[0mGET / [32m200 [0m1.444 ms - 11[0m
[0mGET / [32m200 [0m0.404 ms - 11[0m
[0mGET / [32m200 [0m2.744 ms - 11[0m
[0mGET / [32m200 [0m0.350 ms - 11[0m
[0mGET / [32m200 [0m0.578 ms - 11[0m
[0mGET / [32m200 [0m1.509 ms - 11[0m
[0mGET / [32m200 [0m2.999 ms - 11[0m
[0mGET / [32m200 [0m0.912 ms - 11[0m
[0mGET / [32m200 [0m2.438 ms - 11[0m
[0mGET / [32m200 [0m0.529 ms - 11[0m
[0mGET / [32m200 [0m5.222 ms - 11[0m
[0mGET / [32m200 [0m0.501 ms - 11[0m
[0mGET / [32m200 [0m3.770 ms - 11[0m
[0mGET / [32m200 [0m3.665 ms - 11[0m
[0mGET / [32m200 [0m6.402 ms - 11[0m
[0mGET / [32m200 [0m0.389 ms - 11[0m
[0mGET / [32m200 [0m3.574 ms - 11[0m
[0mGET / [32m200 [0m0.859 ms - 11[0m
[0mGET / [32m200 [0m75.248 ms - 11[0m
[0mGET / [32m200 [0m44.884 ms - 11[0m
[0mGET / [32m200 [0m0.676 ms - 11[0m
[0mGET / [32m200 [0m0.891 ms - 11[0m
[0mGET / [32m200 [0m3.946 ms - 11[0m
[0mGET / [32m200 [0m13.993 ms - 11[0m
[0mGET / [32m200 [0m3.053 ms - 11[0m
[0mGET / [32m200 [0m3.607 ms - 11[0m
[0mGET / [32m200 [0m12.672 ms - 11[0m
[0mGET / [32m200 [0m4.531 ms - 11[0m
[0mGET / [32m200 [0m8.649 ms - 11[0m
[0mGET / [32m200 [0m8.683 ms - 11[0m
[0mGET / [32m200 [0m8.089 ms - 11[0m
[0mGET / [32m200 [0m8.330 ms - 11[0m
[0mGET / [32m200 [0m6.431 ms - 11[0m
[0mGET / [32m200 [0m0.796 ms - 11[0m
[0mGET / [32m200 [0m3.929 ms - 11[0m
[0mGET / [32m200 [0m1.966 ms - 11[0m
[0mGET / [32m200 [0m2.212 ms - 11[0m
[0mGET / [32m200 [0m2.573 ms - 11[0m
[0mGET / [32m200 [0m2.940 ms - 11[0m
[0mGET / [32m200 [0m0.401 ms - 11[0m
[0mGET / [32m200 [0m1.852 ms - 11[0m
[0mGET / [32m200 [0m0.355 ms - 11[0m
[0mGET / [32m200 [0m10.551 ms - 11[0m
[0mGET / [32m200 [0m10.830 ms - 11[0m
[0mGET / [32m200 [0m2.152 ms - 11[0m
[0mGET / [32m200 [0m0.275 ms - 11[0m
[0mGET / [32m200 [0m15.187 ms - 11[0m
[0mGET / [32m200 [0m0.755 ms - 11[0m
[0mGET / [32m200 [0m1.889 ms - 11[0m
[0mGET / [32m200 [0m0.555 ms - 11[0m
[0mGET / [32m200 [0m7.464 ms - 11[0m
[0mGET / [32m200 [0m2.461 ms - 11[0m
[0mGET / [32m200 [0m2.621 ms - 11[0m
[0mGET / [32m200 [0m6.149 ms - 11[0m
[0mGET / [32m200 [0m1.014 ms - 11[0m
[0mGET / [32m200 [0m1.886 ms - 11[0m
[0mGET / [32m200 [0m6.630 ms - 11[0m
[0mGET / [32m200 [0m0.971 ms - 11[0m
[0mGET / [32m200 [0m4.895 ms - 11[0m
[0mGET / [32m200 [0m11.821 ms - 11[0m
[0mGET / [32m200 [0m0.995 ms - 11[0m
[0mGET / [32m200 [0m5.732 ms - 11[0m
[0mGET / [32m200 [0m1.157 ms - 11[0m
[0mGET / [32m200 [0m1.663 ms - 11[0m
[0mGET / [32m200 [0m1.242 ms - 11[0m
[0mGET / [32m200 [0m1.981 ms - 11[0m
[0mGET / [32m200 [0m4.762 ms - 11[0m
[0mGET / [32m200 [0m0.443 ms - 11[0m
[0mGET / [32m200 [0m9.613 ms - 11[0m
[0mGET / [32m200 [0m7.702 ms - 11[0m
[0mGET / [32m200 [0m2.630 ms - 11[0m
[0mGET / [32m200 [0m1.187 ms - 11[0m
[0mGET / [32m200 [0m0.369 ms - 11[0m
[0mGET / [32m200 [0m0.762 ms - 11[0m
[0mGET / [32m200 [0m12.392 ms - 11[0m
[0mGET / [32m200 [0m9.572 ms - 11[0m
[0mGET / [32m200 [0m3.008 ms - 11[0m
[0mGET / [32m200 [0m1.523 ms - 11[0m
[0mGET / [32m200 [0m4.055 ms - 11[0m
[0mGET / [32m200 [0m1.658 ms - 11[0m
[0mGET / [32m200 [0m0.763 ms - 11[0m
[0mGET / [32m200 [0m1.057 ms - 11[0m
[0mGET / [32m200 [0m2.540 ms - 11[0m
[0mGET / [32m200 [0m0.330 ms - 11[0m
[0mGET / [32m200 [0m1.021 ms - 11[0m
[0mGET / [32m200 [0m2.603 ms - 11[0m
[0mGET / [32m200 [0m5.432 ms - 11[0m
[0mGET / [32m200 [0m0.280 ms - 11[0m
[0mGET / [32m200 [0m7.777 ms - 11[0m
[0mGET / [32m200 [0m0.747 ms - 11[0m
[0mGET / [32m200 [0m2.425 ms - 11[0m
[0mGET / [32m200 [0m0.333 ms - 11[0m
[0mGET / [32m200 [0m11.922 ms - 11[0m
[0mGET / [32m200 [0m11.864 ms - 11[0m
[0mGET / [32m200 [0m19.792 ms - 11[0m
[0mGET / [32m200 [0m0.657 ms - 11[0m
[0mGET / [32m200 [0m8.629 ms - 11[0m
[0mGET / [32m200 [0m0.925 ms - 11[0m
[0mGET / [32m200 [0m3.150 ms - 11[0m
[0mGET / [32m200 [0m0.446 ms - 11[0m
[0mGET / [32m200 [0m10.264 ms - 11[0m
[0mGET / [32m200 [0m7.707 ms - 11[0m
[0mGET / [32m200 [0m10.110 ms - 11[0m
[0mGET / [32m200 [0m7.625 ms - 11[0m
[0mGET / [32m200 [0m3.197 ms - 11[0m
[0mGET / [32m200 [0m0.864 ms - 11[0m
[0mGET / [32m200 [0m1.471 ms - 11[0m
[0mGET / [32m200 [0m1.447 ms - 11[0m
[0mGET / [32m200 [0m9.953 ms - 11[0m
[0mGET / [32m200 [0m10.122 ms - 11[0m
[0mGET / [32m200 [0m0.671 ms - 11[0m
[0mGET / [32m200 [0m0.894 ms - 11[0m
[0mGET / [32m200 [0m0.364 ms - 11[0m
[0mGET / [32m200 [0m4.721 ms - 11[0m
[0mGET / [32m200 [0m0.602 ms - 11[0m
[0mGET / [32m200 [0m10.552 ms - 11[0m
[0mGET / [32m200 [0m7.737 ms - 11[0m
[0mGET / [32m200 [0m0.341 ms - 11[0m
[0mGET / [32m200 [0m0.614 ms - 11[0m
[0mGET / [32m200 [0m5.813 ms - 11[0m
[0mGET / [32m200 [0m17.823 ms - 11[0m
[0mGET / [32m200 [0m13.680 ms - 11[0m
[0mGET / [32m200 [0m3.117 ms - 11[0m
[0mGET / [32m200 [0m2.236 ms - 11[0m
[0mGET / [32m200 [0m5.807 ms - 11[0m
[0mGET / [32m200 [0m1.512 ms - 11[0m
[0mGET / [32m200 [0m2.579 ms - 11[0m
[0mGET / [32m200 [0m2.178 ms - 11[0m
[0mGET / [32m200 [0m1.057 ms - 11[0m
[0mGET / [32m200 [0m1.722 ms - 11[0m
[0mGET / [32m200 [0m3.530 ms - 11[0m
[0mGET / [32m200 [0m2.415 ms - 11[0m
[0mGET / [32m200 [0m2.144 ms - 11[0m
[0mGET / [32m200 [0m2.526 ms - 11[0m
[0mGET / [32m200 [0m0.646 ms - 11[0m
[0mGET / [32m200 [0m3.722 ms - 11[0m
[0mGET / [32m200 [0m6.697 ms - 11[0m
[0mGET / [32m200 [0m0.880 ms - 11[0m
[0mGET / [32m200 [0m4.978 ms - 11[0m
[0mGET / [32m200 [0m1.983 ms - 11[0m
[0mGET / [32m200 [0m6.902 ms - 11[0m
[0mGET / [32m200 [0m0.435 ms - 11[0m
[0mGET / [32m200 [0m1.341 ms - 11[0m
[0mGET / [32m200 [0m1.031 ms - 11[0m
[0mGET / [32m200 [0m2.357 ms - 11[0m
[0mGET / [32m200 [0m2.482 ms - 11[0m
[0mGET / [32m200 [0m2.422 ms - 11[0m
[0mGET / [32m200 [0m0.971 ms - 11[0m
[0mGET / [32m200 [0m2.640 ms - 11[0m
[0mGET / [32m200 [0m5.387 ms - 11[0m
[0mGET / [32m200 [0m1.406 ms - 11[0m
[0mGET / [32m200 [0m1.647 ms - 11[0m
[0mGET / [32m200 [0m0.542 ms - 11[0m
[0mGET / [32m200 [0m2.433 ms - 11[0m
[0mGET / [32m200 [0m1.690 ms - 11[0m
[0mGET / [32m200 [0m0.292 ms - 11[0m
[0mGET / [32m200 [0m9.478 ms - 11[0m
[0mGET / [32m200 [0m5.496 ms - 11[0m
[0mGET / [32m200 [0m2.817 ms - 11[0m
[0mGET / [32m200 [0m1.807 ms - 11[0m
[0mGET / [32m200 [0m3.022 ms - 11[0m
[0mGET / [32m200 [0m0.290 ms - 11[0m
[0mGET / [32m200 [0m0.402 ms - 11[0m
[0mGET / [32m200 [0m7.388 ms - 11[0m
[0mGET / [32m200 [0m1.136 ms - 11[0m
[0mGET / [32m200 [0m1.125 ms - 11[0m
[0mGET / [32m200 [0m6.686 ms - 11[0m
[0mGET / [32m200 [0m0.849 ms - 11[0m
[0mGET / [32m200 [0m0.958 ms - 11[0m
[0mGET / [32m200 [0m3.352 ms - 11[0m
[0mGET / [32m200 [0m2.622 ms - 11[0m
[0mGET / [32m200 [0m1.840 ms - 11[0m
[0mGET / [32m200 [0m4.623 ms - 11[0m
[0mGET / [32m200 [0m0.987 ms - 11[0m
[0mGET / [32m200 [0m2.239 ms - 11[0m
[0mGET / [32m200 [0m1.751 ms - 11[0m
[0mGET / [32m200 [0m9.125 ms - 11[0m
[0mGET / [32m200 [0m5.105 ms - 11[0m
[0mGET / [32m200 [0m11.672 ms - 11[0m
[0mGET / [32m200 [0m0.836 ms - 11[0m
[0mGET / [32m200 [0m5.831 ms - 11[0m
[0mGET / [32m200 [0m1.118 ms - 11[0m
[0mGET / [32m200 [0m2.072 ms - 11[0m
[0mGET / [32m200 [0m0.831 ms - 11[0m
[0mGET / [32m200 [0m4.916 ms - 11[0m
[0mGET / [32m200 [0m3.970 ms - 11[0m
[0mGET / [32m200 [0m10.081 ms - 11[0m
[0mGET / [32m200 [0m7.584 ms - 11[0m
[0mGET / [32m200 [0m4.948 ms - 11[0m
[0mGET / [32m200 [0m9.649 ms - 11[0m
[0mGET / [32m200 [0m3.554 ms - 11[0m
[0mGET / [32m200 [0m2.539 ms - 11[0m
[0mGET / [32m200 [0m6.948 ms - 11[0m
[0mGET / [32m200 [0m0.813 ms - 11[0m
[0mGET / [32m200 [0m3.171 ms - 11[0m
[0mGET / [32m200 [0m1.715 ms - 11[0m
[0mGET / [32m200 [0m3.058 ms - 11[0m
[0mGET / [32m200 [0m6.445 ms - 11[0m
[0mGET / [32m200 [0m1.906 ms - 11[0m
[0mGET / [32m200 [0m1.027 ms - 11[0m
[0mGET / [32m200 [0m17.133 ms - 11[0m
[0mGET / [32m200 [0m14.262 ms - 11[0m
[0mGET / [32m200 [0m7.896 ms - 11[0m
[0mGET / [32m200 [0m0.977 ms - 11[0m
[0mGET / [32m200 [0m2.379 ms - 11[0m
[0mGET / [32m200 [0m9.653 ms - 11[0m
[0mGET / [32m200 [0m6.496 ms - 11[0m
[0mGET / [32m200 [0m0.970 ms - 11[0m
[0mGET / [32m200 [0m3.485 ms - 11[0m
[0mGET / [32m200 [0m1.957 ms - 11[0m
[0mGET / [32m200 [0m2.282 ms - 11[0m
[0mGET / [32m200 [0m1.254 ms - 11[0m
[0mGET / [32m200 [0m3.829 ms - 11[0m
[0mGET / [32m200 [0m1.799 ms - 11[0m
[0mGET / [32m200 [0m0.511 ms - 11[0m
[0mGET / [32m200 [0m0.464 ms - 11[0m
[0mGET / [32m200 [0m6.792 ms - 11[0m
[0mGET / [32m200 [0m3.909 ms - 11[0m
[0mGET / [32m200 [0m0.374 ms - 11[0m
[0mGET / [32m200 [0m2.008 ms - 11[0m
[0mGET / [32m200 [0m4.044 ms - 11[0m
[0mGET / [32m200 [0m0.274 ms - 11[0m
[0mGET / [32m200 [0m3.261 ms - 11[0m
[0mGET / [32m200 [0m1.437 ms - 11[0m
[0mGET / [32m200 [0m2.054 ms - 11[0m
[0mGET / [32m200 [0m3.280 ms - 11[0m
[0mGET / [32m200 [0m1.022 ms - 11[0m
[0mGET / [32m200 [0m10.161 ms - 11[0m
[0mGET / [32m200 [0m8.629 ms - 11[0m
[0mGET / [32m200 [0m0.434 ms - 11[0m
[0mGET / [32m200 [0m2.221 ms - 11[0m
[0mGET / [32m200 [0m1.982 ms - 11[0m
[0mGET / [32m200 [0m1.876 ms - 11[0m
[0mGET / [32m200 [0m1.489 ms - 11[0m
[0mGET / [32m200 [0m0.684 ms - 11[0m
[0mGET / [32m200 [0m11.138 ms - 11[0m
[0mGET / [32m200 [0m5.392 ms - 11[0m
[0mGET / [32m200 [0m0.480 ms - 11[0m
[0mGET / [32m200 [0m1.186 ms - 11[0m
[0mGET / [32m200 [0m5.003 ms - 11[0m
[0mGET / [32m200 [0m0.908 ms - 11[0m
[0mGET / [32m200 [0m2.533 ms - 11[0m
[0mGET / [32m200 [0m1.690 ms - 11[0m
[0mGET / [32m200 [0m0.486 ms - 11[0m
[0mGET / [32m200 [0m3.243 ms - 11[0m
[0mGET / [32m200 [0m1.131 ms - 11[0m
[0mGET / [32m200 [0m0.576 ms - 11[0m
[0mGET / [32m200 [0m3.029 ms - 11[0m
[0mGET / [32m200 [0m19.510 ms - 11[0m
[0mGET / [32m200 [0m1.357 ms - 11[0m
[0mGET / [32m200 [0m1.107 ms - 11[0m
[0mGET / [32m200 [0m1.918 ms - 11[0m
[0mGET / [32m200 [0m5.763 ms - 11[0m
[0mGET / [32m200 [0m0.618 ms - 11[0m
[0mGET / [32m200 [0m0.362 ms - 11[0m
[0mGET / [32m200 [0m0.477 ms - 11[0m
[0mGET / [32m200 [0m2.478 ms - 11[0m
[0mGET / [32m200 [0m0.369 ms - 11[0m
[0mGET / [32m200 [0m3.012 ms - 11[0m
[0mGET / [32m200 [0m2.516 ms - 11[0m
[0mGET / [32m200 [0m4.920 ms - 11[0m
[0mGET / [32m200 [0m0.253 ms - 11[0m
[0mGET / [32m200 [0m0.600 ms - 11[0m
[0mGET / [32m200 [0m1.175 ms - 11[0m
[0mGET / [32m200 [0m0.996 ms - 11[0m
[0mGET / [32m200 [0m0.344 ms - 11[0m
[0mGET / [32m200 [0m0.839 ms - 11[0m
[0mGET / [32m200 [0m0.355 ms - 11[0m
[0mGET / [32m200 [0m7.560 ms - 11[0m
[0mGET / [32m200 [0m4.033 ms - 11[0m
[0mGET / [32m200 [0m0.571 ms - 11[0m
[0mGET / [32m200 [0m1.151 ms - 11[0m
[0mGET / [32m200 [0m0.454 ms - 11[0m
[0mGET / [32m200 [0m0.814 ms - 11[0m
[0mGET / [32m200 [0m0.606 ms - 11[0m
[0mGET / [32m200 [0m0.806 ms - 11[0m
[0mGET / [32m200 [0m5.052 ms - 11[0m
[0mGET / [32m200 [0m1.552 ms - 11[0m
[0mGET / [32m200 [0m1.349 ms - 11[0m
[0mGET / [32m200 [0m1.028 ms - 11[0m
[0mGET / [32m200 [0m4.477 ms - 11[0m
[0mGET / [32m200 [0m0.578 ms - 11[0m
[0mGET / [32m200 [0m0.664 ms - 11[0m
[0mGET / [32m200 [0m0.791 ms - 11[0m
[0mGET / [32m200 [0m4.428 ms - 11[0m
[0mGET / [32m200 [0m1.823 ms - 11[0m
[0mGET / [32m200 [0m1.024 ms - 11[0m
[0mGET / [32m200 [0m0.892 ms - 11[0m
[0mGET / [32m200 [0m4.186 ms - 11[0m
[0mGET / [32m200 [0m0.272 ms - 11[0m
[0mGET / [32m200 [0m0.732 ms - 11[0m
[0mGET / [32m200 [0m0.766 ms - 11[0m
[0mGET / [32m200 [0m2.567 ms - 11[0m
[0mGET / [32m200 [0m5.578 ms - 11[0m
[0mGET / [32m200 [0m0.686 ms - 11[0m
[0mGET / [32m200 [0m0.907 ms - 11[0m
[0mGET / [32m200 [0m0.807 ms - 11[0m
[0mGET / [32m200 [0m0.908 ms - 11[0m
[0mGET / [32m200 [0m1.536 ms - 11[0m
[0mGET / [32m200 [0m1.069 ms - 11[0m
[0mGET / [32m200 [0m11.405 ms - 11[0m
[0mGET / [32m200 [0m6.606 ms - 11[0m
[0mGET / [32m200 [0m0.422 ms - 11[0m
[0mGET / [32m200 [0m0.335 ms - 11[0m
[0mGET / [32m200 [0m5.748 ms - 11[0m
[0mGET / [32m200 [0m0.853 ms - 11[0m
[0mGET / [32m200 [0m0.775 ms - 11[0m
[0mGET / [32m200 [0m0.815 ms - 11[0m
[0mGET / [32m200 [0m2.201 ms - 11[0m
[0mGET / [32m200 [0m1.348 ms - 11[0m
[0mGET / [32m200 [0m0.678 ms - 11[0m
[0mGET / [32m200 [0m0.773 ms - 11[0m
[0mGET / [32m200 [0m0.439 ms - 11[0m
[0mGET / [32m200 [0m0.511 ms - 11[0m
[0mGET / [32m200 [0m0.397 ms - 11[0m
[0mGET / [32m200 [0m0.471 ms - 11[0m
[0mGET / [32m200 [0m6.618 ms - 11[0m
[0mGET / [32m200 [0m2.941 ms - 11[0m
[0mGET / [32m200 [0m0.566 ms - 11[0m
[0mGET / [32m200 [0m0.888 ms - 11[0m
[0mGET / [32m200 [0m2.097 ms - 11[0m
[0mGET / [32m200 [0m0.400 ms - 11[0m
[0mGET / [32m200 [0m11.497 ms - 11[0m
[0mGET / [32m200 [0m4.553 ms - 11[0m
[0mGET / [32m200 [0m31.786 ms - 11[0m
[0mGET / [32m200 [0m33.138 ms - 11[0m
[0mGET / [32m200 [0m9.412 ms - 11[0m
[0mGET / [32m200 [0m0.987 ms - 11[0m
[0mGET / [32m200 [0m1.609 ms - 11[0m
[0mGET / [32m200 [0m0.548 ms - 11[0m
[0mGET / [32m200 [0m5.061 ms - 11[0m
[0mGET / [32m200 [0m5.137 ms - 11[0m
[0mGET / [32m200 [0m11.114 ms - 11[0m
[0mGET / [32m200 [0m5.643 ms - 11[0m
[0mGET / [32m200 [0m16.402 ms - 11[0m
[0mGET / [32m200 [0m0.943 ms - 11[0m
[0mGET / [32m200 [0m0.894 ms - 11[0m
[0mGET / [32m200 [0m1.188 ms - 11[0m
[0mGET / [32m200 [0m2.416 ms - 11[0m
[0mGET / [32m200 [0m7.189 ms - 11[0m
[0mGET / [32m200 [0m0.768 ms - 11[0m
[0mGET / [32m200 [0m1.029 ms - 11[0m
[0mGET / [32m200 [0m1.666 ms - 11[0m
[0mGET / [32m200 [0m1.090 ms - 11[0m
[0mGET / [32m200 [0m2.001 ms - 11[0m
[0mGET / [32m200 [0m2.921 ms - 11[0m
[0mGET / [32m200 [0m8.071 ms - 11[0m
[0mGET / [32m200 [0m5.749 ms - 11[0m
[0mGET / [32m200 [0m0.766 ms - 11[0m
[0mGET / [32m200 [0m0.946 ms - 11[0m
[0mGET / [32m200 [0m1.758 ms - 11[0m
[0mGET / [32m200 [0m12.195 ms - 11[0m
[0mGET / [32m200 [0m0.746 ms - 11[0m
[0mGET / [32m200 [0m1.946 ms - 11[0m
[0mGET / [32m200 [0m7.272 ms - 11[0m
[0mGET / [32m200 [0m7.520 ms - 11[0m
[0mGET / [32m200 [0m4.677 ms - 11[0m
[0mGET / [32m200 [0m4.802 ms - 11[0m
[0mGET / [32m200 [0m1.733 ms - 11[0m
[0mGET / [32m200 [0m0.329 ms - 11[0m
[0mGET / [32m200 [0m0.794 ms - 11[0m
[0mGET / [32m200 [0m2.602 ms - 11[0m
[0mGET / [32m200 [0m7.974 ms - 11[0m
[0mGET / [32m200 [0m0.953 ms - 11[0m
[0mGET / [32m200 [0m0.908 ms - 11[0m
[0mGET / [32m200 [0m0.950 ms - 11[0m
[0mGET / [32m200 [0m2.122 ms - 11[0m
[0mGET / [32m200 [0m1.217 ms - 11[0m
[0mGET / [32m200 [0m3.649 ms - 11[0m
[0mGET / [32m200 [0m3.230 ms - 11[0m
[0mGET / [32m200 [0m1.952 ms - 11[0m
[0mGET / [32m200 [0m3.271 ms - 11[0m
[0mGET / [32m200 [0m1.268 ms - 11[0m
[0mGET / [32m200 [0m1.363 ms - 11[0m
[0mGET / [32m200 [0m0.619 ms - 11[0m
[0mGET / [32m200 [0m3.396 ms - 11[0m
[0mGET / [32m200 [0m0.639 ms - 11[0m
[0mGET / [32m200 [0m1.377 ms - 11[0m
[0mGET / [32m200 [0m2.723 ms - 11[0m
[0mGET / [32m200 [0m2.939 ms - 11[0m
[0mGET / [32m200 [0m0.722 ms - 11[0m
[0mGET / [32m200 [0m0.846 ms - 11[0m
[0mGET / [32m200 [0m1.489 ms - 11[0m
[0mGET / [32m200 [0m1.765 ms - 11[0m
[0mGET / [32m200 [0m0.872 ms - 11[0m
[0mGET / [32m200 [0m1.039 ms - 11[0m
[0mGET / [32m200 [0m1.117 ms - 11[0m
[0mGET / [32m200 [0m1.367 ms - 11[0m
[0mGET / [32m200 [0m0.914 ms - 11[0m
[0mGET / [32m200 [0m1.024 ms - 11[0m
[0mGET / [32m200 [0m0.600 ms - 11[0m
[0mGET / [32m200 [0m3.292 ms - 11[0m
[0mGET / [32m200 [0m1.214 ms - 11[0m
[0mGET / [32m200 [0m2.413 ms - 11[0m
[0mGET / [32m200 [0m0.830 ms - 11[0m
[0mGET / [32m200 [0m1.126 ms - 11[0m
[0mGET / [32m200 [0m1.042 ms - 11[0m
[0mGET / [32m200 [0m1.098 ms - 11[0m
[0mGET / [32m200 [0m1.229 ms - 11[0m
[0mGET / [32m200 [0m1.177 ms - 11[0m
[0mGET / [32m200 [0m0.915 ms - 11[0m
[0mGET / [32m200 [0m1.072 ms - 11[0m
[0mGET / [32m200 [0m0.753 ms - 11[0m
[0mGET / [32m200 [0m0.864 ms - 11[0m
[0mGET / [32m200 [0m0.930 ms - 11[0m
[0mGET / [32m200 [0m0.811 ms - 11[0m
[0mGET / [32m200 [0m0.838 ms - 11[0m
[0mGET / [32m200 [0m1.037 ms - 11[0m
[0mGET / [32m200 [0m1.165 ms - 11[0m
[0mGET / [32m200 [0m1.166 ms - 11[0m
[0mGET / [32m200 [0m12.893 ms - 11[0m
[0mGET / [32m200 [0m13.500 ms - 11[0m
[0mGET / [32m200 [0m0.714 ms - 11[0m
[0mGET / [32m200 [0m1.020 ms - 11[0m
[0mGET / [32m200 [0m0.728 ms - 11[0m
[0mGET / [32m200 [0m0.841 ms - 11[0m
[0mGET / [32m200 [0m1.539 ms - 11[0m
[0mGET / [32m200 [0m1.137 ms - 11[0m
[0mGET / [32m200 [0m0.727 ms - 11[0m
[0mGET / [32m200 [0m1.010 ms - 11[0m
[0mGET / [32m200 [0m0.825 ms - 11[0m
[0mGET / [32m200 [0m3.192 ms - 11[0m
[0mGET / [32m200 [0m0.905 ms - 11[0m
[0mGET / [32m200 [0m0.820 ms - 11[0m
[0mGET / [32m200 [0m1.384 ms - 11[0m
[0mGET / [32m200 [0m0.839 ms - 11[0m
[0mGET / [32m200 [0m0.927 ms - 11[0m
[0mGET / [32m200 [0m1.142 ms - 11[0m
[0mGET / [32m200 [0m2.738 ms - 11[0m
[0mGET / [32m200 [0m1.237 ms - 11[0m
[0mGET / [32m200 [0m0.723 ms - 11[0m
[0mGET / [32m200 [0m0.371 ms - 11[0m
[0mGET / [32m200 [0m1.881 ms - 11[0m
[0mGET / [32m200 [0m1.033 ms - 11[0m
[0mGET / [32m200 [0m0.891 ms - 11[0m
[0mGET / [32m200 [0m1.179 ms - 11[0m
[0mGET / [32m200 [0m0.897 ms - 11[0m
[0mGET / [32m200 [0m0.977 ms - 11[0m
[0mGET / [32m200 [0m1.313 ms - 11[0m
[0mGET / [32m200 [0m1.072 ms - 11[0m
[0mGET / [32m200 [0m1.542 ms - 11[0m
[0mGET / [32m200 [0m1.619 ms - 11[0m
[0mGET / [32m200 [0m0.739 ms - 11[0m
[0mGET / [32m200 [0m0.948 ms - 11[0m
[0mGET / [32m200 [0m1.217 ms - 11[0m
[0mGET / [32m200 [0m1.020 ms - 11[0m
[0mGET / [32m200 [0m2.138 ms - 11[0m
[0mGET / [32m200 [0m1.743 ms - 11[0m
[0mGET / [32m200 [0m0.869 ms - 11[0m
[0mGET / [32m200 [0m1.000 ms - 11[0m
[0mGET / [32m200 [0m3.521 ms - 11[0m
[0mGET / [32m200 [0m2.651 ms - 11[0m
[0mGET / [32m200 [0m1.451 ms - 11[0m
[0mGET / [32m200 [0m0.805 ms - 11[0m
[0mGET / [32m200 [0m0.705 ms - 11[0m
[0mGET / [32m200 [0m0.947 ms - 11[0m
[0mGET / [32m200 [0m0.415 ms - 11[0m
[0mGET / [32m200 [0m0.534 ms - 11[0m
[0mGET / [32m200 [0m1.284 ms - 11[0m
[0mGET / [32m200 [0m0.822 ms - 11[0m
[0mGET / [32m200 [0m0.677 ms - 11[0m
[0mGET / [32m200 [0m0.830 ms - 11[0m
[0mGET / [32m200 [0m0.369 ms - 11[0m
[0mGET / [32m200 [0m1.268 ms - 11[0m
[0mGET / [32m200 [0m8.087 ms - 11[0m
[0mGET / [32m200 [0m5.745 ms - 11[0m
[0mGET / [32m200 [0m10.772 ms - 11[0m
[0mGET / [32m200 [0m15.109 ms - 11[0m
[0mGET / [32m200 [0m0.398 ms - 11[0m
[0mGET / [32m200 [0m0.809 ms - 11[0m
[0mGET / [32m200 [0m4.258 ms - 11[0m
[0mGET / [32m200 [0m5.663 ms - 11[0m
[0mGET / [32m200 [0m0.720 ms - 11[0m
[0mGET / [32m200 [0m0.840 ms - 11[0m
[0mGET / [32m200 [0m0.883 ms - 11[0m
[0mGET / [32m200 [0m1.031 ms - 11[0m
[0mGET / [32m200 [0m1.230 ms - 11[0m
[0mGET / [32m200 [0m1.251 ms - 11[0m
[0mGET / [32m200 [0m1.036 ms - 11[0m
[0mGET / [32m200 [0m0.810 ms - 11[0m
[0mGET / [32m200 [0m2.160 ms - 11[0m
[0mGET / [32m200 [0m2.960 ms - 11[0m
[0mGET / [32m200 [0m1.109 ms - 11[0m
[0mGET / [32m200 [0m1.397 ms - 11[0m
[0mGET / [32m200 [0m1.443 ms - 11[0m
[0mGET / [32m200 [0m5.719 ms - 11[0m
[0mGET / [32m200 [0m0.875 ms - 11[0m
[0mGET / [32m200 [0m1.309 ms - 11[0m
[0mGET / [32m200 [0m17.992 ms - 11[0m
[0mGET / [32m200 [0m14.832 ms - 11[0m
[0mGET / [32m200 [0m0.738 ms - 11[0m
[0mGET / [32m200 [0m2.326 ms - 11[0m
[0mGET / [32m200 [0m1.277 ms - 11[0m
[0mGET / [32m200 [0m0.323 ms - 11[0m
[0mGET / [32m200 [0m0.757 ms - 11[0m
[0mGET / [32m200 [0m1.315 ms - 11[0m
[0mGET / [32m200 [0m1.315 ms - 11[0m
[0mGET / [32m200 [0m0.924 ms - 11[0m
[0mGET / [32m200 [0m3.078 ms - 11[0m
[0mGET / [32m200 [0m3.040 ms - 11[0m
[0mGET / [32m200 [0m14.038 ms - 11[0m
[0mGET / [32m200 [0m1.607 ms - 11[0m
[0mGET / [32m200 [0m1.476 ms - 11[0m
[0mGET / [32m200 [0m1.848 ms - 11[0m
[0mGET / [32m200 [0m5.296 ms - 11[0m
[0mGET / [32m200 [0m0.325 ms - 11[0m
[0mGET / [32m200 [0m0.768 ms - 11[0m
[0mGET / [32m200 [0m0.976 ms - 11[0m
[0mGET / [32m200 [0m4.431 ms - 11[0m
[0mGET / [32m200 [0m0.896 ms - 11[0m
[0mGET / [32m200 [0m0.839 ms - 11[0m
[0mGET / [32m200 [0m0.993 ms - 11[0m
[0mGET / [32m200 [0m1.298 ms - 11[0m
[0mGET / [32m200 [0m7.342 ms - 11[0m
[0mGET / [32m200 [0m1.637 ms - 11[0m
[0mGET / [32m200 [0m0.649 ms - 11[0m
[0mGET / [32m200 [0m3.397 ms - 11[0m
[0mGET / [32m200 [0m0.713 ms - 11[0m
[0mGET / [32m200 [0m0.812 ms - 11[0m
[0mGET / [32m200 [0m1.402 ms - 11[0m
[0mGET / [32m200 [0m4.093 ms - 11[0m
[0mGET / [32m200 [0m0.346 ms - 11[0m
[0mGET / [32m200 [0m0.380 ms - 11[0m
[0mGET / [32m200 [0m0.869 ms - 11[0m
[0mGET / [32m200 [0m4.080 ms - 11[0m
[0mGET / [32m200 [0m1.857 ms - 11[0m
[0mGET / [32m200 [0m0.672 ms - 11[0m
[0mGET / [32m200 [0m0.946 ms - 11[0m
[0mGET / [32m200 [0m5.884 ms - 11[0m
[0mGET / [32m200 [0m3.348 ms - 11[0m
[0mGET / [32m200 [0m1.147 ms - 11[0m
[0mGET / [32m200 [0m0.850 ms - 11[0m
[0mGET / [32m200 [0m0.930 ms - 11[0m
[0mGET / [32m200 [0m6.004 ms - 11[0m
[0mGET / [32m200 [0m0.990 ms - 11[0m
[0mGET / [32m200 [0m0.811 ms - 11[0m
[0mGET / [32m200 [0m9.027 ms - 11[0m
[0mGET / [32m200 [0m4.246 ms - 11[0m
[0mGET / [32m200 [0m1.397 ms - 11[0m
[0mGET / [32m200 [0m1.217 ms - 11[0m
[0mGET / [32m200 [0m3.301 ms - 11[0m
[0mGET / [32m200 [0m1.929 ms - 11[0m
[0mGET / [32m200 [0m0.622 ms - 11[0m
[0mGET / [32m200 [0m0.377 ms - 11[0m
[0mGET / [32m200 [0m10.419 ms - 11[0m
[0mGET / [32m200 [0m1.101 ms - 11[0m
[0mGET / [32m200 [0m22.035 ms - 11[0m
[0mGET / [32m200 [0m14.077 ms - 11[0m
[0mGET / [32m200 [0m3.828 ms - 11[0m
[0mGET / [32m200 [0m0.398 ms - 11[0m
[0mGET / [32m200 [0m0.594 ms - 11[0m
[0mGET / [32m200 [0m0.793 ms - 11[0m
[0mGET / [32m200 [0m4.994 ms - 11[0m
[0mGET / [32m200 [0m5.360 ms - 11[0m
[0mGET / [32m200 [0m0.590 ms - 11[0m
[0mGET / [32m200 [0m1.071 ms - 11[0m
[0mGET / [32m200 [0m0.706 ms - 11[0m
[0mGET / [32m200 [0m1.492 ms - 11[0m
[0mGET / [32m200 [0m0.761 ms - 11[0m
[0mGET / [32m200 [0m0.982 ms - 11[0m
[0mGET / [32m200 [0m13.612 ms - 11[0m
[0mGET / [32m200 [0m1.026 ms - 11[0m
[0mGET / [32m200 [0m0.848 ms - 11[0m
[0mGET / [32m200 [0m2.238 ms - 11[0m
[0mGET / [32m200 [0m0.462 ms - 11[0m
[0mGET / [32m200 [0m0.981 ms - 11[0m
[0mGET / [32m200 [0m10.256 ms - 11[0m
[0mGET / [32m200 [0m10.359 ms - 11[0m
[0mGET / [32m200 [0m2.158 ms - 11[0m
[0mGET / [32m200 [0m3.813 ms - 11[0m
[0mGET / [32m200 [0m0.796 ms - 11[0m
[0mGET / [32m200 [0m0.965 ms - 11[0m
[0mGET / [32m200 [0m3.414 ms - 11[0m
[0mGET / [32m200 [0m0.732 ms - 11[0m
[0mGET / [32m200 [0m0.654 ms - 11[0m
[0mGET / [32m200 [0m1.234 ms - 11[0m
[0mGET / [32m200 [0m6.012 ms - 11[0m
[0mGET / [32m200 [0m3.736 ms - 11[0m
[0mGET / [32m200 [0m0.870 ms - 11[0m
[0mGET / [32m200 [0m1.077 ms - 11[0m
[0mGET / [32m200 [0m2.607 ms - 11[0m
[0mGET / [32m200 [0m0.427 ms - 11[0m
[0mGET / [32m200 [0m0.815 ms - 11[0m
[0mGET / [32m200 [0m0.946 ms - 11[0m
[0mGET / [32m200 [0m3.131 ms - 11[0m
[0mGET / [32m200 [0m2.758 ms - 11[0m
[0mGET / [32m200 [0m13.556 ms - 11[0m
[0mGET / [32m200 [0m13.887 ms - 11[0m
[0mGET / [32m200 [0m4.632 ms - 11[0m
[0mGET / [32m200 [0m2.158 ms - 11[0m
[0mGET / [32m200 [0m0.786 ms - 11[0m
[0mGET / [32m200 [0m0.900 ms - 11[0m
[0mGET / [32m200 [0m1.462 ms - 11[0m
[0mGET / [32m200 [0m0.362 ms - 11[0m
[0mGET / [32m200 [0m0.370 ms - 11[0m
[0mGET / [32m200 [0m0.993 ms - 11[0m
[0mGET / [32m200 [0m16.756 ms - 11[0m
[0mGET / [32m200 [0m2.029 ms - 11[0m
[0mGET / [32m200 [0m0.401 ms - 11[0m
[0mGET / [32m200 [0m0.478 ms - 11[0m
[0mGET / [32m200 [0m2.244 ms - 11[0m
[0mGET / [32m200 [0m0.427 ms - 11[0m
[0mGET / [32m200 [0m0.858 ms - 11[0m
[0mGET / [32m200 [0m0.795 ms - 11[0m
[0mGET / [32m200 [0m8.904 ms - 11[0m
[0mGET / [32m200 [0m3.395 ms - 11[0m
[0mGET / [32m200 [0m13.143 ms - 11[0m
[0mGET / [32m200 [0m14.113 ms - 11[0m
[0mGET / [32m200 [0m6.491 ms - 11[0m
[0mGET / [32m200 [0m1.144 ms - 11[0m
[0mGET / [32m200 [0m6.281 ms - 11[0m
[0mGET / [32m200 [0m2.600 ms - 11[0m
[0mGET / [32m200 [0m0.520 ms - 11[0m
[0mGET / [32m200 [0m8.960 ms - 11[0m
[0mGET / [32m200 [0m0.694 ms - 11[0m
[0mGET / [32m200 [0m0.905 ms - 11[0m
[0mGET / [32m200 [0m7.433 ms - 11[0m
[0mGET / [32m200 [0m0.320 ms - 11[0m
[0mGET / [32m200 [0m1.008 ms - 11[0m
[0mGET / [32m200 [0m1.117 ms - 11[0m
[0mGET / [32m200 [0m2.872 ms - 11[0m
[0mGET / [32m200 [0m0.605 ms - 11[0m
[0mGET / [32m200 [0m0.595 ms - 11[0m
[0mGET / [32m200 [0m1.192 ms - 11[0m
[0mGET / [32m200 [0m2.242 ms - 11[0m
[0mGET / [32m200 [0m2.523 ms - 11[0m
[0mGET / [32m200 [0m4.861 ms - 11[0m
[0mGET / [32m200 [0m0.300 ms - 11[0m
[0mGET / [32m200 [0m1.473 ms - 11[0m
[0mGET / [32m200 [0m2.788 ms - 11[0m
[0mGET / [32m200 [0m0.361 ms - 11[0m
[0mGET / [32m200 [0m0.306 ms - 11[0m
[0mGET / [32m200 [0m4.047 ms - 11[0m
[0mGET / [32m200 [0m0.565 ms - 11[0m
[0mGET / [32m200 [0m0.368 ms - 11[0m
[0mGET / [32m200 [0m0.717 ms - 11[0m
[0mGET / [32m200 [0m3.647 ms - 11[0m
[0mGET / [32m200 [0m1.296 ms - 11[0m
[0mGET / [32m200 [0m2.381 ms - 11[0m
[0mGET / [32m200 [0m2.629 ms - 11[0m
[0mGET / [32m200 [0m4.096 ms - 11[0m
[0mGET / [32m200 [0m0.283 ms - 11[0m
[0mGET / [32m200 [0m0.899 ms - 11[0m
[0mGET / [32m200 [0m0.987 ms - 11[0m
[0mGET / [32m200 [0m3.517 ms - 11[0m
[0mGET / [32m200 [0m1.813 ms - 11[0m
[0mGET / [32m200 [0m16.850 ms - 11[0m
[0mGET / [32m200 [0m0.905 ms - 11[0m
[0mGET / [32m200 [0m4.339 ms - 11[0m
[0mGET / [32m200 [0m0.926 ms - 11[0m
[0mGET / [32m200 [0m0.603 ms - 11[0m
[0mGET / [32m200 [0m0.922 ms - 11[0m
[0mGET / [32m200 [0m2.281 ms - 11[0m
[0mGET / [32m200 [0m3.051 ms - 11[0m
[0mGET / [32m200 [0m0.638 ms - 11[0m
[0mGET / [32m200 [0m0.833 ms - 11[0m
[0mGET / [32m200 [0m5.255 ms - 11[0m
[0mGET / [32m200 [0m2.905 ms - 11[0m
[0mGET / [32m200 [0m0.581 ms - 11[0m
[0mGET / [32m200 [0m0.781 ms - 11[0m
[0mGET / [32m200 [0m13.859 ms - 11[0m
[0mGET / [32m200 [0m4.969 ms - 11[0m
[0mGET / [32m200 [0m2.604 ms - 11[0m
[0mGET / [32m200 [0m1.657 ms - 11[0m
[0mGET / [32m200 [0m4.628 ms - 11[0m
[0mGET / [32m200 [0m4.806 ms - 11[0m
[0mGET / [32m200 [0m0.770 ms - 11[0m
[0mGET / [32m200 [0m0.903 ms - 11[0m
[0mGET / [32m200 [0m8.987 ms - 11[0m
[0mGET / [32m200 [0m7.090 ms - 11[0m
[0mGET / [32m200 [0m0.362 ms - 11[0m
[0mGET / [32m200 [0m0.424 ms - 11[0m
[0mGET / [32m200 [0m2.351 ms - 11[0m
[0mGET / [32m200 [0m13.713 ms - 11[0m
[0mGET / [32m200 [0m1.517 ms - 11[0m
[0mGET / [32m200 [0m0.453 ms - 11[0m
[0mGET / [32m200 [0m0.436 ms - 11[0m
[0mGET / [32m200 [0m6.860 ms - 11[0m
[0mGET / [32m200 [0m2.770 ms - 11[0m
[0mGET / [32m200 [0m0.381 ms - 11[0m
[0mGET / [32m200 [0m1.117 ms - 11[0m
[0mGET / [32m200 [0m1.021 ms - 11[0m
[0mGET / [32m200 [0m0.591 ms - 11[0m
[0mGET / [32m200 [0m1.009 ms - 11[0m
[0mGET / [32m200 [0m2.151 ms - 11[0m
[0mGET / [32m200 [0m0.501 ms - 11[0m
[0mGET / [32m200 [0m0.374 ms - 11[0m
[0mGET / [32m200 [0m0.505 ms - 11[0m
[0mGET / [32m200 [0m3.032 ms - 11[0m
[0mGET / [32m200 [0m2.960 ms - 11[0m
[0mGET / [32m200 [0m5.526 ms - 11[0m
[0mGET / [32m200 [0m0.827 ms - 11[0m
[0mGET / [32m200 [0m5.008 ms - 11[0m
[0mGET / [32m200 [0m0.390 ms - 11[0m
[0mGET / [32m200 [0m0.693 ms - 11[0m
[0mGET / [32m200 [0m0.871 ms - 11[0m
[0mGET / [32m200 [0m9.651 ms - 11[0m
[0mGET / [32m200 [0m2.528 ms - 11[0m
[0mGET / [32m200 [0m0.847 ms - 11[0m
[0mGET / [32m200 [0m0.524 ms - 11[0m
[0mGET / [32m200 [0m1.566 ms - 11[0m
[0mGET / [32m200 [0m4.122 ms - 11[0m
[0mGET / [32m200 [0m0.922 ms - 11[0m
[0mGET / [32m200 [0m1.106 ms - 11[0m
[0mGET / [32m200 [0m16.952 ms - 11[0m
[0mGET / [32m200 [0m4.419 ms - 11[0m
[0mGET / [32m200 [0m0.721 ms - 11[0m
[0mGET / [32m200 [0m0.789 ms - 11[0m
[0mGET / [32m200 [0m9.908 ms - 11[0m
[0mGET / [32m200 [0m5.057 ms - 11[0m
[0mGET / [32m200 [0m1.439 ms - 11[0m
[0mGET / [32m200 [0m0.919 ms - 11[0m
[0mGET / [32m200 [0m1.339 ms - 11[0m
[0mGET / [32m200 [0m0.354 ms - 11[0m
[0mGET / [32m200 [0m0.576 ms - 11[0m
[0mGET / [32m200 [0m0.995 ms - 11[0m
[0mGET / [32m200 [0m0.821 ms - 11[0m
[0mGET / [32m200 [0m11.938 ms - 11[0m
[0mGET / [32m200 [0m0.962 ms - 11[0m
[0mGET / [32m200 [0m0.794 ms - 11[0m
[0mGET / [32m200 [0m8.823 ms - 11[0m
[0mGET / [32m200 [0m9.310 ms - 11[0m
[0mGET / [32m200 [0m0.592 ms - 11[0m
[0mGET / [32m200 [0m1.141 ms - 11[0m
[0mGET / [32m200 [0m7.904 ms - 11[0m
[0mGET / [32m200 [0m0.329 ms - 11[0m
[0mGET / [32m200 [0m0.598 ms - 11[0m
[0mGET / [32m200 [0m1.056 ms - 11[0m
[0mGET / [32m200 [0m4.449 ms - 11[0m
[0mGET / [32m200 [0m0.331 ms - 11[0m
[0mGET / [32m200 [0m0.545 ms - 11[0m
[0mGET / [32m200 [0m0.378 ms - 11[0m
[0mGET / [32m200 [0m4.107 ms - 11[0m
[0mGET / [32m200 [0m0.323 ms - 11[0m
[0mGET / [32m200 [0m0.844 ms - 11[0m
[0mGET / [32m200 [0m0.772 ms - 11[0m
[0mGET / [32m200 [0m6.455 ms - 11[0m
[0mGET / [32m200 [0m1.075 ms - 11[0m
[0mGET / [32m200 [0m3.254 ms - 11[0m
[0mGET / [32m200 [0m1.485 ms - 11[0m
[0mGET / [32m200 [0m7.613 ms - 11[0m
[0mGET / [32m200 [0m0.927 ms - 11[0m
[0mGET / [32m200 [0m1.283 ms - 11[0m
[0mGET / [32m200 [0m0.353 ms - 11[0m
[0mGET / [32m200 [0m4.342 ms - 11[0m
[0mGET / [32m200 [0m0.312 ms - 11[0m
io enter middleware
check player id undefined
io enter middleware
check player id undefined
[0mGET / [32m200 [0m2.223 ms - 11[0m
[0mGET / [32m200 [0m0.879 ms - 11[0m
[0mGET / [32m200 [0m5.685 ms - 11[0m
[0mGET / [32m200 [0m0.306 ms - 11[0m
[0mGET / [32m200 [0m2.479 ms - 11[0m
[0mGET / [32m200 [0m3.024 ms - 11[0m
[0mGET / [32m200 [0m4.286 ms - 11[0m
[0mGET / [32m200 [0m18.712 ms - 11[0m
[0mGET / [32m200 [0m21.875 ms - 11[0m
[0mGET / [32m200 [0m0.910 ms - 11[0m
[0mGET / [32m200 [0m4.140 ms - 11[0m
[0mGET / [32m200 [0m0.917 ms - 11[0m
[0mGET / [32m200 [0m10.890 ms - 11[0m
[0mGET / [32m200 [0m11.147 ms - 11[0m
[0mGET / [32m200 [0m0.970 ms - 11[0m
[0mGET / [32m200 [0m2.842 ms - 11[0m
[0mGET / [32m200 [0m2.604 ms - 11[0m
[0mGET / [32m200 [0m0.875 ms - 11[0m
[0mGET / [32m200 [0m1.110 ms - 11[0m
[0mGET / [32m200 [0m10.373 ms - 11[0m
[0mGET / [32m200 [0m12.298 ms - 11[0m
[0mGET / [32m200 [0m24.267 ms - 11[0m
[0mGET / [32m200 [0m4.700 ms - 11[0m
[0mGET / [32m200 [0m0.841 ms - 11[0m
[0mGET / [32m200 [0m4.902 ms - 11[0m
[0mGET / [32m200 [0m0.949 ms - 11[0m
[0mGET / [32m200 [0m0.943 ms - 11[0m
[0mGET / [32m200 [0m10.015 ms - 11[0m
[0mGET / [32m200 [0m7.924 ms - 11[0m
[0mGET / [32m200 [0m8.244 ms - 11[0m
[0mGET / [32m200 [0m8.009 ms - 11[0m
[0mGET / [32m200 [0m1.145 ms - 11[0m
[0mGET / [32m200 [0m3.012 ms - 11[0m
[0mGET / [32m200 [0m1.862 ms - 11[0m
[0mGET / [32m200 [0m0.525 ms - 11[0m
[0mGET / [32m200 [0m1.898 ms - 11[0m
[0mGET / [32m200 [0m6.027 ms - 11[0m
[0mGET / [32m200 [0m0.894 ms - 11[0m
[0mGET / [32m200 [0m3.182 ms - 11[0m
[0mGET / [32m200 [0m14.161 ms - 11[0m
[0mGET / [32m200 [0m2.704 ms - 11[0m
[0mGET / [32m200 [0m2.750 ms - 11[0m
[0mGET / [32m200 [0m4.300 ms - 11[0m
[0mGET / [32m200 [0m3.268 ms - 11[0m
[0mGET / [32m200 [0m10.221 ms - 11[0m
[0mGET / [32m200 [0m0.858 ms - 11[0m
[0mGET / [32m200 [0m3.721 ms - 11[0m
[0mGET / [32m200 [0m1.740 ms - 11[0m
[0mGET / [32m200 [0m0.372 ms - 11[0m
[0mGET / [32m200 [0m5.501 ms - 11[0m
[0mGET / [32m200 [0m19.432 ms - 11[0m
[0mGET / [32m200 [0m13.873 ms - 11[0m
[0mGET / [32m200 [0m6.057 ms - 11[0m
[0mGET / [32m200 [0m10.752 ms - 11[0m
[0mGET / [32m200 [0m0.394 ms - 11[0m
[0mGET / [32m200 [0m0.350 ms - 11[0m
[0mGET / [32m200 [0m0.774 ms - 11[0m
[0mGET / [32m200 [0m0.933 ms - 11[0m
[0mGET / [32m200 [0m6.697 ms - 11[0m
[0mGET / [32m200 [0m9.235 ms - 11[0m
[0mGET / [32m200 [0m8.290 ms - 11[0m
[0mGET / [32m200 [0m1.043 ms - 11[0m
[0mGET / [32m200 [0m1.494 ms - 11[0m
[0mGET / [32m200 [0m10.921 ms - 11[0m
[0mGET / [32m200 [0m13.118 ms - 11[0m
[0mGET / [32m200 [0m0.805 ms - 11[0m
[0mGET / [32m200 [0m3.987 ms - 11[0m
[0mGET / [32m200 [0m4.952 ms - 11[0m
[0mGET / [32m200 [0m7.361 ms - 11[0m
[0mGET / [32m200 [0m7.316 ms - 11[0m
[0mGET / [32m200 [0m0.666 ms - 11[0m
[0mGET / [32m200 [0m0.967 ms - 11[0m
[0mGET / [32m200 [0m11.374 ms - 11[0m
[0mGET / [32m200 [0m10.398 ms - 11[0m
[0mGET / [32m200 [0m1.847 ms - 11[0m
[0mGET / [32m200 [0m2.160 ms - 11[0m
[0mGET / [32m200 [0m7.406 ms - 11[0m
[0mGET / [32m200 [0m0.849 ms - 11[0m
[0mGET / [32m200 [0m4.938 ms - 11[0m
[0mGET / [32m200 [0m4.435 ms - 11[0m
[0mGET / [32m200 [0m2.394 ms - 11[0m
[0mGET / [32m200 [0m0.872 ms - 11[0m
[0mGET / [32m200 [0m9.252 ms - 11[0m
[0mGET / [32m200 [0m9.447 ms - 11[0m
[0mGET / [32m200 [0m8.684 ms - 11[0m
[0mGET / [32m200 [0m8.973 ms - 11[0m
[0mGET / [32m200 [0m0.397 ms - 11[0m
[0mGET / [32m200 [0m2.980 ms - 11[0m
[0mGET / [32m200 [0m8.553 ms - 11[0m
[0mGET / [32m200 [0m8.689 ms - 11[0m
[0mGET / [32m200 [0m0.618 ms - 11[0m
[0mGET / [32m200 [0m7.533 ms - 11[0m
[0mGET / [32m200 [0m5.263 ms - 11[0m
[0mGET / [32m200 [0m0.847 ms - 11[0m
[0mGET / [32m200 [0m7.876 ms - 11[0m
[0mGET / [32m200 [0m6.194 ms - 11[0m
[0mGET / [32m200 [0m6.859 ms - 11[0m
[0mGET / [32m200 [0m6.985 ms - 11[0m
[0mGET / [32m200 [0m4.412 ms - 11[0m
[0mGET / [32m200 [0m3.378 ms - 11[0m
[0mGET / [32m200 [0m21.914 ms - 11[0m
[0mGET / [32m200 [0m19.564 ms - 11[0m
[0mGET / [32m200 [0m2.784 ms - 11[0m
[0mGET / [32m200 [0m1.005 ms - 11[0m
[0mGET / [32m200 [0m3.921 ms - 11[0m
[0mGET / [32m200 [0m0.850 ms - 11[0m
[0mGET / [32m200 [0m11.287 ms - 11[0m
[0mGET / [32m200 [0m1.444 ms - 11[0m
[0mGET / [32m200 [0m9.399 ms - 11[0m
[0mGET / [32m200 [0m0.333 ms - 11[0m
[0mGET / [32m200 [0m2.022 ms - 11[0m
[0mGET / [32m200 [0m2.134 ms - 11[0m
[0mGET / [32m200 [0m25.417 ms - 11[0m
[0mGET / [32m200 [0m0.598 ms - 11[0m
[0mGET / [32m200 [0m3.056 ms - 11[0m
[0mGET / [32m200 [0m3.013 ms - 11[0m
[0mGET / [32m200 [0m1.461 ms - 11[0m
[0mGET / [32m200 [0m3.508 ms - 11[0m
[0mGET / [32m200 [0m1.842 ms - 11[0m
[0mGET / [32m200 [0m1.955 ms - 11[0m
[0mGET / [32m200 [0m1.539 ms - 11[0m
[0mGET / [32m200 [0m1.328 ms - 11[0m
[0mGET / [32m200 [0m2.737 ms - 11[0m
[0mGET / [32m200 [0m2.835 ms - 11[0m
[0mGET / [32m200 [0m1.805 ms - 11[0m
[0mGET / [32m200 [0m0.349 ms - 11[0m
[0mGET / [32m200 [0m0.857 ms - 11[0m
[0mGET / [32m200 [0m0.994 ms - 11[0m
[0mGET / [32m200 [0m8.486 ms - 11[0m
[0mGET / [32m200 [0m1.869 ms - 11[0m
[0mGET / [32m200 [0m15.773 ms - 11[0m
[0mGET / [32m200 [0m2.841 ms - 11[0m
[0mGET / [32m200 [0m5.139 ms - 11[0m
[0mGET / [32m200 [0m1.328 ms - 11[0m
[0mGET / [32m200 [0m2.757 ms - 11[0m
[0mGET / [32m200 [0m6.333 ms - 11[0m
[0mGET / [32m200 [0m2.977 ms - 11[0m
[0mGET / [32m200 [0m0.437 ms - 11[0m
[0mGET / [32m200 [0m2.510 ms - 11[0m
[0mGET / [32m200 [0m0.930 ms - 11[0m
[0mGET / [32m200 [0m3.680 ms - 11[0m
[0mGET / [32m200 [0m0.328 ms - 11[0m
[0mGET / [32m200 [0m0.467 ms - 11[0m
[0mGET / [32m200 [0m0.916 ms - 11[0m
[0mGET / [32m200 [0m11.034 ms - 11[0m
[0mGET / [32m200 [0m0.867 ms - 11[0m
[0mGET / [32m200 [0m1.355 ms - 11[0m
[0mGET / [32m200 [0m1.340 ms - 11[0m
[0mGET / [32m200 [0m4.720 ms - 11[0m
[0mGET / [32m200 [0m0.724 ms - 11[0m
[0mGET / [32m200 [0m1.879 ms - 11[0m
[0mGET / [32m200 [0m2.486 ms - 11[0m
[0mGET / [32m200 [0m7.880 ms - 11[0m
[0mGET / [32m200 [0m8.776 ms - 11[0m
[0mGET / [32m200 [0m2.858 ms - 11[0m
[0mGET / [32m200 [0m2.139 ms - 11[0m
[0mGET / [32m200 [0m10.926 ms - 11[0m
[0mGET / [32m200 [0m6.597 ms - 11[0m
[0mGET / [32m200 [0m0.658 ms - 11[0m
[0mGET / [32m200 [0m0.462 ms - 11[0m
[0mGET / [32m200 [0m2.772 ms - 11[0m
[0mGET / [32m200 [0m1.380 ms - 11[0m
[0mGET / [32m200 [0m0.983 ms - 11[0m
[0mGET / [32m200 [0m0.968 ms - 11[0m
[0mGET / [32m200 [0m4.262 ms - 11[0m
[0mGET / [32m200 [0m0.336 ms - 11[0m
[0mGET / [32m200 [0m0.827 ms - 11[0m
[0mGET / [32m200 [0m1.003 ms - 11[0m
[0mGET / [32m200 [0m3.610 ms - 11[0m
[0mGET / [32m200 [0m0.483 ms - 11[0m
[0mGET / [32m200 [0m1.164 ms - 11[0m
[0mGET / [32m200 [0m0.862 ms - 11[0m
[0mGET / [32m200 [0m2.801 ms - 11[0m
[0mGET / [32m200 [0m0.458 ms - 11[0m
[0mGET / [32m200 [0m1.451 ms - 11[0m
[0mGET / [32m200 [0m1.178 ms - 11[0m
[0mGET / [32m200 [0m10.225 ms - 11[0m
[0mGET / [32m200 [0m6.766 ms - 11[0m
[0mGET / [32m200 [0m0.597 ms - 11[0m
[0mGET / [32m200 [0m0.422 ms - 11[0m
[0mGET / [32m200 [0m13.637 ms - 11[0m
[0mGET / [32m200 [0m8.634 ms - 11[0m
[0mGET / [32m200 [0m0.593 ms - 11[0m
[0mGET / [32m200 [0m0.945 ms - 11[0m
[0mGET / [32m200 [0m3.338 ms - 11[0m
[0mGET / [32m200 [0m0.306 ms - 11[0m
[0mGET / [32m200 [0m2.953 ms - 11[0m
[0mGET / [32m200 [0m3.155 ms - 11[0m
[0mGET / [32m200 [0m15.173 ms - 11[0m
[0mGET / [32m200 [0m15.087 ms - 11[0m
io enter middleware
check player id undefined
[0mGET / [32m200 [0m0.394 ms - 11[0m
[0mGET / [32m200 [0m0.894 ms - 11[0m
io enter middleware
check player id undefined
[0mGET / [32m200 [0m15.437 ms - 11[0m
[0mGET / [32m200 [0m15.265 ms - 11[0m
[0mGET / [32m200 [0m2.729 ms - 11[0m
[0mGET / [32m200 [0m2.769 ms - 11[0m
[0mGET / [32m200 [0m1.203 ms - 11[0m
[0mGET / [32m200 [0m14.335 ms - 11[0m
[0mGET / [32m200 [0m0.780 ms - 11[0m
[0mGET / [32m200 [0m1.239 ms - 11[0m
[0mGET / [32m200 [0m2.730 ms - 11[0m
[0mGET / [32m200 [0m2.648 ms - 11[0m
[0mGET / [32m200 [0m0.394 ms - 11[0m
[0mGET / [32m200 [0m0.345 ms - 11[0m
[0mGET / [32m200 [0m9.086 ms - 11[0m
[0mGET / [32m200 [0m6.828 ms - 11[0m
[0mGET / [32m200 [0m0.882 ms - 11[0m
[0mGET / [32m200 [0m0.862 ms - 11[0m
[0mGET / [32m200 [0m14.404 ms - 11[0m
[0mGET / [32m200 [0m14.407 ms - 11[0m
[0mGET / [32m200 [0m0.802 ms - 11[0m
[0mGET / [32m200 [0m0.822 ms - 11[0m
[0mGET / [32m200 [0m10.573 ms - 11[0m
[0mGET / [32m200 [0m4.185 ms - 11[0m
[0mGET / [32m200 [0m0.784 ms - 11[0m
[0mGET / [32m200 [0m0.774 ms - 11[0m
[0mGET / [32m200 [0m4.018 ms - 11[0m
[0mGET / [32m200 [0m0.866 ms - 11[0m
[0mGET / [32m200 [0m0.999 ms - 11[0m
[0mGET / [32m200 [0m1.061 ms - 11[0m
[0mGET / [32m200 [0m3.797 ms - 11[0m
[0mGET / [32m200 [0m1.234 ms - 11[0m
[0mGET / [32m200 [0m0.873 ms - 11[0m
[0mGET / [32m200 [0m1.051 ms - 11[0m
[0mGET / [32m200 [0m6.978 ms - 11[0m
[0mGET / [32m200 [0m0.368 ms - 11[0m
[0mGET / [32m200 [0m0.738 ms - 11[0m
[0mGET / [32m200 [0m1.104 ms - 11[0m
[0mGET / [32m200 [0m3.438 ms - 11[0m
[0mGET / [32m200 [0m13.246 ms - 11[0m
[0mGET / [32m200 [0m1.914 ms - 11[0m
[0mGET / [32m200 [0m2.095 ms - 11[0m
[0mGET / [32m200 [0m9.423 ms - 11[0m
[0mGET / [32m200 [0m6.246 ms - 11[0m
[0mGET / [32m200 [0m1.054 ms - 11[0m
[0mGET / [32m200 [0m0.817 ms - 11[0m
[0mGET / [32m200 [0m5.365 ms - 11[0m
[0mGET / [32m200 [0m13.612 ms - 11[0m
[0mGET / [32m200 [0m5.470 ms - 11[0m
[0mGET / [32m200 [0m2.105 ms - 11[0m
[0mGET / [32m200 [0m2.857 ms - 11[0m
[0mGET / [32m200 [0m12.144 ms - 11[0m
[0mGET / [32m200 [0m2.068 ms - 11[0m
[0mGET / [32m200 [0m0.964 ms - 11[0m
[0mGET / [32m200 [0m2.165 ms - 11[0m
[0mGET / [32m200 [0m2.266 ms - 11[0m
[0mGET / [32m200 [0m0.559 ms - 11[0m
[0mGET / [32m200 [0m0.780 ms - 11[0m
