ok
Config
Thu Aug 03 2017 07:32:18 GMT+0000 (UTC)
Cognito
the cognitoidentity is [object Object]
SNS
setting tcp
setting sns
PostAPI
PostAPI_Chat
PostAPI_Wall
PostAPI_Pet
PostAPI_Chips
PostAPI_Login
PostAPI_Shop
PostAPI_Debug
Game init
======================
apiPort listening 2451
tcpPort listening 3008
======================
events.js:141
      throw er; // Unhandled 'error' event
      ^

Error: listen EADDRINUSE :::3008
    at Object.exports._errnoException (util.js:870:11)
    at exports._exceptionWithHostPort (util.js:893:20)
    at Server._listen2 (net.js:1234:14)
    at listen (net.js:1270:10)
    at Server.listen (net.js:1366:5)
    at Object.init (/home/ec2-user/abc/awsome_modules/IOConnection.js:59:12)
    at Object.<anonymous> (/home/ec2-user/abc/Server.js:62:55)
    at Module._compile (module.js:409:26)
    at Object.Module._extensions..js (module.js:416:10)
    at Module.load (module.js:343:32)
error: Forever detected script exited with code: 1
error: Script restart attempt #1
ok
Config
Thu Aug 03 2017 07:32:24 GMT+0000 (UTC)
Cognito
the cognitoidentity is [object Object]
SNS
setting tcp
setting sns
PostAPI
PostAPI_Chat
PostAPI_Wall
PostAPI_Pet
PostAPI_Chips
PostAPI_Login
PostAPI_Shop
PostAPI_Debug
Game init
======================
apiPort listening 2451
tcpPort listening 3008
======================
events.js:141
      throw er; // Unhandled 'error' event
      ^

Error: listen EADDRINUSE :::3008
    at Object.exports._errnoException (util.js:870:11)
    at exports._exceptionWithHostPort (util.js:893:20)
    at Server._listen2 (net.js:1234:14)
    at listen (net.js:1270:10)
    at Server.listen (net.js:1366:5)
    at Object.init (/home/ec2-user/abc/awsome_modules/IOConnection.js:59:12)
    at Object.<anonymous> (/home/ec2-user/abc/Server.js:62:55)
    at Module._compile (module.js:409:26)
    at Object.Module._extensions..js (module.js:416:10)
    at Module.load (module.js:343:32)
error: Forever detected script exited with code: 1
error: Script restart attempt #2
ok
Config
Thu Aug 03 2017 07:32:29 GMT+0000 (UTC)
Cognito
the cognitoidentity is [object Object]
SNS
setting tcp
setting sns
PostAPI
PostAPI_Chat
PostAPI_Wall
PostAPI_Pet
PostAPI_Chips
PostAPI_Login
PostAPI_Shop
PostAPI_Debug
Game init
======================
apiPort listening 2451
tcpPort listening 3008
======================
events.js:141
      throw er; // Unhandled 'error' event
      ^

Error: listen EADDRINUSE :::3008
    at Object.exports._errnoException (util.js:870:11)
    at exports._exceptionWithHostPort (util.js:893:20)
    at Server._listen2 (net.js:1234:14)
    at listen (net.js:1270:10)
    at Server.listen (net.js:1366:5)
    at Object.init (/home/ec2-user/abc/awsome_modules/IOConnection.js:59:12)
    at Object.<anonymous> (/home/ec2-user/abc/Server.js:62:55)
    at Module._compile (module.js:409:26)
    at Object.Module._extensions..js (module.js:416:10)
    at Module.load (module.js:343:32)
error: Forever detected script exited with code: 1
error: Script restart attempt #3
ok
Config
Thu Aug 03 2017 07:32:35 GMT+0000 (UTC)
Cognito
the cognitoidentity is [object Object]
SNS
setting tcp
setting sns
PostAPI
PostAPI_Chat
PostAPI_Wall
PostAPI_Pet
PostAPI_Chips
PostAPI_Login
PostAPI_Shop
PostAPI_Debug
Game init
======================
apiPort listening 2451
tcpPort listening 3008
======================
events.js:141
      throw er; // Unhandled 'error' event
      ^

Error: listen EADDRINUSE :::3008
    at Object.exports._errnoException (util.js:870:11)
    at exports._exceptionWithHostPort (util.js:893:20)
    at Server._listen2 (net.js:1234:14)
    at listen (net.js:1270:10)
    at Server.listen (net.js:1366:5)
    at Object.init (/home/ec2-user/abc/awsome_modules/IOConnection.js:59:12)
    at Object.<anonymous> (/home/ec2-user/abc/Server.js:62:55)
    at Module._compile (module.js:409:26)
    at Object.Module._extensions..js (module.js:416:10)
    at Module.load (module.js:343:32)
error: Forever detected script exited with code: 1
error: Script restart attempt #4
ok
Config
Thu Aug 03 2017 07:32:41 GMT+0000 (UTC)
Cognito
the cognitoidentity is [object Object]
SNS
setting tcp
setting sns
PostAPI
PostAPI_Chat
PostAPI_Wall
PostAPI_Pet
PostAPI_Chips
PostAPI_Login
PostAPI_Shop
PostAPI_Debug
Game init
======================
apiPort listening 2451
tcpPort listening 3008
======================
events.js:141
      throw er; // Unhandled 'error' event
      ^

Error: listen EADDRINUSE :::3008
    at Object.exports._errnoException (util.js:870:11)
    at exports._exceptionWithHostPort (util.js:893:20)
    at Server._listen2 (net.js:1234:14)
    at listen (net.js:1270:10)
    at Server.listen (net.js:1366:5)
    at Object.init (/home/ec2-user/abc/awsome_modules/IOConnection.js:59:12)
    at Object.<anonymous> (/home/ec2-user/abc/Server.js:62:55)
    at Module._compile (module.js:409:26)
    at Object.Module._extensions..js (module.js:416:10)
    at Module.load (module.js:343:32)
error: Forever detected script exited with code: 1
error: Script restart attempt #5
ok
Config
Thu Aug 03 2017 07:32:47 GMT+0000 (UTC)
Cognito
the cognitoidentity is [object Object]
SNS
setting tcp
setting sns
PostAPI
PostAPI_Chat
PostAPI_Wall
PostAPI_Pet
PostAPI_Chips
PostAPI_Login
PostAPI_Shop
PostAPI_Debug
Game init
======================
apiPort listening 2451
tcpPort listening 3008
======================
events.js:141
      throw er; // Unhandled 'error' event
      ^

Error: listen EADDRINUSE :::3008
    at Object.exports._errnoException (util.js:870:11)
    at exports._exceptionWithHostPort (util.js:893:20)
    at Server._listen2 (net.js:1234:14)
    at listen (net.js:1270:10)
    at Server.listen (net.js:1366:5)
    at Object.init (/home/ec2-user/abc/awsome_modules/IOConnection.js:59:12)
    at Object.<anonymous> (/home/ec2-user/abc/Server.js:62:55)
    at Module._compile (module.js:409:26)
    at Object.Module._extensions..js (module.js:416:10)
    at Module.load (module.js:343:32)
error: Forever detected script exited with code: 1
error: Script restart attempt #6
ok
Config
Thu Aug 03 2017 07:32:53 GMT+0000 (UTC)
Cognito
the cognitoidentity is [object Object]
SNS
setting tcp
setting sns
PostAPI
PostAPI_Chat
PostAPI_Wall
PostAPI_Pet
PostAPI_Chips
PostAPI_Login
PostAPI_Shop
PostAPI_Debug
Game init
======================
apiPort listening 2451
tcpPort listening 3008
======================
events.js:141
      throw er; // Unhandled 'error' event
      ^

Error: listen EADDRINUSE :::3008
    at Object.exports._errnoException (util.js:870:11)
    at exports._exceptionWithHostPort (util.js:893:20)
    at Server._listen2 (net.js:1234:14)
    at listen (net.js:1270:10)
    at Server.listen (net.js:1366:5)
    at Object.init (/home/ec2-user/abc/awsome_modules/IOConnection.js:59:12)
    at Object.<anonymous> (/home/ec2-user/abc/Server.js:62:55)
    at Module._compile (module.js:409:26)
    at Object.Module._extensions..js (module.js:416:10)
    at Module.load (module.js:343:32)
error: Forever detected script exited with code: 1
error: Script restart attempt #7
ok
Config
Thu Aug 03 2017 07:32:58 GMT+0000 (UTC)
Cognito
the cognitoidentity is [object Object]
SNS
setting tcp
setting sns
PostAPI
PostAPI_Chat
PostAPI_Wall
PostAPI_Pet
PostAPI_Chips
PostAPI_Login
PostAPI_Shop
PostAPI_Debug
Game init
======================
apiPort listening 2451
tcpPort listening 3008
======================
events.js:141
      throw er; // Unhandled 'error' event
      ^

Error: listen EADDRINUSE :::3008
    at Object.exports._errnoException (util.js:870:11)
    at exports._exceptionWithHostPort (util.js:893:20)
    at Server._listen2 (net.js:1234:14)
    at listen (net.js:1270:10)
    at Server.listen (net.js:1366:5)
    at Object.init (/home/ec2-user/abc/awsome_modules/IOConnection.js:59:12)
    at Object.<anonymous> (/home/ec2-user/abc/Server.js:62:55)
    at Module._compile (module.js:409:26)
    at Object.Module._extensions..js (module.js:416:10)
    at Module.load (module.js:343:32)
error: Forever detected script exited with code: 1
error: Script restart attempt #8
ok
Config
Thu Aug 03 2017 07:33:04 GMT+0000 (UTC)
Cognito
the cognitoidentity is [object Object]
SNS
setting tcp
setting sns
PostAPI
PostAPI_Chat
PostAPI_Wall
PostAPI_Pet
PostAPI_Chips
PostAPI_Login
PostAPI_Shop
PostAPI_Debug
Game init
======================
apiPort listening 2451
tcpPort listening 3008
======================
events.js:141
      throw er; // Unhandled 'error' event
      ^

Error: listen EADDRINUSE :::3008
    at Object.exports._errnoException (util.js:870:11)
    at exports._exceptionWithHostPort (util.js:893:20)
    at Server._listen2 (net.js:1234:14)
    at listen (net.js:1270:10)
    at Server.listen (net.js:1366:5)
    at Object.init (/home/ec2-user/abc/awsome_modules/IOConnection.js:59:12)
    at Object.<anonymous> (/home/ec2-user/abc/Server.js:62:55)
    at Module._compile (module.js:409:26)
    at Object.Module._extensions..js (module.js:416:10)
    at Module.load (module.js:343:32)
error: Forever detected script exited with code: 1
error: Script restart attempt #9
ok
Config
Thu Aug 03 2017 07:33:10 GMT+0000 (UTC)
Cognito
the cognitoidentity is [object Object]
SNS
setting tcp
setting sns
PostAPI
PostAPI_Chat
PostAPI_Wall
PostAPI_Pet
PostAPI_Chips
PostAPI_Login
PostAPI_Shop
PostAPI_Debug
Game init
======================
apiPort listening 2451
tcpPort listening 3008
======================
events.js:141
      throw er; // Unhandled 'error' event
      ^

Error: listen EADDRINUSE :::3008
    at Object.exports._errnoException (util.js:870:11)
    at exports._exceptionWithHostPort (util.js:893:20)
    at Server._listen2 (net.js:1234:14)
    at listen (net.js:1270:10)
    at Server.listen (net.js:1366:5)
    at Object.init (/home/ec2-user/abc/awsome_modules/IOConnection.js:59:12)
    at Object.<anonymous> (/home/ec2-user/abc/Server.js:62:55)
    at Module._compile (module.js:409:26)
    at Object.Module._extensions..js (module.js:416:10)
    at Module.load (module.js:343:32)
error: Forever detected script exited with code: 1
error: Script restart attempt #10
ok
Config
Thu Aug 03 2017 07:33:15 GMT+0000 (UTC)
Cognito
the cognitoidentity is [object Object]
SNS
setting tcp
setting sns
PostAPI
PostAPI_Chat
PostAPI_Wall
PostAPI_Pet
PostAPI_Chips
PostAPI_Login
PostAPI_Shop
PostAPI_Debug
Game init
======================
apiPort listening 2451
tcpPort listening 3008
======================
events.js:141
      throw er; // Unhandled 'error' event
      ^

Error: listen EADDRINUSE :::3008
    at Object.exports._errnoException (util.js:870:11)
    at exports._exceptionWithHostPort (util.js:893:20)
    at Server._listen2 (net.js:1234:14)
    at listen (net.js:1270:10)
    at Server.listen (net.js:1366:5)
    at Object.init (/home/ec2-user/abc/awsome_modules/IOConnection.js:59:12)
    at Object.<anonymous> (/home/ec2-user/abc/Server.js:62:55)
    at Module._compile (module.js:409:26)
    at Object.Module._extensions..js (module.js:416:10)
    at Module.load (module.js:343:32)
error: Forever detected script exited with code: 1
error: Script restart attempt #11
ok
Config
Thu Aug 03 2017 07:33:21 GMT+0000 (UTC)
Cognito
the cognitoidentity is [object Object]
SNS
setting tcp
setting sns
PostAPI
PostAPI_Chat
PostAPI_Wall
PostAPI_Pet
PostAPI_Chips
PostAPI_Login
PostAPI_Shop
PostAPI_Debug
Game init
======================
apiPort listening 2451
tcpPort listening 3008
======================
events.js:141
      throw er; // Unhandled 'error' event
      ^

Error: listen EADDRINUSE :::3008
    at Object.exports._errnoException (util.js:870:11)
    at exports._exceptionWithHostPort (util.js:893:20)
    at Server._listen2 (net.js:1234:14)
    at listen (net.js:1270:10)
    at Server.listen (net.js:1366:5)
    at Object.init (/home/ec2-user/abc/awsome_modules/IOConnection.js:59:12)
    at Object.<anonymous> (/home/ec2-user/abc/Server.js:62:55)
    at Module._compile (module.js:409:26)
    at Object.Module._extensions..js (module.js:416:10)
    at Module.load (module.js:343:32)
error: Forever detected script exited with code: 1
error: Script restart attempt #12
ok
Config
Thu Aug 03 2017 07:33:27 GMT+0000 (UTC)
Cognito
the cognitoidentity is [object Object]
SNS
setting tcp
setting sns
PostAPI
PostAPI_Chat
PostAPI_Wall
PostAPI_Pet
PostAPI_Chips
PostAPI_Login
PostAPI_Shop
PostAPI_Debug
Game init
======================
apiPort listening 2451
tcpPort listening 3008
======================
events.js:141
      throw er; // Unhandled 'error' event
      ^

Error: listen EADDRINUSE :::3008
    at Object.exports._errnoException (util.js:870:11)
    at exports._exceptionWithHostPort (util.js:893:20)
    at Server._listen2 (net.js:1234:14)
    at listen (net.js:1270:10)
    at Server.listen (net.js:1366:5)
    at Object.init (/home/ec2-user/abc/awsome_modules/IOConnection.js:59:12)
    at Object.<anonymous> (/home/ec2-user/abc/Server.js:62:55)
    at Module._compile (module.js:409:26)
    at Object.Module._extensions..js (module.js:416:10)
    at Module.load (module.js:343:32)
error: Forever detected script exited with code: 1
error: Script restart attempt #13
ok
Config
Thu Aug 03 2017 07:33:33 GMT+0000 (UTC)
Cognito
the cognitoidentity is [object Object]
SNS
setting tcp
setting sns
PostAPI
PostAPI_Chat
PostAPI_Wall
PostAPI_Pet
PostAPI_Chips
PostAPI_Login
PostAPI_Shop
PostAPI_Debug
Game init
======================
apiPort listening 2451
tcpPort listening 3008
======================
events.js:141
      throw er; // Unhandled 'error' event
      ^

Error: listen EADDRINUSE :::3008
    at Object.exports._errnoException (util.js:870:11)
    at exports._exceptionWithHostPort (util.js:893:20)
    at Server._listen2 (net.js:1234:14)
    at listen (net.js:1270:10)
    at Server.listen (net.js:1366:5)
    at Object.init (/home/ec2-user/abc/awsome_modules/IOConnection.js:59:12)
    at Object.<anonymous> (/home/ec2-user/abc/Server.js:62:55)
    at Module._compile (module.js:409:26)
    at Object.Module._extensions..js (module.js:416:10)
    at Module.load (module.js:343:32)
error: Forever detected script exited with code: 1
error: Script restart attempt #14
ok
Config
Thu Aug 03 2017 07:33:39 GMT+0000 (UTC)
Cognito
the cognitoidentity is [object Object]
SNS
setting tcp
setting sns
PostAPI
PostAPI_Chat
PostAPI_Wall
PostAPI_Pet
PostAPI_Chips
PostAPI_Login
PostAPI_Shop
PostAPI_Debug
Game init
======================
apiPort listening 2451
tcpPort listening 3008
======================
events.js:141
      throw er; // Unhandled 'error' event
      ^

Error: listen EADDRINUSE :::3008
    at Object.exports._errnoException (util.js:870:11)
    at exports._exceptionWithHostPort (util.js:893:20)
    at Server._listen2 (net.js:1234:14)
    at listen (net.js:1270:10)
    at Server.listen (net.js:1366:5)
    at Object.init (/home/ec2-user/abc/awsome_modules/IOConnection.js:59:12)
    at Object.<anonymous> (/home/ec2-user/abc/Server.js:62:55)
    at Module._compile (module.js:409:26)
    at Object.Module._extensions..js (module.js:416:10)
    at Module.load (module.js:343:32)
error: Forever detected script exited with code: 1
error: Script restart attempt #15
ok
Config
Thu Aug 03 2017 07:33:44 GMT+0000 (UTC)
Cognito
the cognitoidentity is [object Object]
SNS
setting tcp
setting sns
PostAPI
PostAPI_Chat
PostAPI_Wall
PostAPI_Pet
PostAPI_Chips
PostAPI_Login
PostAPI_Shop
PostAPI_Debug
Game init
======================
apiPort listening 2451
tcpPort listening 3008
======================
events.js:141
      throw er; // Unhandled 'error' event
      ^

Error: listen EADDRINUSE :::3008
    at Object.exports._errnoException (util.js:870:11)
    at exports._exceptionWithHostPort (util.js:893:20)
    at Server._listen2 (net.js:1234:14)
    at listen (net.js:1270:10)
    at Server.listen (net.js:1366:5)
    at Object.init (/home/ec2-user/abc/awsome_modules/IOConnection.js:59:12)
    at Object.<anonymous> (/home/ec2-user/abc/Server.js:62:55)
    at Module._compile (module.js:409:26)
    at Object.Module._extensions..js (module.js:416:10)
    at Module.load (module.js:343:32)
error: Forever detected script exited with code: 1
error: Script restart attempt #16
ok
Config
Thu Aug 03 2017 07:33:50 GMT+0000 (UTC)
Cognito
the cognitoidentity is [object Object]
SNS
setting tcp
setting sns
PostAPI
PostAPI_Chat
PostAPI_Wall
PostAPI_Pet
PostAPI_Chips
PostAPI_Login
PostAPI_Shop
PostAPI_Debug
Game init
======================
apiPort listening 2451
tcpPort listening 3008
======================
events.js:141
      throw er; // Unhandled 'error' event
      ^

Error: listen EADDRINUSE :::3008
    at Object.exports._errnoException (util.js:870:11)
    at exports._exceptionWithHostPort (util.js:893:20)
    at Server._listen2 (net.js:1234:14)
    at listen (net.js:1270:10)
    at Server.listen (net.js:1366:5)
    at Object.init (/home/ec2-user/abc/awsome_modules/IOConnection.js:59:12)
    at Object.<anonymous> (/home/ec2-user/abc/Server.js:62:55)
    at Module._compile (module.js:409:26)
    at Object.Module._extensions..js (module.js:416:10)
    at Module.load (module.js:343:32)
error: Forever detected script exited with code: 1
error: Script restart attempt #17
ok
Config
Thu Aug 03 2017 07:33:56 GMT+0000 (UTC)
Cognito
the cognitoidentity is [object Object]
SNS
setting tcp
setting sns
PostAPI
PostAPI_Chat
PostAPI_Wall
PostAPI_Pet
PostAPI_Chips
PostAPI_Login
PostAPI_Shop
PostAPI_Debug
Game init
======================
apiPort listening 2451
tcpPort listening 3008
======================
events.js:141
      throw er; // Unhandled 'error' event
      ^

Error: listen EADDRINUSE :::3008
    at Object.exports._errnoException (util.js:870:11)
    at exports._exceptionWithHostPort (util.js:893:20)
    at Server._listen2 (net.js:1234:14)
    at listen (net.js:1270:10)
    at Server.listen (net.js:1366:5)
    at Object.init (/home/ec2-user/abc/awsome_modules/IOConnection.js:59:12)
    at Object.<anonymous> (/home/ec2-user/abc/Server.js:62:55)
    at Module._compile (module.js:409:26)
    at Object.Module._extensions..js (module.js:416:10)
    at Module.load (module.js:343:32)
error: Forever detected script exited with code: 1
error: Script restart attempt #18
ok
Config
Thu Aug 03 2017 07:34:02 GMT+0000 (UTC)
Cognito
the cognitoidentity is [object Object]
SNS
setting tcp
setting sns
PostAPI
PostAPI_Chat
PostAPI_Wall
PostAPI_Pet
PostAPI_Chips
PostAPI_Login
PostAPI_Shop
PostAPI_Debug
Game init
======================
apiPort listening 2451
tcpPort listening 3008
======================
events.js:141
      throw er; // Unhandled 'error' event
      ^

Error: listen EADDRINUSE :::3008
    at Object.exports._errnoException (util.js:870:11)
    at exports._exceptionWithHostPort (util.js:893:20)
    at Server._listen2 (net.js:1234:14)
    at listen (net.js:1270:10)
    at Server.listen (net.js:1366:5)
    at Object.init (/home/ec2-user/abc/awsome_modules/IOConnection.js:59:12)
    at Object.<anonymous> (/home/ec2-user/abc/Server.js:62:55)
    at Module._compile (module.js:409:26)
    at Object.Module._extensions..js (module.js:416:10)
    at Module.load (module.js:343:32)
error: Forever detected script exited with code: 1
error: Script restart attempt #19
ok
Config
Thu Aug 03 2017 07:34:07 GMT+0000 (UTC)
Cognito
the cognitoidentity is [object Object]
SNS
setting tcp
setting sns
PostAPI
PostAPI_Chat
PostAPI_Wall
PostAPI_Pet
PostAPI_Chips
PostAPI_Login
PostAPI_Shop
PostAPI_Debug
Game init
======================
apiPort listening 2451
tcpPort listening 3008
======================
events.js:141
      throw er; // Unhandled 'error' event
      ^

Error: listen EADDRINUSE :::3008
    at Object.exports._errnoException (util.js:870:11)
    at exports._exceptionWithHostPort (util.js:893:20)
    at Server._listen2 (net.js:1234:14)
    at listen (net.js:1270:10)
    at Server.listen (net.js:1366:5)
    at Object.init (/home/ec2-user/abc/awsome_modules/IOConnection.js:59:12)
    at Object.<anonymous> (/home/ec2-user/abc/Server.js:62:55)
    at Module._compile (module.js:409:26)
    at Object.Module._extensions..js (module.js:416:10)
    at Module.load (module.js:343:32)
error: Forever detected script exited with code: 1
error: Script restart attempt #20
ok
Config
Thu Aug 03 2017 07:34:13 GMT+0000 (UTC)
Cognito
the cognitoidentity is [object Object]
SNS
setting tcp
setting sns
PostAPI
PostAPI_Chat
PostAPI_Wall
PostAPI_Pet
PostAPI_Chips
PostAPI_Login
PostAPI_Shop
PostAPI_Debug
Game init
======================
apiPort listening 2451
tcpPort listening 3008
======================
events.js:141
      throw er; // Unhandled 'error' event
      ^

Error: listen EADDRINUSE :::3008
    at Object.exports._errnoException (util.js:870:11)
    at exports._exceptionWithHostPort (util.js:893:20)
    at Server._listen2 (net.js:1234:14)
    at listen (net.js:1270:10)
    at Server.listen (net.js:1366:5)
    at Object.init (/home/ec2-user/abc/awsome_modules/IOConnection.js:59:12)
    at Object.<anonymous> (/home/ec2-user/abc/Server.js:62:55)
    at Module._compile (module.js:409:26)
    at Object.Module._extensions..js (module.js:416:10)
    at Module.load (module.js:343:32)
error: Forever detected script exited with code: 1
error: Script restart attempt #21
ok
Config
Thu Aug 03 2017 07:34:19 GMT+0000 (UTC)
Cognito
the cognitoidentity is [object Object]
SNS
setting tcp
setting sns
PostAPI
PostAPI_Chat
PostAPI_Wall
PostAPI_Pet
PostAPI_Chips
PostAPI_Login
PostAPI_Shop
PostAPI_Debug
Game init
======================
apiPort listening 2451
tcpPort listening 3008
======================
events.js:141
      throw er; // Unhandled 'error' event
      ^

Error: listen EADDRINUSE :::3008
    at Object.exports._errnoException (util.js:870:11)
    at exports._exceptionWithHostPort (util.js:893:20)
    at Server._listen2 (net.js:1234:14)
    at listen (net.js:1270:10)
    at Server.listen (net.js:1366:5)
    at Object.init (/home/ec2-user/abc/awsome_modules/IOConnection.js:59:12)
    at Object.<anonymous> (/home/ec2-user/abc/Server.js:62:55)
    at Module._compile (module.js:409:26)
    at Object.Module._extensions..js (module.js:416:10)
    at Module.load (module.js:343:32)
error: Forever detected script exited with code: 1
error: Script restart attempt #22
ok
Config
Thu Aug 03 2017 07:34:25 GMT+0000 (UTC)
Cognito
the cognitoidentity is [object Object]
SNS
setting tcp
setting sns
PostAPI
PostAPI_Chat
PostAPI_Wall
PostAPI_Pet
PostAPI_Chips
PostAPI_Login
PostAPI_Shop
PostAPI_Debug
Game init
======================
apiPort listening 2451
tcpPort listening 3008
======================
events.js:141
      throw er; // Unhandled 'error' event
      ^

Error: listen EADDRINUSE :::3008
    at Object.exports._errnoException (util.js:870:11)
    at exports._exceptionWithHostPort (util.js:893:20)
    at Server._listen2 (net.js:1234:14)
    at listen (net.js:1270:10)
    at Server.listen (net.js:1366:5)
    at Object.init (/home/ec2-user/abc/awsome_modules/IOConnection.js:59:12)
    at Object.<anonymous> (/home/ec2-user/abc/Server.js:62:55)
    at Module._compile (module.js:409:26)
    at Object.Module._extensions..js (module.js:416:10)
    at Module.load (module.js:343:32)
error: Forever detected script exited with code: 1
error: Script restart attempt #23
ok
Config
Thu Aug 03 2017 07:34:30 GMT+0000 (UTC)
Cognito
the cognitoidentity is [object Object]
SNS
setting tcp
setting sns
PostAPI
PostAPI_Chat
PostAPI_Wall
PostAPI_Pet
PostAPI_Chips
PostAPI_Login
PostAPI_Shop
PostAPI_Debug
Game init
======================
apiPort listening 2451
tcpPort listening 3008
======================
events.js:141
      throw er; // Unhandled 'error' event
      ^

Error: listen EADDRINUSE :::3008
    at Object.exports._errnoException (util.js:870:11)
    at exports._exceptionWithHostPort (util.js:893:20)
    at Server._listen2 (net.js:1234:14)
    at listen (net.js:1270:10)
    at Server.listen (net.js:1366:5)
    at Object.init (/home/ec2-user/abc/awsome_modules/IOConnection.js:59:12)
    at Object.<anonymous> (/home/ec2-user/abc/Server.js:62:55)
    at Module._compile (module.js:409:26)
    at Object.Module._extensions..js (module.js:416:10)
    at Module.load (module.js:343:32)
error: Forever detected script exited with code: 1
error: Script restart attempt #24
ok
Config
Thu Aug 03 2017 07:34:36 GMT+0000 (UTC)
Cognito
the cognitoidentity is [object Object]
SNS
setting tcp
setting sns
PostAPI
PostAPI_Chat
PostAPI_Wall
PostAPI_Pet
PostAPI_Chips
PostAPI_Login
PostAPI_Shop
PostAPI_Debug
Game init
======================
apiPort listening 2451
tcpPort listening 3008
======================
events.js:141
      throw er; // Unhandled 'error' event
      ^

Error: listen EADDRINUSE :::3008
    at Object.exports._errnoException (util.js:870:11)
    at exports._exceptionWithHostPort (util.js:893:20)
    at Server._listen2 (net.js:1234:14)
    at listen (net.js:1270:10)
    at Server.listen (net.js:1366:5)
    at Object.init (/home/ec2-user/abc/awsome_modules/IOConnection.js:59:12)
    at Object.<anonymous> (/home/ec2-user/abc/Server.js:62:55)
    at Module._compile (module.js:409:26)
    at Object.Module._extensions..js (module.js:416:10)
    at Module.load (module.js:343:32)
error: Forever detected script exited with code: 1
error: Script restart attempt #25
ok
Config
Thu Aug 03 2017 07:34:42 GMT+0000 (UTC)
Cognito
the cognitoidentity is [object Object]
SNS
setting tcp
setting sns
PostAPI
PostAPI_Chat
PostAPI_Wall
PostAPI_Pet
PostAPI_Chips
PostAPI_Login
PostAPI_Shop
PostAPI_Debug
Game init
======================
apiPort listening 2451
tcpPort listening 3008
======================
events.js:141
      throw er; // Unhandled 'error' event
      ^

Error: listen EADDRINUSE :::3008
    at Object.exports._errnoException (util.js:870:11)
    at exports._exceptionWithHostPort (util.js:893:20)
    at Server._listen2 (net.js:1234:14)
    at listen (net.js:1270:10)
    at Server.listen (net.js:1366:5)
    at Object.init (/home/ec2-user/abc/awsome_modules/IOConnection.js:59:12)
    at Object.<anonymous> (/home/ec2-user/abc/Server.js:62:55)
    at Module._compile (module.js:409:26)
    at Object.Module._extensions..js (module.js:416:10)
    at Module.load (module.js:343:32)
error: Forever detected script exited with code: 1
error: Script restart attempt #26
ok
Config
Thu Aug 03 2017 07:34:48 GMT+0000 (UTC)
Cognito
the cognitoidentity is [object Object]
SNS
setting tcp
setting sns
PostAPI
PostAPI_Chat
PostAPI_Wall
PostAPI_Pet
PostAPI_Chips
PostAPI_Login
PostAPI_Shop
PostAPI_Debug
Game init
======================
apiPort listening 2451
tcpPort listening 3008
======================
events.js:141
      throw er; // Unhandled 'error' event
      ^

Error: listen EADDRINUSE :::3008
    at Object.exports._errnoException (util.js:870:11)
    at exports._exceptionWithHostPort (util.js:893:20)
    at Server._listen2 (net.js:1234:14)
    at listen (net.js:1270:10)
    at Server.listen (net.js:1366:5)
    at Object.init (/home/ec2-user/abc/awsome_modules/IOConnection.js:59:12)
    at Object.<anonymous> (/home/ec2-user/abc/Server.js:62:55)
    at Module._compile (module.js:409:26)
    at Object.Module._extensions..js (module.js:416:10)
    at Module.load (module.js:343:32)
error: Forever detected script exited with code: 1
error: Script restart attempt #27
ok
Config
Thu Aug 03 2017 07:34:53 GMT+0000 (UTC)
Cognito
the cognitoidentity is [object Object]
SNS
setting tcp
setting sns
PostAPI
PostAPI_Chat
PostAPI_Wall
PostAPI_Pet
PostAPI_Chips
PostAPI_Login
PostAPI_Shop
PostAPI_Debug
Game init
======================
apiPort listening 2451
tcpPort listening 3008
======================
events.js:141
      throw er; // Unhandled 'error' event
      ^

Error: listen EADDRINUSE :::3008
    at Object.exports._errnoException (util.js:870:11)
    at exports._exceptionWithHostPort (util.js:893:20)
    at Server._listen2 (net.js:1234:14)
    at listen (net.js:1270:10)
    at Server.listen (net.js:1366:5)
    at Object.init (/home/ec2-user/abc/awsome_modules/IOConnection.js:59:12)
    at Object.<anonymous> (/home/ec2-user/abc/Server.js:62:55)
    at Module._compile (module.js:409:26)
    at Object.Module._extensions..js (module.js:416:10)
    at Module.load (module.js:343:32)
error: Forever detected script exited with code: 1
error: Script restart attempt #28
ok
Config
Thu Aug 03 2017 07:34:59 GMT+0000 (UTC)
Cognito
the cognitoidentity is [object Object]
SNS
setting tcp
setting sns
PostAPI
PostAPI_Chat
PostAPI_Wall
PostAPI_Pet
PostAPI_Chips
PostAPI_Login
PostAPI_Shop
PostAPI_Debug
Game init
======================
apiPort listening 2451
tcpPort listening 3008
======================
events.js:141
      throw er; // Unhandled 'error' event
      ^

Error: listen EADDRINUSE :::3008
    at Object.exports._errnoException (util.js:870:11)
    at exports._exceptionWithHostPort (util.js:893:20)
    at Server._listen2 (net.js:1234:14)
    at listen (net.js:1270:10)
    at Server.listen (net.js:1366:5)
    at Object.init (/home/ec2-user/abc/awsome_modules/IOConnection.js:59:12)
    at Object.<anonymous> (/home/ec2-user/abc/Server.js:62:55)
    at Module._compile (module.js:409:26)
    at Object.Module._extensions..js (module.js:416:10)
    at Module.load (module.js:343:32)
error: Forever detected script exited with code: 1
error: Script restart attempt #29
ok
Config
Thu Aug 03 2017 07:35:05 GMT+0000 (UTC)
Cognito
the cognitoidentity is [object Object]
SNS
setting tcp
setting sns
PostAPI
PostAPI_Chat
PostAPI_Wall
PostAPI_Pet
PostAPI_Chips
PostAPI_Login
PostAPI_Shop
PostAPI_Debug
Game init
======================
apiPort listening 2451
tcpPort listening 3008
======================
events.js:141
      throw er; // Unhandled 'error' event
      ^

Error: listen EADDRINUSE :::3008
    at Object.exports._errnoException (util.js:870:11)
    at exports._exceptionWithHostPort (util.js:893:20)
    at Server._listen2 (net.js:1234:14)
    at listen (net.js:1270:10)
    at Server.listen (net.js:1366:5)
    at Object.init (/home/ec2-user/abc/awsome_modules/IOConnection.js:59:12)
    at Object.<anonymous> (/home/ec2-user/abc/Server.js:62:55)
    at Module._compile (module.js:409:26)
    at Object.Module._extensions..js (module.js:416:10)
    at Module.load (module.js:343:32)
error: Forever detected script exited with code: 1
error: Script restart attempt #30
ok
Config
Thu Aug 03 2017 07:35:11 GMT+0000 (UTC)
Cognito
the cognitoidentity is [object Object]
SNS
setting tcp
setting sns
PostAPI
PostAPI_Chat
PostAPI_Wall
PostAPI_Pet
PostAPI_Chips
PostAPI_Login
PostAPI_Shop
PostAPI_Debug
Game init
======================
apiPort listening 2451
tcpPort listening 3008
======================
events.js:141
      throw er; // Unhandled 'error' event
      ^

Error: listen EADDRINUSE :::3008
    at Object.exports._errnoException (util.js:870:11)
    at exports._exceptionWithHostPort (util.js:893:20)
    at Server._listen2 (net.js:1234:14)
    at listen (net.js:1270:10)
    at Server.listen (net.js:1366:5)
    at Object.init (/home/ec2-user/abc/awsome_modules/IOConnection.js:59:12)
    at Object.<anonymous> (/home/ec2-user/abc/Server.js:62:55)
    at Module._compile (module.js:409:26)
    at Object.Module._extensions..js (module.js:416:10)
    at Module.load (module.js:343:32)
error: Forever detected script exited with code: 1
error: Script restart attempt #31
ok
Config
Thu Aug 03 2017 07:35:16 GMT+0000 (UTC)
Cognito
the cognitoidentity is [object Object]
SNS
setting tcp
setting sns
PostAPI
PostAPI_Chat
PostAPI_Wall
PostAPI_Pet
PostAPI_Chips
PostAPI_Login
PostAPI_Shop
PostAPI_Debug
Game init
======================
apiPort listening 2451
tcpPort listening 3008
======================
events.js:141
      throw er; // Unhandled 'error' event
      ^

Error: listen EADDRINUSE :::3008
    at Object.exports._errnoException (util.js:870:11)
    at exports._exceptionWithHostPort (util.js:893:20)
    at Server._listen2 (net.js:1234:14)
    at listen (net.js:1270:10)
    at Server.listen (net.js:1366:5)
    at Object.init (/home/ec2-user/abc/awsome_modules/IOConnection.js:59:12)
    at Object.<anonymous> (/home/ec2-user/abc/Server.js:62:55)
    at Module._compile (module.js:409:26)
    at Object.Module._extensions..js (module.js:416:10)
    at Module.load (module.js:343:32)
error: Forever detected script exited with code: 1
error: Script restart attempt #32
ok
Config
Thu Aug 03 2017 07:35:22 GMT+0000 (UTC)
Cognito
the cognitoidentity is [object Object]
SNS
setting tcp
setting sns
PostAPI
PostAPI_Chat
PostAPI_Wall
PostAPI_Pet
PostAPI_Chips
PostAPI_Login
PostAPI_Shop
PostAPI_Debug
Game init
======================
apiPort listening 2451
tcpPort listening 3008
======================
events.js:141
      throw er; // Unhandled 'error' event
      ^

Error: listen EADDRINUSE :::3008
    at Object.exports._errnoException (util.js:870:11)
    at exports._exceptionWithHostPort (util.js:893:20)
    at Server._listen2 (net.js:1234:14)
    at listen (net.js:1270:10)
    at Server.listen (net.js:1366:5)
    at Object.init (/home/ec2-user/abc/awsome_modules/IOConnection.js:59:12)
    at Object.<anonymous> (/home/ec2-user/abc/Server.js:62:55)
    at Module._compile (module.js:409:26)
    at Object.Module._extensions..js (module.js:416:10)
    at Module.load (module.js:343:32)
error: Forever detected script exited with code: 1
error: Script restart attempt #33
ok
Config
Thu Aug 03 2017 07:35:28 GMT+0000 (UTC)
Cognito
the cognitoidentity is [object Object]
SNS
setting tcp
setting sns
PostAPI
PostAPI_Chat
PostAPI_Wall
PostAPI_Pet
PostAPI_Chips
PostAPI_Login
PostAPI_Shop
PostAPI_Debug
Game init
======================
apiPort listening 2451
tcpPort listening 3008
======================
events.js:141
      throw er; // Unhandled 'error' event
      ^

Error: listen EADDRINUSE :::3008
    at Object.exports._errnoException (util.js:870:11)
    at exports._exceptionWithHostPort (util.js:893:20)
    at Server._listen2 (net.js:1234:14)
    at listen (net.js:1270:10)
    at Server.listen (net.js:1366:5)
    at Object.init (/home/ec2-user/abc/awsome_modules/IOConnection.js:59:12)
    at Object.<anonymous> (/home/ec2-user/abc/Server.js:62:55)
    at Module._compile (module.js:409:26)
    at Object.Module._extensions..js (module.js:416:10)
    at Module.load (module.js:343:32)
error: Forever detected script exited with code: 1
error: Script restart attempt #34
ok
Config
Thu Aug 03 2017 07:35:34 GMT+0000 (UTC)
Cognito
the cognitoidentity is [object Object]
SNS
setting tcp
setting sns
PostAPI
PostAPI_Chat
PostAPI_Wall
PostAPI_Pet
PostAPI_Chips
PostAPI_Login
PostAPI_Shop
PostAPI_Debug
Game init
======================
apiPort listening 2451
tcpPort listening 3008
======================
events.js:141
      throw er; // Unhandled 'error' event
      ^

Error: listen EADDRINUSE :::3008
    at Object.exports._errnoException (util.js:870:11)
    at exports._exceptionWithHostPort (util.js:893:20)
    at Server._listen2 (net.js:1234:14)
    at listen (net.js:1270:10)
    at Server.listen (net.js:1366:5)
    at Object.init (/home/ec2-user/abc/awsome_modules/IOConnection.js:59:12)
    at Object.<anonymous> (/home/ec2-user/abc/Server.js:62:55)
    at Module._compile (module.js:409:26)
    at Object.Module._extensions..js (module.js:416:10)
    at Module.load (module.js:343:32)
error: Forever detected script exited with code: 1
error: Script restart attempt #35
ok
Config
Thu Aug 03 2017 07:35:39 GMT+0000 (UTC)
Cognito
the cognitoidentity is [object Object]
SNS
setting tcp
setting sns
PostAPI
PostAPI_Chat
PostAPI_Wall
PostAPI_Pet
PostAPI_Chips
PostAPI_Login
PostAPI_Shop
PostAPI_Debug
Game init
======================
apiPort listening 2451
tcpPort listening 3008
======================
events.js:141
      throw er; // Unhandled 'error' event
      ^

Error: listen EADDRINUSE :::3008
    at Object.exports._errnoException (util.js:870:11)
    at exports._exceptionWithHostPort (util.js:893:20)
    at Server._listen2 (net.js:1234:14)
    at listen (net.js:1270:10)
    at Server.listen (net.js:1366:5)
    at Object.init (/home/ec2-user/abc/awsome_modules/IOConnection.js:59:12)
    at Object.<anonymous> (/home/ec2-user/abc/Server.js:62:55)
    at Module._compile (module.js:409:26)
    at Object.Module._extensions..js (module.js:416:10)
    at Module.load (module.js:343:32)
error: Forever detected script exited with code: 1
error: Script restart attempt #36
ok
Config
Thu Aug 03 2017 07:35:45 GMT+0000 (UTC)
Cognito
the cognitoidentity is [object Object]
SNS
setting tcp
setting sns
PostAPI
PostAPI_Chat
PostAPI_Wall
PostAPI_Pet
PostAPI_Chips
PostAPI_Login
PostAPI_Shop
PostAPI_Debug
Game init
======================
apiPort listening 2451
tcpPort listening 3008
======================
events.js:141
      throw er; // Unhandled 'error' event
      ^

Error: listen EADDRINUSE :::3008
    at Object.exports._errnoException (util.js:870:11)
    at exports._exceptionWithHostPort (util.js:893:20)
    at Server._listen2 (net.js:1234:14)
    at listen (net.js:1270:10)
    at Server.listen (net.js:1366:5)
    at Object.init (/home/ec2-user/abc/awsome_modules/IOConnection.js:59:12)
    at Object.<anonymous> (/home/ec2-user/abc/Server.js:62:55)
    at Module._compile (module.js:409:26)
    at Object.Module._extensions..js (module.js:416:10)
    at Module.load (module.js:343:32)
error: Forever detected script exited with code: 1
error: Script restart attempt #37
ok
Config
Thu Aug 03 2017 07:35:51 GMT+0000 (UTC)
Cognito
the cognitoidentity is [object Object]
SNS
setting tcp
setting sns
PostAPI
PostAPI_Chat
PostAPI_Wall
PostAPI_Pet
PostAPI_Chips
PostAPI_Login
PostAPI_Shop
PostAPI_Debug
Game init
======================
apiPort listening 2451
tcpPort listening 3008
======================
events.js:141
      throw er; // Unhandled 'error' event
      ^

Error: listen EADDRINUSE :::3008
    at Object.exports._errnoException (util.js:870:11)
    at exports._exceptionWithHostPort (util.js:893:20)
    at Server._listen2 (net.js:1234:14)
    at listen (net.js:1270:10)
    at Server.listen (net.js:1366:5)
    at Object.init (/home/ec2-user/abc/awsome_modules/IOConnection.js:59:12)
    at Object.<anonymous> (/home/ec2-user/abc/Server.js:62:55)
    at Module._compile (module.js:409:26)
    at Object.Module._extensions..js (module.js:416:10)
    at Module.load (module.js:343:32)
error: Forever detected script exited with code: 1
error: Script restart attempt #38
ok
Config
Thu Aug 03 2017 07:35:57 GMT+0000 (UTC)
Cognito
the cognitoidentity is [object Object]
SNS
setting tcp
setting sns
PostAPI
PostAPI_Chat
PostAPI_Wall
PostAPI_Pet
PostAPI_Chips
PostAPI_Login
PostAPI_Shop
PostAPI_Debug
Game init
======================
apiPort listening 2451
tcpPort listening 3008
======================
events.js:141
      throw er; // Unhandled 'error' event
      ^

Error: listen EADDRINUSE :::3008
    at Object.exports._errnoException (util.js:870:11)
    at exports._exceptionWithHostPort (util.js:893:20)
    at Server._listen2 (net.js:1234:14)
    at listen (net.js:1270:10)
    at Server.listen (net.js:1366:5)
    at Object.init (/home/ec2-user/abc/awsome_modules/IOConnection.js:59:12)
    at Object.<anonymous> (/home/ec2-user/abc/Server.js:62:55)
    at Module._compile (module.js:409:26)
    at Object.Module._extensions..js (module.js:416:10)
    at Module.load (module.js:343:32)
error: Forever detected script exited with code: 1
error: Script restart attempt #39
ok
Config
Thu Aug 03 2017 07:36:03 GMT+0000 (UTC)
Cognito
the cognitoidentity is [object Object]
SNS
setting tcp
setting sns
PostAPI
PostAPI_Chat
PostAPI_Wall
PostAPI_Pet
PostAPI_Chips
PostAPI_Login
PostAPI_Shop
PostAPI_Debug
Game init
======================
apiPort listening 2451
tcpPort listening 3008
======================
events.js:141
      throw er; // Unhandled 'error' event
      ^

Error: listen EADDRINUSE :::3008
    at Object.exports._errnoException (util.js:870:11)
    at exports._exceptionWithHostPort (util.js:893:20)
    at Server._listen2 (net.js:1234:14)
    at listen (net.js:1270:10)
    at Server.listen (net.js:1366:5)
    at Object.init (/home/ec2-user/abc/awsome_modules/IOConnection.js:59:12)
    at Object.<anonymous> (/home/ec2-user/abc/Server.js:62:55)
    at Module._compile (module.js:409:26)
    at Object.Module._extensions..js (module.js:416:10)
    at Module.load (module.js:343:32)
error: Forever detected script exited with code: 1
error: Script restart attempt #40
ok
Config
Thu Aug 03 2017 07:36:08 GMT+0000 (UTC)
Cognito
the cognitoidentity is [object Object]
SNS
setting tcp
setting sns
PostAPI
PostAPI_Chat
PostAPI_Wall
PostAPI_Pet
PostAPI_Chips
PostAPI_Login
PostAPI_Shop
PostAPI_Debug
Game init
======================
apiPort listening 2451
tcpPort listening 3008
======================
events.js:141
      throw er; // Unhandled 'error' event
      ^

Error: listen EADDRINUSE :::3008
    at Object.exports._errnoException (util.js:870:11)
    at exports._exceptionWithHostPort (util.js:893:20)
    at Server._listen2 (net.js:1234:14)
    at listen (net.js:1270:10)
    at Server.listen (net.js:1366:5)
    at Object.init (/home/ec2-user/abc/awsome_modules/IOConnection.js:59:12)
    at Object.<anonymous> (/home/ec2-user/abc/Server.js:62:55)
    at Module._compile (module.js:409:26)
    at Object.Module._extensions..js (module.js:416:10)
    at Module.load (module.js:343:32)
error: Forever detected script exited with code: 1
error: Script restart attempt #41
ok
Config
Thu Aug 03 2017 07:36:14 GMT+0000 (UTC)
Cognito
the cognitoidentity is [object Object]
SNS
setting tcp
setting sns
PostAPI
PostAPI_Chat
PostAPI_Wall
PostAPI_Pet
PostAPI_Chips
PostAPI_Login
PostAPI_Shop
PostAPI_Debug
Game init
======================
apiPort listening 2451
tcpPort listening 3008
======================
events.js:141
      throw er; // Unhandled 'error' event
      ^

Error: listen EADDRINUSE :::3008
    at Object.exports._errnoException (util.js:870:11)
    at exports._exceptionWithHostPort (util.js:893:20)
    at Server._listen2 (net.js:1234:14)
    at listen (net.js:1270:10)
    at Server.listen (net.js:1366:5)
    at Object.init (/home/ec2-user/abc/awsome_modules/IOConnection.js:59:12)
    at Object.<anonymous> (/home/ec2-user/abc/Server.js:62:55)
    at Module._compile (module.js:409:26)
    at Object.Module._extensions..js (module.js:416:10)
    at Module.load (module.js:343:32)
error: Forever detected script exited with code: 1
error: Script restart attempt #42
ok
Config
Thu Aug 03 2017 07:36:20 GMT+0000 (UTC)
Cognito
the cognitoidentity is [object Object]
SNS
setting tcp
setting sns
PostAPI
PostAPI_Chat
PostAPI_Wall
PostAPI_Pet
PostAPI_Chips
PostAPI_Login
PostAPI_Shop
PostAPI_Debug
Game init
======================
apiPort listening 2451
tcpPort listening 3008
======================
events.js:141
      throw er; // Unhandled 'error' event
      ^

Error: listen EADDRINUSE :::3008
    at Object.exports._errnoException (util.js:870:11)
    at exports._exceptionWithHostPort (util.js:893:20)
    at Server._listen2 (net.js:1234:14)
    at listen (net.js:1270:10)
    at Server.listen (net.js:1366:5)
    at Object.init (/home/ec2-user/abc/awsome_modules/IOConnection.js:59:12)
    at Object.<anonymous> (/home/ec2-user/abc/Server.js:62:55)
    at Module._compile (module.js:409:26)
    at Object.Module._extensions..js (module.js:416:10)
    at Module.load (module.js:343:32)
error: Forever detected script exited with code: 1
error: Script restart attempt #43
ok
Config
Thu Aug 03 2017 07:36:26 GMT+0000 (UTC)
Cognito
the cognitoidentity is [object Object]
SNS
setting tcp
setting sns
PostAPI
PostAPI_Chat
PostAPI_Wall
PostAPI_Pet
PostAPI_Chips
PostAPI_Login
PostAPI_Shop
PostAPI_Debug
Game init
======================
apiPort listening 2451
tcpPort listening 3008
======================
events.js:141
      throw er; // Unhandled 'error' event
      ^

Error: listen EADDRINUSE :::3008
    at Object.exports._errnoException (util.js:870:11)
    at exports._exceptionWithHostPort (util.js:893:20)
    at Server._listen2 (net.js:1234:14)
    at listen (net.js:1270:10)
    at Server.listen (net.js:1366:5)
    at Object.init (/home/ec2-user/abc/awsome_modules/IOConnection.js:59:12)
    at Object.<anonymous> (/home/ec2-user/abc/Server.js:62:55)
    at Module._compile (module.js:409:26)
    at Object.Module._extensions..js (module.js:416:10)
    at Module.load (module.js:343:32)
error: Forever detected script exited with code: 1
error: Script restart attempt #44
ok
Config
Thu Aug 03 2017 07:36:32 GMT+0000 (UTC)
Cognito
the cognitoidentity is [object Object]
SNS
setting tcp
setting sns
PostAPI
PostAPI_Chat
PostAPI_Wall
PostAPI_Pet
PostAPI_Chips
PostAPI_Login
PostAPI_Shop
PostAPI_Debug
Game init
======================
apiPort listening 2451
tcpPort listening 3008
======================
events.js:141
      throw er; // Unhandled 'error' event
      ^

Error: listen EADDRINUSE :::3008
    at Object.exports._errnoException (util.js:870:11)
    at exports._exceptionWithHostPort (util.js:893:20)
    at Server._listen2 (net.js:1234:14)
    at listen (net.js:1270:10)
    at Server.listen (net.js:1366:5)
    at Object.init (/home/ec2-user/abc/awsome_modules/IOConnection.js:59:12)
    at Object.<anonymous> (/home/ec2-user/abc/Server.js:62:55)
    at Module._compile (module.js:409:26)
    at Object.Module._extensions..js (module.js:416:10)
    at Module.load (module.js:343:32)
error: Forever detected script exited with code: 1
error: Script restart attempt #45
ok
Config
Thu Aug 03 2017 07:36:37 GMT+0000 (UTC)
Cognito
the cognitoidentity is [object Object]
SNS
setting tcp
setting sns
PostAPI
PostAPI_Chat
PostAPI_Wall
PostAPI_Pet
PostAPI_Chips
PostAPI_Login
PostAPI_Shop
PostAPI_Debug
Game init
======================
apiPort listening 2451
tcpPort listening 3008
======================
events.js:141
      throw er; // Unhandled 'error' event
      ^

Error: listen EADDRINUSE :::3008
    at Object.exports._errnoException (util.js:870:11)
    at exports._exceptionWithHostPort (util.js:893:20)
    at Server._listen2 (net.js:1234:14)
    at listen (net.js:1270:10)
    at Server.listen (net.js:1366:5)
    at Object.init (/home/ec2-user/abc/awsome_modules/IOConnection.js:59:12)
    at Object.<anonymous> (/home/ec2-user/abc/Server.js:62:55)
    at Module._compile (module.js:409:26)
    at Object.Module._extensions..js (module.js:416:10)
    at Module.load (module.js:343:32)
error: Forever detected script exited with code: 1
error: Script restart attempt #46
ok
Config
Thu Aug 03 2017 07:36:43 GMT+0000 (UTC)
Cognito
the cognitoidentity is [object Object]
SNS
setting tcp
setting sns
PostAPI
PostAPI_Chat
PostAPI_Wall
PostAPI_Pet
PostAPI_Chips
PostAPI_Login
PostAPI_Shop
PostAPI_Debug
Game init
======================
apiPort listening 2451
tcpPort listening 3008
======================
events.js:141
      throw er; // Unhandled 'error' event
      ^

Error: listen EADDRINUSE :::3008
    at Object.exports._errnoException (util.js:870:11)
    at exports._exceptionWithHostPort (util.js:893:20)
    at Server._listen2 (net.js:1234:14)
    at listen (net.js:1270:10)
    at Server.listen (net.js:1366:5)
    at Object.init (/home/ec2-user/abc/awsome_modules/IOConnection.js:59:12)
    at Object.<anonymous> (/home/ec2-user/abc/Server.js:62:55)
    at Module._compile (module.js:409:26)
    at Object.Module._extensions..js (module.js:416:10)
    at Module.load (module.js:343:32)
error: Forever detected script exited with code: 1
error: Script restart attempt #47
ok
Config
Thu Aug 03 2017 07:36:49 GMT+0000 (UTC)
Cognito
the cognitoidentity is [object Object]
SNS
setting tcp
setting sns
PostAPI
PostAPI_Chat
PostAPI_Wall
PostAPI_Pet
PostAPI_Chips
PostAPI_Login
PostAPI_Shop
PostAPI_Debug
Game init
======================
apiPort listening 2451
tcpPort listening 3008
======================
events.js:141
      throw er; // Unhandled 'error' event
      ^

Error: listen EADDRINUSE :::3008
    at Object.exports._errnoException (util.js:870:11)
    at exports._exceptionWithHostPort (util.js:893:20)
    at Server._listen2 (net.js:1234:14)
    at listen (net.js:1270:10)
    at Server.listen (net.js:1366:5)
    at Object.init (/home/ec2-user/abc/awsome_modules/IOConnection.js:59:12)
    at Object.<anonymous> (/home/ec2-user/abc/Server.js:62:55)
    at Module._compile (module.js:409:26)
    at Object.Module._extensions..js (module.js:416:10)
    at Module.load (module.js:343:32)
error: Forever detected script exited with code: 1
error: Script restart attempt #48
ok
Config
Thu Aug 03 2017 07:36:55 GMT+0000 (UTC)
Cognito
the cognitoidentity is [object Object]
SNS
setting tcp
setting sns
PostAPI
PostAPI_Chat
PostAPI_Wall
PostAPI_Pet
PostAPI_Chips
PostAPI_Login
PostAPI_Shop
PostAPI_Debug
Game init
======================
apiPort listening 2451
tcpPort listening 3008
======================
events.js:141
      throw er; // Unhandled 'error' event
      ^

Error: listen EADDRINUSE :::3008
    at Object.exports._errnoException (util.js:870:11)
    at exports._exceptionWithHostPort (util.js:893:20)
    at Server._listen2 (net.js:1234:14)
    at listen (net.js:1270:10)
    at Server.listen (net.js:1366:5)
    at Object.init (/home/ec2-user/abc/awsome_modules/IOConnection.js:59:12)
    at Object.<anonymous> (/home/ec2-user/abc/Server.js:62:55)
    at Module._compile (module.js:409:26)
    at Object.Module._extensions..js (module.js:416:10)
    at Module.load (module.js:343:32)
error: Forever detected script exited with code: 1
error: Script restart attempt #49
ok
Config
Thu Aug 03 2017 07:37:00 GMT+0000 (UTC)
Cognito
the cognitoidentity is [object Object]
SNS
setting tcp
setting sns
PostAPI
PostAPI_Chat
PostAPI_Wall
PostAPI_Pet
PostAPI_Chips
PostAPI_Login
PostAPI_Shop
PostAPI_Debug
Game init
======================
apiPort listening 2451
tcpPort listening 3008
======================
events.js:141
      throw er; // Unhandled 'error' event
      ^

Error: listen EADDRINUSE :::3008
    at Object.exports._errnoException (util.js:870:11)
    at exports._exceptionWithHostPort (util.js:893:20)
    at Server._listen2 (net.js:1234:14)
    at listen (net.js:1270:10)
    at Server.listen (net.js:1366:5)
    at Object.init (/home/ec2-user/abc/awsome_modules/IOConnection.js:59:12)
    at Object.<anonymous> (/home/ec2-user/abc/Server.js:62:55)
    at Module._compile (module.js:409:26)
    at Object.Module._extensions..js (module.js:416:10)
    at Module.load (module.js:343:32)
error: Forever detected script exited with code: 1
error: Script restart attempt #50
ok
Config
Thu Aug 03 2017 07:37:06 GMT+0000 (UTC)
Cognito
the cognitoidentity is [object Object]
SNS
setting tcp
setting sns
PostAPI
PostAPI_Chat
PostAPI_Wall
PostAPI_Pet
PostAPI_Chips
PostAPI_Login
PostAPI_Shop
PostAPI_Debug
Game init
======================
apiPort listening 2451
tcpPort listening 3008
======================
events.js:141
      throw er; // Unhandled 'error' event
      ^

Error: listen EADDRINUSE :::3008
    at Object.exports._errnoException (util.js:870:11)
    at exports._exceptionWithHostPort (util.js:893:20)
    at Server._listen2 (net.js:1234:14)
    at listen (net.js:1270:10)
    at Server.listen (net.js:1366:5)
    at Object.init (/home/ec2-user/abc/awsome_modules/IOConnection.js:59:12)
    at Object.<anonymous> (/home/ec2-user/abc/Server.js:62:55)
    at Module._compile (module.js:409:26)
    at Object.Module._extensions..js (module.js:416:10)
    at Module.load (module.js:343:32)
error: Forever detected script exited with code: 1
error: Script restart attempt #51
ok
Config
Thu Aug 03 2017 07:37:12 GMT+0000 (UTC)
Cognito
the cognitoidentity is [object Object]
SNS
setting tcp
setting sns
PostAPI
PostAPI_Chat
PostAPI_Wall
PostAPI_Pet
PostAPI_Chips
PostAPI_Login
PostAPI_Shop
PostAPI_Debug
Game init
======================
apiPort listening 2451
tcpPort listening 3008
======================
events.js:141
      throw er; // Unhandled 'error' event
      ^

Error: listen EADDRINUSE :::3008
    at Object.exports._errnoException (util.js:870:11)
    at exports._exceptionWithHostPort (util.js:893:20)
    at Server._listen2 (net.js:1234:14)
    at listen (net.js:1270:10)
    at Server.listen (net.js:1366:5)
    at Object.init (/home/ec2-user/abc/awsome_modules/IOConnection.js:59:12)
    at Object.<anonymous> (/home/ec2-user/abc/Server.js:62:55)
    at Module._compile (module.js:409:26)
    at Object.Module._extensions..js (module.js:416:10)
    at Module.load (module.js:343:32)
error: Forever detected script exited with code: 1
error: Script restart attempt #52
ok
Config
Thu Aug 03 2017 07:37:18 GMT+0000 (UTC)
Cognito
the cognitoidentity is [object Object]
SNS
setting tcp
setting sns
PostAPI
PostAPI_Chat
PostAPI_Wall
PostAPI_Pet
PostAPI_Chips
PostAPI_Login
PostAPI_Shop
PostAPI_Debug
Game init
======================
apiPort listening 2451
tcpPort listening 3008
======================
events.js:141
      throw er; // Unhandled 'error' event
      ^

Error: listen EADDRINUSE :::3008
    at Object.exports._errnoException (util.js:870:11)
    at exports._exceptionWithHostPort (util.js:893:20)
    at Server._listen2 (net.js:1234:14)
    at listen (net.js:1270:10)
    at Server.listen (net.js:1366:5)
    at Object.init (/home/ec2-user/abc/awsome_modules/IOConnection.js:59:12)
    at Object.<anonymous> (/home/ec2-user/abc/Server.js:62:55)
    at Module._compile (module.js:409:26)
    at Object.Module._extensions..js (module.js:416:10)
    at Module.load (module.js:343:32)
error: Forever detected script exited with code: 1
error: Script restart attempt #53
ok
Config
Thu Aug 03 2017 07:37:23 GMT+0000 (UTC)
Cognito
the cognitoidentity is [object Object]
SNS
setting tcp
setting sns
PostAPI
PostAPI_Chat
PostAPI_Wall
PostAPI_Pet
PostAPI_Chips
PostAPI_Login
PostAPI_Shop
PostAPI_Debug
Game init
======================
apiPort listening 2451
tcpPort listening 3008
======================
events.js:141
      throw er; // Unhandled 'error' event
      ^

Error: listen EADDRINUSE :::3008
    at Object.exports._errnoException (util.js:870:11)
    at exports._exceptionWithHostPort (util.js:893:20)
    at Server._listen2 (net.js:1234:14)
    at listen (net.js:1270:10)
    at Server.listen (net.js:1366:5)
    at Object.init (/home/ec2-user/abc/awsome_modules/IOConnection.js:59:12)
    at Object.<anonymous> (/home/ec2-user/abc/Server.js:62:55)
    at Module._compile (module.js:409:26)
    at Object.Module._extensions..js (module.js:416:10)
    at Module.load (module.js:343:32)
error: Forever detected script exited with code: 1
error: Script restart attempt #54
ok
Config
Thu Aug 03 2017 07:37:29 GMT+0000 (UTC)
Cognito
the cognitoidentity is [object Object]
SNS
setting tcp
setting sns
PostAPI
PostAPI_Chat
PostAPI_Wall
PostAPI_Pet
PostAPI_Chips
PostAPI_Login
PostAPI_Shop
PostAPI_Debug
Game init
======================
apiPort listening 2451
tcpPort listening 3008
======================
events.js:141
      throw er; // Unhandled 'error' event
      ^

Error: listen EADDRINUSE :::3008
    at Object.exports._errnoException (util.js:870:11)
    at exports._exceptionWithHostPort (util.js:893:20)
    at Server._listen2 (net.js:1234:14)
    at listen (net.js:1270:10)
    at Server.listen (net.js:1366:5)
    at Object.init (/home/ec2-user/abc/awsome_modules/IOConnection.js:59:12)
    at Object.<anonymous> (/home/ec2-user/abc/Server.js:62:55)
    at Module._compile (module.js:409:26)
    at Object.Module._extensions..js (module.js:416:10)
    at Module.load (module.js:343:32)
error: Forever detected script exited with code: 1
error: Script restart attempt #55
ok
Config
Thu Aug 03 2017 07:37:35 GMT+0000 (UTC)
Cognito
the cognitoidentity is [object Object]
SNS
setting tcp
setting sns
PostAPI
PostAPI_Chat
PostAPI_Wall
PostAPI_Pet
PostAPI_Chips
PostAPI_Login
PostAPI_Shop
PostAPI_Debug
Game init
======================
apiPort listening 2451
tcpPort listening 3008
======================
events.js:141
      throw er; // Unhandled 'error' event
      ^

Error: listen EADDRINUSE :::3008
    at Object.exports._errnoException (util.js:870:11)
    at exports._exceptionWithHostPort (util.js:893:20)
    at Server._listen2 (net.js:1234:14)
    at listen (net.js:1270:10)
    at Server.listen (net.js:1366:5)
    at Object.init (/home/ec2-user/abc/awsome_modules/IOConnection.js:59:12)
    at Object.<anonymous> (/home/ec2-user/abc/Server.js:62:55)
    at Module._compile (module.js:409:26)
    at Object.Module._extensions..js (module.js:416:10)
    at Module.load (module.js:343:32)
error: Forever detected script exited with code: 1
error: Script restart attempt #56
ok
Config
Thu Aug 03 2017 07:37:41 GMT+0000 (UTC)
Cognito
the cognitoidentity is [object Object]
SNS
setting tcp
setting sns
PostAPI
PostAPI_Chat
PostAPI_Wall
PostAPI_Pet
PostAPI_Chips
PostAPI_Login
PostAPI_Shop
PostAPI_Debug
Game init
======================
apiPort listening 2451
tcpPort listening 3008
======================
events.js:141
      throw er; // Unhandled 'error' event
      ^

Error: listen EADDRINUSE :::3008
    at Object.exports._errnoException (util.js:870:11)
    at exports._exceptionWithHostPort (util.js:893:20)
    at Server._listen2 (net.js:1234:14)
    at listen (net.js:1270:10)
    at Server.listen (net.js:1366:5)
    at Object.init (/home/ec2-user/abc/awsome_modules/IOConnection.js:59:12)
    at Object.<anonymous> (/home/ec2-user/abc/Server.js:62:55)
    at Module._compile (module.js:409:26)
    at Object.Module._extensions..js (module.js:416:10)
    at Module.load (module.js:343:32)
error: Forever detected script exited with code: 1
error: Script restart attempt #57
ok
Config
Thu Aug 03 2017 07:37:46 GMT+0000 (UTC)
Cognito
the cognitoidentity is [object Object]
SNS
setting tcp
setting sns
PostAPI
PostAPI_Chat
PostAPI_Wall
PostAPI_Pet
PostAPI_Chips
PostAPI_Login
PostAPI_Shop
PostAPI_Debug
Game init
======================
apiPort listening 2451
tcpPort listening 3008
======================
events.js:141
      throw er; // Unhandled 'error' event
      ^

Error: listen EADDRINUSE :::3008
    at Object.exports._errnoException (util.js:870:11)
    at exports._exceptionWithHostPort (util.js:893:20)
    at Server._listen2 (net.js:1234:14)
    at listen (net.js:1270:10)
    at Server.listen (net.js:1366:5)
    at Object.init (/home/ec2-user/abc/awsome_modules/IOConnection.js:59:12)
    at Object.<anonymous> (/home/ec2-user/abc/Server.js:62:55)
    at Module._compile (module.js:409:26)
    at Object.Module._extensions..js (module.js:416:10)
    at Module.load (module.js:343:32)
error: Forever detected script exited with code: 1
error: Script restart attempt #58
ok
Config
Thu Aug 03 2017 07:37:52 GMT+0000 (UTC)
Cognito
the cognitoidentity is [object Object]
SNS
setting tcp
setting sns
PostAPI
PostAPI_Chat
PostAPI_Wall
PostAPI_Pet
PostAPI_Chips
PostAPI_Login
PostAPI_Shop
PostAPI_Debug
Game init
======================
apiPort listening 2451
tcpPort listening 3008
======================
events.js:141
      throw er; // Unhandled 'error' event
      ^

Error: listen EADDRINUSE :::3008
    at Object.exports._errnoException (util.js:870:11)
    at exports._exceptionWithHostPort (util.js:893:20)
    at Server._listen2 (net.js:1234:14)
    at listen (net.js:1270:10)
    at Server.listen (net.js:1366:5)
    at Object.init (/home/ec2-user/abc/awsome_modules/IOConnection.js:59:12)
    at Object.<anonymous> (/home/ec2-user/abc/Server.js:62:55)
    at Module._compile (module.js:409:26)
    at Object.Module._extensions..js (module.js:416:10)
    at Module.load (module.js:343:32)
error: Forever detected script exited with code: 1
error: Script restart attempt #59
ok
Config
Thu Aug 03 2017 07:37:58 GMT+0000 (UTC)
Cognito
the cognitoidentity is [object Object]
SNS
setting tcp
setting sns
PostAPI
PostAPI_Chat
PostAPI_Wall
PostAPI_Pet
PostAPI_Chips
PostAPI_Login
PostAPI_Shop
PostAPI_Debug
Game init
======================
apiPort listening 2451
tcpPort listening 3008
======================
events.js:141
      throw er; // Unhandled 'error' event
      ^

Error: listen EADDRINUSE :::3008
    at Object.exports._errnoException (util.js:870:11)
    at exports._exceptionWithHostPort (util.js:893:20)
    at Server._listen2 (net.js:1234:14)
    at listen (net.js:1270:10)
    at Server.listen (net.js:1366:5)
    at Object.init (/home/ec2-user/abc/awsome_modules/IOConnection.js:59:12)
    at Object.<anonymous> (/home/ec2-user/abc/Server.js:62:55)
    at Module._compile (module.js:409:26)
    at Object.Module._extensions..js (module.js:416:10)
    at Module.load (module.js:343:32)
error: Forever detected script exited with code: 1
error: Script restart attempt #60
ok
Config
Thu Aug 03 2017 07:38:04 GMT+0000 (UTC)
Cognito
the cognitoidentity is [object Object]
SNS
setting tcp
setting sns
PostAPI
PostAPI_Chat
PostAPI_Wall
PostAPI_Pet
PostAPI_Chips
PostAPI_Login
PostAPI_Shop
PostAPI_Debug
Game init
======================
apiPort listening 2451
tcpPort listening 3008
======================
events.js:141
      throw er; // Unhandled 'error' event
      ^

Error: listen EADDRINUSE :::3008
    at Object.exports._errnoException (util.js:870:11)
    at exports._exceptionWithHostPort (util.js:893:20)
    at Server._listen2 (net.js:1234:14)
    at listen (net.js:1270:10)
    at Server.listen (net.js:1366:5)
    at Object.init (/home/ec2-user/abc/awsome_modules/IOConnection.js:59:12)
    at Object.<anonymous> (/home/ec2-user/abc/Server.js:62:55)
    at Module._compile (module.js:409:26)
    at Object.Module._extensions..js (module.js:416:10)
    at Module.load (module.js:343:32)
error: Forever detected script exited with code: 1
error: Script restart attempt #61
ok
Config
Thu Aug 03 2017 07:38:10 GMT+0000 (UTC)
Cognito
the cognitoidentity is [object Object]
SNS
error: Forever detected script was killed by signal: SIGKILL
