ok
Config
2017-08-11T05:02:53.092Z
Cognito
the cognitoidentity is [object Object]
SNS
setting tcp
setting sns
PostAPI
PostAPI_Chat
PostAPI_Wall
PostAPI_Pet
PostAPI_Chips
PostAPI_Login
PostAPI_Shop
PostAPI_Debug
Game init
======================
apiPort listening 2492
tcpPort listening 3000
======================
Server listening at port 3000
[0mGET / [32m200 [0m13.748 ms - 11[0m
[0mGET / [32m200 [0m13.861 ms - 11[0m
[0mGET / [32m200 [0m10.664 ms - 11[0m
[0mGET / [32m200 [0m4.558 ms - 11[0m
[0mGET / [32m200 [0m1.641 ms - 11[0m
[0mGET / [32m200 [0m0.431 ms - 11[0m
[0mGET / [32m200 [0m1.089 ms - 11[0m
[0mGET / [32m200 [0m1.144 ms - 11[0m
[0mGET / [32m200 [0m2.070 ms - 11[0m
[0mGET / [32m200 [0m2.255 ms - 11[0m
[0mGET / [32m200 [0m0.374 ms - 11[0m
[0mGET / [32m200 [0m0.283 ms - 11[0m
[0mGET / [32m200 [0m0.715 ms - 11[0m
[0mGET / [32m200 [0m1.053 ms - 11[0m
[0mGET / [32m200 [0m1.341 ms - 11[0m
[0mGET / [32m200 [0m1.340 ms - 11[0m
[0mGET / [32m200 [0m0.700 ms - 11[0m
[0mGET / [32m200 [0m0.911 ms - 11[0m
[0mGET / [32m200 [0m0.504 ms - 11[0m
[0mGET / [32m200 [0m0.922 ms - 11[0m
[0mGET / [32m200 [0m0.442 ms - 11[0m
[0mGET / [32m200 [0m0.321 ms - 11[0m
[0mGET / [32m200 [0m1.261 ms - 11[0m
[0mGET / [32m200 [0m1.636 ms - 11[0m
[0mGET / [32m200 [0m0.590 ms - 11[0m
[0mGET / [32m200 [0m0.978 ms - 11[0m
[0mGET / [32m200 [0m4.201 ms - 11[0m
[0mGET / [32m200 [0m0.260 ms - 11[0m
[0mGET / [32m200 [0m0.520 ms - 11[0m
[0mGET / [32m200 [0m0.931 ms - 11[0m
[0mGET / [32m200 [0m2.278 ms - 11[0m
[0mGET / [32m200 [0m0.328 ms - 11[0m
[0mGET / [32m200 [0m1.254 ms - 11[0m
[0mGET / [32m200 [0m0.938 ms - 11[0m
[0mGET / [32m200 [0m0.397 ms - 11[0m
[0mGET / [32m200 [0m0.243 ms - 11[0m
[0mGET / [32m200 [0m0.598 ms - 11[0m
[0mGET / [32m200 [0m4.076 ms - 11[0m
[0mGET / [32m200 [0m0.403 ms - 11[0m
[0mGET / [32m200 [0m0.262 ms - 11[0m
[0mGET / [32m200 [0m1.377 ms - 11[0m
[0mGET / [32m200 [0m1.063 ms - 11[0m
[0mGET / [32m200 [0m0.717 ms - 11[0m
[0mGET / [32m200 [0m1.825 ms - 11[0m
[0mGET / [32m200 [0m0.631 ms - 11[0m
[0mGET / [32m200 [0m2.578 ms - 11[0m
[0mGET / [32m200 [0m0.602 ms - 11[0m
[0mGET / [32m200 [0m0.870 ms - 11[0m
[0mGET / [32m200 [0m0.494 ms - 11[0m
[0mGET / [32m200 [0m0.247 ms - 11[0m
[0mGET / [32m200 [0m0.628 ms - 11[0m
[0mGET / [32m200 [0m0.912 ms - 11[0m
[0mGET / [32m200 [0m0.647 ms - 11[0m
[0mGET / [32m200 [0m0.924 ms - 11[0m
[0mGET / [32m200 [0m0.558 ms - 11[0m
[0mGET / [32m200 [0m0.909 ms - 11[0m
[0mGET / [32m200 [0m1.500 ms - 11[0m
[0mGET / [32m200 [0m0.255 ms - 11[0m
[0mGET / [32m200 [0m0.494 ms - 11[0m
[0mGET / [32m200 [0m0.875 ms - 11[0m
[0mGET / [32m200 [0m0.717 ms - 11[0m
[0mGET / [32m200 [0m0.947 ms - 11[0m
[0mGET / [32m200 [0m0.519 ms - 11[0m
[0mGET / [32m200 [0m0.879 ms - 11[0m
[0mGET / [32m200 [0m2.334 ms - 11[0m
[0mGET / [32m200 [0m3.682 ms - 11[0m
[0mGET / [32m200 [0m2.653 ms - 11[0m
[0mGET / [32m200 [0m0.902 ms - 11[0m
[0mGET / [32m200 [0m2.005 ms - 11[0m
[0mGET / [32m200 [0m1.250 ms - 11[0m
[0mGET / [32m200 [0m0.574 ms - 11[0m
[0mGET / [32m200 [0m0.895 ms - 11[0m
[0mGET / [32m200 [0m0.347 ms - 11[0m
[0mGET / [32m200 [0m0.232 ms - 11[0m
[0mGET / [32m200 [0m0.551 ms - 11[0m
[0mGET / [32m200 [0m0.873 ms - 11[0m
[0mGET / [32m200 [0m0.578 ms - 11[0m
[0mGET / [32m200 [0m0.984 ms - 11[0m
[0mGET / [32m200 [0m3.457 ms - 11[0m
[0mGET / [32m200 [0m1.346 ms - 11[0m
[0mGET / [32m200 [0m2.287 ms - 11[0m
[0mGET / [32m200 [0m2.622 ms - 11[0m
[0mGET / [32m200 [0m0.532 ms - 11[0m
[0mGET / [32m200 [0m0.852 ms - 11[0m
[0mGET / [32m200 [0m0.584 ms - 11[0m
[0mGET / [32m200 [0m0.921 ms - 11[0m
[0mGET / [32m200 [0m0.551 ms - 11[0m
[0mGET / [32m200 [0m0.855 ms - 11[0m
[0mGET / [32m200 [0m0.372 ms - 11[0m
[0mGET / [32m200 [0m0.245 ms - 11[0m
[0mGET / [32m200 [0m0.513 ms - 11[0m
[0mGET / [32m200 [0m0.893 ms - 11[0m
[0mGET / [32m200 [0m0.630 ms - 11[0m
[0mGET / [32m200 [0m0.937 ms - 11[0m
[0mGET / [32m200 [0m4.699 ms - 11[0m
[0mGET / [32m200 [0m0.326 ms - 11[0m
[0mGET / [32m200 [0m0.410 ms - 11[0m
[0mGET / [32m200 [0m0.255 ms - 11[0m
[0mGET / [32m200 [0m0.555 ms - 11[0m
[0mGET / [32m200 [0m0.878 ms - 11[0m
[0mGET / [32m200 [0m1.027 ms - 11[0m
[0mGET / [32m200 [0m0.267 ms - 11[0m
[0mGET / [32m200 [0m0.550 ms - 11[0m
[0mGET / [32m200 [0m0.877 ms - 11[0m
[0mGET / [32m200 [0m0.522 ms - 11[0m
[0mGET / [32m200 [0m1.273 ms - 11[0m
[0mGET / [32m200 [0m0.512 ms - 11[0m
[0mGET / [32m200 [0m0.890 ms - 11[0m
[0mGET / [32m200 [0m0.406 ms - 11[0m
[0mGET / [32m200 [0m0.275 ms - 11[0m
[0mGET / [32m200 [0m0.523 ms - 11[0m
[0mGET / [32m200 [0m0.791 ms - 11[0m
[0mGET / [32m200 [0m0.470 ms - 11[0m
[0mGET / [32m200 [0m0.267 ms - 11[0m
[0mGET / [32m200 [0m0.668 ms - 11[0m
[0mGET / [32m200 [0m0.884 ms - 11[0m
[0mGET / [32m200 [0m0.582 ms - 11[0m
[0mGET / [32m200 [0m0.894 ms - 11[0m
[0mGET / [32m200 [0m0.344 ms - 11[0m
[0mGET / [32m200 [0m0.262 ms - 11[0m
[0mGET / [32m200 [0m0.346 ms - 11[0m
[0mGET / [32m200 [0m0.359 ms - 11[0m
[0mGET / [32m200 [0m0.329 ms - 11[0m
[0mGET / [32m200 [0m0.264 ms - 11[0m
[0mGET / [32m200 [0m0.622 ms - 11[0m
[0mGET / [32m200 [0m0.943 ms - 11[0m
[0mGET / [32m200 [0m0.612 ms - 11[0m
[0mGET / [32m200 [0m1.541 ms - 11[0m
[0mGET / [32m200 [0m0.477 ms - 11[0m
[0mGET / [32m200 [0m0.919 ms - 11[0m
[0mGET / [32m200 [0m28.888 ms - 11[0m
[0mGET / [32m200 [0m23.714 ms - 11[0m
[0mGET / [32m200 [0m0.675 ms - 11[0m
[0mGET / [32m200 [0m10.955 ms - 11[0m
[0mGET / [32m200 [0m2.637 ms - 11[0m
[0mGET / [32m200 [0m1.350 ms - 11[0m
[0mGET / [32m200 [0m0.448 ms - 11[0m
[0mGET / [32m200 [0m0.249 ms - 11[0m
[0mGET / [32m200 [0m0.524 ms - 11[0m
[0mGET / [32m200 [0m0.831 ms - 11[0m
[0mGET / [32m200 [0m0.586 ms - 11[0m
[0mGET / [32m200 [0m0.874 ms - 11[0m
[0mGET / [32m200 [0m1.834 ms - 11[0m
[0mGET / [32m200 [0m2.123 ms - 11[0m
[0mGET / [32m200 [0m0.398 ms - 11[0m
[0mGET / [32m200 [0m0.498 ms - 11[0m
[0mGET / [32m200 [0m0.527 ms - 11[0m
[0mGET / [32m200 [0m0.819 ms - 11[0m
[0mGET / [32m200 [0m0.565 ms - 11[0m
[0mGET / [32m200 [0m0.865 ms - 11[0m
[0mGET / [32m200 [0m2.817 ms - 11[0m
[0mGET / [32m200 [0m3.187 ms - 11[0m
[0mGET / [32m200 [0m0.371 ms - 11[0m
[0mGET / [32m200 [0m0.235 ms - 11[0m
[0mGET / [32m200 [0m0.442 ms - 11[0m
[0mGET / [32m200 [0m0.808 ms - 11[0m
[0mGET / [32m200 [0m0.369 ms - 11[0m
[0mGET / [32m200 [0m2.912 ms - 11[0m
[0mGET / [32m200 [0m2.122 ms - 11[0m
[0mGET / [32m200 [0m1.174 ms - 11[0m
[0mGET / [32m200 [0m0.458 ms - 11[0m
[0mGET / [32m200 [0m0.863 ms - 11[0m
[0mGET / [32m200 [0m0.587 ms - 11[0m
[0mGET / [32m200 [0m0.874 ms - 11[0m
[0mGET / [32m200 [0m0.545 ms - 11[0m
[0mGET / [32m200 [0m0.242 ms - 11[0m
[0mGET / [32m200 [0m0.562 ms - 11[0m
[0mGET / [32m200 [0m0.829 ms - 11[0m
[0mGET / [32m200 [0m0.597 ms - 11[0m
[0mGET / [32m200 [0m0.826 ms - 11[0m
[0mGET / [32m200 [0m0.536 ms - 11[0m
[0mGET / [32m200 [0m2.171 ms - 11[0m
[0mGET / [32m200 [0m0.612 ms - 11[0m
[0mGET / [32m200 [0m1.459 ms - 11[0m
[0mGET / [32m200 [0m0.381 ms - 11[0m
[0mGET / [32m200 [0m0.230 ms - 11[0m
[0mGET / [32m200 [0m0.611 ms - 11[0m
[0mGET / [32m200 [0m0.917 ms - 11[0m
[0mGET / [32m200 [0m2.685 ms - 11[0m
[0mGET / [32m200 [0m0.219 ms - 11[0m
[0mGET / [32m200 [0m0.747 ms - 11[0m
[0mGET / [32m200 [0m1.099 ms - 11[0m
[0mGET / [32m200 [0m0.567 ms - 11[0m
[0mGET / [32m200 [0m1.336 ms - 11[0m
[0mGET / [32m200 [0m1.563 ms - 11[0m
[0mGET / [32m200 [0m1.829 ms - 11[0m
[0mGET / [32m200 [0m0.310 ms - 11[0m
[0mGET / [32m200 [0m0.211 ms - 11[0m
[0mGET / [32m200 [0m0.370 ms - 11[0m
[0mGET / [32m200 [0m0.251 ms - 11[0m
[0mGET / [32m200 [0m0.340 ms - 11[0m
[0mGET / [32m200 [0m0.223 ms - 11[0m
[0mGET / [32m200 [0m0.502 ms - 11[0m
[0mGET / [32m200 [0m0.912 ms - 11[0m
[0mGET / [32m200 [0m0.450 ms - 11[0m
[0mGET / [32m200 [0m1.457 ms - 11[0m
[0mGET / [32m200 [0m0.863 ms - 11[0m
[0mGET / [32m200 [0m1.212 ms - 11[0m
[0mGET / [32m200 [0m2.041 ms - 11[0m
[0mGET / [32m200 [0m0.803 ms - 11[0m
[0mGET / [32m200 [0m0.502 ms - 11[0m
[0mGET / [32m200 [0m0.836 ms - 11[0m
[0mGET / [32m200 [0m0.413 ms - 11[0m
[0mGET / [32m200 [0m2.312 ms - 11[0m
[0mGET / [32m200 [0m0.549 ms - 11[0m
[0mGET / [32m200 [0m0.832 ms - 11[0m
[0mGET / [32m200 [0m1.144 ms - 11[0m
[0mGET / [32m200 [0m0.819 ms - 11[0m
[0mGET / [32m200 [0m0.412 ms - 11[0m
[0mGET / [32m200 [0m0.240 ms - 11[0m
[0mGET / [32m200 [0m0.574 ms - 11[0m
[0mGET / [32m200 [0m0.807 ms - 11[0m
[0mGET / [32m200 [0m0.477 ms - 11[0m
[0mGET / [32m200 [0m0.205 ms - 11[0m
[0mGET / [32m200 [0m1.902 ms - 11[0m
[0mGET / [32m200 [0m0.217 ms - 11[0m
[0mGET / [32m200 [0m0.532 ms - 11[0m
[0mGET / [32m200 [0m0.837 ms - 11[0m
[0mGET / [32m200 [0m1.912 ms - 11[0m
[0mGET / [32m200 [0m1.540 ms - 11[0m
[0mGET / [32m200 [0m0.581 ms - 11[0m
[0mGET / [32m200 [0m0.840 ms - 11[0m
[0mGET / [32m200 [0m0.502 ms - 11[0m
[0mGET / [32m200 [0m0.808 ms - 11[0m
[0mGET / [32m200 [0m0.620 ms - 11[0m
[0mGET / [32m200 [0m0.905 ms - 11[0m
[0mGET / [32m200 [0m0.478 ms - 11[0m
[0mGET / [32m200 [0m0.827 ms - 11[0m
[0mGET / [32m200 [0m0.476 ms - 11[0m
[0mGET / [32m200 [0m0.239 ms - 11[0m
[0mGET / [32m200 [0m2.031 ms - 11[0m
[0mGET / [32m200 [0m0.258 ms - 11[0m
[0mGET / [32m200 [0m0.488 ms - 11[0m
[0mGET / [32m200 [0m0.259 ms - 11[0m
[0mGET / [32m200 [0m2.053 ms - 11[0m
[0mGET / [32m200 [0m0.216 ms - 11[0m
[0mGET / [32m200 [0m0.311 ms - 11[0m
[0mGET / [32m200 [0m0.251 ms - 11[0m
[0mGET / [32m200 [0m0.474 ms - 11[0m
[0mGET / [32m200 [0m0.794 ms - 11[0m
[0mGET / [32m200 [0m0.540 ms - 11[0m
[0mGET / [32m200 [0m0.793 ms - 11[0m
[0mGET / [32m200 [0m0.498 ms - 11[0m
[0mGET / [32m200 [0m0.783 ms - 11[0m
[0mGET / [32m200 [0m0.446 ms - 11[0m
[0mGET / [32m200 [0m0.249 ms - 11[0m
[0mGET / [32m200 [0m0.414 ms - 11[0m
[0mGET / [32m200 [0m0.262 ms - 11[0m
[0mGET / [32m200 [0m0.429 ms - 11[0m
[0mGET / [32m200 [0m0.243 ms - 11[0m
[0mGET / [32m200 [0m2.098 ms - 11[0m
[0mGET / [32m200 [0m0.223 ms - 11[0m
[0mGET / [32m200 [0m0.561 ms - 11[0m
[0mGET / [32m200 [0m0.892 ms - 11[0m
[0mGET / [32m200 [0m1.810 ms - 11[0m
[0mGET / [32m200 [0m0.237 ms - 11[0m
[0mGET / [32m200 [0m0.343 ms - 11[0m
[0mGET / [32m200 [0m0.214 ms - 11[0m
[0mGET / [32m200 [0m0.542 ms - 11[0m
[0mGET / [32m200 [0m0.245 ms - 11[0m
[0mGET / [32m200 [0m0.468 ms - 11[0m
[0mGET / [32m200 [0m1.092 ms - 11[0m
[0mGET / [32m200 [0m3.505 ms - 11[0m
[0mGET / [32m200 [0m4.321 ms - 11[0m
[0mGET / [32m200 [0m0.324 ms - 11[0m
[0mGET / [32m200 [0m0.218 ms - 11[0m
[0mGET / [32m200 [0m3.557 ms - 11[0m
[0mGET / [32m200 [0m0.223 ms - 11[0m
[0mGET / [32m200 [0m0.469 ms - 11[0m
[0mGET / [32m200 [0m0.853 ms - 11[0m
[0mGET / [32m200 [0m0.453 ms - 11[0m
[0mGET / [32m200 [0m0.753 ms - 11[0m
[0mGET / [32m200 [0m0.558 ms - 11[0m
[0mGET / [32m200 [0m0.841 ms - 11[0m
[0mGET / [32m200 [0m0.586 ms - 11[0m
[0mGET / [32m200 [0m0.822 ms - 11[0m
[0mGET / [32m200 [0m2.777 ms - 11[0m
[0mGET / [32m200 [0m4.207 ms - 11[0m
[0mGET / [32m200 [0m0.522 ms - 11[0m
[0mGET / [32m200 [0m1.561 ms - 11[0m
[0mGET / [32m200 [0m0.603 ms - 11[0m
[0mGET / [32m200 [0m0.822 ms - 11[0m
[0mGET / [32m200 [0m2.665 ms - 11[0m
[0mGET / [32m200 [0m0.628 ms - 11[0m
[0mGET / [32m200 [0m0.473 ms - 11[0m
[0mGET / [32m200 [0m0.833 ms - 11[0m
[0mGET / [32m200 [0m0.468 ms - 11[0m
[0mGET / [32m200 [0m0.807 ms - 11[0m
[0mGET / [32m200 [0m0.547 ms - 11[0m
[0mGET / [32m200 [0m0.803 ms - 11[0m
[0mGET / [32m200 [0m1.173 ms - 11[0m
[0mGET / [32m200 [0m0.744 ms - 11[0m
[0mGET / [32m200 [0m0.466 ms - 11[0m
[0mGET / [32m200 [0m2.079 ms - 11[0m
[0mGET / [32m200 [0m0.571 ms - 11[0m
[0mGET / [32m200 [0m0.231 ms - 11[0m
[0mGET / [32m200 [0m0.314 ms - 11[0m
[0mGET / [32m200 [0m0.193 ms - 11[0m
[0mGET / [32m200 [0m1.959 ms - 11[0m
[0mGET / [32m200 [0m0.218 ms - 11[0m
[0mGET / [32m200 [0m0.649 ms - 11[0m
[0mGET / [32m200 [0m0.835 ms - 11[0m
[0mGET / [32m200 [0m0.539 ms - 11[0m
[0mGET / [32m200 [0m0.781 ms - 11[0m
[0mGET / [32m200 [0m0.465 ms - 11[0m
[0mGET / [32m200 [0m0.238 ms - 11[0m
[0mGET / [32m200 [0m2.436 ms - 11[0m
[0mGET / [32m200 [0m2.775 ms - 11[0m
[0mGET / [32m200 [0m0.453 ms - 11[0m
[0mGET / [32m200 [0m0.208 ms - 11[0m
[0mGET / [32m200 [0m0.348 ms - 11[0m
[0mGET / [32m200 [0m0.282 ms - 11[0m
[0mGET / [32m200 [0m0.479 ms - 11[0m
[0mGET / [32m200 [0m0.774 ms - 11[0m
[0mGET / [32m200 [0m0.510 ms - 11[0m
[0mGET / [32m200 [0m0.765 ms - 11[0m
[0mGET / [32m200 [0m0.299 ms - 11[0m
[0mGET / [32m200 [0m0.194 ms - 11[0m
[0mGET / [32m200 [0m0.440 ms - 11[0m
[0mGET / [32m200 [0m0.811 ms - 11[0m
[0mGET / [32m200 [0m0.479 ms - 11[0m
[0mGET / [32m200 [0m0.769 ms - 11[0m
[0mGET / [32m200 [0m0.458 ms - 11[0m
[0mGET / [32m200 [0m0.750 ms - 11[0m
[0mGET / [32m200 [0m0.349 ms - 11[0m
[0mGET / [32m200 [0m0.509 ms - 11[0m
[0mGET / [32m200 [0m0.417 ms - 11[0m
[0mGET / [32m200 [0m2.426 ms - 11[0m
[0mGET / [32m200 [0m0.423 ms - 11[0m
[0mGET / [32m200 [0m0.226 ms - 11[0m
[0mGET / [32m200 [0m0.423 ms - 11[0m
[0mGET / [32m200 [0m0.757 ms - 11[0m
[0mGET / [32m200 [0m0.566 ms - 11[0m
[0mGET / [32m200 [0m1.868 ms - 11[0m
[0mGET / [32m200 [0m0.489 ms - 11[0m
[0mGET / [32m200 [0m0.787 ms - 11[0m
[0mGET / [32m200 [0m0.298 ms - 11[0m
[0mGET / [32m200 [0m0.448 ms - 11[0m
[0mGET / [32m200 [0m1.943 ms - 11[0m
[0mGET / [32m200 [0m0.744 ms - 11[0m
[0mGET / [32m200 [0m0.622 ms - 11[0m
[0mGET / [32m200 [0m0.789 ms - 11[0m
[0mGET / [32m200 [0m0.254 ms - 11[0m
[0mGET / [32m200 [0m0.746 ms - 11[0m
[0mGET / [32m200 [0m0.437 ms - 11[0m
[0mGET / [32m200 [0m0.240 ms - 11[0m
[0mGET / [32m200 [0m0.463 ms - 11[0m
[0mGET / [32m200 [0m0.724 ms - 11[0m
[0mGET / [32m200 [0m0.409 ms - 11[0m
[0mGET / [32m200 [0m0.233 ms - 11[0m
[0mGET / [32m200 [0m3.236 ms - 11[0m
[0mGET / [32m200 [0m1.103 ms - 11[0m
[0mGET / [32m200 [0m0.585 ms - 11[0m
[0mGET / [32m200 [0m0.817 ms - 11[0m
[0mGET / [32m200 [0m1.064 ms - 11[0m
[0mGET / [32m200 [0m0.761 ms - 11[0m
[0mGET / [32m200 [0m0.340 ms - 11[0m
[0mGET / [32m200 [0m0.239 ms - 11[0m
[0mGET / [32m200 [0m0.463 ms - 11[0m
[0mGET / [32m200 [0m0.196 ms - 11[0m
[0mGET / [32m200 [0m0.311 ms - 11[0m
[0mGET / [32m200 [0m0.468 ms - 11[0m
[0mGET / [32m200 [0m0.465 ms - 11[0m
[0mGET / [32m200 [0m1.684 ms - 11[0m
[0mGET / [32m200 [0m0.532 ms - 11[0m
[0mGET / [32m200 [0m0.831 ms - 11[0m
[0mGET / [32m200 [0m0.448 ms - 11[0m
[0mGET / [32m200 [0m3.784 ms - 11[0m
[0mGET / [32m200 [0m0.439 ms - 11[0m
[0mGET / [32m200 [0m0.775 ms - 11[0m
[0mGET / [32m200 [0m0.294 ms - 11[0m
[0mGET / [32m200 [0m1.114 ms - 11[0m
[0mGET / [32m200 [0m0.769 ms - 11[0m
[0mGET / [32m200 [0m0.679 ms - 11[0m
[0mGET / [32m200 [0m0.449 ms - 11[0m
[0mGET / [32m200 [0m0.804 ms - 11[0m
[0mGET / [32m200 [0m0.419 ms - 11[0m
[0mGET / [32m200 [0m0.244 ms - 11[0m
[0mGET / [32m200 [0m0.485 ms - 11[0m
[0mGET / [32m200 [0m0.794 ms - 11[0m
[0mGET / [32m200 [0m0.610 ms - 11[0m
[0mGET / [32m200 [0m0.804 ms - 11[0m
[0mGET / [32m200 [0m2.597 ms - 11[0m
[0mGET / [32m200 [0m0.765 ms - 11[0m
[0mGET / [32m200 [0m0.454 ms - 11[0m
[0mGET / [32m200 [0m0.812 ms - 11[0m
[0mGET / [32m200 [0m0.349 ms - 11[0m
[0mGET / [32m200 [0m0.226 ms - 11[0m
[0mGET / [32m200 [0m2.245 ms - 11[0m
[0mGET / [32m200 [0m0.216 ms - 11[0m
[0mGET / [32m200 [0m0.494 ms - 11[0m
[0mGET / [32m200 [0m0.752 ms - 11[0m
[0mGET / [32m200 [0m4.987 ms - 11[0m
[0mGET / [32m200 [0m6.693 ms - 11[0m
[0mGET / [32m200 [0m0.413 ms - 11[0m
[0mGET / [32m200 [0m0.713 ms - 11[0m
[0mGET / [32m200 [0m0.403 ms - 11[0m
[0mGET / [32m200 [0m0.236 ms - 11[0m
[0mGET / [32m200 [0m2.320 ms - 11[0m
[0mGET / [32m200 [0m2.604 ms - 11[0m
[0mGET / [32m200 [0m0.505 ms - 11[0m
[0mGET / [32m200 [0m0.774 ms - 11[0m
[0mGET / [32m200 [0m0.427 ms - 11[0m
[0mGET / [32m200 [0m0.222 ms - 11[0m
[0mGET / [32m200 [0m2.597 ms - 11[0m
[0mGET / [32m200 [0m2.876 ms - 11[0m
[0mGET / [32m200 [0m3.824 ms - 11[0m
[0mGET / [32m200 [0m0.796 ms - 11[0m
[0mGET / [32m200 [0m0.433 ms - 11[0m
[0mGET / [32m200 [0m0.246 ms - 11[0m
[0mGET / [32m200 [0m0.342 ms - 11[0m
[0mGET / [32m200 [0m0.474 ms - 11[0m
[0mGET / [32m200 [0m0.435 ms - 11[0m
[0mGET / [32m200 [0m0.233 ms - 11[0m
[0mGET / [32m200 [0m0.413 ms - 11[0m
[0mGET / [32m200 [0m0.285 ms - 11[0m
[0mGET / [32m200 [0m0.514 ms - 11[0m
[0mGET / [32m200 [0m0.766 ms - 11[0m
[0mGET / [32m200 [0m0.377 ms - 11[0m
[0mGET / [32m200 [0m0.224 ms - 11[0m
[0mGET / [32m200 [0m0.555 ms - 11[0m
[0mGET / [32m200 [0m0.755 ms - 11[0m
[0mGET / [32m200 [0m0.421 ms - 11[0m
[0mGET / [32m200 [0m0.245 ms - 11[0m
[0mGET / [32m200 [0m0.409 ms - 11[0m
[0mGET / [32m200 [0m0.235 ms - 11[0m
[0mGET / [32m200 [0m0.349 ms - 11[0m
[0mGET / [32m200 [0m0.199 ms - 11[0m
[0mGET / [32m200 [0m0.320 ms - 11[0m
[0mGET / [32m200 [0m0.234 ms - 11[0m
[0mGET / [32m200 [0m0.318 ms - 11[0m
[0mGET / [32m200 [0m0.190 ms - 11[0m
[0mGET / [32m200 [0m0.486 ms - 11[0m
[0mGET / [32m200 [0m0.228 ms - 11[0m
[0mGET / [32m200 [0m3.094 ms - 11[0m
[0mGET / [32m200 [0m1.581 ms - 11[0m
[0mGET / [32m200 [0m0.491 ms - 11[0m
[0mGET / [32m200 [0m0.786 ms - 11[0m
[0mGET / [32m200 [0m0.410 ms - 11[0m
[0mGET / [32m200 [0m0.188 ms - 11[0m
[0mGET / [32m200 [0m2.660 ms - 11[0m
[0mGET / [32m200 [0m0.225 ms - 11[0m
[0mGET / [32m200 [0m0.351 ms - 11[0m
[0mGET / [32m200 [0m0.221 ms - 11[0m
[0mGET / [32m200 [0m0.296 ms - 11[0m
[0mGET / [32m200 [0m0.236 ms - 11[0m
[0mGET / [32m200 [0m0.446 ms - 11[0m
[0mGET / [32m200 [0m0.582 ms - 11[0m
[0mGET / [32m200 [0m0.600 ms - 11[0m
[0mGET / [32m200 [0m0.946 ms - 11[0m
[0mGET / [32m200 [0m0.315 ms - 11[0m
[0mGET / [32m200 [0m0.186 ms - 11[0m
[0mGET / [32m200 [0m0.546 ms - 11[0m
[0mGET / [32m200 [0m0.813 ms - 11[0m
[0mGET / [32m200 [0m0.616 ms - 11[0m
[0mGET / [32m200 [0m0.818 ms - 11[0m
[0mGET / [32m200 [0m3.969 ms - 11[0m
[0mGET / [32m200 [0m2.848 ms - 11[0m
[0mGET / [32m200 [0m4.949 ms - 11[0m
[0mGET / [32m200 [0m5.263 ms - 11[0m
[0mGET / [32m200 [0m4.448 ms - 11[0m
[0mGET / [32m200 [0m1.958 ms - 11[0m
[0mGET / [32m200 [0m2.048 ms - 11[0m
[0mGET / [32m200 [0m0.488 ms - 11[0m
[0mGET / [32m200 [0m2.771 ms - 11[0m
[0mGET / [32m200 [0m0.402 ms - 11[0m
[0mGET / [32m200 [0m0.405 ms - 11[0m
[0mGET / [32m200 [0m0.615 ms - 11[0m
[0mGET / [32m200 [0m0.497 ms - 11[0m
[0mGET / [32m200 [0m0.273 ms - 11[0m
[0mGET / [32m200 [0m0.500 ms - 11[0m
[0mGET / [32m200 [0m0.265 ms - 11[0m
[0mGET / [32m200 [0m0.408 ms - 11[0m
[0mGET / [32m200 [0m0.279 ms - 11[0m
[0mGET / [32m200 [0m0.332 ms - 11[0m
[0mGET / [32m200 [0m0.264 ms - 11[0m
[0mGET / [32m200 [0m0.449 ms - 11[0m
[0mGET / [32m200 [0m0.314 ms - 11[0m
[0mGET / [32m200 [0m0.521 ms - 11[0m
[0mGET / [32m200 [0m0.280 ms - 11[0m
[0mGET / [32m200 [0m0.514 ms - 11[0m
[0mGET / [32m200 [0m0.919 ms - 11[0m
[0mGET / [32m200 [0m0.429 ms - 11[0m
[0mGET / [32m200 [0m0.292 ms - 11[0m
[0mGET / [32m200 [0m1.948 ms - 11[0m
[0mGET / [32m200 [0m2.980 ms - 11[0m
[0mGET / [32m200 [0m0.382 ms - 11[0m
[0mGET / [32m200 [0m0.323 ms - 11[0m
[0mGET / [32m200 [0m0.429 ms - 11[0m
[0mGET / [32m200 [0m0.267 ms - 11[0m
[0mGET / [32m200 [0m0.428 ms - 11[0m
[0mGET / [32m200 [0m0.276 ms - 11[0m
[0mGET / [32m200 [0m0.650 ms - 11[0m
[0mGET / [32m200 [0m0.887 ms - 11[0m
[0mGET / [32m200 [0m0.487 ms - 11[0m
[0mGET / [32m200 [0m0.279 ms - 11[0m
[0mGET / [32m200 [0m1.727 ms - 11[0m
[0mGET / [32m200 [0m0.868 ms - 11[0m
[0mGET / [32m200 [0m0.423 ms - 11[0m
[0mGET / [32m200 [0m0.271 ms - 11[0m
[0mGET / [32m200 [0m0.476 ms - 11[0m
[0mGET / [32m200 [0m0.293 ms - 11[0m
[0mGET / [32m200 [0m0.464 ms - 11[0m
[0mGET / [32m200 [0m0.488 ms - 11[0m
[0mGET / [32m200 [0m0.411 ms - 11[0m
[0mGET / [32m200 [0m1.269 ms - 11[0m
[0mGET / [32m200 [0m0.507 ms - 11[0m
[0mGET / [32m200 [0m0.252 ms - 11[0m
[0mGET / [32m200 [0m0.556 ms - 11[0m
[0mGET / [32m200 [0m0.838 ms - 11[0m
[0mGET / [32m200 [0m0.414 ms - 11[0m
[0mGET / [32m200 [0m0.244 ms - 11[0m
[0mGET / [32m200 [0m0.418 ms - 11[0m
[0mGET / [32m200 [0m0.239 ms - 11[0m
[0mGET / [32m200 [0m1.481 ms - 11[0m
[0mGET / [32m200 [0m0.707 ms - 11[0m
[0mGET / [32m200 [0m0.427 ms - 11[0m
[0mGET / [32m200 [0m0.290 ms - 11[0m
[0mGET / [32m200 [0m0.536 ms - 11[0m
[0mGET / [32m200 [0m0.850 ms - 11[0m
[0mGET / [32m200 [0m0.468 ms - 11[0m
[0mGET / [32m200 [0m0.254 ms - 11[0m
[0mGET / [32m200 [0m1.971 ms - 11[0m
[0mGET / [32m200 [0m2.295 ms - 11[0m
[0mGET / [32m200 [0m1.095 ms - 11[0m
[0mGET / [32m200 [0m1.482 ms - 11[0m
[0mGET / [32m200 [0m0.418 ms - 11[0m
[0mGET / [32m200 [0m0.289 ms - 11[0m
[0mGET / [32m200 [0m0.487 ms - 11[0m
[0mGET / [32m200 [0m0.793 ms - 11[0m
[0mGET / [32m200 [0m0.487 ms - 11[0m
[0mGET / [32m200 [0m0.261 ms - 11[0m
[0mGET / [32m200 [0m0.708 ms - 11[0m
[0mGET / [32m200 [0m0.895 ms - 11[0m
[0mGET / [32m200 [0m1.271 ms - 11[0m
[0mGET / [32m200 [0m1.315 ms - 11[0m
[0mGET / [32m200 [0m0.614 ms - 11[0m
[0mGET / [32m200 [0m0.890 ms - 11[0m
[0mGET / [32m200 [0m0.463 ms - 11[0m
[0mGET / [32m200 [0m0.225 ms - 11[0m
[0mGET / [32m200 [0m0.484 ms - 11[0m
[0mGET / [32m200 [0m0.262 ms - 11[0m
[0mGET / [32m200 [0m0.686 ms - 11[0m
[0mGET / [32m200 [0m0.894 ms - 11[0m
[0mGET / [32m200 [0m0.562 ms - 11[0m
[0mGET / [32m200 [0m0.945 ms - 11[0m
[0mGET / [32m200 [0m0.465 ms - 11[0m
[0mGET / [32m200 [0m0.221 ms - 11[0m
[0mGET / [32m200 [0m0.456 ms - 11[0m
[0mGET / [32m200 [0m0.267 ms - 11[0m
[0mGET / [32m200 [0m0.390 ms - 11[0m
[0mGET / [32m200 [0m0.222 ms - 11[0m
[0mGET / [32m200 [0m0.531 ms - 11[0m
[0mGET / [32m200 [0m0.829 ms - 11[0m
[0mGET / [32m200 [0m0.593 ms - 11[0m
[0mGET / [32m200 [0m0.867 ms - 11[0m
[0mGET / [32m200 [0m0.454 ms - 11[0m
[0mGET / [32m200 [0m0.261 ms - 11[0m
[0mGET / [32m200 [0m0.545 ms - 11[0m
[0mGET / [32m200 [0m0.833 ms - 11[0m
[0mGET / [32m200 [0m2.789 ms - 11[0m
[0mGET / [32m200 [0m3.036 ms - 11[0m
[0mGET / [32m200 [0m1.362 ms - 11[0m
[0mGET / [32m200 [0m0.852 ms - 11[0m
[0mGET / [32m200 [0m0.443 ms - 11[0m
[0mGET / [32m200 [0m0.257 ms - 11[0m
[0mGET / [32m200 [0m0.583 ms - 11[0m
[0mGET / [32m200 [0m0.758 ms - 11[0m
[0mGET / [32m200 [0m0.456 ms - 11[0m
[0mGET / [32m200 [0m1.173 ms - 11[0m
[0mGET / [32m200 [0m0.404 ms - 11[0m
[0mGET / [32m200 [0m0.240 ms - 11[0m
[0mGET / [32m200 [0m0.575 ms - 11[0m
[0mGET / [32m200 [0m0.765 ms - 11[0m
error: Forever detected script was killed by signal: SIGKILL
