ok
Config
Thu Aug 03 2017 04:09:45 GMT+0000 (UTC)
Cognito
the cognitoidentity is [object Object]
SNS
setting tcp
setting sns
PostAPI
PostAPI_Chat
PostAPI_Wall
PostAPI_Pet
PostAPI_Chips
PostAPI_Login
PostAPI_Shop
PostAPI_Debug
Game init
======================
apiPort listening 2496
tcpPort listening 3003
======================
Server listening at port 3003
[0mGET / [32m200 [0m68.867 ms - 11[0m
[0mGET / [32m200 [0m71.544 ms - 11[0m
[0mGET / [32m200 [0m1.431 ms - 11[0m
[0mGET / [32m200 [0m1.504 ms - 11[0m
[0mGET / [32m200 [0m12.296 ms - 11[0m
[0mGET / [32m200 [0m22.537 ms - 11[0m
[0mGET / [32m200 [0m12.332 ms - 11[0m
[0mGET / [32m200 [0m1.675 ms - 11[0m
[0mGET / [32m200 [0m5.647 ms - 11[0m
[0mGET / [32m200 [0m11.790 ms - 11[0m
[0mGET / [32m200 [0m2.874 ms - 11[0m
[0mGET / [32m200 [0m0.513 ms - 11[0m
[0mGET / [32m200 [0m13.099 ms - 11[0m
[0mGET / [32m200 [0m13.392 ms - 11[0m
[0mGET / [32m200 [0m3.796 ms - 11[0m
[0mGET / [32m200 [0m2.238 ms - 11[0m
[0mGET / [32m200 [0m3.689 ms - 11[0m
[0mGET / [32m200 [0m0.779 ms - 11[0m
[0mGET / [32m200 [0m16.639 ms - 11[0m
[0mGET / [32m200 [0m18.274 ms - 11[0m
[0mGET / [32m200 [0m6.655 ms - 11[0m
[0mGET / [32m200 [0m1.165 ms - 11[0m
[0mGET / [32m200 [0m2.355 ms - 11[0m
[0mGET / [32m200 [0m2.328 ms - 11[0m
[0mGET / [32m200 [0m0.481 ms - 11[0m
[0mGET / [32m200 [0m0.444 ms - 11[0m
[0mGET / [32m200 [0m0.772 ms - 11[0m
[0mGET / [32m200 [0m1.059 ms - 11[0m
[0mGET / [32m200 [0m3.095 ms - 11[0m
[0mGET / [32m200 [0m0.594 ms - 11[0m
[0mGET / [32m200 [0m0.738 ms - 11[0m
[0mGET / [32m200 [0m1.063 ms - 11[0m
[0mGET / [32m200 [0m3.986 ms - 11[0m
[0mGET / [32m200 [0m11.402 ms - 11[0m
[0mGET / [32m200 [0m0.464 ms - 11[0m
[0mGET / [32m200 [0m0.438 ms - 11[0m
[0mGET / [32m200 [0m13.091 ms - 11[0m
[0mGET / [32m200 [0m13.250 ms - 11[0m
[0mGET / [32m200 [0m0.712 ms - 11[0m
[0mGET / [32m200 [0m1.019 ms - 11[0m
[0mGET / [32m200 [0m1.197 ms - 11[0m
[0mGET / [32m200 [0m0.473 ms - 11[0m
[0mGET / [32m200 [0m6.193 ms - 11[0m
[0mGET / [32m200 [0m6.975 ms - 11[0m
[0mGET / [32m200 [0m1.998 ms - 11[0m
[0mGET / [32m200 [0m1.845 ms - 11[0m
[0mGET / [32m200 [0m0.475 ms - 11[0m
[0mGET / [32m200 [0m0.405 ms - 11[0m
[0mGET / [32m200 [0m2.861 ms - 11[0m
[0mGET / [32m200 [0m0.947 ms - 11[0m
[0mGET / [32m200 [0m4.145 ms - 11[0m
[0mGET / [32m200 [0m3.174 ms - 11[0m
[0mGET / [32m200 [0m5.423 ms - 11[0m
[0mGET / [32m200 [0m10.371 ms - 11[0m
[0mGET / [32m200 [0m1.629 ms - 11[0m
[0mGET / [32m200 [0m1.065 ms - 11[0m
[0mGET / [32m200 [0m3.086 ms - 11[0m
[0mGET / [32m200 [0m13.864 ms - 11[0m
[0mGET / [32m200 [0m0.626 ms - 11[0m
[0mGET / [32m200 [0m0.912 ms - 11[0m
[0mGET / [32m200 [0m1.653 ms - 11[0m
[0mGET / [32m200 [0m5.333 ms - 11[0m
[0mGET / [32m200 [0m0.647 ms - 11[0m
[0mGET / [32m200 [0m1.291 ms - 11[0m
[0mGET / [32m200 [0m1.770 ms - 11[0m
[0mGET / [32m200 [0m8.579 ms - 11[0m
[0mGET / [32m200 [0m0.844 ms - 11[0m
[0mGET / [32m200 [0m0.408 ms - 11[0m
[0mGET / [32m200 [0m3.709 ms - 11[0m
[0mGET / [32m200 [0m0.378 ms - 11[0m
[0mGET / [32m200 [0m0.758 ms - 11[0m
[0mGET / [32m200 [0m0.568 ms - 11[0m
[0mGET / [32m200 [0m15.062 ms - 11[0m
[0mGET / [32m200 [0m7.426 ms - 11[0m
[0mGET / [32m200 [0m0.685 ms - 11[0m
[0mGET / [32m200 [0m1.002 ms - 11[0m
[0mGET / [32m200 [0m9.488 ms - 11[0m
[0mGET / [32m200 [0m1.163 ms - 11[0m
[0mGET / [32m200 [0m0.632 ms - 11[0m
[0mGET / [32m200 [0m0.974 ms - 11[0m
[0mGET / [32m200 [0m0.393 ms - 11[0m
[0mGET / [32m200 [0m0.651 ms - 11[0m
[0mGET / [32m200 [0m0.676 ms - 11[0m
[0mGET / [32m200 [0m1.778 ms - 11[0m
[0mGET / [32m200 [0m11.639 ms - 11[0m
[0mGET / [32m200 [0m8.465 ms - 11[0m
[0mGET / [32m200 [0m3.086 ms - 11[0m
[0mGET / [32m200 [0m5.161 ms - 11[0m
[0mGET / [32m200 [0m11.097 ms - 11[0m
[0mGET / [32m200 [0m11.203 ms - 11[0m
[0mGET / [32m200 [0m0.391 ms - 11[0m
[0mGET / [32m200 [0m0.409 ms - 11[0m
[0mGET / [32m200 [0m13.909 ms - 11[0m
[0mGET / [32m200 [0m0.950 ms - 11[0m
[0mGET / [32m200 [0m0.601 ms - 11[0m
[0mGET / [32m200 [0m0.434 ms - 11[0m
[0mGET / [32m200 [0m5.095 ms - 11[0m
[0mGET / [32m200 [0m0.799 ms - 11[0m
[0mGET / [32m200 [0m0.418 ms - 11[0m
[0mGET / [32m200 [0m0.561 ms - 11[0m
[0mGET / [32m200 [0m7.629 ms - 11[0m
[0mGET / [32m200 [0m8.025 ms - 11[0m
[0mGET / [32m200 [0m2.123 ms - 11[0m
[0mGET / [32m200 [0m1.400 ms - 11[0m
[0mGET / [32m200 [0m0.527 ms - 11[0m
[0mGET / [32m200 [0m0.499 ms - 11[0m
[0mGET / [32m200 [0m0.459 ms - 11[0m
[0mGET / [32m200 [0m0.834 ms - 11[0m
[0mGET / [32m200 [0m2.640 ms - 11[0m
[0mGET / [32m200 [0m0.363 ms - 11[0m
[0mGET / [32m200 [0m5.230 ms - 11[0m
[0mGET / [32m200 [0m14.119 ms - 11[0m
[0mGET / [32m200 [0m19.903 ms - 11[0m
[0mGET / [32m200 [0m17.207 ms - 11[0m
[0mGET / [32m200 [0m2.092 ms - 11[0m
[0mGET / [32m200 [0m1.793 ms - 11[0m
[0mGET / [32m200 [0m1.582 ms - 11[0m
[0mGET / [32m200 [0m1.362 ms - 11[0m
[0mGET / [32m200 [0m0.644 ms - 11[0m
[0mGET / [32m200 [0m0.852 ms - 11[0m
[0mGET / [32m200 [0m3.157 ms - 11[0m
[0mGET / [32m200 [0m1.580 ms - 11[0m
[0mGET / [32m200 [0m0.496 ms - 11[0m
[0mGET / [32m200 [0m0.409 ms - 11[0m
[0mGET / [32m200 [0m8.318 ms - 11[0m
[0mGET / [32m200 [0m0.533 ms - 11[0m
[0mGET / [32m200 [0m0.861 ms - 11[0m
[0mGET / [32m200 [0m0.932 ms - 11[0m
[0mGET / [32m200 [0m3.182 ms - 11[0m
[0mGET / [32m200 [0m0.370 ms - 11[0m
[0mGET / [32m200 [0m110.569 ms - 11[0m
[0mGET / [32m200 [0m89.072 ms - 11[0m
[0mGET / [32m200 [0m1.241 ms - 11[0m
[0mGET / [32m200 [0m0.957 ms - 11[0m
[0mGET / [32m200 [0m0.764 ms - 11[0m
[0mGET / [32m200 [0m2.888 ms - 11[0m
[0mGET / [32m200 [0m3.750 ms - 11[0m
[0mGET / [32m200 [0m6.207 ms - 11[0m
[0mGET / [32m200 [0m0.802 ms - 11[0m
[0mGET / [32m200 [0m0.813 ms - 11[0m
[0mGET / [32m200 [0m3.219 ms - 11[0m
[0mGET / [32m200 [0m3.531 ms - 11[0m
[0mGET / [32m200 [0m0.730 ms - 11[0m
[0mGET / [32m200 [0m0.794 ms - 11[0m
[0mGET / [32m200 [0m1.086 ms - 11[0m
[0mGET / [32m200 [0m2.402 ms - 11[0m
[0mGET / [32m200 [0m1.471 ms - 11[0m
[0mGET / [32m200 [0m0.936 ms - 11[0m
[0mGET / [32m200 [0m10.138 ms - 11[0m
[0mGET / [32m200 [0m8.546 ms - 11[0m
[0mGET / [32m200 [0m1.760 ms - 11[0m
[0mGET / [32m200 [0m1.535 ms - 11[0m
[0mGET / [32m200 [0m3.029 ms - 11[0m
[0mGET / [32m200 [0m0.864 ms - 11[0m
[0mGET / [32m200 [0m6.741 ms - 11[0m
[0mGET / [32m200 [0m1.548 ms - 11[0m
[0mGET / [32m200 [0m12.420 ms - 11[0m
[0mGET / [32m200 [0m8.883 ms - 11[0m
[0mGET / [32m200 [0m2.250 ms - 11[0m
[0mGET / [32m200 [0m1.084 ms - 11[0m
[0mGET / [32m200 [0m13.676 ms - 11[0m
[0mGET / [32m200 [0m10.469 ms - 11[0m
[0mGET / [32m200 [0m2.016 ms - 11[0m
[0mGET / [32m200 [0m1.612 ms - 11[0m
[0mGET / [32m200 [0m3.984 ms - 11[0m
[0mGET / [32m200 [0m0.469 ms - 11[0m
[0mGET / [32m200 [0m20.621 ms - 11[0m
[0mGET / [32m200 [0m1.936 ms - 11[0m
[0mGET / [32m200 [0m1.019 ms - 11[0m
[0mGET / [32m200 [0m4.083 ms - 11[0m
[0mGET / [32m200 [0m11.058 ms - 11[0m
[0mGET / [32m200 [0m11.135 ms - 11[0m
[0mGET / [32m200 [0m3.535 ms - 11[0m
[0mGET / [32m200 [0m0.305 ms - 11[0m
[0mGET / [32m200 [0m0.436 ms - 11[0m
[0mGET / [32m200 [0m2.294 ms - 11[0m
[0mGET / [32m200 [0m6.499 ms - 11[0m
[0mGET / [32m200 [0m8.988 ms - 11[0m
[0mGET / [32m200 [0m4.152 ms - 11[0m
[0mGET / [32m200 [0m0.811 ms - 11[0m
[0mGET / [32m200 [0m1.031 ms - 11[0m
[0mGET / [32m200 [0m4.908 ms - 11[0m
[0mGET / [32m200 [0m16.512 ms - 11[0m
[0mGET / [32m200 [0m17.187 ms - 11[0m
[0mGET / [32m200 [0m11.510 ms - 11[0m
[0mGET / [32m200 [0m11.911 ms - 11[0m
[0mGET / [32m200 [0m1.390 ms - 11[0m
[0mGET / [32m200 [0m0.448 ms - 11[0m
[0mGET / [32m200 [0m1.032 ms - 11[0m
[0mGET / [32m200 [0m0.363 ms - 11[0m
[0mGET / [32m200 [0m3.343 ms - 11[0m
[0mGET / [32m200 [0m0.360 ms - 11[0m
[0mGET / [32m200 [0m4.785 ms - 11[0m
[0mGET / [32m200 [0m1.464 ms - 11[0m
[0mGET / [32m200 [0m8.129 ms - 11[0m
[0mGET / [32m200 [0m6.577 ms - 11[0m
[0mGET / [32m200 [0m5.543 ms - 11[0m
[0mGET / [32m200 [0m0.933 ms - 11[0m
[0mGET / [32m200 [0m6.200 ms - 11[0m
[0mGET / [32m200 [0m0.811 ms - 11[0m
[0mGET / [32m200 [0m8.232 ms - 11[0m
[0mGET / [32m200 [0m8.353 ms - 11[0m
[0mGET / [32m200 [0m10.739 ms - 11[0m
[0mGET / [32m200 [0m7.483 ms - 11[0m
[0mGET / [32m200 [0m2.358 ms - 11[0m
[0mGET / [32m200 [0m0.895 ms - 11[0m
[0mGET / [32m200 [0m1.600 ms - 11[0m
[0mGET / [32m200 [0m4.405 ms - 11[0m
[0mGET / [32m200 [0m8.440 ms - 11[0m
[0mGET / [32m200 [0m13.982 ms - 11[0m
[0mGET / [32m200 [0m6.465 ms - 11[0m
[0mGET / [32m200 [0m6.225 ms - 11[0m
[0mGET / [32m200 [0m7.830 ms - 11[0m
[0mGET / [32m200 [0m7.991 ms - 11[0m
[0mGET / [32m200 [0m6.980 ms - 11[0m
[0mGET / [32m200 [0m0.358 ms - 11[0m
[0mGET / [32m200 [0m3.855 ms - 11[0m
[0mGET / [32m200 [0m0.999 ms - 11[0m
[0mGET / [32m200 [0m15.248 ms - 11[0m
[0mGET / [32m200 [0m7.522 ms - 11[0m
[0mGET / [32m200 [0m3.703 ms - 11[0m
[0mGET / [32m200 [0m6.902 ms - 11[0m
[0mGET / [32m200 [0m1.775 ms - 11[0m
[0mGET / [32m200 [0m0.310 ms - 11[0m
[0mGET / [32m200 [0m5.829 ms - 11[0m
[0mGET / [32m200 [0m0.370 ms - 11[0m
[0mGET / [32m200 [0m8.313 ms - 11[0m
[0mGET / [32m200 [0m0.384 ms - 11[0m
[0mGET / [32m200 [0m10.806 ms - 11[0m
[0mGET / [32m200 [0m0.543 ms - 11[0m
[0mGET / [32m200 [0m4.835 ms - 11[0m
[0mGET / [32m200 [0m0.409 ms - 11[0m
[0mGET / [32m200 [0m4.150 ms - 11[0m
[0mGET / [32m200 [0m0.375 ms - 11[0m
[0mGET / [32m200 [0m2.746 ms - 11[0m
[0mGET / [32m200 [0m0.427 ms - 11[0m
[0mGET / [32m200 [0m12.106 ms - 11[0m
[0mGET / [32m200 [0m7.610 ms - 11[0m
[0mGET / [32m200 [0m8.362 ms - 11[0m
[0mGET / [32m200 [0m6.732 ms - 11[0m
[0mGET / [32m200 [0m6.806 ms - 11[0m
[0mGET / [32m200 [0m0.943 ms - 11[0m
[0mGET / [32m200 [0m1.080 ms - 11[0m
[0mGET / [32m200 [0m1.390 ms - 11[0m
[0mGET / [32m200 [0m3.909 ms - 11[0m
[0mGET / [32m200 [0m0.305 ms - 11[0m
[0mGET / [32m200 [0m10.903 ms - 11[0m
[0mGET / [32m200 [0m6.939 ms - 11[0m
[0mGET / [32m200 [0m2.803 ms - 11[0m
[0mGET / [32m200 [0m0.361 ms - 11[0m
[0mGET / [32m200 [0m5.682 ms - 11[0m
[0mGET / [32m200 [0m0.524 ms - 11[0m
[0mGET / [32m200 [0m3.431 ms - 11[0m
[0mGET / [32m200 [0m0.313 ms - 11[0m
[0mGET / [32m200 [0m7.483 ms - 11[0m
[0mGET / [32m200 [0m2.616 ms - 11[0m
[0mGET / [32m200 [0m2.836 ms - 11[0m
[0mGET / [32m200 [0m1.921 ms - 11[0m
[0mGET / [32m200 [0m8.861 ms - 11[0m
[0mGET / [32m200 [0m20.604 ms - 11[0m
[0mGET / [32m200 [0m9.590 ms - 11[0m
[0mGET / [32m200 [0m0.383 ms - 11[0m
[0mGET / [32m200 [0m11.854 ms - 11[0m
[0mGET / [32m200 [0m11.765 ms - 11[0m
[0mGET / [32m200 [0m13.355 ms - 11[0m
[0mGET / [32m200 [0m12.634 ms - 11[0m
[0mGET / [32m200 [0m17.436 ms - 11[0m
[0mGET / [32m200 [0m1.131 ms - 11[0m
[0mGET / [32m200 [0m10.826 ms - 11[0m
[0mGET / [32m200 [0m10.983 ms - 11[0m
[0mGET / [32m200 [0m8.773 ms - 11[0m
[0mGET / [32m200 [0m0.818 ms - 11[0m
[0mGET / [32m200 [0m9.602 ms - 11[0m
[0mGET / [32m200 [0m5.337 ms - 11[0m
[0mGET / [32m200 [0m1.826 ms - 11[0m
[0mGET / [32m200 [0m2.491 ms - 11[0m
[0mGET / [32m200 [0m4.870 ms - 11[0m
[0mGET / [32m200 [0m5.142 ms - 11[0m
[0mGET / [32m200 [0m1.488 ms - 11[0m
[0mGET / [32m200 [0m2.431 ms - 11[0m
[0mGET / [32m200 [0m4.112 ms - 11[0m
[0mGET / [32m200 [0m2.166 ms - 11[0m
[0mGET / [32m200 [0m3.909 ms - 11[0m
[0mGET / [32m200 [0m1.192 ms - 11[0m
[0mGET / [32m200 [0m0.763 ms - 11[0m
[0mGET / [32m200 [0m10.907 ms - 11[0m
[0mGET / [32m200 [0m1.943 ms - 11[0m
[0mGET / [32m200 [0m0.503 ms - 11[0m
[0mGET / [32m200 [0m5.977 ms - 11[0m
[0mGET / [32m200 [0m1.334 ms - 11[0m
[0mGET / [32m200 [0m1.784 ms - 11[0m
[0mGET / [32m200 [0m0.507 ms - 11[0m
[0mGET / [32m200 [0m0.716 ms - 11[0m
[0mGET / [32m200 [0m6.387 ms - 11[0m
[0mGET / [32m200 [0m2.739 ms - 11[0m
[0mGET / [32m200 [0m0.353 ms - 11[0m
[0mGET / [32m200 [0m5.695 ms - 11[0m
[0mGET / [32m200 [0m0.422 ms - 11[0m
[0mGET / [32m200 [0m3.743 ms - 11[0m
[0mGET / [32m200 [0m0.404 ms - 11[0m
[0mGET / [32m200 [0m0.735 ms - 11[0m
[0mGET / [32m200 [0m8.222 ms - 11[0m
[0mGET / [32m200 [0m3.840 ms - 11[0m
[0mGET / [32m200 [0m1.660 ms - 11[0m
[0mGET / [32m200 [0m0.555 ms - 11[0m
[0mGET / [32m200 [0m6.720 ms - 11[0m
[0mGET / [32m200 [0m11.826 ms - 11[0m
[0mGET / [32m200 [0m7.690 ms - 11[0m
[0mGET / [32m200 [0m8.413 ms - 11[0m
[0mGET / [32m200 [0m5.166 ms - 11[0m
[0mGET / [32m200 [0m2.253 ms - 11[0m
[0mGET / [32m200 [0m1.667 ms - 11[0m
[0mGET / [32m200 [0m0.756 ms - 11[0m
[0mGET / [32m200 [0m10.339 ms - 11[0m
[0mGET / [32m200 [0m4.367 ms - 11[0m
[0mGET / [32m200 [0m12.017 ms - 11[0m
[0mGET / [32m200 [0m0.686 ms - 11[0m
[0mGET / [32m200 [0m2.044 ms - 11[0m
[0mGET / [32m200 [0m4.112 ms - 11[0m
[0mGET / [32m200 [0m2.476 ms - 11[0m
[0mGET / [32m200 [0m3.306 ms - 11[0m
[0mGET / [32m200 [0m3.588 ms - 11[0m
[0mGET / [32m200 [0m2.477 ms - 11[0m
[0mGET / [32m200 [0m1.193 ms - 11[0m
[0mGET / [32m200 [0m2.444 ms - 11[0m
[0mGET / [32m200 [0m1.977 ms - 11[0m
[0mGET / [32m200 [0m4.713 ms - 11[0m
[0mGET / [32m200 [0m0.705 ms - 11[0m
[0mGET / [32m200 [0m0.711 ms - 11[0m
[0mGET / [32m200 [0m13.608 ms - 11[0m
[0mGET / [32m200 [0m0.954 ms - 11[0m
[0mGET / [32m200 [0m1.056 ms - 11[0m
[0mGET / [32m200 [0m0.602 ms - 11[0m
[0mGET / [32m200 [0m4.560 ms - 11[0m
[0mGET / [32m200 [0m1.420 ms - 11[0m
[0mGET / [32m200 [0m0.791 ms - 11[0m
[0mGET / [32m200 [0m0.609 ms - 11[0m
[0mGET / [32m200 [0m0.357 ms - 11[0m
[0mGET / [32m200 [0m4.984 ms - 11[0m
[0mGET / [32m200 [0m2.010 ms - 11[0m
[0mGET / [32m200 [0m3.135 ms - 11[0m
[0mGET / [32m200 [0m6.624 ms - 11[0m
[0mGET / [32m200 [0m0.359 ms - 11[0m
[0mGET / [32m200 [0m1.251 ms - 11[0m
[0mGET / [32m200 [0m0.684 ms - 11[0m
[0mGET / [32m200 [0m9.036 ms - 11[0m
[0mGET / [32m200 [0m0.879 ms - 11[0m
[0mGET / [32m200 [0m0.305 ms - 11[0m
[0mGET / [32m200 [0m2.866 ms - 11[0m
[0mGET / [32m200 [0m0.869 ms - 11[0m
[0mGET / [32m200 [0m0.552 ms - 11[0m
[0mGET / [32m200 [0m0.390 ms - 11[0m
[0mGET / [32m200 [0m4.708 ms - 11[0m
[0mGET / [32m200 [0m4.597 ms - 11[0m
[0mGET / [32m200 [0m10.484 ms - 11[0m
[0mGET / [32m200 [0m0.895 ms - 11[0m
[0mGET / [32m200 [0m1.085 ms - 11[0m
[0mGET / [32m200 [0m0.900 ms - 11[0m
[0mGET / [32m200 [0m2.331 ms - 11[0m
[0mGET / [32m200 [0m0.570 ms - 11[0m
[0mGET / [32m200 [0m1.811 ms - 11[0m
[0mGET / [32m200 [0m2.512 ms - 11[0m
[0mGET / [32m200 [0m3.467 ms - 11[0m
[0mGET / [32m200 [0m1.473 ms - 11[0m
[0mGET / [32m200 [0m0.684 ms - 11[0m
[0mGET / [32m200 [0m10.564 ms - 11[0m
[0mGET / [32m200 [0m0.421 ms - 11[0m
[0mGET / [32m200 [0m0.532 ms - 11[0m
[0mGET / [32m200 [0m0.488 ms - 11[0m
[0mGET / [32m200 [0m2.099 ms - 11[0m
[0mGET / [32m200 [0m1.273 ms - 11[0m
[0mGET / [32m200 [0m0.578 ms - 11[0m
[0mGET / [32m200 [0m5.324 ms - 11[0m
[0mGET / [32m200 [0m1.776 ms - 11[0m
[0mGET / [32m200 [0m1.556 ms - 11[0m
[0mGET / [32m200 [0m6.884 ms - 11[0m
[0mGET / [32m200 [0m4.428 ms - 11[0m
[0mGET / [32m200 [0m2.574 ms - 11[0m
[0mGET / [32m200 [0m1.189 ms - 11[0m
[0mGET / [32m200 [0m0.655 ms - 11[0m
[0mGET / [32m200 [0m0.679 ms - 11[0m
[0mGET / [32m200 [0m1.042 ms - 11[0m
[0mGET / [32m200 [0m11.860 ms - 11[0m
[0mGET / [32m200 [0m5.923 ms - 11[0m
[0mGET / [32m200 [0m0.610 ms - 11[0m
[0mGET / [32m200 [0m4.379 ms - 11[0m
[0mGET / [32m200 [0m0.422 ms - 11[0m
[0mGET / [32m200 [0m1.104 ms - 11[0m
[0mGET / [32m200 [0m5.664 ms - 11[0m
[0mGET / [32m200 [0m6.316 ms - 11[0m
[0mGET / [32m200 [0m4.302 ms - 11[0m
[0mGET / [32m200 [0m0.316 ms - 11[0m
[0mGET / [32m200 [0m70.231 ms - 11[0m
[0mGET / [32m200 [0m117.434 ms - 11[0m
[0mGET / [32m200 [0m4.722 ms - 11[0m
[0mGET / [32m200 [0m0.989 ms - 11[0m
[0mGET / [32m200 [0m9.451 ms - 11[0m
[0mGET / [32m200 [0m7.049 ms - 11[0m
[0mGET / [32m200 [0m1.071 ms - 11[0m
[0mGET / [32m200 [0m9.138 ms - 11[0m
[0mGET / [32m200 [0m5.904 ms - 11[0m
[0mGET / [32m200 [0m2.720 ms - 11[0m
[0mGET / [32m200 [0m1.601 ms - 11[0m
[0mGET / [32m200 [0m1.604 ms - 11[0m
[0mGET / [32m200 [0m0.573 ms - 11[0m
[0mGET / [32m200 [0m6.810 ms - 11[0m
[0mGET / [32m200 [0m5.065 ms - 11[0m
[0mGET / [32m200 [0m3.538 ms - 11[0m
[0mGET / [32m200 [0m5.045 ms - 11[0m
[0mGET / [32m200 [0m2.678 ms - 11[0m
[0mGET / [32m200 [0m2.750 ms - 11[0m
[0mGET / [32m200 [0m0.308 ms - 11[0m
[0mGET / [32m200 [0m3.561 ms - 11[0m
[0mGET / [32m200 [0m0.582 ms - 11[0m
[0mGET / [32m200 [0m0.844 ms - 11[0m
[0mGET / [32m200 [0m0.373 ms - 11[0m
[0mGET / [32m200 [0m0.713 ms - 11[0m
[0mGET / [32m200 [0m6.563 ms - 11[0m
[0mGET / [32m200 [0m1.591 ms - 11[0m
[0mGET / [32m200 [0m3.119 ms - 11[0m
[0mGET / [32m200 [0m11.325 ms - 11[0m
[0mGET / [32m200 [0m1.114 ms - 11[0m
[0mGET / [32m200 [0m0.439 ms - 11[0m
[0mGET / [32m200 [0m0.521 ms - 11[0m
[0mGET / [32m200 [0m0.852 ms - 11[0m
[0mGET / [32m200 [0m5.425 ms - 11[0m
[0mGET / [32m200 [0m0.516 ms - 11[0m
[0mGET / [32m200 [0m0.389 ms - 11[0m
[0mGET / [32m200 [0m0.641 ms - 11[0m
[0mGET / [32m200 [0m10.549 ms - 11[0m
[0mGET / [32m200 [0m5.137 ms - 11[0m
[0mGET / [32m200 [0m0.332 ms - 11[0m
[0mGET / [32m200 [0m0.570 ms - 11[0m
[0mGET / [32m200 [0m5.997 ms - 11[0m
[0mGET / [32m200 [0m1.566 ms - 11[0m
[0mGET / [32m200 [0m0.901 ms - 11[0m
[0mGET / [32m200 [0m3.467 ms - 11[0m
[0mGET / [32m200 [0m0.352 ms - 11[0m
[0mGET / [32m200 [0m0.852 ms - 11[0m
[0mGET / [32m200 [0m0.372 ms - 11[0m
[0mGET / [32m200 [0m8.363 ms - 11[0m
[0mGET / [32m200 [0m2.209 ms - 11[0m
[0mGET / [32m200 [0m1.243 ms - 11[0m
[0mGET / [32m200 [0m0.465 ms - 11[0m
[0mGET / [32m200 [0m0.362 ms - 11[0m
[0mGET / [32m200 [0m2.157 ms - 11[0m
[0mGET / [32m200 [0m2.858 ms - 11[0m
[0mGET / [32m200 [0m0.471 ms - 11[0m
[0mGET / [32m200 [0m8.315 ms - 11[0m
[0mGET / [32m200 [0m0.453 ms - 11[0m
[0mGET / [32m200 [0m1.130 ms - 11[0m
[0mGET / [32m200 [0m0.528 ms - 11[0m
[0mGET / [32m200 [0m0.366 ms - 11[0m
[0mGET / [32m200 [0m1.002 ms - 11[0m
[0mGET / [32m200 [0m4.613 ms - 11[0m
[0mGET / [32m200 [0m0.489 ms - 11[0m
[0mGET / [32m200 [0m1.354 ms - 11[0m
[0mGET / [32m200 [0m0.985 ms - 11[0m
[0mGET / [32m200 [0m0.578 ms - 11[0m
[0mGET / [32m200 [0m0.842 ms - 11[0m
[0mGET / [32m200 [0m0.950 ms - 11[0m
[0mGET / [32m200 [0m0.865 ms - 11[0m
[0mGET / [32m200 [0m5.997 ms - 11[0m
[0mGET / [32m200 [0m6.218 ms - 11[0m
[0mGET / [32m200 [0m0.941 ms - 11[0m
[0mGET / [32m200 [0m0.861 ms - 11[0m
[0mGET / [32m200 [0m0.466 ms - 11[0m
[0mGET / [32m200 [0m0.675 ms - 11[0m
[0mGET / [32m200 [0m0.759 ms - 11[0m
[0mGET / [32m200 [0m1.318 ms - 11[0m
[0mGET / [32m200 [0m5.649 ms - 11[0m
[0mGET / [32m200 [0m7.005 ms - 11[0m
[0mGET / [32m200 [0m0.685 ms - 11[0m
[0mGET / [32m200 [0m0.551 ms - 11[0m
[0mGET / [32m200 [0m5.742 ms - 11[0m
[0mGET / [32m200 [0m0.285 ms - 11[0m
[0mGET / [32m200 [0m0.504 ms - 11[0m
[0mGET / [32m200 [0m0.342 ms - 11[0m
[0mGET / [32m200 [0m8.630 ms - 11[0m
[0mGET / [32m200 [0m0.420 ms - 11[0m
[0mGET / [32m200 [0m0.364 ms - 11[0m
[0mGET / [32m200 [0m0.404 ms - 11[0m
[0mGET / [32m200 [0m3.655 ms - 11[0m
[0mGET / [32m200 [0m1.853 ms - 11[0m
[0mGET / [32m200 [0m3.005 ms - 11[0m
[0mGET / [32m200 [0m0.948 ms - 11[0m
[0mGET / [32m200 [0m0.455 ms - 11[0m
[0mGET / [32m200 [0m0.524 ms - 11[0m
[0mGET / [32m200 [0m0.379 ms - 11[0m
[0mGET / [32m200 [0m0.392 ms - 11[0m
[0mGET / [32m200 [0m3.722 ms - 11[0m
[0mGET / [32m200 [0m3.634 ms - 11[0m
[0mGET / [32m200 [0m0.377 ms - 11[0m
[0mGET / [32m200 [0m0.462 ms - 11[0m
[0mGET / [32m200 [0m6.663 ms - 11[0m
[0mGET / [32m200 [0m0.927 ms - 11[0m
[0mGET / [32m200 [0m0.562 ms - 11[0m
[0mGET / [32m200 [0m0.910 ms - 11[0m
[0mGET / [32m200 [0m0.637 ms - 11[0m
[0mGET / [32m200 [0m4.332 ms - 11[0m
[0mGET / [32m200 [0m0.416 ms - 11[0m
[0mGET / [32m200 [0m0.443 ms - 11[0m
[0mGET / [32m200 [0m5.406 ms - 11[0m
[0mGET / [32m200 [0m0.820 ms - 11[0m
[0mGET / [32m200 [0m0.715 ms - 11[0m
[0mGET / [32m200 [0m1.079 ms - 11[0m
[0mGET / [32m200 [0m2.448 ms - 11[0m
[0mGET / [32m200 [0m4.618 ms - 11[0m
[0mGET / [32m200 [0m0.555 ms - 11[0m
[0mGET / [32m200 [0m1.428 ms - 11[0m
[0mGET / [32m200 [0m5.478 ms - 11[0m
[0mGET / [32m200 [0m1.171 ms - 11[0m
[0mGET / [32m200 [0m3.268 ms - 11[0m
[0mGET / [32m200 [0m1.364 ms - 11[0m
[0mGET / [32m200 [0m3.716 ms - 11[0m
[0mGET / [32m200 [0m1.042 ms - 11[0m
[0mGET / [32m200 [0m0.557 ms - 11[0m
[0mGET / [32m200 [0m0.912 ms - 11[0m
[0mGET / [32m200 [0m3.672 ms - 11[0m
[0mGET / [32m200 [0m0.281 ms - 11[0m
[0mGET / [32m200 [0m4.586 ms - 11[0m
[0mGET / [32m200 [0m2.330 ms - 11[0m
[0mGET / [32m200 [0m0.465 ms - 11[0m
[0mGET / [32m200 [0m2.107 ms - 11[0m
[0mGET / [32m200 [0m3.641 ms - 11[0m
[0mGET / [32m200 [0m0.791 ms - 11[0m
[0mGET / [32m200 [0m0.609 ms - 11[0m
[0mGET / [32m200 [0m4.138 ms - 11[0m
[0mGET / [32m200 [0m1.196 ms - 11[0m
[0mGET / [32m200 [0m1.168 ms - 11[0m
[0mGET / [32m200 [0m4.164 ms - 11[0m
[0mGET / [32m200 [0m1.537 ms - 11[0m
[0mGET / [32m200 [0m0.442 ms - 11[0m
[0mGET / [32m200 [0m1.624 ms - 11[0m
[0mGET / [32m200 [0m0.467 ms - 11[0m
[0mGET / [32m200 [0m1.427 ms - 11[0m
[0mGET / [32m200 [0m1.918 ms - 11[0m
[0mGET / [32m200 [0m1.633 ms - 11[0m
[0mGET / [32m200 [0m4.792 ms - 11[0m
[0mGET / [32m200 [0m3.239 ms - 11[0m
[0mGET / [32m200 [0m0.554 ms - 11[0m
[0mGET / [32m200 [0m0.338 ms - 11[0m
[0mGET / [32m200 [0m0.411 ms - 11[0m
[0mGET / [32m200 [0m1.164 ms - 11[0m
[0mGET / [32m200 [0m0.671 ms - 11[0m
[0mGET / [32m200 [0m0.943 ms - 11[0m
[0mGET / [32m200 [0m0.549 ms - 11[0m
[0mGET / [32m200 [0m0.905 ms - 11[0m
[0mGET / [32m200 [0m0.387 ms - 11[0m
[0mGET / [32m200 [0m0.406 ms - 11[0m
[0mGET / [32m200 [0m3.238 ms - 11[0m
[0mGET / [32m200 [0m1.565 ms - 11[0m
[0mGET / [32m200 [0m0.666 ms - 11[0m
[0mGET / [32m200 [0m0.952 ms - 11[0m
[0mGET / [32m200 [0m2.022 ms - 11[0m
[0mGET / [32m200 [0m1.337 ms - 11[0m
[0mGET / [32m200 [0m2.091 ms - 11[0m
[0mGET / [32m200 [0m1.666 ms - 11[0m
[0mGET / [32m200 [0m1.649 ms - 11[0m
[0mGET / [32m200 [0m0.262 ms - 11[0m
[0mGET / [32m200 [0m0.876 ms - 11[0m
[0mGET / [32m200 [0m1.013 ms - 11[0m
[0mGET / [32m200 [0m3.253 ms - 11[0m
[0mGET / [32m200 [0m2.292 ms - 11[0m
[0mGET / [32m200 [0m4.989 ms - 11[0m
[0mGET / [32m200 [0m0.332 ms - 11[0m
[0mGET / [32m200 [0m1.039 ms - 11[0m
[0mGET / [32m200 [0m1.253 ms - 11[0m
[0mGET / [32m200 [0m0.749 ms - 11[0m
[0mGET / [32m200 [0m0.799 ms - 11[0m
[0mGET / [32m200 [0m4.230 ms - 11[0m
[0mGET / [32m200 [0m1.393 ms - 11[0m
[0mGET / [32m200 [0m0.928 ms - 11[0m
[0mGET / [32m200 [0m0.849 ms - 11[0m
[0mGET / [32m200 [0m11.965 ms - 11[0m
[0mGET / [32m200 [0m12.335 ms - 11[0m
[0mGET / [32m200 [0m0.920 ms - 11[0m
[0mGET / [32m200 [0m0.879 ms - 11[0m
[0mGET / [32m200 [0m6.622 ms - 11[0m
[0mGET / [32m200 [0m0.896 ms - 11[0m
[0mGET / [32m200 [0m2.076 ms - 11[0m
[0mGET / [32m200 [0m1.686 ms - 11[0m
[0mGET / [32m200 [0m0.727 ms - 11[0m
[0mGET / [32m200 [0m6.932 ms - 11[0m
[0mGET / [32m200 [0m0.709 ms - 11[0m
[0mGET / [32m200 [0m0.947 ms - 11[0m
[0mGET / [32m200 [0m1.458 ms - 11[0m
[0mGET / [32m200 [0m4.163 ms - 11[0m
[0mGET / [32m200 [0m0.683 ms - 11[0m
[0mGET / [32m200 [0m0.952 ms - 11[0m
[0mGET / [32m200 [0m9.045 ms - 11[0m
[0mGET / [32m200 [0m9.199 ms - 11[0m
[0mGET / [32m200 [0m1.751 ms - 11[0m
[0mGET / [32m200 [0m3.617 ms - 11[0m
[0mGET / [32m200 [0m1.855 ms - 11[0m
[0mGET / [32m200 [0m15.800 ms - 11[0m
[0mGET / [32m200 [0m1.533 ms - 11[0m
[0mGET / [32m200 [0m1.415 ms - 11[0m
[0mGET / [32m200 [0m0.403 ms - 11[0m
[0mGET / [32m200 [0m0.436 ms - 11[0m
[0mGET / [32m200 [0m2.645 ms - 11[0m
[0mGET / [32m200 [0m2.442 ms - 11[0m
[0mGET / [32m200 [0m0.594 ms - 11[0m
[0mGET / [32m200 [0m4.378 ms - 11[0m
[0mGET / [32m200 [0m2.619 ms - 11[0m
[0mGET / [32m200 [0m1.718 ms - 11[0m
[0mGET / [32m200 [0m4.314 ms - 11[0m
[0mGET / [32m200 [0m13.706 ms - 11[0m
[0mGET / [32m200 [0m3.208 ms - 11[0m
[0mGET / [32m200 [0m2.452 ms - 11[0m
[0mGET / [32m200 [0m1.749 ms - 11[0m
[0mGET / [32m200 [0m1.002 ms - 11[0m
[0mGET / [32m200 [0m1.235 ms - 11[0m
[0mGET / [32m200 [0m0.550 ms - 11[0m
[0mGET / [32m200 [0m0.874 ms - 11[0m
[0mGET / [32m200 [0m0.352 ms - 11[0m
[0mGET / [32m200 [0m0.361 ms - 11[0m
[0mGET / [32m200 [0m1.200 ms - 11[0m
[0mGET / [32m200 [0m1.974 ms - 11[0m
[0mGET / [32m200 [0m0.328 ms - 11[0m
[0mGET / [32m200 [0m2.670 ms - 11[0m
[0mGET / [32m200 [0m0.334 ms - 11[0m
[0mGET / [32m200 [0m10.423 ms - 11[0m
[0mGET / [32m200 [0m0.786 ms - 11[0m
[0mGET / [32m200 [0m1.863 ms - 11[0m
[0mGET / [32m200 [0m7.745 ms - 11[0m
[0mGET / [32m200 [0m0.339 ms - 11[0m
[0mGET / [32m200 [0m0.833 ms - 11[0m
[0mGET / [32m200 [0m1.535 ms - 11[0m
[0mGET / [32m200 [0m0.261 ms - 11[0m
[0mGET / [32m200 [0m3.175 ms - 11[0m
[0mGET / [32m200 [0m0.928 ms - 11[0m
[0mGET / [32m200 [0m3.339 ms - 11[0m
[0mGET / [32m200 [0m3.626 ms - 11[0m
[0mGET / [32m200 [0m0.650 ms - 11[0m
[0mGET / [32m200 [0m0.325 ms - 11[0m
[0mGET / [32m200 [0m2.166 ms - 11[0m
[0mGET / [32m200 [0m0.415 ms - 11[0m
[0mGET / [32m200 [0m0.618 ms - 11[0m
[0mGET / [32m200 [0m3.948 ms - 11[0m
[0mGET / [32m200 [0m1.567 ms - 11[0m
[0mGET / [32m200 [0m0.258 ms - 11[0m
[0mGET / [32m200 [0m1.837 ms - 11[0m
[0mGET / [32m200 [0m0.335 ms - 11[0m
[0mGET / [32m200 [0m3.026 ms - 11[0m
[0mGET / [32m200 [0m0.441 ms - 11[0m
[0mGET / [32m200 [0m4.636 ms - 11[0m
[0mGET / [32m200 [0m0.360 ms - 11[0m
[0mGET / [32m200 [0m7.722 ms - 11[0m
[0mGET / [32m200 [0m0.794 ms - 11[0m
[0mGET / [32m200 [0m3.017 ms - 11[0m
[0mGET / [32m200 [0m1.120 ms - 11[0m
[0mGET / [32m200 [0m2.146 ms - 11[0m
[0mGET / [32m200 [0m0.331 ms - 11[0m
[0mGET / [32m200 [0m1.022 ms - 11[0m
[0mGET / [32m200 [0m2.328 ms - 11[0m
[0mGET / [32m200 [0m3.363 ms - 11[0m
[0mGET / [32m200 [0m0.407 ms - 11[0m
[0mGET / [32m200 [0m1.613 ms - 11[0m
[0mGET / [32m200 [0m1.199 ms - 11[0m
[0mGET / [32m200 [0m1.459 ms - 11[0m
[0mGET / [32m200 [0m0.327 ms - 11[0m
[0mGET / [32m200 [0m2.628 ms - 11[0m
[0mGET / [32m200 [0m1.041 ms - 11[0m
[0mGET / [32m200 [0m3.390 ms - 11[0m
[0mGET / [32m200 [0m0.411 ms - 11[0m
[0mGET / [32m200 [0m7.124 ms - 11[0m
[0mGET / [32m200 [0m0.858 ms - 11[0m
[0mGET / [32m200 [0m1.570 ms - 11[0m
[0mGET / [32m200 [0m0.325 ms - 11[0m
[0mGET / [32m200 [0m0.934 ms - 11[0m
[0mGET / [32m200 [0m1.414 ms - 11[0m
[0mGET / [32m200 [0m10.000 ms - 11[0m
[0mGET / [32m200 [0m10.303 ms - 11[0m
[0mGET / [32m200 [0m1.186 ms - 11[0m
[0mGET / [32m200 [0m1.090 ms - 11[0m
[0mGET / [32m200 [0m12.497 ms - 11[0m
[0mGET / [32m200 [0m11.143 ms - 11[0m
[0mGET / [32m200 [0m6.002 ms - 11[0m
[0mGET / [32m200 [0m4.341 ms - 11[0m
[0mGET / [32m200 [0m0.870 ms - 11[0m
[0mGET / [32m200 [0m0.315 ms - 11[0m
[0mGET / [32m200 [0m3.130 ms - 11[0m
[0mGET / [32m200 [0m2.001 ms - 11[0m
[0mGET / [32m200 [0m1.502 ms - 11[0m
[0mGET / [32m200 [0m0.296 ms - 11[0m
[0mGET / [32m200 [0m0.593 ms - 11[0m
[0mGET / [32m200 [0m6.619 ms - 11[0m
[0mGET / [32m200 [0m2.695 ms - 11[0m
[0mGET / [32m200 [0m0.695 ms - 11[0m
[0mGET / [32m200 [0m1.661 ms - 11[0m
[0mGET / [32m200 [0m1.505 ms - 11[0m
[0mGET / [32m200 [0m1.913 ms - 11[0m
[0mGET / [32m200 [0m0.309 ms - 11[0m
[0mGET / [32m200 [0m0.409 ms - 11[0m
[0mGET / [32m200 [0m0.333 ms - 11[0m
[0mGET / [32m200 [0m1.878 ms - 11[0m
[0mGET / [32m200 [0m0.302 ms - 11[0m
[0mGET / [32m200 [0m0.540 ms - 11[0m
[0mGET / [32m200 [0m9.230 ms - 11[0m
[0mGET / [32m200 [0m1.753 ms - 11[0m
[0mGET / [32m200 [0m3.733 ms - 11[0m
[0mGET / [32m200 [0m0.387 ms - 11[0m
[0mGET / [32m200 [0m1.825 ms - 11[0m
[0mGET / [32m200 [0m2.813 ms - 11[0m
[0mGET / [32m200 [0m0.357 ms - 11[0m
[0mGET / [32m200 [0m2.170 ms - 11[0m
[0mGET / [32m200 [0m0.244 ms - 11[0m
[0mGET / [32m200 [0m2.819 ms - 11[0m
[0mGET / [32m200 [0m0.439 ms - 11[0m
[0mGET / [32m200 [0m0.422 ms - 11[0m
[0mGET / [32m200 [0m2.071 ms - 11[0m
[0mGET / [32m200 [0m12.989 ms - 11[0m
[0mGET / [32m200 [0m9.267 ms - 11[0m
[0mGET / [32m200 [0m7.887 ms - 11[0m
[0mGET / [32m200 [0m0.409 ms - 11[0m
[0mGET / [32m200 [0m2.725 ms - 11[0m
[0mGET / [32m200 [0m6.132 ms - 11[0m
[0mGET / [32m200 [0m1.187 ms - 11[0m
[0mGET / [32m200 [0m2.271 ms - 11[0m
[0mGET / [32m200 [0m7.364 ms - 11[0m
[0mGET / [32m200 [0m7.662 ms - 11[0m
[0mGET / [32m200 [0m2.910 ms - 11[0m
[0mGET / [32m200 [0m1.708 ms - 11[0m
[0mGET / [32m200 [0m0.380 ms - 11[0m
[0mGET / [32m200 [0m0.316 ms - 11[0m
[0mGET / [32m200 [0m0.435 ms - 11[0m
[0mGET / [32m200 [0m0.390 ms - 11[0m
[0mGET / [32m200 [0m0.908 ms - 11[0m
[0mGET / [32m200 [0m1.874 ms - 11[0m
[0mGET / [32m200 [0m4.207 ms - 11[0m
[0mGET / [32m200 [0m1.060 ms - 11[0m
[0mGET / [32m200 [0m0.359 ms - 11[0m
[0mGET / [32m200 [0m0.713 ms - 11[0m
[0mGET / [32m200 [0m4.412 ms - 11[0m
[0mGET / [32m200 [0m0.357 ms - 11[0m
[0mGET / [32m200 [0m3.066 ms - 11[0m
[0mGET / [32m200 [0m0.312 ms - 11[0m
[0mGET / [32m200 [0m5.634 ms - 11[0m
[0mGET / [32m200 [0m0.338 ms - 11[0m
[0mGET / [32m200 [0m0.349 ms - 11[0m
[0mGET / [32m200 [0m0.320 ms - 11[0m
[0mGET / [32m200 [0m0.679 ms - 11[0m
[0mGET / [32m200 [0m5.579 ms - 11[0m
[0mGET / [32m200 [0m4.830 ms - 11[0m
[0mGET / [32m200 [0m0.370 ms - 11[0m
[0mGET / [32m200 [0m5.081 ms - 11[0m
[0mGET / [32m200 [0m2.135 ms - 11[0m
[0mGET / [32m200 [0m0.770 ms - 11[0m
[0mGET / [32m200 [0m0.335 ms - 11[0m
[0mGET / [32m200 [0m2.214 ms - 11[0m
[0mGET / [32m200 [0m0.328 ms - 11[0m
[0mGET / [32m200 [0m1.649 ms - 11[0m
[0mGET / [32m200 [0m0.528 ms - 11[0m
[0mGET / [32m200 [0m6.176 ms - 11[0m
[0mGET / [32m200 [0m0.658 ms - 11[0m
[0mGET / [32m200 [0m4.786 ms - 11[0m
[0mGET / [32m200 [0m10.021 ms - 11[0m
[0mGET / [32m200 [0m0.341 ms - 11[0m
[0mGET / [32m200 [0m0.914 ms - 11[0m
[0mGET / [32m200 [0m9.374 ms - 11[0m
[0mGET / [32m200 [0m10.006 ms - 11[0m
[0mGET / [32m200 [0m8.241 ms - 11[0m
[0mGET / [32m200 [0m6.846 ms - 11[0m
[0mGET / [32m200 [0m9.721 ms - 11[0m
[0mGET / [32m200 [0m10.042 ms - 11[0m
[0mGET / [32m200 [0m12.687 ms - 11[0m
[0mGET / [32m200 [0m1.502 ms - 11[0m
[0mGET / [32m200 [0m3.750 ms - 11[0m
[0mGET / [32m200 [0m0.370 ms - 11[0m
[0mGET / [32m200 [0m5.875 ms - 11[0m
[0mGET / [32m200 [0m2.554 ms - 11[0m
[0mGET / [32m200 [0m9.206 ms - 11[0m
[0mGET / [32m200 [0m3.996 ms - 11[0m
[0mGET / [32m200 [0m2.065 ms - 11[0m
[0mGET / [32m200 [0m0.955 ms - 11[0m
[0mGET / [32m200 [0m3.558 ms - 11[0m
[0mGET / [32m200 [0m4.178 ms - 11[0m
[0mGET / [32m200 [0m3.732 ms - 11[0m
[0mGET / [32m200 [0m1.905 ms - 11[0m
[0mGET / [32m200 [0m2.560 ms - 11[0m
[0mGET / [32m200 [0m0.295 ms - 11[0m
[0mGET / [32m200 [0m3.515 ms - 11[0m
[0mGET / [32m200 [0m3.054 ms - 11[0m
[0mGET / [32m200 [0m11.889 ms - 11[0m
[0mGET / [32m200 [0m12.247 ms - 11[0m
[0mGET / [32m200 [0m0.540 ms - 11[0m
[0mGET / [32m200 [0m10.511 ms - 11[0m
[0mGET / [32m200 [0m0.345 ms - 11[0m
[0mGET / [32m200 [0m1.104 ms - 11[0m
[0mGET / [32m200 [0m12.063 ms - 11[0m
[0mGET / [32m200 [0m9.468 ms - 11[0m
[0mGET / [32m200 [0m4.649 ms - 11[0m
[0mGET / [32m200 [0m0.828 ms - 11[0m
[0mGET / [32m200 [0m1.618 ms - 11[0m
[0mGET / [32m200 [0m0.403 ms - 11[0m
[0mGET / [32m200 [0m4.381 ms - 11[0m
[0mGET / [32m200 [0m4.665 ms - 11[0m
[0mGET / [32m200 [0m0.762 ms - 11[0m
[0mGET / [32m200 [0m0.899 ms - 11[0m
[0mGET / [32m200 [0m0.354 ms - 11[0m
[0mGET / [32m200 [0m0.714 ms - 11[0m
[0mGET / [32m200 [0m12.514 ms - 11[0m
[0mGET / [32m200 [0m1.489 ms - 11[0m
[0mGET / [32m200 [0m3.407 ms - 11[0m
[0mGET / [32m200 [0m0.400 ms - 11[0m
[0mGET / [32m200 [0m7.581 ms - 11[0m
[0mGET / [32m200 [0m1.043 ms - 11[0m
[0mGET / [32m200 [0m12.491 ms - 11[0m
[0mGET / [32m200 [0m5.776 ms - 11[0m
[0mGET / [32m200 [0m11.181 ms - 11[0m
[0mGET / [32m200 [0m119.514 ms - 11[0m
[0mGET / [32m200 [0m2.138 ms - 11[0m
[0mGET / [32m200 [0m24.793 ms - 11[0m
[0mGET / [32m200 [0m0.983 ms - 11[0m
[0mGET / [32m200 [0m16.355 ms - 11[0m
[0mGET / [32m200 [0m17.262 ms - 11[0m
[0mGET / [32m200 [0m15.708 ms - 11[0m
[0mGET / [32m200 [0m12.194 ms - 11[0m
[0mGET / [32m200 [0m0.474 ms - 11[0m
[0mGET / [32m200 [0m10.074 ms - 11[0m
[0mGET / [32m200 [0m0.827 ms - 11[0m
[0mGET / [32m200 [0m10.122 ms - 11[0m
[0mGET / [32m200 [0m4.494 ms - 11[0m
[0mGET / [32m200 [0m4.636 ms - 11[0m
[0mGET / [32m200 [0m1.317 ms - 11[0m
[0mGET / [32m200 [0m4.735 ms - 11[0m
[0mGET / [32m200 [0m9.339 ms - 11[0m
[0mGET / [32m200 [0m2.514 ms - 11[0m
[0mGET / [32m200 [0m0.667 ms - 11[0m
[0mGET / [32m200 [0m4.270 ms - 11[0m
[0mGET / [32m200 [0m5.471 ms - 11[0m
[0mGET / [32m200 [0m2.337 ms - 11[0m
[0mGET / [32m200 [0m0.313 ms - 11[0m
[0mGET / [32m200 [0m2.498 ms - 11[0m
[0mGET / [32m200 [0m0.691 ms - 11[0m
[0mGET / [32m200 [0m11.404 ms - 11[0m
[0mGET / [32m200 [0m8.708 ms - 11[0m
[0mGET / [32m200 [0m4.795 ms - 11[0m
[0mGET / [32m200 [0m13.169 ms - 11[0m
[0mGET / [32m200 [0m9.654 ms - 11[0m
[0mGET / [32m200 [0m18.708 ms - 11[0m
[0mGET / [32m200 [0m8.482 ms - 11[0m
[0mGET / [32m200 [0m8.558 ms - 11[0m
[0mGET / [32m200 [0m0.504 ms - 11[0m
[0mGET / [32m200 [0m0.594 ms - 11[0m
[0mGET / [32m200 [0m18.448 ms - 11[0m
[0mGET / [32m200 [0m2.952 ms - 11[0m
[0mGET / [32m200 [0m2.259 ms - 11[0m
[0mGET / [32m200 [0m0.288 ms - 11[0m
[0mGET / [32m200 [0m0.452 ms - 11[0m
[0mGET / [32m200 [0m10.951 ms - 11[0m
[0mGET / [32m200 [0m11.721 ms - 11[0m
[0mGET / [32m200 [0m12.363 ms - 11[0m
[0mGET / [32m200 [0m3.410 ms - 11[0m
[0mGET / [32m200 [0m0.494 ms - 11[0m
[0mGET / [32m200 [0m6.252 ms - 11[0m
[0mGET / [32m200 [0m6.728 ms - 11[0m
[0mGET / [32m200 [0m3.121 ms - 11[0m
[0mGET / [32m200 [0m0.287 ms - 11[0m
[0mGET / [32m200 [0m7.651 ms - 11[0m
[0mGET / [32m200 [0m7.876 ms - 11[0m
[0mGET / [32m200 [0m3.512 ms - 11[0m
[0mGET / [32m200 [0m0.335 ms - 11[0m
[0mGET / [32m200 [0m2.134 ms - 11[0m
[0mGET / [32m200 [0m0.801 ms - 11[0m
[0mGET / [32m200 [0m4.583 ms - 11[0m
[0mGET / [32m200 [0m0.381 ms - 11[0m
[0mGET / [32m200 [0m8.733 ms - 11[0m
[0mGET / [32m200 [0m0.496 ms - 11[0m
[0mGET / [32m200 [0m8.097 ms - 11[0m
[0mGET / [32m200 [0m0.285 ms - 11[0m
[0mGET / [32m200 [0m2.194 ms - 11[0m
[0mGET / [32m200 [0m0.340 ms - 11[0m
[0mGET / [32m200 [0m2.955 ms - 11[0m
[0mGET / [32m200 [0m0.341 ms - 11[0m
[0mGET / [32m200 [0m4.459 ms - 11[0m
[0mGET / [32m200 [0m0.429 ms - 11[0m
[0mGET / [32m200 [0m4.911 ms - 11[0m
[0mGET / [32m200 [0m1.414 ms - 11[0m
[0mGET / [32m200 [0m6.126 ms - 11[0m
[0mGET / [32m200 [0m0.965 ms - 11[0m
[0mGET / [32m200 [0m2.638 ms - 11[0m
[0mGET / [32m200 [0m1.575 ms - 11[0m
[0mGET / [32m200 [0m2.484 ms - 11[0m
[0mGET / [32m200 [0m0.345 ms - 11[0m
[0mGET / [32m200 [0m3.929 ms - 11[0m
[0mGET / [32m200 [0m9.119 ms - 11[0m
[0mGET / [32m200 [0m4.232 ms - 11[0m
[0mGET / [32m200 [0m0.811 ms - 11[0m
[0mGET / [32m200 [0m1.742 ms - 11[0m
[0mGET / [32m200 [0m8.024 ms - 11[0m
[0mGET / [32m200 [0m2.052 ms - 11[0m
[0mGET / [32m200 [0m0.520 ms - 11[0m
[0mGET / [32m200 [0m8.036 ms - 11[0m
[0mGET / [32m200 [0m0.847 ms - 11[0m
[0mGET / [32m200 [0m13.266 ms - 11[0m
[0mGET / [32m200 [0m7.859 ms - 11[0m
[0mGET / [32m200 [0m2.469 ms - 11[0m
[0mGET / [32m200 [0m1.868 ms - 11[0m
[0mGET / [32m200 [0m10.203 ms - 11[0m
[0mGET / [32m200 [0m10.488 ms - 11[0m
[0mGET / [32m200 [0m1.260 ms - 11[0m
[0mGET / [32m200 [0m0.911 ms - 11[0m
[0mGET / [32m200 [0m7.581 ms - 11[0m
[0mGET / [32m200 [0m8.302 ms - 11[0m
[0mGET / [32m200 [0m8.526 ms - 11[0m
[0mGET / [32m200 [0m6.013 ms - 11[0m
[0mGET / [32m200 [0m15.194 ms - 11[0m
[0mGET / [32m200 [0m6.419 ms - 11[0m
[0mGET / [32m200 [0m0.462 ms - 11[0m
[0mGET / [32m200 [0m0.620 ms - 11[0m
[0mGET / [32m200 [0m5.115 ms - 11[0m
[0mGET / [32m200 [0m5.777 ms - 11[0m
[0mGET / [32m200 [0m1.974 ms - 11[0m
[0mGET / [32m200 [0m0.353 ms - 11[0m
[0mGET / [32m200 [0m2.188 ms - 11[0m
[0mGET / [32m200 [0m2.566 ms - 11[0m
[0mGET / [32m200 [0m8.947 ms - 11[0m
[0mGET / [32m200 [0m8.497 ms - 11[0m
[0mGET / [32m200 [0m9.673 ms - 11[0m
[0mGET / [32m200 [0m6.660 ms - 11[0m
[0mGET / [32m200 [0m3.529 ms - 11[0m
[0mGET / [32m200 [0m0.354 ms - 11[0m
[0mGET / [32m200 [0m1.760 ms - 11[0m
[0mGET / [32m200 [0m0.338 ms - 11[0m
[0mGET / [32m200 [0m2.733 ms - 11[0m
[0mGET / [32m200 [0m0.309 ms - 11[0m
[0mGET / [32m200 [0m11.965 ms - 11[0m
[0mGET / [32m200 [0m12.234 ms - 11[0m
[0mGET / [32m200 [0m1.568 ms - 11[0m
[0mGET / [32m200 [0m0.438 ms - 11[0m
[0mGET / [32m200 [0m7.332 ms - 11[0m
[0mGET / [32m200 [0m4.214 ms - 11[0m
[0mGET / [32m200 [0m4.870 ms - 11[0m
[0mGET / [32m200 [0m0.324 ms - 11[0m
[0mGET / [32m200 [0m3.610 ms - 11[0m
[0mGET / [32m200 [0m2.495 ms - 11[0m
[0mGET / [32m200 [0m1.641 ms - 11[0m
[0mGET / [32m200 [0m0.363 ms - 11[0m
[0mGET / [32m200 [0m1.988 ms - 11[0m
[0mGET / [32m200 [0m0.320 ms - 11[0m
[0mGET / [32m200 [0m1.706 ms - 11[0m
[0mGET / [32m200 [0m0.505 ms - 11[0m
[0mGET / [32m200 [0m7.182 ms - 11[0m
[0mGET / [32m200 [0m7.533 ms - 11[0m
[0mGET / [32m200 [0m1.242 ms - 11[0m
[0mGET / [32m200 [0m0.549 ms - 11[0m
[0mGET / [32m200 [0m1.599 ms - 11[0m
[0mGET / [32m200 [0m2.453 ms - 11[0m
[0mGET / [32m200 [0m1.342 ms - 11[0m
[0mGET / [32m200 [0m0.434 ms - 11[0m
[0mGET / [32m200 [0m7.774 ms - 11[0m
[0mGET / [32m200 [0m8.276 ms - 11[0m
[0mGET / [32m200 [0m0.436 ms - 11[0m
[0mGET / [32m200 [0m0.600 ms - 11[0m
[0mGET / [32m200 [0m4.305 ms - 11[0m
[0mGET / [32m200 [0m0.812 ms - 11[0m
[0mGET / [32m200 [0m2.722 ms - 11[0m
[0mGET / [32m200 [0m0.371 ms - 11[0m
[0mGET / [32m200 [0m2.452 ms - 11[0m
[0mGET / [32m200 [0m0.385 ms - 11[0m
[0mGET / [32m200 [0m0.693 ms - 11[0m
[0mGET / [32m200 [0m0.452 ms - 11[0m
[0mGET / [32m200 [0m5.099 ms - 11[0m
[0mGET / [32m200 [0m0.514 ms - 11[0m
[0mGET / [32m200 [0m2.048 ms - 11[0m
[0mGET / [32m200 [0m0.837 ms - 11[0m
[0mGET / [32m200 [0m0.980 ms - 11[0m
[0mGET / [32m200 [0m0.352 ms - 11[0m
[0mGET / [32m200 [0m4.931 ms - 11[0m
[0mGET / [32m200 [0m1.925 ms - 11[0m
[0mGET / [32m200 [0m8.811 ms - 11[0m
[0mGET / [32m200 [0m7.104 ms - 11[0m
[0mGET / [32m200 [0m0.563 ms - 11[0m
[0mGET / [32m200 [0m7.221 ms - 11[0m
[0mGET / [32m200 [0m11.690 ms - 11[0m
[0mGET / [32m200 [0m6.204 ms - 11[0m
[0mGET / [32m200 [0m0.670 ms - 11[0m
[0mGET / [32m200 [0m0.342 ms - 11[0m
[0mGET / [32m200 [0m11.190 ms - 11[0m
[0mGET / [32m200 [0m7.374 ms - 11[0m
[0mGET / [32m200 [0m0.644 ms - 11[0m
[0mGET / [32m200 [0m2.333 ms - 11[0m
[0mGET / [32m200 [0m13.356 ms - 11[0m
[0mGET / [32m200 [0m14.208 ms - 11[0m
[0mGET / [32m200 [0m6.216 ms - 11[0m
[0mGET / [32m200 [0m7.868 ms - 11[0m
[0mGET / [32m200 [0m2.357 ms - 11[0m
[0mGET / [32m200 [0m11.802 ms - 11[0m
[0mGET / [32m200 [0m7.643 ms - 11[0m
[0mGET / [32m200 [0m8.339 ms - 11[0m
[0mGET / [32m200 [0m8.318 ms - 11[0m
[0mGET / [32m200 [0m8.584 ms - 11[0m
[0mGET / [32m200 [0m8.398 ms - 11[0m
[0mGET / [32m200 [0m5.505 ms - 11[0m
[0mGET / [32m200 [0m3.180 ms - 11[0m
[0mGET / [32m200 [0m13.088 ms - 11[0m
[0mGET / [32m200 [0m1.408 ms - 11[0m
[0mGET / [32m200 [0m0.605 ms - 11[0m
[0mGET / [32m200 [0m1.555 ms - 11[0m
[0mGET / [32m200 [0m1.148 ms - 11[0m
[0mGET / [32m200 [0m0.867 ms - 11[0m
[0mGET / [32m200 [0m1.871 ms - 11[0m
[0mGET / [32m200 [0m4.522 ms - 11[0m
[0mGET / [32m200 [0m0.332 ms - 11[0m
[0mGET / [32m200 [0m1.649 ms - 11[0m
[0mGET / [32m200 [0m1.210 ms - 11[0m
[0mGET / [32m200 [0m0.388 ms - 11[0m
[0mGET / [32m200 [0m0.476 ms - 11[0m
[0mGET / [32m200 [0m14.058 ms - 11[0m
[0mGET / [32m200 [0m0.296 ms - 11[0m
[0mGET / [32m200 [0m15.643 ms - 11[0m
[0mGET / [32m200 [0m0.766 ms - 11[0m
[0mGET / [32m200 [0m0.411 ms - 11[0m
[0mGET / [32m200 [0m0.301 ms - 11[0m
[0mGET / [32m200 [0m11.973 ms - 11[0m
[0mGET / [32m200 [0m11.782 ms - 11[0m
[0mGET / [32m200 [0m1.458 ms - 11[0m
[0mGET / [32m200 [0m2.416 ms - 11[0m
[0mGET / [32m200 [0m2.814 ms - 11[0m
[0mGET / [32m200 [0m12.076 ms - 11[0m
[0mGET / [32m200 [0m0.574 ms - 11[0m
[0mGET / [32m200 [0m4.131 ms - 11[0m
[0mGET / [32m200 [0m9.146 ms - 11[0m
[0mGET / [32m200 [0m9.659 ms - 11[0m
[0mGET / [32m200 [0m0.390 ms - 11[0m
[0mGET / [32m200 [0m3.120 ms - 11[0m
[0mGET / [32m200 [0m0.409 ms - 11[0m
[0mGET / [32m200 [0m0.906 ms - 11[0m
[0mGET / [32m200 [0m2.953 ms - 11[0m
[0mGET / [32m200 [0m2.548 ms - 11[0m
[0mGET / [32m200 [0m3.195 ms - 11[0m
[0mGET / [32m200 [0m0.658 ms - 11[0m
[0mGET / [32m200 [0m1.850 ms - 11[0m
[0mGET / [32m200 [0m0.836 ms - 11[0m
[0mGET / [32m200 [0m3.939 ms - 11[0m
[0mGET / [32m200 [0m0.326 ms - 11[0m
[0mGET / [32m200 [0m1.590 ms - 11[0m
[0mGET / [32m200 [0m1.012 ms - 11[0m
[0mGET / [32m200 [0m3.611 ms - 11[0m
[0mGET / [32m200 [0m0.332 ms - 11[0m
[0mGET / [32m200 [0m0.469 ms - 11[0m
[0mGET / [32m200 [0m0.508 ms - 11[0m
[0mGET / [32m200 [0m2.236 ms - 11[0m
[0mGET / [32m200 [0m2.559 ms - 11[0m
[0mGET / [32m200 [0m3.108 ms - 11[0m
[0mGET / [32m200 [0m1.879 ms - 11[0m
[0mGET / [32m200 [0m3.894 ms - 11[0m
[0mGET / [32m200 [0m0.311 ms - 11[0m
[0mGET / [32m200 [0m2.110 ms - 11[0m
[0mGET / [32m200 [0m2.497 ms - 11[0m
[0mGET / [32m200 [0m11.522 ms - 11[0m
[0mGET / [32m200 [0m10.844 ms - 11[0m
[0mGET / [32m200 [0m0.754 ms - 11[0m
[0mGET / [32m200 [0m3.105 ms - 11[0m
[0mGET / [32m200 [0m1.516 ms - 11[0m
[0mGET / [32m200 [0m0.989 ms - 11[0m
[0mGET / [32m200 [0m5.167 ms - 11[0m
[0mGET / [32m200 [0m0.268 ms - 11[0m
[0mGET / [32m200 [0m6.163 ms - 11[0m
[0mGET / [32m200 [0m9.322 ms - 11[0m
[0mGET / [32m200 [0m8.633 ms - 11[0m
[0mGET / [32m200 [0m7.048 ms - 11[0m
[0mGET / [32m200 [0m7.545 ms - 11[0m
[0mGET / [32m200 [0m7.815 ms - 11[0m
[0mGET / [32m200 [0m0.846 ms - 11[0m
[0mGET / [32m200 [0m1.424 ms - 11[0m
[0mGET / [32m200 [0m3.488 ms - 11[0m
[0mGET / [32m200 [0m0.422 ms - 11[0m
[0mGET / [32m200 [0m4.512 ms - 11[0m
[0mGET / [32m200 [0m1.373 ms - 11[0m
[0mGET / [32m200 [0m8.257 ms - 11[0m
[0mGET / [32m200 [0m8.514 ms - 11[0m
[0mGET / [32m200 [0m3.193 ms - 11[0m
[0mGET / [32m200 [0m0.351 ms - 11[0m
[0mGET / [32m200 [0m6.178 ms - 11[0m
[0mGET / [32m200 [0m12.137 ms - 11[0m
[0mGET / [32m200 [0m0.395 ms - 11[0m
[0mGET / [32m200 [0m5.811 ms - 11[0m
[0mGET / [32m200 [0m3.883 ms - 11[0m
[0mGET / [32m200 [0m2.057 ms - 11[0m
[0mGET / [32m200 [0m7.859 ms - 11[0m
[0mGET / [32m200 [0m2.419 ms - 11[0m
[0mGET / [32m200 [0m0.363 ms - 11[0m
[0mGET / [32m200 [0m1.091 ms - 11[0m
[0mGET / [32m200 [0m3.396 ms - 11[0m
[0mGET / [32m200 [0m0.896 ms - 11[0m
[0mGET / [32m200 [0m0.472 ms - 11[0m
[0mGET / [32m200 [0m1.115 ms - 11[0m
[0mGET / [32m200 [0m3.188 ms - 11[0m
[0mGET / [32m200 [0m0.324 ms - 11[0m
[0mGET / [32m200 [0m9.944 ms - 11[0m
[0mGET / [32m200 [0m6.598 ms - 11[0m
[0mGET / [32m200 [0m3.950 ms - 11[0m
[0mGET / [32m200 [0m0.701 ms - 11[0m
[0mGET / [32m200 [0m13.096 ms - 11[0m
[0mGET / [32m200 [0m13.308 ms - 11[0m
[0mGET / [32m200 [0m1.484 ms - 11[0m
[0mGET / [32m200 [0m0.377 ms - 11[0m
[0mGET / [32m200 [0m6.100 ms - 11[0m
[0mGET / [32m200 [0m0.806 ms - 11[0m
[0mGET / [32m200 [0m7.194 ms - 11[0m
[0mGET / [32m200 [0m0.285 ms - 11[0m
[0mGET / [32m200 [0m0.493 ms - 11[0m
[0mGET / [32m200 [0m9.547 ms - 11[0m
[0mGET / [32m200 [0m3.579 ms - 11[0m
[0mGET / [32m200 [0m1.275 ms - 11[0m
[0mGET / [32m200 [0m0.572 ms - 11[0m
[0mGET / [32m200 [0m7.623 ms - 11[0m
[0mGET / [32m200 [0m11.787 ms - 11[0m
[0mGET / [32m200 [0m0.338 ms - 11[0m
[0mGET / [32m200 [0m1.160 ms - 11[0m
[0mGET / [32m200 [0m0.338 ms - 11[0m
[0mGET / [32m200 [0m1.948 ms - 11[0m
[0mGET / [32m200 [0m0.413 ms - 11[0m
[0mGET / [32m200 [0m0.511 ms - 11[0m
[0mGET / [32m200 [0m1.947 ms - 11[0m
[0mGET / [32m200 [0m3.078 ms - 11[0m
[0mGET / [32m200 [0m0.337 ms - 11[0m
[0mGET / [32m200 [0m0.565 ms - 11[0m
[0mGET / [32m200 [0m0.388 ms - 11[0m
[0mGET / [32m200 [0m5.530 ms - 11[0m
[0mGET / [32m200 [0m0.982 ms - 11[0m
[0mGET / [32m200 [0m3.199 ms - 11[0m
[0mGET / [32m200 [0m0.461 ms - 11[0m
[0mGET / [32m200 [0m8.121 ms - 11[0m
[0mGET / [32m200 [0m5.248 ms - 11[0m
[0mGET / [32m200 [0m0.649 ms - 11[0m
[0mGET / [32m200 [0m6.385 ms - 11[0m
[0mGET / [32m200 [0m0.409 ms - 11[0m
[0mGET / [32m200 [0m1.903 ms - 11[0m
[0mGET / [32m200 [0m15.097 ms - 11[0m
[0mGET / [32m200 [0m10.545 ms - 11[0m
[0mGET / [32m200 [0m2.610 ms - 11[0m
[0mGET / [32m200 [0m1.016 ms - 11[0m
[0mGET / [32m200 [0m0.649 ms - 11[0m
[0mGET / [32m200 [0m7.963 ms - 11[0m
[0mGET / [32m200 [0m2.061 ms - 11[0m
[0mGET / [32m200 [0m0.419 ms - 11[0m
[0mGET / [32m200 [0m0.462 ms - 11[0m
[0mGET / [32m200 [0m1.108 ms - 11[0m
[0mGET / [32m200 [0m2.152 ms - 11[0m
[0mGET / [32m200 [0m1.183 ms - 11[0m
[0mGET / [32m200 [0m0.545 ms - 11[0m
[0mGET / [32m200 [0m8.544 ms - 11[0m
[0mGET / [32m200 [0m7.619 ms - 11[0m
[0mGET / [32m200 [0m3.155 ms - 11[0m
[0mGET / [32m200 [0m1.813 ms - 11[0m
[0mGET / [32m200 [0m1.586 ms - 11[0m
[0mGET / [32m200 [0m1.132 ms - 11[0m
[0mGET / [32m200 [0m2.437 ms - 11[0m
[0mGET / [32m200 [0m8.136 ms - 11[0m
[0mGET / [32m200 [0m0.802 ms - 11[0m
[0mGET / [32m200 [0m6.060 ms - 11[0m
[0mGET / [32m200 [0m1.077 ms - 11[0m
[0mGET / [32m200 [0m0.353 ms - 11[0m
[0mGET / [32m200 [0m0.911 ms - 11[0m
[0mGET / [32m200 [0m4.606 ms - 11[0m
[0mGET / [32m200 [0m0.752 ms - 11[0m
[0mGET / [32m200 [0m0.989 ms - 11[0m
[0mGET / [32m200 [0m0.332 ms - 11[0m
[0mGET / [32m200 [0m2.023 ms - 11[0m
[0mGET / [32m200 [0m2.623 ms - 11[0m
[0mGET / [32m200 [0m0.622 ms - 11[0m
[0mGET / [32m200 [0m1.619 ms - 11[0m
[0mGET / [32m200 [0m2.158 ms - 11[0m
[0mGET / [32m200 [0m2.598 ms - 11[0m
[0mGET / [32m200 [0m2.130 ms - 11[0m
[0mGET / [32m200 [0m1.346 ms - 11[0m
[0mGET / [32m200 [0m4.216 ms - 11[0m
[0mGET / [32m200 [0m1.567 ms - 11[0m
[0mGET / [32m200 [0m1.834 ms - 11[0m
[0mGET / [32m200 [0m2.411 ms - 11[0m
[0mGET / [32m200 [0m5.120 ms - 11[0m
[0mGET / [32m200 [0m3.442 ms - 11[0m
[0mGET / [32m200 [0m0.822 ms - 11[0m
[0mGET / [32m200 [0m7.600 ms - 11[0m
[0mGET / [32m200 [0m2.766 ms - 11[0m
[0mGET / [32m200 [0m0.349 ms - 11[0m
[0mGET / [32m200 [0m1.538 ms - 11[0m
[0mGET / [32m200 [0m3.503 ms - 11[0m
[0mGET / [32m200 [0m13.583 ms - 11[0m
[0mGET / [32m200 [0m10.090 ms - 11[0m
[0mGET / [32m200 [0m0.477 ms - 11[0m
[0mGET / [32m200 [0m1.433 ms - 11[0m
[0mGET / [32m200 [0m1.597 ms - 11[0m
[0mGET / [32m200 [0m4.466 ms - 11[0m
[0mGET / [32m200 [0m0.543 ms - 11[0m
[0mGET / [32m200 [0m10.594 ms - 11[0m
[0mGET / [32m200 [0m5.145 ms - 11[0m
[0mGET / [32m200 [0m0.315 ms - 11[0m
[0mGET / [32m200 [0m9.722 ms - 11[0m
[0mGET / [32m200 [0m0.855 ms - 11[0m
[0mGET / [32m200 [0m3.037 ms - 11[0m
[0mGET / [32m200 [0m0.503 ms - 11[0m
[0mGET / [32m200 [0m4.323 ms - 11[0m
[0mGET / [32m200 [0m0.484 ms - 11[0m
[0mGET / [32m200 [0m2.481 ms - 11[0m
[0mGET / [32m200 [0m0.708 ms - 11[0m
[0mGET / [32m200 [0m0.788 ms - 11[0m
[0mGET / [32m200 [0m11.884 ms - 11[0m
[0mGET / [32m200 [0m2.029 ms - 11[0m
[0mGET / [32m200 [0m1.700 ms - 11[0m
[0mGET / [32m200 [0m4.470 ms - 11[0m
[0mGET / [32m200 [0m12.077 ms - 11[0m
[0mGET / [32m200 [0m5.538 ms - 11[0m
[0mGET / [32m200 [0m5.545 ms - 11[0m
[0mGET / [32m200 [0m0.372 ms - 11[0m
[0mGET / [32m200 [0m0.816 ms - 11[0m
[0mGET / [32m200 [0m4.696 ms - 11[0m
[0mGET / [32m200 [0m0.266 ms - 11[0m
[0mGET / [32m200 [0m4.501 ms - 11[0m
[0mGET / [32m200 [0m0.272 ms - 11[0m
[0mGET / [32m200 [0m2.197 ms - 11[0m
[0mGET / [32m200 [0m0.588 ms - 11[0m
[0mGET / [32m200 [0m1.118 ms - 11[0m
[0mGET / [32m200 [0m0.913 ms - 11[0m
[0mGET / [32m200 [0m2.945 ms - 11[0m
[0mGET / [32m200 [0m0.336 ms - 11[0m
[0mGET / [32m200 [0m0.578 ms - 11[0m
[0mGET / [32m200 [0m9.441 ms - 11[0m
[0mGET / [32m200 [0m4.281 ms - 11[0m
[0mGET / [32m200 [0m8.770 ms - 11[0m
[0mGET / [32m200 [0m3.590 ms - 11[0m
[0mGET / [32m200 [0m2.367 ms - 11[0m
[0mGET / [32m200 [0m3.247 ms - 11[0m
[0mGET / [32m200 [0m0.411 ms - 11[0m
[0mGET / [32m200 [0m0.370 ms - 11[0m
[0mGET / [32m200 [0m7.610 ms - 11[0m
[0mGET / [32m200 [0m6.638 ms - 11[0m
[0mGET / [32m200 [0m1.690 ms - 11[0m
[0mGET / [32m200 [0m4.926 ms - 11[0m
[0mGET / [32m200 [0m1.040 ms - 11[0m
io enter middleware
check player id undefined
[0mGET / [32m200 [0m4.641 ms - 11[0m
[0mGET / [32m200 [0m0.489 ms - 11[0m
[0mGET / [32m200 [0m1.464 ms - 11[0m
[0mGET / [32m200 [0m3.401 ms - 11[0m
[0mGET / [32m200 [0m8.384 ms - 11[0m
[0mGET / [32m200 [0m0.994 ms - 11[0m
[0mGET / [32m200 [0m1.942 ms - 11[0m
[0mGET / [32m200 [0m1.544 ms - 11[0m
[0mGET / [32m200 [0m10.100 ms - 11[0m
[0mGET / [32m200 [0m4.492 ms - 11[0m
[0mGET / [32m200 [0m1.896 ms - 11[0m
[0mGET / [32m200 [0m1.456 ms - 11[0m
[0mGET / [32m200 [0m2.321 ms - 11[0m
[0mGET / [32m200 [0m1.075 ms - 11[0m
[0mGET / [32m200 [0m3.825 ms - 11[0m
[0mGET / [32m200 [0m2.126 ms - 11[0m
[0mGET / [32m200 [0m13.256 ms - 11[0m
[0mGET / [32m200 [0m11.644 ms - 11[0m
[0mGET / [32m200 [0m17.407 ms - 11[0m
[0mGET / [32m200 [0m0.355 ms - 11[0m
[0mGET / [32m200 [0m3.153 ms - 11[0m
[0mGET / [32m200 [0m10.627 ms - 11[0m
[0mGET / [32m200 [0m1.606 ms - 11[0m
[0mGET / [32m200 [0m2.906 ms - 11[0m
[0mGET / [32m200 [0m6.467 ms - 11[0m
[0mGET / [32m200 [0m9.079 ms - 11[0m
[0mGET / [32m200 [0m3.192 ms - 11[0m
[0mGET / [32m200 [0m1.989 ms - 11[0m
[0mGET / [32m200 [0m6.322 ms - 11[0m
[0mGET / [32m200 [0m0.318 ms - 11[0m
[0mGET / [32m200 [0m0.350 ms - 11[0m
[0mGET / [32m200 [0m0.366 ms - 11[0m
[0mGET / [32m200 [0m0.436 ms - 11[0m
[0mGET / [32m200 [0m0.335 ms - 11[0m
[0mGET / [32m200 [0m1.056 ms - 11[0m
[0mGET / [32m200 [0m0.807 ms - 11[0m
[0mGET / [32m200 [0m2.923 ms - 11[0m
[0mGET / [32m200 [0m0.320 ms - 11[0m
[0mGET / [32m200 [0m1.824 ms - 11[0m
[0mGET / [32m200 [0m1.016 ms - 11[0m
[0mGET / [32m200 [0m3.343 ms - 11[0m
[0mGET / [32m200 [0m0.325 ms - 11[0m
[0mGET / [32m200 [0m2.011 ms - 11[0m
[0mGET / [32m200 [0m1.067 ms - 11[0m
[0mGET / [32m200 [0m4.447 ms - 11[0m
[0mGET / [32m200 [0m0.888 ms - 11[0m
[0mGET / [32m200 [0m0.393 ms - 11[0m
[0mGET / [32m200 [0m0.694 ms - 11[0m
[0mGET / [32m200 [0m12.875 ms - 11[0m
[0mGET / [32m200 [0m2.564 ms - 11[0m
[0mGET / [32m200 [0m0.667 ms - 11[0m
[0mGET / [32m200 [0m0.902 ms - 11[0m
[0mGET / [32m200 [0m0.411 ms - 11[0m
[0mGET / [32m200 [0m0.336 ms - 11[0m
[0mGET / [32m200 [0m3.310 ms - 11[0m
[0mGET / [32m200 [0m0.342 ms - 11[0m
[0mGET / [32m200 [0m5.851 ms - 11[0m
[0mGET / [32m200 [0m0.334 ms - 11[0m
[0mGET / [32m200 [0m0.560 ms - 11[0m
[0mGET / [32m200 [0m0.797 ms - 11[0m
[0mGET / [32m200 [0m0.627 ms - 11[0m
[0mGET / [32m200 [0m0.987 ms - 11[0m
[0mGET / [32m200 [0m3.667 ms - 11[0m
[0mGET / [32m200 [0m3.156 ms - 11[0m
[0mGET / [32m200 [0m7.228 ms - 11[0m
[0mGET / [32m200 [0m3.852 ms - 11[0m
[0mGET / [32m200 [0m0.624 ms - 11[0m
[0mGET / [32m200 [0m0.815 ms - 11[0m
[0mGET / [32m200 [0m3.439 ms - 11[0m
[0mGET / [32m200 [0m0.453 ms - 11[0m
[0mGET / [32m200 [0m0.788 ms - 11[0m
[0mGET / [32m200 [0m0.809 ms - 11[0m
[0mGET / [32m200 [0m1.856 ms - 11[0m
[0mGET / [32m200 [0m0.381 ms - 11[0m
[0mGET / [32m200 [0m6.137 ms - 11[0m
[0mGET / [32m200 [0m0.862 ms - 11[0m
[0mGET / [32m200 [0m0.528 ms - 11[0m
[0mGET / [32m200 [0m2.864 ms - 11[0m
[0mGET / [32m200 [0m0.554 ms - 11[0m
[0mGET / [32m200 [0m0.777 ms - 11[0m
[0mGET / [32m200 [0m12.939 ms - 11[0m
[0mGET / [32m200 [0m12.002 ms - 11[0m
[0mGET / [32m200 [0m0.541 ms - 11[0m
[0mGET / [32m200 [0m0.793 ms - 11[0m
[0mGET / [32m200 [0m2.339 ms - 11[0m
[0mGET / [32m200 [0m0.315 ms - 11[0m
[0mGET / [32m200 [0m0.589 ms - 11[0m
[0mGET / [32m200 [0m0.812 ms - 11[0m
[0mGET / [32m200 [0m1.098 ms - 11[0m
[0mGET / [32m200 [0m0.325 ms - 11[0m
[0mGET / [32m200 [0m0.824 ms - 11[0m
[0mGET / [32m200 [0m0.840 ms - 11[0m
[0mGET / [32m200 [0m6.703 ms - 11[0m
[0mGET / [32m200 [0m2.972 ms - 11[0m
[0mGET / [32m200 [0m0.619 ms - 11[0m
[0mGET / [32m200 [0m0.825 ms - 11[0m
[0mGET / [32m200 [0m2.776 ms - 11[0m
[0mGET / [32m200 [0m0.311 ms - 11[0m
[0mGET / [32m200 [0m1.677 ms - 11[0m
[0mGET / [32m200 [0m2.624 ms - 11[0m
[0mGET / [32m200 [0m1.525 ms - 11[0m
[0mGET / [32m200 [0m1.177 ms - 11[0m
[0mGET / [32m200 [0m0.363 ms - 11[0m
[0mGET / [32m200 [0m0.441 ms - 11[0m
[0mGET / [32m200 [0m6.774 ms - 11[0m
[0mGET / [32m200 [0m6.943 ms - 11[0m
[0mGET / [32m200 [0m0.354 ms - 11[0m
[0mGET / [32m200 [0m0.379 ms - 11[0m
[0mGET / [32m200 [0m3.492 ms - 11[0m
[0mGET / [32m200 [0m1.965 ms - 11[0m
[0mGET / [32m200 [0m1.199 ms - 11[0m
[0mGET / [32m200 [0m5.343 ms - 11[0m
[0mGET / [32m200 [0m5.484 ms - 11[0m
[0mGET / [32m200 [0m2.408 ms - 11[0m
[0mGET / [32m200 [0m0.341 ms - 11[0m
[0mGET / [32m200 [0m0.340 ms - 11[0m
[0mGET / [32m200 [0m7.041 ms - 11[0m
[0mGET / [32m200 [0m4.034 ms - 11[0m
[0mGET / [32m200 [0m0.368 ms - 11[0m
[0mGET / [32m200 [0m0.346 ms - 11[0m
[0mGET / [32m200 [0m3.692 ms - 11[0m
[0mGET / [32m200 [0m0.326 ms - 11[0m
[0mGET / [32m200 [0m0.374 ms - 11[0m
[0mGET / [32m200 [0m0.446 ms - 11[0m
[0mGET / [32m200 [0m12.898 ms - 11[0m
[0mGET / [32m200 [0m9.206 ms - 11[0m
[0mGET / [32m200 [0m1.064 ms - 11[0m
[0mGET / [32m200 [0m0.332 ms - 11[0m
[0mGET / [32m200 [0m2.143 ms - 11[0m
[0mGET / [32m200 [0m1.293 ms - 11[0m
[0mGET / [32m200 [0m2.050 ms - 11[0m
[0mGET / [32m200 [0m0.409 ms - 11[0m
[0mGET / [32m200 [0m2.118 ms - 11[0m
[0mGET / [32m200 [0m0.299 ms - 11[0m
[0mGET / [32m200 [0m0.469 ms - 11[0m
[0mGET / [32m200 [0m0.370 ms - 11[0m
[0mGET / [32m200 [0m5.783 ms - 11[0m
[0mGET / [32m200 [0m3.689 ms - 11[0m
[0mGET / [32m200 [0m1.987 ms - 11[0m
[0mGET / [32m200 [0m1.452 ms - 11[0m
[0mGET / [32m200 [0m1.995 ms - 11[0m
[0mGET / [32m200 [0m2.584 ms - 11[0m
[0mGET / [32m200 [0m0.704 ms - 11[0m
[0mGET / [32m200 [0m0.891 ms - 11[0m
[0mGET / [32m200 [0m2.904 ms - 11[0m
[0mGET / [32m200 [0m0.345 ms - 11[0m
[0mGET / [32m200 [0m1.345 ms - 11[0m
[0mGET / [32m200 [0m1.278 ms - 11[0m
[0mGET / [32m200 [0m0.352 ms - 11[0m
[0mGET / [32m200 [0m0.335 ms - 11[0m
[0mGET / [32m200 [0m0.577 ms - 11[0m
[0mGET / [32m200 [0m0.816 ms - 11[0m
[0mGET / [32m200 [0m7.952 ms - 11[0m
[0mGET / [32m200 [0m4.009 ms - 11[0m
[0mGET / [32m200 [0m0.594 ms - 11[0m
[0mGET / [32m200 [0m0.766 ms - 11[0m
[0mGET / [32m200 [0m2.519 ms - 11[0m
[0mGET / [32m200 [0m1.148 ms - 11[0m
[0mGET / [32m200 [0m1.699 ms - 11[0m
[0mGET / [32m200 [0m0.393 ms - 11[0m
[0mGET / [32m200 [0m0.370 ms - 11[0m
[0mGET / [32m200 [0m1.968 ms - 11[0m
[0mGET / [32m200 [0m1.244 ms - 11[0m
[0mGET / [32m200 [0m0.825 ms - 11[0m
[0mGET / [32m200 [0m0.416 ms - 11[0m
[0mGET / [32m200 [0m0.470 ms - 11[0m
[0mGET / [32m200 [0m1.302 ms - 11[0m
[0mGET / [32m200 [0m0.825 ms - 11[0m
[0mGET / [32m200 [0m8.785 ms - 11[0m
[0mGET / [32m200 [0m0.797 ms - 11[0m
[0mGET / [32m200 [0m0.834 ms - 11[0m
[0mGET / [32m200 [0m0.844 ms - 11[0m
[0mGET / [32m200 [0m7.997 ms - 11[0m
[0mGET / [32m200 [0m0.562 ms - 11[0m
[0mGET / [32m200 [0m0.842 ms - 11[0m
[0mGET / [32m200 [0m1.001 ms - 11[0m
[0mGET / [32m200 [0m3.257 ms - 11[0m
[0mGET / [32m200 [0m0.443 ms - 11[0m
[0mGET / [32m200 [0m1.650 ms - 11[0m
[0mGET / [32m200 [0m1.292 ms - 11[0m
[0mGET / [32m200 [0m10.308 ms - 11[0m
[0mGET / [32m200 [0m6.841 ms - 11[0m
[0mGET / [32m200 [0m1.404 ms - 11[0m
[0mGET / [32m200 [0m0.299 ms - 11[0m
[0mGET / [32m200 [0m0.830 ms - 11[0m
[0mGET / [32m200 [0m8.833 ms - 11[0m
io enter middleware
check player id undefined
[0mGET / [32m200 [0m1.087 ms - 11[0m
[0mGET / [32m200 [0m0.984 ms - 11[0m
[0mGET / [32m200 [0m1.025 ms - 11[0m
[0mGET / [32m200 [0m0.365 ms - 11[0m
[0mGET / [32m200 [0m2.017 ms - 11[0m
[0mGET / [32m200 [0m1.190 ms - 11[0m
[0mGET / [32m200 [0m2.404 ms - 11[0m
[0mGET / [32m200 [0m1.121 ms - 11[0m
[0mGET / [32m200 [0m0.645 ms - 11[0m
[0mGET / [32m200 [0m2.444 ms - 11[0m
[0mGET / [32m200 [0m3.262 ms - 11[0m
[0mGET / [32m200 [0m5.316 ms - 11[0m
[0mGET / [32m200 [0m0.411 ms - 11[0m
[0mGET / [32m200 [0m0.358 ms - 11[0m
[0mGET / [32m200 [0m2.203 ms - 11[0m
[0mGET / [32m200 [0m1.804 ms - 11[0m
[0mGET / [32m200 [0m0.950 ms - 11[0m
[0mGET / [32m200 [0m0.951 ms - 11[0m
[0mGET / [32m200 [0m2.086 ms - 11[0m
[0mGET / [32m200 [0m1.782 ms - 11[0m
[0mGET / [32m200 [0m2.187 ms - 11[0m
[0mGET / [32m200 [0m3.231 ms - 11[0m
[0mGET / [32m200 [0m4.437 ms - 11[0m
[0mGET / [32m200 [0m0.343 ms - 11[0m
[0mGET / [32m200 [0m0.361 ms - 11[0m
[0mGET / [32m200 [0m0.368 ms - 11[0m
[0mGET / [32m200 [0m7.884 ms - 11[0m
[0mGET / [32m200 [0m0.282 ms - 11[0m
[0mGET / [32m200 [0m1.267 ms - 11[0m
[0mGET / [32m200 [0m0.952 ms - 11[0m
[0mGET / [32m200 [0m2.312 ms - 11[0m
[0mGET / [32m200 [0m1.319 ms - 11[0m
[0mGET / [32m200 [0m1.329 ms - 11[0m
[0mGET / [32m200 [0m0.817 ms - 11[0m
[0mGET / [32m200 [0m6.433 ms - 11[0m
[0mGET / [32m200 [0m0.910 ms - 11[0m
[0mGET / [32m200 [0m1.284 ms - 11[0m
[0mGET / [32m200 [0m2.803 ms - 11[0m
[0mGET / [32m200 [0m2.842 ms - 11[0m
[0mGET / [32m200 [0m1.642 ms - 11[0m
[0mGET / [32m200 [0m6.295 ms - 11[0m
[0mGET / [32m200 [0m0.897 ms - 11[0m
[0mGET / [32m200 [0m0.456 ms - 11[0m
[0mGET / [32m200 [0m5.709 ms - 11[0m
[0mGET / [32m200 [0m4.302 ms - 11[0m
[0mGET / [32m200 [0m6.030 ms - 11[0m
[0mGET / [32m200 [0m4.149 ms - 11[0m
[0mGET / [32m200 [0m0.694 ms - 11[0m
[0mGET / [32m200 [0m1.820 ms - 11[0m
[0mGET / [32m200 [0m2.262 ms - 11[0m
[0mGET / [32m200 [0m12.771 ms - 11[0m
[0mGET / [32m200 [0m0.426 ms - 11[0m
[0mGET / [32m200 [0m0.882 ms - 11[0m
[0mGET / [32m200 [0m1.094 ms - 11[0m
[0mGET / [32m200 [0m3.090 ms - 11[0m
[0mGET / [32m200 [0m0.569 ms - 11[0m
[0mGET / [32m200 [0m0.604 ms - 11[0m
[0mGET / [32m200 [0m0.480 ms - 11[0m
[0mGET / [32m200 [0m1.767 ms - 11[0m
[0mGET / [32m200 [0m1.229 ms - 11[0m
