ok
Config
2017-08-08T04:45:13.672Z
Cognito
the cognitoidentity is [object Object]
SNS
setting tcp
setting sns
PostAPI
PostAPI_Chat
PostAPI_Wall
PostAPI_Pet
PostAPI_Chips
PostAPI_Login
PostAPI_Shop
PostAPI_Debug
Game init
======================
apiPort listening 2492
tcpPort listening 3000
======================
Server listening at port 3000
[0mGET / [32m200 [0m12.697 ms - 11[0m
[0mGET / [32m200 [0m9.405 ms - 11[0m
[0mGET / [32m200 [0m2.130 ms - 11[0m
[0mGET / [32m200 [0m1.727 ms - 11[0m
[0mGET / [32m200 [0m1.133 ms - 11[0m
[0mGET / [32m200 [0m2.803 ms - 11[0m
io enter middleware
before decrypt XkYHm2Jk3Yx3tf64Evb9Wg==
after decrypt 
Player ID is
On Connection:{"headers":{"x-forwarded-for":"101.78.215.254","x-forwarded-proto":"http","x-forwarded-port":"3000","host":"socketioloadbalancer-1642928803.us-east-1.elb.amazonaws.com:3000","x-amzn-trace-id":"Root=1-59894208-1a04be7158841280017ee6fb","upgrade":"websocket","connection":"upgrade","cookie":"AWSALB=","sec-websocket-key":"Y5TnmRoNY+a0ftSiTR8/kQ==","sec-websocket-version":"13","accept-encoding":"gzip","user-agent":"okhttp/3.8.1"},"time":"Tue Aug 08 2017 04:46:00 GMT+0000 (UTC)","address":"::ffff:172.31.24.250","xdomain":false,"secure":false,"issued":1502167560538,"url":"/socket.io/?EIO=3&playerId=&pass=XkYHm2Jk3Yx3tf64Evb9Wg%3D%3D&transport=websocket","query":{"EIO":"3","playerId":"","pass":"XkYHm2Jk3Yx3tf64Evb9Wg==","transport":"websocket"}}
player id 
hmsent register {"awesome_id":"","onlineStatus":2,"awesome_chips":0}
{ ValidationException: One or more parameter values were invalid: An AttributeValue may not contain an empty string
    at Request.extractError (/home/ec2-user/abc/node_modules/aws-sdk/lib/protocol/json.js:43:27)
    at Request.callListeners (/home/ec2-user/abc/node_modules/aws-sdk/lib/sequential_executor.js:105:20)
    at Request.emit (/home/ec2-user/abc/node_modules/aws-sdk/lib/sequential_executor.js:77:10)
    at Request.emit (/home/ec2-user/abc/node_modules/aws-sdk/lib/request.js:595:14)
    at Request.transition (/home/ec2-user/abc/node_modules/aws-sdk/lib/request.js:21:10)
    at AcceptorStateMachine.runTo (/home/ec2-user/abc/node_modules/aws-sdk/lib/state_machine.js:14:12)
    at /home/ec2-user/abc/node_modules/aws-sdk/lib/state_machine.js:26:10
    at Request.<anonymous> (/home/ec2-user/abc/node_modules/aws-sdk/lib/request.js:37:9)
    at Request.<anonymous> (/home/ec2-user/abc/node_modules/aws-sdk/lib/request.js:597:12)
    at Request.callListeners (/home/ec2-user/abc/node_modules/aws-sdk/lib/sequential_executor.js:115:18)
  message: 'One or more parameter values were invalid: An AttributeValue may not contain an empty string',
  code: 'ValidationException',
  time: 2017-08-08T04:46:00.576Z,
  statusCode: 400,
  retryable: false,
  retryDelay: 0 }
notify_online {"friend_ids" : []}
[0mGET / [32m200 [0m3.311 ms - 11[0m
[0mGET / [32m200 [0m3.934 ms - 11[0m
notify_online {"friend_ids" : []}
disconnect 
io enter middleware
before decrypt XkYHm2Jk3Yx3tf64Evb9Wg==
after decrypt 
Player ID is
On Connection:{"headers":{"x-forwarded-for":"101.78.215.254","x-forwarded-proto":"http","x-forwarded-port":"3000","host":"socketioloadbalancer-1642928803.us-east-1.elb.amazonaws.com:3000","x-amzn-trace-id":"Root=1-59894215-25b7f5c40544dd0b318e7036","upgrade":"websocket","connection":"upgrade","cookie":"AWSALB=","sec-websocket-key":"WhU8objSMvGQZthu8dRO0Q==","sec-websocket-version":"13","accept-encoding":"gzip","user-agent":"okhttp/3.8.1"},"time":"Tue Aug 08 2017 04:46:13 GMT+0000 (UTC)","address":"::ffff:172.31.24.250","xdomain":false,"secure":false,"issued":1502167573728,"url":"/socket.io/?EIO=3&playerId=&pass=XkYHm2Jk3Yx3tf64Evb9Wg%3D%3D&transport=websocket","query":{"EIO":"3","playerId":"","pass":"XkYHm2Jk3Yx3tf64Evb9Wg==","transport":"websocket"}}
player id 
hmsent register {"awesome_id":"","onlineStatus":2,"awesome_chips":0}
{ ValidationException: One or more parameter values were invalid: An AttributeValue may not contain an empty string
    at Request.extractError (/home/ec2-user/abc/node_modules/aws-sdk/lib/protocol/json.js:43:27)
    at Request.callListeners (/home/ec2-user/abc/node_modules/aws-sdk/lib/sequential_executor.js:105:20)
    at Request.emit (/home/ec2-user/abc/node_modules/aws-sdk/lib/sequential_executor.js:77:10)
    at Request.emit (/home/ec2-user/abc/node_modules/aws-sdk/lib/request.js:595:14)
    at Request.transition (/home/ec2-user/abc/node_modules/aws-sdk/lib/request.js:21:10)
    at AcceptorStateMachine.runTo (/home/ec2-user/abc/node_modules/aws-sdk/lib/state_machine.js:14:12)
    at /home/ec2-user/abc/node_modules/aws-sdk/lib/state_machine.js:26:10
    at Request.<anonymous> (/home/ec2-user/abc/node_modules/aws-sdk/lib/request.js:37:9)
    at Request.<anonymous> (/home/ec2-user/abc/node_modules/aws-sdk/lib/request.js:597:12)
    at Request.callListeners (/home/ec2-user/abc/node_modules/aws-sdk/lib/sequential_executor.js:115:18)
  message: 'One or more parameter values were invalid: An AttributeValue may not contain an empty string',
  code: 'ValidationException',
  time: 2017-08-08T04:46:13.763Z,
  statusCode: 400,
  retryable: false,
  retryDelay: 0 }
notify_online {"friend_ids" : []}
disconnect 
[0mGET / [32m200 [0m0.624 ms - 11[0m
[0mGET / [32m200 [0m0.275 ms - 11[0m
[0mGET / [32m200 [0m0.588 ms - 11[0m
[0mGET / [32m200 [0m1.003 ms - 11[0m
[0mGET / [32m200 [0m0.390 ms - 11[0m
[0mGET / [32m200 [0m0.239 ms - 11[0m
[0mGET / [32m200 [0m1.293 ms - 11[0m
[0mGET / [32m200 [0m0.929 ms - 11[0m
[0mGET / [32m200 [0m1.644 ms - 11[0m
[0mGET / [32m200 [0m0.913 ms - 11[0m
server kick player 
end socket with player
[0mGET / [32m200 [0m1.896 ms - 11[0m
[0mGET / [32m200 [0m2.272 ms - 11[0m
[0mGET / [32m200 [0m0.786 ms - 11[0m
[0mGET / [32m200 [0m1.751 ms - 11[0m
[0mGET / [32m200 [0m1.352 ms - 11[0m
[0mGET / [32m200 [0m3.845 ms - 11[0m
[0mGET / [32m200 [0m0.874 ms - 11[0m
[0mGET / [32m200 [0m0.299 ms - 11[0m
[0mGET / [32m200 [0m0.513 ms - 11[0m
[0mGET / [32m200 [0m0.921 ms - 11[0m
[0mGET / [32m200 [0m0.915 ms - 11[0m
[0mGET / [32m200 [0m1.296 ms - 11[0m
[0mGET / [32m200 [0m2.430 ms - 11[0m
[0mGET / [32m200 [0m0.926 ms - 11[0m
[0mGET / [32m200 [0m1.019 ms - 11[0m
[0mGET / [32m200 [0m1.098 ms - 11[0m
[0mGET / [32m200 [0m0.644 ms - 11[0m
[0mGET / [32m200 [0m0.912 ms - 11[0m
[0mGET / [32m200 [0m0.554 ms - 11[0m
[0mGET / [32m200 [0m0.879 ms - 11[0m
encrypted phone number a4YhnIh2OFsokuZNsDJhuw==
encrypted country code ee+yuOXCLtUQ0mvDOiDtrA==
country code 
phone number phone_number
identityId us-east-1:721e5015-82dc-4ddd-9b78-987087dd1a55
get_open_id _phoneNumber phone_number
get_open_id IdentityIdundefined
{ IdentityId: 'us-east-1:721e5015-82dc-4ddd-9b78-987087dd1a55',
  Token: 'eyJraWQiOiJ1cy1lYXN0LTExIiwidHlwIjoiSldTIiwiYWxnIjoiUlM1MTIifQ.eyJzdWIiOiJ1cy1lYXN0LTE6NzIxZTUwMTUtODJkYy00ZGRkLTliNzgtOTg3MDg3ZGQxYTU1IiwiYXVkIjoidXMtZWFzdC0xOjU1NTJhNTRiLWE1MTktNDRkMi05N2UzLWZlYjNkNDVjOWFmYSIsImFtciI6WyJhdXRoZW50aWNhdGVkIiwibG9naW4udjNyZWUuYXdlc29tZSIsImxvZ2luLnYzcmVlLmF3ZXNvbWU6dXMtZWFzdC0xOjU1NTJhNTRiLWE1MTktNDRkMi05N2UzLWZlYjNkNDVjOWFmYTpwaG9uZV9udW1iZXIiXSwiaXNzIjoiaHR0cHM6Ly9jb2duaXRvLWlkZW50aXR5LmFtYXpvbmF3cy5jb20iLCJleHAiOjE1MDIxNzE0MDQsImlhdCI6MTUwMjE2NzgwNH0.gXgagLbN_MANeZmyeBfosmZvsx8ECp31CSiz18qb5XUmOa_wcB7urLYdVdkMLALgrFB0LWczXtLI7MSm_fM-lKFox1RE41BWozSjUbPLgR5AWLKKdg8QOSS42J0PxGi3UU4FAQNaFKjwar2hsJrgb8B19st8Nc5sqwR1tdhLoOTu-ll1wkzRFLGpWPw4ne3mhN9Z9aS5RfodAKkCj3YAtahc7XJOsMCm3JYl2qhC7BJqER3lr4k9BmHYtznzDWkYPYnPQ0f5xepVcKXjkWCZCdsUGlEtc2FI_tjiIVYIe8belcj8nJn_YgisCcuOnmKBzfv_-yqDWDmfKHfgeqq7EQ' }
[0mGET /get_token/a4YhnIh2OFsokuZNsDJhuw==/ee+yuOXCLtUQ0mvDOiDtrA==/us-east-1:721e5015-82dc-4ddd-9b78-987087dd1a55 [32m200 [0m98.820 ms - 907[0m
[0mGET / [32m200 [0m1.246 ms - 11[0m
[0mGET / [32m200 [0m1.382 ms - 11[0m
register_endpoint_v2 86F2442C-704C-4149-ACEA-5534BF049D41 0c1ffdc98dffd4dac2568bf69cdf4c829bd83584c720c0d9297707facf07a042 descendentofsun IOS
*** register_endpoint_v2 success ***
{ status: 'success' }
[0mPOST /api/v1/register_endpoint_v2/nosql [32m200 [0m20.496 ms - 20[0m
{ Count: 1,
  Items: 
   [ { awesome_id: [Object],
       endpointArn: [Object],
       device_token: [Object] } ],
  ScannedCount: 1 }
{ InvalidParameter: Invalid parameter: Token Reason: Endpoint arn:aws:sns:us-east-1:442395450210:endpoint/APNS/awsome_apns_production/27a1c931-f307-3fe4-84a4-666da5c924f0 already exists with the same Token, but different attributes.
    at Request.extractError (/home/ec2-user/abc/node_modules/aws-sdk/lib/protocol/query.js:40:29)
    at Request.callListeners (/home/ec2-user/abc/node_modules/aws-sdk/lib/sequential_executor.js:105:20)
    at Request.emit (/home/ec2-user/abc/node_modules/aws-sdk/lib/sequential_executor.js:77:10)
    at Request.emit (/home/ec2-user/abc/node_modules/aws-sdk/lib/request.js:595:14)
    at Request.transition (/home/ec2-user/abc/node_modules/aws-sdk/lib/request.js:21:10)
    at AcceptorStateMachine.runTo (/home/ec2-user/abc/node_modules/aws-sdk/lib/state_machine.js:14:12)
    at /home/ec2-user/abc/node_modules/aws-sdk/lib/state_machine.js:26:10
    at Request.<anonymous> (/home/ec2-user/abc/node_modules/aws-sdk/lib/request.js:37:9)
    at Request.<anonymous> (/home/ec2-user/abc/node_modules/aws-sdk/lib/request.js:597:12)
    at Request.callListeners (/home/ec2-user/abc/node_modules/aws-sdk/lib/sequential_executor.js:115:18)
  message: 'Invalid parameter: Token Reason: Endpoint arn:aws:sns:us-east-1:442395450210:endpoint/APNS/awsome_apns_production/27a1c931-f307-3fe4-84a4-666da5c924f0 already exists with the same Token, but different attributes.',
  code: 'InvalidParameter',
  time: 2017-08-08T04:50:09.821Z,
  statusCode: 400,
  retryable: false,
  retryDelay: 30 }
[0mGET / [32m200 [0m0.540 ms - 11[0m
[0mGET / [32m200 [0m1.376 ms - 11[0m
[0mGET / [32m200 [0m2.815 ms - 11[0m
[0mGET / [32m200 [0m0.944 ms - 11[0m
[0mGET / [32m200 [0m0.496 ms - 11[0m
[0mGET / [32m200 [0m4.224 ms - 11[0m
[0mGET / [32m200 [0m1.121 ms - 11[0m
[0mGET / [32m200 [0m3.402 ms - 11[0m
[0mGET / [32m200 [0m0.399 ms - 11[0m
[0mGET / [32m200 [0m0.259 ms - 11[0m
[0mGET / [32m200 [0m0.521 ms - 11[0m
[0mGET / [32m200 [0m0.941 ms - 11[0m
[0mGET / [32m200 [0m0.388 ms - 11[0m
[0mGET / [32m200 [0m0.259 ms - 11[0m
[0mGET / [32m200 [0m0.498 ms - 11[0m
[0mGET / [32m200 [0m0.908 ms - 11[0m
[0mGET / [32m200 [0m0.393 ms - 11[0m
[0mGET / [32m200 [0m0.272 ms - 11[0m
[0mGET / [32m200 [0m0.606 ms - 11[0m
[0mGET / [32m200 [0m0.943 ms - 11[0m
[0mGET / [32m200 [0m0.391 ms - 11[0m
[0mGET / [32m200 [0m0.274 ms - 11[0m
[0mGET / [32m200 [0m1.181 ms - 11[0m
[0mGET / [32m200 [0m1.997 ms - 11[0m
[0mGET / [32m200 [0m2.154 ms - 11[0m
[0mGET / [32m200 [0m2.464 ms - 11[0m
[0mGET / [32m200 [0m0.330 ms - 11[0m
[0mGET / [32m200 [0m1.510 ms - 11[0m
[0mGET / [32m200 [0m0.493 ms - 11[0m
[0mGET / [32m200 [0m0.251 ms - 11[0m
[0mGET / [32m200 [0m0.508 ms - 11[0m
[0mGET / [32m200 [0m2.331 ms - 11[0m
[0mGET / [32m200 [0m0.501 ms - 11[0m
[0mGET / [32m200 [0m0.230 ms - 11[0m
[0mGET / [32m200 [0m0.611 ms - 11[0m
[0mGET / [32m200 [0m7.826 ms - 11[0m
[0mGET / [32m200 [0m0.563 ms - 11[0m
[0mGET / [32m200 [0m0.900 ms - 11[0m
[0mGET / [32m200 [0m0.507 ms - 11[0m
[0mGET / [32m200 [0m0.911 ms - 11[0m
[0mGET / [32m200 [0m0.543 ms - 11[0m
[0mGET / [32m200 [0m0.868 ms - 11[0m
[0mGET / [32m200 [0m0.679 ms - 11[0m
[0mGET / [32m200 [0m0.935 ms - 11[0m
[0mGET / [32m200 [0m0.674 ms - 11[0m
[0mGET / [32m200 [0m2.635 ms - 11[0m
[0mGET / [32m200 [0m0.437 ms - 11[0m
[0mGET / [32m200 [0m0.252 ms - 11[0m
[0mGET / [32m200 [0m1.341 ms - 11[0m
[0mGET / [32m200 [0m1.292 ms - 11[0m
[0mGET / [32m200 [0m1.645 ms - 11[0m
[0mGET / [32m200 [0m1.923 ms - 11[0m
[0mGET / [32m200 [0m1.596 ms - 11[0m
[0mGET / [32m200 [0m1.450 ms - 11[0m
[0mGET / [32m200 [0m3.114 ms - 11[0m
[0mGET / [32m200 [0m4.310 ms - 11[0m
[0mGET / [32m200 [0m2.691 ms - 11[0m
[0mGET / [32m200 [0m3.695 ms - 11[0m
[0mGET / [32m200 [0m1.253 ms - 11[0m
[0mGET / [32m200 [0m1.382 ms - 11[0m
[0mGET / [32m200 [0m0.552 ms - 11[0m
[0mGET / [32m200 [0m0.896 ms - 11[0m
[0mGET / [32m200 [0m0.422 ms - 11[0m
[0mGET / [32m200 [0m0.264 ms - 11[0m
[0mGET / [32m200 [0m0.595 ms - 11[0m
[0mGET / [32m200 [0m0.849 ms - 11[0m
[0mGET / [32m200 [0m0.432 ms - 11[0m
[0mGET / [32m200 [0m0.257 ms - 11[0m
[0mGET / [32m200 [0m0.565 ms - 11[0m
[0mGET / [32m200 [0m0.905 ms - 11[0m
[0mGET / [32m200 [0m0.423 ms - 11[0m
[0mGET / [32m200 [0m0.270 ms - 11[0m
[0mGET / [32m200 [0m1.549 ms - 11[0m
[0mGET / [32m200 [0m1.860 ms - 11[0m
[0mGET / [32m200 [0m0.599 ms - 11[0m
[0mGET / [32m200 [0m0.929 ms - 11[0m
[0mGET / [32m200 [0m0.487 ms - 11[0m
[0mGET / [32m200 [0m0.275 ms - 11[0m
[0mGET / [32m200 [0m0.494 ms - 11[0m
[0mGET / [32m200 [0m0.877 ms - 11[0m
[0mGET / [32m200 [0m0.523 ms - 11[0m
[0mGET / [32m200 [0m0.849 ms - 11[0m
io enter middleware
before decrypt C/V0l40Q2bH0Ew9L6fjPOw==
after decrypt 123123123
Player ID is123123123
On Connection:{"headers":{"x-forwarded-for":"61.93.253.94","x-forwarded-proto":"http","x-forwarded-port":"3000","host":"socketioloadbalancer-1642928803.us-east-1.elb.amazonaws.com:3000","x-amzn-trace-id":"Root=1-59894574-73a4a41254019b74796a76ce","upgrade":"websocket","connection":"upgrade","cookie":"AWSALB=","sec-websocket-key":"HTw0vdppWA6RW3A9STBzuw==","sec-websocket-version":"13","accept-encoding":"gzip","user-agent":"okhttp/3.8.1"},"time":"Tue Aug 08 2017 05:00:36 GMT+0000 (UTC)","address":"::ffff:172.31.3.250","xdomain":false,"secure":false,"issued":1502168436639,"url":"/socket.io/?EIO=3&playerId=123123123&pass=C%2FV0l40Q2bH0Ew9L6fjPOw%3D%3D&transport=websocket","query":{"EIO":"3","playerId":"123123123","pass":"C/V0l40Q2bH0Ew9L6fjPOw==","transport":"websocket"}}
player id 123123123
hmsent register {"awesome_id":"123123123","onlineStatus":2,"awesome_chips":0}
[ { id: { S: '123123123' }, awesome_chips: { N: '894' } } ]
hmsent awesomeChips {"awesome_id":"123123123","onlineStatus":"2","awesome_chips":"894"}
[0mGET / [32m200 [0m0.382 ms - 11[0m
[0mGET / [32m200 [0m0.267 ms - 11[0m
[0mGET / [32m200 [0m1.966 ms - 11[0m
[0mGET / [32m200 [0m2.897 ms - 11[0m
disconnect 123123123
disconnect 123123123 redis
[0mGET / [32m200 [0m1.321 ms - 11[0m
[0mGET / [32m200 [0m1.245 ms - 11[0m
[0mGET / [32m200 [0m11.063 ms - 11[0m
[0mGET / [32m200 [0m5.089 ms - 11[0m
[0mGET / [32m200 [0m6.795 ms - 11[0m
[0mGET / [32m200 [0m12.514 ms - 11[0m
[0mGET / [32m200 [0m0.394 ms - 11[0m
[0mGET / [32m200 [0m0.227 ms - 11[0m
[0mGET / [32m200 [0m0.594 ms - 11[0m
[0mGET / [32m200 [0m0.909 ms - 11[0m
[0mGET / [32m200 [0m0.310 ms - 11[0m
[0mGET / [32m200 [0m0.475 ms - 11[0m
[0mGET / [32m200 [0m0.390 ms - 11[0m
[0mGET / [32m200 [0m0.210 ms - 11[0m
[0mGET / [32m200 [0m0.376 ms - 11[0m
[0mGET / [32m200 [0m0.241 ms - 11[0m
[0mGET / [32m200 [0m0.436 ms - 11[0m
[0mGET / [32m200 [0m0.243 ms - 11[0m
[0mGET / [32m200 [0m0.327 ms - 11[0m
[0mGET / [32m200 [0m0.253 ms - 11[0m
[0mGET / [32m200 [0m2.107 ms - 11[0m
[0mGET / [32m200 [0m2.352 ms - 11[0m
[0mGET / [32m200 [0m0.420 ms - 11[0m
[0mGET / [32m200 [0m1.112 ms - 11[0m
[0mGET / [32m200 [0m1.024 ms - 11[0m
[0mGET / [32m200 [0m1.370 ms - 11[0m
[0mGET / [32m200 [0m2.018 ms - 11[0m
[0mGET / [32m200 [0m0.726 ms - 11[0m
[0mGET / [32m200 [0m0.475 ms - 11[0m
[0mGET / [32m200 [0m0.860 ms - 11[0m
[0mGET / [32m200 [0m0.386 ms - 11[0m
[0mGET / [32m200 [0m0.248 ms - 11[0m
[0mGET / [32m200 [0m0.482 ms - 11[0m
[0mGET / [32m200 [0m0.254 ms - 11[0m
[0mGET / [32m200 [0m0.884 ms - 11[0m
[0mGET / [32m200 [0m0.796 ms - 11[0m
[0mGET / [32m200 [0m0.307 ms - 11[0m
[0mGET / [32m200 [0m0.254 ms - 11[0m
[0mGET / [32m200 [0m0.335 ms - 11[0m
[0mGET / [32m200 [0m0.461 ms - 11[0m
[0mGET / [32m200 [0m0.481 ms - 11[0m
[0mGET / [32m200 [0m0.870 ms - 11[0m
io enter middleware
before decrypt C/V0l40Q2bH0Ew9L6fjPOw==
after decrypt 123123123
Player ID is123123123
On Connection:{"headers":{"x-forwarded-for":"61.93.253.94","x-forwarded-proto":"http","x-forwarded-port":"3000","host":"socketioloadbalancer-1642928803.us-east-1.elb.amazonaws.com:3000","x-amzn-trace-id":"Root=1-598946ce-2907b18a0232663b108bf740","upgrade":"websocket","connection":"upgrade","cookie":"AWSALB=","sec-websocket-key":"1nKHu/zZoiILFPWTxIJm0A==","sec-websocket-version":"13","accept-encoding":"gzip","user-agent":"okhttp/3.8.1"},"time":"Tue Aug 08 2017 05:06:22 GMT+0000 (UTC)","address":"::ffff:172.31.24.250","xdomain":false,"secure":false,"issued":1502168782751,"url":"/socket.io/?EIO=3&playerId=123123123&pass=C%2FV0l40Q2bH0Ew9L6fjPOw%3D%3D&transport=websocket","query":{"EIO":"3","playerId":"123123123","pass":"C/V0l40Q2bH0Ew9L6fjPOw==","transport":"websocket"}}
player id 123123123
hmsent register {"awesome_id":"123123123","onlineStatus":2,"awesome_chips":0}
[ { id: { S: '123123123' }, awesome_chips: { N: '894' } } ]
hmsent awesomeChips {"awesome_id":"123123123","onlineStatus":"2","awesome_chips":"894"}
[0mGET / [32m200 [0m0.292 ms - 11[0m
[0mGET / [32m200 [0m0.240 ms - 11[0m
notify_online {"friend_ids" : ["123123123","ivanlgpro2","vincent7","ant9","vincent63472","hellowin","andrewwan","awesome","vincent31","vincent","vincent6","vincent8","eddy","ivanlgv10","ivanipad","vincent9","descendentofsun","ivan-nokia6","samsung","68666666","vincent5","ant1","ant7","ant4","ck","ivan","cara","a3","vincent32","ivannew","an4","andrew-chevk","conniechen","vincent2","ant2","ant3","vincent28","eric","andrew","wilson","ant5","a6","testonly"]}
hgetall{"awesome_id":"123123123","onlineStatus":"2","awesome_chips":"894"}
hgetall123123123
Send message channel:123123123:friend_online msg:{"friendId":"123123123"}
[0mGET / [32m200 [0m2.418 ms - 11[0m
[0mGET / [32m200 [0m2.841 ms - 11[0m
[0mGET / [32m200 [0m0.463 ms - 11[0m
[0mGET / [32m200 [0m0.251 ms - 11[0m
[0mGET / [32m200 [0m0.620 ms - 11[0m
[0mGET / [32m200 [0m6.989 ms - 11[0m
[0mGET / [32m200 [0m0.318 ms - 11[0m
[0mGET / [32m200 [0m0.194 ms - 11[0m
disconnect 123123123
disconnect 123123123 redis
friend ids 123123123,ivanlgpro2,vincent7,ant9,vincent63472,hellowin,andrewwan,awesome,vincent31,vincent,vincent6,vincent8,eddy,ivanlgv10,ivanipad,vincent9,descendentofsun,ivan-nokia6,samsung,68666666,vincent5,ant1,ant7,ant4,ck,ivan,cara,a3,vincent32,ivannew,an4,andrew-chevk,conniechen,vincent2,ant2,ant3,vincent28,eric,andrew,wilson,ant5,a6,testonly
send disconnect to 123123123
send disconnect to ivanlgpro2
send disconnect to vincent7
send disconnect to ant9
send disconnect to vincent63472
send disconnect to hellowin
send disconnect to andrewwan
send disconnect to awesome
send disconnect to vincent31
send disconnect to vincent
send disconnect to vincent6
send disconnect to vincent8
send disconnect to eddy
send disconnect to ivanlgv10
send disconnect to ivanipad
send disconnect to vincent9
send disconnect to descendentofsun
send disconnect to ivan-nokia6
send disconnect to samsung
send disconnect to 68666666
send disconnect to vincent5
send disconnect to ant1
send disconnect to ant7
send disconnect to ant4
send disconnect to ck
send disconnect to ivan
send disconnect to cara
send disconnect to a3
send disconnect to vincent32
send disconnect to ivannew
send disconnect to an4
send disconnect to andrew-chevk
send disconnect to conniechen
send disconnect to vincent2
send disconnect to ant2
send disconnect to ant3
send disconnect to vincent28
send disconnect to eric
send disconnect to andrew
send disconnect to wilson
send disconnect to ant5
send disconnect to a6
send disconnect to testonly
io enter middleware
before decrypt C/V0l40Q2bH0Ew9L6fjPOw==
after decrypt 123123123
Player ID is123123123
On Connection:{"headers":{"x-forwarded-for":"61.93.253.94","x-forwarded-proto":"http","x-forwarded-port":"3000","host":"socketioloadbalancer-1642928803.us-east-1.elb.amazonaws.com:3000","x-amzn-trace-id":"Root=1-59894718-3341c94042254cdd3436718a","upgrade":"websocket","connection":"upgrade","cookie":"AWSALB=","sec-websocket-key":"j1Kc1Aj/fPVyYWXv/2qO1Q==","sec-websocket-version":"13","accept-encoding":"gzip","user-agent":"okhttp/3.8.1"},"time":"Tue Aug 08 2017 05:07:36 GMT+0000 (UTC)","address":"::ffff:172.31.24.250","xdomain":false,"secure":false,"issued":1502168856504,"url":"/socket.io/?EIO=3&playerId=123123123&pass=C%2FV0l40Q2bH0Ew9L6fjPOw%3D%3D&transport=websocket","query":{"EIO":"3","playerId":"123123123","pass":"C/V0l40Q2bH0Ew9L6fjPOw==","transport":"websocket"}}
player id 123123123
hmsent register {"awesome_id":"123123123","onlineStatus":2,"awesome_chips":0}
[ { id: { S: '123123123' }, awesome_chips: { N: '894' } } ]
hmsent awesomeChips {"awesome_id":"123123123","onlineStatus":"2","awesome_chips":"894"}
[0mGET / [32m200 [0m0.425 ms - 11[0m
[0mGET / [32m200 [0m0.210 ms - 11[0m
[0mGET / [32m200 [0m0.451 ms - 11[0m
[0mGET / [32m200 [0m0.262 ms - 11[0m
notify_online {"friend_ids" : ["123123123","ivanlgpro2","vincent7","ant9","vincent63472","hellowin","andrewwan","awesome","vincent31","vincent","vincent6","vincent8","eddy","ivanlgv10","ivanipad","vincent9","descendentofsun","ivan-nokia6","samsung","68666666","vincent5","ant1","ant7","ant4","ck","ivan","cara","a3","vincent32","ivannew","an4","andrew-chevk","conniechen","vincent2","ant2","ant3","vincent28","eric","andrew","wilson","ant5","a6","testonly"]}
hgetall{"awesome_id":"123123123","onlineStatus":"2","awesome_chips":"894"}
hgetall123123123
Send message channel:123123123:friend_online msg:{"friendId":"123123123"}
[0mGET / [32m200 [0m0.389 ms - 11[0m
[0mGET / [32m200 [0m1.223 ms - 11[0m
[0mGET / [32m200 [0m0.330 ms - 11[0m
[0mGET / [32m200 [0m0.456 ms - 11[0m
[0mGET / [32m200 [0m0.615 ms - 11[0m
[0mGET / [32m200 [0m0.887 ms - 11[0m
[0mGET / [32m200 [0m0.473 ms - 11[0m
[0mGET / [32m200 [0m0.830 ms - 11[0m
disconnect 123123123
disconnect 123123123 redis
friend ids 123123123,ivanlgpro2,vincent7,ant9,vincent63472,hellowin,andrewwan,awesome,vincent31,vincent,vincent6,vincent8,eddy,ivanlgv10,ivanipad,vincent9,descendentofsun,ivan-nokia6,samsung,68666666,vincent5,ant1,ant7,ant4,ck,ivan,cara,a3,vincent32,ivannew,an4,andrew-chevk,conniechen,vincent2,ant2,ant3,vincent28,eric,andrew,wilson,ant5,a6,testonly
send disconnect to 123123123
send disconnect to ivanlgpro2
send disconnect to vincent7
send disconnect to ant9
send disconnect to vincent63472
send disconnect to hellowin
send disconnect to andrewwan
send disconnect to awesome
send disconnect to vincent31
send disconnect to vincent
send disconnect to vincent6
send disconnect to vincent8
send disconnect to eddy
send disconnect to ivanlgv10
send disconnect to ivanipad
send disconnect to vincent9
send disconnect to descendentofsun
send disconnect to ivan-nokia6
send disconnect to samsung
send disconnect to 68666666
send disconnect to vincent5
send disconnect to ant1
send disconnect to ant7
send disconnect to ant4
send disconnect to ck
send disconnect to ivan
send disconnect to cara
send disconnect to a3
send disconnect to vincent32
send disconnect to ivannew
send disconnect to an4
send disconnect to andrew-chevk
send disconnect to conniechen
send disconnect to vincent2
send disconnect to ant2
send disconnect to ant3
send disconnect to vincent28
send disconnect to eric
send disconnect to andrew
send disconnect to wilson
send disconnect to ant5
send disconnect to a6
send disconnect to testonly
[0mGET / [32m200 [0m0.452 ms - 11[0m
[0mGET / [32m200 [0m0.257 ms - 11[0m
[0mGET / [32m200 [0m0.401 ms - 11[0m
[0mGET / [32m200 [0m0.240 ms - 11[0m
[0mGET / [32m200 [0m2.060 ms - 11[0m
[0mGET / [32m200 [0m1.444 ms - 11[0m
[0mGET / [32m200 [0m0.508 ms - 11[0m
[0mGET / [32m200 [0m0.879 ms - 11[0m
[0mGET / [32m200 [0m0.294 ms - 11[0m
[0mGET / [32m200 [0m0.605 ms - 11[0m
[0mGET / [32m200 [0m0.307 ms - 11[0m
[0mGET / [32m200 [0m0.242 ms - 11[0m
[0mGET / [32m200 [0m0.594 ms - 11[0m
[0mGET / [32m200 [0m1.542 ms - 11[0m
[0mGET / [32m200 [0m0.376 ms - 11[0m
[0mGET / [32m200 [0m0.195 ms - 11[0m
[0mGET / [32m200 [0m3.383 ms - 11[0m
[0mGET / [32m200 [0m3.372 ms - 11[0m
[0mGET / [32m200 [0m0.534 ms - 11[0m
[0mGET / [32m200 [0m0.836 ms - 11[0m
[0mGET / [32m200 [0m0.622 ms - 11[0m
[0mGET / [32m200 [0m0.858 ms - 11[0m
[0mGET / [32m200 [0m0.432 ms - 11[0m
[0mGET / [32m200 [0m0.242 ms - 11[0m
[0mGET / [32m200 [0m0.462 ms - 11[0m
[0mGET / [32m200 [0m0.208 ms - 11[0m
[0mGET / [32m200 [0m0.441 ms - 11[0m
[0mGET / [32m200 [0m0.265 ms - 11[0m
[0mGET / [32m200 [0m0.563 ms - 11[0m
[0mGET / [32m200 [0m0.852 ms - 11[0m
[0mGET / [32m200 [0m0.345 ms - 11[0m
[0mGET / [32m200 [0m0.446 ms - 11[0m
[0mGET / [32m200 [0m2.434 ms - 11[0m
[0mGET / [32m200 [0m2.703 ms - 11[0m
[0mGET / [32m200 [0m0.575 ms - 11[0m
[0mGET / [32m200 [0m0.777 ms - 11[0m
[0mGET / [32m200 [0m0.550 ms - 11[0m
[0mGET / [32m200 [0m0.834 ms - 11[0m
[0mGET / [32m200 [0m0.464 ms - 11[0m
[0mGET / [32m200 [0m0.240 ms - 11[0m
[0mGET / [32m200 [0m0.559 ms - 11[0m
[0mGET / [32m200 [0m0.868 ms - 11[0m
[0mGET / [32m200 [0m0.482 ms - 11[0m
[0mGET / [32m200 [0m0.240 ms - 11[0m
[0mGET / [32m200 [0m0.430 ms - 11[0m
[0mGET / [32m200 [0m0.787 ms - 11[0m
[0mGET / [32m200 [0m0.620 ms - 11[0m
[0mGET / [32m200 [0m0.242 ms - 11[0m
[0mGET / [32m200 [0m2.341 ms - 11[0m
[0mGET / [32m200 [0m3.978 ms - 11[0m
[0mGET / [32m200 [0m8.103 ms - 11[0m
[0mGET / [32m200 [0m6.161 ms - 11[0m
[0mGET / [32m200 [0m12.756 ms - 11[0m
[0mGET / [32m200 [0m1.374 ms - 11[0m
[0mGET / [32m200 [0m0.669 ms - 11[0m
[0mGET / [32m200 [0m1.534 ms - 11[0m
[0mGET / [32m200 [0m0.597 ms - 11[0m
[0mGET / [32m200 [0m0.930 ms - 11[0m
[0mGET / [32m200 [0m0.428 ms - 11[0m
[0mGET / [32m200 [0m0.230 ms - 11[0m
[0mGET / [32m200 [0m0.717 ms - 11[0m
[0mGET / [32m200 [0m0.980 ms - 11[0m
[0mGET / [32m200 [0m0.406 ms - 11[0m
[0mGET / [32m200 [0m0.250 ms - 11[0m
[0mGET / [32m200 [0m1.380 ms - 11[0m
[0mGET / [32m200 [0m0.825 ms - 11[0m
[0mGET / [32m200 [0m0.394 ms - 11[0m
[0mGET / [32m200 [0m0.231 ms - 11[0m
[0mGET / [32m200 [0m4.299 ms - 11[0m
[0mGET / [32m200 [0m0.701 ms - 11[0m
[0mGET / [32m200 [0m0.348 ms - 11[0m
[0mGET / [32m200 [0m0.269 ms - 11[0m
io enter middleware
before decrypt C/V0l40Q2bH0Ew9L6fjPOw==
after decrypt 123123123
Player ID is123123123
On Connection:{"headers":{"x-forwarded-for":"61.93.253.94","x-forwarded-proto":"http","x-forwarded-port":"3000","host":"socketioloadbalancer-1642928803.us-east-1.elb.amazonaws.com:3000","x-amzn-trace-id":"Root=1-5989498f-44a0bba751a7e85c71f8edc0","upgrade":"websocket","connection":"upgrade","cookie":"AWSALB=","sec-websocket-key":"R+ubti5OVAMhCcwiN9Zf6Q==","sec-websocket-version":"13","accept-encoding":"gzip","user-agent":"okhttp/3.8.1"},"time":"Tue Aug 08 2017 05:18:07 GMT+0000 (UTC)","address":"::ffff:172.31.24.250","xdomain":false,"secure":false,"issued":1502169487363,"url":"/socket.io/?EIO=3&playerId=123123123&pass=C%2FV0l40Q2bH0Ew9L6fjPOw%3D%3D&transport=websocket","query":{"EIO":"3","playerId":"123123123","pass":"C/V0l40Q2bH0Ew9L6fjPOw==","transport":"websocket"}}
player id 123123123
hmsent register {"awesome_id":"123123123","onlineStatus":2,"awesome_chips":0}
[ { id: { S: '123123123' }, awesome_chips: { N: '894' } } ]
hmsent awesomeChips {"awesome_id":"123123123","onlineStatus":"2","awesome_chips":"894"}
[0mGET / [32m200 [0m1.436 ms - 11[0m
[0mGET / [32m200 [0m1.896 ms - 11[0m
notify_online {"friend_ids" : ["123123123","ivanlgpro2","vincent7","ant9","vincent63472","hellowin","andrewwan","awesome","vincent31","vincent","vincent6","vincent8","eddy","ivanlgv10","ivanipad","vincent9","descendentofsun","ivan-nokia6","samsung","68666666","vincent5","ant1","ant7","ant4","ck","ivan","cara","a3","vincent32","ivannew","an4","andrew-chevk","conniechen","vincent2","ant2","ant3","vincent28","eric","andrew","wilson","ant5","a6","testonly"]}
Send message channel:123123123:friend_online msg:{"friendId":"123123123"}
hgetall{"awesome_id":"123123123","onlineStatus":"2","awesome_chips":"894"}
hgetall123123123
[0mGET / [32m200 [0m0.672 ms - 11[0m
[0mGET / [32m200 [0m0.765 ms - 11[0m
[0mGET / [32m200 [0m0.509 ms - 11[0m
[0mGET / [32m200 [0m0.936 ms - 11[0m
[0mGET / [32m200 [0m0.435 ms - 11[0m
[0mGET / [32m200 [0m0.272 ms - 11[0m
[0mGET / [32m200 [0m0.518 ms - 11[0m
[0mGET / [32m200 [0m0.890 ms - 11[0m
disconnect 123123123
disconnect 123123123 redis
friend ids 123123123,ivanlgpro2,vincent7,ant9,vincent63472,hellowin,andrewwan,awesome,vincent31,vincent,vincent6,vincent8,eddy,ivanlgv10,ivanipad,vincent9,descendentofsun,ivan-nokia6,samsung,68666666,vincent5,ant1,ant7,ant4,ck,ivan,cara,a3,vincent32,ivannew,an4,andrew-chevk,conniechen,vincent2,ant2,ant3,vincent28,eric,andrew,wilson,ant5,a6,testonly
send disconnect to 123123123
send disconnect to ivanlgpro2
send disconnect to vincent7
send disconnect to ant9
send disconnect to vincent63472
send disconnect to hellowin
send disconnect to andrewwan
send disconnect to awesome
send disconnect to vincent31
send disconnect to vincent
send disconnect to vincent6
send disconnect to vincent8
send disconnect to eddy
send disconnect to ivanlgv10
send disconnect to ivanipad
send disconnect to vincent9
send disconnect to descendentofsun
send disconnect to ivan-nokia6
send disconnect to samsung
send disconnect to 68666666
send disconnect to vincent5
send disconnect to ant1
send disconnect to ant7
send disconnect to ant4
send disconnect to ck
send disconnect to ivan
send disconnect to cara
send disconnect to a3
send disconnect to vincent32
send disconnect to ivannew
send disconnect to an4
send disconnect to andrew-chevk
send disconnect to conniechen
send disconnect to vincent2
send disconnect to ant2
send disconnect to ant3
send disconnect to vincent28
send disconnect to eric
send disconnect to andrew
send disconnect to wilson
send disconnect to ant5
send disconnect to a6
send disconnect to testonly
[0mGET / [32m200 [0m1.034 ms - 11[0m
[0mGET / [32m200 [0m0.335 ms - 11[0m
io enter middleware
before decrypt C/V0l40Q2bH0Ew9L6fjPOw==
after decrypt 123123123
Player ID is123123123
On Connection:{"headers":{"x-forwarded-for":"61.93.253.94","x-forwarded-proto":"http","x-forwarded-port":"3000","host":"socketioloadbalancer-1642928803.us-east-1.elb.amazonaws.com:3000","x-amzn-trace-id":"Root=1-598949e2-7aee84215e5ada2c62013e72","upgrade":"websocket","connection":"upgrade","cookie":"AWSALB=","sec-websocket-key":"vmacX0xShUmUsAcdpfCgKw==","sec-websocket-version":"13","accept-encoding":"gzip","user-agent":"okhttp/3.8.1"},"time":"Tue Aug 08 2017 05:19:30 GMT+0000 (UTC)","address":"::ffff:172.31.24.250","xdomain":false,"secure":false,"issued":1502169570306,"url":"/socket.io/?EIO=3&playerId=123123123&pass=C%2FV0l40Q2bH0Ew9L6fjPOw%3D%3D&transport=websocket","query":{"EIO":"3","playerId":"123123123","pass":"C/V0l40Q2bH0Ew9L6fjPOw==","transport":"websocket"}}
player id 123123123
hmsent register {"awesome_id":"123123123","onlineStatus":2,"awesome_chips":0}
[ { id: { S: '123123123' }, awesome_chips: { N: '894' } } ]
hmsent awesomeChips {"awesome_id":"123123123","onlineStatus":"2","awesome_chips":"894"}
[0mGET / [32m200 [0m0.555 ms - 11[0m
[0mGET / [32m200 [0m0.895 ms - 11[0m
[0mGET / [32m200 [0m0.395 ms - 11[0m
[0mGET / [32m200 [0m2.113 ms - 11[0m
[0mGET / [32m200 [0m0.525 ms - 11[0m
[0mGET / [32m200 [0m0.902 ms - 11[0m
notify_online {"friend_ids" : ["123123123","ivanlgpro2","vincent7","ant9","vincent63472","hellowin","andrewwan","awesome","vincent31","vincent","vincent6","vincent8","eddy","ivanlgv10","ivanipad","vincent9","descendentofsun","ivan-nokia6","samsung","68666666","vincent5","ant1","ant7","ant4","ck","ivan","cara","a3","vincent32","ivannew","an4","andrew-chevk","conniechen","vincent2","ant2","ant3","vincent28","eric","andrew","wilson","ant5","a6","testonly"]}
hgetall{"awesome_id":"123123123","onlineStatus":"2","awesome_chips":"894"}
hgetall123123123
Send message channel:123123123:friend_online msg:{"friendId":"123123123"}
[0mGET / [32m200 [0m0.519 ms - 11[0m
[0mGET / [32m200 [0m0.269 ms - 11[0m
[0mGET / [32m200 [0m0.611 ms - 11[0m
[0mGET / [32m200 [0m0.909 ms - 11[0m
[0mGET / [32m200 [0m0.478 ms - 11[0m
[0mGET / [32m200 [0m0.279 ms - 11[0m
[0mGET / [32m200 [0m0.478 ms - 11[0m
[0mGET / [32m200 [0m0.262 ms - 11[0m
disconnect 123123123
disconnect 123123123 redis
friend ids 123123123,ivanlgpro2,vincent7,ant9,vincent63472,hellowin,andrewwan,awesome,vincent31,vincent,vincent6,vincent8,eddy,ivanlgv10,ivanipad,vincent9,descendentofsun,ivan-nokia6,samsung,68666666,vincent5,ant1,ant7,ant4,ck,ivan,cara,a3,vincent32,ivannew,an4,andrew-chevk,conniechen,vincent2,ant2,ant3,vincent28,eric,andrew,wilson,ant5,a6,testonly
send disconnect to 123123123
send disconnect to ivanlgpro2
send disconnect to vincent7
send disconnect to ant9
send disconnect to vincent63472
send disconnect to hellowin
send disconnect to andrewwan
send disconnect to awesome
send disconnect to vincent31
send disconnect to vincent
send disconnect to vincent6
send disconnect to vincent8
send disconnect to eddy
send disconnect to ivanlgv10
send disconnect to ivanipad
send disconnect to vincent9
send disconnect to descendentofsun
send disconnect to ivan-nokia6
send disconnect to samsung
send disconnect to 68666666
send disconnect to vincent5
send disconnect to ant1
send disconnect to ant7
send disconnect to ant4
send disconnect to ck
send disconnect to ivan
send disconnect to cara
send disconnect to a3
send disconnect to vincent32
send disconnect to ivannew
send disconnect to an4
send disconnect to andrew-chevk
send disconnect to conniechen
send disconnect to vincent2
send disconnect to ant2
send disconnect to ant3
send disconnect to vincent28
send disconnect to eric
send disconnect to andrew
send disconnect to wilson
send disconnect to ant5
send disconnect to a6
send disconnect to testonly
[0mGET / [32m200 [0m0.471 ms - 11[0m
[0mGET / [32m200 [0m0.280 ms - 11[0m
[0mGET / [32m200 [0m2.541 ms - 11[0m
[0mGET / [32m200 [0m3.207 ms - 11[0m
[0mGET / [32m200 [0m1.506 ms - 11[0m
[0mGET / [32m200 [0m0.708 ms - 11[0m
[0mGET / [32m200 [0m0.412 ms - 11[0m
[0mGET / [32m200 [0m0.258 ms - 11[0m
[0mGET / [32m200 [0m0.549 ms - 11[0m
[0mGET / [32m200 [0m0.841 ms - 11[0m
[0mGET / [32m200 [0m0.610 ms - 11[0m
[0mGET / [32m200 [0m0.864 ms - 11[0m
[0mGET / [32m200 [0m0.496 ms - 11[0m
[0mGET / [32m200 [0m0.631 ms - 11[0m
[0mGET / [32m200 [0m0.500 ms - 11[0m
[0mGET / [32m200 [0m0.853 ms - 11[0m
[0mGET / [32m200 [0m0.436 ms - 11[0m
[0mGET / [32m200 [0m0.888 ms - 11[0m
[0mGET / [32m200 [0m0.999 ms - 11[0m
[0mGET / [32m200 [0m0.236 ms - 11[0m
[0mGET / [32m200 [0m0.414 ms - 11[0m
[0mGET / [32m200 [0m0.230 ms - 11[0m
[0mGET / [32m200 [0m0.405 ms - 11[0m
[0mGET / [32m200 [0m0.258 ms - 11[0m
[0mGET / [32m200 [0m0.355 ms - 11[0m
[0mGET / [32m200 [0m0.210 ms - 11[0m
[0mGET / [32m200 [0m0.581 ms - 11[0m
[0mGET / [32m200 [0m0.850 ms - 11[0m
[0mGET / [32m200 [0m0.316 ms - 11[0m
[0mGET / [32m200 [0m0.261 ms - 11[0m
[0mGET / [32m200 [0m1.059 ms - 11[0m
[0mGET / [32m200 [0m0.730 ms - 11[0m
[0mGET / [32m200 [0m0.459 ms - 11[0m
[0mGET / [32m200 [0m0.213 ms - 11[0m
[0mGET / [32m200 [0m0.552 ms - 11[0m
[0mGET / [32m200 [0m0.846 ms - 11[0m
[0mGET / [32m200 [0m1.713 ms - 11[0m
[0mGET / [32m200 [0m0.383 ms - 11[0m
[0mGET / [32m200 [0m0.646 ms - 11[0m
[0mGET / [32m200 [0m1.467 ms - 11[0m
[0mGET / [32m200 [0m0.474 ms - 11[0m
[0mGET / [32m200 [0m0.285 ms - 11[0m
[0mGET / [32m200 [0m0.427 ms - 11[0m
[0mGET / [32m200 [0m0.244 ms - 11[0m
check_phone_number_exist log [object Object]
[0mPOST /check_phone_number_exist/nosql [32m200 [0m34.522 ms - 648[0m
[0mGET / [32m200 [0m0.514 ms - 11[0m
[0mGET / [32m200 [0m5.018 ms - 11[0m
[0mGET / [32m200 [0m0.627 ms - 11[0m
[0mGET / [32m200 [0m0.885 ms - 11[0m
[0mGET / [32m200 [0m0.380 ms - 11[0m
[0mGET / [32m200 [0m0.298 ms - 11[0m
[0mGET / [32m200 [0m0.627 ms - 11[0m
[0mGET / [32m200 [0m0.854 ms - 11[0m
{ Count: 1,
  Items: 
   [ { awesome_id: [Object],
       endpointArn: [Object],
       device_token: [Object] } ],
  ScannedCount: 1 }
*** removeEndPoint ***
[0mPOST /api/v1/logout/nosql [32m200 [0m27.715 ms - 20[0m
*** removeEndPoint arn:aws:sns:us-east-1:442395450210:endpoint/GCM/awesome_apns_production_android/cddb4738-adf2-3106-a313-78723d62dd28 success ***
{ ResponseMetadata: { RequestId: '65516c39-2376-5c1e-84ec-3e3a6d6d2f13' } }
token deleted
[0mGET / [32m200 [0m0.547 ms - 11[0m
[0mGET / [32m200 [0m0.775 ms - 11[0m
[0mGET / [32m200 [0m0.503 ms - 11[0m
[0mGET / [32m200 [0m0.881 ms - 11[0m
io enter middleware
before decrypt C/V0l40Q2bH0Ew9L6fjPOw==
after decrypt 123123123
Player ID is123123123
On Connection:{"headers":{"x-forwarded-for":"61.93.253.94","x-forwarded-proto":"http","x-forwarded-port":"3000","host":"socketioloadbalancer-1642928803.us-east-1.elb.amazonaws.com:3000","x-amzn-trace-id":"Root=1-59894be9-12459ede47c7d8503104c15e","upgrade":"websocket","connection":"upgrade","cookie":"AWSALB=","sec-websocket-key":"cadnswPj0piqF0hJmYrTkg==","sec-websocket-version":"13","accept-encoding":"gzip","user-agent":"okhttp/3.8.1"},"time":"Tue Aug 08 2017 05:28:09 GMT+0000 (UTC)","address":"::ffff:172.31.24.250","xdomain":false,"secure":false,"issued":1502170089301,"url":"/socket.io/?EIO=3&playerId=123123123&pass=C%2FV0l40Q2bH0Ew9L6fjPOw%3D%3D&transport=websocket","query":{"EIO":"3","playerId":"123123123","pass":"C/V0l40Q2bH0Ew9L6fjPOw==","transport":"websocket"}}
player id 123123123
hmsent register {"awesome_id":"123123123","onlineStatus":2,"awesome_chips":0}
[ { id: { S: '123123123' }, awesome_chips: { N: '894' } } ]
hmsent awesomeChips {"awesome_id":"123123123","onlineStatus":"2","awesome_chips":"894"}
notify_online {"friend_ids" : ["123123123","ivanlgpro2","vincent7","ant9","vincent63472","hellowin","andrewwan","awesome","vincent31","vincent","vincent6","vincent8","eddy","ivanlgv10","ivanipad","vincent9","descendentofsun","ivan-nokia6","samsung","68666666","vincent5","ant1","ant7","ant4","ck","ivan","cara","a3","vincent32","ivannew","an4","andrew-chevk","conniechen","vincent2","ant2","ant3","vincent28","eric","andrew","wilson","ant5","a6","testonly"]}
Send message channel:123123123:friend_online msg:{"friendId":"123123123"}
hgetall{"awesome_id":"123123123","onlineStatus":"2","awesome_chips":"894"}
hgetall123123123
[0mGET / [32m200 [0m0.473 ms - 11[0m
[0mGET / [32m200 [0m0.240 ms - 11[0m
[0mGET / [32m200 [0m0.602 ms - 11[0m
[0mGET / [32m200 [0m0.877 ms - 11[0m
[0mGET / [32m200 [0m0.518 ms - 11[0m
[0mGET / [32m200 [0m0.829 ms - 11[0m
[0mGET / [32m200 [0m0.609 ms - 11[0m
[0mGET / [32m200 [0m0.876 ms - 11[0m
disconnect 123123123
disconnect 123123123 redis
friend ids 123123123,ivanlgpro2,vincent7,ant9,vincent63472,hellowin,andrewwan,awesome,vincent31,vincent,vincent6,vincent8,eddy,ivanlgv10,ivanipad,vincent9,descendentofsun,ivan-nokia6,samsung,68666666,vincent5,ant1,ant7,ant4,ck,ivan,cara,a3,vincent32,ivannew,an4,andrew-chevk,conniechen,vincent2,ant2,ant3,vincent28,eric,andrew,wilson,ant5,a6,testonly
send disconnect to 123123123
send disconnect to ivanlgpro2
send disconnect to vincent7
send disconnect to ant9
send disconnect to vincent63472
send disconnect to hellowin
send disconnect to andrewwan
send disconnect to awesome
send disconnect to vincent31
send disconnect to vincent
send disconnect to vincent6
send disconnect to vincent8
send disconnect to eddy
send disconnect to ivanlgv10
send disconnect to ivanipad
send disconnect to vincent9
send disconnect to descendentofsun
send disconnect to ivan-nokia6
send disconnect to samsung
send disconnect to 68666666
send disconnect to vincent5
send disconnect to ant1
send disconnect to ant7
send disconnect to ant4
send disconnect to ck
send disconnect to ivan
send disconnect to cara
send disconnect to a3
send disconnect to vincent32
send disconnect to ivannew
send disconnect to an4
send disconnect to andrew-chevk
send disconnect to conniechen
send disconnect to vincent2
send disconnect to ant2
send disconnect to ant3
send disconnect to vincent28
send disconnect to eric
send disconnect to andrew
send disconnect to wilson
send disconnect to ant5
send disconnect to a6
send disconnect to testonly
[0mGET / [32m200 [0m0.478 ms - 11[0m
[0mGET / [32m200 [0m0.257 ms - 11[0m
[0mGET / [32m200 [0m2.573 ms - 11[0m
[0mGET / [32m200 [0m0.252 ms - 11[0m
[0mGET / [32m200 [0m0.444 ms - 11[0m
[0mGET / [32m200 [0m0.225 ms - 11[0m
[0mGET / [32m200 [0m0.642 ms - 11[0m
[0mGET / [32m200 [0m0.906 ms - 11[0m
[0mGET / [32m200 [0m0.407 ms - 11[0m
[0mGET / [32m200 [0m0.216 ms - 11[0m
[0mGET / [32m200 [0m0.581 ms - 11[0m
[0mGET / [32m200 [0m0.856 ms - 11[0m
[0mGET / [32m200 [0m2.634 ms - 11[0m
[0mGET / [32m200 [0m1.955 ms - 11[0m
[0mGET / [32m200 [0m0.402 ms - 11[0m
[0mGET / [32m200 [0m4.836 ms - 11[0m
[0mGET / [32m200 [0m0.476 ms - 11[0m
[0mGET / [32m200 [0m7.019 ms - 11[0m
[0mGET / [32m200 [0m6.534 ms - 11[0m
[0mGET / [32m200 [0m10.339 ms - 11[0m
[0mGET / [32m200 [0m0.570 ms - 11[0m
[0mGET / [32m200 [0m0.951 ms - 11[0m
[0mGET / [32m200 [0m0.471 ms - 11[0m
[0mGET / [32m200 [0m0.849 ms - 11[0m
[0mPOST /api/v1/register_endpoint_v2/nosql [33m401 [0m0.970 ms - 40[0m
[0mGET / [32m200 [0m0.452 ms - 11[0m
[0mGET / [32m200 [0m0.239 ms - 11[0m
[0mGET / [32m200 [0m0.654 ms - 11[0m
[0mGET / [32m200 [0m1.488 ms - 11[0m
[0mGET / [32m200 [0m0.569 ms - 11[0m
[0mGET / [32m200 [0m2.813 ms - 11[0m
[0mGET / [32m200 [0m0.446 ms - 11[0m
[0mGET / [32m200 [0m0.249 ms - 11[0m
[0mGET / [32m200 [0m0.542 ms - 11[0m
[0mGET / [32m200 [0m1.189 ms - 11[0m
[0mGET / [32m200 [0m0.578 ms - 11[0m
[0mGET / [32m200 [0m0.860 ms - 11[0m
[0mGET / [32m200 [0m0.574 ms - 11[0m
[0mGET / [32m200 [0m0.846 ms - 11[0m
[0mGET / [32m200 [0m0.436 ms - 11[0m
[0mGET / [32m200 [0m0.730 ms - 11[0m
[0mGET / [32m200 [0m1.509 ms - 11[0m
[0mGET / [32m200 [0m1.863 ms - 11[0m
[0mGET / [32m200 [0m0.572 ms - 11[0m
[0mGET / [32m200 [0m0.855 ms - 11[0m
[0mPOST /api/v1/register_endpoint_v2/nosql [33m401 [0m0.409 ms - 40[0m
[0mGET / [32m200 [0m0.548 ms - 11[0m
[0mGET / [32m200 [0m0.234 ms - 11[0m
encrypted phone number xqys9v4w572ReAXMg2RaTw==
encrypted country code UvZ+8tOpCc3DNB8rlCAGbg==
country code 852
phone number 66451327
identityId null
get_open_id _phoneNumber 85266451327
get_open_id IdentityIdundefined
{ IdentityId: 'us-east-1:4d4466ff-c8e2-49d8-9e9b-6ae8cb80c22a',
  Token: 'eyJraWQiOiJ1cy1lYXN0LTExIiwidHlwIjoiSldTIiwiYWxnIjoiUlM1MTIifQ.eyJzdWIiOiJ1cy1lYXN0LTE6NGQ0NDY2ZmYtYzhlMi00OWQ4LTllOWItNmFlOGNiODBjMjJhIiwiYXVkIjoidXMtZWFzdC0xOjU1NTJhNTRiLWE1MTktNDRkMi05N2UzLWZlYjNkNDVjOWFmYSIsImFtciI6WyJhdXRoZW50aWNhdGVkIiwibG9naW4udjNyZWUuYXdlc29tZSIsImxvZ2luLnYzcmVlLmF3ZXNvbWU6dXMtZWFzdC0xOjU1NTJhNTRiLWE1MTktNDRkMi05N2UzLWZlYjNkNDVjOWFmYTo4NTI2NjQ1MTMyNyJdLCJpc3MiOiJodHRwczovL2NvZ25pdG8taWRlbnRpdHkuYW1hem9uYXdzLmNvbSIsImV4cCI6MTUwMjE3NDEwMCwiaWF0IjoxNTAyMTcwNTAwfQ.SUK8p5Im1jJBqQArCpI74e8X-ig9kFJPz8tsINneOqKmYaFGRKNazXKgaNqna_CWXKdREL7xFjdNahGjkLAZE8Axax9Zhe8URxiuhliJqwDhyfP4nK_hKdiw_SDUvmQGRw5WpJUdFVFDyAXxGcaXFJOcfbT394msv9vYS8ADex-NUzUEoVcKl1v0qeZI1rvTF2n6-Gt4_-ljWnMClNSQUMesJiYRfqZQyjn_gsUB7EZJW7owaNtv1JdyWWPBfA9hQHwivTzLQwnOGyGJ-dUfEp7zkUGm3bwktvZFrcpgiynXvbwao4Jl3QPJjgwN3Hj427Yzx7xXjkBkW4aRzCtC2A' }
[0mGET /get_token/xqys9v4w572ReAXMg2RaTw%3D%3D/UvZ%2B8tOpCc3DNB8rlCAGbg%3D%3D/null [32m200 [0m91.714 ms - 906[0m
[0mGET / [32m200 [0m0.318 ms - 11[0m
[0mGET / [32m200 [0m0.239 ms - 11[0m
io enter middleware
before decrypt LyCnrCX0iHgRGm2b+5eHKg==
after decrypt andrewwan
Player ID isandrewwan
On Connection:{"headers":{"x-forwarded-for":"101.78.215.254","x-forwarded-proto":"http","x-forwarded-port":"3000","host":"socketioloadbalancer-1642928803.us-east-1.elb.amazonaws.com:3000","x-amzn-trace-id":"Root=1-59894d90-031d034f32b1b9c01abae567","upgrade":"websocket","connection":"upgrade","cookie":"AWSALB=","sec-websocket-key":"Vv+wq6Wk/XOqZiaMR22BYA==","sec-websocket-version":"13","accept-encoding":"gzip","user-agent":"okhttp/3.8.1"},"time":"Tue Aug 08 2017 05:35:12 GMT+0000 (UTC)","address":"::ffff:172.31.24.250","xdomain":false,"secure":false,"issued":1502170512914,"url":"/socket.io/?EIO=3&playerId=andrewwan&pass=LyCnrCX0iHgRGm2b%2B5eHKg%3D%3D&transport=websocket","query":{"EIO":"3","playerId":"andrewwan","pass":"LyCnrCX0iHgRGm2b+5eHKg==","transport":"websocket"}}
player id andrewwan
hmsent register {"awesome_id":"andrewwan","onlineStatus":2,"awesome_chips":0}
[ { id: { S: 'andrewwan' }, awesome_chips: { N: '79' } } ]
hmsent awesomeChips {"awesome_id":"andrewwan","onlineStatus":"2","awesome_chips":"79"}
Send message channel:andrewwan:friend_online msg:{"friendId":"123123123"}
notify_online {"friend_ids" : ["andrewwan","andrew","andrew-chevk","ant8","ant5","awesome","vincent6","howareyou","123123123","andrew-test","vincent8","descendentofsun","ant7","ivanlgv10","vincent9","ivannew","ck","ivan-nokia6","cara","elvis","eddy","vincent","vincent63472","vincent7","ivanlgpro2","conniechen","testonly","samsung","ivan","ant2","vincent31","ivanipad","vincent5","vincent2","hellowin","a3","wilson","vincent32","a6","an4","ant1","68666666","ant3"]}
hgetall{"awesome_id":"andrewwan","onlineStatus":"2","awesome_chips":"79"}
hgetallandrewwan
hgetall{"awesome_chips":"894","onlineStatus":"2","awesome_id":"123123123","friendIds":"[\"123123123\",\"ivanlgpro2\",\"vincent7\",\"ant9\",\"vincent63472\",\"hellowin\",\"andrewwan\",\"awesome\",\"vincent31\",\"vincent\",\"vincent6\",\"vincent8\",\"eddy\",\"ivanlgv10\",\"ivanipad\",\"vincent9\",\"descendentofsun\",\"ivan-nokia6\",\"samsung\",\"68666666\",\"vincent5\",\"ant1\",\"ant7\",\"ant4\",\"ck\",\"ivan\",\"cara\",\"a3\",\"vincent32\",\"ivannew\",\"an4\",\"andrew-chevk\",\"conniechen\",\"vincent2\",\"ant2\",\"ant3\",\"vincent28\",\"eric\",\"andrew\",\"wilson\",\"ant5\",\"a6\",\"testonly\"]"}
hgetall123123123
Send message channel:andrewwan:friend_online msg:{"friendId":"andrewwan"}
[0mGET / [32m200 [0m2.127 ms - 11[0m
[0mGET / [32m200 [0m0.655 ms - 11[0m
Send message channel:andrewwan:friend_online msg:{"friendId":"descendentofsun"}
Send message channel:andrewwan:action_packet msg:{"action_name":"update_message_delivered","action_content":{"dynamo_id":"5653aecf-33e0-4611-add3-b72dadba51b3","sender_id":"descendentofsun","message_id":"82bc8a4f-29f2-411a-8d27-ad42afe3e46d","chat_id":"andrewwan:descendentofsun","recipient_id":"andrewwan"}}
Send message channel:andrewwan:action_packet msg:{"action_name":"update_message_delivered","action_content":{"dynamo_id":"8158613f-3746-43f3-bcee-b94e77b859ac","sender_id":"descendentofsun","message_id":"fc00df5f-d33c-483f-9b3e-1c96664f742e","chat_id":"andrewwan:descendentofsun","recipient_id":"andrewwan"}}
Send message channel:andrewwan:action_packet msg:{"action_name":"update_message_delivered","action_content":{"dynamo_id":"561fe679-55a2-4e74-8a76-2d082c9a51f1","sender_id":"descendentofsun","message_id":"b7e9fcbb-5d0b-4cc8-9edd-b0e3a7634030","chat_id":"andrewwan:descendentofsun","recipient_id":"andrewwan"}}
Send message channel:andrewwan:action_packet msg:{"action_name":"update_message_delivered","action_content":{"dynamo_id":"7c9d9920-4c62-441b-826a-305845d2200c","sender_id":"descendentofsun","message_id":"258f0060-db08-499f-9d92-b19e5901b873","chat_id":"andrewwan:descendentofsun","recipient_id":"andrewwan"}}
Send message channel:andrewwan:action_packet msg:{"action_name":"update_message_delivered","action_content":{"dynamo_id":"194a030e-deea-40da-9a5e-9ab4e70b51f2","sender_id":"descendentofsun","message_id":"a90d989a-c127-4011-88b7-34a88e07657d","chat_id":"andrewwan:descendentofsun","recipient_id":"andrewwan"}}
Send message channel:andrewwan:action_packet msg:{"action_name":"update_message_delivered","action_content":{"dynamo_id":"41077d76-6090-405a-b73b-d93540a51b92","sender_id":"descendentofsun","message_id":"b2d37692-e1bb-4b71-b90e-99d32f61488f","chat_id":"andrewwan:descendentofsun","recipient_id":"andrewwan"}}
Send message channel:andrewwan:action_packet msg:{"action_name":"update_message_delivered","action_content":{"dynamo_id":"cbe86a38-7a08-4e61-9c9d-2903844f82ac","sender_id":"descendentofsun","message_id":"a79415d8-ac0d-4ea0-8c43-5916c001dde6","chat_id":"andrewwan:descendentofsun","recipient_id":"andrewwan"}}
Send message channel:andrewwan:action_packet msg:{"action_name":"update_message_delivered","action_content":{"dynamo_id":"e835baac-03c9-4143-a340-33a93fa473b8","sender_id":"descendentofsun","message_id":"2565cda3-0c10-403f-a50e-46adfc0392fe","chat_id":"andrewwan:descendentofsun","recipient_id":"andrewwan"}}
Send message channel:andrewwan:action_packet msg:{"action_name":"update_message_delivered","action_content":{"dynamo_id":"4df2f6e1-3b0e-428e-a28e-269fb9c284ed","sender_id":"descendentofsun","message_id":"336c8f64-bae8-4dc2-a763-df9bc88c5f37","chat_id":"andrewwan:descendentofsun","recipient_id":"andrewwan"}}
Send message channel:andrewwan:action_packet msg:{"action_name":"update_message_delivered","action_content":{"dynamo_id":"7a3e8052-e2ad-48b4-b094-82a48678796d","sender_id":"descendentofsun","message_id":"86e431c9-0684-4804-ad96-5d525bb6ae19","chat_id":"andrewwan:descendentofsun","recipient_id":"andrewwan"}}
[0mGET / [32m200 [0m0.321 ms - 11[0m
[0mGET / [32m200 [0m0.243 ms - 11[0m
notify_online {"friend_ids" : ["andrewwan","andrew","andrew-chevk","ant8","ant5","awesome","vincent6","howareyou","123123123","andrew-test","vincent8","descendentofsun","ant7","ivanlgv10","vincent9","ivannew","ck","ivan-nokia6","cara","elvis","eddy","vincent","vincent63472","vincent7","ivanlgpro2","conniechen","testonly","samsung","ivan","ant2","vincent31","ivanipad","vincent5","vincent2","hellowin","a3","wilson","vincent32","a6","an4","ant1","68666666","ant3","ant9","ant4","vincent28"]}
hgetall{"awesome_chips":"79","onlineStatus":"2","awesome_id":"andrewwan","friendIds":"[\"andrewwan\",\"andrew\",\"andrew-chevk\",\"ant8\",\"ant5\",\"awesome\",\"vincent6\",\"howareyou\",\"123123123\",\"andrew-test\",\"vincent8\",\"descendentofsun\",\"ant7\",\"ivanlgv10\",\"vincent9\",\"ivannew\",\"ck\",\"ivan-nokia6\",\"cara\",\"elvis\",\"eddy\",\"vincent\",\"vincent63472\",\"vincent7\",\"ivanlgpro2\",\"conniechen\",\"testonly\",\"samsung\",\"ivan\",\"ant2\",\"vincent31\",\"ivanipad\",\"vincent5\",\"vincent2\",\"hellowin\",\"a3\",\"wilson\",\"vincent32\",\"a6\",\"an4\",\"ant1\",\"68666666\",\"ant3\"]"}
hgetallandrewwan
hgetall{"awesome_chips":"894","onlineStatus":"2","awesome_id":"123123123","friendIds":"[\"123123123\",\"ivanlgpro2\",\"vincent7\",\"ant9\",\"vincent63472\",\"hellowin\",\"andrewwan\",\"awesome\",\"vincent31\",\"vincent\",\"vincent6\",\"vincent8\",\"eddy\",\"ivanlgv10\",\"ivanipad\",\"vincent9\",\"descendentofsun\",\"ivan-nokia6\",\"samsung\",\"68666666\",\"vincent5\",\"ant1\",\"ant7\",\"ant4\",\"ck\",\"ivan\",\"cara\",\"a3\",\"vincent32\",\"ivannew\",\"an4\",\"andrew-chevk\",\"conniechen\",\"vincent2\",\"ant2\",\"ant3\",\"vincent28\",\"eric\",\"andrew\",\"wilson\",\"ant5\",\"a6\",\"testonly\"]"}
hgetall123123123
hgetall{"awesome_chips":"1052","onlineStatus":"2","awesome_id":"descendentofsun","friendIds":"[\"descendentofsun\",\"awesome\",\"andrew\",\"eddy\",\"eric\",\"howareyou\",\"vincent6\",\"vincent\",\"ivan\",\"andrewwan\",\"123123123\"]"}
hgetalldescendentofsun
Send message channel:andrewwan:friend_online msg:{"friendId":"andrewwan"}
Send message channel:andrewwan:friend_online msg:{"friendId":"descendentofsun"}
Send message channel:andrewwan:friend_online msg:{"friendId":"123123123"}
Send message channel:andrewwan:typing msg:{"friendId":"descendentofsun","text":".,x.hideTyping"}
Send message channel:andrewwan:typing msg:{"friendId":"descendentofsun","text":".,x.hideTyping"}
Send message channel:andrewwan:typing msg:{"friendId":"descendentofsun","text":".,x.hideTyping"}
Send message channel:andrewwan:typing msg:{"friendId":"descendentofsun","text":".,x.hideTyping"}
Send message channel:andrewwan:typing msg:{"friendId":"descendentofsun","text":".,x.hideTyping"}
Send message channel:andrewwan:typing msg:{"friendId":"descendentofsun","text":".,x.hideTyping"}
Send message channel:andrewwan:typing msg:{"friendId":"descendentofsun","text":".,x.hideTyping"}
Send message channel:andrewwan:typing msg:{"friendId":"descendentofsun","text":".,x.hideTyping"}
Send message channel:andrewwan:typing msg:{"friendId":"descendentofsun","text":".,x.hideTyping"}
Send message channel:andrewwan:m msg:{"message":"Choocyocy","send_by":"descendentofsun","message_type":"TEXT","message_id":"929C7A7D-13E1-4711-A672-ED0BD79B87FB-283-00000015238908EB","chat_id":"andrewwan:descendentofsun","create_at":"2017-08-08T05:35:51.746Z","dynamo_id":"81fb64cb-4eba-40e4-9dd7-5432bd42e8d6","video_type":".mov"}
action_packet {"action_content":{"chat_id":"andrewwan:descendentofsun","dynamo_id":"81fb64cb-4eba-40e4-9dd7-5432bd42e8d6","message_id":"929C7A7D-13E1-4711-A672-ED0BD79B87FB-283-00000015238908EB","recipient_id":"descendentofsun","sender_id":"andrewwan"},"action_name":"Notify_Message_Delivered","header":"action_packet","packet_id":"5c331d09-36c9-4338-b44e-ee9ee959b600"}
notify_online {"friend_ids" : ["andrewwan","andrew","andrew-chevk","ant8","ant5","awesome","vincent6","howareyou","123123123","andrew-test","vincent8","descendentofsun","ant7","ivanlgv10","vincent9","ivannew","ck","ivan-nokia6","cara","elvis","eddy","vincent","vincent63472","vincent7","ivanlgpro2","conniechen","testonly","samsung","ivan","ant2","vincent31","ivanipad","vincent5","vincent2","hellowin","a3","wilson","vincent32","a6","an4","ant1","68666666","ant3","ant9","ant4","vincent28"]}
hgetall{"awesome_chips":"79","onlineStatus":"2","awesome_id":"andrewwan","friendIds":"[\"andrewwan\",\"andrew\",\"andrew-chevk\",\"ant8\",\"ant5\",\"awesome\",\"vincent6\",\"howareyou\",\"123123123\",\"andrew-test\",\"vincent8\",\"descendentofsun\",\"ant7\",\"ivanlgv10\",\"vincent9\",\"ivannew\",\"ck\",\"ivan-nokia6\",\"cara\",\"elvis\",\"eddy\",\"vincent\",\"vincent63472\",\"vincent7\",\"ivanlgpro2\",\"conniechen\",\"testonly\",\"samsung\",\"ivan\",\"ant2\",\"vincent31\",\"ivanipad\",\"vincent5\",\"vincent2\",\"hellowin\",\"a3\",\"wilson\",\"vincent32\",\"a6\",\"an4\",\"ant1\",\"68666666\",\"ant3\",\"ant9\",\"ant4\",\"vincent28\"]"}
hgetallandrewwan
hgetall{"awesome_chips":"894","onlineStatus":"2","awesome_id":"123123123","friendIds":"[\"123123123\",\"ivanlgpro2\",\"vincent7\",\"ant9\",\"vincent63472\",\"hellowin\",\"andrewwan\",\"awesome\",\"vincent31\",\"vincent\",\"vincent6\",\"vincent8\",\"eddy\",\"ivanlgv10\",\"ivanipad\",\"vincent9\",\"descendentofsun\",\"ivan-nokia6\",\"samsung\",\"68666666\",\"vincent5\",\"ant1\",\"ant7\",\"ant4\",\"ck\",\"ivan\",\"cara\",\"a3\",\"vincent32\",\"ivannew\",\"an4\",\"andrew-chevk\",\"conniechen\",\"vincent2\",\"ant2\",\"ant3\",\"vincent28\",\"eric\",\"andrew\",\"wilson\",\"ant5\",\"a6\",\"testonly\"]"}
hgetall123123123
hgetall{"awesome_chips":"1052","onlineStatus":"2","awesome_id":"descendentofsun","friendIds":"[\"descendentofsun\",\"awesome\",\"andrew\",\"eddy\",\"eric\",\"howareyou\",\"vincent6\",\"vincent\",\"ivan\",\"andrewwan\",\"123123123\"]"}
hgetalldescendentofsun
Send message channel:andrewwan:friend_online msg:{"friendId":"andrewwan"}
request_packet {"request_name":"Notify_A_Lot_Of_Messages_Read","request_content":{ "chatId" : "andrewwan:descendentofsun", "postBy" : "descendentofsun", "dynamoId" : "81fb64cb-4eba-40e4-9dd7-5432bd42e8d6", "messageId" : "929C7A7D-13E1-4711-A672-ED0BD79B87FB-283-00000015238908EB"},"packet_id":"d4ce8d6f-f58a-4817-bd21-0ac01d08ed16"}
81fb64cb-4eba-40e4-9dd7-5432bd42e8d6
ok
[0mGET / [32m200 [0m0.506 ms - 11[0m
[0mGET / [32m200 [0m0.846 ms - 11[0m
Send message channel:andrewwan:friend_online msg:{"friendId":"descendentofsun"}
Send message channel:andrewwan:friend_online msg:{"friendId":"123123123"}
disconnect andrewwan
disconnect andrewwan redis
friend ids andrewwan,andrew,andrew-chevk,ant8,ant5,awesome,vincent6,howareyou,123123123,andrew-test,vincent8,descendentofsun,ant7,ivanlgv10,vincent9,ivannew,ck,ivan-nokia6,cara,elvis,eddy,vincent,vincent63472,vincent7,ivanlgpro2,conniechen,testonly,samsung,ivan,ant2,vincent31,ivanipad,vincent5,vincent2,hellowin,a3,wilson,vincent32,a6,an4,ant1,68666666,ant3,ant9,ant4,vincent28
send disconnect to andrewwan
send disconnect to andrew
send disconnect to andrew-chevk
send disconnect to ant8
send disconnect to ant5
send disconnect to awesome
send disconnect to vincent6
send disconnect to howareyou
send disconnect to 123123123
send disconnect to andrew-test
send disconnect to vincent8
send disconnect to descendentofsun
send disconnect to ant7
send disconnect to ivanlgv10
send disconnect to vincent9
send disconnect to ivannew
send disconnect to ck
send disconnect to ivan-nokia6
send disconnect to cara
send disconnect to elvis
send disconnect to eddy
send disconnect to vincent
send disconnect to vincent63472
send disconnect to vincent7
send disconnect to ivanlgpro2
send disconnect to conniechen
send disconnect to testonly
send disconnect to samsung
send disconnect to ivan
send disconnect to ant2
send disconnect to vincent31
send disconnect to ivanipad
send disconnect to vincent5
send disconnect to vincent2
send disconnect to hellowin
send disconnect to a3
send disconnect to wilson
send disconnect to vincent32
send disconnect to a6
send disconnect to an4
send disconnect to ant1
send disconnect to 68666666
send disconnect to ant3
send disconnect to ant9
send disconnect to ant4
send disconnect to vincent28
[0mGET / [32m200 [0m0.452 ms - 11[0m
[0mGET / [32m200 [0m0.230 ms - 11[0m
[0mGET / [32m200 [0m0.442 ms - 11[0m
[0mGET / [32m200 [0m0.258 ms - 11[0m
[0mGET / [32m200 [0m0.533 ms - 11[0m
[0mGET / [32m200 [0m0.927 ms - 11[0m
[0mGET / [32m200 [0m1.932 ms - 11[0m
[0mGET / [32m200 [0m0.788 ms - 11[0m
[0mGET / [32m200 [0m0.637 ms - 11[0m
[0mGET / [32m200 [0m0.884 ms - 11[0m
[0mGET / [32m200 [0m1.056 ms - 11[0m
[0mGET / [32m200 [0m0.267 ms - 11[0m
[0mGET / [32m200 [0m0.576 ms - 11[0m
[0mGET / [32m200 [0m0.883 ms - 11[0m
[0mGET / [32m200 [0m0.514 ms - 11[0m
[0mGET / [32m200 [0m0.810 ms - 11[0m
[0mGET / [32m200 [0m0.387 ms - 11[0m
[0mGET / [32m200 [0m0.260 ms - 11[0m
[0mGET / [32m200 [0m1.451 ms - 11[0m
[0mGET / [32m200 [0m0.662 ms - 11[0m
[0mGET / [32m200 [0m0.595 ms - 11[0m
[0mGET / [32m200 [0m0.861 ms - 11[0m
[0mGET / [32m200 [0m0.458 ms - 11[0m
[0mGET / [32m200 [0m0.420 ms - 11[0m
[0mGET / [32m200 [0m0.518 ms - 11[0m
[0mGET / [32m200 [0m0.897 ms - 11[0m
[0mGET / [32m200 [0m0.473 ms - 11[0m
[0mGET / [32m200 [0m0.275 ms - 11[0m
[0mGET / [32m200 [0m0.565 ms - 11[0m
[0mGET / [32m200 [0m0.853 ms - 11[0m
[0mGET / [32m200 [0m0.377 ms - 11[0m
[0mGET / [32m200 [0m0.224 ms - 11[0m
[0mGET / [32m200 [0m0.586 ms - 11[0m
[0mGET / [32m200 [0m3.362 ms - 11[0m
[0mGET / [32m200 [0m0.508 ms - 11[0m
[0mGET / [32m200 [0m0.790 ms - 11[0m
check_phone_number_exist log [object Object]
[0mPOST /check_phone_number_exist/nosql [32m200 [0m21.675 ms - 648[0m
[0mGET / [32m200 [0m0.404 ms - 11[0m
[0mGET / [32m200 [0m0.244 ms - 11[0m
login matched
[0mPOST /authorize/ [32m200 [0m26.877 ms - 164[0m
[0mGET / [32m200 [0m0.375 ms - 11[0m
[0mGET / [32m200 [0m0.220 ms - 11[0m
[0mGET / [32m200 [0m0.568 ms - 11[0m
[0mGET / [32m200 [0m0.904 ms - 11[0m
[0mGET / [32m200 [0m0.456 ms - 11[0m
[0mGET / [32m200 [0m0.579 ms - 11[0m
[0mGET / [32m200 [0m2.841 ms - 11[0m
[0mGET / [32m200 [0m0.239 ms - 11[0m
[0mGET / [32m200 [0m0.552 ms - 11[0m
[0mGET / [32m200 [0m0.814 ms - 11[0m
[0mGET / [32m200 [0m0.648 ms - 11[0m
[0mGET / [32m200 [0m0.852 ms - 11[0m
[0mGET / [32m200 [0m0.333 ms - 11[0m
[0mGET / [32m200 [0m0.236 ms - 11[0m
[0mGET / [32m200 [0m0.638 ms - 11[0m
[0mGET / [32m200 [0m0.838 ms - 11[0m
[0mGET / [32m200 [0m0.358 ms - 11[0m
[0mGET / [32m200 [0m0.252 ms - 11[0m
[0mGET / [32m200 [0m0.407 ms - 11[0m
[0mGET / [32m200 [0m0.225 ms - 11[0m
[0mGET / [32m200 [0m0.448 ms - 11[0m
[0mGET / [32m200 [0m2.362 ms - 11[0m
[0mGET / [32m200 [0m0.309 ms - 11[0m
[0mGET / [32m200 [0m0.231 ms - 11[0m
[0mGET / [32m200 [0m0.336 ms - 11[0m
[0mGET / [32m200 [0m0.454 ms - 11[0m
[0mGET / [32m200 [0m0.417 ms - 11[0m
[0mGET / [32m200 [0m0.770 ms - 11[0m
[0mGET / [32m200 [0m0.312 ms - 11[0m
[0mGET / [32m200 [0m0.277 ms - 11[0m
Error: Not Found
    at Layer.handle (/home/ec2-user/abc/Server.js:71:15)
    at trim_prefix (/home/ec2-user/abc/node_modules/express/lib/router/index.js:240:15)
    at /home/ec2-user/abc/node_modules/express/lib/router/index.js:208:9
    at Function.proto.process_params (/home/ec2-user/abc/node_modules/express/lib/router/index.js:269:12)
    at next (/home/ec2-user/abc/node_modules/express/lib/router/index.js:199:19)
    at next (/home/ec2-user/abc/node_modules/express/lib/router/index.js:176:38)
    at next (/home/ec2-user/abc/node_modules/express/lib/router/index.js:176:38)
    at next (/home/ec2-user/abc/node_modules/express/lib/router/index.js:176:38)
    at next (/home/ec2-user/abc/node_modules/express/lib/router/index.js:176:38)
    at next (/home/ec2-user/abc/node_modules/express/lib/router/index.js:176:38)
[0mGET /get_token/7ZWfB/7zkb9B+KX++9B/ag==/UvZ+8tOpCc3DNB8rlCAGbg==/null [33m404 [0m1.408 ms - 826[0m
Error: Not Found
    at Layer.handle (/home/ec2-user/abc/Server.js:71:15)
    at trim_prefix (/home/ec2-user/abc/node_modules/express/lib/router/index.js:240:15)
    at /home/ec2-user/abc/node_modules/express/lib/router/index.js:208:9
    at Function.proto.process_params (/home/ec2-user/abc/node_modules/express/lib/router/index.js:269:12)
    at next (/home/ec2-user/abc/node_modules/express/lib/router/index.js:199:19)
    at next (/home/ec2-user/abc/node_modules/express/lib/router/index.js:176:38)
    at next (/home/ec2-user/abc/node_modules/express/lib/router/index.js:176:38)
    at next (/home/ec2-user/abc/node_modules/express/lib/router/index.js:176:38)
    at next (/home/ec2-user/abc/node_modules/express/lib/router/index.js:176:38)
    at next (/home/ec2-user/abc/node_modules/express/lib/router/index.js:176:38)
[0mGET /get_token/7ZWfB/7zkb9B+KX++9B/ag==/UvZ+8tOpCc3DNB8rlCAGbg==/null [33m404 [0m0.528 ms - 826[0m
Error: Not Found
    at Layer.handle (/home/ec2-user/abc/Server.js:71:15)
    at trim_prefix (/home/ec2-user/abc/node_modules/express/lib/router/index.js:240:15)
    at /home/ec2-user/abc/node_modules/express/lib/router/index.js:208:9
    at Function.proto.process_params (/home/ec2-user/abc/node_modules/express/lib/router/index.js:269:12)
    at next (/home/ec2-user/abc/node_modules/express/lib/router/index.js:199:19)
    at next (/home/ec2-user/abc/node_modules/express/lib/router/index.js:176:38)
    at next (/home/ec2-user/abc/node_modules/express/lib/router/index.js:176:38)
    at next (/home/ec2-user/abc/node_modules/express/lib/router/index.js:176:38)
    at next (/home/ec2-user/abc/node_modules/express/lib/router/index.js:176:38)
    at next (/home/ec2-user/abc/node_modules/express/lib/router/index.js:176:38)
[0mGET /get_token/7ZWfB/7zkb9B+KX++9B/ag==/UvZ+8tOpCc3DNB8rlCAGbg==/null [33m404 [0m0.729 ms - 826[0m
Error: Not Found
    at Layer.handle (/home/ec2-user/abc/Server.js:71:15)
    at trim_prefix (/home/ec2-user/abc/node_modules/express/lib/router/index.js:240:15)
    at /home/ec2-user/abc/node_modules/express/lib/router/index.js:208:9
    at Function.proto.process_params (/home/ec2-user/abc/node_modules/express/lib/router/index.js:269:12)
    at next (/home/ec2-user/abc/node_modules/express/lib/router/index.js:199:19)
    at next (/home/ec2-user/abc/node_modules/express/lib/router/index.js:176:38)
    at next (/home/ec2-user/abc/node_modules/express/lib/router/index.js:176:38)
    at next (/home/ec2-user/abc/node_modules/express/lib/router/index.js:176:38)
    at next (/home/ec2-user/abc/node_modules/express/lib/router/index.js:176:38)
    at next (/home/ec2-user/abc/node_modules/express/lib/router/index.js:176:38)
[0mGET /get_token/7ZWfB/7zkb9B+KX++9B/ag==/UvZ+8tOpCc3DNB8rlCAGbg==/null [33m404 [0m0.487 ms - 826[0m
Error: Not Found
    at Layer.handle (/home/ec2-user/abc/Server.js:71:15)
    at trim_prefix (/home/ec2-user/abc/node_modules/express/lib/router/index.js:240:15)
    at /home/ec2-user/abc/node_modules/express/lib/router/index.js:208:9
    at Function.proto.process_params (/home/ec2-user/abc/node_modules/express/lib/router/index.js:269:12)
    at next (/home/ec2-user/abc/node_modules/express/lib/router/index.js:199:19)
    at next (/home/ec2-user/abc/node_modules/express/lib/router/index.js:176:38)
    at next (/home/ec2-user/abc/node_modules/express/lib/router/index.js:176:38)
    at next (/home/ec2-user/abc/node_modules/express/lib/router/index.js:176:38)
    at next (/home/ec2-user/abc/node_modules/express/lib/router/index.js:176:38)
    at next (/home/ec2-user/abc/node_modules/express/lib/router/index.js:176:38)
[0mGET /get_token/7ZWfB/7zkb9B+KX++9B/ag==/UvZ+8tOpCc3DNB8rlCAGbg==/null [33m404 [0m0.660 ms - 826[0m
[0mGET / [32m200 [0m0.576 ms - 11[0m
[0mGET / [32m200 [0m2.192 ms - 11[0m
Error: Not Found
    at Layer.handle (/home/ec2-user/abc/Server.js:71:15)
    at trim_prefix (/home/ec2-user/abc/node_modules/express/lib/router/index.js:240:15)
    at /home/ec2-user/abc/node_modules/express/lib/router/index.js:208:9
    at Function.proto.process_params (/home/ec2-user/abc/node_modules/express/lib/router/index.js:269:12)
    at next (/home/ec2-user/abc/node_modules/express/lib/router/index.js:199:19)
    at next (/home/ec2-user/abc/node_modules/express/lib/router/index.js:176:38)
    at next (/home/ec2-user/abc/node_modules/express/lib/router/index.js:176:38)
    at next (/home/ec2-user/abc/node_modules/express/lib/router/index.js:176:38)
    at next (/home/ec2-user/abc/node_modules/express/lib/router/index.js:176:38)
    at next (/home/ec2-user/abc/node_modules/express/lib/router/index.js:176:38)
[0mGET /get_token/7ZWfB/7zkb9B+KX++9B/ag==/UvZ+8tOpCc3DNB8rlCAGbg==/null [33m404 [0m0.475 ms - 826[0m
Error: Not Found
    at Layer.handle (/home/ec2-user/abc/Server.js:71:15)
    at trim_prefix (/home/ec2-user/abc/node_modules/express/lib/router/index.js:240:15)
    at /home/ec2-user/abc/node_modules/express/lib/router/index.js:208:9
    at Function.proto.process_params (/home/ec2-user/abc/node_modules/express/lib/router/index.js:269:12)
    at next (/home/ec2-user/abc/node_modules/express/lib/router/index.js:199:19)
    at next (/home/ec2-user/abc/node_modules/express/lib/router/index.js:176:38)
    at next (/home/ec2-user/abc/node_modules/express/lib/router/index.js:176:38)
    at next (/home/ec2-user/abc/node_modules/express/lib/router/index.js:176:38)
    at next (/home/ec2-user/abc/node_modules/express/lib/router/index.js:176:38)
    at next (/home/ec2-user/abc/node_modules/express/lib/router/index.js:176:38)
[0mGET /get_token/7ZWfB/7zkb9B+KX++9B/ag==/UvZ+8tOpCc3DNB8rlCAGbg==/null [33m404 [0m0.673 ms - 826[0m
[0mGET / [32m200 [0m0.378 ms - 11[0m
[0mGET / [32m200 [0m0.209 ms - 11[0m
io enter middleware
before decrypt 60S0D6m8PQ2bQLofCBt3ng==
after decrypt ck
Player ID isck
On Connection:{"headers":{"x-forwarded-for":"61.93.253.94","x-forwarded-proto":"http","x-forwarded-port":"3000","host":"socketioloadbalancer-1642928803.us-east-1.elb.amazonaws.com:3000","x-amzn-trace-id":"Root=1-59894fe2-45399e0701cbbe0d33965e39","upgrade":"websocket","connection":"upgrade","cookie":"AWSALB=","sec-websocket-key":"rCCB0s3V93b+BYDp9hNlLA==","sec-websocket-version":"13","accept-encoding":"gzip","user-agent":"okhttp/3.8.1"},"time":"Tue Aug 08 2017 05:45:06 GMT+0000 (UTC)","address":"::ffff:172.31.24.250","xdomain":false,"secure":false,"issued":1502171106258,"url":"/socket.io/?EIO=3&playerId=ck&pass=60S0D6m8PQ2bQLofCBt3ng%3D%3D&transport=websocket","query":{"EIO":"3","playerId":"ck","pass":"60S0D6m8PQ2bQLofCBt3ng==","transport":"websocket"}}
player id ck
hmsent register {"awesome_id":"ck","onlineStatus":2,"awesome_chips":0}
[ { id: { S: 'ck' }, awesome_chips: { N: '1492' } } ]
hmsent awesomeChips {"awesome_id":"ck","onlineStatus":"2","awesome_chips":"1492"}
[0mGET / [32m200 [0m0.436 ms - 11[0m
[0mGET / [32m200 [0m0.804 ms - 11[0m
[0mPOST /api/v1/register_endpoint_v2/nosql [33m401 [0m0.408 ms - 40[0m
Error: Not Found
    at Layer.handle (/home/ec2-user/abc/Server.js:71:15)
    at trim_prefix (/home/ec2-user/abc/node_modules/express/lib/router/index.js:240:15)
    at /home/ec2-user/abc/node_modules/express/lib/router/index.js:208:9
    at Function.proto.process_params (/home/ec2-user/abc/node_modules/express/lib/router/index.js:269:12)
    at next (/home/ec2-user/abc/node_modules/express/lib/router/index.js:199:19)
    at next (/home/ec2-user/abc/node_modules/express/lib/router/index.js:176:38)
    at next (/home/ec2-user/abc/node_modules/express/lib/router/index.js:176:38)
    at next (/home/ec2-user/abc/node_modules/express/lib/router/index.js:176:38)
    at next (/home/ec2-user/abc/node_modules/express/lib/router/index.js:176:38)
    at next (/home/ec2-user/abc/node_modules/express/lib/router/index.js:176:38)
[0mGET /get_token/7ZWfB/7zkb9B+KX++9B/ag==/UvZ+8tOpCc3DNB8rlCAGbg==/null [33m404 [0m0.490 ms - 826[0m
io enter middleware
before decrypt C/V0l40Q2bH0Ew9L6fjPOw==
after decrypt 123123123
Player ID is123123123
On Connection:{"headers":{"x-forwarded-for":"61.93.253.94","x-forwarded-proto":"http","x-forwarded-port":"3000","host":"socketioloadbalancer-1642928803.us-east-1.elb.amazonaws.com:3000","x-amzn-trace-id":"Root=1-59894fef-6735eab766fb68c85888999b","upgrade":"websocket","connection":"upgrade","cookie":"AWSALB=","sec-websocket-key":"rxVZhOtc3oyu3v7TgoJ2GA==","sec-websocket-version":"13","accept-encoding":"gzip","user-agent":"okhttp/3.8.1"},"time":"Tue Aug 08 2017 05:45:19 GMT+0000 (UTC)","address":"::ffff:172.31.24.250","xdomain":false,"secure":false,"issued":1502171119785,"url":"/socket.io/?EIO=3&playerId=123123123&pass=C%2FV0l40Q2bH0Ew9L6fjPOw%3D%3D&transport=websocket","query":{"EIO":"3","playerId":"123123123","pass":"C/V0l40Q2bH0Ew9L6fjPOw==","transport":"websocket"}}
player id 123123123
hmsent register {"awesome_id":"123123123","onlineStatus":2,"awesome_chips":0}
[ { id: { S: '123123123' }, awesome_chips: { N: '894' } } ]
hmsent awesomeChips {"awesome_id":"123123123","onlineStatus":"2","awesome_chips":"894"}
Error: Not Found
    at Layer.handle (/home/ec2-user/abc/Server.js:71:15)
    at trim_prefix (/home/ec2-user/abc/node_modules/express/lib/router/index.js:240:15)
    at /home/ec2-user/abc/node_modules/express/lib/router/index.js:208:9
    at Function.proto.process_params (/home/ec2-user/abc/node_modules/express/lib/router/index.js:269:12)
    at next (/home/ec2-user/abc/node_modules/express/lib/router/index.js:199:19)
    at next (/home/ec2-user/abc/node_modules/express/lib/router/index.js:176:38)
    at next (/home/ec2-user/abc/node_modules/express/lib/router/index.js:176:38)
    at next (/home/ec2-user/abc/node_modules/express/lib/router/index.js:176:38)
    at next (/home/ec2-user/abc/node_modules/express/lib/router/index.js:176:38)
    at next (/home/ec2-user/abc/node_modules/express/lib/router/index.js:176:38)
[0mGET /get_token/7ZWfB/7zkb9B+KX++9B/ag==/UvZ+8tOpCc3DNB8rlCAGbg==/null [33m404 [0m0.668 ms - 826[0m
notify_online {"friend_ids" : []}
Error: Not Found
    at Layer.handle (/home/ec2-user/abc/Server.js:71:15)
    at trim_prefix (/home/ec2-user/abc/node_modules/express/lib/router/index.js:240:15)
    at /home/ec2-user/abc/node_modules/express/lib/router/index.js:208:9
    at Function.proto.process_params (/home/ec2-user/abc/node_modules/express/lib/router/index.js:269:12)
    at next (/home/ec2-user/abc/node_modules/express/lib/router/index.js:199:19)
    at next (/home/ec2-user/abc/node_modules/express/lib/router/index.js:176:38)
    at next (/home/ec2-user/abc/node_modules/express/lib/router/index.js:176:38)
    at next (/home/ec2-user/abc/node_modules/express/lib/router/index.js:176:38)
    at next (/home/ec2-user/abc/node_modules/express/lib/router/index.js:176:38)
    at next (/home/ec2-user/abc/node_modules/express/lib/router/index.js:176:38)
[0mGET /get_token/7ZWfB/7zkb9B+KX++9B/ag==/UvZ+8tOpCc3DNB8rlCAGbg==/null [33m404 [0m0.686 ms - 826[0m
notify_online {"friend_ids" : ["123123123","ivanlgpro2","vincent7","ant9","vincent63472","hellowin","andrewwan","awesome","vincent31","vincent","vincent6","vincent8","eddy","ivanlgv10","ivanipad","vincent9","descendentofsun","ivan-nokia6","samsung","68666666","vincent5","ant1","ant7","ant4","ck","ivan","cara","a3","vincent32","ivannew","an4","andrew-chevk","conniechen","vincent2","ant2","ant3","vincent28","eric","andrew","wilson","ant5","a6","testonly"]}
hgetall{"awesome_id":"123123123","onlineStatus":"2","awesome_chips":"894"}
hgetall123123123
hgetall{"awesome_chips":"1052","onlineStatus":"2","awesome_id":"descendentofsun","friendIds":"[\"descendentofsun\",\"awesome\",\"andrew\",\"eddy\",\"eric\",\"howareyou\",\"vincent6\",\"vincent\",\"ivan\",\"andrewwan\",\"123123123\"]"}
hgetalldescendentofsun
hgetall{"awesome_id":"ck","onlineStatus":"2","awesome_chips":"1492","friendIds":"[]"}
hgetallck
Send message channel:123123123:friend_online msg:{"friendId":"123123123"}
Send message channel:ck:friend_online msg:{"friendId":"123123123"}
Error: Not Found
    at Layer.handle (/home/ec2-user/abc/Server.js:71:15)
    at trim_prefix (/home/ec2-user/abc/node_modules/express/lib/router/index.js:240:15)
    at /home/ec2-user/abc/node_modules/express/lib/router/index.js:208:9
    at Function.proto.process_params (/home/ec2-user/abc/node_modules/express/lib/router/index.js:269:12)
    at next (/home/ec2-user/abc/node_modules/express/lib/router/index.js:199:19)
    at next (/home/ec2-user/abc/node_modules/express/lib/router/index.js:176:38)
    at next (/home/ec2-user/abc/node_modules/express/lib/router/index.js:176:38)
    at next (/home/ec2-user/abc/node_modules/express/lib/router/index.js:176:38)
    at next (/home/ec2-user/abc/node_modules/express/lib/router/index.js:176:38)
    at next (/home/ec2-user/abc/node_modules/express/lib/router/index.js:176:38)
[0mGET /get_token/7ZWfB/7zkb9B+KX++9B/ag==/UvZ+8tOpCc3DNB8rlCAGbg==/null [33m404 [0m1.205 ms - 826[0m
disconnect ck
disconnect ck redis
friend ids 
[0mGET / [32m200 [0m0.323 ms - 11[0m
[0mGET / [32m200 [0m0.208 ms - 11[0m
Send message channel:123123123:friend_online msg:{"friendId":"descendentofsun"}
[0mGET / [32m200 [0m6.551 ms - 11[0m
[0mGET / [32m200 [0m0.840 ms - 11[0m
Send message channel:123123123:friend_online msg:{"friendId":"descendentofsun"}
Send message channel:123123123:friend_online msg:{"friendId":"andrewwan"}
[0mGET / [32m200 [0m0.359 ms - 11[0m
[0mGET / [32m200 [0m0.483 ms - 11[0m
Send message channel:123123123:friend_offline msg:{"friendId":"andrewwan"}
Send message channel:123123123:friend_online msg:{"friendId":"descendentofsun"}
[0mGET / [32m200 [0m1.013 ms - 11[0m
[0mGET / [32m200 [0m0.925 ms - 11[0m
Send message channel:123123123:friend_online msg:{"friendId":"descendentofsun"}
encrypted phone number a4YhnIh2OFsokuZNsDJhuw==
encrypted country code ee+yuOXCLtUQ0mvDOiDtrA==
country code 
phone number phone_number
identityId us-east-1:721e5015-82dc-4ddd-9b78-987087dd1a55
get_open_id _phoneNumber phone_number
get_open_id IdentityIdundefined
{ IdentityId: 'us-east-1:721e5015-82dc-4ddd-9b78-987087dd1a55',
  Token: 'eyJraWQiOiJ1cy1lYXN0LTExIiwidHlwIjoiSldTIiwiYWxnIjoiUlM1MTIifQ.eyJzdWIiOiJ1cy1lYXN0LTE6NzIxZTUwMTUtODJkYy00ZGRkLTliNzgtOTg3MDg3ZGQxYTU1IiwiYXVkIjoidXMtZWFzdC0xOjU1NTJhNTRiLWE1MTktNDRkMi05N2UzLWZlYjNkNDVjOWFmYSIsImFtciI6WyJhdXRoZW50aWNhdGVkIiwibG9naW4udjNyZWUuYXdlc29tZSIsImxvZ2luLnYzcmVlLmF3ZXNvbWU6dXMtZWFzdC0xOjU1NTJhNTRiLWE1MTktNDRkMi05N2UzLWZlYjNkNDVjOWFmYTpwaG9uZV9udW1iZXIiXSwiaXNzIjoiaHR0cHM6Ly9jb2duaXRvLWlkZW50aXR5LmFtYXpvbmF3cy5jb20iLCJleHAiOjE1MDIxNzQ3ODYsImlhdCI6MTUwMjE3MTE4Nn0.OwOmIqAwEwghQkNb4Z7mYrgajD2uIX6wHdXlF90nWI8NG4i4mvToxQnT7Ddq5Mk1EQ-Kcrdf5fvyNZiGDX-pNNgt7gUG9BavEK18dGAfWa7q2HTYChJBoFR0L8sGiDU_V8ZSwovlcTyQU8nImi2wBx10__BepcUGGHFsmNB6WSzHltNdosshj8XbQMN5oK8u5DfbcNHG9IZRuPRchNETXgfFJtPpCSOtYd36s8P6WcuMPYSo3fJckfUNsKBzwxJAzlvpONHvp1D74bwYy6dPI5IPRIy2MR9RtaGLXvFb2Ml8qLZQIg_weUp0g5xgpwP52fcdDoerLHUYs_FoRHzVYg' }
[0mGET /get_token/a4YhnIh2OFsokuZNsDJhuw==/ee+yuOXCLtUQ0mvDOiDtrA==/us-east-1:721e5015-82dc-4ddd-9b78-987087dd1a55 [32m200 [0m84.233 ms - 907[0m
[0mGET / [32m200 [0m0.361 ms - 11[0m
[0mGET / [32m200 [0m0.457 ms - 11[0m
Send message channel:123123123:friend_online msg:{"friendId":"descendentofsun"}
[0mGET / [32m200 [0m3.184 ms - 11[0m
[0mGET / [32m200 [0m3.944 ms - 11[0m
server kick player 123123123
end socket with player123123123
disconnect 123123123
disconnect 123123123 redis
friend ids 123123123,ivanlgpro2,vincent7,ant9,vincent63472,hellowin,andrewwan,awesome,vincent31,vincent,vincent6,vincent8,eddy,ivanlgv10,ivanipad,vincent9,descendentofsun,ivan-nokia6,samsung,68666666,vincent5,ant1,ant7,ant4,ck,ivan,cara,a3,vincent32,ivannew,an4,andrew-chevk,conniechen,vincent2,ant2,ant3,vincent28,eric,andrew,wilson,ant5,a6,testonly
send disconnect to 123123123
send disconnect to ivanlgpro2
send disconnect to vincent7
send disconnect to ant9
send disconnect to vincent63472
send disconnect to hellowin
send disconnect to andrewwan
send disconnect to awesome
send disconnect to vincent31
send disconnect to vincent
send disconnect to vincent6
send disconnect to vincent8
send disconnect to eddy
send disconnect to ivanlgv10
send disconnect to ivanipad
send disconnect to vincent9
send disconnect to descendentofsun
send disconnect to ivan-nokia6
send disconnect to samsung
send disconnect to 68666666
send disconnect to vincent5
send disconnect to ant1
send disconnect to ant7
send disconnect to ant4
send disconnect to ck
send disconnect to ivan
send disconnect to cara
send disconnect to a3
send disconnect to vincent32
send disconnect to ivannew
send disconnect to an4
send disconnect to andrew-chevk
send disconnect to conniechen
send disconnect to vincent2
send disconnect to ant2
send disconnect to ant3
send disconnect to vincent28
send disconnect to eric
send disconnect to andrew
send disconnect to wilson
send disconnect to ant5
send disconnect to a6
send disconnect to testonly
Error: Not Found
    at Layer.handle (/home/ec2-user/abc/Server.js:71:15)
    at trim_prefix (/home/ec2-user/abc/node_modules/express/lib/router/index.js:240:15)
    at /home/ec2-user/abc/node_modules/express/lib/router/index.js:208:9
    at Function.proto.process_params (/home/ec2-user/abc/node_modules/express/lib/router/index.js:269:12)
    at next (/home/ec2-user/abc/node_modules/express/lib/router/index.js:199:19)
    at next (/home/ec2-user/abc/node_modules/express/lib/router/index.js:176:38)
    at next (/home/ec2-user/abc/node_modules/express/lib/router/index.js:176:38)
    at next (/home/ec2-user/abc/node_modules/express/lib/router/index.js:176:38)
    at next (/home/ec2-user/abc/node_modules/express/lib/router/index.js:176:38)
    at next (/home/ec2-user/abc/node_modules/express/lib/router/index.js:176:38)
[0mGET /get_token/7ZWfB/7zkb9B+KX++9B/ag==/UvZ+8tOpCc3DNB8rlCAGbg==/null [33m404 [0m0.646 ms - 826[0m
Error: Not Found
    at Layer.handle (/home/ec2-user/abc/Server.js:71:15)
    at trim_prefix (/home/ec2-user/abc/node_modules/express/lib/router/index.js:240:15)
    at /home/ec2-user/abc/node_modules/express/lib/router/index.js:208:9
    at Function.proto.process_params (/home/ec2-user/abc/node_modules/express/lib/router/index.js:269:12)
    at next (/home/ec2-user/abc/node_modules/express/lib/router/index.js:199:19)
    at next (/home/ec2-user/abc/node_modules/express/lib/router/index.js:176:38)
    at next (/home/ec2-user/abc/node_modules/express/lib/router/index.js:176:38)
    at next (/home/ec2-user/abc/node_modules/express/lib/router/index.js:176:38)
    at next (/home/ec2-user/abc/node_modules/express/lib/router/index.js:176:38)
    at next (/home/ec2-user/abc/node_modules/express/lib/router/index.js:176:38)
[0mGET /get_token/7ZWfB/7zkb9B+KX++9B/ag==/UvZ+8tOpCc3DNB8rlCAGbg==/null [33m404 [0m0.444 ms - 826[0m
Error: Not Found
    at Layer.handle (/home/ec2-user/abc/Server.js:71:15)
    at trim_prefix (/home/ec2-user/abc/node_modules/express/lib/router/index.js:240:15)
    at /home/ec2-user/abc/node_modules/express/lib/router/index.js:208:9
    at Function.proto.process_params (/home/ec2-user/abc/node_modules/express/lib/router/index.js:269:12)
    at next (/home/ec2-user/abc/node_modules/express/lib/router/index.js:199:19)
    at next (/home/ec2-user/abc/node_modules/express/lib/router/index.js:176:38)
    at next (/home/ec2-user/abc/node_modules/express/lib/router/index.js:176:38)
    at next (/home/ec2-user/abc/node_modules/express/lib/router/index.js:176:38)
    at next (/home/ec2-user/abc/node_modules/express/lib/router/index.js:176:38)
    at next (/home/ec2-user/abc/node_modules/express/lib/router/index.js:176:38)
[0mGET /get_token/7ZWfB/7zkb9B+KX++9B/ag==/UvZ+8tOpCc3DNB8rlCAGbg==/null [33m404 [0m4.704 ms - 826[0m
io enter middleware
before decrypt 60S0D6m8PQ2bQLofCBt3ng==
after decrypt ck
Player ID isck
On Connection:{"headers":{"x-forwarded-for":"61.93.253.94","x-forwarded-proto":"http","x-forwarded-port":"3000","host":"socketioloadbalancer-1642928803.us-east-1.elb.amazonaws.com:3000","x-amzn-trace-id":"Root=1-59895052-66d04d724efd5606212b6c72","upgrade":"websocket","connection":"upgrade","cookie":"AWSALB=","sec-websocket-key":"YM25YPAXA4+T5XwYJBX1aA==","sec-websocket-version":"13","accept-encoding":"gzip","user-agent":"okhttp/3.8.1"},"time":"Tue Aug 08 2017 05:46:58 GMT+0000 (UTC)","address":"::ffff:172.31.3.250","xdomain":false,"secure":false,"issued":1502171218187,"url":"/socket.io/?EIO=3&playerId=ck&pass=60S0D6m8PQ2bQLofCBt3ng%3D%3D&transport=websocket","query":{"EIO":"3","playerId":"ck","pass":"60S0D6m8PQ2bQLofCBt3ng==","transport":"websocket"}}
player id ck
hmsent register {"awesome_id":"ck","onlineStatus":2,"awesome_chips":0}
[ { id: { S: 'ck' }, awesome_chips: { N: '1492' } } ]
hmsent awesomeChips {"awesome_id":"ck","onlineStatus":"2","awesome_chips":"1492"}
[0mGET / [32m200 [0m0.342 ms - 11[0m
[0mGET / [32m200 [0m0.503 ms - 11[0m
disconnect ck
disconnect ck redis
[0mGET / [32m200 [0m1.346 ms - 11[0m
[0mGET / [32m200 [0m2.464 ms - 11[0m
io enter middleware
before decrypt LyCnrCX0iHgRGm2b+5eHKg==
after decrypt andrewwan
Player ID isandrewwan
On Connection:{"headers":{"x-forwarded-for":"101.78.215.254","x-forwarded-proto":"http","x-forwarded-port":"3000","host":"socketioloadbalancer-1642928803.us-east-1.elb.amazonaws.com:3000","x-amzn-trace-id":"Root=1-5989506a-0b753245256140d05588139e","upgrade":"websocket","connection":"upgrade","cookie":"AWSALB=","sec-websocket-key":"zKygN4dl+XEGNjpsPOuy8Q==","sec-websocket-version":"13","accept-encoding":"gzip","user-agent":"okhttp/3.8.1"},"time":"Tue Aug 08 2017 05:47:22 GMT+0000 (UTC)","address":"::ffff:172.31.24.250","xdomain":false,"secure":false,"issued":1502171242340,"url":"/socket.io/?EIO=3&playerId=andrewwan&pass=LyCnrCX0iHgRGm2b%2B5eHKg%3D%3D&transport=websocket","query":{"EIO":"3","playerId":"andrewwan","pass":"LyCnrCX0iHgRGm2b+5eHKg==","transport":"websocket"}}
player id andrewwan
hmsent register {"awesome_id":"andrewwan","onlineStatus":2,"awesome_chips":0}
[ { id: { S: 'andrewwan' }, awesome_chips: { N: '79' } } ]
hmsent awesomeChips {"awesome_id":"andrewwan","onlineStatus":"2","awesome_chips":"79"}
notify_online {"friend_ids" : []}
[0mGET / [32m200 [0m0.326 ms - 11[0m
[0mGET / [32m200 [0m0.263 ms - 11[0m
Send message channel:andrewwan:friend_online msg:{"friendId":"vincent7"}
Send message channel:andrewwan:friend_online msg:{"friendId":"descendentofsun"}
disconnect andrewwan
disconnect andrewwan redis
friend ids 
[0mPOST /api/v1/register_endpoint_v2/nosql [33m401 [0m0.379 ms - 40[0m
[0mGET / [32m200 [0m3.335 ms - 11[0m
[0mGET / [32m200 [0m1.227 ms - 11[0m
[0mGET / [32m200 [0m0.391 ms - 11[0m
[0mGET / [32m200 [0m0.506 ms - 11[0m
[0mGET / [32m200 [0m0.445 ms - 11[0m
[0mGET / [32m200 [0m3.665 ms - 11[0m
[0mGET / [32m200 [0m0.475 ms - 11[0m
[0mGET / [32m200 [0m0.780 ms - 11[0m
[0mGET / [32m200 [0m2.307 ms - 11[0m
[0mGET / [32m200 [0m2.553 ms - 11[0m
[0mGET / [32m200 [0m4.754 ms - 11[0m
[0mGET / [32m200 [0m4.776 ms - 11[0m
[0mGET / [32m200 [0m4.040 ms - 11[0m
[0mGET / [32m200 [0m2.124 ms - 11[0m
[0mGET / [32m200 [0m1.182 ms - 11[0m
[0mGET / [32m200 [0m1.431 ms - 11[0m
[0mGET / [32m200 [0m3.705 ms - 11[0m
[0mGET / [32m200 [0m4.906 ms - 11[0m
[0mGET / [32m200 [0m0.501 ms - 11[0m
[0mGET / [32m200 [0m0.834 ms - 11[0m
[0mGET / [32m200 [0m0.593 ms - 11[0m
[0mGET / [32m200 [0m0.920 ms - 11[0m
login_register {"id":"andrewwan","country_code":"UvZ+8tOpCc3DNB8rlCAGbg==","phone_number":"xqys9v4w572ReAXMg2RaTw=="}
login_register decrypt phone number 85266451327
{ IdentityId: 'us-east-1:4d4466ff-c8e2-49d8-9e9b-6ae8cb80c22a',
  Token: 'eyJraWQiOiJ1cy1lYXN0LTExIiwidHlwIjoiSldTIiwiYWxnIjoiUlM1MTIifQ.eyJzdWIiOiJ1cy1lYXN0LTE6NGQ0NDY2ZmYtYzhlMi00OWQ4LTllOWItNmFlOGNiODBjMjJhIiwiYXVkIjoidXMtZWFzdC0xOjU1NTJhNTRiLWE1MTktNDRkMi05N2UzLWZlYjNkNDVjOWFmYSIsImFtciI6WyJhdXRoZW50aWNhdGVkIiwibG9naW4udjNyZWUuYXdlc29tZSIsImxvZ2luLnYzcmVlLmF3ZXNvbWU6dXMtZWFzdC0xOjU1NTJhNTRiLWE1MTktNDRkMi05N2UzLWZlYjNkNDVjOWFmYTo4NTI2NjQ1MTMyNyJdLCJpc3MiOiJodHRwczovL2NvZ25pdG8taWRlbnRpdHkuYW1hem9uYXdzLmNvbSIsImV4cCI6MTUwMjE3NTAxNCwiaWF0IjoxNTAyMTcxNDE0fQ.fCq8XIB_1g_NP7_Q-6m3DRlIUzhH2BZAR8sYyFiLljEtEyiYdvbGDdBXYSANxI0m3W6EIR7y0NZJPrgF2kYJVy7VOBgvTDDhHZxhHDXIf_oB_LcJhhPFHUKI4zRTKpVzOOgncvMWL0J3TOqnONwp-8BaGrh5bWEkEu9woMWGRIcaAyOyNd9XPdodZJjsLEUkn_AiePP1mbI89Yjy5U1COhBAMLdDB59HY8sELeXkPWDgKWJYNOlmcEfuVz9x8LDRvmzYAbl-YrfSziGU6eRbnggyIkTBzVoqP62YwR6kzBUZ5WOI3G4dNW3pDb62OV1TP5g21Pzfn7i6TDPzUP5puA' }
{ status: 'success',
  action: 'awesomeId occupied',
  item: 
   { email: '',
     name: 'AndrewWan',
     head_image: '3288936a-108c-4977-a7e6-89a3d75e4059.png',
     awesome_chips: '79',
     phone_number: '66451327',
     zodiac: '',
     date_of_birth: '1990-08-04T00:00:00.000Z',
     info: '熱愛足球運動',
     outstanding_chips: '',
     country_code: '+852',
     facebook_id: '',
     pet_name: 'Tortoise BB',
     pet_type: '0',
     pet_color: '0' } }
{ status: 'success',
  action: 'awesomeId occupied',
  item: 
   { email: '',
     name: 'AndrewWan',
     head_image: '3288936a-108c-4977-a7e6-89a3d75e4059.png',
     awesome_chips: '79',
     phone_number: '66451327',
     zodiac: '',
     date_of_birth: '1990-08-04T00:00:00.000Z',
     info: '熱愛足球運動',
     outstanding_chips: '',
     country_code: '+852',
     facebook_id: '',
     pet_name: 'Tortoise BB',
     pet_type: '0',
     pet_color: '0' } }
login completed
[0mPOST /login_register/nosql [32m200 [0m114.268 ms - 393[0m
[0mPOST /api/v1/register_endpoint_v2/nosql [33m401 [0m0.493 ms - 40[0m
[0mGET / [32m200 [0m0.499 ms - 11[0m
[0mGET / [32m200 [0m0.291 ms - 11[0m
[0mGET / [32m200 [0m0.508 ms - 11[0m
[0mGET / [32m200 [0m0.238 ms - 11[0m
update_profile_date_of_birth
{ status: 'success', action: 'completed' }
[0mPOST /api/v1/update_profile_date_of_birth/nosql [32m200 [0m20.385 ms - 41[0m
[0mGET / [32m200 [0m0.571 ms - 11[0m
[0mGET / [32m200 [0m0.839 ms - 11[0m
[0mGET / [32m200 [0m0.507 ms - 11[0m
[0mGET / [32m200 [0m0.916 ms - 11[0m
[0mGET / [32m200 [0m0.557 ms - 11[0m
[0mGET / [32m200 [0m0.888 ms - 11[0m
[0mGET / [32m200 [0m3.606 ms - 11[0m
[0mGET / [32m200 [0m0.236 ms - 11[0m
[0mGET / [32m200 [0m0.546 ms - 11[0m
[0mGET / [32m200 [0m3.420 ms - 11[0m
[0mGET / [32m200 [0m0.431 ms - 11[0m
[0mGET / [32m200 [0m3.691 ms - 11[0m
[0mGET / [32m200 [0m0.511 ms - 11[0m
[0mGET / [32m200 [0m0.830 ms - 11[0m
[0mGET / [32m200 [0m5.837 ms - 11[0m
[0mGET / [32m200 [0m0.931 ms - 11[0m
[0mGET / [32m200 [0m0.320 ms - 11[0m
[0mGET / [32m200 [0m0.270 ms - 11[0m
[0mGET / [32m200 [0m0.439 ms - 11[0m
[0mGET / [32m200 [0m0.295 ms - 11[0m
[0mGET / [32m200 [0m0.363 ms - 11[0m
[0mGET / [32m200 [0m0.286 ms - 11[0m
[0mGET / [32m200 [0m1.733 ms - 11[0m
[0mGET / [32m200 [0m2.471 ms - 11[0m
[0mGET / [32m200 [0m1.286 ms - 11[0m
[0mGET / [32m200 [0m0.694 ms - 11[0m
[0mGET / [32m200 [0m1.672 ms - 11[0m
[0mGET / [32m200 [0m0.674 ms - 11[0m
[0mGET / [32m200 [0m0.498 ms - 11[0m
[0mGET / [32m200 [0m2.248 ms - 11[0m
[0mGET / [32m200 [0m2.099 ms - 11[0m
[0mGET / [32m200 [0m0.832 ms - 11[0m
io enter middleware
before decrypt C/V0l40Q2bH0Ew9L6fjPOw==
after decrypt 123123123
Player ID is123123123
On Connection:{"headers":{"x-forwarded-for":"61.93.253.94","x-forwarded-proto":"http","x-forwarded-port":"3000","host":"socketioloadbalancer-1642928803.us-east-1.elb.amazonaws.com:3000","x-amzn-trace-id":"Root=1-59895222-6188277623eae2c32a702444","upgrade":"websocket","connection":"upgrade","cookie":"AWSALB=","sec-websocket-key":"IfmI+ES7dn8/ecZWCkT3Mw==","sec-websocket-version":"13","accept-encoding":"gzip","user-agent":"okhttp/3.8.1"},"time":"Tue Aug 08 2017 05:54:42 GMT+0000 (UTC)","address":"::ffff:172.31.24.250","xdomain":false,"secure":false,"issued":1502171682434,"url":"/socket.io/?EIO=3&playerId=123123123&pass=C%2FV0l40Q2bH0Ew9L6fjPOw%3D%3D&transport=websocket","query":{"EIO":"3","playerId":"123123123","pass":"C/V0l40Q2bH0Ew9L6fjPOw==","transport":"websocket"}}
player id 123123123
hmsent register {"awesome_id":"123123123","onlineStatus":2,"awesome_chips":0}
[ { id: { S: '123123123' }, awesome_chips: { N: '894' } } ]
hmsent awesomeChips {"awesome_id":"123123123","onlineStatus":"2","awesome_chips":"894"}
notify_online {"friend_ids" : ["123123123","ivanlgpro2","vincent7","ant9","vincent63472","hellowin","andrewwan","awesome","vincent31","vincent","vincent6","vincent8","eddy","ivanlgv10","ivanipad","vincent9","descendentofsun","ivan-nokia6","samsung","68666666","vincent5","ant1","ant7","ant4","ck","ivan","cara","a3","vincent32","ivannew","an4","andrew-chevk","conniechen","vincent2","ant2","ant3","vincent28","eric","andrew","wilson","ant5","a6","testonly"]}
Send message channel:123123123:friend_online msg:{"friendId":"123123123"}
hgetall{"awesome_id":"123123123","onlineStatus":"2","awesome_chips":"894"}
hgetall123123123
hgetall{"awesome_chips":"96710","onlineStatus":"2","awesome_id":"vincent7","friendIds":"[\"vincent7\",\"vincent5\",\"vincent9\",\"vincent6\",\"vincent8\",\"vincent\",\"eddy\",\"vincent2\",\"awesome\",\"ivan\",\"andrewwan\",\"andrew-chevk\",\"68666666\",\"a6\",\"ant3\",\"an4\",\"ant4\",\"ant7\",\"conniechen\",\"ant9\",\"hellowin\",\"vincent28\",\"vincent31\",\"vincent32\",\"vincent63472\",\"wilson\",\"123123123\",\"ant2\",\"ant5\",\"testonly\",\"ant1\"]"}
hgetallvincent7
hgetall{"awesome_chips":"1052","onlineStatus":"2","awesome_id":"descendentofsun","friendIds":"[\"descendentofsun\",\"awesome\",\"andrew\",\"eddy\",\"eric\",\"howareyou\",\"vincent6\",\"vincent\",\"ivan\",\"andrewwan\",\"123123123\"]"}
hgetalldescendentofsun
Send message channel:123123123:friend_online msg:{"friendId":"vincent7"}
Send message channel:123123123:friend_online msg:{"friendId":"descendentofsun"}
[0mGET / [32m200 [0m0.465 ms - 11[0m
[0mGET / [32m200 [0m0.787 ms - 11[0m
Send message channel:123123123:friend_online msg:{"friendId":"andrewwan"}
Send message channel:123123123:friend_online msg:{"friendId":"vincent7"}
Send message channel:123123123:friend_online msg:{"friendId":"descendentofsun"}
[0mGET / [32m200 [0m0.992 ms - 11[0m
[0mGET / [32m200 [0m0.596 ms - 11[0m
Send message channel:123123123:friend_offline msg:{"friendId":"andrewwan"}
Send message channel:123123123:friend_online msg:{"friendId":"vincent7"}
Send message channel:123123123:friend_online msg:{"friendId":"descendentofsun"}
[0mGET / [32m200 [0m1.913 ms - 11[0m
[0mGET / [32m200 [0m1.147 ms - 11[0m
Send message channel:123123123:friend_online msg:{"friendId":"vincent7"}
Send message channel:123123123:friend_online msg:{"friendId":"descendentofsun"}
[0mGET / [32m200 [0m2.244 ms - 11[0m
[0mGET / [32m200 [0m2.527 ms - 11[0m
server kick player 123123123
end socket with player123123123
disconnect 123123123
disconnect 123123123 redis
friend ids 123123123,ivanlgpro2,vincent7,ant9,vincent63472,hellowin,andrewwan,awesome,vincent31,vincent,vincent6,vincent8,eddy,ivanlgv10,ivanipad,vincent9,descendentofsun,ivan-nokia6,samsung,68666666,vincent5,ant1,ant7,ant4,ck,ivan,cara,a3,vincent32,ivannew,an4,andrew-chevk,conniechen,vincent2,ant2,ant3,vincent28,eric,andrew,wilson,ant5,a6,testonly
send disconnect to 123123123
send disconnect to ivanlgpro2
send disconnect to vincent7
send disconnect to ant9
send disconnect to vincent63472
send disconnect to hellowin
send disconnect to andrewwan
send disconnect to awesome
send disconnect to vincent31
send disconnect to vincent
send disconnect to vincent6
send disconnect to vincent8
send disconnect to eddy
send disconnect to ivanlgv10
send disconnect to ivanipad
send disconnect to vincent9
send disconnect to descendentofsun
send disconnect to ivan-nokia6
send disconnect to samsung
send disconnect to 68666666
send disconnect to vincent5
send disconnect to ant1
send disconnect to ant7
send disconnect to ant4
send disconnect to ck
send disconnect to ivan
send disconnect to cara
send disconnect to a3
send disconnect to vincent32
send disconnect to ivannew
send disconnect to an4
send disconnect to andrew-chevk
send disconnect to conniechen
send disconnect to vincent2
send disconnect to ant2
send disconnect to ant3
send disconnect to vincent28
send disconnect to eric
send disconnect to andrew
send disconnect to wilson
send disconnect to ant5
send disconnect to a6
send disconnect to testonly
[0mGET / [32m200 [0m0.996 ms - 11[0m
[0mGET / [32m200 [0m0.302 ms - 11[0m
[0mGET / [32m200 [0m0.581 ms - 11[0m
[0mGET / [32m200 [0m0.853 ms - 11[0m
[0mGET / [32m200 [0m0.320 ms - 11[0m
[0mGET / [32m200 [0m0.433 ms - 11[0m
[0mGET / [32m200 [0m0.580 ms - 11[0m
[0mGET / [32m200 [0m0.867 ms - 11[0m
error: Forever detected script was killed by signal: SIGKILL
