ok
Config
Thu Aug 03 2017 04:09:47 GMT+0000 (UTC)
Cognito
the cognitoidentity is [object Object]
SNS
setting tcp
setting sns
PostAPI
PostAPI_Chat
PostAPI_Wall
PostAPI_Pet
PostAPI_Chips
PostAPI_Login
PostAPI_Shop
PostAPI_Debug
Game init
======================
apiPort listening 2498
tcpPort listening 3005
======================
Server listening at port 3005
[0mGET / [32m200 [0m94.429 ms - 11[0m
[0mGET / [32m200 [0m79.218 ms - 11[0m
[0mGET / [32m200 [0m6.431 ms - 11[0m
[0mGET / [32m200 [0m6.666 ms - 11[0m
[0mGET / [32m200 [0m3.506 ms - 11[0m
[0mGET / [32m200 [0m17.701 ms - 11[0m
[0mGET / [32m200 [0m13.339 ms - 11[0m
[0mGET / [32m200 [0m18.460 ms - 11[0m
[0mGET / [32m200 [0m2.594 ms - 11[0m
[0mGET / [32m200 [0m1.008 ms - 11[0m
[0mGET / [32m200 [0m0.414 ms - 11[0m
[0mGET / [32m200 [0m3.263 ms - 11[0m
[0mGET / [32m200 [0m12.584 ms - 11[0m
[0mGET / [32m200 [0m12.647 ms - 11[0m
[0mGET / [32m200 [0m21.886 ms - 11[0m
[0mGET / [32m200 [0m17.389 ms - 11[0m
[0mGET / [32m200 [0m4.952 ms - 11[0m
[0mGET / [32m200 [0m16.537 ms - 11[0m
[0mGET / [32m200 [0m13.138 ms - 11[0m
[0mGET / [32m200 [0m24.802 ms - 11[0m
[0mGET / [32m200 [0m13.196 ms - 11[0m
[0mGET / [32m200 [0m13.248 ms - 11[0m
[0mGET / [32m200 [0m16.399 ms - 11[0m
[0mGET / [32m200 [0m16.785 ms - 11[0m
[0mGET / [32m200 [0m0.748 ms - 11[0m
[0mGET / [32m200 [0m0.966 ms - 11[0m
[0mGET / [32m200 [0m2.357 ms - 11[0m
[0mGET / [32m200 [0m0.398 ms - 11[0m
[0mGET / [32m200 [0m8.479 ms - 11[0m
[0mGET / [32m200 [0m1.082 ms - 11[0m
[0mGET / [32m200 [0m12.522 ms - 11[0m
[0mGET / [32m200 [0m0.800 ms - 11[0m
[0mGET / [32m200 [0m1.920 ms - 11[0m
[0mGET / [32m200 [0m13.715 ms - 11[0m
[0mGET / [32m200 [0m10.585 ms - 11[0m
[0mGET / [32m200 [0m10.748 ms - 11[0m
[0mGET / [32m200 [0m9.040 ms - 11[0m
[0mGET / [32m200 [0m9.292 ms - 11[0m
[0mGET / [32m200 [0m4.926 ms - 11[0m
[0mGET / [32m200 [0m0.959 ms - 11[0m
[0mGET / [32m200 [0m1.261 ms - 11[0m
[0mGET / [32m200 [0m2.131 ms - 11[0m
[0mGET / [32m200 [0m8.220 ms - 11[0m
[0mGET / [32m200 [0m16.058 ms - 11[0m
[0mGET / [32m200 [0m11.910 ms - 11[0m
[0mGET / [32m200 [0m12.657 ms - 11[0m
[0mGET / [32m200 [0m9.742 ms - 11[0m
[0mGET / [32m200 [0m10.220 ms - 11[0m
[0mGET / [32m200 [0m0.610 ms - 11[0m
[0mGET / [32m200 [0m11.625 ms - 11[0m
[0mGET / [32m200 [0m16.978 ms - 11[0m
[0mGET / [32m200 [0m10.245 ms - 11[0m
[0mGET / [32m200 [0m12.164 ms - 11[0m
[0mGET / [32m200 [0m19.994 ms - 11[0m
[0mGET / [32m200 [0m1.532 ms - 11[0m
[0mGET / [32m200 [0m15.517 ms - 11[0m
[0mGET / [32m200 [0m0.739 ms - 11[0m
[0mGET / [32m200 [0m1.107 ms - 11[0m
[0mGET / [32m200 [0m5.216 ms - 11[0m
[0mGET / [32m200 [0m0.992 ms - 11[0m
[0mGET / [32m200 [0m14.779 ms - 11[0m
[0mGET / [32m200 [0m16.179 ms - 11[0m
[0mGET / [32m200 [0m10.570 ms - 11[0m
[0mGET / [32m200 [0m11.229 ms - 11[0m
[0mGET / [32m200 [0m4.257 ms - 11[0m
[0mGET / [32m200 [0m11.110 ms - 11[0m
[0mGET / [32m200 [0m0.751 ms - 11[0m
[0mGET / [32m200 [0m1.077 ms - 11[0m
[0mGET / [32m200 [0m0.612 ms - 11[0m
[0mGET / [32m200 [0m6.764 ms - 11[0m
[0mGET / [32m200 [0m7.848 ms - 11[0m
[0mGET / [32m200 [0m3.846 ms - 11[0m
[0mGET / [32m200 [0m6.235 ms - 11[0m
[0mGET / [32m200 [0m6.509 ms - 11[0m
[0mGET / [32m200 [0m14.178 ms - 11[0m
[0mGET / [32m200 [0m14.392 ms - 11[0m
[0mGET / [32m200 [0m12.606 ms - 11[0m
[0mGET / [32m200 [0m12.928 ms - 11[0m
[0mGET / [32m200 [0m11.774 ms - 11[0m
[0mGET / [32m200 [0m11.954 ms - 11[0m
[0mGET / [32m200 [0m3.042 ms - 11[0m
[0mGET / [32m200 [0m2.977 ms - 11[0m
[0mGET / [32m200 [0m3.113 ms - 11[0m
[0mGET / [32m200 [0m0.532 ms - 11[0m
[0mGET / [32m200 [0m9.550 ms - 11[0m
[0mGET / [32m200 [0m1.119 ms - 11[0m
[0mGET / [32m200 [0m1.413 ms - 11[0m
[0mGET / [32m200 [0m19.587 ms - 11[0m
[0mGET / [32m200 [0m10.088 ms - 11[0m
[0mGET / [32m200 [0m10.336 ms - 11[0m
[0mGET / [32m200 [0m0.572 ms - 11[0m
[0mGET / [32m200 [0m1.985 ms - 11[0m
[0mGET / [32m200 [0m0.714 ms - 11[0m
[0mGET / [32m200 [0m9.561 ms - 11[0m
[0mGET / [32m200 [0m9.732 ms - 11[0m
[0mGET / [32m200 [0m5.001 ms - 11[0m
[0mGET / [32m200 [0m1.702 ms - 11[0m
[0mGET / [32m200 [0m16.114 ms - 11[0m
[0mGET / [32m200 [0m3.805 ms - 11[0m
[0mGET / [32m200 [0m4.608 ms - 11[0m
[0mGET / [32m200 [0m0.717 ms - 11[0m
[0mGET / [32m200 [0m11.757 ms - 11[0m
[0mGET / [32m200 [0m1.593 ms - 11[0m
[0mGET / [32m200 [0m0.384 ms - 11[0m
[0mGET / [32m200 [0m1.550 ms - 11[0m
[0mGET / [32m200 [0m1.142 ms - 11[0m
[0mGET / [32m200 [0m0.561 ms - 11[0m
[0mGET / [32m200 [0m3.618 ms - 11[0m
[0mGET / [32m200 [0m2.719 ms - 11[0m
[0mGET / [32m200 [0m11.072 ms - 11[0m
[0mGET / [32m200 [0m8.659 ms - 11[0m
[0mGET / [32m200 [0m0.916 ms - 11[0m
[0mGET / [32m200 [0m1.426 ms - 11[0m
[0mGET / [32m200 [0m3.266 ms - 11[0m
[0mGET / [32m200 [0m12.659 ms - 11[0m
[0mGET / [32m200 [0m0.870 ms - 11[0m
[0mGET / [32m200 [0m0.671 ms - 11[0m
[0mGET / [32m200 [0m0.999 ms - 11[0m
[0mGET / [32m200 [0m9.245 ms - 11[0m
[0mGET / [32m200 [0m10.554 ms - 11[0m
[0mGET / [32m200 [0m2.040 ms - 11[0m
[0mGET / [32m200 [0m2.256 ms - 11[0m
[0mGET / [32m200 [0m10.659 ms - 11[0m
[0mGET / [32m200 [0m10.807 ms - 11[0m
[0mGET / [32m200 [0m1.514 ms - 11[0m
[0mGET / [32m200 [0m0.923 ms - 11[0m
[0mGET / [32m200 [0m8.156 ms - 11[0m
[0mGET / [32m200 [0m8.473 ms - 11[0m
[0mGET / [32m200 [0m3.665 ms - 11[0m
[0mGET / [32m200 [0m1.459 ms - 11[0m
[0mGET / [32m200 [0m113.330 ms - 11[0m
[0mGET / [32m200 [0m99.480 ms - 11[0m
[0mGET / [32m200 [0m1.998 ms - 11[0m
[0mGET / [32m200 [0m2.248 ms - 11[0m
[0mGET / [32m200 [0m14.803 ms - 11[0m
[0mGET / [32m200 [0m9.989 ms - 11[0m
[0mGET / [32m200 [0m17.962 ms - 11[0m
[0mGET / [32m200 [0m0.339 ms - 11[0m
[0mGET / [32m200 [0m3.314 ms - 11[0m
[0mGET / [32m200 [0m5.576 ms - 11[0m
[0mGET / [32m200 [0m1.331 ms - 11[0m
[0mGET / [32m200 [0m0.988 ms - 11[0m
[0mGET / [32m200 [0m10.289 ms - 11[0m
[0mGET / [32m200 [0m7.911 ms - 11[0m
[0mGET / [32m200 [0m0.395 ms - 11[0m
[0mGET / [32m200 [0m0.364 ms - 11[0m
[0mGET / [32m200 [0m2.615 ms - 11[0m
[0mGET / [32m200 [0m17.348 ms - 11[0m
[0mGET / [32m200 [0m0.670 ms - 11[0m
[0mGET / [32m200 [0m0.806 ms - 11[0m
[0mGET / [32m200 [0m9.417 ms - 11[0m
[0mGET / [32m200 [0m9.670 ms - 11[0m
[0mGET / [32m200 [0m12.141 ms - 11[0m
[0mGET / [32m200 [0m1.138 ms - 11[0m
[0mGET / [32m200 [0m8.553 ms - 11[0m
[0mGET / [32m200 [0m8.801 ms - 11[0m
[0mGET / [32m200 [0m1.784 ms - 11[0m
[0mGET / [32m200 [0m2.140 ms - 11[0m
[0mGET / [32m200 [0m11.733 ms - 11[0m
[0mGET / [32m200 [0m11.915 ms - 11[0m
[0mGET / [32m200 [0m0.679 ms - 11[0m
[0mGET / [32m200 [0m0.895 ms - 11[0m
[0mGET / [32m200 [0m7.362 ms - 11[0m
[0mGET / [32m200 [0m7.528 ms - 11[0m
[0mGET / [32m200 [0m0.592 ms - 11[0m
[0mGET / [32m200 [0m0.971 ms - 11[0m
[0mGET / [32m200 [0m7.455 ms - 11[0m
[0mGET / [32m200 [0m7.673 ms - 11[0m
[0mGET / [32m200 [0m0.387 ms - 11[0m
[0mGET / [32m200 [0m0.435 ms - 11[0m
[0mGET / [32m200 [0m9.065 ms - 11[0m
[0mGET / [32m200 [0m9.278 ms - 11[0m
[0mGET / [32m200 [0m1.934 ms - 11[0m
[0mGET / [32m200 [0m0.995 ms - 11[0m
[0mGET / [32m200 [0m9.702 ms - 11[0m
[0mGET / [32m200 [0m10.197 ms - 11[0m
[0mGET / [32m200 [0m1.977 ms - 11[0m
[0mGET / [32m200 [0m0.964 ms - 11[0m
[0mGET / [32m200 [0m10.405 ms - 11[0m
[0mGET / [32m200 [0m10.614 ms - 11[0m
[0mGET / [32m200 [0m0.392 ms - 11[0m
[0mGET / [32m200 [0m0.559 ms - 11[0m
[0mGET / [32m200 [0m13.586 ms - 11[0m
[0mGET / [32m200 [0m35.828 ms - 11[0m
[0mGET / [32m200 [0m0.704 ms - 11[0m
[0mGET / [32m200 [0m0.819 ms - 11[0m
[0mGET / [32m200 [0m0.457 ms - 11[0m
[0mGET / [32m200 [0m2.036 ms - 11[0m
[0mGET / [32m200 [0m1.053 ms - 11[0m
[0mGET / [32m200 [0m1.464 ms - 11[0m
[0mGET / [32m200 [0m11.115 ms - 11[0m
[0mGET / [32m200 [0m9.148 ms - 11[0m
[0mGET / [32m200 [0m1.991 ms - 11[0m
[0mGET / [32m200 [0m1.046 ms - 11[0m
[0mGET / [32m200 [0m8.361 ms - 11[0m
[0mGET / [32m200 [0m8.587 ms - 11[0m
[0mGET / [32m200 [0m7.056 ms - 11[0m
[0mGET / [32m200 [0m2.249 ms - 11[0m
[0mGET / [32m200 [0m9.457 ms - 11[0m
[0mGET / [32m200 [0m9.596 ms - 11[0m
[0mGET / [32m200 [0m0.701 ms - 11[0m
[0mGET / [32m200 [0m0.851 ms - 11[0m
[0mGET / [32m200 [0m7.573 ms - 11[0m
[0mGET / [32m200 [0m7.894 ms - 11[0m
[0mGET / [32m200 [0m11.372 ms - 11[0m
[0mGET / [32m200 [0m10.507 ms - 11[0m
[0mGET / [32m200 [0m1.113 ms - 11[0m
[0mGET / [32m200 [0m1.018 ms - 11[0m
[0mGET / [32m200 [0m4.184 ms - 11[0m
[0mGET / [32m200 [0m2.940 ms - 11[0m
[0mGET / [32m200 [0m12.093 ms - 11[0m
[0mGET / [32m200 [0m12.341 ms - 11[0m
[0mGET / [32m200 [0m2.351 ms - 11[0m
[0mGET / [32m200 [0m1.345 ms - 11[0m
[0mGET / [32m200 [0m14.424 ms - 11[0m
[0mGET / [32m200 [0m11.876 ms - 11[0m
[0mGET / [32m200 [0m5.373 ms - 11[0m
[0mGET / [32m200 [0m3.964 ms - 11[0m
[0mGET / [32m200 [0m10.641 ms - 11[0m
[0mGET / [32m200 [0m0.476 ms - 11[0m
[0mGET / [32m200 [0m5.749 ms - 11[0m
[0mGET / [32m200 [0m5.917 ms - 11[0m
[0mGET / [32m200 [0m0.884 ms - 11[0m
[0mGET / [32m200 [0m1.181 ms - 11[0m
[0mGET / [32m200 [0m5.926 ms - 11[0m
[0mGET / [32m200 [0m7.561 ms - 11[0m
[0mGET / [32m200 [0m1.006 ms - 11[0m
[0mGET / [32m200 [0m0.364 ms - 11[0m
[0mGET / [32m200 [0m6.728 ms - 11[0m
[0mGET / [32m200 [0m8.109 ms - 11[0m
[0mGET / [32m200 [0m8.123 ms - 11[0m
[0mGET / [32m200 [0m8.535 ms - 11[0m
[0mGET / [32m200 [0m4.714 ms - 11[0m
[0mGET / [32m200 [0m4.999 ms - 11[0m
[0mGET / [32m200 [0m5.147 ms - 11[0m
[0mGET / [32m200 [0m5.527 ms - 11[0m
[0mGET / [32m200 [0m8.398 ms - 11[0m
[0mGET / [32m200 [0m8.661 ms - 11[0m
[0mGET / [32m200 [0m8.617 ms - 11[0m
[0mGET / [32m200 [0m8.860 ms - 11[0m
[0mGET / [32m200 [0m3.034 ms - 11[0m
[0mGET / [32m200 [0m3.508 ms - 11[0m
[0mGET / [32m200 [0m7.598 ms - 11[0m
[0mGET / [32m200 [0m10.698 ms - 11[0m
[0mGET / [32m200 [0m7.475 ms - 11[0m
[0mGET / [32m200 [0m7.699 ms - 11[0m
[0mGET / [32m200 [0m12.284 ms - 11[0m
[0mGET / [32m200 [0m12.184 ms - 11[0m
[0mGET / [32m200 [0m6.469 ms - 11[0m
[0mGET / [32m200 [0m2.244 ms - 11[0m
[0mGET / [32m200 [0m6.179 ms - 11[0m
[0mGET / [32m200 [0m6.346 ms - 11[0m
[0mGET / [32m200 [0m7.369 ms - 11[0m
[0mGET / [32m200 [0m7.705 ms - 11[0m
[0mGET / [32m200 [0m16.379 ms - 11[0m
[0mGET / [32m200 [0m1.102 ms - 11[0m
[0mGET / [32m200 [0m13.180 ms - 11[0m
[0mGET / [32m200 [0m20.704 ms - 11[0m
[0mGET / [32m200 [0m19.510 ms - 11[0m
[0mGET / [32m200 [0m19.865 ms - 11[0m
[0mGET / [32m200 [0m25.092 ms - 11[0m
[0mGET / [32m200 [0m24.630 ms - 11[0m
[0mGET / [32m200 [0m23.653 ms - 11[0m
[0mGET / [32m200 [0m18.762 ms - 11[0m
[0mGET / [32m200 [0m10.147 ms - 11[0m
[0mGET / [32m200 [0m0.876 ms - 11[0m
[0mGET / [32m200 [0m18.153 ms - 11[0m
[0mGET / [32m200 [0m17.092 ms - 11[0m
[0mGET / [32m200 [0m4.170 ms - 11[0m
[0mGET / [32m200 [0m0.856 ms - 11[0m
[0mGET / [32m200 [0m0.910 ms - 11[0m
[0mGET / [32m200 [0m3.148 ms - 11[0m
[0mGET / [32m200 [0m4.755 ms - 11[0m
[0mGET / [32m200 [0m5.115 ms - 11[0m
[0mGET / [32m200 [0m3.566 ms - 11[0m
[0mGET / [32m200 [0m3.767 ms - 11[0m
[0mGET / [32m200 [0m9.762 ms - 11[0m
[0mGET / [32m200 [0m11.118 ms - 11[0m
[0mGET / [32m200 [0m0.465 ms - 11[0m
[0mGET / [32m200 [0m1.700 ms - 11[0m
[0mGET / [32m200 [0m1.123 ms - 11[0m
[0mGET / [32m200 [0m3.019 ms - 11[0m
[0mGET / [32m200 [0m21.772 ms - 11[0m
[0mGET / [32m200 [0m0.865 ms - 11[0m
[0mGET / [32m200 [0m10.923 ms - 11[0m
[0mGET / [32m200 [0m0.960 ms - 11[0m
[0mGET / [32m200 [0m11.121 ms - 11[0m
[0mGET / [32m200 [0m2.578 ms - 11[0m
[0mGET / [32m200 [0m0.631 ms - 11[0m
[0mGET / [32m200 [0m2.855 ms - 11[0m
[0mGET / [32m200 [0m7.015 ms - 11[0m
[0mGET / [32m200 [0m0.928 ms - 11[0m
[0mGET / [32m200 [0m9.365 ms - 11[0m
[0mGET / [32m200 [0m9.615 ms - 11[0m
[0mGET / [32m200 [0m15.227 ms - 11[0m
[0mGET / [32m200 [0m16.500 ms - 11[0m
[0mGET / [32m200 [0m0.543 ms - 11[0m
[0mGET / [32m200 [0m0.820 ms - 11[0m
[0mGET / [32m200 [0m7.197 ms - 11[0m
[0mGET / [32m200 [0m7.442 ms - 11[0m
[0mGET / [32m200 [0m2.484 ms - 11[0m
[0mGET / [32m200 [0m6.449 ms - 11[0m
[0mGET / [32m200 [0m1.608 ms - 11[0m
[0mGET / [32m200 [0m2.804 ms - 11[0m
[0mGET / [32m200 [0m0.700 ms - 11[0m
[0mGET / [32m200 [0m3.318 ms - 11[0m
[0mGET / [32m200 [0m10.309 ms - 11[0m
[0mGET / [32m200 [0m12.988 ms - 11[0m
[0mGET / [32m200 [0m11.707 ms - 11[0m
[0mGET / [32m200 [0m11.924 ms - 11[0m
[0mGET / [32m200 [0m13.660 ms - 11[0m
[0mGET / [32m200 [0m9.748 ms - 11[0m
[0mGET / [32m200 [0m11.892 ms - 11[0m
[0mGET / [32m200 [0m10.488 ms - 11[0m
[0mGET / [32m200 [0m7.384 ms - 11[0m
[0mGET / [32m200 [0m7.608 ms - 11[0m
[0mGET / [32m200 [0m10.597 ms - 11[0m
[0mGET / [32m200 [0m11.543 ms - 11[0m
[0mGET / [32m200 [0m8.222 ms - 11[0m
[0mGET / [32m200 [0m12.173 ms - 11[0m
[0mGET / [32m200 [0m8.689 ms - 11[0m
[0mGET / [32m200 [0m34.477 ms - 11[0m
[0mGET / [32m200 [0m6.822 ms - 11[0m
[0mGET / [32m200 [0m3.383 ms - 11[0m
[0mGET / [32m200 [0m2.556 ms - 11[0m
[0mGET / [32m200 [0m5.984 ms - 11[0m
[0mGET / [32m200 [0m9.319 ms - 11[0m
[0mGET / [32m200 [0m9.486 ms - 11[0m
[0mGET / [32m200 [0m12.686 ms - 11[0m
[0mGET / [32m200 [0m12.985 ms - 11[0m
[0mGET / [32m200 [0m6.441 ms - 11[0m
[0mGET / [32m200 [0m11.061 ms - 11[0m
[0mGET / [32m200 [0m15.357 ms - 11[0m
[0mGET / [32m200 [0m15.152 ms - 11[0m
[0mGET / [32m200 [0m5.564 ms - 11[0m
[0mGET / [32m200 [0m0.443 ms - 11[0m
[0mGET / [32m200 [0m6.615 ms - 11[0m
[0mGET / [32m200 [0m0.889 ms - 11[0m
[0mGET / [32m200 [0m4.831 ms - 11[0m
[0mGET / [32m200 [0m4.961 ms - 11[0m
[0mGET / [32m200 [0m10.482 ms - 11[0m
[0mGET / [32m200 [0m10.617 ms - 11[0m
[0mGET / [32m200 [0m7.037 ms - 11[0m
[0mGET / [32m200 [0m5.473 ms - 11[0m
[0mGET / [32m200 [0m11.490 ms - 11[0m
[0mGET / [32m200 [0m11.752 ms - 11[0m
[0mGET / [32m200 [0m2.761 ms - 11[0m
[0mGET / [32m200 [0m1.161 ms - 11[0m
[0mGET / [32m200 [0m4.159 ms - 11[0m
[0mGET / [32m200 [0m5.501 ms - 11[0m
[0mGET / [32m200 [0m1.319 ms - 11[0m
[0mGET / [32m200 [0m1.475 ms - 11[0m
[0mGET / [32m200 [0m2.781 ms - 11[0m
[0mGET / [32m200 [0m6.076 ms - 11[0m
[0mGET / [32m200 [0m6.114 ms - 11[0m
[0mGET / [32m200 [0m7.389 ms - 11[0m
[0mGET / [32m200 [0m12.814 ms - 11[0m
[0mGET / [32m200 [0m12.899 ms - 11[0m
[0mGET / [32m200 [0m5.957 ms - 11[0m
[0mGET / [32m200 [0m0.450 ms - 11[0m
[0mGET / [32m200 [0m2.033 ms - 11[0m
[0mGET / [32m200 [0m6.958 ms - 11[0m
[0mGET / [32m200 [0m8.229 ms - 11[0m
[0mGET / [32m200 [0m9.068 ms - 11[0m
[0mGET / [32m200 [0m10.434 ms - 11[0m
[0mGET / [32m200 [0m10.878 ms - 11[0m
[0mGET / [32m200 [0m3.094 ms - 11[0m
[0mGET / [32m200 [0m14.931 ms - 11[0m
[0mGET / [32m200 [0m12.624 ms - 11[0m
[0mGET / [32m200 [0m3.750 ms - 11[0m
[0mGET / [32m200 [0m1.364 ms - 11[0m
[0mGET / [32m200 [0m1.714 ms - 11[0m
[0mGET / [32m200 [0m5.718 ms - 11[0m
[0mGET / [32m200 [0m7.835 ms - 11[0m
[0mGET / [32m200 [0m0.338 ms - 11[0m
[0mGET / [32m200 [0m0.966 ms - 11[0m
[0mGET / [32m200 [0m2.881 ms - 11[0m
[0mGET / [32m200 [0m4.252 ms - 11[0m
[0mGET / [32m200 [0m11.470 ms - 11[0m
[0mGET / [32m200 [0m9.888 ms - 11[0m
[0mGET / [32m200 [0m13.829 ms - 11[0m
[0mGET / [32m200 [0m2.609 ms - 11[0m
[0mGET / [32m200 [0m12.455 ms - 11[0m
[0mGET / [32m200 [0m3.433 ms - 11[0m
[0mGET / [32m200 [0m7.785 ms - 11[0m
[0mGET / [32m200 [0m8.199 ms - 11[0m
[0mGET / [32m200 [0m1.489 ms - 11[0m
[0mGET / [32m200 [0m4.027 ms - 11[0m
[0mGET / [32m200 [0m10.474 ms - 11[0m
[0mGET / [32m200 [0m10.337 ms - 11[0m
[0mGET / [32m200 [0m0.600 ms - 11[0m
[0mGET / [32m200 [0m7.193 ms - 11[0m
[0mGET / [32m200 [0m113.766 ms - 11[0m
[0mGET / [32m200 [0m132.716 ms - 11[0m
[0mGET / [32m200 [0m2.237 ms - 11[0m
[0mGET / [32m200 [0m2.920 ms - 11[0m
[0mGET / [32m200 [0m12.511 ms - 11[0m
[0mGET / [32m200 [0m10.813 ms - 11[0m
[0mGET / [32m200 [0m2.061 ms - 11[0m
[0mGET / [32m200 [0m1.744 ms - 11[0m
[0mGET / [32m200 [0m5.379 ms - 11[0m
[0mGET / [32m200 [0m11.104 ms - 11[0m
[0mGET / [32m200 [0m2.393 ms - 11[0m
[0mGET / [32m200 [0m2.506 ms - 11[0m
[0mGET / [32m200 [0m10.533 ms - 11[0m
[0mGET / [32m200 [0m10.701 ms - 11[0m
[0mGET / [32m200 [0m7.684 ms - 11[0m
[0mGET / [32m200 [0m3.189 ms - 11[0m
[0mGET / [32m200 [0m4.787 ms - 11[0m
[0mGET / [32m200 [0m10.545 ms - 11[0m
[0mGET / [32m200 [0m5.232 ms - 11[0m
[0mGET / [32m200 [0m3.686 ms - 11[0m
[0mGET / [32m200 [0m8.667 ms - 11[0m
[0mGET / [32m200 [0m6.992 ms - 11[0m
[0mGET / [32m200 [0m2.917 ms - 11[0m
[0mGET / [32m200 [0m2.150 ms - 11[0m
[0mGET / [32m200 [0m2.596 ms - 11[0m
[0mGET / [32m200 [0m10.892 ms - 11[0m
[0mGET / [32m200 [0m2.451 ms - 11[0m
[0mGET / [32m200 [0m1.554 ms - 11[0m
[0mGET / [32m200 [0m11.956 ms - 11[0m
[0mGET / [32m200 [0m12.252 ms - 11[0m
[0mGET / [32m200 [0m1.622 ms - 11[0m
[0mGET / [32m200 [0m1.961 ms - 11[0m
[0mGET / [32m200 [0m12.558 ms - 11[0m
[0mGET / [32m200 [0m12.720 ms - 11[0m
[0mGET / [32m200 [0m9.366 ms - 11[0m
[0mGET / [32m200 [0m1.712 ms - 11[0m
[0mGET / [32m200 [0m11.138 ms - 11[0m
[0mGET / [32m200 [0m12.941 ms - 11[0m
[0mGET / [32m200 [0m1.925 ms - 11[0m
[0mGET / [32m200 [0m1.348 ms - 11[0m
[0mGET / [32m200 [0m10.124 ms - 11[0m
[0mGET / [32m200 [0m10.516 ms - 11[0m
[0mGET / [32m200 [0m2.569 ms - 11[0m
[0mGET / [32m200 [0m1.534 ms - 11[0m
[0mGET / [32m200 [0m9.916 ms - 11[0m
[0mGET / [32m200 [0m10.089 ms - 11[0m
[0mGET / [32m200 [0m3.362 ms - 11[0m
[0mGET / [32m200 [0m3.340 ms - 11[0m
[0mGET / [32m200 [0m1.318 ms - 11[0m
[0mGET / [32m200 [0m0.425 ms - 11[0m
[0mGET / [32m200 [0m2.019 ms - 11[0m
[0mGET / [32m200 [0m2.627 ms - 11[0m
[0mGET / [32m200 [0m2.500 ms - 11[0m
[0mGET / [32m200 [0m0.830 ms - 11[0m
[0mGET / [32m200 [0m3.371 ms - 11[0m
[0mGET / [32m200 [0m4.915 ms - 11[0m
[0mGET / [32m200 [0m4.980 ms - 11[0m
[0mGET / [32m200 [0m0.387 ms - 11[0m
[0mGET / [32m200 [0m4.711 ms - 11[0m
[0mGET / [32m200 [0m3.783 ms - 11[0m
[0mGET / [32m200 [0m0.475 ms - 11[0m
[0mGET / [32m200 [0m2.568 ms - 11[0m
[0mGET / [32m200 [0m11.487 ms - 11[0m
[0mGET / [32m200 [0m15.269 ms - 11[0m
[0mGET / [32m200 [0m4.054 ms - 11[0m
[0mGET / [32m200 [0m9.234 ms - 11[0m
[0mGET / [32m200 [0m4.136 ms - 11[0m
[0mGET / [32m200 [0m3.214 ms - 11[0m
[0mGET / [32m200 [0m3.722 ms - 11[0m
[0mGET / [32m200 [0m0.473 ms - 11[0m
[0mGET / [32m200 [0m2.101 ms - 11[0m
[0mGET / [32m200 [0m0.275 ms - 11[0m
[0mGET / [32m200 [0m5.187 ms - 11[0m
[0mGET / [32m200 [0m6.400 ms - 11[0m
[0mGET / [32m200 [0m7.025 ms - 11[0m
[0mGET / [32m200 [0m8.107 ms - 11[0m
[0mGET / [32m200 [0m9.839 ms - 11[0m
[0mGET / [32m200 [0m10.186 ms - 11[0m
[0mGET / [32m200 [0m0.851 ms - 11[0m
[0mGET / [32m200 [0m0.391 ms - 11[0m
[0mGET / [32m200 [0m1.584 ms - 11[0m
[0mGET / [32m200 [0m1.590 ms - 11[0m
[0mGET / [32m200 [0m8.576 ms - 11[0m
[0mGET / [32m200 [0m6.882 ms - 11[0m
[0mGET / [32m200 [0m0.424 ms - 11[0m
[0mGET / [32m200 [0m1.281 ms - 11[0m
[0mGET / [32m200 [0m1.241 ms - 11[0m
[0mGET / [32m200 [0m0.283 ms - 11[0m
[0mGET / [32m200 [0m3.145 ms - 11[0m
[0mGET / [32m200 [0m1.503 ms - 11[0m
[0mGET / [32m200 [0m6.781 ms - 11[0m
[0mGET / [32m200 [0m2.767 ms - 11[0m
[0mGET / [32m200 [0m9.090 ms - 11[0m
[0mGET / [32m200 [0m9.373 ms - 11[0m
[0mGET / [32m200 [0m7.415 ms - 11[0m
[0mGET / [32m200 [0m13.310 ms - 11[0m
[0mGET / [32m200 [0m0.933 ms - 11[0m
[0mGET / [32m200 [0m5.482 ms - 11[0m
[0mGET / [32m200 [0m0.354 ms - 11[0m
[0mGET / [32m200 [0m0.282 ms - 11[0m
[0mGET / [32m200 [0m0.723 ms - 11[0m
[0mGET / [32m200 [0m4.675 ms - 11[0m
[0mGET / [32m200 [0m13.711 ms - 11[0m
[0mGET / [32m200 [0m13.898 ms - 11[0m
[0mGET / [32m200 [0m8.858 ms - 11[0m
[0mGET / [32m200 [0m9.205 ms - 11[0m
[0mGET / [32m200 [0m13.525 ms - 11[0m
[0mGET / [32m200 [0m4.328 ms - 11[0m
[0mGET / [32m200 [0m9.454 ms - 11[0m
[0mGET / [32m200 [0m10.739 ms - 11[0m
[0mGET / [32m200 [0m0.785 ms - 11[0m
[0mGET / [32m200 [0m0.472 ms - 11[0m
[0mGET / [32m200 [0m11.192 ms - 11[0m
[0mGET / [32m200 [0m11.550 ms - 11[0m
[0mGET / [32m200 [0m6.797 ms - 11[0m
[0mGET / [32m200 [0m7.131 ms - 11[0m
[0mGET / [32m200 [0m3.779 ms - 11[0m
[0mGET / [32m200 [0m2.582 ms - 11[0m
[0mGET / [32m200 [0m6.231 ms - 11[0m
[0mGET / [32m200 [0m11.850 ms - 11[0m
[0mGET / [32m200 [0m17.548 ms - 11[0m
[0mGET / [32m200 [0m6.697 ms - 11[0m
[0mGET / [32m200 [0m7.743 ms - 11[0m
[0mGET / [32m200 [0m6.218 ms - 11[0m
[0mGET / [32m200 [0m8.339 ms - 11[0m
[0mGET / [32m200 [0m8.616 ms - 11[0m
[0mGET / [32m200 [0m4.429 ms - 11[0m
[0mGET / [32m200 [0m9.107 ms - 11[0m
[0mGET / [32m200 [0m1.597 ms - 11[0m
[0mGET / [32m200 [0m2.338 ms - 11[0m
[0mGET / [32m200 [0m2.038 ms - 11[0m
[0mGET / [32m200 [0m3.939 ms - 11[0m
[0mGET / [32m200 [0m0.549 ms - 11[0m
[0mGET / [32m200 [0m1.735 ms - 11[0m
[0mGET / [32m200 [0m1.447 ms - 11[0m
[0mGET / [32m200 [0m0.755 ms - 11[0m
[0mGET / [32m200 [0m8.611 ms - 11[0m
[0mGET / [32m200 [0m8.914 ms - 11[0m
[0mGET / [32m200 [0m5.240 ms - 11[0m
[0mGET / [32m200 [0m2.303 ms - 11[0m
[0mGET / [32m200 [0m8.033 ms - 11[0m
[0mGET / [32m200 [0m8.943 ms - 11[0m
[0mGET / [32m200 [0m1.413 ms - 11[0m
[0mGET / [32m200 [0m2.305 ms - 11[0m
[0mGET / [32m200 [0m3.419 ms - 11[0m
[0mGET / [32m200 [0m0.451 ms - 11[0m
[0mGET / [32m200 [0m3.287 ms - 11[0m
[0mGET / [32m200 [0m3.492 ms - 11[0m
[0mGET / [32m200 [0m1.017 ms - 11[0m
[0mGET / [32m200 [0m5.943 ms - 11[0m
[0mGET / [32m200 [0m9.544 ms - 11[0m
[0mGET / [32m200 [0m4.889 ms - 11[0m
[0mGET / [32m200 [0m11.001 ms - 11[0m
[0mGET / [32m200 [0m19.228 ms - 11[0m
[0mGET / [32m200 [0m3.710 ms - 11[0m
[0mGET / [32m200 [0m0.996 ms - 11[0m
[0mGET / [32m200 [0m2.703 ms - 11[0m
[0mGET / [32m200 [0m2.058 ms - 11[0m
[0mGET / [32m200 [0m2.308 ms - 11[0m
[0mGET / [32m200 [0m8.235 ms - 11[0m
[0mGET / [32m200 [0m8.953 ms - 11[0m
[0mGET / [32m200 [0m9.248 ms - 11[0m
[0mGET / [32m200 [0m5.223 ms - 11[0m
[0mGET / [32m200 [0m5.330 ms - 11[0m
[0mGET / [32m200 [0m7.761 ms - 11[0m
[0mGET / [32m200 [0m9.434 ms - 11[0m
[0mGET / [32m200 [0m0.404 ms - 11[0m
[0mGET / [32m200 [0m0.295 ms - 11[0m
[0mGET / [32m200 [0m12.899 ms - 11[0m
[0mGET / [32m200 [0m13.267 ms - 11[0m
[0mGET / [32m200 [0m8.239 ms - 11[0m
[0mGET / [32m200 [0m7.509 ms - 11[0m
[0mGET / [32m200 [0m5.472 ms - 11[0m
[0mGET / [32m200 [0m5.741 ms - 11[0m
[0mGET / [32m200 [0m8.859 ms - 11[0m
[0mGET / [32m200 [0m9.181 ms - 11[0m
[0mGET / [32m200 [0m9.428 ms - 11[0m
[0mGET / [32m200 [0m9.553 ms - 11[0m
[0mGET / [32m200 [0m1.791 ms - 11[0m
[0mGET / [32m200 [0m3.158 ms - 11[0m
[0mGET / [32m200 [0m10.977 ms - 11[0m
[0mGET / [32m200 [0m11.210 ms - 11[0m
[0mGET / [32m200 [0m12.364 ms - 11[0m
[0mGET / [32m200 [0m12.719 ms - 11[0m
[0mGET / [32m200 [0m3.717 ms - 11[0m
[0mGET / [32m200 [0m3.874 ms - 11[0m
[0mGET / [32m200 [0m12.795 ms - 11[0m
[0mGET / [32m200 [0m13.045 ms - 11[0m
[0mGET / [32m200 [0m12.752 ms - 11[0m
[0mGET / [32m200 [0m15.955 ms - 11[0m
[0mGET / [32m200 [0m8.237 ms - 11[0m
[0mGET / [32m200 [0m8.440 ms - 11[0m
[0mGET / [32m200 [0m1.609 ms - 11[0m
[0mGET / [32m200 [0m0.315 ms - 11[0m
[0mGET / [32m200 [0m6.301 ms - 11[0m
[0mGET / [32m200 [0m7.415 ms - 11[0m
[0mGET / [32m200 [0m7.101 ms - 11[0m
[0mGET / [32m200 [0m7.342 ms - 11[0m
[0mGET / [32m200 [0m11.667 ms - 11[0m
[0mGET / [32m200 [0m11.887 ms - 11[0m
[0mGET / [32m200 [0m6.606 ms - 11[0m
[0mGET / [32m200 [0m6.756 ms - 11[0m
[0mGET / [32m200 [0m8.791 ms - 11[0m
[0mGET / [32m200 [0m2.792 ms - 11[0m
[0mGET / [32m200 [0m8.680 ms - 11[0m
[0mGET / [32m200 [0m8.887 ms - 11[0m
[0mGET / [32m200 [0m0.566 ms - 11[0m
[0mGET / [32m200 [0m0.370 ms - 11[0m
[0mGET / [32m200 [0m7.083 ms - 11[0m
[0mGET / [32m200 [0m7.399 ms - 11[0m
[0mGET / [32m200 [0m11.482 ms - 11[0m
[0mGET / [32m200 [0m11.553 ms - 11[0m
[0mGET / [32m200 [0m7.305 ms - 11[0m
[0mGET / [32m200 [0m7.621 ms - 11[0m
[0mGET / [32m200 [0m0.954 ms - 11[0m
[0mGET / [32m200 [0m13.363 ms - 11[0m
[0mGET / [32m200 [0m0.689 ms - 11[0m
[0mGET / [32m200 [0m0.803 ms - 11[0m
[0mGET / [32m200 [0m8.794 ms - 11[0m
[0mGET / [32m200 [0m2.152 ms - 11[0m
[0mGET / [32m200 [0m9.093 ms - 11[0m
[0mGET / [32m200 [0m11.317 ms - 11[0m
[0mGET / [32m200 [0m2.045 ms - 11[0m
[0mGET / [32m200 [0m3.147 ms - 11[0m
[0mGET / [32m200 [0m3.612 ms - 11[0m
[0mGET / [32m200 [0m7.376 ms - 11[0m
[0mGET / [32m200 [0m0.495 ms - 11[0m
[0mGET / [32m200 [0m4.938 ms - 11[0m
[0mGET / [32m200 [0m4.847 ms - 11[0m
[0mGET / [32m200 [0m5.116 ms - 11[0m
[0mGET / [32m200 [0m1.362 ms - 11[0m
[0mGET / [32m200 [0m2.647 ms - 11[0m
[0mGET / [32m200 [0m8.742 ms - 11[0m
[0mGET / [32m200 [0m9.114 ms - 11[0m
[0mGET / [32m200 [0m8.088 ms - 11[0m
[0mGET / [32m200 [0m7.422 ms - 11[0m
[0mGET / [32m200 [0m7.008 ms - 11[0m
[0mGET / [32m200 [0m7.244 ms - 11[0m
[0mGET / [32m200 [0m3.990 ms - 11[0m
[0mGET / [32m200 [0m3.586 ms - 11[0m
[0mGET / [32m200 [0m5.764 ms - 11[0m
[0mGET / [32m200 [0m6.062 ms - 11[0m
[0mGET / [32m200 [0m1.660 ms - 11[0m
[0mGET / [32m200 [0m2.842 ms - 11[0m
[0mGET / [32m200 [0m4.099 ms - 11[0m
[0mGET / [32m200 [0m4.248 ms - 11[0m
[0mGET / [32m200 [0m0.309 ms - 11[0m
[0mGET / [32m200 [0m5.290 ms - 11[0m
[0mGET / [32m200 [0m2.879 ms - 11[0m
[0mGET / [32m200 [0m3.024 ms - 11[0m
[0mGET / [32m200 [0m8.972 ms - 11[0m
[0mGET / [32m200 [0m6.801 ms - 11[0m
[0mGET / [32m200 [0m4.998 ms - 11[0m
[0mGET / [32m200 [0m5.142 ms - 11[0m
[0mGET / [32m200 [0m1.682 ms - 11[0m
[0mGET / [32m200 [0m1.192 ms - 11[0m
[0mGET / [32m200 [0m9.369 ms - 11[0m
[0mGET / [32m200 [0m10.981 ms - 11[0m
[0mGET / [32m200 [0m4.181 ms - 11[0m
[0mGET / [32m200 [0m8.172 ms - 11[0m
[0mGET / [32m200 [0m5.751 ms - 11[0m
[0mGET / [32m200 [0m6.111 ms - 11[0m
[0mGET / [32m200 [0m1.603 ms - 11[0m
[0mGET / [32m200 [0m1.856 ms - 11[0m
[0mGET / [32m200 [0m11.826 ms - 11[0m
[0mGET / [32m200 [0m1.830 ms - 11[0m
[0mGET / [32m200 [0m5.486 ms - 11[0m
[0mGET / [32m200 [0m5.711 ms - 11[0m
[0mGET / [32m200 [0m4.777 ms - 11[0m
[0mGET / [32m200 [0m4.968 ms - 11[0m
[0mGET / [32m200 [0m6.367 ms - 11[0m
[0mGET / [32m200 [0m14.908 ms - 11[0m
[0mGET / [32m200 [0m5.681 ms - 11[0m
[0mGET / [32m200 [0m5.943 ms - 11[0m
[0mGET / [32m200 [0m4.310 ms - 11[0m
[0mGET / [32m200 [0m4.567 ms - 11[0m
[0mGET / [32m200 [0m5.431 ms - 11[0m
[0mGET / [32m200 [0m5.703 ms - 11[0m
[0mGET / [32m200 [0m5.388 ms - 11[0m
[0mGET / [32m200 [0m0.792 ms - 11[0m
[0mGET / [32m200 [0m4.304 ms - 11[0m
[0mGET / [32m200 [0m4.575 ms - 11[0m
[0mGET / [32m200 [0m9.063 ms - 11[0m
[0mGET / [32m200 [0m9.322 ms - 11[0m
[0mGET / [32m200 [0m5.813 ms - 11[0m
[0mGET / [32m200 [0m6.109 ms - 11[0m
[0mGET / [32m200 [0m5.996 ms - 11[0m
[0mGET / [32m200 [0m4.316 ms - 11[0m
[0mGET / [32m200 [0m5.329 ms - 11[0m
[0mGET / [32m200 [0m6.237 ms - 11[0m
[0mGET / [32m200 [0m0.784 ms - 11[0m
[0mGET / [32m200 [0m0.508 ms - 11[0m
[0mGET / [32m200 [0m3.410 ms - 11[0m
[0mGET / [32m200 [0m3.561 ms - 11[0m
[0mGET / [32m200 [0m5.996 ms - 11[0m
[0mGET / [32m200 [0m2.235 ms - 11[0m
[0mGET / [32m200 [0m6.713 ms - 11[0m
[0mGET / [32m200 [0m6.877 ms - 11[0m
[0mGET / [32m200 [0m5.518 ms - 11[0m
[0mGET / [32m200 [0m5.776 ms - 11[0m
[0mGET / [32m200 [0m5.120 ms - 11[0m
[0mGET / [32m200 [0m5.392 ms - 11[0m
[0mGET / [32m200 [0m3.688 ms - 11[0m
[0mGET / [32m200 [0m1.725 ms - 11[0m
[0mGET / [32m200 [0m2.017 ms - 11[0m
[0mGET / [32m200 [0m0.293 ms - 11[0m
[0mGET / [32m200 [0m2.269 ms - 11[0m
[0mGET / [32m200 [0m2.603 ms - 11[0m
[0mGET / [32m200 [0m0.873 ms - 11[0m
[0mGET / [32m200 [0m0.768 ms - 11[0m
[0mGET / [32m200 [0m7.900 ms - 11[0m
[0mGET / [32m200 [0m8.772 ms - 11[0m
[0mGET / [32m200 [0m3.060 ms - 11[0m
[0mGET / [32m200 [0m0.316 ms - 11[0m
[0mGET / [32m200 [0m4.240 ms - 11[0m
[0mGET / [32m200 [0m3.613 ms - 11[0m
[0mGET / [32m200 [0m0.463 ms - 11[0m
[0mGET / [32m200 [0m6.639 ms - 11[0m
[0mGET / [32m200 [0m3.755 ms - 11[0m
[0mGET / [32m200 [0m3.837 ms - 11[0m
[0mGET / [32m200 [0m11.974 ms - 11[0m
[0mGET / [32m200 [0m8.204 ms - 11[0m
[0mGET / [32m200 [0m8.613 ms - 11[0m
[0mGET / [32m200 [0m8.854 ms - 11[0m
[0mGET / [32m200 [0m4.430 ms - 11[0m
[0mGET / [32m200 [0m4.580 ms - 11[0m
[0mGET / [32m200 [0m8.937 ms - 11[0m
[0mGET / [32m200 [0m9.094 ms - 11[0m
[0mGET / [32m200 [0m7.697 ms - 11[0m
[0mGET / [32m200 [0m8.023 ms - 11[0m
[0mGET / [32m200 [0m7.794 ms - 11[0m
[0mGET / [32m200 [0m8.412 ms - 11[0m
[0mGET / [32m200 [0m3.198 ms - 11[0m
[0mGET / [32m200 [0m3.946 ms - 11[0m
[0mGET / [32m200 [0m3.741 ms - 11[0m
[0mGET / [32m200 [0m3.977 ms - 11[0m
[0mGET / [32m200 [0m4.412 ms - 11[0m
[0mGET / [32m200 [0m1.710 ms - 11[0m
[0mGET / [32m200 [0m4.733 ms - 11[0m
[0mGET / [32m200 [0m2.948 ms - 11[0m
[0mGET / [32m200 [0m2.652 ms - 11[0m
[0mGET / [32m200 [0m3.125 ms - 11[0m
[0mGET / [32m200 [0m13.723 ms - 11[0m
[0mGET / [32m200 [0m18.380 ms - 11[0m
[0mGET / [32m200 [0m5.990 ms - 11[0m
[0mGET / [32m200 [0m6.142 ms - 11[0m
[0mGET / [32m200 [0m6.827 ms - 11[0m
[0mGET / [32m200 [0m7.196 ms - 11[0m
[0mGET / [32m200 [0m3.987 ms - 11[0m
[0mGET / [32m200 [0m4.105 ms - 11[0m
[0mGET / [32m200 [0m9.023 ms - 11[0m
[0mGET / [32m200 [0m9.237 ms - 11[0m
[0mGET / [32m200 [0m11.788 ms - 11[0m
[0mGET / [32m200 [0m7.278 ms - 11[0m
[0mGET / [32m200 [0m0.867 ms - 11[0m
[0mGET / [32m200 [0m0.243 ms - 11[0m
[0mGET / [32m200 [0m10.197 ms - 11[0m
[0mGET / [32m200 [0m9.458 ms - 11[0m
[0mGET / [32m200 [0m8.456 ms - 11[0m
[0mGET / [32m200 [0m8.603 ms - 11[0m
[0mGET / [32m200 [0m6.372 ms - 11[0m
[0mGET / [32m200 [0m6.972 ms - 11[0m
[0mGET / [32m200 [0m5.738 ms - 11[0m
[0mGET / [32m200 [0m7.011 ms - 11[0m
[0mGET / [32m200 [0m7.526 ms - 11[0m
[0mGET / [32m200 [0m7.760 ms - 11[0m
[0mGET / [32m200 [0m2.367 ms - 11[0m
[0mGET / [32m200 [0m0.251 ms - 11[0m
[0mGET / [32m200 [0m4.846 ms - 11[0m
[0mGET / [32m200 [0m5.234 ms - 11[0m
[0mGET / [32m200 [0m0.335 ms - 11[0m
[0mGET / [32m200 [0m3.808 ms - 11[0m
[0mGET / [32m200 [0m3.757 ms - 11[0m
[0mGET / [32m200 [0m4.060 ms - 11[0m
[0mGET / [32m200 [0m7.660 ms - 11[0m
[0mGET / [32m200 [0m7.769 ms - 11[0m
[0mGET / [32m200 [0m8.415 ms - 11[0m
[0mGET / [32m200 [0m8.564 ms - 11[0m
[0mGET / [32m200 [0m4.963 ms - 11[0m
[0mGET / [32m200 [0m12.033 ms - 11[0m
[0mGET / [32m200 [0m8.978 ms - 11[0m
[0mGET / [32m200 [0m6.327 ms - 11[0m
[0mGET / [32m200 [0m1.810 ms - 11[0m
[0mGET / [32m200 [0m2.066 ms - 11[0m
[0mGET / [32m200 [0m8.836 ms - 11[0m
[0mGET / [32m200 [0m9.078 ms - 11[0m
[0mGET / [32m200 [0m1.338 ms - 11[0m
[0mGET / [32m200 [0m5.882 ms - 11[0m
[0mGET / [32m200 [0m1.538 ms - 11[0m
[0mGET / [32m200 [0m0.457 ms - 11[0m
[0mGET / [32m200 [0m5.409 ms - 11[0m
[0mGET / [32m200 [0m5.660 ms - 11[0m
[0mGET / [32m200 [0m11.641 ms - 11[0m
[0mGET / [32m200 [0m11.947 ms - 11[0m
[0mGET / [32m200 [0m9.881 ms - 11[0m
[0mGET / [32m200 [0m10.019 ms - 11[0m
[0mGET / [32m200 [0m2.503 ms - 11[0m
[0mGET / [32m200 [0m3.849 ms - 11[0m
[0mGET / [32m200 [0m8.420 ms - 11[0m
[0mGET / [32m200 [0m7.200 ms - 11[0m
[0mGET / [32m200 [0m17.031 ms - 11[0m
[0mGET / [32m200 [0m12.655 ms - 11[0m
[0mGET / [32m200 [0m8.652 ms - 11[0m
[0mGET / [32m200 [0m8.794 ms - 11[0m
[0mGET / [32m200 [0m7.895 ms - 11[0m
[0mGET / [32m200 [0m8.025 ms - 11[0m
[0mGET / [32m200 [0m9.270 ms - 11[0m
[0mGET / [32m200 [0m9.561 ms - 11[0m
[0mGET / [32m200 [0m8.606 ms - 11[0m
[0mGET / [32m200 [0m6.123 ms - 11[0m
[0mGET / [32m200 [0m4.017 ms - 11[0m
[0mGET / [32m200 [0m4.298 ms - 11[0m
[0mGET / [32m200 [0m9.551 ms - 11[0m
[0mGET / [32m200 [0m9.695 ms - 11[0m
[0mGET / [32m200 [0m10.706 ms - 11[0m
[0mGET / [32m200 [0m12.592 ms - 11[0m
[0mGET / [32m200 [0m9.400 ms - 11[0m
[0mGET / [32m200 [0m11.233 ms - 11[0m
[0mGET / [32m200 [0m17.491 ms - 11[0m
[0mGET / [32m200 [0m15.269 ms - 11[0m
[0mGET / [32m200 [0m1.961 ms - 11[0m
[0mGET / [32m200 [0m7.274 ms - 11[0m
[0mGET / [32m200 [0m14.393 ms - 11[0m
[0mGET / [32m200 [0m14.258 ms - 11[0m
[0mGET / [32m200 [0m3.454 ms - 11[0m
[0mGET / [32m200 [0m8.905 ms - 11[0m
[0mGET / [32m200 [0m8.387 ms - 11[0m
[0mGET / [32m200 [0m32.630 ms - 11[0m
[0mGET / [32m200 [0m32.398 ms - 11[0m
[0mGET / [32m200 [0m32.672 ms - 11[0m
[0mGET / [32m200 [0m16.443 ms - 11[0m
[0mGET / [32m200 [0m0.978 ms - 11[0m
[0mGET / [32m200 [0m1.983 ms - 11[0m
[0mGET / [32m200 [0m0.815 ms - 11[0m
[0mGET / [32m200 [0m5.562 ms - 11[0m
[0mGET / [32m200 [0m0.743 ms - 11[0m
[0mGET / [32m200 [0m0.532 ms - 11[0m
[0mGET / [32m200 [0m11.918 ms - 11[0m
[0mGET / [32m200 [0m7.999 ms - 11[0m
[0mGET / [32m200 [0m0.981 ms - 11[0m
[0mGET / [32m200 [0m2.354 ms - 11[0m
[0mGET / [32m200 [0m3.019 ms - 11[0m
[0mGET / [32m200 [0m4.052 ms - 11[0m
[0mGET / [32m200 [0m4.358 ms - 11[0m
[0mGET / [32m200 [0m10.753 ms - 11[0m
[0mGET / [32m200 [0m11.044 ms - 11[0m
[0mGET / [32m200 [0m2.991 ms - 11[0m
[0mGET / [32m200 [0m3.543 ms - 11[0m
[0mGET / [32m200 [0m3.316 ms - 11[0m
[0mGET / [32m200 [0m3.917 ms - 11[0m
[0mGET / [32m200 [0m1.350 ms - 11[0m
[0mGET / [32m200 [0m4.111 ms - 11[0m
[0mGET / [32m200 [0m7.939 ms - 11[0m
[0mGET / [32m200 [0m7.839 ms - 11[0m
[0mGET / [32m200 [0m2.359 ms - 11[0m
[0mGET / [32m200 [0m2.875 ms - 11[0m
[0mGET / [32m200 [0m12.946 ms - 11[0m
[0mGET / [32m200 [0m13.290 ms - 11[0m
[0mGET / [32m200 [0m4.929 ms - 11[0m
[0mGET / [32m200 [0m16.211 ms - 11[0m
[0mGET / [32m200 [0m3.308 ms - 11[0m
[0mGET / [32m200 [0m3.502 ms - 11[0m
[0mGET / [32m200 [0m10.365 ms - 11[0m
[0mGET / [32m200 [0m11.246 ms - 11[0m
[0mGET / [32m200 [0m4.354 ms - 11[0m
[0mGET / [32m200 [0m4.823 ms - 11[0m
[0mGET / [32m200 [0m3.247 ms - 11[0m
[0mGET / [32m200 [0m3.704 ms - 11[0m
[0mGET / [32m200 [0m5.665 ms - 11[0m
[0mGET / [32m200 [0m5.951 ms - 11[0m
[0mGET / [32m200 [0m10.164 ms - 11[0m
[0mGET / [32m200 [0m10.272 ms - 11[0m
[0mGET / [32m200 [0m13.160 ms - 11[0m
[0mGET / [32m200 [0m12.387 ms - 11[0m
[0mGET / [32m200 [0m10.425 ms - 11[0m
[0mGET / [32m200 [0m10.702 ms - 11[0m
[0mGET / [32m200 [0m9.365 ms - 11[0m
[0mGET / [32m200 [0m9.485 ms - 11[0m
[0mGET / [32m200 [0m6.449 ms - 11[0m
[0mGET / [32m200 [0m6.706 ms - 11[0m
[0mGET / [32m200 [0m2.505 ms - 11[0m
[0mGET / [32m200 [0m3.051 ms - 11[0m
[0mGET / [32m200 [0m10.372 ms - 11[0m
[0mGET / [32m200 [0m10.500 ms - 11[0m
[0mGET / [32m200 [0m8.457 ms - 11[0m
[0mGET / [32m200 [0m8.555 ms - 11[0m
[0mGET / [32m200 [0m11.273 ms - 11[0m
[0mGET / [32m200 [0m11.656 ms - 11[0m
[0mGET / [32m200 [0m1.288 ms - 11[0m
[0mGET / [32m200 [0m0.366 ms - 11[0m
[0mGET / [32m200 [0m10.004 ms - 11[0m
[0mGET / [32m200 [0m10.602 ms - 11[0m
[0mGET / [32m200 [0m2.622 ms - 11[0m
[0mGET / [32m200 [0m2.657 ms - 11[0m
[0mGET / [32m200 [0m9.062 ms - 11[0m
[0mGET / [32m200 [0m9.208 ms - 11[0m
[0mGET / [32m200 [0m11.524 ms - 11[0m
[0mGET / [32m200 [0m7.021 ms - 11[0m
[0mGET / [32m200 [0m9.670 ms - 11[0m
[0mGET / [32m200 [0m9.577 ms - 11[0m
[0mGET / [32m200 [0m3.235 ms - 11[0m
[0mGET / [32m200 [0m3.373 ms - 11[0m
[0mGET / [32m200 [0m5.940 ms - 11[0m
[0mGET / [32m200 [0m3.018 ms - 11[0m
[0mGET / [32m200 [0m10.000 ms - 11[0m
[0mGET / [32m200 [0m10.518 ms - 11[0m
[0mGET / [32m200 [0m6.348 ms - 11[0m
[0mGET / [32m200 [0m7.012 ms - 11[0m
[0mGET / [32m200 [0m6.944 ms - 11[0m
[0mGET / [32m200 [0m7.200 ms - 11[0m
[0mGET / [32m200 [0m6.315 ms - 11[0m
[0mGET / [32m200 [0m6.774 ms - 11[0m
[0mGET / [32m200 [0m9.639 ms - 11[0m
[0mGET / [32m200 [0m10.130 ms - 11[0m
[0mGET / [32m200 [0m13.924 ms - 11[0m
[0mGET / [32m200 [0m0.803 ms - 11[0m
[0mGET / [32m200 [0m11.103 ms - 11[0m
[0mGET / [32m200 [0m4.102 ms - 11[0m
[0mGET / [32m200 [0m2.651 ms - 11[0m
[0mGET / [32m200 [0m10.656 ms - 11[0m
[0mGET / [32m200 [0m6.881 ms - 11[0m
[0mGET / [32m200 [0m13.689 ms - 11[0m
[0mGET / [32m200 [0m5.410 ms - 11[0m
[0mGET / [32m200 [0m0.304 ms - 11[0m
[0mGET / [32m200 [0m0.624 ms - 11[0m
[0mGET / [32m200 [0m2.475 ms - 11[0m
[0mGET / [32m200 [0m0.980 ms - 11[0m
[0mGET / [32m200 [0m11.509 ms - 11[0m
[0mGET / [32m200 [0m13.180 ms - 11[0m
[0mGET / [32m200 [0m0.851 ms - 11[0m
[0mGET / [32m200 [0m0.343 ms - 11[0m
[0mGET / [32m200 [0m1.330 ms - 11[0m
[0mGET / [32m200 [0m4.544 ms - 11[0m
[0mGET / [32m200 [0m11.212 ms - 11[0m
[0mGET / [32m200 [0m9.238 ms - 11[0m
[0mGET / [32m200 [0m9.059 ms - 11[0m
[0mGET / [32m200 [0m1.810 ms - 11[0m
[0mGET / [32m200 [0m12.070 ms - 11[0m
[0mGET / [32m200 [0m1.539 ms - 11[0m
[0mGET / [32m200 [0m11.795 ms - 11[0m
[0mGET / [32m200 [0m14.144 ms - 11[0m
[0mGET / [32m200 [0m14.499 ms - 11[0m
[0mGET / [32m200 [0m10.484 ms - 11[0m
[0mGET / [32m200 [0m2.477 ms - 11[0m
[0mGET / [32m200 [0m0.444 ms - 11[0m
[0mGET / [32m200 [0m0.320 ms - 11[0m
[0mGET / [32m200 [0m6.347 ms - 11[0m
[0mGET / [32m200 [0m6.642 ms - 11[0m
[0mGET / [32m200 [0m7.334 ms - 11[0m
[0mGET / [32m200 [0m7.695 ms - 11[0m
[0mGET / [32m200 [0m5.332 ms - 11[0m
[0mGET / [32m200 [0m5.730 ms - 11[0m
[0mGET / [32m200 [0m4.002 ms - 11[0m
[0mGET / [32m200 [0m4.383 ms - 11[0m
[0mGET / [32m200 [0m8.246 ms - 11[0m
[0mGET / [32m200 [0m8.406 ms - 11[0m
[0mGET / [32m200 [0m0.547 ms - 11[0m
[0mGET / [32m200 [0m3.291 ms - 11[0m
[0mGET / [32m200 [0m9.021 ms - 11[0m
[0mGET / [32m200 [0m9.263 ms - 11[0m
[0mGET / [32m200 [0m5.162 ms - 11[0m
[0mGET / [32m200 [0m5.465 ms - 11[0m
[0mGET / [32m200 [0m0.544 ms - 11[0m
[0mGET / [32m200 [0m2.260 ms - 11[0m
[0mGET / [32m200 [0m0.715 ms - 11[0m
[0mGET / [32m200 [0m0.315 ms - 11[0m
[0mGET / [32m200 [0m3.878 ms - 11[0m
[0mGET / [32m200 [0m14.235 ms - 11[0m
[0mGET / [32m200 [0m15.084 ms - 11[0m
[0mGET / [32m200 [0m15.335 ms - 11[0m
[0mGET / [32m200 [0m2.745 ms - 11[0m
[0mGET / [32m200 [0m2.849 ms - 11[0m
[0mGET / [32m200 [0m8.654 ms - 11[0m
[0mGET / [32m200 [0m8.892 ms - 11[0m
[0mGET / [32m200 [0m0.416 ms - 11[0m
[0mGET / [32m200 [0m1.304 ms - 11[0m
[0mGET / [32m200 [0m5.912 ms - 11[0m
[0mGET / [32m200 [0m6.247 ms - 11[0m
[0mGET / [32m200 [0m2.085 ms - 11[0m
[0mGET / [32m200 [0m2.338 ms - 11[0m
[0mGET / [32m200 [0m10.380 ms - 11[0m
[0mGET / [32m200 [0m10.693 ms - 11[0m
[0mGET / [32m200 [0m3.468 ms - 11[0m
[0mGET / [32m200 [0m3.779 ms - 11[0m
[0mGET / [32m200 [0m7.606 ms - 11[0m
[0mGET / [32m200 [0m7.956 ms - 11[0m
[0mGET / [32m200 [0m5.234 ms - 11[0m
[0mGET / [32m200 [0m2.302 ms - 11[0m
[0mGET / [32m200 [0m11.500 ms - 11[0m
[0mGET / [32m200 [0m11.721 ms - 11[0m
[0mGET / [32m200 [0m1.816 ms - 11[0m
[0mGET / [32m200 [0m0.919 ms - 11[0m
[0mGET / [32m200 [0m5.793 ms - 11[0m
[0mGET / [32m200 [0m6.048 ms - 11[0m
[0mGET / [32m200 [0m18.880 ms - 11[0m
[0mGET / [32m200 [0m19.108 ms - 11[0m
[0mGET / [32m200 [0m9.878 ms - 11[0m
[0mGET / [32m200 [0m10.155 ms - 11[0m
[0mGET / [32m200 [0m6.380 ms - 11[0m
[0mGET / [32m200 [0m7.424 ms - 11[0m
[0mGET / [32m200 [0m9.607 ms - 11[0m
[0mGET / [32m200 [0m10.214 ms - 11[0m
[0mGET / [32m200 [0m10.946 ms - 11[0m
[0mGET / [32m200 [0m10.886 ms - 11[0m
[0mGET / [32m200 [0m1.557 ms - 11[0m
[0mGET / [32m200 [0m14.212 ms - 11[0m
[0mGET / [32m200 [0m2.981 ms - 11[0m
[0mGET / [32m200 [0m11.744 ms - 11[0m
[0mGET / [32m200 [0m1.425 ms - 11[0m
[0mGET / [32m200 [0m2.869 ms - 11[0m
[0mGET / [32m200 [0m9.595 ms - 11[0m
[0mGET / [32m200 [0m5.607 ms - 11[0m
[0mGET / [32m200 [0m11.825 ms - 11[0m
[0mGET / [32m200 [0m12.354 ms - 11[0m
[0mGET / [32m200 [0m1.780 ms - 11[0m
[0mGET / [32m200 [0m3.048 ms - 11[0m
[0mGET / [32m200 [0m0.652 ms - 11[0m
[0mGET / [32m200 [0m0.665 ms - 11[0m
[0mGET / [32m200 [0m0.745 ms - 11[0m
[0mGET / [32m200 [0m0.319 ms - 11[0m
[0mGET / [32m200 [0m2.156 ms - 11[0m
[0mGET / [32m200 [0m2.427 ms - 11[0m
[0mGET / [32m200 [0m14.079 ms - 11[0m
[0mGET / [32m200 [0m14.350 ms - 11[0m
[0mGET / [32m200 [0m13.739 ms - 11[0m
[0mGET / [32m200 [0m12.759 ms - 11[0m
[0mGET / [32m200 [0m10.001 ms - 11[0m
[0mGET / [32m200 [0m8.429 ms - 11[0m
[0mGET / [32m200 [0m12.366 ms - 11[0m
[0mGET / [32m200 [0m12.353 ms - 11[0m
[0mGET / [32m200 [0m5.267 ms - 11[0m
[0mGET / [32m200 [0m0.453 ms - 11[0m
[0mGET / [32m200 [0m7.388 ms - 11[0m
[0mGET / [32m200 [0m7.643 ms - 11[0m
[0mGET / [32m200 [0m3.785 ms - 11[0m
[0mGET / [32m200 [0m2.563 ms - 11[0m
[0mGET / [32m200 [0m8.541 ms - 11[0m
[0mGET / [32m200 [0m9.671 ms - 11[0m
[0mGET / [32m200 [0m1.673 ms - 11[0m
[0mGET / [32m200 [0m0.871 ms - 11[0m
[0mGET / [32m200 [0m11.388 ms - 11[0m
[0mGET / [32m200 [0m10.633 ms - 11[0m
[0mGET / [32m200 [0m1.153 ms - 11[0m
[0mGET / [32m200 [0m11.008 ms - 11[0m
[0mGET / [32m200 [0m1.068 ms - 11[0m
[0mGET / [32m200 [0m8.716 ms - 11[0m
[0mGET / [32m200 [0m7.154 ms - 11[0m
[0mGET / [32m200 [0m7.181 ms - 11[0m
[0mGET / [32m200 [0m1.936 ms - 11[0m
[0mGET / [32m200 [0m10.816 ms - 11[0m
[0mGET / [32m200 [0m1.739 ms - 11[0m
[0mGET / [32m200 [0m2.974 ms - 11[0m
[0mGET / [32m200 [0m7.275 ms - 11[0m
[0mGET / [32m200 [0m7.558 ms - 11[0m
[0mGET / [32m200 [0m4.168 ms - 11[0m
[0mGET / [32m200 [0m1.681 ms - 11[0m
[0mGET / [32m200 [0m2.426 ms - 11[0m
[0mGET / [32m200 [0m11.822 ms - 11[0m
[0mGET / [32m200 [0m2.208 ms - 11[0m
[0mGET / [32m200 [0m2.641 ms - 11[0m
[0mGET / [32m200 [0m6.504 ms - 11[0m
[0mGET / [32m200 [0m6.805 ms - 11[0m
[0mGET / [32m200 [0m2.653 ms - 11[0m
[0mGET / [32m200 [0m4.570 ms - 11[0m
[0mGET / [32m200 [0m2.099 ms - 11[0m
[0mGET / [32m200 [0m3.848 ms - 11[0m
[0mGET / [32m200 [0m8.018 ms - 11[0m
[0mGET / [32m200 [0m5.194 ms - 11[0m
[0mGET / [32m200 [0m13.421 ms - 11[0m
[0mGET / [32m200 [0m13.663 ms - 11[0m
[0mGET / [32m200 [0m3.687 ms - 11[0m
[0mGET / [32m200 [0m3.907 ms - 11[0m
[0mGET / [32m200 [0m7.565 ms - 11[0m
[0mGET / [32m200 [0m7.985 ms - 11[0m
[0mGET / [32m200 [0m5.552 ms - 11[0m
[0mGET / [32m200 [0m0.786 ms - 11[0m
[0mGET / [32m200 [0m2.135 ms - 11[0m
[0mGET / [32m200 [0m0.773 ms - 11[0m
[0mGET / [32m200 [0m3.798 ms - 11[0m
[0mGET / [32m200 [0m2.377 ms - 11[0m
[0mGET / [32m200 [0m7.211 ms - 11[0m
[0mGET / [32m200 [0m7.580 ms - 11[0m
[0mGET / [32m200 [0m1.142 ms - 11[0m
[0mGET / [32m200 [0m8.527 ms - 11[0m
[0mGET / [32m200 [0m7.481 ms - 11[0m
[0mGET / [32m200 [0m7.791 ms - 11[0m
[0mGET / [32m200 [0m3.539 ms - 11[0m
[0mGET / [32m200 [0m3.740 ms - 11[0m
[0mGET / [32m200 [0m1.531 ms - 11[0m
[0mGET / [32m200 [0m0.357 ms - 11[0m
[0mGET / [32m200 [0m5.914 ms - 11[0m
[0mGET / [32m200 [0m6.050 ms - 11[0m
[0mGET / [32m200 [0m0.758 ms - 11[0m
[0mGET / [32m200 [0m0.317 ms - 11[0m
[0mGET / [32m200 [0m10.294 ms - 11[0m
[0mGET / [32m200 [0m9.909 ms - 11[0m
[0mGET / [32m200 [0m6.541 ms - 11[0m
[0mGET / [32m200 [0m1.173 ms - 11[0m
[0mGET / [32m200 [0m9.918 ms - 11[0m
[0mGET / [32m200 [0m11.267 ms - 11[0m
[0mGET / [32m200 [0m1.851 ms - 11[0m
[0mGET / [32m200 [0m2.009 ms - 11[0m
[0mGET / [32m200 [0m6.983 ms - 11[0m
[0mGET / [32m200 [0m7.172 ms - 11[0m
[0mGET / [32m200 [0m1.862 ms - 11[0m
[0mGET / [32m200 [0m13.347 ms - 11[0m
[0mGET / [32m200 [0m0.357 ms - 11[0m
[0mGET / [32m200 [0m0.972 ms - 11[0m
[0mGET / [32m200 [0m13.442 ms - 11[0m
[0mGET / [32m200 [0m13.696 ms - 11[0m
[0mGET / [32m200 [0m9.593 ms - 11[0m
[0mGET / [32m200 [0m9.831 ms - 11[0m
[0mGET / [32m200 [0m8.073 ms - 11[0m
[0mGET / [32m200 [0m8.370 ms - 11[0m
[0mGET / [32m200 [0m6.480 ms - 11[0m
[0mGET / [32m200 [0m0.520 ms - 11[0m
[0mGET / [32m200 [0m12.800 ms - 11[0m
[0mGET / [32m200 [0m12.939 ms - 11[0m
[0mGET / [32m200 [0m4.752 ms - 11[0m
[0mGET / [32m200 [0m4.913 ms - 11[0m
[0mGET / [32m200 [0m5.472 ms - 11[0m
[0mGET / [32m200 [0m5.667 ms - 11[0m
[0mGET / [32m200 [0m1.496 ms - 11[0m
[0mGET / [32m200 [0m1.846 ms - 11[0m
[0mGET / [32m200 [0m1.398 ms - 11[0m
[0mGET / [32m200 [0m3.803 ms - 11[0m
[0mGET / [32m200 [0m1.026 ms - 11[0m
[0mGET / [32m200 [0m0.421 ms - 11[0m
[0mGET / [32m200 [0m1.503 ms - 11[0m
[0mGET / [32m200 [0m0.412 ms - 11[0m
[0mGET / [32m200 [0m6.818 ms - 11[0m
[0mGET / [32m200 [0m7.167 ms - 11[0m
[0mGET / [32m200 [0m5.797 ms - 11[0m
[0mGET / [32m200 [0m6.195 ms - 11[0m
[0mGET / [32m200 [0m5.514 ms - 11[0m
[0mGET / [32m200 [0m5.811 ms - 11[0m
[0mGET / [32m200 [0m2.009 ms - 11[0m
[0mGET / [32m200 [0m2.266 ms - 11[0m
[0mGET / [32m200 [0m3.547 ms - 11[0m
[0mGET / [32m200 [0m4.412 ms - 11[0m
[0mGET / [32m200 [0m10.503 ms - 11[0m
[0mGET / [32m200 [0m10.684 ms - 11[0m
[0mGET / [32m200 [0m6.275 ms - 11[0m
[0mGET / [32m200 [0m2.906 ms - 11[0m
[0mGET / [32m200 [0m6.958 ms - 11[0m
[0mGET / [32m200 [0m7.228 ms - 11[0m
[0mGET / [32m200 [0m0.646 ms - 11[0m
[0mGET / [32m200 [0m0.849 ms - 11[0m
[0mGET / [32m200 [0m3.267 ms - 11[0m
[0mGET / [32m200 [0m4.187 ms - 11[0m
[0mGET / [32m200 [0m3.848 ms - 11[0m
[0mGET / [32m200 [0m4.048 ms - 11[0m
[0mGET / [32m200 [0m8.258 ms - 11[0m
[0mGET / [32m200 [0m8.572 ms - 11[0m
[0mGET / [32m200 [0m12.759 ms - 11[0m
[0mGET / [32m200 [0m2.829 ms - 11[0m
[0mGET / [32m200 [0m11.484 ms - 11[0m
[0mGET / [32m200 [0m11.578 ms - 11[0m
[0mGET / [32m200 [0m1.724 ms - 11[0m
[0mGET / [32m200 [0m1.993 ms - 11[0m
[0mGET / [32m200 [0m10.688 ms - 11[0m
[0mGET / [32m200 [0m10.902 ms - 11[0m
[0mGET / [32m200 [0m7.472 ms - 11[0m
[0mGET / [32m200 [0m8.739 ms - 11[0m
[0mGET / [32m200 [0m0.335 ms - 11[0m
[0mGET / [32m200 [0m0.911 ms - 11[0m
[0mGET / [32m200 [0m6.906 ms - 11[0m
[0mGET / [32m200 [0m7.260 ms - 11[0m
[0mGET / [32m200 [0m0.564 ms - 11[0m
[0mGET / [32m200 [0m0.349 ms - 11[0m
[0mGET / [32m200 [0m9.852 ms - 11[0m
[0mGET / [32m200 [0m1.813 ms - 11[0m
[0mGET / [32m200 [0m0.351 ms - 11[0m
[0mGET / [32m200 [0m2.291 ms - 11[0m
[0mGET / [32m200 [0m7.487 ms - 11[0m
[0mGET / [32m200 [0m7.949 ms - 11[0m
[0mGET / [32m200 [0m0.611 ms - 11[0m
[0mGET / [32m200 [0m0.422 ms - 11[0m
[0mGET / [32m200 [0m1.191 ms - 11[0m
[0mGET / [32m200 [0m0.335 ms - 11[0m
[0mGET / [32m200 [0m0.339 ms - 11[0m
[0mGET / [32m200 [0m2.648 ms - 11[0m
[0mGET / [32m200 [0m1.508 ms - 11[0m
[0mGET / [32m200 [0m7.022 ms - 11[0m
[0mGET / [32m200 [0m6.485 ms - 11[0m
[0mGET / [32m200 [0m6.903 ms - 11[0m
[0mGET / [32m200 [0m3.989 ms - 11[0m
[0mGET / [32m200 [0m6.101 ms - 11[0m
[0mGET / [32m200 [0m10.080 ms - 11[0m
[0mGET / [32m200 [0m1.245 ms - 11[0m
[0mGET / [32m200 [0m12.287 ms - 11[0m
[0mGET / [32m200 [0m2.302 ms - 11[0m
[0mGET / [32m200 [0m2.914 ms - 11[0m
[0mGET / [32m200 [0m4.571 ms - 11[0m
[0mGET / [32m200 [0m6.557 ms - 11[0m
[0mGET / [32m200 [0m0.865 ms - 11[0m
[0mGET / [32m200 [0m13.031 ms - 11[0m
[0mGET / [32m200 [0m12.956 ms - 11[0m
[0mGET / [32m200 [0m2.864 ms - 11[0m
[0mGET / [32m200 [0m1.077 ms - 11[0m
[0mGET / [32m200 [0m11.524 ms - 11[0m
[0mGET / [32m200 [0m11.777 ms - 11[0m
[0mGET / [32m200 [0m3.696 ms - 11[0m
[0mGET / [32m200 [0m0.676 ms - 11[0m
[0mGET / [32m200 [0m8.678 ms - 11[0m
[0mGET / [32m200 [0m9.276 ms - 11[0m
[0mGET / [32m200 [0m3.799 ms - 11[0m
[0mGET / [32m200 [0m0.357 ms - 11[0m
[0mGET / [32m200 [0m12.067 ms - 11[0m
[0mGET / [32m200 [0m12.331 ms - 11[0m
[0mGET / [32m200 [0m0.398 ms - 11[0m
[0mGET / [32m200 [0m2.306 ms - 11[0m
[0mGET / [32m200 [0m8.721 ms - 11[0m
[0mGET / [32m200 [0m8.955 ms - 11[0m
[0mGET / [32m200 [0m5.129 ms - 11[0m
[0mGET / [32m200 [0m10.479 ms - 11[0m
[0mGET / [32m200 [0m2.585 ms - 11[0m
[0mGET / [32m200 [0m3.635 ms - 11[0m
[0mGET / [32m200 [0m1.167 ms - 11[0m
[0mGET / [32m200 [0m15.220 ms - 11[0m
[0mGET / [32m200 [0m16.107 ms - 11[0m
[0mGET / [32m200 [0m16.285 ms - 11[0m
[0mGET / [32m200 [0m5.568 ms - 11[0m
[0mGET / [32m200 [0m6.028 ms - 11[0m
[0mGET / [32m200 [0m1.654 ms - 11[0m
[0mGET / [32m200 [0m3.100 ms - 11[0m
[0mGET / [32m200 [0m3.004 ms - 11[0m
[0mGET / [32m200 [0m5.846 ms - 11[0m
[0mGET / [32m200 [0m5.311 ms - 11[0m
[0mGET / [32m200 [0m5.524 ms - 11[0m
[0mGET / [32m200 [0m8.635 ms - 11[0m
[0mGET / [32m200 [0m9.035 ms - 11[0m
[0mGET / [32m200 [0m12.654 ms - 11[0m
[0mGET / [32m200 [0m1.351 ms - 11[0m
[0mGET / [32m200 [0m3.756 ms - 11[0m
[0mGET / [32m200 [0m0.916 ms - 11[0m
[0mGET / [32m200 [0m0.438 ms - 11[0m
[0mGET / [32m200 [0m11.112 ms - 11[0m
[0mGET / [32m200 [0m1.783 ms - 11[0m
[0mGET / [32m200 [0m3.801 ms - 11[0m
io enter middleware
check player id undefined
[0mGET / [32m200 [0m13.265 ms - 11[0m
[0mGET / [32m200 [0m13.581 ms - 11[0m
[0mGET / [32m200 [0m2.913 ms - 11[0m
[0mGET / [32m200 [0m0.428 ms - 11[0m
io enter middleware
check player id undefined
[0mGET / [32m200 [0m14.112 ms - 11[0m
[0mGET / [32m200 [0m0.920 ms - 11[0m
[0mGET / [32m200 [0m7.634 ms - 11[0m
[0mGET / [32m200 [0m1.086 ms - 11[0m
[0mGET / [32m200 [0m0.775 ms - 11[0m
[0mGET / [32m200 [0m7.249 ms - 11[0m
[0mGET / [32m200 [0m5.926 ms - 11[0m
[0mGET / [32m200 [0m6.604 ms - 11[0m
[0mGET / [32m200 [0m8.324 ms - 11[0m
[0mGET / [32m200 [0m10.239 ms - 11[0m
[0mGET / [32m200 [0m5.702 ms - 11[0m
[0mGET / [32m200 [0m5.894 ms - 11[0m
[0mGET / [32m200 [0m13.140 ms - 11[0m
[0mGET / [32m200 [0m19.096 ms - 11[0m
[0mGET / [32m200 [0m0.550 ms - 11[0m
[0mGET / [32m200 [0m0.955 ms - 11[0m
[0mGET / [32m200 [0m2.038 ms - 11[0m
[0mGET / [32m200 [0m16.081 ms - 11[0m
[0mGET / [32m200 [0m11.032 ms - 11[0m
[0mGET / [32m200 [0m8.170 ms - 11[0m
[0mGET / [32m200 [0m8.266 ms - 11[0m
[0mGET / [32m200 [0m9.696 ms - 11[0m
[0mGET / [32m200 [0m10.784 ms - 11[0m
[0mGET / [32m200 [0m10.826 ms - 11[0m
[0mGET / [32m200 [0m9.087 ms - 11[0m
[0mGET / [32m200 [0m9.427 ms - 11[0m
[0mGET / [32m200 [0m0.909 ms - 11[0m
[0mGET / [32m200 [0m8.385 ms - 11[0m
[0mGET / [32m200 [0m2.655 ms - 11[0m
[0mGET / [32m200 [0m0.906 ms - 11[0m
[0mGET / [32m200 [0m8.954 ms - 11[0m
[0mGET / [32m200 [0m2.369 ms - 11[0m
[0mGET / [32m200 [0m3.556 ms - 11[0m
[0mGET / [32m200 [0m15.568 ms - 11[0m
[0mGET / [32m200 [0m8.601 ms - 11[0m
[0mGET / [32m200 [0m12.212 ms - 11[0m
[0mGET / [32m200 [0m1.003 ms - 11[0m
[0mGET / [32m200 [0m2.297 ms - 11[0m
[0mGET / [32m200 [0m8.604 ms - 11[0m
[0mGET / [32m200 [0m9.336 ms - 11[0m
[0mGET / [32m200 [0m5.128 ms - 11[0m
[0mGET / [32m200 [0m13.686 ms - 11[0m
[0mGET / [32m200 [0m5.172 ms - 11[0m
[0mGET / [32m200 [0m55.512 ms - 11[0m
[0mGET / [32m200 [0m1.439 ms - 11[0m
[0mGET / [32m200 [0m0.481 ms - 11[0m
[0mGET / [32m200 [0m7.251 ms - 11[0m
[0mGET / [32m200 [0m0.895 ms - 11[0m
[0mGET / [32m200 [0m4.457 ms - 11[0m
[0mGET / [32m200 [0m10.827 ms - 11[0m
[0mGET / [32m200 [0m0.723 ms - 11[0m
[0mGET / [32m200 [0m1.580 ms - 11[0m
[0mGET / [32m200 [0m1.396 ms - 11[0m
[0mGET / [32m200 [0m0.901 ms - 11[0m
[0mGET / [32m200 [0m18.939 ms - 11[0m
[0mGET / [32m200 [0m20.238 ms - 11[0m
[0mGET / [32m200 [0m12.726 ms - 11[0m
[0mGET / [32m200 [0m13.031 ms - 11[0m
[0mGET / [32m200 [0m2.063 ms - 11[0m
[0mGET / [32m200 [0m2.749 ms - 11[0m
[0mGET / [32m200 [0m1.800 ms - 11[0m
[0mGET / [32m200 [0m2.021 ms - 11[0m
[0mGET / [32m200 [0m5.538 ms - 11[0m
[0mGET / [32m200 [0m5.901 ms - 11[0m
[0mGET / [32m200 [0m9.651 ms - 11[0m
[0mGET / [32m200 [0m9.725 ms - 11[0m
[0mGET / [32m200 [0m9.073 ms - 11[0m
[0mGET / [32m200 [0m9.467 ms - 11[0m
[0mGET / [32m200 [0m9.391 ms - 11[0m
[0mGET / [32m200 [0m9.833 ms - 11[0m
[0mGET / [32m200 [0m0.902 ms - 11[0m
[0mGET / [32m200 [0m3.624 ms - 11[0m
[0mGET / [32m200 [0m8.072 ms - 11[0m
[0mGET / [32m200 [0m8.413 ms - 11[0m
[0mGET / [32m200 [0m1.255 ms - 11[0m
[0mGET / [32m200 [0m1.728 ms - 11[0m
[0mGET / [32m200 [0m2.458 ms - 11[0m
[0mGET / [32m200 [0m4.089 ms - 11[0m
[0mGET / [32m200 [0m6.695 ms - 11[0m
[0mGET / [32m200 [0m7.134 ms - 11[0m
[0mGET / [32m200 [0m6.556 ms - 11[0m
[0mGET / [32m200 [0m6.979 ms - 11[0m
[0mGET / [32m200 [0m4.833 ms - 11[0m
[0mGET / [32m200 [0m5.128 ms - 11[0m
[0mGET / [32m200 [0m7.410 ms - 11[0m
[0mGET / [32m200 [0m7.710 ms - 11[0m
[0mGET / [32m200 [0m7.693 ms - 11[0m
[0mGET / [32m200 [0m6.650 ms - 11[0m
[0mGET / [32m200 [0m5.811 ms - 11[0m
[0mGET / [32m200 [0m3.559 ms - 11[0m
[0mGET / [32m200 [0m11.784 ms - 11[0m
[0mGET / [32m200 [0m13.080 ms - 11[0m
[0mGET / [32m200 [0m13.144 ms - 11[0m
[0mGET / [32m200 [0m13.638 ms - 11[0m
[0mGET / [32m200 [0m16.814 ms - 11[0m
[0mGET / [32m200 [0m5.822 ms - 11[0m
[0mGET / [32m200 [0m8.309 ms - 11[0m
[0mGET / [32m200 [0m16.171 ms - 11[0m
[0mGET / [32m200 [0m4.786 ms - 11[0m
[0mGET / [32m200 [0m7.792 ms - 11[0m
[0mGET / [32m200 [0m4.356 ms - 11[0m
[0mGET / [32m200 [0m9.221 ms - 11[0m
[0mGET / [32m200 [0m3.367 ms - 11[0m
[0mGET / [32m200 [0m5.152 ms - 11[0m
[0mGET / [32m200 [0m8.210 ms - 11[0m
[0mGET / [32m200 [0m10.639 ms - 11[0m
[0mGET / [32m200 [0m1.693 ms - 11[0m
[0mGET / [32m200 [0m3.698 ms - 11[0m
[0mGET / [32m200 [0m2.821 ms - 11[0m
[0mGET / [32m200 [0m0.324 ms - 11[0m
[0mGET / [32m200 [0m1.663 ms - 11[0m
[0mGET / [32m200 [0m2.445 ms - 11[0m
[0mGET / [32m200 [0m0.379 ms - 11[0m
[0mGET / [32m200 [0m0.800 ms - 11[0m
[0mGET / [32m200 [0m0.986 ms - 11[0m
[0mGET / [32m200 [0m2.564 ms - 11[0m
[0mGET / [32m200 [0m0.436 ms - 11[0m
[0mGET / [32m200 [0m2.196 ms - 11[0m
[0mGET / [32m200 [0m13.696 ms - 11[0m
[0mGET / [32m200 [0m1.394 ms - 11[0m
[0mGET / [32m200 [0m0.642 ms - 11[0m
[0mGET / [32m200 [0m1.263 ms - 11[0m
[0mGET / [32m200 [0m2.033 ms - 11[0m
[0mGET / [32m200 [0m3.559 ms - 11[0m
[0mGET / [32m200 [0m8.688 ms - 11[0m
[0mGET / [32m200 [0m4.717 ms - 11[0m
[0mGET / [32m200 [0m0.585 ms - 11[0m
[0mGET / [32m200 [0m1.106 ms - 11[0m
[0mGET / [32m200 [0m2.007 ms - 11[0m
[0mGET / [32m200 [0m1.988 ms - 11[0m
[0mGET / [32m200 [0m7.898 ms - 11[0m
[0mGET / [32m200 [0m8.496 ms - 11[0m
[0mGET / [32m200 [0m1.888 ms - 11[0m
[0mGET / [32m200 [0m3.290 ms - 11[0m
[0mGET / [32m200 [0m8.426 ms - 11[0m
[0mGET / [32m200 [0m8.861 ms - 11[0m
[0mGET / [32m200 [0m1.410 ms - 11[0m
[0mGET / [32m200 [0m13.431 ms - 11[0m
[0mGET / [32m200 [0m3.822 ms - 11[0m
[0mGET / [32m200 [0m2.314 ms - 11[0m
[0mGET / [32m200 [0m6.835 ms - 11[0m
[0mGET / [32m200 [0m7.103 ms - 11[0m
[0mGET / [32m200 [0m4.672 ms - 11[0m
[0mGET / [32m200 [0m0.815 ms - 11[0m
[0mGET / [32m200 [0m2.413 ms - 11[0m
[0mGET / [32m200 [0m0.452 ms - 11[0m
[0mGET / [32m200 [0m0.708 ms - 11[0m
[0mGET / [32m200 [0m8.270 ms - 11[0m
[0mGET / [32m200 [0m1.373 ms - 11[0m
[0mGET / [32m200 [0m2.275 ms - 11[0m
[0mGET / [32m200 [0m6.731 ms - 11[0m
[0mGET / [32m200 [0m7.226 ms - 11[0m
[0mGET / [32m200 [0m2.096 ms - 11[0m
[0mGET / [32m200 [0m2.992 ms - 11[0m
[0mGET / [32m200 [0m1.387 ms - 11[0m
[0mGET / [32m200 [0m7.688 ms - 11[0m
[0mGET / [32m200 [0m1.344 ms - 11[0m
[0mGET / [32m200 [0m1.685 ms - 11[0m
[0mGET / [32m200 [0m12.831 ms - 11[0m
[0mGET / [32m200 [0m13.300 ms - 11[0m
[0mGET / [32m200 [0m6.562 ms - 11[0m
[0mGET / [32m200 [0m6.958 ms - 11[0m
[0mGET / [32m200 [0m4.369 ms - 11[0m
[0mGET / [32m200 [0m9.982 ms - 11[0m
[0mGET / [32m200 [0m6.779 ms - 11[0m
[0mGET / [32m200 [0m7.146 ms - 11[0m
[0mGET / [32m200 [0m4.191 ms - 11[0m
[0mGET / [32m200 [0m15.915 ms - 11[0m
[0mGET / [32m200 [0m10.487 ms - 11[0m
[0mGET / [32m200 [0m10.908 ms - 11[0m
[0mGET / [32m200 [0m1.244 ms - 11[0m
[0mGET / [32m200 [0m0.948 ms - 11[0m
[0mGET / [32m200 [0m13.871 ms - 11[0m
[0mGET / [32m200 [0m1.419 ms - 11[0m
[0mGET / [32m200 [0m7.789 ms - 11[0m
[0mGET / [32m200 [0m9.428 ms - 11[0m
[0mGET / [32m200 [0m14.354 ms - 11[0m
[0mGET / [32m200 [0m14.298 ms - 11[0m
[0mGET / [32m200 [0m8.638 ms - 11[0m
[0mGET / [32m200 [0m5.529 ms - 11[0m
[0mGET / [32m200 [0m1.065 ms - 11[0m
[0mGET / [32m200 [0m2.602 ms - 11[0m
[0mGET / [32m200 [0m4.939 ms - 11[0m
[0mGET / [32m200 [0m5.319 ms - 11[0m
io enter middleware
check player id undefined
[0mGET / [32m200 [0m3.279 ms - 11[0m
[0mGET / [32m200 [0m17.455 ms - 11[0m
[0mGET / [32m200 [0m0.458 ms - 11[0m
[0mGET / [32m200 [0m4.613 ms - 11[0m
[0mGET / [32m200 [0m1.668 ms - 11[0m
[0mGET / [32m200 [0m14.755 ms - 11[0m
[0mGET / [32m200 [0m2.012 ms - 11[0m
[0mGET / [32m200 [0m3.349 ms - 11[0m
[0mGET / [32m200 [0m10.559 ms - 11[0m
[0mGET / [32m200 [0m1.073 ms - 11[0m
[0mGET / [32m200 [0m0.616 ms - 11[0m
[0mGET / [32m200 [0m1.730 ms - 11[0m
[0mGET / [32m200 [0m2.171 ms - 11[0m
[0mGET / [32m200 [0m3.985 ms - 11[0m
[0mGET / [32m200 [0m1.328 ms - 11[0m
[0mGET / [32m200 [0m2.843 ms - 11[0m
[0mGET / [32m200 [0m2.231 ms - 11[0m
[0mGET / [32m200 [0m15.987 ms - 11[0m
[0mGET / [32m200 [0m5.286 ms - 11[0m
[0mGET / [32m200 [0m5.726 ms - 11[0m
[0mGET / [32m200 [0m11.406 ms - 11[0m
[0mGET / [32m200 [0m12.410 ms - 11[0m
[0mGET / [32m200 [0m8.248 ms - 11[0m
[0mGET / [32m200 [0m13.598 ms - 11[0m
[0mGET / [32m200 [0m9.002 ms - 11[0m
[0mGET / [32m200 [0m9.818 ms - 11[0m
[0mGET / [32m200 [0m3.699 ms - 11[0m
[0mGET / [32m200 [0m10.598 ms - 11[0m
[0mGET / [32m200 [0m10.501 ms - 11[0m
[0mGET / [32m200 [0m10.772 ms - 11[0m
[0mGET / [32m200 [0m1.525 ms - 11[0m
[0mGET / [32m200 [0m11.507 ms - 11[0m
[0mGET / [32m200 [0m1.866 ms - 11[0m
[0mGET / [32m200 [0m6.174 ms - 11[0m
[0mGET / [32m200 [0m14.196 ms - 11[0m
[0mGET / [32m200 [0m0.895 ms - 11[0m
[0mGET / [32m200 [0m9.714 ms - 11[0m
[0mGET / [32m200 [0m14.850 ms - 11[0m
[0mGET / [32m200 [0m6.157 ms - 11[0m
[0mGET / [32m200 [0m6.979 ms - 11[0m
[0mGET / [32m200 [0m417.027 ms - 11[0m
[0mGET / [32m200 [0m3.590 ms - 11[0m
[0mGET / [32m200 [0m0.600 ms - 11[0m
[0mGET / [32m200 [0m0.938 ms - 11[0m
[0mGET / [32m200 [0m3.534 ms - 11[0m
[0mGET / [32m200 [0m3.774 ms - 11[0m
[0mGET / [32m200 [0m6.747 ms - 11[0m
[0mGET / [32m200 [0m0.292 ms - 11[0m
[0mGET / [32m200 [0m11.591 ms - 11[0m
[0mGET / [32m200 [0m11.983 ms - 11[0m
[0mGET / [32m200 [0m1.410 ms - 11[0m
[0mGET / [32m200 [0m0.311 ms - 11[0m
[0mGET / [32m200 [0m2.969 ms - 11[0m
[0mGET / [32m200 [0m3.268 ms - 11[0m
[0mGET / [32m200 [0m6.285 ms - 11[0m
[0mGET / [32m200 [0m4.717 ms - 11[0m
[0mGET / [32m200 [0m5.002 ms - 11[0m
[0mGET / [32m200 [0m5.284 ms - 11[0m
[0mGET / [32m200 [0m0.678 ms - 11[0m
[0mGET / [32m200 [0m0.402 ms - 11[0m
