ok
Config
Tue Aug 01 2017 08:40:25 GMT+0000 (UTC)
Cognito
the cognitoidentity is [object Object]
SNS
setting tcp
setting sns
PostAPI
PostAPI_Chat
PostAPI_Wall
PostAPI_Pet
PostAPI_Chips
PostAPI_Login
PostAPI_Shop
PostAPI_Debug
Game init
======================
apiPort listening 2496
tcpPort listening 3003
======================
Server listening at port 3003
[0mGET / [32m200 [0m80.205 ms - 11[0m
[0mGET / [32m200 [0m91.163 ms - 11[0m
[0mGET / [32m200 [0m1.082 ms - 11[0m
[0mGET / [32m200 [0m0.318 ms - 11[0m
[0mGET / [32m200 [0m15.658 ms - 11[0m
[0mGET / [32m200 [0m9.485 ms - 11[0m
[0mGET / [32m200 [0m4.047 ms - 11[0m
[0mGET / [32m200 [0m11.303 ms - 11[0m
[0mGET / [32m200 [0m2.267 ms - 11[0m
[0mGET / [32m200 [0m2.949 ms - 11[0m
[0mGET / [32m200 [0m5.006 ms - 11[0m
[0mGET / [32m200 [0m0.555 ms - 11[0m
[0mGET / [32m200 [0m4.535 ms - 11[0m
[0mGET / [32m200 [0m9.480 ms - 11[0m
[0mGET / [32m200 [0m7.485 ms - 11[0m
[0mGET / [32m200 [0m0.959 ms - 11[0m
[0mGET / [32m200 [0m2.339 ms - 11[0m
[0mGET / [32m200 [0m10.947 ms - 11[0m
[0mGET / [32m200 [0m5.733 ms - 11[0m
[0mGET / [32m200 [0m1.152 ms - 11[0m
[0mGET / [32m200 [0m11.542 ms - 11[0m
[0mGET / [32m200 [0m16.418 ms - 11[0m
[0mGET / [32m200 [0m4.464 ms - 11[0m
[0mGET / [32m200 [0m0.499 ms - 11[0m
[0mGET / [32m200 [0m6.025 ms - 11[0m
[0mGET / [32m200 [0m6.283 ms - 11[0m
[0mGET / [32m200 [0m3.642 ms - 11[0m
[0mGET / [32m200 [0m0.914 ms - 11[0m
[0mGET / [32m200 [0m13.011 ms - 11[0m
[0mGET / [32m200 [0m1.539 ms - 11[0m
[0mGET / [32m200 [0m13.850 ms - 11[0m
[0mGET / [32m200 [0m6.632 ms - 11[0m
[0mGET / [32m200 [0m11.833 ms - 11[0m
[0mGET / [32m200 [0m11.905 ms - 11[0m
[0mGET / [32m200 [0m7.245 ms - 11[0m
[0mGET / [32m200 [0m7.355 ms - 11[0m
[0mGET / [32m200 [0m2.764 ms - 11[0m
[0mGET / [32m200 [0m5.059 ms - 11[0m
[0mGET / [32m200 [0m1.050 ms - 11[0m
[0mGET / [32m200 [0m0.417 ms - 11[0m
[0mGET / [32m200 [0m1.947 ms - 11[0m
[0mGET / [32m200 [0m0.393 ms - 11[0m
[0mGET / [32m200 [0m14.334 ms - 11[0m
[0mGET / [32m200 [0m8.475 ms - 11[0m
phone number 68425347
identityId us-east-1:d2a277eb-8ef1-43ef-8880-8b471338d62d
get_open_id _phoneNumber 68425347
get_open_id IdentityIdundefined
{ IdentityId: 'us-east-1:d2a277eb-8ef1-43ef-8880-8b471338d62d',
  Token: 'eyJraWQiOiJ1cy1lYXN0LTExIiwidHlwIjoiSldTIiwiYWxnIjoiUlM1MTIifQ.eyJzdWIiOiJ1cy1lYXN0LTE6ZDJhMjc3ZWItOGVmMS00M2VmLTg4ODAtOGI0NzEzMzhkNjJkIiwiYXVkIjoidXMtZWFzdC0xOjU1NTJhNTRiLWE1MTktNDRkMi05N2UzLWZlYjNkNDVjOWFmYSIsImFtciI6WyJhdXRoZW50aWNhdGVkIiwibG9naW4udjNyZWUuYXdlc29tZSIsImxvZ2luLnYzcmVlLmF3ZXNvbWU6dXMtZWFzdC0xOjU1NTJhNTRiLWE1MTktNDRkMi05N2UzLWZlYjNkNDVjOWFmYTo2ODQyNTM0NyJdLCJpc3MiOiJodHRwczovL2NvZ25pdG8taWRlbnRpdHkuYW1hem9uYXdzLmNvbSIsImV4cCI6MTUwMTU4MDc0MSwiaWF0IjoxNTAxNTc3MTQxfQ.grBFpIjqA7y3RKaY8oeN2xz9xgOKp_fSXmuQq7oe2UHRhrqJTolyiPzrK6hcl75gjBNCEHPGFiw6IJloJwrIKsckLuC4FtNn6pwMjfMhbAqcInYV4-t34dCG9PdBvrqqdoJVGpZ7qYuqKYo8bN0kY7CQWfyodLd4sxmd7ZqTrelQpnrHRUD550ER9UkRlwacHa-7YpmmswYSWCRaErRIAvqCu0ZsQcpXg3sA5F-KskztACHknt956rj9qSBeNzkDLDRpsxOdHZLgHbqR3yPPoKXlajGxhgHiJC06kag4jyZRWqeCxod85-1k16H-BWEQL2MgFo3RGg647O3Va_TTBA' }
[0mGET /get_token/684253471234/us-east-1:d2a277eb-8ef1-43ef-8880-8b471338d62d [32m200 [0m155.352 ms - 902[0m
[0mGET / [32m200 [0m1.563 ms - 11[0m
[0mGET / [32m200 [0m0.675 ms - 11[0m
[0mGET / [32m200 [0m8.062 ms - 11[0m
[0mGET / [32m200 [0m13.964 ms - 11[0m
[0mGET / [32m200 [0m2.589 ms - 11[0m
[0mGET / [32m200 [0m0.355 ms - 11[0m
[0mGET / [32m200 [0m10.394 ms - 11[0m
[0mGET / [32m200 [0m4.880 ms - 11[0m
[0mGET / [32m200 [0m7.498 ms - 11[0m
[0mGET / [32m200 [0m7.560 ms - 11[0m
[0mGET / [32m200 [0m0.435 ms - 11[0m
[0mGET / [32m200 [0m0.522 ms - 11[0m
[0mGET / [32m200 [0m13.081 ms - 11[0m
[0mGET / [32m200 [0m1.445 ms - 11[0m
[0mGET / [32m200 [0m16.067 ms - 11[0m
[0mGET / [32m200 [0m1.643 ms - 11[0m
[0mGET / [32m200 [0m5.766 ms - 11[0m
[0mGET / [32m200 [0m6.438 ms - 11[0m
[0mGET / [32m200 [0m9.252 ms - 11[0m
[0mGET / [32m200 [0m8.282 ms - 11[0m
[0mGET / [32m200 [0m4.512 ms - 11[0m
[0mGET / [32m200 [0m4.937 ms - 11[0m
[0mGET / [32m200 [0m8.076 ms - 11[0m
[0mGET / [32m200 [0m10.401 ms - 11[0m
[0mGET / [32m200 [0m5.816 ms - 11[0m
[0mGET / [32m200 [0m1.041 ms - 11[0m
[0mGET / [32m200 [0m4.765 ms - 11[0m
[0mGET / [32m200 [0m0.871 ms - 11[0m
[0mGET / [32m200 [0m3.670 ms - 11[0m
[0mGET / [32m200 [0m0.954 ms - 11[0m
[0mGET / [32m200 [0m8.193 ms - 11[0m
[0mGET / [32m200 [0m0.907 ms - 11[0m
[0mGET / [32m200 [0m0.410 ms - 11[0m
[0mGET / [32m200 [0m1.291 ms - 11[0m
[0mGET / [32m200 [0m4.175 ms - 11[0m
[0mGET / [32m200 [0m9.022 ms - 11[0m
[0mGET / [32m200 [0m0.396 ms - 11[0m
[0mGET / [32m200 [0m0.777 ms - 11[0m
[0mGET / [32m200 [0m1.005 ms - 11[0m
[0mGET / [32m200 [0m0.703 ms - 11[0m
[0mGET / [32m200 [0m2.811 ms - 11[0m
[0mGET / [32m200 [0m1.036 ms - 11[0m
[0mGET / [32m200 [0m2.395 ms - 11[0m
[0mGET / [32m200 [0m8.893 ms - 11[0m
[0mGET / [32m200 [0m16.837 ms - 11[0m
[0mGET / [32m200 [0m11.601 ms - 11[0m
[0mGET / [32m200 [0m5.004 ms - 11[0m
[0mGET / [32m200 [0m0.849 ms - 11[0m
[0mGET / [32m200 [0m8.457 ms - 11[0m
[0mGET / [32m200 [0m8.744 ms - 11[0m
[0mGET / [32m200 [0m8.366 ms - 11[0m
[0mGET / [32m200 [0m0.928 ms - 11[0m
[0mGET / [32m200 [0m4.046 ms - 11[0m
[0mGET / [32m200 [0m1.328 ms - 11[0m
[0mGET / [32m200 [0m0.504 ms - 11[0m
[0mGET / [32m200 [0m0.476 ms - 11[0m
[0mGET / [32m200 [0m6.362 ms - 11[0m
[0mGET / [32m200 [0m10.795 ms - 11[0m
[0mGET / [32m200 [0m5.443 ms - 11[0m
[0mGET / [32m200 [0m4.011 ms - 11[0m
[0mGET / [32m200 [0m13.480 ms - 11[0m
[0mGET / [32m200 [0m2.171 ms - 11[0m
[0mGET / [32m200 [0m6.830 ms - 11[0m
[0mGET / [32m200 [0m0.392 ms - 11[0m
[0mGET / [32m200 [0m3.593 ms - 11[0m
[0mGET / [32m200 [0m16.848 ms - 11[0m
[0mGET / [32m200 [0m7.949 ms - 11[0m
[0mGET / [32m200 [0m9.227 ms - 11[0m
[0mGET / [32m200 [0m4.513 ms - 11[0m
[0mGET / [32m200 [0m0.956 ms - 11[0m
[0mGET / [32m200 [0m1.640 ms - 11[0m
[0mGET / [32m200 [0m1.033 ms - 11[0m
[0mGET / [32m200 [0m9.932 ms - 11[0m
[0mGET / [32m200 [0m4.476 ms - 11[0m
[0mGET / [32m200 [0m1.443 ms - 11[0m
[0mGET / [32m200 [0m0.456 ms - 11[0m
[0mGET / [32m200 [0m7.083 ms - 11[0m
[0mGET / [32m200 [0m0.882 ms - 11[0m
[0mGET / [32m200 [0m2.239 ms - 11[0m
[0mGET / [32m200 [0m0.475 ms - 11[0m
[0mGET / [32m200 [0m9.424 ms - 11[0m
[0mGET / [32m200 [0m0.896 ms - 11[0m
[0mGET / [32m200 [0m0.631 ms - 11[0m
[0mGET / [32m200 [0m9.141 ms - 11[0m
[0mGET / [32m200 [0m5.671 ms - 11[0m
[0mGET / [32m200 [0m1.082 ms - 11[0m
[0mGET / [32m200 [0m34.780 ms - 11[0m
[0mGET / [32m200 [0m13.423 ms - 11[0m
[0mGET / [32m200 [0m4.701 ms - 11[0m
[0mGET / [32m200 [0m4.975 ms - 11[0m
[0mGET / [32m200 [0m6.400 ms - 11[0m
[0mGET / [32m200 [0m0.917 ms - 11[0m
[0mGET / [32m200 [0m2.286 ms - 11[0m
[0mGET / [32m200 [0m2.853 ms - 11[0m
[0mGET / [32m200 [0m4.858 ms - 11[0m
[0mGET / [32m200 [0m2.462 ms - 11[0m
[0mGET / [32m200 [0m0.689 ms - 11[0m
[0mGET / [32m200 [0m12.662 ms - 11[0m
[0mGET / [32m200 [0m6.507 ms - 11[0m
[0mGET / [32m200 [0m8.076 ms - 11[0m
[0mGET / [32m200 [0m0.687 ms - 11[0m
[0mGET / [32m200 [0m7.068 ms - 11[0m
[0mGET / [32m200 [0m3.636 ms - 11[0m
[0mGET / [32m200 [0m13.264 ms - 11[0m
[0mGET / [32m200 [0m4.571 ms - 11[0m
[0mGET / [32m200 [0m0.361 ms - 11[0m
[0mGET / [32m200 [0m1.131 ms - 11[0m
[0mGET / [32m200 [0m5.073 ms - 11[0m
[0mGET / [32m200 [0m0.501 ms - 11[0m
[0mGET / [32m200 [0m8.724 ms - 11[0m
[0mGET / [32m200 [0m1.035 ms - 11[0m
[0mGET / [32m200 [0m1.148 ms - 11[0m
[0mGET / [32m200 [0m0.459 ms - 11[0m
[0mGET / [32m200 [0m1.353 ms - 11[0m
[0mGET / [32m200 [0m2.413 ms - 11[0m
[0mGET / [32m200 [0m0.381 ms - 11[0m
[0mGET / [32m200 [0m1.542 ms - 11[0m
[0mGET / [32m200 [0m0.542 ms - 11[0m
[0mGET / [32m200 [0m0.378 ms - 11[0m
[0mGET / [32m200 [0m0.415 ms - 11[0m
[0mGET / [32m200 [0m0.583 ms - 11[0m
[0mGET / [32m200 [0m0.484 ms - 11[0m
[0mGET / [32m200 [0m0.369 ms - 11[0m
[0mGET / [32m200 [0m0.475 ms - 11[0m
[0mGET / [32m200 [0m2.459 ms - 11[0m
[0mGET / [32m200 [0m2.570 ms - 11[0m
[0mGET / [32m200 [0m4.026 ms - 11[0m
[0mGET / [32m200 [0m0.314 ms - 11[0m
[0mGET / [32m200 [0m0.447 ms - 11[0m
[0mGET / [32m200 [0m0.347 ms - 11[0m
[0mGET / [32m200 [0m0.389 ms - 11[0m
[0mGET / [32m200 [0m1.177 ms - 11[0m
[0mGET / [32m200 [0m1.898 ms - 11[0m
[0mGET / [32m200 [0m0.823 ms - 11[0m
[0mGET / [32m200 [0m1.097 ms - 11[0m
[0mGET / [32m200 [0m3.605 ms - 11[0m
[0mGET / [32m200 [0m1.162 ms - 11[0m
[0mGET / [32m200 [0m0.922 ms - 11[0m
[0mGET / [32m200 [0m3.778 ms - 11[0m
[0mGET / [32m200 [0m0.416 ms - 11[0m
[0mGET / [32m200 [0m0.583 ms - 11[0m
[0mGET / [32m200 [0m0.926 ms - 11[0m
[0mGET / [32m200 [0m5.484 ms - 11[0m
[0mGET / [32m200 [0m0.394 ms - 11[0m
[0mGET / [32m200 [0m1.605 ms - 11[0m
[0mGET / [32m200 [0m2.203 ms - 11[0m
[0mGET / [32m200 [0m0.389 ms - 11[0m
[0mGET / [32m200 [0m0.572 ms - 11[0m
[0mGET / [32m200 [0m0.718 ms - 11[0m
[0mGET / [32m200 [0m0.836 ms - 11[0m
[0mGET / [32m200 [0m0.416 ms - 11[0m
[0mGET / [32m200 [0m10.819 ms - 11[0m
[0mGET / [32m200 [0m1.163 ms - 11[0m
[0mGET / [32m200 [0m1.496 ms - 11[0m
[0mGET / [32m200 [0m5.480 ms - 11[0m
[0mGET / [32m200 [0m5.525 ms - 11[0m
[0mGET / [32m200 [0m0.737 ms - 11[0m
[0mGET / [32m200 [0m0.930 ms - 11[0m
[0mGET / [32m200 [0m15.265 ms - 11[0m
[0mGET / [32m200 [0m0.472 ms - 11[0m
[0mGET / [32m200 [0m0.596 ms - 11[0m
[0mGET / [32m200 [0m0.794 ms - 11[0m
[0mGET / [32m200 [0m24.648 ms - 11[0m
[0mGET / [32m200 [0m0.582 ms - 11[0m
[0mGET / [32m200 [0m4.801 ms - 11[0m
[0mGET / [32m200 [0m1.943 ms - 11[0m
[0mGET / [32m200 [0m0.386 ms - 11[0m
[0mGET / [32m200 [0m0.367 ms - 11[0m
[0mGET / [32m200 [0m0.734 ms - 11[0m
[0mGET / [32m200 [0m1.003 ms - 11[0m
[0mGET / [32m200 [0m2.052 ms - 11[0m
[0mGET / [32m200 [0m0.688 ms - 11[0m
[0mGET / [32m200 [0m0.706 ms - 11[0m
[0mGET / [32m200 [0m0.933 ms - 11[0m
[0mGET / [32m200 [0m0.373 ms - 11[0m
[0mGET / [32m200 [0m0.569 ms - 11[0m
[0mGET / [32m200 [0m7.557 ms - 11[0m
[0mGET / [32m200 [0m0.376 ms - 11[0m
[0mGET / [32m200 [0m6.383 ms - 11[0m
[0mGET / [32m200 [0m3.371 ms - 11[0m
[0mGET / [32m200 [0m0.479 ms - 11[0m
[0mGET / [32m200 [0m0.364 ms - 11[0m
[0mGET / [32m200 [0m5.220 ms - 11[0m
[0mGET / [32m200 [0m6.810 ms - 11[0m
[0mGET / [32m200 [0m0.810 ms - 11[0m
[0mGET / [32m200 [0m1.130 ms - 11[0m
[0mGET / [32m200 [0m1.578 ms - 11[0m
[0mGET / [32m200 [0m0.458 ms - 11[0m
[0mGET / [32m200 [0m0.739 ms - 11[0m
[0mGET / [32m200 [0m0.952 ms - 11[0m
[0mGET / [32m200 [0m0.779 ms - 11[0m
[0mGET / [32m200 [0m0.438 ms - 11[0m
[0mGET / [32m200 [0m0.398 ms - 11[0m
[0mGET / [32m200 [0m0.363 ms - 11[0m
[0mGET / [32m200 [0m0.413 ms - 11[0m
[0mGET / [32m200 [0m3.773 ms - 11[0m
[0mGET / [32m200 [0m0.612 ms - 11[0m
[0mGET / [32m200 [0m0.333 ms - 11[0m
[0mGET / [32m200 [0m2.992 ms - 11[0m
[0mGET / [32m200 [0m0.549 ms - 11[0m
[0mGET / [32m200 [0m1.006 ms - 11[0m
[0mGET / [32m200 [0m0.850 ms - 11[0m
[0mGET / [32m200 [0m4.449 ms - 11[0m
[0mGET / [32m200 [0m0.310 ms - 11[0m
[0mGET / [32m200 [0m0.671 ms - 11[0m
[0mGET / [32m200 [0m8.555 ms - 11[0m
[0mGET / [32m200 [0m0.426 ms - 11[0m
[0mGET / [32m200 [0m0.309 ms - 11[0m
[0mGET / [32m200 [0m0.446 ms - 11[0m
[0mGET / [32m200 [0m0.382 ms - 11[0m
[0mGET / [32m200 [0m0.770 ms - 11[0m
[0mGET / [32m200 [0m1.357 ms - 11[0m
[0mGET / [32m200 [0m2.079 ms - 11[0m
[0mGET / [32m200 [0m1.506 ms - 11[0m
[0mGET / [32m200 [0m2.074 ms - 11[0m
[0mGET / [32m200 [0m1.835 ms - 11[0m
[0mGET / [32m200 [0m0.386 ms - 11[0m
[0mGET / [32m200 [0m0.819 ms - 11[0m
[0mGET / [32m200 [0m6.542 ms - 11[0m
[0mGET / [32m200 [0m0.464 ms - 11[0m
[0mGET / [32m200 [0m0.734 ms - 11[0m
[0mGET / [32m200 [0m0.921 ms - 11[0m
[0mGET / [32m200 [0m0.930 ms - 11[0m
[0mGET / [32m200 [0m0.336 ms - 11[0m
[0mGET / [32m200 [0m0.368 ms - 11[0m
[0mGET / [32m200 [0m0.489 ms - 11[0m
[0mGET / [32m200 [0m2.472 ms - 11[0m
[0mGET / [32m200 [0m0.335 ms - 11[0m
[0mGET / [32m200 [0m0.426 ms - 11[0m
[0mGET / [32m200 [0m0.494 ms - 11[0m
[0mGET / [32m200 [0m3.238 ms - 11[0m
[0mGET / [32m200 [0m0.316 ms - 11[0m
[0mGET / [32m200 [0m0.395 ms - 11[0m
[0mGET / [32m200 [0m0.502 ms - 11[0m
[0mGET / [32m200 [0m1.829 ms - 11[0m
[0mGET / [32m200 [0m2.856 ms - 11[0m
[0mGET / [32m200 [0m0.809 ms - 11[0m
[0mGET / [32m200 [0m0.888 ms - 11[0m
[0mGET / [32m200 [0m1.271 ms - 11[0m
[0mGET / [32m200 [0m2.847 ms - 11[0m
[0mGET / [32m200 [0m1.036 ms - 11[0m
[0mGET / [32m200 [0m0.977 ms - 11[0m
[0mGET / [32m200 [0m0.359 ms - 11[0m
[0mGET / [32m200 [0m0.347 ms - 11[0m
[0mGET / [32m200 [0m0.687 ms - 11[0m
[0mGET / [32m200 [0m0.881 ms - 11[0m
[0mGET / [32m200 [0m1.875 ms - 11[0m
[0mGET / [32m200 [0m0.354 ms - 11[0m
[0mGET / [32m200 [0m0.956 ms - 11[0m
[0mGET / [32m200 [0m0.971 ms - 11[0m
[0mGET / [32m200 [0m1.461 ms - 11[0m
[0mGET / [32m200 [0m0.360 ms - 11[0m
[0mGET / [32m200 [0m0.378 ms - 11[0m
[0mGET / [32m200 [0m0.327 ms - 11[0m
[0mGET / [32m200 [0m0.532 ms - 11[0m
[0mGET / [32m200 [0m1.292 ms - 11[0m
[0mGET / [32m200 [0m0.483 ms - 11[0m
[0mGET / [32m200 [0m0.343 ms - 11[0m
[0mGET / [32m200 [0m6.829 ms - 11[0m
[0mGET / [32m200 [0m7.063 ms - 11[0m
[0mGET / [32m200 [0m0.370 ms - 11[0m
[0mGET / [32m200 [0m0.381 ms - 11[0m
[0mGET / [32m200 [0m1.962 ms - 11[0m
[0mGET / [32m200 [0m0.348 ms - 11[0m
[0mGET / [32m200 [0m0.748 ms - 11[0m
[0mGET / [32m200 [0m1.043 ms - 11[0m
[0mGET / [32m200 [0m3.298 ms - 11[0m
[0mGET / [32m200 [0m0.321 ms - 11[0m
[0mGET / [32m200 [0m0.596 ms - 11[0m
[0mGET / [32m200 [0m0.362 ms - 11[0m
[0mGET / [32m200 [0m1.761 ms - 11[0m
[0mGET / [32m200 [0m1.158 ms - 11[0m
[0mGET / [32m200 [0m1.493 ms - 11[0m
[0mGET / [32m200 [0m1.081 ms - 11[0m
[0mGET / [32m200 [0m8.376 ms - 11[0m
[0mGET / [32m200 [0m0.290 ms - 11[0m
[0mGET / [32m200 [0m10.305 ms - 11[0m
[0mGET / [32m200 [0m1.406 ms - 11[0m
[0mGET / [32m200 [0m3.120 ms - 11[0m
[0mGET / [32m200 [0m0.311 ms - 11[0m
[0mGET / [32m200 [0m8.925 ms - 11[0m
[0mGET / [32m200 [0m4.261 ms - 11[0m
[0mGET / [32m200 [0m12.190 ms - 11[0m
[0mGET / [32m200 [0m0.418 ms - 11[0m
[0mGET / [32m200 [0m4.737 ms - 11[0m
[0mGET / [32m200 [0m0.822 ms - 11[0m
[0mGET / [32m200 [0m1.232 ms - 11[0m
[0mGET / [32m200 [0m0.399 ms - 11[0m
[0mGET / [32m200 [0m3.934 ms - 11[0m
[0mGET / [32m200 [0m4.175 ms - 11[0m
[0mGET / [32m200 [0m3.667 ms - 11[0m
[0mGET / [32m200 [0m12.980 ms - 11[0m
[0mGET / [32m200 [0m8.222 ms - 11[0m
[0mGET / [32m200 [0m0.823 ms - 11[0m
[0mGET / [32m200 [0m1.885 ms - 11[0m
[0mGET / [32m200 [0m1.624 ms - 11[0m
[0mGET / [32m200 [0m2.874 ms - 11[0m
[0mGET / [32m200 [0m4.136 ms - 11[0m
[0mGET / [32m200 [0m3.039 ms - 11[0m
[0mGET / [32m200 [0m0.303 ms - 11[0m
[0mGET / [32m200 [0m5.688 ms - 11[0m
[0mGET / [32m200 [0m0.990 ms - 11[0m
[0mGET / [32m200 [0m5.713 ms - 11[0m
[0mGET / [32m200 [0m2.223 ms - 11[0m
[0mGET / [32m200 [0m0.484 ms - 11[0m
[0mGET / [32m200 [0m0.526 ms - 11[0m
[0mGET / [32m200 [0m2.098 ms - 11[0m
[0mGET / [32m200 [0m1.665 ms - 11[0m
[0mGET / [32m200 [0m5.224 ms - 11[0m
[0mGET / [32m200 [0m0.372 ms - 11[0m
[0mGET / [32m200 [0m1.397 ms - 11[0m
[0mGET / [32m200 [0m0.470 ms - 11[0m
[0mGET / [32m200 [0m6.752 ms - 11[0m
[0mGET / [32m200 [0m3.634 ms - 11[0m
[0mGET / [32m200 [0m6.874 ms - 11[0m
[0mGET / [32m200 [0m0.313 ms - 11[0m
[0mGET / [32m200 [0m3.209 ms - 11[0m
[0mGET / [32m200 [0m0.338 ms - 11[0m
[0mGET / [32m200 [0m1.937 ms - 11[0m
[0mGET / [32m200 [0m0.352 ms - 11[0m
[0mGET / [32m200 [0m4.167 ms - 11[0m
[0mGET / [32m200 [0m0.976 ms - 11[0m
[0mGET / [32m200 [0m5.411 ms - 11[0m
[0mGET / [32m200 [0m4.952 ms - 11[0m
[0mGET / [32m200 [0m0.381 ms - 11[0m
[0mGET / [32m200 [0m0.827 ms - 11[0m
[0mGET / [32m200 [0m3.653 ms - 11[0m
[0mGET / [32m200 [0m0.292 ms - 11[0m
[0mGET / [32m200 [0m8.499 ms - 11[0m
[0mGET / [32m200 [0m4.708 ms - 11[0m
[0mGET / [32m200 [0m1.552 ms - 11[0m
[0mGET / [32m200 [0m2.323 ms - 11[0m
[0mGET / [32m200 [0m8.052 ms - 11[0m
[0mGET / [32m200 [0m4.888 ms - 11[0m
[0mGET / [32m200 [0m3.338 ms - 11[0m
[0mGET / [32m200 [0m6.008 ms - 11[0m
[0mGET / [32m200 [0m0.394 ms - 11[0m
[0mGET / [32m200 [0m0.965 ms - 11[0m
[0mGET / [32m200 [0m1.449 ms - 11[0m
[0mGET / [32m200 [0m0.455 ms - 11[0m
[0mGET / [32m200 [0m4.228 ms - 11[0m
[0mGET / [32m200 [0m1.352 ms - 11[0m
[0mGET / [32m200 [0m7.317 ms - 11[0m
[0mGET / [32m200 [0m0.432 ms - 11[0m
[0mGET / [32m200 [0m2.639 ms - 11[0m
[0mGET / [32m200 [0m1.870 ms - 11[0m
[0mGET / [32m200 [0m2.322 ms - 11[0m
[0mGET / [32m200 [0m3.961 ms - 11[0m
[0mGET / [32m200 [0m78.752 ms - 11[0m
[0mGET / [32m200 [0m1.946 ms - 11[0m
[0mGET / [32m200 [0m1.943 ms - 11[0m
[0mGET / [32m200 [0m0.477 ms - 11[0m
[0mGET / [32m200 [0m0.452 ms - 11[0m
[0mGET / [32m200 [0m1.561 ms - 11[0m
[0mGET / [32m200 [0m6.764 ms - 11[0m
[0mGET / [32m200 [0m4.799 ms - 11[0m
[0mGET / [32m200 [0m5.089 ms - 11[0m
[0mGET / [32m200 [0m0.353 ms - 11[0m
[0mGET / [32m200 [0m1.567 ms - 11[0m
[0mGET / [32m200 [0m0.458 ms - 11[0m
[0mGET / [32m200 [0m3.179 ms - 11[0m
[0mGET / [32m200 [0m0.485 ms - 11[0m
[0mGET / [32m200 [0m3.811 ms - 11[0m
[0mGET / [32m200 [0m3.187 ms - 11[0m
[0mGET / [32m200 [0m2.891 ms - 11[0m
[0mGET / [32m200 [0m0.428 ms - 11[0m
[0mGET / [32m200 [0m4.786 ms - 11[0m
[0mGET / [32m200 [0m2.504 ms - 11[0m
[0mGET / [32m200 [0m11.368 ms - 11[0m
[0mGET / [32m200 [0m7.613 ms - 11[0m
[0mGET / [32m200 [0m7.705 ms - 11[0m
[0mGET / [32m200 [0m9.315 ms - 11[0m
[0mGET / [32m200 [0m1.577 ms - 11[0m
[0mGET / [32m200 [0m1.385 ms - 11[0m
[0mGET / [32m200 [0m4.117 ms - 11[0m
[0mGET / [32m200 [0m0.382 ms - 11[0m
[0mGET / [32m200 [0m0.511 ms - 11[0m
[0mGET / [32m200 [0m1.027 ms - 11[0m
[0mGET / [32m200 [0m5.562 ms - 11[0m
[0mGET / [32m200 [0m11.940 ms - 11[0m
[0mGET / [32m200 [0m0.486 ms - 11[0m
[0mGET / [32m200 [0m0.348 ms - 11[0m
[0mGET / [32m200 [0m3.347 ms - 11[0m
[0mGET / [32m200 [0m0.413 ms - 11[0m
[0mGET / [32m200 [0m3.384 ms - 11[0m
[0mGET / [32m200 [0m0.477 ms - 11[0m
[0mGET / [32m200 [0m8.988 ms - 11[0m
[0mGET / [32m200 [0m7.806 ms - 11[0m
[0mGET / [32m200 [0m0.451 ms - 11[0m
[0mGET / [32m200 [0m1.505 ms - 11[0m
[0mGET / [32m200 [0m3.516 ms - 11[0m
[0mGET / [32m200 [0m0.554 ms - 11[0m
[0mGET / [32m200 [0m7.824 ms - 11[0m
[0mGET / [32m200 [0m0.410 ms - 11[0m
[0mGET / [32m200 [0m4.413 ms - 11[0m
[0mGET / [32m200 [0m1.785 ms - 11[0m
[0mGET / [32m200 [0m5.125 ms - 11[0m
[0mGET / [32m200 [0m0.996 ms - 11[0m
[0mGET / [32m200 [0m1.528 ms - 11[0m
[0mGET / [32m200 [0m1.360 ms - 11[0m
[0mGET / [32m200 [0m0.514 ms - 11[0m
[0mGET / [32m200 [0m0.363 ms - 11[0m
[0mGET / [32m200 [0m5.475 ms - 11[0m
[0mGET / [32m200 [0m0.336 ms - 11[0m
[0mGET / [32m200 [0m1.093 ms - 11[0m
[0mGET / [32m200 [0m0.357 ms - 11[0m
[0mGET / [32m200 [0m7.042 ms - 11[0m
[0mGET / [32m200 [0m0.281 ms - 11[0m
[0mGET / [32m200 [0m8.565 ms - 11[0m
[0mGET / [32m200 [0m2.894 ms - 11[0m
[0mGET / [32m200 [0m5.505 ms - 11[0m
[0mGET / [32m200 [0m1.071 ms - 11[0m
[0mGET / [32m200 [0m0.420 ms - 11[0m
[0mGET / [32m200 [0m0.318 ms - 11[0m
[0mGET / [32m200 [0m5.964 ms - 11[0m
[0mGET / [32m200 [0m3.624 ms - 11[0m
[0mGET / [32m200 [0m12.029 ms - 11[0m
[0mGET / [32m200 [0m9.541 ms - 11[0m
[0mGET / [32m200 [0m5.570 ms - 11[0m
[0mGET / [32m200 [0m0.566 ms - 11[0m
[0mGET / [32m200 [0m0.372 ms - 11[0m
[0mGET / [32m200 [0m3.774 ms - 11[0m
[0mGET / [32m200 [0m0.677 ms - 11[0m
[0mGET / [32m200 [0m8.413 ms - 11[0m
[0mGET / [32m200 [0m3.358 ms - 11[0m
[0mGET / [32m200 [0m0.866 ms - 11[0m
[0mGET / [32m200 [0m9.542 ms - 11[0m
[0mGET / [32m200 [0m0.853 ms - 11[0m
[0mGET / [32m200 [0m4.664 ms - 11[0m
[0mGET / [32m200 [0m1.280 ms - 11[0m
[0mGET / [32m200 [0m2.521 ms - 11[0m
[0mGET / [32m200 [0m0.362 ms - 11[0m
[0mGET / [32m200 [0m7.310 ms - 11[0m
[0mGET / [32m200 [0m9.918 ms - 11[0m
[0mGET / [32m200 [0m2.034 ms - 11[0m
[0mGET / [32m200 [0m0.582 ms - 11[0m
[0mGET / [32m200 [0m2.640 ms - 11[0m
[0mGET / [32m200 [0m0.504 ms - 11[0m
[0mGET / [32m200 [0m0.654 ms - 11[0m
[0mGET / [32m200 [0m0.785 ms - 11[0m
[0mGET / [32m200 [0m9.092 ms - 11[0m
[0mGET / [32m200 [0m3.153 ms - 11[0m
[0mGET / [32m200 [0m0.422 ms - 11[0m
[0mGET / [32m200 [0m0.341 ms - 11[0m
[0mGET / [32m200 [0m1.951 ms - 11[0m
[0mGET / [32m200 [0m2.739 ms - 11[0m
[0mGET / [32m200 [0m13.067 ms - 11[0m
[0mGET / [32m200 [0m7.784 ms - 11[0m
[0mGET / [32m200 [0m5.059 ms - 11[0m
[0mGET / [32m200 [0m1.180 ms - 11[0m
[0mGET / [32m200 [0m3.070 ms - 11[0m
[0mGET / [32m200 [0m7.981 ms - 11[0m
[0mGET / [32m200 [0m4.946 ms - 11[0m
[0mGET / [32m200 [0m6.835 ms - 11[0m
[0mGET / [32m200 [0m6.057 ms - 11[0m
[0mGET / [32m200 [0m1.014 ms - 11[0m
[0mGET / [32m200 [0m11.969 ms - 11[0m
[0mGET / [32m200 [0m11.998 ms - 11[0m
[0mGET / [32m200 [0m0.879 ms - 11[0m
[0mGET / [32m200 [0m0.372 ms - 11[0m
[0mGET / [32m200 [0m12.719 ms - 11[0m
[0mGET / [32m200 [0m8.139 ms - 11[0m
[0mGET / [32m200 [0m2.250 ms - 11[0m
[0mGET / [32m200 [0m0.334 ms - 11[0m
[0mGET / [32m200 [0m0.391 ms - 11[0m
[0mGET / [32m200 [0m0.985 ms - 11[0m
[0mGET / [32m200 [0m5.644 ms - 11[0m
[0mGET / [32m200 [0m6.426 ms - 11[0m
[0mGET / [32m200 [0m12.750 ms - 11[0m
[0mGET / [32m200 [0m7.844 ms - 11[0m
[0mGET / [32m200 [0m11.780 ms - 11[0m
[0mGET / [32m200 [0m3.905 ms - 11[0m
[0mGET / [32m200 [0m4.226 ms - 11[0m
[0mGET / [32m200 [0m5.908 ms - 11[0m
[0mGET / [32m200 [0m0.568 ms - 11[0m
[0mGET / [32m200 [0m0.356 ms - 11[0m
[0mGET / [32m200 [0m6.782 ms - 11[0m
[0mGET / [32m200 [0m0.870 ms - 11[0m
[0mGET / [32m200 [0m6.891 ms - 11[0m
[0mGET / [32m200 [0m4.222 ms - 11[0m
[0mGET / [32m200 [0m3.437 ms - 11[0m
[0mGET / [32m200 [0m0.834 ms - 11[0m
[0mGET / [32m200 [0m12.123 ms - 11[0m
[0mGET / [32m200 [0m8.434 ms - 11[0m
[0mGET / [32m200 [0m6.961 ms - 11[0m
[0mGET / [32m200 [0m0.912 ms - 11[0m
[0mGET / [32m200 [0m2.247 ms - 11[0m
[0mGET / [32m200 [0m1.299 ms - 11[0m
[0mGET / [32m200 [0m2.693 ms - 11[0m
[0mGET / [32m200 [0m0.762 ms - 11[0m
[0mGET / [32m200 [0m1.534 ms - 11[0m
[0mGET / [32m200 [0m0.868 ms - 11[0m
[0mGET / [32m200 [0m8.670 ms - 11[0m
[0mGET / [32m200 [0m7.295 ms - 11[0m
[0mGET / [32m200 [0m1.238 ms - 11[0m
[0mGET / [32m200 [0m0.415 ms - 11[0m
[0mGET / [32m200 [0m0.435 ms - 11[0m
[0mGET / [32m200 [0m0.370 ms - 11[0m
[0mGET / [32m200 [0m0.614 ms - 11[0m
[0mGET / [32m200 [0m0.358 ms - 11[0m
[0mGET / [32m200 [0m8.545 ms - 11[0m
[0mGET / [32m200 [0m4.937 ms - 11[0m
[0mGET / [32m200 [0m5.559 ms - 11[0m
[0mGET / [32m200 [0m4.978 ms - 11[0m
[0mGET / [32m200 [0m2.320 ms - 11[0m
[0mGET / [32m200 [0m0.394 ms - 11[0m
[0mGET / [32m200 [0m1.309 ms - 11[0m
[0mGET / [32m200 [0m0.283 ms - 11[0m
[0mGET / [32m200 [0m9.398 ms - 11[0m
[0mGET / [32m200 [0m0.882 ms - 11[0m
[0mGET / [32m200 [0m0.795 ms - 11[0m
[0mGET / [32m200 [0m0.874 ms - 11[0m
[0mGET / [32m200 [0m5.028 ms - 11[0m
[0mGET / [32m200 [0m0.801 ms - 11[0m
[0mGET / [32m200 [0m8.913 ms - 11[0m
[0mGET / [32m200 [0m0.844 ms - 11[0m
[0mGET / [32m200 [0m6.862 ms - 11[0m
[0mGET / [32m200 [0m7.392 ms - 11[0m
[0mGET / [32m200 [0m2.250 ms - 11[0m
[0mGET / [32m200 [0m0.334 ms - 11[0m
[0mGET / [32m200 [0m1.095 ms - 11[0m
[0mGET / [32m200 [0m1.353 ms - 11[0m
[0mGET / [32m200 [0m3.700 ms - 11[0m
[0mGET / [32m200 [0m4.093 ms - 11[0m
[0mGET / [32m200 [0m0.368 ms - 11[0m
[0mGET / [32m200 [0m1.607 ms - 11[0m
[0mGET / [32m200 [0m1.054 ms - 11[0m
[0mGET / [32m200 [0m1.913 ms - 11[0m
[0mGET / [32m200 [0m0.620 ms - 11[0m
[0mGET / [32m200 [0m1.408 ms - 11[0m
[0mGET / [32m200 [0m11.462 ms - 11[0m
[0mGET / [32m200 [0m2.907 ms - 11[0m
[0mGET / [32m200 [0m2.012 ms - 11[0m
[0mGET / [32m200 [0m0.812 ms - 11[0m
[0mGET / [32m200 [0m1.998 ms - 11[0m
[0mGET / [32m200 [0m1.531 ms - 11[0m
[0mGET / [32m200 [0m1.020 ms - 11[0m
[0mGET / [32m200 [0m0.436 ms - 11[0m
[0mGET / [32m200 [0m1.559 ms - 11[0m
[0mGET / [32m200 [0m3.416 ms - 11[0m
[0mGET / [32m200 [0m10.050 ms - 11[0m
[0mGET / [32m200 [0m11.485 ms - 11[0m
[0mGET / [32m200 [0m0.498 ms - 11[0m
[0mGET / [32m200 [0m0.360 ms - 11[0m
[0mGET / [32m200 [0m1.067 ms - 11[0m
[0mGET / [32m200 [0m2.542 ms - 11[0m
[0mGET / [32m200 [0m0.784 ms - 11[0m
[0mGET / [32m200 [0m0.387 ms - 11[0m
[0mGET / [32m200 [0m6.847 ms - 11[0m
[0mGET / [32m200 [0m5.363 ms - 11[0m
[0mGET / [32m200 [0m0.551 ms - 11[0m
[0mGET / [32m200 [0m0.363 ms - 11[0m
[0mGET / [32m200 [0m8.834 ms - 11[0m
[0mGET / [32m200 [0m9.283 ms - 11[0m
[0mGET / [32m200 [0m0.391 ms - 11[0m
[0mGET / [32m200 [0m0.573 ms - 11[0m
[0mGET / [32m200 [0m11.721 ms - 11[0m
[0mGET / [32m200 [0m0.471 ms - 11[0m
[0mGET / [32m200 [0m1.476 ms - 11[0m
[0mGET / [32m200 [0m0.936 ms - 11[0m
[0mGET / [32m200 [0m1.129 ms - 11[0m
[0mGET / [32m200 [0m0.370 ms - 11[0m
[0mGET / [32m200 [0m0.741 ms - 11[0m
[0mGET / [32m200 [0m0.971 ms - 11[0m
[0mGET / [32m200 [0m8.681 ms - 11[0m
[0mGET / [32m200 [0m5.824 ms - 11[0m
[0mGET / [32m200 [0m0.352 ms - 11[0m
[0mGET / [32m200 [0m0.636 ms - 11[0m
[0mGET / [32m200 [0m11.114 ms - 11[0m
[0mGET / [32m200 [0m8.448 ms - 11[0m
[0mGET / [32m200 [0m0.383 ms - 11[0m
[0mGET / [32m200 [0m0.334 ms - 11[0m
[0mGET / [32m200 [0m6.991 ms - 11[0m
[0mGET / [32m200 [0m5.024 ms - 11[0m
[0mGET / [32m200 [0m1.435 ms - 11[0m
[0mGET / [32m200 [0m0.873 ms - 11[0m
[0mGET / [32m200 [0m1.410 ms - 11[0m
[0mGET / [32m200 [0m0.352 ms - 11[0m
[0mGET / [32m200 [0m1.594 ms - 11[0m
[0mGET / [32m200 [0m2.430 ms - 11[0m
[0mGET / [32m200 [0m2.283 ms - 11[0m
[0mGET / [32m200 [0m0.317 ms - 11[0m
[0mGET / [32m200 [0m1.388 ms - 11[0m
[0mGET / [32m200 [0m1.002 ms - 11[0m
[0mGET / [32m200 [0m1.439 ms - 11[0m
[0mGET / [32m200 [0m0.806 ms - 11[0m
[0mGET / [32m200 [0m1.061 ms - 11[0m
[0mGET / [32m200 [0m0.828 ms - 11[0m
[0mGET / [32m200 [0m0.440 ms - 11[0m
[0mGET / [32m200 [0m0.476 ms - 11[0m
[0mGET / [32m200 [0m4.771 ms - 11[0m
[0mGET / [32m200 [0m1.669 ms - 11[0m
[0mGET / [32m200 [0m2.666 ms - 11[0m
[0mGET / [32m200 [0m0.362 ms - 11[0m
[0mGET / [32m200 [0m0.366 ms - 11[0m
[0mGET / [32m200 [0m0.301 ms - 11[0m
[0mGET / [32m200 [0m2.676 ms - 11[0m
[0mGET / [32m200 [0m1.229 ms - 11[0m
[0mGET / [32m200 [0m0.637 ms - 11[0m
[0mGET / [32m200 [0m0.826 ms - 11[0m
[0mGET / [32m200 [0m2.471 ms - 11[0m
[0mGET / [32m200 [0m0.367 ms - 11[0m
[0mGET / [32m200 [0m0.377 ms - 11[0m
[0mGET / [32m200 [0m2.323 ms - 11[0m
[0mGET / [32m200 [0m2.794 ms - 11[0m
[0mGET / [32m200 [0m5.453 ms - 11[0m
[0mGET / [32m200 [0m0.695 ms - 11[0m
[0mGET / [32m200 [0m0.764 ms - 11[0m
[0mGET / [32m200 [0m0.715 ms - 11[0m
[0mGET / [32m200 [0m0.365 ms - 11[0m
[0mGET / [32m200 [0m1.515 ms - 11[0m
[0mGET / [32m200 [0m1.800 ms - 11[0m
[0mGET / [32m200 [0m4.939 ms - 11[0m
[0mGET / [32m200 [0m0.344 ms - 11[0m
[0mGET / [32m200 [0m0.561 ms - 11[0m
[0mGET / [32m200 [0m0.734 ms - 11[0m
[0mGET / [32m200 [0m0.953 ms - 11[0m
[0mGET / [32m200 [0m0.821 ms - 11[0m
[0mGET / [32m200 [0m0.613 ms - 11[0m
[0mGET / [32m200 [0m0.780 ms - 11[0m
[0mGET / [32m200 [0m0.418 ms - 11[0m
[0mGET / [32m200 [0m0.321 ms - 11[0m
[0mGET / [32m200 [0m0.819 ms - 11[0m
[0mGET / [32m200 [0m0.298 ms - 11[0m
[0mGET / [32m200 [0m4.410 ms - 11[0m
[0mGET / [32m200 [0m5.524 ms - 11[0m
[0mGET / [32m200 [0m2.563 ms - 11[0m
[0mGET / [32m200 [0m1.831 ms - 11[0m
[0mGET / [32m200 [0m3.672 ms - 11[0m
[0mGET / [32m200 [0m2.161 ms - 11[0m
[0mGET / [32m200 [0m1.240 ms - 11[0m
[0mGET / [32m200 [0m0.825 ms - 11[0m
[0mGET / [32m200 [0m5.843 ms - 11[0m
[0mGET / [32m200 [0m3.724 ms - 11[0m
[0mGET / [32m200 [0m0.709 ms - 11[0m
[0mGET / [32m200 [0m0.796 ms - 11[0m
[0mGET / [32m200 [0m2.246 ms - 11[0m
[0mGET / [32m200 [0m0.657 ms - 11[0m
[0mGET / [32m200 [0m0.663 ms - 11[0m
[0mGET / [32m200 [0m0.774 ms - 11[0m
[0mGET / [32m200 [0m2.098 ms - 11[0m
[0mGET / [32m200 [0m0.339 ms - 11[0m
[0mGET / [32m200 [0m1.182 ms - 11[0m
[0mGET / [32m200 [0m0.974 ms - 11[0m
[0mGET / [32m200 [0m8.113 ms - 11[0m
[0mGET / [32m200 [0m0.814 ms - 11[0m
[0mGET / [32m200 [0m9.548 ms - 11[0m
[0mGET / [32m200 [0m6.850 ms - 11[0m
[0mGET / [32m200 [0m9.041 ms - 11[0m
[0mGET / [32m200 [0m1.790 ms - 11[0m
[0mGET / [32m200 [0m0.495 ms - 11[0m
[0mGET / [32m200 [0m0.725 ms - 11[0m
[0mGET / [32m200 [0m7.632 ms - 11[0m
[0mGET / [32m200 [0m3.689 ms - 11[0m
[0mGET / [32m200 [0m3.761 ms - 11[0m
[0mGET / [32m200 [0m0.816 ms - 11[0m
[0mGET / [32m200 [0m1.457 ms - 11[0m
[0mGET / [32m200 [0m0.377 ms - 11[0m
[0mGET / [32m200 [0m0.358 ms - 11[0m
[0mGET / [32m200 [0m0.306 ms - 11[0m
[0mGET / [32m200 [0m0.764 ms - 11[0m
[0mGET / [32m200 [0m1.104 ms - 11[0m
[0mGET / [32m200 [0m0.524 ms - 11[0m
[0mGET / [32m200 [0m0.389 ms - 11[0m
[0mGET / [32m200 [0m0.901 ms - 11[0m
[0mGET / [32m200 [0m0.951 ms - 11[0m
[0mGET / [32m200 [0m0.375 ms - 11[0m
[0mGET / [32m200 [0m0.421 ms - 11[0m
[0mGET / [32m200 [0m0.988 ms - 11[0m
[0mGET / [32m200 [0m0.675 ms - 11[0m
[0mGET / [32m200 [0m7.228 ms - 11[0m
[0mGET / [32m200 [0m0.274 ms - 11[0m
[0mGET / [32m200 [0m10.282 ms - 11[0m
[0mGET / [32m200 [0m6.434 ms - 11[0m
[0mGET / [32m200 [0m4.495 ms - 11[0m
[0mGET / [32m200 [0m0.249 ms - 11[0m
[0mGET / [32m200 [0m4.042 ms - 11[0m
[0mGET / [32m200 [0m0.294 ms - 11[0m
[0mGET / [32m200 [0m3.112 ms - 11[0m
[0mGET / [32m200 [0m1.524 ms - 11[0m
[0mGET / [32m200 [0m1.791 ms - 11[0m
[0mGET / [32m200 [0m2.164 ms - 11[0m
[0mGET / [32m200 [0m1.454 ms - 11[0m
[0mGET / [32m200 [0m2.122 ms - 11[0m
[0mGET / [32m200 [0m2.327 ms - 11[0m
[0mGET / [32m200 [0m0.357 ms - 11[0m
[0mGET / [32m200 [0m2.355 ms - 11[0m
[0mGET / [32m200 [0m0.263 ms - 11[0m
[0mGET / [32m200 [0m7.824 ms - 11[0m
[0mGET / [32m200 [0m3.120 ms - 11[0m
[0mGET / [32m200 [0m6.549 ms - 11[0m
[0mGET / [32m200 [0m5.439 ms - 11[0m
[0mGET / [32m200 [0m14.270 ms - 11[0m
[0mGET / [32m200 [0m0.300 ms - 11[0m
[0mGET / [32m200 [0m0.424 ms - 11[0m
[0mGET / [32m200 [0m0.415 ms - 11[0m
[0mGET / [32m200 [0m37.597 ms - 11[0m
[0mGET / [32m200 [0m0.350 ms - 11[0m
[0mGET / [32m200 [0m2.442 ms - 11[0m
[0mGET / [32m200 [0m1.731 ms - 11[0m
[0mGET / [32m200 [0m0.458 ms - 11[0m
[0mGET / [32m200 [0m0.313 ms - 11[0m
[0mGET / [32m200 [0m0.384 ms - 11[0m
[0mGET / [32m200 [0m0.395 ms - 11[0m
[0mGET / [32m200 [0m13.975 ms - 11[0m
[0mGET / [32m200 [0m0.659 ms - 11[0m
[0mGET / [32m200 [0m0.564 ms - 11[0m
[0mGET / [32m200 [0m0.774 ms - 11[0m
[0mGET / [32m200 [0m3.716 ms - 11[0m
[0mGET / [32m200 [0m0.419 ms - 11[0m
[0mGET / [32m200 [0m0.315 ms - 11[0m
[0mGET / [32m200 [0m0.503 ms - 11[0m
[0mGET / [32m200 [0m3.975 ms - 11[0m
[0mGET / [32m200 [0m0.864 ms - 11[0m
[0mGET / [32m200 [0m1.414 ms - 11[0m
[0mGET / [32m200 [0m0.980 ms - 11[0m
[0mGET / [32m200 [0m4.559 ms - 11[0m
[0mGET / [32m200 [0m0.793 ms - 11[0m
[0mGET / [32m200 [0m1.765 ms - 11[0m
[0mGET / [32m200 [0m0.795 ms - 11[0m
[0mGET / [32m200 [0m10.619 ms - 11[0m
[0mGET / [32m200 [0m7.650 ms - 11[0m
[0mGET / [32m200 [0m3.468 ms - 11[0m
[0mGET / [32m200 [0m0.721 ms - 11[0m
[0mGET / [32m200 [0m2.723 ms - 11[0m
[0mGET / [32m200 [0m2.586 ms - 11[0m
[0mGET / [32m200 [0m7.820 ms - 11[0m
[0mGET / [32m200 [0m0.380 ms - 11[0m
[0mGET / [32m200 [0m2.677 ms - 11[0m
[0mGET / [32m200 [0m2.054 ms - 11[0m
[0mGET / [32m200 [0m6.471 ms - 11[0m
[0mGET / [32m200 [0m5.907 ms - 11[0m
[0mGET / [32m200 [0m0.399 ms - 11[0m
[0mGET / [32m200 [0m0.802 ms - 11[0m
[0mGET / [32m200 [0m13.257 ms - 11[0m
[0mGET / [32m200 [0m9.277 ms - 11[0m
[0mGET / [32m200 [0m4.955 ms - 11[0m
[0mGET / [32m200 [0m0.799 ms - 11[0m
[0mGET / [32m200 [0m1.206 ms - 11[0m
[0mGET / [32m200 [0m3.152 ms - 11[0m
[0mGET / [32m200 [0m12.462 ms - 11[0m
[0mGET / [32m200 [0m7.096 ms - 11[0m
[0mGET / [32m200 [0m2.913 ms - 11[0m
[0mGET / [32m200 [0m0.375 ms - 11[0m
