ok
Config
Tue Aug 01 2017 08:40:29 GMT+0000 (UTC)
Cognito
the cognitoidentity is [object Object]
SNS
setting tcp
setting sns
PostAPI
PostAPI_Chat
PostAPI_Wall
PostAPI_Pet
PostAPI_Chips
PostAPI_Login
PostAPI_Shop
PostAPI_Debug
Game init
======================
apiPort listening 2450
tcpPort listening 3007
======================
Server listening at port 3007
[0mGET / [32m200 [0m32.374 ms - 11[0m
[0mGET / [32m200 [0m40.445 ms - 11[0m
[0mGET / [32m200 [0m6.502 ms - 11[0m
[0mGET / [32m200 [0m12.936 ms - 11[0m
[0mGET / [32m200 [0m0.735 ms - 11[0m
[0mGET / [32m200 [0m0.875 ms - 11[0m
[0mGET / [32m200 [0m2.480 ms - 11[0m
[0mGET / [32m200 [0m4.655 ms - 11[0m
[0mGET / [32m200 [0m2.489 ms - 11[0m
[0mGET / [32m200 [0m1.110 ms - 11[0m
[0mGET / [32m200 [0m6.431 ms - 11[0m
[0mGET / [32m200 [0m0.326 ms - 11[0m
[0mGET / [32m200 [0m9.955 ms - 11[0m
[0mGET / [32m200 [0m8.619 ms - 11[0m
[0mGET / [32m200 [0m8.035 ms - 11[0m
[0mGET / [32m200 [0m0.379 ms - 11[0m
[0mGET / [32m200 [0m0.674 ms - 11[0m
[0mGET / [32m200 [0m3.310 ms - 11[0m
[0mGET / [32m200 [0m20.409 ms - 11[0m
[0mGET / [32m200 [0m29.416 ms - 11[0m
[0mGET / [32m200 [0m4.199 ms - 11[0m
[0mGET / [32m200 [0m0.765 ms - 11[0m
[0mGET / [32m200 [0m11.914 ms - 11[0m
[0mGET / [32m200 [0m2.450 ms - 11[0m
[0mGET / [32m200 [0m0.853 ms - 11[0m
[0mGET / [32m200 [0m10.538 ms - 11[0m
[0mGET / [32m200 [0m1.787 ms - 11[0m
[0mGET / [32m200 [0m4.367 ms - 11[0m
[0mGET / [32m200 [0m8.987 ms - 11[0m
[0mGET / [32m200 [0m0.973 ms - 11[0m
[0mGET / [32m200 [0m15.587 ms - 11[0m
[0mGET / [32m200 [0m15.916 ms - 11[0m
[0mGET / [32m200 [0m8.248 ms - 11[0m
[0mGET / [32m200 [0m9.119 ms - 11[0m
[0mGET / [32m200 [0m4.045 ms - 11[0m
[0mGET / [32m200 [0m2.894 ms - 11[0m
[0mGET / [32m200 [0m3.009 ms - 11[0m
[0mGET / [32m200 [0m5.308 ms - 11[0m
[0mGET / [32m200 [0m3.354 ms - 11[0m
[0mGET / [32m200 [0m0.376 ms - 11[0m
[0mGET / [32m200 [0m0.837 ms - 11[0m
[0mGET / [32m200 [0m13.991 ms - 11[0m
[0mGET / [32m200 [0m1.426 ms - 11[0m
[0mGET / [32m200 [0m13.748 ms - 11[0m
[0mGET / [32m200 [0m14.269 ms - 11[0m
[0mGET / [32m200 [0m14.362 ms - 11[0m
[0mGET / [32m200 [0m4.694 ms - 11[0m
[0mGET / [32m200 [0m9.362 ms - 11[0m
[0mGET / [32m200 [0m7.996 ms - 11[0m
[0mGET / [32m200 [0m0.963 ms - 11[0m
[0mGET / [32m200 [0m1.680 ms - 11[0m
[0mGET / [32m200 [0m0.618 ms - 11[0m
[0mGET / [32m200 [0m1.761 ms - 11[0m
[0mGET / [32m200 [0m2.499 ms - 11[0m
[0mGET / [32m200 [0m4.492 ms - 11[0m
[0mGET / [32m200 [0m1.040 ms - 11[0m
[0mGET / [32m200 [0m4.221 ms - 11[0m
[0mGET / [32m200 [0m4.618 ms - 11[0m
[0mGET / [32m200 [0m12.990 ms - 11[0m
[0mGET / [32m200 [0m13.335 ms - 11[0m
[0mGET / [32m200 [0m7.613 ms - 11[0m
[0mGET / [32m200 [0m11.414 ms - 11[0m
[0mGET / [32m200 [0m4.569 ms - 11[0m
[0mGET / [32m200 [0m3.877 ms - 11[0m
[0mGET / [32m200 [0m8.502 ms - 11[0m
[0mGET / [32m200 [0m16.172 ms - 11[0m
[0mGET / [32m200 [0m10.491 ms - 11[0m
[0mGET / [32m200 [0m10.602 ms - 11[0m
[0mGET / [32m200 [0m0.420 ms - 11[0m
[0mGET / [32m200 [0m0.890 ms - 11[0m
[0mGET / [32m200 [0m14.507 ms - 11[0m
[0mGET / [32m200 [0m8.377 ms - 11[0m
[0mGET / [32m200 [0m15.045 ms - 11[0m
[0mGET / [32m200 [0m2.077 ms - 11[0m
[0mGET / [32m200 [0m1.863 ms - 11[0m
[0mGET / [32m200 [0m1.215 ms - 11[0m
[0mGET / [32m200 [0m5.973 ms - 11[0m
[0mGET / [32m200 [0m0.966 ms - 11[0m
[0mGET / [32m200 [0m1.645 ms - 11[0m
[0mGET / [32m200 [0m1.413 ms - 11[0m
[0mGET / [32m200 [0m1.339 ms - 11[0m
[0mGET / [32m200 [0m4.917 ms - 11[0m
[0mGET / [32m200 [0m1.279 ms - 11[0m
[0mGET / [32m200 [0m1.725 ms - 11[0m
[0mGET / [32m200 [0m5.311 ms - 11[0m
[0mGET / [32m200 [0m0.331 ms - 11[0m
[0mGET / [32m200 [0m11.392 ms - 11[0m
[0mGET / [32m200 [0m11.709 ms - 11[0m
[0mGET / [32m200 [0m10.049 ms - 11[0m
[0mGET / [32m200 [0m0.913 ms - 11[0m
[0mGET / [32m200 [0m3.723 ms - 11[0m
[0mGET / [32m200 [0m4.031 ms - 11[0m
[0mGET / [32m200 [0m18.939 ms - 11[0m
[0mGET / [32m200 [0m10.489 ms - 11[0m
[0mGET / [32m200 [0m1.011 ms - 11[0m
[0mGET / [32m200 [0m0.378 ms - 11[0m
[0mGET / [32m200 [0m0.397 ms - 11[0m
[0mGET / [32m200 [0m6.458 ms - 11[0m
[0mGET / [32m200 [0m5.440 ms - 11[0m
[0mGET / [32m200 [0m0.514 ms - 11[0m
[0mGET / [32m200 [0m0.514 ms - 11[0m
[0mGET / [32m200 [0m8.835 ms - 11[0m
[0mGET / [32m200 [0m0.500 ms - 11[0m
[0mGET / [32m200 [0m1.368 ms - 11[0m
[0mGET / [32m200 [0m7.999 ms - 11[0m
[0mGET / [32m200 [0m3.972 ms - 11[0m
[0mGET / [32m200 [0m7.583 ms - 11[0m
[0mGET / [32m200 [0m15.396 ms - 11[0m
[0mGET / [32m200 [0m0.888 ms - 11[0m
[0mGET / [32m200 [0m11.129 ms - 11[0m
[0mGET / [32m200 [0m11.508 ms - 11[0m
[0mGET / [32m200 [0m11.802 ms - 11[0m
[0mGET / [32m200 [0m2.986 ms - 11[0m
[0mGET / [32m200 [0m5.941 ms - 11[0m
[0mGET / [32m200 [0m0.445 ms - 11[0m
[0mGET / [32m200 [0m1.704 ms - 11[0m
[0mGET / [32m200 [0m5.858 ms - 11[0m
[0mGET / [32m200 [0m8.464 ms - 11[0m
[0mGET / [32m200 [0m5.512 ms - 11[0m
[0mGET / [32m200 [0m11.015 ms - 11[0m
[0mGET / [32m200 [0m4.137 ms - 11[0m
[0mGET / [32m200 [0m2.380 ms - 11[0m
[0mGET / [32m200 [0m0.622 ms - 11[0m
[0mGET / [32m200 [0m4.557 ms - 11[0m
[0mGET / [32m200 [0m7.419 ms - 11[0m
[0mGET / [32m200 [0m7.863 ms - 11[0m
[0mGET / [32m200 [0m10.813 ms - 11[0m
[0mGET / [32m200 [0m0.347 ms - 11[0m
[0mGET / [32m200 [0m0.788 ms - 11[0m
[0mGET / [32m200 [0m0.645 ms - 11[0m
[0mGET / [32m200 [0m55.276 ms - 11[0m
[0mGET / [32m200 [0m41.747 ms - 11[0m
[0mGET / [32m200 [0m0.778 ms - 11[0m
[0mGET / [32m200 [0m10.022 ms - 11[0m
[0mGET / [32m200 [0m1.647 ms - 11[0m
[0mGET / [32m200 [0m5.083 ms - 11[0m
[0mGET / [32m200 [0m0.375 ms - 11[0m
[0mGET / [32m200 [0m4.472 ms - 11[0m
[0mGET / [32m200 [0m4.450 ms - 11[0m
[0mGET / [32m200 [0m18.724 ms - 11[0m
[0mGET / [32m200 [0m0.610 ms - 11[0m
[0mGET / [32m200 [0m4.168 ms - 11[0m
[0mGET / [32m200 [0m12.011 ms - 11[0m
[0mGET / [32m200 [0m12.315 ms - 11[0m
[0mGET / [32m200 [0m2.364 ms - 11[0m
[0mGET / [32m200 [0m3.219 ms - 11[0m
[0mGET / [32m200 [0m1.836 ms - 11[0m
[0mGET / [32m200 [0m5.816 ms - 11[0m
[0mGET / [32m200 [0m3.721 ms - 11[0m
[0mGET / [32m200 [0m4.055 ms - 11[0m
[0mGET / [32m200 [0m0.414 ms - 11[0m
[0mGET / [32m200 [0m8.038 ms - 11[0m
[0mGET / [32m200 [0m0.464 ms - 11[0m
[0mGET / [32m200 [0m0.425 ms - 11[0m
[0mGET / [32m200 [0m0.391 ms - 11[0m
[0mGET / [32m200 [0m6.708 ms - 11[0m
[0mGET / [32m200 [0m16.809 ms - 11[0m
[0mGET / [32m200 [0m4.323 ms - 11[0m
[0mGET / [32m200 [0m1.106 ms - 11[0m
[0mGET / [32m200 [0m5.911 ms - 11[0m
[0mGET / [32m200 [0m0.387 ms - 11[0m
[0mGET / [32m200 [0m0.472 ms - 11[0m
[0mGET / [32m200 [0m0.393 ms - 11[0m
[0mGET / [32m200 [0m4.564 ms - 11[0m
[0mGET / [32m200 [0m0.374 ms - 11[0m
[0mGET / [32m200 [0m0.483 ms - 11[0m
[0mGET / [32m200 [0m6.590 ms - 11[0m
[0mGET / [32m200 [0m0.943 ms - 11[0m
[0mGET / [32m200 [0m1.874 ms - 11[0m
[0mGET / [32m200 [0m1.038 ms - 11[0m
[0mGET / [32m200 [0m1.556 ms - 11[0m
[0mGET / [32m200 [0m2.574 ms - 11[0m
[0mGET / [32m200 [0m0.377 ms - 11[0m
[0mGET / [32m200 [0m0.557 ms - 11[0m
[0mGET / [32m200 [0m6.506 ms - 11[0m
[0mGET / [32m200 [0m1.072 ms - 11[0m
[0mGET / [32m200 [0m0.642 ms - 11[0m
[0mGET / [32m200 [0m2.909 ms - 11[0m
[0mGET / [32m200 [0m12.303 ms - 11[0m
[0mGET / [32m200 [0m10.417 ms - 11[0m
[0mGET / [32m200 [0m1.369 ms - 11[0m
[0mGET / [32m200 [0m1.056 ms - 11[0m
[0mGET / [32m200 [0m3.200 ms - 11[0m
[0mGET / [32m200 [0m0.420 ms - 11[0m
[0mGET / [32m200 [0m2.448 ms - 11[0m
[0mGET / [32m200 [0m0.920 ms - 11[0m
[0mGET / [32m200 [0m5.781 ms - 11[0m
[0mGET / [32m200 [0m7.008 ms - 11[0m
[0mGET / [32m200 [0m0.369 ms - 11[0m
[0mGET / [32m200 [0m0.590 ms - 11[0m
[0mGET / [32m200 [0m9.362 ms - 11[0m
[0mGET / [32m200 [0m9.592 ms - 11[0m
[0mGET / [32m200 [0m4.261 ms - 11[0m
[0mGET / [32m200 [0m3.075 ms - 11[0m
[0mGET / [32m200 [0m6.780 ms - 11[0m
[0mGET / [32m200 [0m0.458 ms - 11[0m
[0mGET / [32m200 [0m3.128 ms - 11[0m
[0mGET / [32m200 [0m1.263 ms - 11[0m
[0mGET / [32m200 [0m3.802 ms - 11[0m
[0mGET / [32m200 [0m4.002 ms - 11[0m
[0mGET / [32m200 [0m16.417 ms - 11[0m
[0mGET / [32m200 [0m1.177 ms - 11[0m
[0mGET / [32m200 [0m5.251 ms - 11[0m
[0mGET / [32m200 [0m0.885 ms - 11[0m
[0mGET / [32m200 [0m19.829 ms - 11[0m
[0mGET / [32m200 [0m1.800 ms - 11[0m
[0mGET / [32m200 [0m5.032 ms - 11[0m
[0mGET / [32m200 [0m5.340 ms - 11[0m
[0mGET / [32m200 [0m0.370 ms - 11[0m
[0mGET / [32m200 [0m0.988 ms - 11[0m
[0mGET / [32m200 [0m4.924 ms - 11[0m
[0mGET / [32m200 [0m0.948 ms - 11[0m
[0mGET / [32m200 [0m0.381 ms - 11[0m
[0mGET / [32m200 [0m0.600 ms - 11[0m
[0mGET / [32m200 [0m13.066 ms - 11[0m
[0mGET / [32m200 [0m13.222 ms - 11[0m
[0mGET / [32m200 [0m1.063 ms - 11[0m
[0mGET / [32m200 [0m0.353 ms - 11[0m
[0mGET / [32m200 [0m1.829 ms - 11[0m
[0mGET / [32m200 [0m1.397 ms - 11[0m
[0mGET / [32m200 [0m6.911 ms - 11[0m
[0mGET / [32m200 [0m5.358 ms - 11[0m
[0mGET / [32m200 [0m3.764 ms - 11[0m
[0mGET / [32m200 [0m0.467 ms - 11[0m
[0mGET / [32m200 [0m3.983 ms - 11[0m
[0mGET / [32m200 [0m0.857 ms - 11[0m
[0mGET / [32m200 [0m12.346 ms - 11[0m
[0mGET / [32m200 [0m6.602 ms - 11[0m
[0mGET / [32m200 [0m1.101 ms - 11[0m
[0mGET / [32m200 [0m0.517 ms - 11[0m
[0mGET / [32m200 [0m6.494 ms - 11[0m
[0mGET / [32m200 [0m0.872 ms - 11[0m
[0mGET / [32m200 [0m2.473 ms - 11[0m
[0mGET / [32m200 [0m1.419 ms - 11[0m
[0mGET / [32m200 [0m6.664 ms - 11[0m
[0mGET / [32m200 [0m1.035 ms - 11[0m
[0mGET / [32m200 [0m0.364 ms - 11[0m
[0mGET / [32m200 [0m0.901 ms - 11[0m
[0mGET / [32m200 [0m2.122 ms - 11[0m
[0mGET / [32m200 [0m0.424 ms - 11[0m
[0mGET / [32m200 [0m4.129 ms - 11[0m
[0mGET / [32m200 [0m4.386 ms - 11[0m
[0mGET / [32m200 [0m6.199 ms - 11[0m
[0mGET / [32m200 [0m0.358 ms - 11[0m
[0mGET / [32m200 [0m3.566 ms - 11[0m
[0mGET / [32m200 [0m0.440 ms - 11[0m
[0mGET / [32m200 [0m10.835 ms - 11[0m
[0mGET / [32m200 [0m6.639 ms - 11[0m
[0mGET / [32m200 [0m0.501 ms - 11[0m
[0mGET / [32m200 [0m0.377 ms - 11[0m
[0mGET / [32m200 [0m1.345 ms - 11[0m
[0mGET / [32m200 [0m3.101 ms - 11[0m
[0mGET / [32m200 [0m4.030 ms - 11[0m
[0mGET / [32m200 [0m0.349 ms - 11[0m
[0mGET / [32m200 [0m11.043 ms - 11[0m
[0mGET / [32m200 [0m11.321 ms - 11[0m
[0mGET / [32m200 [0m0.594 ms - 11[0m
[0mGET / [32m200 [0m4.566 ms - 11[0m
[0mGET / [32m200 [0m2.969 ms - 11[0m
[0mGET / [32m200 [0m2.065 ms - 11[0m
[0mGET / [32m200 [0m7.414 ms - 11[0m
[0mGET / [32m200 [0m5.465 ms - 11[0m
[0mGET / [32m200 [0m4.404 ms - 11[0m
[0mGET / [32m200 [0m14.359 ms - 11[0m
[0mGET / [32m200 [0m1.424 ms - 11[0m
[0mGET / [32m200 [0m7.722 ms - 11[0m
[0mGET / [32m200 [0m1.368 ms - 11[0m
[0mGET / [32m200 [0m4.263 ms - 11[0m
[0mGET / [32m200 [0m0.477 ms - 11[0m
[0mGET / [32m200 [0m0.514 ms - 11[0m
[0mGET / [32m200 [0m0.459 ms - 11[0m
[0mGET / [32m200 [0m5.413 ms - 11[0m
[0mGET / [32m200 [0m2.289 ms - 11[0m
[0mGET / [32m200 [0m0.381 ms - 11[0m
[0mGET / [32m200 [0m0.493 ms - 11[0m
[0mGET / [32m200 [0m1.307 ms - 11[0m
[0mGET / [32m200 [0m0.466 ms - 11[0m
[0mGET / [32m200 [0m3.914 ms - 11[0m
[0mGET / [32m200 [0m2.736 ms - 11[0m
[0mGET / [32m200 [0m0.359 ms - 11[0m
[0mGET / [32m200 [0m9.923 ms - 11[0m
[0mGET / [32m200 [0m0.858 ms - 11[0m
[0mGET / [32m200 [0m1.004 ms - 11[0m
[0mGET / [32m200 [0m0.432 ms - 11[0m
[0mGET / [32m200 [0m0.360 ms - 11[0m
[0mGET / [32m200 [0m4.279 ms - 11[0m
[0mGET / [32m200 [0m3.761 ms - 11[0m
[0mGET / [32m200 [0m0.318 ms - 11[0m
[0mGET / [32m200 [0m0.527 ms - 11[0m
[0mGET / [32m200 [0m0.444 ms - 11[0m
[0mGET / [32m200 [0m3.325 ms - 11[0m
[0mGET / [32m200 [0m3.545 ms - 11[0m
[0mGET / [32m200 [0m5.136 ms - 11[0m
[0mGET / [32m200 [0m0.270 ms - 11[0m
[0mGET / [32m200 [0m0.518 ms - 11[0m
[0mGET / [32m200 [0m0.504 ms - 11[0m
[0mGET / [32m200 [0m2.692 ms - 11[0m
[0mGET / [32m200 [0m1.035 ms - 11[0m
[0mGET / [32m200 [0m0.462 ms - 11[0m
[0mGET / [32m200 [0m0.669 ms - 11[0m
[0mGET / [32m200 [0m5.276 ms - 11[0m
[0mGET / [32m200 [0m0.286 ms - 11[0m
[0mGET / [32m200 [0m1.527 ms - 11[0m
[0mGET / [32m200 [0m0.342 ms - 11[0m
[0mGET / [32m200 [0m1.666 ms - 11[0m
[0mGET / [32m200 [0m1.845 ms - 11[0m
[0mGET / [32m200 [0m5.774 ms - 11[0m
[0mGET / [32m200 [0m0.356 ms - 11[0m
[0mGET / [32m200 [0m1.450 ms - 11[0m
[0mGET / [32m200 [0m0.528 ms - 11[0m
[0mGET / [32m200 [0m1.189 ms - 11[0m
[0mGET / [32m200 [0m2.188 ms - 11[0m
[0mGET / [32m200 [0m1.072 ms - 11[0m
[0mGET / [32m200 [0m1.603 ms - 11[0m
[0mGET / [32m200 [0m7.033 ms - 11[0m
[0mGET / [32m200 [0m0.837 ms - 11[0m
[0mGET / [32m200 [0m6.396 ms - 11[0m
[0mGET / [32m200 [0m0.981 ms - 11[0m
[0mGET / [32m200 [0m1.698 ms - 11[0m
[0mGET / [32m200 [0m0.626 ms - 11[0m
[0mGET / [32m200 [0m0.789 ms - 11[0m
[0mGET / [32m200 [0m0.372 ms - 11[0m
[0mGET / [32m200 [0m9.457 ms - 11[0m
[0mGET / [32m200 [0m10.470 ms - 11[0m
[0mGET / [32m200 [0m1.292 ms - 11[0m
[0mGET / [32m200 [0m0.352 ms - 11[0m
[0mGET / [32m200 [0m8.236 ms - 11[0m
[0mGET / [32m200 [0m0.469 ms - 11[0m
[0mGET / [32m200 [0m0.352 ms - 11[0m
[0mGET / [32m200 [0m0.493 ms - 11[0m
[0mGET / [32m200 [0m6.896 ms - 11[0m
[0mGET / [32m200 [0m0.986 ms - 11[0m
[0mGET / [32m200 [0m3.873 ms - 11[0m
[0mGET / [32m200 [0m11.603 ms - 11[0m
[0mGET / [32m200 [0m7.705 ms - 11[0m
[0mGET / [32m200 [0m8.073 ms - 11[0m
[0mGET / [32m200 [0m1.671 ms - 11[0m
[0mGET / [32m200 [0m0.777 ms - 11[0m
[0mGET / [32m200 [0m1.046 ms - 11[0m
[0mGET / [32m200 [0m3.047 ms - 11[0m
[0mGET / [32m200 [0m0.450 ms - 11[0m
[0mGET / [32m200 [0m0.453 ms - 11[0m
[0mGET / [32m200 [0m5.232 ms - 11[0m
[0mGET / [32m200 [0m5.412 ms - 11[0m
[0mGET / [32m200 [0m2.097 ms - 11[0m
[0mGET / [32m200 [0m0.595 ms - 11[0m
[0mGET / [32m200 [0m1.792 ms - 11[0m
[0mGET / [32m200 [0m1.601 ms - 11[0m
[0mGET / [32m200 [0m1.912 ms - 11[0m
[0mGET / [32m200 [0m2.588 ms - 11[0m
[0mGET / [32m200 [0m0.416 ms - 11[0m
[0mGET / [32m200 [0m0.332 ms - 11[0m
[0mGET / [32m200 [0m2.499 ms - 11[0m
[0mGET / [32m200 [0m0.328 ms - 11[0m
[0mGET / [32m200 [0m12.791 ms - 11[0m
[0mGET / [32m200 [0m1.432 ms - 11[0m
[0mGET / [32m200 [0m2.762 ms - 11[0m
[0mGET / [32m200 [0m0.478 ms - 11[0m
[0mGET / [32m200 [0m6.672 ms - 11[0m
[0mGET / [32m200 [0m7.753 ms - 11[0m
[0mGET / [32m200 [0m1.663 ms - 11[0m
[0mGET / [32m200 [0m4.614 ms - 11[0m
[0mGET / [32m200 [0m10.151 ms - 11[0m
[0mGET / [32m200 [0m0.482 ms - 11[0m
[0mGET / [32m200 [0m7.011 ms - 11[0m
[0mGET / [32m200 [0m5.284 ms - 11[0m
[0mGET / [32m200 [0m3.058 ms - 11[0m
[0mGET / [32m200 [0m1.306 ms - 11[0m
[0mGET / [32m200 [0m22.073 ms - 11[0m
[0mGET / [32m200 [0m25.120 ms - 11[0m
[0mGET / [32m200 [0m11.291 ms - 11[0m
[0mGET / [32m200 [0m11.820 ms - 11[0m
[0mGET / [32m200 [0m1.567 ms - 11[0m
[0mGET / [32m200 [0m0.532 ms - 11[0m
[0mGET / [32m200 [0m4.756 ms - 11[0m
[0mGET / [32m200 [0m3.538 ms - 11[0m
[0mGET / [32m200 [0m2.705 ms - 11[0m
[0mGET / [32m200 [0m11.068 ms - 11[0m
[0mGET / [32m200 [0m3.586 ms - 11[0m
[0mGET / [32m200 [0m7.711 ms - 11[0m
[0mGET / [32m200 [0m1.871 ms - 11[0m
[0mGET / [32m200 [0m0.640 ms - 11[0m
[0mGET / [32m200 [0m1.160 ms - 11[0m
[0mGET / [32m200 [0m2.775 ms - 11[0m
[0mGET / [32m200 [0m3.163 ms - 11[0m
[0mGET / [32m200 [0m0.473 ms - 11[0m
[0mGET / [32m200 [0m1.120 ms - 11[0m
[0mGET / [32m200 [0m2.540 ms - 11[0m
[0mGET / [32m200 [0m4.813 ms - 11[0m
[0mGET / [32m200 [0m2.815 ms - 11[0m
[0mGET / [32m200 [0m6.536 ms - 11[0m
[0mGET / [32m200 [0m1.392 ms - 11[0m
[0mGET / [32m200 [0m3.497 ms - 11[0m
[0mGET / [32m200 [0m47.432 ms - 11[0m
[0mGET / [32m200 [0m1.477 ms - 11[0m
[0mGET / [32m200 [0m1.365 ms - 11[0m
[0mGET / [32m200 [0m4.925 ms - 11[0m
[0mGET / [32m200 [0m0.357 ms - 11[0m
[0mGET / [32m200 [0m5.161 ms - 11[0m
[0mGET / [32m200 [0m2.609 ms - 11[0m
[0mGET / [32m200 [0m1.248 ms - 11[0m
[0mGET / [32m200 [0m2.066 ms - 11[0m
[0mGET / [32m200 [0m2.695 ms - 11[0m
[0mGET / [32m200 [0m2.303 ms - 11[0m
[0mGET / [32m200 [0m4.254 ms - 11[0m
[0mGET / [32m200 [0m4.096 ms - 11[0m
[0mGET / [32m200 [0m6.922 ms - 11[0m
[0mGET / [32m200 [0m0.806 ms - 11[0m
[0mGET / [32m200 [0m1.828 ms - 11[0m
[0mGET / [32m200 [0m2.986 ms - 11[0m
[0mGET / [32m200 [0m7.618 ms - 11[0m
[0mGET / [32m200 [0m0.521 ms - 11[0m
[0mGET / [32m200 [0m7.927 ms - 11[0m
[0mGET / [32m200 [0m11.489 ms - 11[0m
[0mGET / [32m200 [0m2.634 ms - 11[0m
[0mGET / [32m200 [0m4.393 ms - 11[0m
[0mGET / [32m200 [0m3.280 ms - 11[0m
[0mGET / [32m200 [0m2.018 ms - 11[0m
[0mGET / [32m200 [0m1.648 ms - 11[0m
[0mGET / [32m200 [0m3.493 ms - 11[0m
[0mGET / [32m200 [0m7.130 ms - 11[0m
[0mGET / [32m200 [0m13.638 ms - 11[0m
[0mGET / [32m200 [0m1.743 ms - 11[0m
[0mGET / [32m200 [0m1.483 ms - 11[0m
[0mGET / [32m200 [0m0.549 ms - 11[0m
[0mGET / [32m200 [0m0.331 ms - 11[0m
[0mGET / [32m200 [0m0.623 ms - 11[0m
[0mGET / [32m200 [0m5.352 ms - 11[0m
[0mGET / [32m200 [0m0.383 ms - 11[0m
[0mGET / [32m200 [0m2.066 ms - 11[0m
[0mGET / [32m200 [0m0.534 ms - 11[0m
[0mGET / [32m200 [0m0.736 ms - 11[0m
[0mGET / [32m200 [0m0.338 ms - 11[0m
[0mGET / [32m200 [0m3.271 ms - 11[0m
[0mGET / [32m200 [0m5.851 ms - 11[0m
[0mGET / [32m200 [0m10.760 ms - 11[0m
[0mGET / [32m200 [0m2.458 ms - 11[0m
[0mGET / [32m200 [0m0.416 ms - 11[0m
[0mGET / [32m200 [0m0.677 ms - 11[0m
[0mGET / [32m200 [0m8.968 ms - 11[0m
[0mGET / [32m200 [0m2.506 ms - 11[0m
[0mGET / [32m200 [0m6.787 ms - 11[0m
[0mGET / [32m200 [0m1.749 ms - 11[0m
[0mGET / [32m200 [0m1.235 ms - 11[0m
[0mGET / [32m200 [0m2.193 ms - 11[0m
[0mGET / [32m200 [0m1.279 ms - 11[0m
[0mGET / [32m200 [0m0.624 ms - 11[0m
[0mGET / [32m200 [0m8.504 ms - 11[0m
[0mGET / [32m200 [0m2.153 ms - 11[0m
[0mGET / [32m200 [0m3.158 ms - 11[0m
[0mGET / [32m200 [0m0.482 ms - 11[0m
[0mGET / [32m200 [0m1.183 ms - 11[0m
[0mGET / [32m200 [0m1.115 ms - 11[0m
[0mGET / [32m200 [0m0.436 ms - 11[0m
[0mGET / [32m200 [0m10.971 ms - 11[0m
[0mGET / [32m200 [0m1.080 ms - 11[0m
[0mGET / [32m200 [0m0.352 ms - 11[0m
[0mGET / [32m200 [0m0.594 ms - 11[0m
[0mGET / [32m200 [0m3.953 ms - 11[0m
[0mGET / [32m200 [0m0.940 ms - 11[0m
[0mGET / [32m200 [0m8.776 ms - 11[0m
[0mGET / [32m200 [0m1.034 ms - 11[0m
[0mGET / [32m200 [0m0.626 ms - 11[0m
[0mGET / [32m200 [0m0.455 ms - 11[0m
[0mGET / [32m200 [0m0.381 ms - 11[0m
[0mGET / [32m200 [0m6.293 ms - 11[0m
[0mGET / [32m200 [0m0.618 ms - 11[0m
[0mGET / [32m200 [0m0.969 ms - 11[0m
[0mGET / [32m200 [0m2.128 ms - 11[0m
[0mGET / [32m200 [0m0.575 ms - 11[0m
[0mGET / [32m200 [0m0.358 ms - 11[0m
[0mGET / [32m200 [0m0.645 ms - 11[0m
[0mGET / [32m200 [0m1.901 ms - 11[0m
[0mGET / [32m200 [0m0.353 ms - 11[0m
[0mGET / [32m200 [0m0.832 ms - 11[0m
[0mGET / [32m200 [0m1.044 ms - 11[0m
[0mGET / [32m200 [0m3.491 ms - 11[0m
[0mGET / [32m200 [0m0.341 ms - 11[0m
[0mGET / [32m200 [0m0.868 ms - 11[0m
[0mGET / [32m200 [0m0.939 ms - 11[0m
[0mGET / [32m200 [0m11.764 ms - 11[0m
[0mGET / [32m200 [0m0.487 ms - 11[0m
[0mGET / [32m200 [0m0.481 ms - 11[0m
[0mGET / [32m200 [0m0.374 ms - 11[0m
[0mGET / [32m200 [0m1.467 ms - 11[0m
[0mGET / [32m200 [0m2.967 ms - 11[0m
[0mGET / [32m200 [0m7.269 ms - 11[0m
[0mGET / [32m200 [0m1.845 ms - 11[0m
[0mGET / [32m200 [0m10.121 ms - 11[0m
[0mGET / [32m200 [0m7.896 ms - 11[0m
[0mGET / [32m200 [0m0.477 ms - 11[0m
[0mGET / [32m200 [0m1.642 ms - 11[0m
[0mGET / [32m200 [0m0.667 ms - 11[0m
[0mGET / [32m200 [0m0.491 ms - 11[0m
[0mGET / [32m200 [0m0.572 ms - 11[0m
[0mGET / [32m200 [0m0.990 ms - 11[0m
[0mGET / [32m200 [0m1.635 ms - 11[0m
[0mGET / [32m200 [0m0.467 ms - 11[0m
[0mGET / [32m200 [0m1.046 ms - 11[0m
[0mGET / [32m200 [0m0.926 ms - 11[0m
[0mGET / [32m200 [0m1.050 ms - 11[0m
[0mGET / [32m200 [0m0.351 ms - 11[0m
[0mGET / [32m200 [0m3.101 ms - 11[0m
[0mGET / [32m200 [0m1.936 ms - 11[0m
[0mGET / [32m200 [0m11.446 ms - 11[0m
[0mGET / [32m200 [0m0.381 ms - 11[0m
[0mGET / [32m200 [0m0.379 ms - 11[0m
[0mGET / [32m200 [0m0.355 ms - 11[0m
[0mGET / [32m200 [0m0.454 ms - 11[0m
[0mGET / [32m200 [0m5.361 ms - 11[0m
[0mGET / [32m200 [0m7.225 ms - 11[0m
[0mGET / [32m200 [0m0.804 ms - 11[0m
[0mGET / [32m200 [0m15.813 ms - 11[0m
[0mGET / [32m200 [0m12.314 ms - 11[0m
[0mGET / [32m200 [0m0.368 ms - 11[0m
[0mGET / [32m200 [0m2.326 ms - 11[0m
[0mGET / [32m200 [0m0.411 ms - 11[0m
[0mGET / [32m200 [0m2.274 ms - 11[0m
[0mGET / [32m200 [0m1.141 ms - 11[0m
[0mGET / [32m200 [0m0.828 ms - 11[0m
[0mGET / [32m200 [0m2.879 ms - 11[0m
[0mGET / [32m200 [0m0.446 ms - 11[0m
[0mGET / [32m200 [0m0.607 ms - 11[0m
[0mGET / [32m200 [0m0.808 ms - 11[0m
[0mGET / [32m200 [0m0.679 ms - 11[0m
[0mGET / [32m200 [0m0.840 ms - 11[0m
[0mGET / [32m200 [0m0.371 ms - 11[0m
[0mGET / [32m200 [0m0.329 ms - 11[0m
[0mGET / [32m200 [0m1.293 ms - 11[0m
[0mGET / [32m200 [0m1.860 ms - 11[0m
[0mGET / [32m200 [0m1.240 ms - 11[0m
[0mGET / [32m200 [0m0.832 ms - 11[0m
[0mGET / [32m200 [0m3.067 ms - 11[0m
[0mGET / [32m200 [0m5.631 ms - 11[0m
[0mGET / [32m200 [0m2.386 ms - 11[0m
[0mGET / [32m200 [0m1.385 ms - 11[0m
[0mGET / [32m200 [0m0.442 ms - 11[0m
[0mGET / [32m200 [0m0.374 ms - 11[0m
[0mGET / [32m200 [0m1.720 ms - 11[0m
[0mGET / [32m200 [0m1.973 ms - 11[0m
[0mGET / [32m200 [0m17.284 ms - 11[0m
[0mGET / [32m200 [0m1.481 ms - 11[0m
[0mGET / [32m200 [0m8.122 ms - 11[0m
[0mGET / [32m200 [0m8.526 ms - 11[0m
[0mGET / [32m200 [0m5.892 ms - 11[0m
[0mGET / [32m200 [0m0.865 ms - 11[0m
[0mGET / [32m200 [0m2.104 ms - 11[0m
[0mGET / [32m200 [0m0.555 ms - 11[0m
[0mGET / [32m200 [0m3.720 ms - 11[0m
[0mGET / [32m200 [0m0.286 ms - 11[0m
[0mGET / [32m200 [0m12.084 ms - 11[0m
[0mGET / [32m200 [0m0.412 ms - 11[0m
[0mGET / [32m200 [0m2.608 ms - 11[0m
[0mGET / [32m200 [0m2.680 ms - 11[0m
[0mGET / [32m200 [0m3.494 ms - 11[0m
[0mGET / [32m200 [0m0.347 ms - 11[0m
[0mGET / [32m200 [0m12.098 ms - 11[0m
[0mGET / [32m200 [0m13.086 ms - 11[0m
[0mGET / [32m200 [0m10.651 ms - 11[0m
[0mGET / [32m200 [0m14.248 ms - 11[0m
[0mGET / [32m200 [0m2.434 ms - 11[0m
[0mGET / [32m200 [0m0.439 ms - 11[0m
[0mGET / [32m200 [0m2.816 ms - 11[0m
[0mGET / [32m200 [0m0.680 ms - 11[0m
[0mGET / [32m200 [0m2.809 ms - 11[0m
[0mGET / [32m200 [0m0.917 ms - 11[0m
[0mGET / [32m200 [0m0.382 ms - 11[0m
[0mGET / [32m200 [0m0.319 ms - 11[0m
[0mGET / [32m200 [0m0.988 ms - 11[0m
[0mGET / [32m200 [0m2.096 ms - 11[0m
[0mGET / [32m200 [0m1.565 ms - 11[0m
[0mGET / [32m200 [0m0.332 ms - 11[0m
[0mGET / [32m200 [0m0.379 ms - 11[0m
[0mGET / [32m200 [0m0.397 ms - 11[0m
[0mGET / [32m200 [0m1.936 ms - 11[0m
[0mGET / [32m200 [0m1.266 ms - 11[0m
[0mGET / [32m200 [0m1.699 ms - 11[0m
[0mGET / [32m200 [0m1.403 ms - 11[0m
[0mGET / [32m200 [0m1.028 ms - 11[0m
[0mGET / [32m200 [0m7.833 ms - 11[0m
[0mGET / [32m200 [0m2.968 ms - 11[0m
[0mGET / [32m200 [0m0.443 ms - 11[0m
[0mGET / [32m200 [0m14.372 ms - 11[0m
[0mGET / [32m200 [0m14.401 ms - 11[0m
[0mGET / [32m200 [0m0.791 ms - 11[0m
[0mGET / [32m200 [0m0.276 ms - 11[0m
[0mGET / [32m200 [0m1.257 ms - 11[0m
[0mGET / [32m200 [0m3.860 ms - 11[0m
[0mGET / [32m200 [0m0.412 ms - 11[0m
[0mGET / [32m200 [0m1.406 ms - 11[0m
[0mGET / [32m200 [0m9.092 ms - 11[0m
[0mGET / [32m200 [0m9.172 ms - 11[0m
[0mGET / [32m200 [0m0.458 ms - 11[0m
[0mGET / [32m200 [0m0.790 ms - 11[0m
[0mGET / [32m200 [0m7.345 ms - 11[0m
[0mGET / [32m200 [0m6.760 ms - 11[0m
[0mGET / [32m200 [0m1.570 ms - 11[0m
[0mGET / [32m200 [0m1.949 ms - 11[0m
[0mGET / [32m200 [0m5.767 ms - 11[0m
[0mGET / [32m200 [0m1.048 ms - 11[0m
[0mGET / [32m200 [0m0.870 ms - 11[0m
[0mGET / [32m200 [0m2.011 ms - 11[0m
[0mGET / [32m200 [0m0.991 ms - 11[0m
[0mGET / [32m200 [0m0.409 ms - 11[0m
[0mGET / [32m200 [0m5.392 ms - 11[0m
[0mGET / [32m200 [0m9.501 ms - 11[0m
[0mGET / [32m200 [0m6.285 ms - 11[0m
[0mGET / [32m200 [0m6.534 ms - 11[0m
[0mGET / [32m200 [0m0.431 ms - 11[0m
[0mGET / [32m200 [0m3.238 ms - 11[0m
[0mGET / [32m200 [0m8.483 ms - 11[0m
[0mGET / [32m200 [0m8.360 ms - 11[0m
[0mGET / [32m200 [0m1.268 ms - 11[0m
[0mGET / [32m200 [0m4.315 ms - 11[0m
[0mGET / [32m200 [0m4.805 ms - 11[0m
[0mGET / [32m200 [0m9.267 ms - 11[0m
[0mGET / [32m200 [0m2.341 ms - 11[0m
[0mGET / [32m200 [0m1.934 ms - 11[0m
[0mGET / [32m200 [0m1.049 ms - 11[0m
[0mGET / [32m200 [0m4.922 ms - 11[0m
[0mGET / [32m200 [0m5.450 ms - 11[0m
[0mGET / [32m200 [0m3.114 ms - 11[0m
[0mGET / [32m200 [0m4.394 ms - 11[0m
[0mGET / [32m200 [0m8.983 ms - 11[0m
[0mGET / [32m200 [0m2.361 ms - 11[0m
[0mGET / [32m200 [0m7.644 ms - 11[0m
[0mGET / [32m200 [0m4.285 ms - 11[0m
[0mGET / [32m200 [0m3.415 ms - 11[0m
[0mGET / [32m200 [0m3.263 ms - 11[0m
[0mGET / [32m200 [0m0.321 ms - 11[0m
[0mGET / [32m200 [0m1.378 ms - 11[0m
[0mGET / [32m200 [0m2.366 ms - 11[0m
[0mGET / [32m200 [0m0.478 ms - 11[0m
[0mGET / [32m200 [0m0.329 ms - 11[0m
[0mGET / [32m200 [0m3.659 ms - 11[0m
[0mGET / [32m200 [0m3.084 ms - 11[0m
[0mGET / [32m200 [0m0.370 ms - 11[0m
[0mGET / [32m200 [0m0.358 ms - 11[0m
[0mGET / [32m200 [0m3.656 ms - 11[0m
[0mGET / [32m200 [0m0.292 ms - 11[0m
[0mGET / [32m200 [0m5.055 ms - 11[0m
[0mGET / [32m200 [0m4.007 ms - 11[0m
[0mGET / [32m200 [0m2.269 ms - 11[0m
[0mGET / [32m200 [0m1.401 ms - 11[0m
[0mGET / [32m200 [0m1.481 ms - 11[0m
[0mGET / [32m200 [0m3.048 ms - 11[0m
[0mGET / [32m200 [0m1.399 ms - 11[0m
[0mGET / [32m200 [0m2.856 ms - 11[0m
[0mGET / [32m200 [0m1.671 ms - 11[0m
[0mGET / [32m200 [0m0.294 ms - 11[0m
[0mGET / [32m200 [0m4.979 ms - 11[0m
[0mGET / [32m200 [0m3.431 ms - 11[0m
[0mGET / [32m200 [0m5.687 ms - 11[0m
[0mGET / [32m200 [0m0.437 ms - 11[0m
[0mGET / [32m200 [0m0.444 ms - 11[0m
[0mGET / [32m200 [0m0.971 ms - 11[0m
[0mGET / [32m200 [0m0.470 ms - 11[0m
[0mGET / [32m200 [0m0.275 ms - 11[0m
[0mGET / [32m200 [0m0.861 ms - 11[0m
[0mGET / [32m200 [0m0.287 ms - 11[0m
[0mGET / [32m200 [0m1.839 ms - 11[0m
[0mGET / [32m200 [0m0.265 ms - 11[0m
[0mGET / [32m200 [0m1.360 ms - 11[0m
[0mGET / [32m200 [0m6.135 ms - 11[0m
[0mGET / [32m200 [0m0.487 ms - 11[0m
[0mGET / [32m200 [0m5.643 ms - 11[0m
[0mGET / [32m200 [0m9.620 ms - 11[0m
[0mGET / [32m200 [0m6.047 ms - 11[0m
[0mGET / [32m200 [0m7.752 ms - 11[0m
[0mGET / [32m200 [0m3.864 ms - 11[0m
[0mGET / [32m200 [0m9.739 ms - 11[0m
[0mGET / [32m200 [0m0.699 ms - 11[0m
[0mGET / [32m200 [0m0.953 ms - 11[0m
[0mGET / [32m200 [0m0.313 ms - 11[0m
[0mGET / [32m200 [0m9.068 ms - 11[0m
[0mGET / [32m200 [0m6.056 ms - 11[0m
[0mGET / [32m200 [0m1.138 ms - 11[0m
[0mGET / [32m200 [0m0.743 ms - 11[0m
[0mGET / [32m200 [0m3.404 ms - 11[0m
[0mGET / [32m200 [0m1.445 ms - 11[0m
[0mGET / [32m200 [0m1.659 ms - 11[0m
[0mGET / [32m200 [0m0.297 ms - 11[0m
[0mGET / [32m200 [0m3.818 ms - 11[0m
[0mGET / [32m200 [0m1.017 ms - 11[0m
[0mGET / [32m200 [0m2.266 ms - 11[0m
[0mGET / [32m200 [0m0.321 ms - 11[0m
[0mGET / [32m200 [0m0.439 ms - 11[0m
[0mGET / [32m200 [0m2.594 ms - 11[0m
[0mGET / [32m200 [0m0.397 ms - 11[0m
[0mGET / [32m200 [0m0.308 ms - 11[0m
[0mGET / [32m200 [0m6.698 ms - 11[0m
[0mGET / [32m200 [0m3.635 ms - 11[0m
[0mGET / [32m200 [0m9.633 ms - 11[0m
[0mGET / [32m200 [0m6.013 ms - 11[0m
[0mGET / [32m200 [0m2.601 ms - 11[0m
[0mGET / [32m200 [0m0.403 ms - 11[0m
[0mGET / [32m200 [0m0.355 ms - 11[0m
[0mGET / [32m200 [0m0.318 ms - 11[0m
[0mGET / [32m200 [0m3.314 ms - 11[0m
[0mGET / [32m200 [0m1.308 ms - 11[0m
[0mGET / [32m200 [0m1.406 ms - 11[0m
[0mGET / [32m200 [0m0.305 ms - 11[0m
[0mGET / [32m200 [0m2.603 ms - 11[0m
[0mGET / [32m200 [0m4.059 ms - 11[0m
[0mGET / [32m200 [0m7.121 ms - 11[0m
[0mGET / [32m200 [0m0.370 ms - 11[0m
[0mGET / [32m200 [0m2.357 ms - 11[0m
[0mGET / [32m200 [0m3.416 ms - 11[0m
[0mGET / [32m200 [0m1.366 ms - 11[0m
[0mGET / [32m200 [0m0.415 ms - 11[0m
[0mGET / [32m200 [0m1.066 ms - 11[0m
[0mGET / [32m200 [0m0.881 ms - 11[0m
[0mGET / [32m200 [0m2.157 ms - 11[0m
[0mGET / [32m200 [0m0.283 ms - 11[0m
[0mGET / [32m200 [0m7.249 ms - 11[0m
[0mGET / [32m200 [0m7.433 ms - 11[0m
[0mGET / [32m200 [0m7.169 ms - 11[0m
[0mGET / [32m200 [0m7.363 ms - 11[0m
[0mGET / [32m200 [0m0.390 ms - 11[0m
[0mGET / [32m200 [0m0.349 ms - 11[0m
[0mGET / [32m200 [0m0.396 ms - 11[0m
[0mGET / [32m200 [0m0.352 ms - 11[0m
[0mGET / [32m200 [0m0.448 ms - 11[0m
[0mGET / [32m200 [0m0.809 ms - 11[0m
[0mGET / [32m200 [0m1.885 ms - 11[0m
[0mGET / [32m200 [0m2.766 ms - 11[0m
[0mGET / [32m200 [0m0.817 ms - 11[0m
[0mGET / [32m200 [0m3.402 ms - 11[0m
[0mGET / [32m200 [0m0.342 ms - 11[0m
[0mGET / [32m200 [0m3.402 ms - 11[0m
[0mGET / [32m200 [0m1.590 ms - 11[0m
[0mGET / [32m200 [0m9.565 ms - 11[0m
[0mGET / [32m200 [0m5.829 ms - 11[0m
[0mGET / [32m200 [0m1.341 ms - 11[0m
[0mGET / [32m200 [0m0.362 ms - 11[0m
[0mGET / [32m200 [0m5.076 ms - 11[0m
[0mGET / [32m200 [0m1.289 ms - 11[0m
[0mGET / [32m200 [0m0.340 ms - 11[0m
[0mGET / [32m200 [0m0.291 ms - 11[0m
[0mGET / [32m200 [0m13.436 ms - 11[0m
[0mGET / [32m200 [0m21.302 ms - 11[0m
[0mGET / [32m200 [0m4.195 ms - 11[0m
[0mGET / [32m200 [0m0.450 ms - 11[0m
[0mGET / [32m200 [0m1.500 ms - 11[0m
[0mGET / [32m200 [0m0.354 ms - 11[0m
[0mGET / [32m200 [0m1.498 ms - 11[0m
[0mGET / [32m200 [0m1.051 ms - 11[0m
[0mGET / [32m200 [0m12.768 ms - 11[0m
[0mGET / [32m200 [0m8.937 ms - 11[0m
[0mGET / [32m200 [0m1.995 ms - 11[0m
[0mGET / [32m200 [0m2.260 ms - 11[0m
[0mGET / [32m200 [0m11.509 ms - 11[0m
[0mGET / [32m200 [0m8.374 ms - 11[0m
[0mGET / [32m200 [0m0.467 ms - 11[0m
[0mGET / [32m200 [0m2.453 ms - 11[0m
[0mGET / [32m200 [0m0.415 ms - 11[0m
[0mGET / [32m200 [0m0.428 ms - 11[0m
[0mGET / [32m200 [0m0.364 ms - 11[0m
[0mGET / [32m200 [0m0.298 ms - 11[0m
[0mGET / [32m200 [0m0.501 ms - 11[0m
[0mGET / [32m200 [0m0.314 ms - 11[0m
[0mGET / [32m200 [0m1.249 ms - 11[0m
[0mGET / [32m200 [0m0.295 ms - 11[0m
[0mGET / [32m200 [0m6.826 ms - 11[0m
[0mGET / [32m200 [0m6.991 ms - 11[0m
[0mGET / [32m200 [0m0.983 ms - 11[0m
[0mGET / [32m200 [0m0.316 ms - 11[0m
[0mGET / [32m200 [0m0.364 ms - 11[0m
[0mGET / [32m200 [0m0.380 ms - 11[0m
[0mGET / [32m200 [0m11.056 ms - 11[0m
[0mGET / [32m200 [0m5.187 ms - 11[0m
[0mGET / [32m200 [0m1.601 ms - 11[0m
[0mGET / [32m200 [0m5.127 ms - 11[0m
[0mGET / [32m200 [0m10.505 ms - 11[0m
[0mGET / [32m200 [0m7.151 ms - 11[0m
[0mGET / [32m200 [0m4.710 ms - 11[0m
[0mGET / [32m200 [0m1.980 ms - 11[0m
[0mGET / [32m200 [0m12.792 ms - 11[0m
[0mGET / [32m200 [0m7.681 ms - 11[0m
[0mGET / [32m200 [0m14.636 ms - 11[0m
[0mGET / [32m200 [0m14.811 ms - 11[0m
[0mGET / [32m200 [0m2.885 ms - 11[0m
[0mGET / [32m200 [0m5.458 ms - 11[0m
[0mGET / [32m200 [0m7.749 ms - 11[0m
[0mGET / [32m200 [0m0.874 ms - 11[0m
[0mGET / [32m200 [0m6.267 ms - 11[0m
[0mGET / [32m200 [0m1.230 ms - 11[0m
