ok
Config
2017-08-11T04:48:46.557Z
Cognito
the cognitoidentity is [object Object]
SNS
setting tcp
setting sns
PostAPI
PostAPI_Chat
PostAPI_Wall
PostAPI_Pet
PostAPI_Chips
PostAPI_Login
PostAPI_Shop
PostAPI_Debug
Game init
======================
apiPort listening 2492
tcpPort listening 3000
======================
Server listening at port 3000
[0mGET / [32m200 [0m6.282 ms - 11[0m
[0mGET / [32m200 [0m14.152 ms - 11[0m
[0mGET / [32m200 [0m23.357 ms - 11[0m
[0mGET / [32m200 [0m3.410 ms - 11[0m
[0mGET / [32m200 [0m4.538 ms - 11[0m
[0mGET / [32m200 [0m4.915 ms - 11[0m
[0mGET / [32m200 [0m0.789 ms - 11[0m
[0mGET / [32m200 [0m0.418 ms - 11[0m
[0mGET / [32m200 [0m1.019 ms - 11[0m
[0mGET / [32m200 [0m1.292 ms - 11[0m
[0mGET / [32m200 [0m0.506 ms - 11[0m
[0mGET / [32m200 [0m0.307 ms - 11[0m
[0mGET / [32m200 [0m0.494 ms - 11[0m
[0mGET / [32m200 [0m0.286 ms - 11[0m
[0mGET / [32m200 [0m1.603 ms - 11[0m
[0mGET / [32m200 [0m1.362 ms - 11[0m
[0mGET / [32m200 [0m0.554 ms - 11[0m
[0mGET / [32m200 [0m1.246 ms - 11[0m
[0mGET / [32m200 [0m0.505 ms - 11[0m
[0mGET / [32m200 [0m1.108 ms - 11[0m
[0mGET / [32m200 [0m0.585 ms - 11[0m
[0mGET / [32m200 [0m1.009 ms - 11[0m
[0mGET / [32m200 [0m1.599 ms - 11[0m
[0mGET / [32m200 [0m1.913 ms - 11[0m
[0mGET / [32m200 [0m1.506 ms - 11[0m
[0mGET / [32m200 [0m6.056 ms - 11[0m
[0mGET / [32m200 [0m0.547 ms - 11[0m
[0mGET / [32m200 [0m0.840 ms - 11[0m
[0mGET / [32m200 [0m1.793 ms - 11[0m
[0mGET / [32m200 [0m2.042 ms - 11[0m
error: Forever detected script was killed by signal: SIGKILL
