ok
Config
Tue Aug 01 2017 08:40:26 GMT+0000 (UTC)
Cognito
the cognitoidentity is [object Object]
SNS
setting tcp
setting sns
PostAPI
PostAPI_Chat
PostAPI_Wall
PostAPI_Pet
PostAPI_Chips
PostAPI_Login
PostAPI_Shop
PostAPI_Debug
Game init
======================
apiPort listening 2498
tcpPort listening 3005
======================
Server listening at port 3005
[0mGET / [32m200 [0m79.763 ms - 11[0m
[0mGET / [32m200 [0m89.944 ms - 11[0m
[0mGET / [32m200 [0m5.241 ms - 11[0m
[0mGET / [32m200 [0m6.079 ms - 11[0m
[0mGET / [32m200 [0m13.628 ms - 11[0m
[0mGET / [32m200 [0m13.651 ms - 11[0m
[0mGET / [32m200 [0m30.650 ms - 11[0m
[0mGET / [32m200 [0m24.846 ms - 11[0m
[0mGET / [32m200 [0m9.098 ms - 11[0m
[0mGET / [32m200 [0m10.717 ms - 11[0m
[0mGET / [32m200 [0m5.373 ms - 11[0m
[0mGET / [32m200 [0m0.731 ms - 11[0m
[0mGET / [32m200 [0m9.457 ms - 11[0m
[0mGET / [32m200 [0m9.874 ms - 11[0m
[0mGET / [32m200 [0m6.710 ms - 11[0m
[0mGET / [32m200 [0m9.898 ms - 11[0m
[0mGET / [32m200 [0m3.178 ms - 11[0m
[0mGET / [32m200 [0m8.139 ms - 11[0m
[0mGET / [32m200 [0m4.841 ms - 11[0m
[0mGET / [32m200 [0m1.032 ms - 11[0m
[0mGET / [32m200 [0m15.752 ms - 11[0m
[0mGET / [32m200 [0m15.959 ms - 11[0m
[0mGET / [32m200 [0m1.465 ms - 11[0m
[0mGET / [32m200 [0m9.981 ms - 11[0m
[0mGET / [32m200 [0m0.659 ms - 11[0m
[0mGET / [32m200 [0m11.117 ms - 11[0m
[0mGET / [32m200 [0m8.944 ms - 11[0m
[0mGET / [32m200 [0m9.159 ms - 11[0m
[0mGET / [32m200 [0m11.300 ms - 11[0m
[0mGET / [32m200 [0m13.070 ms - 11[0m
[0mGET / [32m200 [0m1.453 ms - 11[0m
[0mGET / [32m200 [0m11.882 ms - 11[0m
[0mGET / [32m200 [0m2.340 ms - 11[0m
[0mGET / [32m200 [0m13.991 ms - 11[0m
[0mGET / [32m200 [0m1.670 ms - 11[0m
[0mGET / [32m200 [0m3.500 ms - 11[0m
[0mGET / [32m200 [0m0.594 ms - 11[0m
[0mGET / [32m200 [0m4.256 ms - 11[0m
[0mGET / [32m200 [0m5.872 ms - 11[0m
[0mGET / [32m200 [0m5.960 ms - 11[0m
[0mGET / [32m200 [0m0.862 ms - 11[0m
[0mGET / [32m200 [0m6.801 ms - 11[0m
[0mGET / [32m200 [0m11.922 ms - 11[0m
[0mGET / [32m200 [0m14.283 ms - 11[0m
[0mGET / [32m200 [0m5.219 ms - 11[0m
[0mGET / [32m200 [0m5.537 ms - 11[0m
[0mGET / [32m200 [0m10.649 ms - 11[0m
[0mGET / [32m200 [0m10.868 ms - 11[0m
[0mGET / [32m200 [0m0.741 ms - 11[0m
[0mGET / [32m200 [0m8.912 ms - 11[0m
[0mGET / [32m200 [0m6.327 ms - 11[0m
[0mGET / [32m200 [0m6.659 ms - 11[0m
[0mGET / [32m200 [0m11.474 ms - 11[0m
[0mGET / [32m200 [0m6.286 ms - 11[0m
[0mGET / [32m200 [0m6.616 ms - 11[0m
[0mGET / [32m200 [0m12.906 ms - 11[0m
[0mGET / [32m200 [0m0.623 ms - 11[0m
[0mGET / [32m200 [0m11.729 ms - 11[0m
[0mGET / [32m200 [0m3.792 ms - 11[0m
[0mGET / [32m200 [0m4.038 ms - 11[0m
[0mGET / [32m200 [0m0.714 ms - 11[0m
[0mGET / [32m200 [0m9.517 ms - 11[0m
[0mGET / [32m200 [0m0.620 ms - 11[0m
[0mGET / [32m200 [0m10.801 ms - 11[0m
[0mGET / [32m200 [0m7.288 ms - 11[0m
[0mGET / [32m200 [0m7.376 ms - 11[0m
[0mGET / [32m200 [0m14.807 ms - 11[0m
[0mGET / [32m200 [0m12.482 ms - 11[0m
[0mGET / [32m200 [0m0.755 ms - 11[0m
[0mGET / [32m200 [0m12.056 ms - 11[0m
[0mGET / [32m200 [0m7.232 ms - 11[0m
[0mGET / [32m200 [0m7.624 ms - 11[0m
[0mGET / [32m200 [0m0.748 ms - 11[0m
[0mGET / [32m200 [0m10.120 ms - 11[0m
[0mGET / [32m200 [0m12.462 ms - 11[0m
[0mGET / [32m200 [0m1.047 ms - 11[0m
[0mGET / [32m200 [0m10.803 ms - 11[0m
[0mGET / [32m200 [0m7.400 ms - 11[0m
[0mGET / [32m200 [0m14.709 ms - 11[0m
[0mGET / [32m200 [0m16.346 ms - 11[0m
[0mGET / [32m200 [0m5.559 ms - 11[0m
[0mGET / [32m200 [0m6.642 ms - 11[0m
[0mGET / [32m200 [0m3.709 ms - 11[0m
[0mGET / [32m200 [0m7.214 ms - 11[0m
[0mGET / [32m200 [0m0.529 ms - 11[0m
[0mGET / [32m200 [0m0.429 ms - 11[0m
[0mGET / [32m200 [0m10.456 ms - 11[0m
[0mGET / [32m200 [0m7.552 ms - 11[0m
[0mGET / [32m200 [0m0.748 ms - 11[0m
[0mGET / [32m200 [0m11.419 ms - 11[0m
[0mGET / [32m200 [0m0.832 ms - 11[0m
[0mGET / [32m200 [0m2.959 ms - 11[0m
[0mGET / [32m200 [0m0.642 ms - 11[0m
[0mGET / [32m200 [0m8.613 ms - 11[0m
[0mGET / [32m200 [0m9.260 ms - 11[0m
[0mGET / [32m200 [0m10.116 ms - 11[0m
[0mGET / [32m200 [0m1.766 ms - 11[0m
[0mGET / [32m200 [0m0.518 ms - 11[0m
[0mGET / [32m200 [0m0.412 ms - 11[0m
[0mGET / [32m200 [0m2.454 ms - 11[0m
[0mGET / [32m200 [0m1.122 ms - 11[0m
[0mGET / [32m200 [0m0.339 ms - 11[0m
[0mGET / [32m200 [0m2.124 ms - 11[0m
[0mGET / [32m200 [0m3.312 ms - 11[0m
[0mGET / [32m200 [0m13.327 ms - 11[0m
[0mGET / [32m200 [0m15.275 ms - 11[0m
[0mGET / [32m200 [0m11.096 ms - 11[0m
[0mGET / [32m200 [0m11.487 ms - 11[0m
[0mGET / [32m200 [0m19.264 ms - 11[0m
[0mGET / [32m200 [0m4.267 ms - 11[0m
[0mGET / [32m200 [0m18.568 ms - 11[0m
[0mGET / [32m200 [0m17.077 ms - 11[0m
[0mGET / [32m200 [0m0.599 ms - 11[0m
[0mGET / [32m200 [0m7.228 ms - 11[0m
[0mGET / [32m200 [0m9.068 ms - 11[0m
[0mGET / [32m200 [0m1.628 ms - 11[0m
[0mGET / [32m200 [0m7.033 ms - 11[0m
[0mGET / [32m200 [0m7.531 ms - 11[0m
[0mGET / [32m200 [0m6.711 ms - 11[0m
[0mGET / [32m200 [0m5.357 ms - 11[0m
[0mGET / [32m200 [0m1.373 ms - 11[0m
[0mGET / [32m200 [0m1.749 ms - 11[0m
[0mGET / [32m200 [0m1.665 ms - 11[0m
[0mGET / [32m200 [0m1.204 ms - 11[0m
[0mGET / [32m200 [0m9.351 ms - 11[0m
[0mGET / [32m200 [0m9.540 ms - 11[0m
[0mGET / [32m200 [0m2.491 ms - 11[0m
[0mGET / [32m200 [0m17.582 ms - 11[0m
[0mGET / [32m200 [0m1.798 ms - 11[0m
[0mGET / [32m200 [0m1.928 ms - 11[0m
[0mGET / [32m200 [0m2.930 ms - 11[0m
[0mGET / [32m200 [0m40.331 ms - 11[0m
[0mGET / [32m200 [0m7.511 ms - 11[0m
[0mGET / [32m200 [0m3.313 ms - 11[0m
[0mGET / [32m200 [0m2.511 ms - 11[0m
[0mGET / [32m200 [0m0.670 ms - 11[0m
[0mGET / [32m200 [0m0.937 ms - 11[0m
[0mGET / [32m200 [0m4.434 ms - 11[0m
[0mGET / [32m200 [0m1.364 ms - 11[0m
[0mGET / [32m200 [0m0.467 ms - 11[0m
[0mGET / [32m200 [0m1.433 ms - 11[0m
[0mGET / [32m200 [0m0.841 ms - 11[0m
[0mGET / [32m200 [0m3.454 ms - 11[0m
[0mGET / [32m200 [0m12.260 ms - 11[0m
[0mGET / [32m200 [0m0.686 ms - 11[0m
[0mGET / [32m200 [0m0.816 ms - 11[0m
[0mGET / [32m200 [0m14.266 ms - 11[0m
[0mGET / [32m200 [0m6.137 ms - 11[0m
[0mGET / [32m200 [0m0.457 ms - 11[0m
[0mGET / [32m200 [0m0.363 ms - 11[0m
[0mGET / [32m200 [0m5.584 ms - 11[0m
[0mGET / [32m200 [0m5.076 ms - 11[0m
[0mGET / [32m200 [0m0.443 ms - 11[0m
[0mGET / [32m200 [0m0.361 ms - 11[0m
[0mGET / [32m200 [0m3.523 ms - 11[0m
[0mGET / [32m200 [0m3.109 ms - 11[0m
[0mGET / [32m200 [0m0.343 ms - 11[0m
[0mGET / [32m200 [0m0.351 ms - 11[0m
[0mGET / [32m200 [0m3.877 ms - 11[0m
[0mGET / [32m200 [0m0.875 ms - 11[0m
[0mGET / [32m200 [0m0.463 ms - 11[0m
[0mGET / [32m200 [0m10.244 ms - 11[0m
[0mGET / [32m200 [0m0.385 ms - 11[0m
[0mGET / [32m200 [0m0.684 ms - 11[0m
[0mGET / [32m200 [0m0.771 ms - 11[0m
[0mGET / [32m200 [0m1.004 ms - 11[0m
[0mGET / [32m200 [0m0.394 ms - 11[0m
[0mGET / [32m200 [0m0.493 ms - 11[0m
[0mGET / [32m200 [0m9.119 ms - 11[0m
[0mGET / [32m200 [0m9.368 ms - 11[0m
[0mGET / [32m200 [0m7.662 ms - 11[0m
[0mGET / [32m200 [0m8.007 ms - 11[0m
[0mGET / [32m200 [0m3.886 ms - 11[0m
[0mGET / [32m200 [0m2.734 ms - 11[0m
[0mGET / [32m200 [0m16.334 ms - 11[0m
[0mGET / [32m200 [0m11.761 ms - 11[0m
[0mGET / [32m200 [0m7.717 ms - 11[0m
[0mGET / [32m200 [0m8.093 ms - 11[0m
[0mGET / [32m200 [0m1.086 ms - 11[0m
[0mGET / [32m200 [0m0.307 ms - 11[0m
[0mGET / [32m200 [0m9.997 ms - 11[0m
[0mGET / [32m200 [0m10.165 ms - 11[0m
[0mGET / [32m200 [0m2.790 ms - 11[0m
[0mGET / [32m200 [0m3.519 ms - 11[0m
[0mGET / [32m200 [0m4.953 ms - 11[0m
[0mGET / [32m200 [0m5.889 ms - 11[0m
[0mGET / [32m200 [0m9.304 ms - 11[0m
[0mGET / [32m200 [0m9.784 ms - 11[0m
[0mGET / [32m200 [0m9.076 ms - 11[0m
[0mGET / [32m200 [0m9.281 ms - 11[0m
[0mGET / [32m200 [0m3.412 ms - 11[0m
[0mGET / [32m200 [0m13.197 ms - 11[0m
[0mGET / [32m200 [0m6.924 ms - 11[0m
[0mGET / [32m200 [0m7.182 ms - 11[0m
[0mGET / [32m200 [0m0.856 ms - 11[0m
[0mGET / [32m200 [0m1.279 ms - 11[0m
[0mGET / [32m200 [0m8.271 ms - 11[0m
[0mGET / [32m200 [0m0.825 ms - 11[0m
[0mGET / [32m200 [0m4.492 ms - 11[0m
[0mGET / [32m200 [0m1.055 ms - 11[0m
[0mGET / [32m200 [0m4.482 ms - 11[0m
[0mGET / [32m200 [0m0.855 ms - 11[0m
[0mGET / [32m200 [0m11.007 ms - 11[0m
[0mGET / [32m200 [0m0.965 ms - 11[0m
[0mGET / [32m200 [0m7.151 ms - 11[0m
[0mGET / [32m200 [0m7.350 ms - 11[0m
[0mGET / [32m200 [0m5.697 ms - 11[0m
[0mGET / [32m200 [0m5.987 ms - 11[0m
[0mGET / [32m200 [0m1.722 ms - 11[0m
[0mGET / [32m200 [0m2.819 ms - 11[0m
[0mGET / [32m200 [0m7.673 ms - 11[0m
[0mGET / [32m200 [0m17.509 ms - 11[0m
[0mGET / [32m200 [0m1.591 ms - 11[0m
[0mGET / [32m200 [0m8.204 ms - 11[0m
[0mGET / [32m200 [0m0.977 ms - 11[0m
[0mGET / [32m200 [0m0.411 ms - 11[0m
[0mGET / [32m200 [0m9.631 ms - 11[0m
[0mGET / [32m200 [0m9.687 ms - 11[0m
[0mGET / [32m200 [0m0.953 ms - 11[0m
[0mGET / [32m200 [0m1.473 ms - 11[0m
[0mGET / [32m200 [0m2.936 ms - 11[0m
[0mGET / [32m200 [0m4.435 ms - 11[0m
[0mGET / [32m200 [0m1.682 ms - 11[0m
[0mGET / [32m200 [0m12.184 ms - 11[0m
[0mGET / [32m200 [0m3.386 ms - 11[0m
[0mGET / [32m200 [0m0.455 ms - 11[0m
[0mGET / [32m200 [0m5.827 ms - 11[0m
[0mGET / [32m200 [0m12.009 ms - 11[0m
[0mGET / [32m200 [0m15.127 ms - 11[0m
[0mGET / [32m200 [0m14.183 ms - 11[0m
[0mGET / [32m200 [0m1.811 ms - 11[0m
[0mGET / [32m200 [0m1.502 ms - 11[0m
[0mGET / [32m200 [0m5.160 ms - 11[0m
[0mGET / [32m200 [0m5.222 ms - 11[0m
[0mGET / [32m200 [0m11.005 ms - 11[0m
[0mGET / [32m200 [0m11.873 ms - 11[0m
[0mGET / [32m200 [0m3.530 ms - 11[0m
[0mGET / [32m200 [0m6.318 ms - 11[0m
[0mGET / [32m200 [0m3.219 ms - 11[0m
[0mGET / [32m200 [0m3.413 ms - 11[0m
[0mGET / [32m200 [0m3.562 ms - 11[0m
[0mGET / [32m200 [0m9.594 ms - 11[0m
[0mGET / [32m200 [0m0.940 ms - 11[0m
[0mGET / [32m200 [0m1.157 ms - 11[0m
[0mGET / [32m200 [0m8.313 ms - 11[0m
[0mGET / [32m200 [0m8.751 ms - 11[0m
[0mGET / [32m200 [0m5.533 ms - 11[0m
[0mGET / [32m200 [0m4.904 ms - 11[0m
[0mGET / [32m200 [0m13.297 ms - 11[0m
[0mGET / [32m200 [0m13.305 ms - 11[0m
[0mGET / [32m200 [0m2.801 ms - 11[0m
[0mGET / [32m200 [0m29.983 ms - 11[0m
[0mGET / [32m200 [0m3.452 ms - 11[0m
[0mGET / [32m200 [0m4.315 ms - 11[0m
[0mGET / [32m200 [0m7.673 ms - 11[0m
[0mGET / [32m200 [0m4.881 ms - 11[0m
[0mGET / [32m200 [0m6.308 ms - 11[0m
[0mGET / [32m200 [0m6.727 ms - 11[0m
[0mGET / [32m200 [0m1.625 ms - 11[0m
[0mGET / [32m200 [0m2.925 ms - 11[0m
[0mGET / [32m200 [0m4.728 ms - 11[0m
[0mGET / [32m200 [0m6.769 ms - 11[0m
[0mGET / [32m200 [0m10.427 ms - 11[0m
[0mGET / [32m200 [0m21.971 ms - 11[0m
[0mGET / [32m200 [0m9.702 ms - 11[0m
[0mGET / [32m200 [0m16.041 ms - 11[0m
[0mGET / [32m200 [0m2.836 ms - 11[0m
[0mGET / [32m200 [0m3.184 ms - 11[0m
[0mGET / [32m200 [0m10.415 ms - 11[0m
[0mGET / [32m200 [0m10.627 ms - 11[0m
[0mGET / [32m200 [0m1.424 ms - 11[0m
[0mGET / [32m200 [0m1.617 ms - 11[0m
[0mGET / [32m200 [0m8.332 ms - 11[0m
[0mGET / [32m200 [0m5.317 ms - 11[0m
[0mGET / [32m200 [0m4.305 ms - 11[0m
[0mGET / [32m200 [0m6.617 ms - 11[0m
[0mGET / [32m200 [0m3.469 ms - 11[0m
[0mGET / [32m200 [0m3.999 ms - 11[0m
[0mGET / [32m200 [0m3.978 ms - 11[0m
[0mGET / [32m200 [0m2.818 ms - 11[0m
[0mGET / [32m200 [0m7.776 ms - 11[0m
[0mGET / [32m200 [0m8.104 ms - 11[0m
[0mGET / [32m200 [0m5.461 ms - 11[0m
[0mGET / [32m200 [0m0.808 ms - 11[0m
[0mGET / [32m200 [0m3.236 ms - 11[0m
[0mGET / [32m200 [0m4.126 ms - 11[0m
[0mGET / [32m200 [0m0.552 ms - 11[0m
[0mGET / [32m200 [0m0.343 ms - 11[0m
[0mGET / [32m200 [0m7.784 ms - 11[0m
[0mGET / [32m200 [0m8.064 ms - 11[0m
[0mGET / [32m200 [0m5.512 ms - 11[0m
[0mGET / [32m200 [0m5.659 ms - 11[0m
[0mGET / [32m200 [0m3.898 ms - 11[0m
[0mGET / [32m200 [0m4.158 ms - 11[0m
[0mGET / [32m200 [0m4.458 ms - 11[0m
[0mGET / [32m200 [0m3.841 ms - 11[0m
[0mGET / [32m200 [0m6.213 ms - 11[0m
[0mGET / [32m200 [0m8.144 ms - 11[0m
[0mGET / [32m200 [0m0.396 ms - 11[0m
[0mGET / [32m200 [0m2.415 ms - 11[0m
[0mGET / [32m200 [0m4.725 ms - 11[0m
[0mGET / [32m200 [0m8.760 ms - 11[0m
[0mGET / [32m200 [0m9.303 ms - 11[0m
[0mGET / [32m200 [0m0.298 ms - 11[0m
[0mGET / [32m200 [0m2.936 ms - 11[0m
[0mGET / [32m200 [0m3.194 ms - 11[0m
[0mGET / [32m200 [0m6.663 ms - 11[0m
[0mGET / [32m200 [0m7.863 ms - 11[0m
[0mGET / [32m200 [0m1.006 ms - 11[0m
[0mGET / [32m200 [0m0.623 ms - 11[0m
[0mGET / [32m200 [0m2.890 ms - 11[0m
[0mGET / [32m200 [0m1.101 ms - 11[0m
[0mGET / [32m200 [0m5.877 ms - 11[0m
[0mGET / [32m200 [0m6.095 ms - 11[0m
[0mGET / [32m200 [0m2.469 ms - 11[0m
[0mGET / [32m200 [0m3.340 ms - 11[0m
[0mGET / [32m200 [0m3.578 ms - 11[0m
[0mGET / [32m200 [0m3.888 ms - 11[0m
[0mGET / [32m200 [0m7.031 ms - 11[0m
[0mGET / [32m200 [0m7.308 ms - 11[0m
[0mGET / [32m200 [0m1.326 ms - 11[0m
[0mGET / [32m200 [0m0.407 ms - 11[0m
[0mGET / [32m200 [0m4.303 ms - 11[0m
[0mGET / [32m200 [0m5.271 ms - 11[0m
[0mGET / [32m200 [0m9.337 ms - 11[0m
[0mGET / [32m200 [0m11.251 ms - 11[0m
[0mGET / [32m200 [0m0.726 ms - 11[0m
[0mGET / [32m200 [0m1.023 ms - 11[0m
[0mGET / [32m200 [0m5.629 ms - 11[0m
[0mGET / [32m200 [0m6.009 ms - 11[0m
[0mGET / [32m200 [0m0.360 ms - 11[0m
[0mGET / [32m200 [0m1.324 ms - 11[0m
[0mGET / [32m200 [0m5.706 ms - 11[0m
[0mGET / [32m200 [0m6.124 ms - 11[0m
[0mGET / [32m200 [0m5.638 ms - 11[0m
[0mGET / [32m200 [0m0.336 ms - 11[0m
[0mGET / [32m200 [0m7.356 ms - 11[0m
[0mGET / [32m200 [0m7.424 ms - 11[0m
[0mGET / [32m200 [0m1.198 ms - 11[0m
[0mGET / [32m200 [0m2.150 ms - 11[0m
[0mGET / [32m200 [0m0.379 ms - 11[0m
[0mGET / [32m200 [0m6.468 ms - 11[0m
[0mGET / [32m200 [0m8.948 ms - 11[0m
[0mGET / [32m200 [0m11.470 ms - 11[0m
[0mGET / [32m200 [0m5.091 ms - 11[0m
[0mGET / [32m200 [0m5.455 ms - 11[0m
[0mGET / [32m200 [0m2.626 ms - 11[0m
[0mGET / [32m200 [0m1.485 ms - 11[0m
[0mGET / [32m200 [0m3.783 ms - 11[0m
[0mGET / [32m200 [0m8.502 ms - 11[0m
[0mGET / [32m200 [0m0.615 ms - 11[0m
[0mGET / [32m200 [0m0.296 ms - 11[0m
[0mGET / [32m200 [0m3.434 ms - 11[0m
[0mGET / [32m200 [0m4.291 ms - 11[0m
[0mGET / [32m200 [0m9.307 ms - 11[0m
[0mGET / [32m200 [0m9.364 ms - 11[0m
[0mGET / [32m200 [0m2.956 ms - 11[0m
[0mGET / [32m200 [0m3.241 ms - 11[0m
[0mGET / [32m200 [0m7.424 ms - 11[0m
[0mGET / [32m200 [0m6.087 ms - 11[0m
[0mGET / [32m200 [0m3.156 ms - 11[0m
[0mGET / [32m200 [0m2.620 ms - 11[0m
[0mGET / [32m200 [0m2.831 ms - 11[0m
[0mGET / [32m200 [0m4.309 ms - 11[0m
[0mGET / [32m200 [0m6.697 ms - 11[0m
[0mGET / [32m200 [0m6.954 ms - 11[0m
[0mGET / [32m200 [0m9.712 ms - 11[0m
[0mGET / [32m200 [0m11.856 ms - 11[0m
[0mGET / [32m200 [0m7.835 ms - 11[0m
[0mGET / [32m200 [0m8.591 ms - 11[0m
[0mGET / [32m200 [0m17.593 ms - 11[0m
[0mGET / [32m200 [0m20.308 ms - 11[0m
[0mGET / [32m200 [0m8.750 ms - 11[0m
[0mGET / [32m200 [0m8.772 ms - 11[0m
[0mGET / [32m200 [0m0.517 ms - 11[0m
[0mGET / [32m200 [0m0.468 ms - 11[0m
[0mGET / [32m200 [0m2.970 ms - 11[0m
[0mGET / [32m200 [0m3.218 ms - 11[0m
[0mGET / [32m200 [0m3.594 ms - 11[0m
[0mGET / [32m200 [0m3.669 ms - 11[0m
[0mGET / [32m200 [0m2.065 ms - 11[0m
[0mGET / [32m200 [0m2.648 ms - 11[0m
[0mGET / [32m200 [0m1.955 ms - 11[0m
[0mGET / [32m200 [0m1.945 ms - 11[0m
[0mGET / [32m200 [0m3.739 ms - 11[0m
[0mGET / [32m200 [0m4.490 ms - 11[0m
[0mGET / [32m200 [0m2.614 ms - 11[0m
[0mGET / [32m200 [0m0.862 ms - 11[0m
[0mGET / [32m200 [0m1.182 ms - 11[0m
[0mGET / [32m200 [0m0.376 ms - 11[0m
[0mGET / [32m200 [0m2.814 ms - 11[0m
[0mGET / [32m200 [0m2.995 ms - 11[0m
[0mGET / [32m200 [0m2.436 ms - 11[0m
[0mGET / [32m200 [0m65.561 ms - 11[0m
[0mGET / [32m200 [0m4.441 ms - 11[0m
[0mGET / [32m200 [0m11.979 ms - 11[0m
[0mGET / [32m200 [0m2.351 ms - 11[0m
[0mGET / [32m200 [0m2.706 ms - 11[0m
[0mGET / [32m200 [0m4.667 ms - 11[0m
[0mGET / [32m200 [0m0.906 ms - 11[0m
[0mGET / [32m200 [0m4.891 ms - 11[0m
[0mGET / [32m200 [0m5.609 ms - 11[0m
[0mGET / [32m200 [0m5.908 ms - 11[0m
[0mGET / [32m200 [0m6.150 ms - 11[0m
[0mGET / [32m200 [0m3.298 ms - 11[0m
[0mGET / [32m200 [0m3.391 ms - 11[0m
[0mGET / [32m200 [0m5.718 ms - 11[0m
[0mGET / [32m200 [0m7.214 ms - 11[0m
[0mGET / [32m200 [0m3.116 ms - 11[0m
[0mGET / [32m200 [0m11.482 ms - 11[0m
[0mGET / [32m200 [0m2.209 ms - 11[0m
[0mGET / [32m200 [0m2.223 ms - 11[0m
[0mGET / [32m200 [0m6.907 ms - 11[0m
[0mGET / [32m200 [0m7.169 ms - 11[0m
[0mGET / [32m200 [0m7.696 ms - 11[0m
[0mGET / [32m200 [0m12.977 ms - 11[0m
[0mGET / [32m200 [0m3.055 ms - 11[0m
[0mGET / [32m200 [0m1.625 ms - 11[0m
[0mGET / [32m200 [0m0.504 ms - 11[0m
[0mGET / [32m200 [0m1.080 ms - 11[0m
[0mGET / [32m200 [0m3.791 ms - 11[0m
[0mGET / [32m200 [0m4.073 ms - 11[0m
[0mGET / [32m200 [0m13.653 ms - 11[0m
[0mGET / [32m200 [0m0.366 ms - 11[0m
[0mGET / [32m200 [0m8.220 ms - 11[0m
[0mGET / [32m200 [0m8.705 ms - 11[0m
[0mGET / [32m200 [0m0.809 ms - 11[0m
[0mGET / [32m200 [0m1.393 ms - 11[0m
[0mGET / [32m200 [0m7.010 ms - 11[0m
[0mGET / [32m200 [0m7.279 ms - 11[0m
[0mGET / [32m200 [0m7.888 ms - 11[0m
[0mGET / [32m200 [0m4.948 ms - 11[0m
[0mGET / [32m200 [0m3.581 ms - 11[0m
[0mGET / [32m200 [0m4.906 ms - 11[0m
[0mGET / [32m200 [0m4.985 ms - 11[0m
[0mGET / [32m200 [0m11.170 ms - 11[0m
[0mGET / [32m200 [0m12.711 ms - 11[0m
[0mGET / [32m200 [0m12.966 ms - 11[0m
[0mGET / [32m200 [0m1.467 ms - 11[0m
[0mGET / [32m200 [0m1.532 ms - 11[0m
[0mGET / [32m200 [0m8.097 ms - 11[0m
[0mGET / [32m200 [0m9.740 ms - 11[0m
[0mGET / [32m200 [0m4.042 ms - 11[0m
[0mGET / [32m200 [0m1.404 ms - 11[0m
[0mGET / [32m200 [0m9.927 ms - 11[0m
[0mGET / [32m200 [0m10.924 ms - 11[0m
[0mGET / [32m200 [0m6.335 ms - 11[0m
[0mGET / [32m200 [0m4.915 ms - 11[0m
[0mGET / [32m200 [0m9.574 ms - 11[0m
[0mGET / [32m200 [0m9.827 ms - 11[0m
[0mGET / [32m200 [0m2.141 ms - 11[0m
[0mGET / [32m200 [0m2.541 ms - 11[0m
[0mGET / [32m200 [0m9.012 ms - 11[0m
[0mGET / [32m200 [0m9.375 ms - 11[0m
[0mGET / [32m200 [0m0.391 ms - 11[0m
[0mGET / [32m200 [0m0.609 ms - 11[0m
[0mGET / [32m200 [0m10.639 ms - 11[0m
[0mGET / [32m200 [0m10.937 ms - 11[0m
[0mGET / [32m200 [0m6.478 ms - 11[0m
[0mGET / [32m200 [0m16.933 ms - 11[0m
[0mGET / [32m200 [0m4.624 ms - 11[0m
[0mGET / [32m200 [0m2.122 ms - 11[0m
[0mGET / [32m200 [0m11.112 ms - 11[0m
[0mGET / [32m200 [0m3.467 ms - 11[0m
[0mGET / [32m200 [0m10.723 ms - 11[0m
[0mGET / [32m200 [0m12.186 ms - 11[0m
[0mGET / [32m200 [0m1.112 ms - 11[0m
[0mGET / [32m200 [0m7.298 ms - 11[0m
[0mGET / [32m200 [0m2.013 ms - 11[0m
[0mGET / [32m200 [0m0.370 ms - 11[0m
[0mGET / [32m200 [0m2.025 ms - 11[0m
[0mGET / [32m200 [0m9.182 ms - 11[0m
[0mGET / [32m200 [0m1.847 ms - 11[0m
[0mGET / [32m200 [0m0.760 ms - 11[0m
[0mGET / [32m200 [0m6.895 ms - 11[0m
[0mGET / [32m200 [0m5.999 ms - 11[0m
[0mGET / [32m200 [0m8.943 ms - 11[0m
[0mGET / [32m200 [0m10.573 ms - 11[0m
[0mGET / [32m200 [0m0.533 ms - 11[0m
[0mGET / [32m200 [0m0.381 ms - 11[0m
[0mGET / [32m200 [0m4.381 ms - 11[0m
[0mGET / [32m200 [0m4.713 ms - 11[0m
[0mGET / [32m200 [0m0.703 ms - 11[0m
[0mGET / [32m200 [0m0.826 ms - 11[0m
[0mGET / [32m200 [0m6.918 ms - 11[0m
[0mGET / [32m200 [0m8.046 ms - 11[0m
[0mGET / [32m200 [0m6.688 ms - 11[0m
[0mGET / [32m200 [0m8.270 ms - 11[0m
[0mGET / [32m200 [0m4.865 ms - 11[0m
[0mGET / [32m200 [0m5.088 ms - 11[0m
[0mGET / [32m200 [0m0.797 ms - 11[0m
[0mGET / [32m200 [0m10.024 ms - 11[0m
[0mGET / [32m200 [0m5.172 ms - 11[0m
[0mGET / [32m200 [0m8.149 ms - 11[0m
[0mGET / [32m200 [0m0.718 ms - 11[0m
[0mGET / [32m200 [0m6.719 ms - 11[0m
[0mGET / [32m200 [0m10.628 ms - 11[0m
[0mGET / [32m200 [0m10.813 ms - 11[0m
[0mGET / [32m200 [0m0.669 ms - 11[0m
[0mGET / [32m200 [0m9.589 ms - 11[0m
[0mGET / [32m200 [0m10.120 ms - 11[0m
[0mGET / [32m200 [0m1.652 ms - 11[0m
[0mGET / [32m200 [0m0.718 ms - 11[0m
[0mGET / [32m200 [0m10.790 ms - 11[0m
[0mGET / [32m200 [0m12.525 ms - 11[0m
[0mGET / [32m200 [0m12.686 ms - 11[0m
[0mGET / [32m200 [0m4.582 ms - 11[0m
[0mGET / [32m200 [0m4.884 ms - 11[0m
[0mGET / [32m200 [0m9.649 ms - 11[0m
[0mGET / [32m200 [0m10.690 ms - 11[0m
[0mGET / [32m200 [0m4.954 ms - 11[0m
[0mGET / [32m200 [0m10.050 ms - 11[0m
[0mGET / [32m200 [0m27.718 ms - 11[0m
[0mGET / [32m200 [0m1.326 ms - 11[0m
[0mGET / [32m200 [0m0.682 ms - 11[0m
[0mGET / [32m200 [0m0.832 ms - 11[0m
[0mGET / [32m200 [0m1.601 ms - 11[0m
[0mGET / [32m200 [0m1.865 ms - 11[0m
[0mGET / [32m200 [0m6.723 ms - 11[0m
[0mGET / [32m200 [0m4.525 ms - 11[0m
[0mGET / [32m200 [0m8.695 ms - 11[0m
[0mGET / [32m200 [0m8.910 ms - 11[0m
[0mGET / [32m200 [0m7.240 ms - 11[0m
[0mGET / [32m200 [0m5.972 ms - 11[0m
[0mGET / [32m200 [0m6.172 ms - 11[0m
[0mGET / [32m200 [0m6.251 ms - 11[0m
[0mGET / [32m200 [0m0.710 ms - 11[0m
[0mGET / [32m200 [0m6.877 ms - 11[0m
[0mGET / [32m200 [0m4.880 ms - 11[0m
[0mGET / [32m200 [0m13.734 ms - 11[0m
[0mGET / [32m200 [0m8.809 ms - 11[0m
[0mGET / [32m200 [0m11.929 ms - 11[0m
[0mGET / [32m200 [0m4.476 ms - 11[0m
[0mGET / [32m200 [0m4.631 ms - 11[0m
[0mGET / [32m200 [0m0.581 ms - 11[0m
[0mGET / [32m200 [0m0.831 ms - 11[0m
[0mGET / [32m200 [0m2.504 ms - 11[0m
[0mGET / [32m200 [0m3.041 ms - 11[0m
[0mGET / [32m200 [0m0.953 ms - 11[0m
[0mGET / [32m200 [0m1.053 ms - 11[0m
phone number 123123123
identityId us-east-1:d3ca10ed-da9e-40c6-8142-f5a71c940d5a
get_open_id _phoneNumber 123123123
get_open_id IdentityIdundefined
{ IdentityId: 'us-east-1:d3ca10ed-da9e-40c6-8142-f5a71c940d5a',
  Token: 'eyJraWQiOiJ1cy1lYXN0LTExIiwidHlwIjoiSldTIiwiYWxnIjoiUlM1MTIifQ.eyJzdWIiOiJ1cy1lYXN0LTE6ZDNjYTEwZWQtZGE5ZS00MGM2LTgxNDItZjVhNzFjOTQwZDVhIiwiYXVkIjoidXMtZWFzdC0xOjU1NTJhNTRiLWE1MTktNDRkMi05N2UzLWZlYjNkNDVjOWFmYSIsImFtciI6WyJhdXRoZW50aWNhdGVkIiwibG9naW4udjNyZWUuYXdlc29tZSIsImxvZ2luLnYzcmVlLmF3ZXNvbWU6dXMtZWFzdC0xOjU1NTJhNTRiLWE1MTktNDRkMi05N2UzLWZlYjNkNDVjOWFmYToxMjMxMjMxMjMiXSwiaXNzIjoiaHR0cHM6Ly9jb2duaXRvLWlkZW50aXR5LmFtYXpvbmF3cy5jb20iLCJleHAiOjE1MDE1ODQ0NzUsImlhdCI6MTUwMTU4MDg3NX0.IeKqUFgkPGqcHT_XRYwwJG28VBDlfgcwW_bPJx1U4Jjv3Qm8syFkO8n-V3g5iS-YBpYDi5SZn_10QE43uZzpe7SFcvVahcltrca0_S38vwZxzv8f7Fa6czdoWSUdnK5m60HDy11uXqMM1mKSwEuDM42x92Ftg1W-AbUxXcePNRIgGkX_e9PvHDuqwdysxIcE23wtSdxsZwXucbMkQkwnkhVlkDvBQcaUAu3SWFSrMTjZrl3M5OoCf6Qt7-LKASA7B4qkT4IDbp6ikls8Abbne4Y2Mfqee8Y8bSbU5oQPuA50pPqmgSgSt9pOqCxWuroCci6zDzUboAMDi8u3oaC5gw' }
[0mGET /get_token/1231231231234/us-east-1:d3ca10ed-da9e-40c6-8142-f5a71c940d5a [32m200 [0m164.894 ms - 903[0m
[0mGET / [32m200 [0m2.605 ms - 11[0m
[0mGET / [32m200 [0m7.619 ms - 11[0m
register_endpoint_v2 00AB5D14-597F-44F3-BFA6-C07CDBCBA42E 050f2bc3b307a0ee411e4b8b2f1502c2620f0e3ff93390ba294398c8723e8ddc 123123123 IOS
*** register_endpoint_v2 success ***
{ status: 'success' }
[0mPOST /api/v1/register_endpoint_v2/nosql [32m200 [0m37.833 ms - 20[0m
{ Count: 0, Items: [], ScannedCount: 0 }
*** addEndPoint success ***
*** insertEndPointToDynamoDB ***
*** insertEndPointToDynamoDB success ***
[0mGET / [32m200 [0m0.506 ms - 11[0m
[0mGET / [32m200 [0m1.929 ms - 11[0m
[0mGET / [32m200 [0m11.051 ms - 11[0m
[0mGET / [32m200 [0m2.782 ms - 11[0m
[0mGET / [32m200 [0m0.816 ms - 11[0m
[0mGET / [32m200 [0m0.398 ms - 11[0m
[0mGET / [32m200 [0m2.931 ms - 11[0m
[0mGET / [32m200 [0m3.238 ms - 11[0m
[0mGET / [32m200 [0m2.279 ms - 11[0m
[0mGET / [32m200 [0m0.304 ms - 11[0m
register_endpoint_v2 00AB5D14-597F-44F3-BFA6-C07CDBCBA42E 050f2bc3b307a0ee411e4b8b2f1502c2620f0e3ff93390ba294398c8723e8ddc 123123123 IOS
*** register_endpoint_v2 success ***
{ status: 'success' }
[0mPOST /api/v1/register_endpoint_v2/nosql [32m200 [0m7.568 ms - 20[0m
{ Count: 1,
  Items: 
   [ { awesome_id: [Object],
       endpointArn: [Object],
       device_token: [Object] } ],
  ScannedCount: 1 }
{ [InvalidParameter: Invalid parameter: Token Reason: Endpoint arn:aws:sns:us-east-1:442395450210:endpoint/APNS/awsome_apns_production/8285cd7e-d7e0-30a2-9f10-15f21e3fc423 already exists with the same Token, but different attributes.]
  message: 'Invalid parameter: Token Reason: Endpoint arn:aws:sns:us-east-1:442395450210:endpoint/APNS/awsome_apns_production/8285cd7e-d7e0-30a2-9f10-15f21e3fc423 already exists with the same Token, but different attributes.',
  code: 'InvalidParameter',
  time: Tue Aug 01 2017 09:49:25 GMT+0000 (UTC),
  statusCode: 400,
  retryable: false,
  retryDelay: 30 }
[0mGET / [32m200 [0m16.533 ms - 11[0m
[0mGET / [32m200 [0m6.542 ms - 11[0m
[0mGET / [32m200 [0m2.959 ms - 11[0m
[0mGET / [32m200 [0m3.790 ms - 11[0m
[0mGET / [32m200 [0m0.597 ms - 11[0m
[0mGET / [32m200 [0m4.288 ms - 11[0m
[0mGET / [32m200 [0m0.717 ms - 11[0m
[0mGET / [32m200 [0m11.036 ms - 11[0m
io enter middleware
check player id andrewwan
On Connection:{"headers":{"x-forwarded-for":"101.78.215.254","x-forwarded-proto":"http","x-forwarded-port":"3000","host":"socketioloadbalancer-1642928803.us-east-1.elb.amazonaws.com:3000","x-amzn-trace-id":"Root=1-59804ee6-709d29a25bded754270b2c08","upgrade":"websocket","connection":"upgrade","cookie":"AWSALB=","sec-websocket-key":"wWk9IDdwMTqBguPNfGxuXQ==","sec-websocket-version":"13","accept-encoding":"gzip","user-agent":"okhttp/3.8.1"},"time":"Tue Aug 01 2017 09:50:30 GMT+0000 (UTC)","xdomain":false,"secure":false,"issued":1501581030324,"url":"/socket.io/?EIO=3&playerId=andrewwan&transport=websocket","query":{"EIO":"3","playerId":"andrewwan","transport":"websocket"}}
player id andrewwan
hmsent register {"awesome_id":"andrewwan","onlineStatus":2,"awesome_chips":0}

events.js:141
      throw er; // Unhandled 'error' event
      ^
ReplyError: MISCONF Redis is configured to save RDB snapshots, but it is currently not able to persist on disk. Commands that may modify the data set are disabled, because this instance is configured to report errors during writes if RDB snapshotting fails (stop-writes-on-bgsave-error option). Please check the Redis logs for details about the RDB error.
    at parseError (/home/ec2-user/abc/node_modules/redis-parser/lib/parser.js:193:12)
    at parseType (/home/ec2-user/abc/node_modules/redis-parser/lib/parser.js:303:14)
error: Forever detected script exited with code: 1
error: Script restart attempt #1
ok
Config
Tue Aug 01 2017 09:50:30 GMT+0000 (UTC)
Cognito
the cognitoidentity is [object Object]
SNS
setting tcp
setting sns
PostAPI
PostAPI_Chat
PostAPI_Wall
PostAPI_Pet
PostAPI_Chips
PostAPI_Login
PostAPI_Shop
PostAPI_Debug
Game init
======================
apiPort listening 2498
tcpPort listening 3005
======================
Server listening at port 3005
[0mGET / [32m200 [0m14.585 ms - 11[0m
[0mGET / [32m200 [0m14.726 ms - 11[0m
[0mGET / [32m200 [0m3.283 ms - 11[0m
[0mGET / [32m200 [0m6.331 ms - 11[0m
[0mGET / [32m200 [0m0.860 ms - 11[0m
[0mGET / [32m200 [0m0.591 ms - 11[0m
[0mGET / [32m200 [0m12.439 ms - 11[0m
[0mGET / [32m200 [0m8.955 ms - 11[0m
register_endpoint_v2 00AB5D14-597F-44F3-BFA6-C07CDBCBA42E 050f2bc3b307a0ee411e4b8b2f1502c2620f0e3ff93390ba294398c8723e8ddc 123123123 IOS
*** register_endpoint_v2 success ***
{ status: 'success' }
[0mPOST /api/v1/register_endpoint_v2/nosql [32m200 [0m48.457 ms - 20[0m
{ Count: 1,
  Items: 
   [ { awesome_id: [Object],
       endpointArn: [Object],
       device_token: [Object] } ],
  ScannedCount: 1 }
{ [InvalidParameter: Invalid parameter: Token Reason: Endpoint arn:aws:sns:us-east-1:442395450210:endpoint/APNS/awsome_apns_production/8285cd7e-d7e0-30a2-9f10-15f21e3fc423 already exists with the same Token, but different attributes.]
  message: 'Invalid parameter: Token Reason: Endpoint arn:aws:sns:us-east-1:442395450210:endpoint/APNS/awsome_apns_production/8285cd7e-d7e0-30a2-9f10-15f21e3fc423 already exists with the same Token, but different attributes.',
  code: 'InvalidParameter',
  time: Tue Aug 01 2017 09:51:10 GMT+0000 (UTC),
  statusCode: 400,
  retryable: false,
  retryDelay: 30 }
[0mGET / [32m200 [0m0.472 ms - 11[0m
[0mGET / [32m200 [0m0.768 ms - 11[0m
[0mGET / [32m200 [0m8.103 ms - 11[0m
[0mGET / [32m200 [0m3.970 ms - 11[0m
[0mGET / [32m200 [0m6.804 ms - 11[0m
[0mGET / [32m200 [0m0.893 ms - 11[0m
[0mGET / [32m200 [0m1.467 ms - 11[0m
[0mGET / [32m200 [0m2.227 ms - 11[0m
[0mGET / [32m200 [0m3.741 ms - 11[0m
[0mGET / [32m200 [0m3.011 ms - 11[0m
[0mGET / [32m200 [0m14.872 ms - 11[0m
[0mGET / [32m200 [0m4.132 ms - 11[0m
[0mGET / [32m200 [0m2.042 ms - 11[0m
[0mGET / [32m200 [0m1.368 ms - 11[0m
[0mGET / [32m200 [0m27.043 ms - 11[0m
[0mGET / [32m200 [0m28.447 ms - 11[0m
[0mGET / [32m200 [0m10.117 ms - 11[0m
[0mGET / [32m200 [0m3.833 ms - 11[0m
[0mGET / [32m200 [0m7.544 ms - 11[0m
[0mGET / [32m200 [0m4.568 ms - 11[0m
[0mGET / [32m200 [0m2.040 ms - 11[0m
[0mGET / [32m200 [0m2.357 ms - 11[0m
[0mGET / [32m200 [0m2.779 ms - 11[0m
[0mGET / [32m200 [0m6.955 ms - 11[0m
[0mGET / [32m200 [0m11.153 ms - 11[0m
[0mGET / [32m200 [0m3.777 ms - 11[0m
[0mGET / [32m200 [0m2.710 ms - 11[0m
[0mGET / [32m200 [0m1.514 ms - 11[0m
[0mGET / [32m200 [0m8.455 ms - 11[0m
[0mGET / [32m200 [0m9.190 ms - 11[0m
[0mGET / [32m200 [0m3.056 ms - 11[0m
[0mGET / [32m200 [0m3.956 ms - 11[0m
[0mGET / [32m200 [0m16.405 ms - 11[0m
[0mGET / [32m200 [0m18.173 ms - 11[0m
[0mGET / [32m200 [0m8.297 ms - 11[0m
[0mGET / [32m200 [0m9.352 ms - 11[0m
[0mGET / [32m200 [0m2.673 ms - 11[0m
[0mGET / [32m200 [0m3.520 ms - 11[0m
[0mGET / [32m200 [0m2.906 ms - 11[0m
[0mGET / [32m200 [0m0.967 ms - 11[0m
[0mGET / [32m200 [0m10.904 ms - 11[0m
[0mGET / [32m200 [0m11.464 ms - 11[0m
[0mGET / [32m200 [0m3.707 ms - 11[0m
[0mGET / [32m200 [0m0.364 ms - 11[0m
[0mGET / [32m200 [0m16.391 ms - 11[0m
[0mGET / [32m200 [0m17.446 ms - 11[0m
[0mGET / [32m200 [0m3.428 ms - 11[0m
[0mGET / [32m200 [0m4.992 ms - 11[0m
[0mGET / [32m200 [0m0.878 ms - 11[0m
[0mGET / [32m200 [0m12.939 ms - 11[0m
[0mGET / [32m200 [0m9.689 ms - 11[0m
[0mGET / [32m200 [0m8.663 ms - 11[0m
[0mGET / [32m200 [0m2.404 ms - 11[0m
[0mGET / [32m200 [0m2.965 ms - 11[0m
[0mGET / [32m200 [0m1.374 ms - 11[0m
[0mGET / [32m200 [0m4.007 ms - 11[0m
[0mGET / [32m200 [0m9.916 ms - 11[0m
[0mGET / [32m200 [0m11.525 ms - 11[0m
[0mGET / [32m200 [0m6.259 ms - 11[0m
[0mGET / [32m200 [0m3.376 ms - 11[0m
[0mGET / [32m200 [0m3.735 ms - 11[0m
[0mGET / [32m200 [0m5.773 ms - 11[0m
[0mGET / [32m200 [0m3.458 ms - 11[0m
[0mGET / [32m200 [0m1.598 ms - 11[0m
[0mGET / [32m200 [0m3.312 ms - 11[0m
[0mGET / [32m200 [0m4.061 ms - 11[0m
[0mGET / [32m200 [0m4.486 ms - 11[0m
[0mGET / [32m200 [0m4.054 ms - 11[0m
[0mGET / [32m200 [0m1.531 ms - 11[0m
[0mGET / [32m200 [0m6.033 ms - 11[0m
[0mGET / [32m200 [0m1.759 ms - 11[0m
[0mGET / [32m200 [0m0.363 ms - 11[0m
[0mGET / [32m200 [0m6.085 ms - 11[0m
[0mGET / [32m200 [0m6.899 ms - 11[0m
[0mGET / [32m200 [0m3.814 ms - 11[0m
[0mGET / [32m200 [0m0.869 ms - 11[0m
[0mGET / [32m200 [0m8.745 ms - 11[0m
[0mGET / [32m200 [0m9.272 ms - 11[0m
[0mGET / [32m200 [0m2.368 ms - 11[0m
[0mGET / [32m200 [0m11.303 ms - 11[0m
[0mGET / [32m200 [0m1.587 ms - 11[0m
[0mGET / [32m200 [0m6.627 ms - 11[0m
[0mGET / [32m200 [0m7.032 ms - 11[0m
[0mGET / [32m200 [0m7.385 ms - 11[0m
[0mGET / [32m200 [0m4.976 ms - 11[0m
[0mGET / [32m200 [0m5.440 ms - 11[0m
[0mGET / [32m200 [0m3.043 ms - 11[0m
[0mGET / [32m200 [0m4.187 ms - 11[0m
[0mGET / [32m200 [0m9.599 ms - 11[0m
[0mGET / [32m200 [0m11.411 ms - 11[0m
[0mGET / [32m200 [0m4.797 ms - 11[0m
[0mGET / [32m200 [0m7.597 ms - 11[0m
[0mGET / [32m200 [0m2.668 ms - 11[0m
[0mGET / [32m200 [0m2.987 ms - 11[0m
[0mGET / [32m200 [0m2.558 ms - 11[0m
[0mGET / [32m200 [0m4.557 ms - 11[0m
[0mGET / [32m200 [0m3.687 ms - 11[0m
[0mGET / [32m200 [0m10.658 ms - 11[0m
[0mGET / [32m200 [0m7.398 ms - 11[0m
[0mGET / [32m200 [0m11.121 ms - 11[0m
[0mGET / [32m200 [0m10.598 ms - 11[0m
[0mGET / [32m200 [0m2.357 ms - 11[0m
[0mGET / [32m200 [0m0.510 ms - 11[0m
[0mGET / [32m200 [0m2.717 ms - 11[0m
[0mGET / [32m200 [0m4.475 ms - 11[0m
[0mGET / [32m200 [0m5.591 ms - 11[0m
[0mGET / [32m200 [0m4.099 ms - 11[0m
[0mGET / [32m200 [0m5.192 ms - 11[0m
[0mGET / [32m200 [0m8.107 ms - 11[0m
[0mGET / [32m200 [0m8.642 ms - 11[0m
[0mGET / [32m200 [0m0.511 ms - 11[0m
[0mGET / [32m200 [0m1.331 ms - 11[0m
[0mGET / [32m200 [0m2.162 ms - 11[0m
[0mGET / [32m200 [0m2.584 ms - 11[0m
[0mGET / [32m200 [0m2.670 ms - 11[0m
[0mGET / [32m200 [0m2.748 ms - 11[0m
[0mGET / [32m200 [0m7.783 ms - 11[0m
[0mGET / [32m200 [0m8.068 ms - 11[0m
[0mGET / [32m200 [0m3.267 ms - 11[0m
[0mGET / [32m200 [0m7.210 ms - 11[0m
[0mGET / [32m200 [0m12.380 ms - 11[0m
[0mGET / [32m200 [0m12.331 ms - 11[0m
[0mGET / [32m200 [0m17.505 ms - 11[0m
[0mGET / [32m200 [0m28.656 ms - 11[0m
[0mGET / [32m200 [0m5.185 ms - 11[0m
[0mGET / [32m200 [0m10.169 ms - 11[0m
[0mGET / [32m200 [0m5.773 ms - 11[0m
[0mGET / [32m200 [0m0.874 ms - 11[0m
[0mGET / [32m200 [0m4.883 ms - 11[0m
[0mGET / [32m200 [0m1.008 ms - 11[0m
[0mGET / [32m200 [0m2.104 ms - 11[0m
[0mGET / [32m200 [0m0.899 ms - 11[0m
[0mGET / [32m200 [0m2.432 ms - 11[0m
[0mGET / [32m200 [0m3.545 ms - 11[0m
[0mGET / [32m200 [0m1.113 ms - 11[0m
[0mGET / [32m200 [0m0.319 ms - 11[0m
[0mGET / [32m200 [0m2.456 ms - 11[0m
[0mGET / [32m200 [0m8.967 ms - 11[0m
[0mGET / [32m200 [0m7.706 ms - 11[0m
[0mGET / [32m200 [0m1.066 ms - 11[0m
[0mGET / [32m200 [0m7.500 ms - 11[0m
[0mGET / [32m200 [0m7.499 ms - 11[0m
register_endpoint_v2 00AB5D14-597F-44F3-BFA6-C07CDBCBA42E 050f2bc3b307a0ee411e4b8b2f1502c2620f0e3ff93390ba294398c8723e8ddc 123123123 IOS
*** register_endpoint_v2 success ***
{ status: 'success' }
[0mPOST /api/v1/register_endpoint_v2/nosql [32m200 [0m3.975 ms - 20[0m
{ Count: 1,
  Items: 
   [ { awesome_id: [Object],
       endpointArn: [Object],
       device_token: [Object] } ],
  ScannedCount: 1 }
{ [InvalidParameter: Invalid parameter: Token Reason: Endpoint arn:aws:sns:us-east-1:442395450210:endpoint/APNS/awsome_apns_production/8285cd7e-d7e0-30a2-9f10-15f21e3fc423 already exists with the same Token, but different attributes.]
  message: 'Invalid parameter: Token Reason: Endpoint arn:aws:sns:us-east-1:442395450210:endpoint/APNS/awsome_apns_production/8285cd7e-d7e0-30a2-9f10-15f21e3fc423 already exists with the same Token, but different attributes.',
  code: 'InvalidParameter',
  time: Tue Aug 01 2017 10:09:03 GMT+0000 (UTC),
  statusCode: 400,
  retryable: false,
  retryDelay: 30 }
[0mGET / [32m200 [0m2.552 ms - 11[0m
[0mGET / [32m200 [0m2.892 ms - 11[0m
[0mGET / [32m200 [0m5.132 ms - 11[0m
[0mGET / [32m200 [0m5.408 ms - 11[0m
[0mGET / [32m200 [0m12.793 ms - 11[0m
[0mGET / [32m200 [0m6.365 ms - 11[0m
[0mGET / [32m200 [0m8.656 ms - 11[0m
[0mGET / [32m200 [0m8.883 ms - 11[0m
[0mGET / [32m200 [0m5.377 ms - 11[0m
[0mGET / [32m200 [0m0.314 ms - 11[0m
[0mGET / [32m200 [0m1.131 ms - 11[0m
[0mGET / [32m200 [0m1.597 ms - 11[0m
[0mGET / [32m200 [0m3.440 ms - 11[0m
[0mGET / [32m200 [0m8.228 ms - 11[0m
[0mGET / [32m200 [0m14.599 ms - 11[0m
[0mGET / [32m200 [0m0.458 ms - 11[0m
[0mGET / [32m200 [0m6.050 ms - 11[0m
[0mGET / [32m200 [0m6.621 ms - 11[0m
[0mGET / [32m200 [0m10.170 ms - 11[0m
[0mGET / [32m200 [0m6.167 ms - 11[0m
[0mGET / [32m200 [0m10.525 ms - 11[0m
[0mGET / [32m200 [0m6.444 ms - 11[0m
[0mGET / [32m200 [0m8.379 ms - 11[0m
[0mGET / [32m200 [0m10.456 ms - 11[0m
[0mGET / [32m200 [0m5.973 ms - 11[0m
[0mGET / [32m200 [0m3.250 ms - 11[0m
[0mGET / [32m200 [0m9.383 ms - 11[0m
[0mGET / [32m200 [0m10.570 ms - 11[0m
[0mGET / [32m200 [0m4.052 ms - 11[0m
[0mGET / [32m200 [0m7.601 ms - 11[0m
[0mGET / [32m200 [0m8.249 ms - 11[0m
[0mGET / [32m200 [0m8.483 ms - 11[0m
[0mGET / [32m200 [0m5.146 ms - 11[0m
[0mGET / [32m200 [0m5.357 ms - 11[0m
[0mGET / [32m200 [0m4.234 ms - 11[0m
[0mGET / [32m200 [0m5.491 ms - 11[0m
[0mGET / [32m200 [0m0.476 ms - 11[0m
[0mGET / [32m200 [0m2.519 ms - 11[0m
[0mGET / [32m200 [0m8.556 ms - 11[0m
[0mGET / [32m200 [0m8.962 ms - 11[0m
[0mGET / [32m200 [0m5.935 ms - 11[0m
[0mGET / [32m200 [0m7.875 ms - 11[0m
[0mGET / [32m200 [0m9.971 ms - 11[0m
[0mGET / [32m200 [0m5.908 ms - 11[0m
[0mGET / [32m200 [0m13.374 ms - 11[0m
[0mGET / [32m200 [0m5.183 ms - 11[0m
[0mGET / [32m200 [0m3.085 ms - 11[0m
[0mGET / [32m200 [0m3.717 ms - 11[0m
[0mGET / [32m200 [0m5.012 ms - 11[0m
[0mGET / [32m200 [0m0.410 ms - 11[0m
[0mGET / [32m200 [0m3.743 ms - 11[0m
[0mGET / [32m200 [0m4.223 ms - 11[0m
[0mGET / [32m200 [0m1.256 ms - 11[0m
[0mGET / [32m200 [0m0.548 ms - 11[0m
[0mGET / [32m200 [0m10.454 ms - 11[0m
[0mGET / [32m200 [0m10.625 ms - 11[0m
[0mGET / [32m200 [0m2.879 ms - 11[0m
[0mGET / [32m200 [0m0.376 ms - 11[0m
[0mGET / [32m200 [0m0.999 ms - 11[0m
[0mGET / [32m200 [0m2.388 ms - 11[0m
[0mGET / [32m200 [0m13.734 ms - 11[0m
[0mGET / [32m200 [0m10.402 ms - 11[0m
[0mGET / [32m200 [0m1.154 ms - 11[0m
[0mGET / [32m200 [0m2.068 ms - 11[0m
[0mGET / [32m200 [0m12.097 ms - 11[0m
[0mGET / [32m200 [0m17.021 ms - 11[0m
[0mGET / [32m200 [0m2.533 ms - 11[0m
[0mGET / [32m200 [0m4.565 ms - 11[0m
[0mGET / [32m200 [0m16.211 ms - 11[0m
[0mGET / [32m200 [0m17.970 ms - 11[0m
[0mGET / [32m200 [0m9.949 ms - 11[0m
[0mGET / [32m200 [0m10.201 ms - 11[0m
[0mGET / [32m200 [0m7.884 ms - 11[0m
[0mGET / [32m200 [0m5.424 ms - 11[0m
[0mGET / [32m200 [0m13.511 ms - 11[0m
[0mGET / [32m200 [0m13.992 ms - 11[0m
[0mGET / [32m200 [0m2.378 ms - 11[0m
[0mGET / [32m200 [0m13.204 ms - 11[0m
