ok
Config
Thu Aug 03 2017 04:09:52 GMT+0000 (UTC)
Cognito
the cognitoidentity is [object Object]
SNS
setting tcp
setting sns
PostAPI
PostAPI_Chat
PostAPI_Wall
PostAPI_Pet
PostAPI_Chips
PostAPI_Login
PostAPI_Shop
PostAPI_Debug
Game init
======================
apiPort listening 2452
tcpPort listening 3009
======================
Server listening at port 3009
[0mGET / [32m200 [0m81.677 ms - 11[0m
[0mGET / [32m200 [0m71.672 ms - 11[0m
[0mGET / [32m200 [0m11.760 ms - 11[0m
[0mGET / [32m200 [0m10.121 ms - 11[0m
[0mGET / [32m200 [0m16.636 ms - 11[0m
[0mGET / [32m200 [0m9.344 ms - 11[0m
[0mGET / [32m200 [0m33.698 ms - 11[0m
[0mGET / [32m200 [0m6.229 ms - 11[0m
[0mGET / [32m200 [0m18.501 ms - 11[0m
[0mGET / [32m200 [0m14.074 ms - 11[0m
[0mGET / [32m200 [0m3.713 ms - 11[0m
[0mGET / [32m200 [0m3.413 ms - 11[0m
[0mGET / [32m200 [0m10.741 ms - 11[0m
[0mGET / [32m200 [0m10.347 ms - 11[0m
[0mGET / [32m200 [0m19.748 ms - 11[0m
[0mGET / [32m200 [0m17.989 ms - 11[0m
[0mGET / [32m200 [0m3.244 ms - 11[0m
[0mGET / [32m200 [0m0.403 ms - 11[0m
[0mGET / [32m200 [0m17.943 ms - 11[0m
[0mGET / [32m200 [0m14.610 ms - 11[0m
[0mGET / [32m200 [0m15.817 ms - 11[0m
[0mGET / [32m200 [0m5.808 ms - 11[0m
[0mGET / [32m200 [0m6.378 ms - 11[0m
[0mGET / [32m200 [0m19.422 ms - 11[0m
[0mGET / [32m200 [0m3.176 ms - 11[0m
[0mGET / [32m200 [0m1.586 ms - 11[0m
[0mGET / [32m200 [0m13.323 ms - 11[0m
[0mGET / [32m200 [0m0.451 ms - 11[0m
[0mGET / [32m200 [0m15.252 ms - 11[0m
[0mGET / [32m200 [0m5.432 ms - 11[0m
[0mGET / [32m200 [0m16.223 ms - 11[0m
[0mGET / [32m200 [0m9.535 ms - 11[0m
[0mGET / [32m200 [0m14.126 ms - 11[0m
[0mGET / [32m200 [0m11.030 ms - 11[0m
[0mGET / [32m200 [0m0.979 ms - 11[0m
[0mGET / [32m200 [0m2.265 ms - 11[0m
[0mGET / [32m200 [0m11.224 ms - 11[0m
[0mGET / [32m200 [0m8.716 ms - 11[0m
[0mGET / [32m200 [0m0.696 ms - 11[0m
[0mGET / [32m200 [0m11.105 ms - 11[0m
[0mGET / [32m200 [0m2.832 ms - 11[0m
[0mGET / [32m200 [0m1.894 ms - 11[0m
[0mGET / [32m200 [0m2.426 ms - 11[0m
[0mGET / [32m200 [0m22.867 ms - 11[0m
[0mGET / [32m200 [0m9.814 ms - 11[0m
[0mGET / [32m200 [0m10.258 ms - 11[0m
[0mGET / [32m200 [0m2.003 ms - 11[0m
[0mGET / [32m200 [0m3.658 ms - 11[0m
[0mGET / [32m200 [0m17.387 ms - 11[0m
[0mGET / [32m200 [0m0.947 ms - 11[0m
[0mGET / [32m200 [0m16.305 ms - 11[0m
[0mGET / [32m200 [0m0.399 ms - 11[0m
[0mGET / [32m200 [0m3.375 ms - 11[0m
[0mGET / [32m200 [0m0.382 ms - 11[0m
[0mGET / [32m200 [0m15.842 ms - 11[0m
[0mGET / [32m200 [0m0.361 ms - 11[0m
[0mGET / [32m200 [0m14.974 ms - 11[0m
[0mGET / [32m200 [0m11.009 ms - 11[0m
[0mGET / [32m200 [0m17.111 ms - 11[0m
[0mGET / [32m200 [0m0.404 ms - 11[0m
[0mGET / [32m200 [0m4.540 ms - 11[0m
[0mGET / [32m200 [0m10.133 ms - 11[0m
[0mGET / [32m200 [0m7.691 ms - 11[0m
[0mGET / [32m200 [0m12.117 ms - 11[0m
[0mGET / [32m200 [0m1.682 ms - 11[0m
[0mGET / [32m200 [0m7.979 ms - 11[0m
[0mGET / [32m200 [0m1.108 ms - 11[0m
[0mGET / [32m200 [0m7.525 ms - 11[0m
[0mGET / [32m200 [0m16.398 ms - 11[0m
[0mGET / [32m200 [0m0.449 ms - 11[0m
[0mGET / [32m200 [0m13.946 ms - 11[0m
[0mGET / [32m200 [0m0.384 ms - 11[0m
[0mGET / [32m200 [0m20.969 ms - 11[0m
[0mGET / [32m200 [0m0.372 ms - 11[0m
[0mGET / [32m200 [0m10.909 ms - 11[0m
[0mGET / [32m200 [0m0.899 ms - 11[0m
[0mGET / [32m200 [0m15.693 ms - 11[0m
[0mGET / [32m200 [0m6.106 ms - 11[0m
[0mGET / [32m200 [0m8.091 ms - 11[0m
[0mGET / [32m200 [0m9.865 ms - 11[0m
[0mGET / [32m200 [0m4.019 ms - 11[0m
[0mGET / [32m200 [0m1.225 ms - 11[0m
[0mGET / [32m200 [0m12.552 ms - 11[0m
[0mGET / [32m200 [0m0.333 ms - 11[0m
[0mGET / [32m200 [0m18.317 ms - 11[0m
[0mGET / [32m200 [0m1.097 ms - 11[0m
[0mGET / [32m200 [0m11.544 ms - 11[0m
[0mGET / [32m200 [0m16.710 ms - 11[0m
[0mGET / [32m200 [0m13.231 ms - 11[0m
[0mGET / [32m200 [0m8.074 ms - 11[0m
[0mGET / [32m200 [0m1.117 ms - 11[0m
[0mGET / [32m200 [0m6.097 ms - 11[0m
[0mGET / [32m200 [0m8.432 ms - 11[0m
[0mGET / [32m200 [0m0.931 ms - 11[0m
[0mGET / [32m200 [0m2.546 ms - 11[0m
[0mGET / [32m200 [0m7.734 ms - 11[0m
[0mGET / [32m200 [0m5.256 ms - 11[0m
[0mGET / [32m200 [0m0.841 ms - 11[0m
[0mGET / [32m200 [0m2.286 ms - 11[0m
[0mGET / [32m200 [0m1.041 ms - 11[0m
[0mGET / [32m200 [0m14.022 ms - 11[0m
[0mGET / [32m200 [0m4.745 ms - 11[0m
[0mGET / [32m200 [0m11.253 ms - 11[0m
[0mGET / [32m200 [0m2.140 ms - 11[0m
[0mGET / [32m200 [0m3.420 ms - 11[0m
[0mGET / [32m200 [0m6.580 ms - 11[0m
[0mGET / [32m200 [0m1.101 ms - 11[0m
[0mGET / [32m200 [0m11.141 ms - 11[0m
[0mGET / [32m200 [0m6.166 ms - 11[0m
[0mGET / [32m200 [0m0.457 ms - 11[0m
[0mGET / [32m200 [0m14.365 ms - 11[0m
[0mGET / [32m200 [0m7.273 ms - 11[0m
[0mGET / [32m200 [0m21.414 ms - 11[0m
[0mGET / [32m200 [0m7.265 ms - 11[0m
[0mGET / [32m200 [0m13.384 ms - 11[0m
[0mGET / [32m200 [0m8.017 ms - 11[0m
[0mGET / [32m200 [0m2.146 ms - 11[0m
[0mGET / [32m200 [0m1.671 ms - 11[0m
[0mGET / [32m200 [0m1.370 ms - 11[0m
[0mGET / [32m200 [0m0.379 ms - 11[0m
[0mGET / [32m200 [0m11.025 ms - 11[0m
[0mGET / [32m200 [0m1.513 ms - 11[0m
[0mGET / [32m200 [0m5.044 ms - 11[0m
[0mGET / [32m200 [0m1.948 ms - 11[0m
[0mGET / [32m200 [0m15.661 ms - 11[0m
[0mGET / [32m200 [0m7.110 ms - 11[0m
[0mGET / [32m200 [0m1.300 ms - 11[0m
[0mGET / [32m200 [0m0.410 ms - 11[0m
[0mGET / [32m200 [0m6.038 ms - 11[0m
[0mGET / [32m200 [0m0.793 ms - 11[0m
[0mGET / [32m200 [0m19.680 ms - 11[0m
[0mGET / [32m200 [0m76.740 ms - 11[0m
[0mGET / [32m200 [0m0.919 ms - 11[0m
[0mGET / [32m200 [0m1.440 ms - 11[0m
[0mGET / [32m200 [0m11.729 ms - 11[0m
[0mGET / [32m200 [0m0.690 ms - 11[0m
[0mGET / [32m200 [0m9.501 ms - 11[0m
[0mGET / [32m200 [0m0.350 ms - 11[0m
[0mGET / [32m200 [0m1.289 ms - 11[0m
[0mGET / [32m200 [0m5.608 ms - 11[0m
[0mGET / [32m200 [0m18.929 ms - 11[0m
[0mGET / [32m200 [0m0.380 ms - 11[0m
[0mGET / [32m200 [0m0.407 ms - 11[0m
[0mGET / [32m200 [0m0.452 ms - 11[0m
[0mGET / [32m200 [0m0.475 ms - 11[0m
[0mGET / [32m200 [0m8.325 ms - 11[0m
[0mGET / [32m200 [0m1.467 ms - 11[0m
[0mGET / [32m200 [0m1.129 ms - 11[0m
[0mGET / [32m200 [0m9.282 ms - 11[0m
[0mGET / [32m200 [0m8.152 ms - 11[0m
[0mGET / [32m200 [0m9.216 ms - 11[0m
[0mGET / [32m200 [0m0.860 ms - 11[0m
[0mGET / [32m200 [0m1.336 ms - 11[0m
[0mGET / [32m200 [0m0.594 ms - 11[0m
[0mGET / [32m200 [0m21.304 ms - 11[0m
[0mGET / [32m200 [0m11.469 ms - 11[0m
[0mGET / [32m200 [0m0.672 ms - 11[0m
[0mGET / [32m200 [0m7.821 ms - 11[0m
[0mGET / [32m200 [0m0.431 ms - 11[0m
[0mGET / [32m200 [0m0.370 ms - 11[0m
[0mGET / [32m200 [0m0.632 ms - 11[0m
[0mGET / [32m200 [0m12.929 ms - 11[0m
[0mGET / [32m200 [0m0.521 ms - 11[0m
[0mGET / [32m200 [0m0.653 ms - 11[0m
[0mGET / [32m200 [0m8.935 ms - 11[0m
[0mGET / [32m200 [0m1.500 ms - 11[0m
[0mGET / [32m200 [0m1.354 ms - 11[0m
[0mGET / [32m200 [0m2.199 ms - 11[0m
[0mGET / [32m200 [0m1.625 ms - 11[0m
[0mGET / [32m200 [0m8.840 ms - 11[0m
[0mGET / [32m200 [0m9.278 ms - 11[0m
[0mGET / [32m200 [0m0.372 ms - 11[0m
[0mGET / [32m200 [0m8.632 ms - 11[0m
[0mGET / [32m200 [0m0.902 ms - 11[0m
[0mGET / [32m200 [0m1.519 ms - 11[0m
[0mGET / [32m200 [0m5.633 ms - 11[0m
[0mGET / [32m200 [0m1.551 ms - 11[0m
[0mGET / [32m200 [0m1.017 ms - 11[0m
[0mGET / [32m200 [0m0.547 ms - 11[0m
[0mGET / [32m200 [0m2.840 ms - 11[0m
[0mGET / [32m200 [0m0.475 ms - 11[0m
[0mGET / [32m200 [0m7.482 ms - 11[0m
[0mGET / [32m200 [0m0.411 ms - 11[0m
[0mGET / [32m200 [0m3.698 ms - 11[0m
[0mGET / [32m200 [0m9.337 ms - 11[0m
[0mGET / [32m200 [0m9.895 ms - 11[0m
[0mGET / [32m200 [0m1.435 ms - 11[0m
[0mGET / [32m200 [0m1.596 ms - 11[0m
[0mGET / [32m200 [0m1.633 ms - 11[0m
[0mGET / [32m200 [0m2.471 ms - 11[0m
[0mGET / [32m200 [0m0.767 ms - 11[0m
[0mGET / [32m200 [0m0.537 ms - 11[0m
[0mGET / [32m200 [0m10.654 ms - 11[0m
[0mGET / [32m200 [0m8.543 ms - 11[0m
[0mGET / [32m200 [0m1.741 ms - 11[0m
[0mGET / [32m200 [0m2.466 ms - 11[0m
[0mGET / [32m200 [0m5.260 ms - 11[0m
[0mGET / [32m200 [0m4.526 ms - 11[0m
[0mGET / [32m200 [0m0.438 ms - 11[0m
[0mGET / [32m200 [0m1.382 ms - 11[0m
[0mGET / [32m200 [0m17.807 ms - 11[0m
[0mGET / [32m200 [0m2.339 ms - 11[0m
[0mGET / [32m200 [0m0.410 ms - 11[0m
[0mGET / [32m200 [0m0.890 ms - 11[0m
[0mGET / [32m200 [0m1.174 ms - 11[0m
[0mGET / [32m200 [0m0.400 ms - 11[0m
[0mGET / [32m200 [0m1.936 ms - 11[0m
[0mGET / [32m200 [0m5.785 ms - 11[0m
[0mGET / [32m200 [0m4.914 ms - 11[0m
[0mGET / [32m200 [0m3.262 ms - 11[0m
[0mGET / [32m200 [0m8.982 ms - 11[0m
[0mGET / [32m200 [0m0.354 ms - 11[0m
[0mGET / [32m200 [0m1.513 ms - 11[0m
[0mGET / [32m200 [0m3.283 ms - 11[0m
[0mGET / [32m200 [0m0.535 ms - 11[0m
[0mGET / [32m200 [0m13.586 ms - 11[0m
[0mGET / [32m200 [0m2.826 ms - 11[0m
[0mGET / [32m200 [0m2.947 ms - 11[0m
[0mGET / [32m200 [0m0.543 ms - 11[0m
[0mGET / [32m200 [0m2.445 ms - 11[0m
[0mGET / [32m200 [0m0.357 ms - 11[0m
[0mGET / [32m200 [0m1.068 ms - 11[0m
[0mGET / [32m200 [0m0.391 ms - 11[0m
[0mGET / [32m200 [0m1.065 ms - 11[0m
[0mGET / [32m200 [0m3.746 ms - 11[0m
[0mGET / [32m200 [0m5.732 ms - 11[0m
[0mGET / [32m200 [0m6.839 ms - 11[0m
[0mGET / [32m200 [0m8.782 ms - 11[0m
[0mGET / [32m200 [0m0.360 ms - 11[0m
[0mGET / [32m200 [0m0.651 ms - 11[0m
[0mGET / [32m200 [0m13.683 ms - 11[0m
[0mGET / [32m200 [0m9.473 ms - 11[0m
[0mGET / [32m200 [0m1.299 ms - 11[0m
[0mGET / [32m200 [0m2.226 ms - 11[0m
[0mGET / [32m200 [0m3.938 ms - 11[0m
[0mGET / [32m200 [0m0.567 ms - 11[0m
[0mGET / [32m200 [0m2.124 ms - 11[0m
[0mGET / [32m200 [0m2.279 ms - 11[0m
[0mGET / [32m200 [0m1.920 ms - 11[0m
[0mGET / [32m200 [0m1.668 ms - 11[0m
[0mGET / [32m200 [0m0.357 ms - 11[0m
[0mGET / [32m200 [0m1.825 ms - 11[0m
[0mGET / [32m200 [0m5.680 ms - 11[0m
[0mGET / [32m200 [0m6.843 ms - 11[0m
[0mGET / [32m200 [0m1.959 ms - 11[0m
[0mGET / [32m200 [0m1.268 ms - 11[0m
[0mGET / [32m200 [0m1.402 ms - 11[0m
[0mGET / [32m200 [0m2.112 ms - 11[0m
[0mGET / [32m200 [0m2.677 ms - 11[0m
[0mGET / [32m200 [0m1.654 ms - 11[0m
[0mGET / [32m200 [0m0.952 ms - 11[0m
[0mGET / [32m200 [0m1.698 ms - 11[0m
[0mGET / [32m200 [0m1.809 ms - 11[0m
[0mGET / [32m200 [0m1.022 ms - 11[0m
[0mGET / [32m200 [0m8.192 ms - 11[0m
[0mGET / [32m200 [0m10.065 ms - 11[0m
[0mGET / [32m200 [0m14.345 ms - 11[0m
[0mGET / [32m200 [0m17.925 ms - 11[0m
[0mGET / [32m200 [0m8.770 ms - 11[0m
[0mGET / [32m200 [0m0.986 ms - 11[0m
[0mGET / [32m200 [0m14.023 ms - 11[0m
[0mGET / [32m200 [0m13.515 ms - 11[0m
[0mGET / [32m200 [0m0.480 ms - 11[0m
[0mGET / [32m200 [0m14.223 ms - 11[0m
[0mGET / [32m200 [0m11.469 ms - 11[0m
[0mGET / [32m200 [0m0.889 ms - 11[0m
[0mGET / [32m200 [0m13.581 ms - 11[0m
[0mGET / [32m200 [0m8.961 ms - 11[0m
[0mGET / [32m200 [0m0.655 ms - 11[0m
[0mGET / [32m200 [0m0.865 ms - 11[0m
[0mGET / [32m200 [0m0.605 ms - 11[0m
[0mGET / [32m200 [0m0.954 ms - 11[0m
[0mGET / [32m200 [0m0.465 ms - 11[0m
[0mGET / [32m200 [0m0.746 ms - 11[0m
[0mGET / [32m200 [0m2.785 ms - 11[0m
[0mGET / [32m200 [0m5.341 ms - 11[0m
[0mGET / [32m200 [0m0.658 ms - 11[0m
[0mGET / [32m200 [0m0.353 ms - 11[0m
[0mGET / [32m200 [0m1.063 ms - 11[0m
[0mGET / [32m200 [0m0.519 ms - 11[0m
[0mGET / [32m200 [0m3.973 ms - 11[0m
[0mGET / [32m200 [0m1.177 ms - 11[0m
[0mGET / [32m200 [0m2.446 ms - 11[0m
[0mGET / [32m200 [0m13.379 ms - 11[0m
[0mGET / [32m200 [0m0.515 ms - 11[0m
[0mGET / [32m200 [0m6.002 ms - 11[0m
[0mGET / [32m200 [0m11.250 ms - 11[0m
[0mGET / [32m200 [0m0.426 ms - 11[0m
[0mGET / [32m200 [0m4.052 ms - 11[0m
[0mGET / [32m200 [0m5.784 ms - 11[0m
[0mGET / [32m200 [0m1.846 ms - 11[0m
[0mGET / [32m200 [0m2.654 ms - 11[0m
[0mGET / [32m200 [0m8.533 ms - 11[0m
[0mGET / [32m200 [0m0.534 ms - 11[0m
[0mGET / [32m200 [0m3.135 ms - 11[0m
[0mGET / [32m200 [0m0.351 ms - 11[0m
[0mGET / [32m200 [0m2.681 ms - 11[0m
[0mGET / [32m200 [0m0.418 ms - 11[0m
[0mGET / [32m200 [0m2.996 ms - 11[0m
[0mGET / [32m200 [0m0.434 ms - 11[0m
[0mGET / [32m200 [0m8.895 ms - 11[0m
[0mGET / [32m200 [0m9.225 ms - 11[0m
[0mGET / [32m200 [0m0.968 ms - 11[0m
[0mGET / [32m200 [0m1.983 ms - 11[0m
[0mGET / [32m200 [0m2.868 ms - 11[0m
[0mGET / [32m200 [0m5.907 ms - 11[0m
[0mGET / [32m200 [0m1.562 ms - 11[0m
[0mGET / [32m200 [0m2.648 ms - 11[0m
[0mGET / [32m200 [0m16.610 ms - 11[0m
[0mGET / [32m200 [0m1.461 ms - 11[0m
[0mGET / [32m200 [0m2.756 ms - 11[0m
[0mGET / [32m200 [0m1.746 ms - 11[0m
[0mGET / [32m200 [0m11.549 ms - 11[0m
[0mGET / [32m200 [0m0.835 ms - 11[0m
[0mGET / [32m200 [0m13.144 ms - 11[0m
[0mGET / [32m200 [0m10.477 ms - 11[0m
[0mGET / [32m200 [0m2.991 ms - 11[0m
[0mGET / [32m200 [0m2.845 ms - 11[0m
[0mGET / [32m200 [0m4.208 ms - 11[0m
[0mGET / [32m200 [0m12.079 ms - 11[0m
[0mGET / [32m200 [0m20.525 ms - 11[0m
[0mGET / [32m200 [0m1.512 ms - 11[0m
[0mGET / [32m200 [0m0.579 ms - 11[0m
[0mGET / [32m200 [0m1.322 ms - 11[0m
[0mGET / [32m200 [0m2.818 ms - 11[0m
[0mGET / [32m200 [0m8.457 ms - 11[0m
[0mGET / [32m200 [0m1.651 ms - 11[0m
[0mGET / [32m200 [0m0.858 ms - 11[0m
[0mGET / [32m200 [0m11.077 ms - 11[0m
[0mGET / [32m200 [0m11.266 ms - 11[0m
[0mGET / [32m200 [0m8.048 ms - 11[0m
[0mGET / [32m200 [0m0.659 ms - 11[0m
[0mGET / [32m200 [0m0.485 ms - 11[0m
[0mGET / [32m200 [0m3.256 ms - 11[0m
[0mGET / [32m200 [0m2.522 ms - 11[0m
[0mGET / [32m200 [0m0.336 ms - 11[0m
[0mGET / [32m200 [0m0.408 ms - 11[0m
[0mGET / [32m200 [0m8.245 ms - 11[0m
[0mGET / [32m200 [0m1.035 ms - 11[0m
[0mGET / [32m200 [0m1.115 ms - 11[0m
[0mGET / [32m200 [0m13.839 ms - 11[0m
[0mGET / [32m200 [0m1.000 ms - 11[0m
[0mGET / [32m200 [0m6.804 ms - 11[0m
[0mGET / [32m200 [0m1.298 ms - 11[0m
[0mGET / [32m200 [0m17.865 ms - 11[0m
[0mGET / [32m200 [0m0.518 ms - 11[0m
[0mGET / [32m200 [0m1.227 ms - 11[0m
[0mGET / [32m200 [0m0.372 ms - 11[0m
[0mGET / [32m200 [0m2.838 ms - 11[0m
[0mGET / [32m200 [0m1.510 ms - 11[0m
[0mGET / [32m200 [0m1.341 ms - 11[0m
[0mGET / [32m200 [0m2.060 ms - 11[0m
[0mGET / [32m200 [0m9.173 ms - 11[0m
[0mGET / [32m200 [0m4.853 ms - 11[0m
[0mGET / [32m200 [0m1.573 ms - 11[0m
[0mGET / [32m200 [0m4.421 ms - 11[0m
[0mGET / [32m200 [0m2.768 ms - 11[0m
[0mGET / [32m200 [0m0.939 ms - 11[0m
[0mGET / [32m200 [0m0.407 ms - 11[0m
[0mGET / [32m200 [0m0.317 ms - 11[0m
[0mGET / [32m200 [0m8.591 ms - 11[0m
[0mGET / [32m200 [0m2.396 ms - 11[0m
[0mGET / [32m200 [0m1.648 ms - 11[0m
[0mGET / [32m200 [0m0.367 ms - 11[0m
[0mGET / [32m200 [0m12.095 ms - 11[0m
[0mGET / [32m200 [0m1.003 ms - 11[0m
[0mGET / [32m200 [0m1.761 ms - 11[0m
[0mGET / [32m200 [0m0.758 ms - 11[0m
[0mGET / [32m200 [0m14.069 ms - 11[0m
[0mGET / [32m200 [0m1.715 ms - 11[0m
[0mGET / [32m200 [0m18.845 ms - 11[0m
[0mGET / [32m200 [0m1.525 ms - 11[0m
[0mGET / [32m200 [0m11.740 ms - 11[0m
[0mGET / [32m200 [0m4.775 ms - 11[0m
[0mGET / [32m200 [0m4.399 ms - 11[0m
[0mGET / [32m200 [0m4.164 ms - 11[0m
[0mGET / [32m200 [0m5.280 ms - 11[0m
[0mGET / [32m200 [0m0.326 ms - 11[0m
[0mGET / [32m200 [0m18.087 ms - 11[0m
[0mGET / [32m200 [0m0.784 ms - 11[0m
[0mGET / [32m200 [0m12.660 ms - 11[0m
[0mGET / [32m200 [0m7.312 ms - 11[0m
[0mGET / [32m200 [0m0.427 ms - 11[0m
[0mGET / [32m200 [0m0.464 ms - 11[0m
[0mGET / [32m200 [0m7.950 ms - 11[0m
[0mGET / [32m200 [0m10.409 ms - 11[0m
[0mGET / [32m200 [0m1.227 ms - 11[0m
[0mGET / [32m200 [0m1.049 ms - 11[0m
[0mGET / [32m200 [0m0.400 ms - 11[0m
[0mGET / [32m200 [0m7.546 ms - 11[0m
[0mGET / [32m200 [0m19.837 ms - 11[0m
[0mGET / [32m200 [0m1.564 ms - 11[0m
[0mGET / [32m200 [0m29.764 ms - 11[0m
[0mGET / [32m200 [0m109.969 ms - 11[0m
[0mGET / [32m200 [0m0.377 ms - 11[0m
[0mGET / [32m200 [0m0.375 ms - 11[0m
[0mGET / [32m200 [0m8.464 ms - 11[0m
[0mGET / [32m200 [0m1.004 ms - 11[0m
[0mGET / [32m200 [0m0.451 ms - 11[0m
[0mGET / [32m200 [0m0.940 ms - 11[0m
[0mGET / [32m200 [0m0.384 ms - 11[0m
[0mGET / [32m200 [0m2.666 ms - 11[0m
[0mGET / [32m200 [0m10.909 ms - 11[0m
[0mGET / [32m200 [0m0.763 ms - 11[0m
[0mGET / [32m200 [0m10.486 ms - 11[0m
[0mGET / [32m200 [0m0.964 ms - 11[0m
[0mGET / [32m200 [0m0.466 ms - 11[0m
[0mGET / [32m200 [0m0.369 ms - 11[0m
[0mGET / [32m200 [0m2.898 ms - 11[0m
[0mGET / [32m200 [0m2.843 ms - 11[0m
[0mGET / [32m200 [0m2.770 ms - 11[0m
[0mGET / [32m200 [0m2.138 ms - 11[0m
[0mGET / [32m200 [0m14.328 ms - 11[0m
[0mGET / [32m200 [0m0.976 ms - 11[0m
[0mGET / [32m200 [0m2.942 ms - 11[0m
[0mGET / [32m200 [0m4.950 ms - 11[0m
[0mGET / [32m200 [0m14.368 ms - 11[0m
[0mGET / [32m200 [0m5.706 ms - 11[0m
[0mGET / [32m200 [0m2.141 ms - 11[0m
[0mGET / [32m200 [0m2.012 ms - 11[0m
[0mGET / [32m200 [0m12.408 ms - 11[0m
[0mGET / [32m200 [0m12.609 ms - 11[0m
[0mGET / [32m200 [0m0.552 ms - 11[0m
[0mGET / [32m200 [0m0.478 ms - 11[0m
[0mGET / [32m200 [0m6.639 ms - 11[0m
[0mGET / [32m200 [0m0.334 ms - 11[0m
[0mGET / [32m200 [0m0.366 ms - 11[0m
[0mGET / [32m200 [0m0.993 ms - 11[0m
[0mGET / [32m200 [0m7.731 ms - 11[0m
[0mGET / [32m200 [0m7.942 ms - 11[0m
[0mGET / [32m200 [0m2.051 ms - 11[0m
[0mGET / [32m200 [0m1.922 ms - 11[0m
[0mGET / [32m200 [0m9.678 ms - 11[0m
[0mGET / [32m200 [0m9.693 ms - 11[0m
[0mGET / [32m200 [0m0.716 ms - 11[0m
[0mGET / [32m200 [0m1.124 ms - 11[0m
[0mGET / [32m200 [0m8.874 ms - 11[0m
[0mGET / [32m200 [0m1.120 ms - 11[0m
[0mGET / [32m200 [0m4.359 ms - 11[0m
[0mGET / [32m200 [0m2.721 ms - 11[0m
[0mGET / [32m200 [0m9.245 ms - 11[0m
[0mGET / [32m200 [0m9.011 ms - 11[0m
[0mGET / [32m200 [0m7.837 ms - 11[0m
[0mGET / [32m200 [0m2.359 ms - 11[0m
[0mGET / [32m200 [0m9.708 ms - 11[0m
[0mGET / [32m200 [0m0.854 ms - 11[0m
[0mGET / [32m200 [0m4.281 ms - 11[0m
[0mGET / [32m200 [0m2.596 ms - 11[0m
[0mGET / [32m200 [0m8.845 ms - 11[0m
[0mGET / [32m200 [0m6.527 ms - 11[0m
[0mGET / [32m200 [0m3.273 ms - 11[0m
[0mGET / [32m200 [0m1.017 ms - 11[0m
[0mGET / [32m200 [0m1.509 ms - 11[0m
[0mGET / [32m200 [0m3.675 ms - 11[0m
[0mGET / [32m200 [0m3.192 ms - 11[0m
[0mGET / [32m200 [0m11.636 ms - 11[0m
[0mGET / [32m200 [0m15.077 ms - 11[0m
[0mGET / [32m200 [0m4.810 ms - 11[0m
[0mGET / [32m200 [0m3.142 ms - 11[0m
[0mGET / [32m200 [0m2.048 ms - 11[0m
[0mGET / [32m200 [0m3.572 ms - 11[0m
[0mGET / [32m200 [0m2.088 ms - 11[0m
[0mGET / [32m200 [0m16.052 ms - 11[0m
[0mGET / [32m200 [0m1.939 ms - 11[0m
[0mGET / [32m200 [0m7.763 ms - 11[0m
[0mGET / [32m200 [0m6.675 ms - 11[0m
[0mGET / [32m200 [0m4.443 ms - 11[0m
[0mGET / [32m200 [0m3.705 ms - 11[0m
[0mGET / [32m200 [0m12.379 ms - 11[0m
[0mGET / [32m200 [0m0.922 ms - 11[0m
[0mGET / [32m200 [0m1.444 ms - 11[0m
[0mGET / [32m200 [0m0.414 ms - 11[0m
[0mGET / [32m200 [0m1.122 ms - 11[0m
[0mGET / [32m200 [0m5.549 ms - 11[0m
[0mGET / [32m200 [0m2.208 ms - 11[0m
[0mGET / [32m200 [0m2.106 ms - 11[0m
[0mGET / [32m200 [0m1.206 ms - 11[0m
[0mGET / [32m200 [0m2.181 ms - 11[0m
[0mGET / [32m200 [0m2.298 ms - 11[0m
[0mGET / [32m200 [0m0.320 ms - 11[0m
[0mGET / [32m200 [0m1.265 ms - 11[0m
[0mGET / [32m200 [0m1.412 ms - 11[0m
[0mGET / [32m200 [0m10.486 ms - 11[0m
[0mGET / [32m200 [0m0.331 ms - 11[0m
[0mGET / [32m200 [0m17.465 ms - 11[0m
[0mGET / [32m200 [0m11.870 ms - 11[0m
[0mGET / [32m200 [0m8.970 ms - 11[0m
[0mGET / [32m200 [0m0.275 ms - 11[0m
[0mGET / [32m200 [0m4.228 ms - 11[0m
[0mGET / [32m200 [0m0.823 ms - 11[0m
[0mGET / [32m200 [0m0.470 ms - 11[0m
[0mGET / [32m200 [0m3.750 ms - 11[0m
[0mGET / [32m200 [0m7.964 ms - 11[0m
[0mGET / [32m200 [0m1.555 ms - 11[0m
[0mGET / [32m200 [0m6.347 ms - 11[0m
[0mGET / [32m200 [0m0.928 ms - 11[0m
[0mGET / [32m200 [0m11.227 ms - 11[0m
[0mGET / [32m200 [0m0.934 ms - 11[0m
[0mGET / [32m200 [0m8.905 ms - 11[0m
[0mGET / [32m200 [0m0.526 ms - 11[0m
[0mGET / [32m200 [0m2.029 ms - 11[0m
[0mGET / [32m200 [0m5.064 ms - 11[0m
[0mGET / [32m200 [0m5.324 ms - 11[0m
[0mGET / [32m200 [0m0.344 ms - 11[0m
[0mGET / [32m200 [0m11.087 ms - 11[0m
[0mGET / [32m200 [0m1.000 ms - 11[0m
[0mGET / [32m200 [0m11.314 ms - 11[0m
[0mGET / [32m200 [0m0.880 ms - 11[0m
[0mGET / [32m200 [0m5.443 ms - 11[0m
[0mGET / [32m200 [0m0.399 ms - 11[0m
[0mGET / [32m200 [0m1.684 ms - 11[0m
[0mGET / [32m200 [0m3.766 ms - 11[0m
[0mGET / [32m200 [0m17.754 ms - 11[0m
[0mGET / [32m200 [0m17.879 ms - 11[0m
[0mGET / [32m200 [0m1.412 ms - 11[0m
[0mGET / [32m200 [0m0.558 ms - 11[0m
[0mGET / [32m200 [0m14.995 ms - 11[0m
[0mGET / [32m200 [0m1.037 ms - 11[0m
[0mGET / [32m200 [0m0.424 ms - 11[0m
[0mGET / [32m200 [0m0.359 ms - 11[0m
[0mGET / [32m200 [0m6.956 ms - 11[0m
[0mGET / [32m200 [0m0.878 ms - 11[0m
[0mGET / [32m200 [0m3.686 ms - 11[0m
[0mGET / [32m200 [0m4.595 ms - 11[0m
[0mGET / [32m200 [0m26.988 ms - 11[0m
[0mGET / [32m200 [0m3.840 ms - 11[0m
[0mGET / [32m200 [0m0.867 ms - 11[0m
[0mGET / [32m200 [0m0.658 ms - 11[0m
[0mGET / [32m200 [0m11.445 ms - 11[0m
[0mGET / [32m200 [0m0.888 ms - 11[0m
[0mGET / [32m200 [0m2.482 ms - 11[0m
[0mGET / [32m200 [0m4.248 ms - 11[0m
[0mGET / [32m200 [0m2.851 ms - 11[0m
[0mGET / [32m200 [0m1.944 ms - 11[0m
[0mGET / [32m200 [0m2.529 ms - 11[0m
[0mGET / [32m200 [0m8.070 ms - 11[0m
[0mGET / [32m200 [0m20.547 ms - 11[0m
[0mGET / [32m200 [0m0.845 ms - 11[0m
[0mGET / [32m200 [0m3.171 ms - 11[0m
[0mGET / [32m200 [0m4.017 ms - 11[0m
[0mGET / [32m200 [0m5.251 ms - 11[0m
[0mGET / [32m200 [0m1.939 ms - 11[0m
[0mGET / [32m200 [0m3.829 ms - 11[0m
[0mGET / [32m200 [0m7.010 ms - 11[0m
[0mGET / [32m200 [0m10.974 ms - 11[0m
[0mGET / [32m200 [0m11.323 ms - 11[0m
[0mGET / [32m200 [0m5.705 ms - 11[0m
[0mGET / [32m200 [0m0.961 ms - 11[0m
[0mGET / [32m200 [0m0.385 ms - 11[0m
[0mGET / [32m200 [0m1.640 ms - 11[0m
[0mGET / [32m200 [0m5.951 ms - 11[0m
[0mGET / [32m200 [0m1.294 ms - 11[0m
[0mGET / [32m200 [0m14.081 ms - 11[0m
[0mGET / [32m200 [0m0.882 ms - 11[0m
[0mGET / [32m200 [0m13.344 ms - 11[0m
[0mGET / [32m200 [0m0.523 ms - 11[0m
[0mGET / [32m200 [0m12.946 ms - 11[0m
[0mGET / [32m200 [0m7.476 ms - 11[0m
[0mGET / [32m200 [0m1.382 ms - 11[0m
[0mGET / [32m200 [0m0.477 ms - 11[0m
[0mGET / [32m200 [0m8.211 ms - 11[0m
[0mGET / [32m200 [0m9.998 ms - 11[0m
[0mGET / [32m200 [0m5.331 ms - 11[0m
[0mGET / [32m200 [0m5.727 ms - 11[0m
[0mGET / [32m200 [0m8.516 ms - 11[0m
[0mGET / [32m200 [0m0.886 ms - 11[0m
[0mGET / [32m200 [0m13.015 ms - 11[0m
[0mGET / [32m200 [0m0.323 ms - 11[0m
[0mGET / [32m200 [0m10.765 ms - 11[0m
[0mGET / [32m200 [0m0.824 ms - 11[0m
[0mGET / [32m200 [0m2.261 ms - 11[0m
[0mGET / [32m200 [0m7.534 ms - 11[0m
[0mGET / [32m200 [0m18.788 ms - 11[0m
[0mGET / [32m200 [0m0.613 ms - 11[0m
[0mGET / [32m200 [0m14.445 ms - 11[0m
[0mGET / [32m200 [0m0.961 ms - 11[0m
[0mGET / [32m200 [0m2.853 ms - 11[0m
[0mGET / [32m200 [0m5.645 ms - 11[0m
[0mGET / [32m200 [0m0.551 ms - 11[0m
[0mGET / [32m200 [0m13.588 ms - 11[0m
[0mGET / [32m200 [0m9.084 ms - 11[0m
[0mGET / [32m200 [0m9.399 ms - 11[0m
[0mGET / [32m200 [0m1.270 ms - 11[0m
[0mGET / [32m200 [0m0.558 ms - 11[0m
[0mGET / [32m200 [0m9.480 ms - 11[0m
[0mGET / [32m200 [0m9.822 ms - 11[0m
[0mGET / [32m200 [0m3.845 ms - 11[0m
[0mGET / [32m200 [0m1.838 ms - 11[0m
[0mGET / [32m200 [0m8.033 ms - 11[0m
[0mGET / [32m200 [0m10.837 ms - 11[0m
[0mGET / [32m200 [0m10.910 ms - 11[0m
[0mGET / [32m200 [0m10.027 ms - 11[0m
[0mGET / [32m200 [0m0.458 ms - 11[0m
[0mGET / [32m200 [0m0.399 ms - 11[0m
[0mGET / [32m200 [0m12.751 ms - 11[0m
[0mGET / [32m200 [0m0.313 ms - 11[0m
[0mGET / [32m200 [0m1.890 ms - 11[0m
[0mGET / [32m200 [0m10.844 ms - 11[0m
[0mGET / [32m200 [0m2.420 ms - 11[0m
[0mGET / [32m200 [0m1.331 ms - 11[0m
[0mGET / [32m200 [0m0.619 ms - 11[0m
[0mGET / [32m200 [0m0.375 ms - 11[0m
[0mGET / [32m200 [0m11.786 ms - 11[0m
[0mGET / [32m200 [0m0.828 ms - 11[0m
[0mGET / [32m200 [0m0.360 ms - 11[0m
[0mGET / [32m200 [0m0.383 ms - 11[0m
[0mGET / [32m200 [0m14.160 ms - 11[0m
[0mGET / [32m200 [0m0.806 ms - 11[0m
[0mGET / [32m200 [0m0.547 ms - 11[0m
[0mGET / [32m200 [0m0.354 ms - 11[0m
[0mGET / [32m200 [0m2.860 ms - 11[0m
[0mGET / [32m200 [0m3.004 ms - 11[0m
[0mGET / [32m200 [0m6.032 ms - 11[0m
[0mGET / [32m200 [0m5.795 ms - 11[0m
[0mGET / [32m200 [0m2.355 ms - 11[0m
[0mGET / [32m200 [0m1.850 ms - 11[0m
[0mGET / [32m200 [0m1.505 ms - 11[0m
[0mGET / [32m200 [0m1.758 ms - 11[0m
[0mGET / [32m200 [0m4.389 ms - 11[0m
[0mGET / [32m200 [0m3.494 ms - 11[0m
[0mGET / [32m200 [0m14.333 ms - 11[0m
[0mGET / [32m200 [0m0.608 ms - 11[0m
[0mGET / [32m200 [0m0.959 ms - 11[0m
[0mGET / [32m200 [0m0.368 ms - 11[0m
[0mGET / [32m200 [0m14.034 ms - 11[0m
[0mGET / [32m200 [0m3.313 ms - 11[0m
[0mGET / [32m200 [0m13.640 ms - 11[0m
[0mGET / [32m200 [0m8.724 ms - 11[0m
[0mGET / [32m200 [0m6.511 ms - 11[0m
[0mGET / [32m200 [0m0.896 ms - 11[0m
[0mGET / [32m200 [0m0.506 ms - 11[0m
[0mGET / [32m200 [0m0.273 ms - 11[0m
[0mGET / [32m200 [0m8.454 ms - 11[0m
[0mGET / [32m200 [0m0.774 ms - 11[0m
[0mGET / [32m200 [0m2.338 ms - 11[0m
[0mGET / [32m200 [0m8.907 ms - 11[0m
[0mGET / [32m200 [0m11.985 ms - 11[0m
[0mGET / [32m200 [0m5.887 ms - 11[0m
[0mGET / [32m200 [0m0.430 ms - 11[0m
[0mGET / [32m200 [0m2.433 ms - 11[0m
[0mGET / [32m200 [0m9.547 ms - 11[0m
[0mGET / [32m200 [0m4.988 ms - 11[0m
[0mGET / [32m200 [0m2.513 ms - 11[0m
[0mGET / [32m200 [0m4.948 ms - 11[0m
[0mGET / [32m200 [0m12.352 ms - 11[0m
[0mGET / [32m200 [0m4.106 ms - 11[0m
[0mGET / [32m200 [0m3.273 ms - 11[0m
[0mGET / [32m200 [0m0.375 ms - 11[0m
[0mGET / [32m200 [0m4.646 ms - 11[0m
[0mGET / [32m200 [0m6.401 ms - 11[0m
[0mGET / [32m200 [0m1.507 ms - 11[0m
[0mGET / [32m200 [0m0.323 ms - 11[0m
[0mGET / [32m200 [0m13.508 ms - 11[0m
[0mGET / [32m200 [0m5.514 ms - 11[0m
[0mGET / [32m200 [0m2.513 ms - 11[0m
[0mGET / [32m200 [0m0.382 ms - 11[0m
[0mGET / [32m200 [0m9.002 ms - 11[0m
[0mGET / [32m200 [0m0.746 ms - 11[0m
[0mGET / [32m200 [0m8.824 ms - 11[0m
[0mGET / [32m200 [0m9.282 ms - 11[0m
[0mGET / [32m200 [0m9.834 ms - 11[0m
[0mGET / [32m200 [0m0.751 ms - 11[0m
[0mGET / [32m200 [0m7.188 ms - 11[0m
[0mGET / [32m200 [0m0.439 ms - 11[0m
[0mGET / [32m200 [0m12.257 ms - 11[0m
[0mGET / [32m200 [0m6.195 ms - 11[0m
[0mGET / [32m200 [0m14.447 ms - 11[0m
[0mGET / [32m200 [0m6.865 ms - 11[0m
[0mGET / [32m200 [0m14.642 ms - 11[0m
[0mGET / [32m200 [0m7.201 ms - 11[0m
[0mGET / [32m200 [0m2.320 ms - 11[0m
[0mGET / [32m200 [0m0.446 ms - 11[0m
[0mGET / [32m200 [0m5.776 ms - 11[0m
[0mGET / [32m200 [0m5.923 ms - 11[0m
[0mGET / [32m200 [0m12.197 ms - 11[0m
[0mGET / [32m200 [0m0.403 ms - 11[0m
[0mGET / [32m200 [0m8.200 ms - 11[0m
[0mGET / [32m200 [0m0.825 ms - 11[0m
[0mGET / [32m200 [0m9.356 ms - 11[0m
[0mGET / [32m200 [0m0.295 ms - 11[0m
[0mGET / [32m200 [0m1.395 ms - 11[0m
[0mGET / [32m200 [0m1.659 ms - 11[0m
[0mGET / [32m200 [0m1.412 ms - 11[0m
[0mGET / [32m200 [0m6.831 ms - 11[0m
[0mGET / [32m200 [0m11.256 ms - 11[0m
[0mGET / [32m200 [0m6.282 ms - 11[0m
[0mGET / [32m200 [0m12.863 ms - 11[0m
[0mGET / [32m200 [0m4.899 ms - 11[0m
[0mGET / [32m200 [0m2.531 ms - 11[0m
[0mGET / [32m200 [0m5.098 ms - 11[0m
[0mGET / [32m200 [0m0.377 ms - 11[0m
[0mGET / [32m200 [0m0.374 ms - 11[0m
[0mGET / [32m200 [0m14.027 ms - 11[0m
[0mGET / [32m200 [0m8.372 ms - 11[0m
[0mGET / [32m200 [0m0.352 ms - 11[0m
[0mGET / [32m200 [0m2.352 ms - 11[0m
[0mGET / [32m200 [0m12.867 ms - 11[0m
[0mGET / [32m200 [0m4.781 ms - 11[0m
[0mGET / [32m200 [0m12.660 ms - 11[0m
[0mGET / [32m200 [0m7.185 ms - 11[0m
[0mGET / [32m200 [0m6.342 ms - 11[0m
[0mGET / [32m200 [0m6.132 ms - 11[0m
[0mGET / [32m200 [0m2.730 ms - 11[0m
[0mGET / [32m200 [0m2.948 ms - 11[0m
[0mGET / [32m200 [0m15.581 ms - 11[0m
[0mGET / [32m200 [0m6.016 ms - 11[0m
[0mGET / [32m200 [0m1.617 ms - 11[0m
[0mGET / [32m200 [0m0.330 ms - 11[0m
[0mGET / [32m200 [0m14.259 ms - 11[0m
[0mGET / [32m200 [0m6.742 ms - 11[0m
[0mGET / [32m200 [0m0.999 ms - 11[0m
[0mGET / [32m200 [0m0.973 ms - 11[0m
[0mGET / [32m200 [0m4.998 ms - 11[0m
[0mGET / [32m200 [0m7.356 ms - 11[0m
[0mGET / [32m200 [0m0.869 ms - 11[0m
[0mGET / [32m200 [0m0.343 ms - 11[0m
[0mGET / [32m200 [0m12.241 ms - 11[0m
[0mGET / [32m200 [0m5.266 ms - 11[0m
[0mGET / [32m200 [0m7.932 ms - 11[0m
[0mGET / [32m200 [0m0.435 ms - 11[0m
[0mGET / [32m200 [0m15.405 ms - 11[0m
[0mGET / [32m200 [0m9.009 ms - 11[0m
[0mGET / [32m200 [0m1.272 ms - 11[0m
[0mGET / [32m200 [0m1.937 ms - 11[0m
[0mGET / [32m200 [0m0.347 ms - 11[0m
[0mGET / [32m200 [0m0.320 ms - 11[0m
[0mGET / [32m200 [0m21.299 ms - 11[0m
[0mGET / [32m200 [0m0.341 ms - 11[0m
[0mGET / [32m200 [0m4.526 ms - 11[0m
[0mGET / [32m200 [0m0.689 ms - 11[0m
[0mGET / [32m200 [0m0.476 ms - 11[0m
[0mGET / [32m200 [0m0.334 ms - 11[0m
[0mGET / [32m200 [0m0.365 ms - 11[0m
[0mGET / [32m200 [0m0.486 ms - 11[0m
[0mGET / [32m200 [0m11.131 ms - 11[0m
[0mGET / [32m200 [0m0.406 ms - 11[0m
[0mGET / [32m200 [0m5.939 ms - 11[0m
[0mGET / [32m200 [0m6.176 ms - 11[0m
[0mGET / [32m200 [0m0.554 ms - 11[0m
[0mGET / [32m200 [0m0.370 ms - 11[0m
[0mGET / [32m200 [0m2.436 ms - 11[0m
[0mGET / [32m200 [0m1.141 ms - 11[0m
[0mGET / [32m200 [0m10.554 ms - 11[0m
[0mGET / [32m200 [0m0.864 ms - 11[0m
[0mGET / [32m200 [0m9.300 ms - 11[0m
[0mGET / [32m200 [0m0.759 ms - 11[0m
[0mGET / [32m200 [0m0.384 ms - 11[0m
[0mGET / [32m200 [0m2.084 ms - 11[0m
[0mGET / [32m200 [0m5.971 ms - 11[0m
[0mGET / [32m200 [0m0.401 ms - 11[0m
[0mGET / [32m200 [0m18.711 ms - 11[0m
[0mGET / [32m200 [0m13.762 ms - 11[0m
[0mGET / [32m200 [0m0.955 ms - 11[0m
[0mGET / [32m200 [0m2.052 ms - 11[0m
[0mGET / [32m200 [0m6.620 ms - 11[0m
[0mGET / [32m200 [0m0.333 ms - 11[0m
[0mGET / [32m200 [0m0.348 ms - 11[0m
[0mGET / [32m200 [0m0.530 ms - 11[0m
[0mGET / [32m200 [0m8.134 ms - 11[0m
[0mGET / [32m200 [0m0.292 ms - 11[0m
[0mGET / [32m200 [0m9.839 ms - 11[0m
[0mGET / [32m200 [0m3.555 ms - 11[0m
[0mGET / [32m200 [0m1.955 ms - 11[0m
[0mGET / [32m200 [0m3.900 ms - 11[0m
[0mGET / [32m200 [0m11.782 ms - 11[0m
[0mGET / [32m200 [0m5.524 ms - 11[0m
[0mGET / [32m200 [0m0.445 ms - 11[0m
[0mGET / [32m200 [0m0.341 ms - 11[0m
[0mGET / [32m200 [0m11.899 ms - 11[0m
[0mGET / [32m200 [0m0.391 ms - 11[0m
[0mGET / [32m200 [0m2.473 ms - 11[0m
[0mGET / [32m200 [0m1.117 ms - 11[0m
[0mGET / [32m200 [0m16.043 ms - 11[0m
[0mGET / [32m200 [0m4.750 ms - 11[0m
[0mGET / [32m200 [0m2.128 ms - 11[0m
[0mGET / [32m200 [0m1.483 ms - 11[0m
[0mGET / [32m200 [0m10.651 ms - 11[0m
[0mGET / [32m200 [0m0.860 ms - 11[0m
[0mGET / [32m200 [0m1.077 ms - 11[0m
[0mGET / [32m200 [0m0.458 ms - 11[0m
[0mGET / [32m200 [0m9.622 ms - 11[0m
[0mGET / [32m200 [0m1.146 ms - 11[0m
[0mGET / [32m200 [0m2.216 ms - 11[0m
[0mGET / [32m200 [0m6.677 ms - 11[0m
[0mGET / [32m200 [0m13.979 ms - 11[0m
[0mGET / [32m200 [0m6.725 ms - 11[0m
[0mGET / [32m200 [0m2.517 ms - 11[0m
[0mGET / [32m200 [0m1.443 ms - 11[0m
[0mGET / [32m200 [0m2.316 ms - 11[0m
[0mGET / [32m200 [0m4.203 ms - 11[0m
[0mGET / [32m200 [0m0.395 ms - 11[0m
[0mGET / [32m200 [0m0.343 ms - 11[0m
[0mGET / [32m200 [0m14.633 ms - 11[0m
[0mGET / [32m200 [0m0.302 ms - 11[0m
[0mGET / [32m200 [0m2.276 ms - 11[0m
[0mGET / [32m200 [0m5.787 ms - 11[0m
[0mGET / [32m200 [0m6.916 ms - 11[0m
[0mGET / [32m200 [0m9.887 ms - 11[0m
[0mGET / [32m200 [0m0.669 ms - 11[0m
[0mGET / [32m200 [0m0.351 ms - 11[0m
[0mGET / [32m200 [0m2.716 ms - 11[0m
[0mGET / [32m200 [0m4.265 ms - 11[0m
[0mGET / [32m200 [0m2.098 ms - 11[0m
[0mGET / [32m200 [0m0.828 ms - 11[0m
[0mGET / [32m200 [0m11.765 ms - 11[0m
[0mGET / [32m200 [0m0.850 ms - 11[0m
[0mGET / [32m200 [0m9.115 ms - 11[0m
[0mGET / [32m200 [0m0.873 ms - 11[0m
[0mGET / [32m200 [0m5.899 ms - 11[0m
[0mGET / [32m200 [0m5.083 ms - 11[0m
[0mGET / [32m200 [0m8.205 ms - 11[0m
[0mGET / [32m200 [0m10.319 ms - 11[0m
[0mGET / [32m200 [0m9.836 ms - 11[0m
[0mGET / [32m200 [0m1.124 ms - 11[0m
[0mGET / [32m200 [0m1.803 ms - 11[0m
[0mGET / [32m200 [0m8.782 ms - 11[0m
[0mGET / [32m200 [0m4.787 ms - 11[0m
[0mGET / [32m200 [0m1.436 ms - 11[0m
[0mGET / [32m200 [0m0.383 ms - 11[0m
[0mGET / [32m200 [0m3.722 ms - 11[0m
[0mGET / [32m200 [0m6.102 ms - 11[0m
[0mGET / [32m200 [0m0.895 ms - 11[0m
[0mGET / [32m200 [0m13.110 ms - 11[0m
[0mGET / [32m200 [0m7.092 ms - 11[0m
[0mGET / [32m200 [0m22.286 ms - 11[0m
[0mGET / [32m200 [0m0.665 ms - 11[0m
[0mGET / [32m200 [0m12.190 ms - 11[0m
[0mGET / [32m200 [0m10.988 ms - 11[0m
[0mGET / [32m200 [0m4.728 ms - 11[0m
[0mGET / [32m200 [0m14.183 ms - 11[0m
[0mGET / [32m200 [0m2.650 ms - 11[0m
[0mGET / [32m200 [0m0.468 ms - 11[0m
[0mGET / [32m200 [0m0.656 ms - 11[0m
[0mGET / [32m200 [0m7.094 ms - 11[0m
[0mGET / [32m200 [0m13.144 ms - 11[0m
[0mGET / [32m200 [0m1.784 ms - 11[0m
[0mGET / [32m200 [0m12.745 ms - 11[0m
[0mGET / [32m200 [0m1.273 ms - 11[0m
[0mGET / [32m200 [0m13.217 ms - 11[0m
[0mGET / [32m200 [0m4.084 ms - 11[0m
[0mGET / [32m200 [0m18.103 ms - 11[0m
[0mGET / [32m200 [0m11.238 ms - 11[0m
[0mGET / [32m200 [0m7.660 ms - 11[0m
[0mGET / [32m200 [0m8.769 ms - 11[0m
[0mGET / [32m200 [0m1.589 ms - 11[0m
[0mGET / [32m200 [0m1.581 ms - 11[0m
[0mGET / [32m200 [0m6.367 ms - 11[0m
[0mGET / [32m200 [0m4.216 ms - 11[0m
[0mGET / [32m200 [0m9.102 ms - 11[0m
[0mGET / [32m200 [0m10.318 ms - 11[0m
[0mGET / [32m200 [0m9.310 ms - 11[0m
[0mGET / [32m200 [0m9.632 ms - 11[0m
[0mGET / [32m200 [0m12.667 ms - 11[0m
[0mGET / [32m200 [0m0.346 ms - 11[0m
[0mGET / [32m200 [0m0.670 ms - 11[0m
[0mGET / [32m200 [0m1.653 ms - 11[0m
[0mGET / [32m200 [0m6.587 ms - 11[0m
[0mGET / [32m200 [0m9.153 ms - 11[0m
[0mGET / [32m200 [0m7.601 ms - 11[0m
[0mGET / [32m200 [0m7.586 ms - 11[0m
[0mGET / [32m200 [0m24.674 ms - 11[0m
[0mGET / [32m200 [0m16.090 ms - 11[0m
[0mGET / [32m200 [0m1.145 ms - 11[0m
[0mGET / [32m200 [0m4.700 ms - 11[0m
[0mGET / [32m200 [0m10.086 ms - 11[0m
[0mGET / [32m200 [0m13.470 ms - 11[0m
[0mGET / [32m200 [0m10.627 ms - 11[0m
[0mGET / [32m200 [0m10.832 ms - 11[0m
[0mGET / [32m200 [0m0.362 ms - 11[0m
[0mGET / [32m200 [0m0.557 ms - 11[0m
[0mGET / [32m200 [0m13.993 ms - 11[0m
[0mGET / [32m200 [0m7.994 ms - 11[0m
[0mGET / [32m200 [0m5.545 ms - 11[0m
[0mGET / [32m200 [0m3.155 ms - 11[0m
[0mGET / [32m200 [0m7.250 ms - 11[0m
[0mGET / [32m200 [0m0.825 ms - 11[0m
[0mGET / [32m200 [0m10.293 ms - 11[0m
[0mGET / [32m200 [0m0.813 ms - 11[0m
[0mGET / [32m200 [0m0.634 ms - 11[0m
[0mGET / [32m200 [0m0.430 ms - 11[0m
[0mGET / [32m200 [0m9.661 ms - 11[0m
[0mGET / [32m200 [0m0.323 ms - 11[0m
[0mGET / [32m200 [0m3.649 ms - 11[0m
[0mGET / [32m200 [0m12.955 ms - 11[0m
[0mGET / [32m200 [0m6.750 ms - 11[0m
[0mGET / [32m200 [0m5.626 ms - 11[0m
[0mGET / [32m200 [0m9.694 ms - 11[0m
[0mGET / [32m200 [0m0.424 ms - 11[0m
[0mGET / [32m200 [0m11.430 ms - 11[0m
[0mGET / [32m200 [0m0.937 ms - 11[0m
[0mGET / [32m200 [0m16.858 ms - 11[0m
[0mGET / [32m200 [0m3.815 ms - 11[0m
[0mGET / [32m200 [0m6.421 ms - 11[0m
[0mGET / [32m200 [0m0.472 ms - 11[0m
[0mGET / [32m200 [0m1.518 ms - 11[0m
[0mGET / [32m200 [0m0.369 ms - 11[0m
[0mGET / [32m200 [0m11.648 ms - 11[0m
[0mGET / [32m200 [0m8.609 ms - 11[0m
[0mGET / [32m200 [0m2.421 ms - 11[0m
[0mGET / [32m200 [0m2.476 ms - 11[0m
[0mGET / [32m200 [0m8.932 ms - 11[0m
[0mGET / [32m200 [0m9.649 ms - 11[0m
[0mGET / [32m200 [0m0.858 ms - 11[0m
[0mGET / [32m200 [0m0.466 ms - 11[0m
[0mGET / [32m200 [0m12.927 ms - 11[0m
[0mGET / [32m200 [0m8.171 ms - 11[0m
[0mGET / [32m200 [0m6.293 ms - 11[0m
[0mGET / [32m200 [0m0.424 ms - 11[0m
[0mGET / [32m200 [0m4.645 ms - 11[0m
[0mGET / [32m200 [0m1.043 ms - 11[0m
[0mGET / [32m200 [0m0.381 ms - 11[0m
[0mGET / [32m200 [0m1.084 ms - 11[0m
[0mGET / [32m200 [0m9.099 ms - 11[0m
[0mGET / [32m200 [0m11.426 ms - 11[0m
[0mGET / [32m200 [0m7.533 ms - 11[0m
[0mGET / [32m200 [0m0.971 ms - 11[0m
[0mGET / [32m200 [0m2.578 ms - 11[0m
[0mGET / [32m200 [0m5.707 ms - 11[0m
[0mGET / [32m200 [0m2.200 ms - 11[0m
[0mGET / [32m200 [0m0.469 ms - 11[0m
[0mGET / [32m200 [0m15.609 ms - 11[0m
[0mGET / [32m200 [0m8.555 ms - 11[0m
[0mGET / [32m200 [0m2.386 ms - 11[0m
[0mGET / [32m200 [0m0.810 ms - 11[0m
[0mGET / [32m200 [0m7.113 ms - 11[0m
[0mGET / [32m200 [0m1.002 ms - 11[0m
[0mGET / [32m200 [0m1.425 ms - 11[0m
[0mGET / [32m200 [0m2.881 ms - 11[0m
[0mGET / [32m200 [0m10.194 ms - 11[0m
[0mGET / [32m200 [0m1.242 ms - 11[0m
[0mGET / [32m200 [0m14.552 ms - 11[0m
[0mGET / [32m200 [0m0.289 ms - 11[0m
[0mGET / [32m200 [0m5.721 ms - 11[0m
[0mGET / [32m200 [0m0.375 ms - 11[0m
[0mGET / [32m200 [0m2.753 ms - 11[0m
[0mGET / [32m200 [0m1.452 ms - 11[0m
[0mGET / [32m200 [0m2.691 ms - 11[0m
[0mGET / [32m200 [0m6.608 ms - 11[0m
[0mGET / [32m200 [0m16.869 ms - 11[0m
[0mGET / [32m200 [0m0.651 ms - 11[0m
[0mGET / [32m200 [0m14.682 ms - 11[0m
[0mGET / [32m200 [0m3.592 ms - 11[0m
[0mGET / [32m200 [0m6.836 ms - 11[0m
[0mGET / [32m200 [0m1.505 ms - 11[0m
[0mGET / [32m200 [0m19.512 ms - 11[0m
[0mGET / [32m200 [0m13.080 ms - 11[0m
[0mGET / [32m200 [0m0.366 ms - 11[0m
[0mGET / [32m200 [0m2.512 ms - 11[0m
[0mGET / [32m200 [0m1.577 ms - 11[0m
[0mGET / [32m200 [0m2.081 ms - 11[0m
[0mGET / [32m200 [0m12.659 ms - 11[0m
[0mGET / [32m200 [0m5.920 ms - 11[0m
[0mGET / [32m200 [0m14.849 ms - 11[0m
[0mGET / [32m200 [0m9.458 ms - 11[0m
[0mGET / [32m200 [0m2.569 ms - 11[0m
[0mGET / [32m200 [0m4.681 ms - 11[0m
[0mGET / [32m200 [0m2.540 ms - 11[0m
[0mGET / [32m200 [0m8.081 ms - 11[0m
[0mGET / [32m200 [0m8.918 ms - 11[0m
[0mGET / [32m200 [0m0.969 ms - 11[0m
[0mGET / [32m200 [0m12.516 ms - 11[0m
[0mGET / [32m200 [0m0.320 ms - 11[0m
[0mGET / [32m200 [0m1.344 ms - 11[0m
[0mGET / [32m200 [0m0.712 ms - 11[0m
[0mGET / [32m200 [0m1.820 ms - 11[0m
[0mGET / [32m200 [0m0.509 ms - 11[0m
[0mGET / [32m200 [0m1.510 ms - 11[0m
[0mGET / [32m200 [0m4.893 ms - 11[0m
[0mGET / [32m200 [0m1.095 ms - 11[0m
[0mGET / [32m200 [0m0.393 ms - 11[0m
[0mGET / [32m200 [0m0.480 ms - 11[0m
[0mGET / [32m200 [0m2.701 ms - 11[0m
[0mGET / [32m200 [0m11.642 ms - 11[0m
[0mGET / [32m200 [0m11.963 ms - 11[0m
[0mGET / [32m200 [0m1.572 ms - 11[0m
[0mGET / [32m200 [0m0.851 ms - 11[0m
[0mGET / [32m200 [0m13.029 ms - 11[0m
[0mGET / [32m200 [0m0.952 ms - 11[0m
[0mGET / [32m200 [0m3.235 ms - 11[0m
[0mGET / [32m200 [0m2.049 ms - 11[0m
[0mGET / [32m200 [0m11.711 ms - 11[0m
[0mGET / [32m200 [0m0.799 ms - 11[0m
[0mGET / [32m200 [0m4.112 ms - 11[0m
[0mGET / [32m200 [0m3.366 ms - 11[0m
[0mGET / [32m200 [0m16.310 ms - 11[0m
[0mGET / [32m200 [0m2.208 ms - 11[0m
[0mGET / [32m200 [0m9.862 ms - 11[0m
[0mGET / [32m200 [0m0.826 ms - 11[0m
[0mGET / [32m200 [0m11.530 ms - 11[0m
[0mGET / [32m200 [0m0.825 ms - 11[0m
[0mGET / [32m200 [0m8.653 ms - 11[0m
[0mGET / [32m200 [0m0.899 ms - 11[0m
[0mGET / [32m200 [0m6.297 ms - 11[0m
[0mGET / [32m200 [0m6.577 ms - 11[0m
[0mGET / [32m200 [0m2.308 ms - 11[0m
[0mGET / [32m200 [0m15.249 ms - 11[0m
[0mGET / [32m200 [0m11.578 ms - 11[0m
[0mGET / [32m200 [0m10.780 ms - 11[0m
[0mGET / [32m200 [0m2.221 ms - 11[0m
[0mGET / [32m200 [0m1.255 ms - 11[0m
[0mGET / [32m200 [0m2.572 ms - 11[0m
[0mGET / [32m200 [0m1.454 ms - 11[0m
[0mGET / [32m200 [0m3.242 ms - 11[0m
[0mGET / [32m200 [0m0.433 ms - 11[0m
[0mGET / [32m200 [0m13.640 ms - 11[0m
[0mGET / [32m200 [0m6.158 ms - 11[0m
[0mGET / [32m200 [0m1.457 ms - 11[0m
[0mGET / [32m200 [0m0.451 ms - 11[0m
[0mGET / [32m200 [0m2.370 ms - 11[0m
[0mGET / [32m200 [0m1.332 ms - 11[0m
[0mGET / [32m200 [0m8.866 ms - 11[0m
[0mGET / [32m200 [0m1.113 ms - 11[0m
[0mGET / [32m200 [0m15.883 ms - 11[0m
[0mGET / [32m200 [0m6.394 ms - 11[0m
[0mGET / [32m200 [0m2.408 ms - 11[0m
[0mGET / [32m200 [0m0.358 ms - 11[0m
[0mGET / [32m200 [0m12.302 ms - 11[0m
[0mGET / [32m200 [0m0.335 ms - 11[0m
[0mGET / [32m200 [0m2.043 ms - 11[0m
[0mGET / [32m200 [0m1.762 ms - 11[0m
[0mGET / [32m200 [0m12.593 ms - 11[0m
[0mGET / [32m200 [0m7.205 ms - 11[0m
[0mGET / [32m200 [0m1.063 ms - 11[0m
[0mGET / [32m200 [0m1.178 ms - 11[0m
[0mGET / [32m200 [0m17.110 ms - 11[0m
[0mGET / [32m200 [0m8.184 ms - 11[0m
[0mGET / [32m200 [0m0.342 ms - 11[0m
[0mGET / [32m200 [0m1.822 ms - 11[0m
[0mGET / [32m200 [0m2.781 ms - 11[0m
[0mGET / [32m200 [0m0.963 ms - 11[0m
[0mGET / [32m200 [0m3.328 ms - 11[0m
[0mGET / [32m200 [0m11.831 ms - 11[0m
[0mGET / [32m200 [0m9.414 ms - 11[0m
[0mGET / [32m200 [0m13.447 ms - 11[0m
[0mGET / [32m200 [0m1.407 ms - 11[0m
[0mGET / [32m200 [0m0.372 ms - 11[0m
[0mGET / [32m200 [0m7.266 ms - 11[0m
[0mGET / [32m200 [0m1.603 ms - 11[0m
[0mGET / [32m200 [0m2.239 ms - 11[0m
[0mGET / [32m200 [0m0.842 ms - 11[0m
[0mGET / [32m200 [0m3.312 ms - 11[0m
[0mGET / [32m200 [0m0.438 ms - 11[0m
[0mGET / [32m200 [0m1.662 ms - 11[0m
[0mGET / [32m200 [0m1.488 ms - 11[0m
[0mGET / [32m200 [0m16.613 ms - 11[0m
[0mGET / [32m200 [0m0.330 ms - 11[0m
[0mGET / [32m200 [0m0.411 ms - 11[0m
[0mGET / [32m200 [0m0.398 ms - 11[0m
[0mGET / [32m200 [0m4.627 ms - 11[0m
[0mGET / [32m200 [0m1.029 ms - 11[0m
[0mGET / [32m200 [0m0.389 ms - 11[0m
[0mGET / [32m200 [0m3.307 ms - 11[0m
[0mGET / [32m200 [0m16.986 ms - 11[0m
[0mGET / [32m200 [0m11.216 ms - 11[0m
[0mGET / [32m200 [0m2.413 ms - 11[0m
[0mGET / [32m200 [0m3.542 ms - 11[0m
[0mGET / [32m200 [0m1.241 ms - 11[0m
[0mGET / [32m200 [0m4.059 ms - 11[0m
[0mGET / [32m200 [0m0.977 ms - 11[0m
[0mGET / [32m200 [0m0.464 ms - 11[0m
[0mGET / [32m200 [0m13.522 ms - 11[0m
[0mGET / [32m200 [0m1.102 ms - 11[0m
[0mGET / [32m200 [0m0.332 ms - 11[0m
[0mGET / [32m200 [0m0.480 ms - 11[0m
[0mGET / [32m200 [0m16.030 ms - 11[0m
[0mGET / [32m200 [0m7.571 ms - 11[0m
[0mGET / [32m200 [0m1.770 ms - 11[0m
[0mGET / [32m200 [0m2.421 ms - 11[0m
[0mGET / [32m200 [0m6.423 ms - 11[0m
[0mGET / [32m200 [0m0.482 ms - 11[0m
[0mGET / [32m200 [0m2.110 ms - 11[0m
[0mGET / [32m200 [0m0.858 ms - 11[0m
[0mGET / [32m200 [0m17.409 ms - 11[0m
[0mGET / [32m200 [0m7.706 ms - 11[0m
[0mGET / [32m200 [0m0.496 ms - 11[0m
[0mGET / [32m200 [0m3.065 ms - 11[0m
[0mGET / [32m200 [0m14.666 ms - 11[0m
[0mGET / [32m200 [0m7.223 ms - 11[0m
[0mGET / [32m200 [0m0.531 ms - 11[0m
[0mGET / [32m200 [0m0.362 ms - 11[0m
[0mGET / [32m200 [0m1.772 ms - 11[0m
[0mGET / [32m200 [0m0.347 ms - 11[0m
[0mGET / [32m200 [0m0.624 ms - 11[0m
[0mGET / [32m200 [0m0.378 ms - 11[0m
[0mGET / [32m200 [0m7.086 ms - 11[0m
[0mGET / [32m200 [0m0.340 ms - 11[0m
[0mGET / [32m200 [0m1.661 ms - 11[0m
[0mGET / [32m200 [0m1.256 ms - 11[0m
[0mGET / [32m200 [0m9.501 ms - 11[0m
[0mGET / [32m200 [0m5.091 ms - 11[0m
[0mGET / [32m200 [0m0.435 ms - 11[0m
[0mGET / [32m200 [0m1.426 ms - 11[0m
[0mGET / [32m200 [0m13.672 ms - 11[0m
[0mGET / [32m200 [0m7.524 ms - 11[0m
[0mGET / [32m200 [0m1.390 ms - 11[0m
[0mGET / [32m200 [0m2.756 ms - 11[0m
[0mGET / [32m200 [0m10.489 ms - 11[0m
[0mGET / [32m200 [0m9.943 ms - 11[0m
[0mGET / [32m200 [0m0.370 ms - 11[0m
[0mGET / [32m200 [0m1.061 ms - 11[0m
[0mGET / [32m200 [0m8.283 ms - 11[0m
[0mGET / [32m200 [0m10.962 ms - 11[0m
[0mGET / [32m200 [0m1.389 ms - 11[0m
[0mGET / [32m200 [0m0.910 ms - 11[0m
[0mGET / [32m200 [0m10.606 ms - 11[0m
[0mGET / [32m200 [0m8.287 ms - 11[0m
[0mGET / [32m200 [0m1.110 ms - 11[0m
[0mGET / [32m200 [0m3.260 ms - 11[0m
[0mGET / [32m200 [0m13.623 ms - 11[0m
[0mGET / [32m200 [0m6.016 ms - 11[0m
[0mGET / [32m200 [0m0.476 ms - 11[0m
[0mGET / [32m200 [0m47.401 ms - 11[0m
[0mGET / [32m200 [0m2.671 ms - 11[0m
[0mGET / [32m200 [0m1.463 ms - 11[0m
[0mGET / [32m200 [0m0.452 ms - 11[0m
[0mGET / [32m200 [0m0.433 ms - 11[0m
[0mGET / [32m200 [0m0.911 ms - 11[0m
[0mGET / [32m200 [0m3.721 ms - 11[0m
[0mGET / [32m200 [0m0.532 ms - 11[0m
[0mGET / [32m200 [0m4.183 ms - 11[0m
[0mGET / [32m200 [0m4.400 ms - 11[0m
[0mGET / [32m200 [0m1.539 ms - 11[0m
[0mGET / [32m200 [0m0.613 ms - 11[0m
[0mGET / [32m200 [0m2.139 ms - 11[0m
[0mGET / [32m200 [0m13.866 ms - 11[0m
[0mGET / [32m200 [0m6.404 ms - 11[0m
[0mGET / [32m200 [0m8.968 ms - 11[0m
[0mGET / [32m200 [0m0.805 ms - 11[0m
[0mGET / [32m200 [0m3.362 ms - 11[0m
[0mGET / [32m200 [0m1.281 ms - 11[0m
[0mGET / [32m200 [0m1.360 ms - 11[0m
[0mGET / [32m200 [0m0.962 ms - 11[0m
[0mGET / [32m200 [0m12.813 ms - 11[0m
[0mGET / [32m200 [0m0.952 ms - 11[0m
[0mGET / [32m200 [0m1.707 ms - 11[0m
[0mGET / [32m200 [0m0.568 ms - 11[0m
[0mGET / [32m200 [0m1.461 ms - 11[0m
[0mGET / [32m200 [0m0.877 ms - 11[0m
[0mGET / [32m200 [0m1.623 ms - 11[0m
[0mGET / [32m200 [0m0.954 ms - 11[0m
[0mGET / [32m200 [0m1.624 ms - 11[0m
[0mGET / [32m200 [0m1.815 ms - 11[0m
[0mGET / [32m200 [0m0.617 ms - 11[0m
[0mGET / [32m200 [0m0.671 ms - 11[0m
[0mGET / [32m200 [0m13.669 ms - 11[0m
[0mGET / [32m200 [0m9.751 ms - 11[0m
[0mGET / [32m200 [0m0.591 ms - 11[0m
[0mGET / [32m200 [0m0.329 ms - 11[0m
[0mGET / [32m200 [0m10.368 ms - 11[0m
[0mGET / [32m200 [0m0.781 ms - 11[0m
[0mGET / [32m200 [0m16.705 ms - 11[0m
[0mGET / [32m200 [0m0.908 ms - 11[0m
[0mGET / [32m200 [0m0.512 ms - 11[0m
[0mGET / [32m200 [0m4.085 ms - 11[0m
[0mGET / [32m200 [0m2.703 ms - 11[0m
[0mGET / [32m200 [0m3.818 ms - 11[0m
[0mGET / [32m200 [0m0.406 ms - 11[0m
[0mGET / [32m200 [0m0.399 ms - 11[0m
[0mGET / [32m200 [0m10.114 ms - 11[0m
[0mGET / [32m200 [0m0.334 ms - 11[0m
[0mGET / [32m200 [0m2.490 ms - 11[0m
[0mGET / [32m200 [0m0.321 ms - 11[0m
[0mGET / [32m200 [0m1.762 ms - 11[0m
[0mGET / [32m200 [0m3.197 ms - 11[0m
[0mGET / [32m200 [0m1.183 ms - 11[0m
[0mGET / [32m200 [0m1.900 ms - 11[0m
[0mGET / [32m200 [0m7.280 ms - 11[0m
[0mGET / [32m200 [0m0.649 ms - 11[0m
[0mGET / [32m200 [0m10.479 ms - 11[0m
[0mGET / [32m200 [0m0.903 ms - 11[0m
[0mGET / [32m200 [0m10.453 ms - 11[0m
[0mGET / [32m200 [0m3.311 ms - 11[0m
[0mGET / [32m200 [0m0.339 ms - 11[0m
[0mGET / [32m200 [0m1.406 ms - 11[0m
[0mGET / [32m200 [0m0.608 ms - 11[0m
[0mGET / [32m200 [0m0.832 ms - 11[0m
[0mGET / [32m200 [0m13.971 ms - 11[0m
[0mGET / [32m200 [0m0.328 ms - 11[0m
[0mGET / [32m200 [0m3.186 ms - 11[0m
[0mGET / [32m200 [0m2.180 ms - 11[0m
[0mGET / [32m200 [0m9.419 ms - 11[0m
[0mGET / [32m200 [0m9.635 ms - 11[0m
[0mGET / [32m200 [0m23.888 ms - 11[0m
[0mGET / [32m200 [0m1.851 ms - 11[0m
[0mGET / [32m200 [0m2.697 ms - 11[0m
[0mGET / [32m200 [0m4.760 ms - 11[0m
[0mGET / [32m200 [0m0.386 ms - 11[0m
[0mGET / [32m200 [0m1.337 ms - 11[0m
[0mGET / [32m200 [0m10.839 ms - 11[0m
[0mGET / [32m200 [0m11.038 ms - 11[0m
[0mGET / [32m200 [0m0.380 ms - 11[0m
[0mGET / [32m200 [0m0.689 ms - 11[0m
[0mGET / [32m200 [0m13.971 ms - 11[0m
[0mGET / [32m200 [0m0.638 ms - 11[0m
[0mGET / [32m200 [0m0.693 ms - 11[0m
[0mGET / [32m200 [0m0.972 ms - 11[0m
[0mGET / [32m200 [0m1.221 ms - 11[0m
[0mGET / [32m200 [0m0.356 ms - 11[0m
[0mGET / [32m200 [0m0.341 ms - 11[0m
[0mGET / [32m200 [0m1.162 ms - 11[0m
[0mGET / [32m200 [0m11.437 ms - 11[0m
[0mGET / [32m200 [0m7.296 ms - 11[0m
[0mGET / [32m200 [0m0.387 ms - 11[0m
[0mGET / [32m200 [0m0.710 ms - 11[0m
[0mGET / [32m200 [0m2.718 ms - 11[0m
[0mGET / [32m200 [0m0.391 ms - 11[0m
[0mGET / [32m200 [0m13.425 ms - 11[0m
[0mGET / [32m200 [0m0.446 ms - 11[0m
[0mGET / [32m200 [0m1.660 ms - 11[0m
[0mGET / [32m200 [0m1.281 ms - 11[0m
[0mGET / [32m200 [0m2.789 ms - 11[0m
[0mGET / [32m200 [0m1.879 ms - 11[0m
[0mGET / [32m200 [0m16.103 ms - 11[0m
[0mGET / [32m200 [0m6.611 ms - 11[0m
[0mGET / [32m200 [0m0.395 ms - 11[0m
[0mGET / [32m200 [0m1.012 ms - 11[0m
[0mGET / [32m200 [0m6.723 ms - 11[0m
[0mGET / [32m200 [0m1.556 ms - 11[0m
[0mGET / [32m200 [0m0.344 ms - 11[0m
[0mGET / [32m200 [0m2.172 ms - 11[0m
[0mGET / [32m200 [0m2.694 ms - 11[0m
[0mGET / [32m200 [0m2.505 ms - 11[0m
[0mGET / [32m200 [0m1.173 ms - 11[0m
[0mGET / [32m200 [0m0.293 ms - 11[0m
[0mGET / [32m200 [0m14.774 ms - 11[0m
[0mGET / [32m200 [0m0.464 ms - 11[0m
[0mGET / [32m200 [0m3.412 ms - 11[0m
[0mGET / [32m200 [0m0.909 ms - 11[0m
check_phone_number_exist log [object Object]
[0mPOST /check_phone_number_exist/nosql [32m200 [0m104.404 ms - 658[0m
[0mGET / [32m200 [0m1.239 ms - 11[0m
[0mGET / [32m200 [0m6.904 ms - 11[0m
[0mGET / [32m200 [0m0.423 ms - 11[0m
[0mGET / [32m200 [0m1.335 ms - 11[0m
[0mGET / [32m200 [0m11.349 ms - 11[0m
[0mGET / [32m200 [0m0.556 ms - 11[0m
[0mGET / [32m200 [0m2.502 ms - 11[0m
[0mGET / [32m200 [0m2.079 ms - 11[0m
io enter middleware
check player id undefined
[0mGET / [32m200 [0m17.307 ms - 11[0m
[0mGET / [32m200 [0m6.727 ms - 11[0m
[0mGET / [32m200 [0m3.255 ms - 11[0m
[0mGET / [32m200 [0m1.389 ms - 11[0m
[0mGET / [32m200 [0m10.300 ms - 11[0m
[0mGET / [32m200 [0m11.739 ms - 11[0m
[0mGET / [32m200 [0m18.255 ms - 11[0m
[0mGET / [32m200 [0m1.166 ms - 11[0m
[0mGET / [32m200 [0m8.547 ms - 11[0m
[0mGET / [32m200 [0m11.169 ms - 11[0m
[0mGET / [32m200 [0m0.583 ms - 11[0m
[0mGET / [32m200 [0m1.879 ms - 11[0m
[0mGET / [32m200 [0m18.030 ms - 11[0m
[0mGET / [32m200 [0m8.686 ms - 11[0m
[0mGET / [32m200 [0m2.107 ms - 11[0m
[0mGET / [32m200 [0m6.077 ms - 11[0m
[0mGET / [32m200 [0m10.930 ms - 11[0m
[0mGET / [32m200 [0m14.809 ms - 11[0m
[0mGET / [32m200 [0m3.875 ms - 11[0m
[0mGET / [32m200 [0m1.280 ms - 11[0m
[0mGET / [32m200 [0m12.451 ms - 11[0m
[0mGET / [32m200 [0m10.443 ms - 11[0m
[0mGET / [32m200 [0m0.584 ms - 11[0m
[0mGET / [32m200 [0m2.509 ms - 11[0m
[0mGET / [32m200 [0m10.254 ms - 11[0m
[0mGET / [32m200 [0m11.133 ms - 11[0m
[0mGET / [32m200 [0m0.581 ms - 11[0m
[0mGET / [32m200 [0m3.293 ms - 11[0m
[0mGET / [32m200 [0m4.258 ms - 11[0m
[0mGET / [32m200 [0m1.184 ms - 11[0m
[0mGET / [32m200 [0m0.415 ms - 11[0m
[0mGET / [32m200 [0m1.627 ms - 11[0m
[0mGET / [32m200 [0m11.862 ms - 11[0m
[0mGET / [32m200 [0m10.137 ms - 11[0m
[0mGET / [32m200 [0m2.793 ms - 11[0m
[0mGET / [32m200 [0m2.534 ms - 11[0m
[0mGET / [32m200 [0m5.675 ms - 11[0m
[0mGET / [32m200 [0m0.831 ms - 11[0m
[0mGET / [32m200 [0m25.057 ms - 11[0m
[0mGET / [32m200 [0m0.434 ms - 11[0m
[0mGET / [32m200 [0m17.138 ms - 11[0m
[0mGET / [32m200 [0m1.642 ms - 11[0m
[0mGET / [32m200 [0m0.370 ms - 11[0m
[0mGET / [32m200 [0m1.319 ms - 11[0m
[0mGET / [32m200 [0m5.018 ms - 11[0m
[0mGET / [32m200 [0m0.946 ms - 11[0m
[0mGET / [32m200 [0m35.365 ms - 11[0m
[0mGET / [32m200 [0m0.399 ms - 11[0m
[0mGET / [32m200 [0m11.895 ms - 11[0m
[0mGET / [32m200 [0m7.970 ms - 11[0m
[0mGET / [32m200 [0m0.362 ms - 11[0m
[0mGET / [32m200 [0m0.370 ms - 11[0m
[0mGET / [32m200 [0m0.404 ms - 11[0m
[0mGET / [32m200 [0m0.806 ms - 11[0m
[0mGET / [32m200 [0m1.424 ms - 11[0m
[0mGET / [32m200 [0m2.314 ms - 11[0m
[0mGET / [32m200 [0m18.917 ms - 11[0m
[0mGET / [32m200 [0m11.080 ms - 11[0m
[0mGET / [32m200 [0m3.504 ms - 11[0m
[0mGET / [32m200 [0m6.443 ms - 11[0m
[0mGET / [32m200 [0m0.553 ms - 11[0m
[0mGET / [32m200 [0m7.039 ms - 11[0m
[0mGET / [32m200 [0m8.022 ms - 11[0m
[0mGET / [32m200 [0m0.902 ms - 11[0m
[0mGET / [32m200 [0m10.767 ms - 11[0m
[0mGET / [32m200 [0m4.849 ms - 11[0m
[0mGET / [32m200 [0m1.385 ms - 11[0m
[0mGET / [32m200 [0m0.632 ms - 11[0m
[0mGET / [32m200 [0m8.119 ms - 11[0m
[0mGET / [32m200 [0m0.835 ms - 11[0m
[0mGET / [32m200 [0m1.399 ms - 11[0m
[0mGET / [32m200 [0m1.683 ms - 11[0m
[0mGET / [32m200 [0m6.125 ms - 11[0m
[0mGET / [32m200 [0m0.917 ms - 11[0m
[0mGET / [32m200 [0m1.739 ms - 11[0m
[0mGET / [32m200 [0m0.288 ms - 11[0m
[0mGET / [32m200 [0m2.836 ms - 11[0m
[0mGET / [32m200 [0m1.759 ms - 11[0m
[0mGET / [32m200 [0m2.189 ms - 11[0m
[0mGET / [32m200 [0m1.007 ms - 11[0m
[0mGET / [32m200 [0m16.131 ms - 11[0m
[0mGET / [32m200 [0m9.822 ms - 11[0m
[0mGET / [32m200 [0m1.474 ms - 11[0m
[0mGET / [32m200 [0m1.322 ms - 11[0m
[0mGET / [32m200 [0m8.362 ms - 11[0m
[0mGET / [32m200 [0m0.852 ms - 11[0m
[0mGET / [32m200 [0m0.426 ms - 11[0m
[0mGET / [32m200 [0m0.401 ms - 11[0m
[0mGET / [32m200 [0m1.637 ms - 11[0m
[0mGET / [32m200 [0m1.236 ms - 11[0m
[0mGET / [32m200 [0m0.369 ms - 11[0m
[0mGET / [32m200 [0m4.710 ms - 11[0m
[0mGET / [32m200 [0m11.425 ms - 11[0m
[0mGET / [32m200 [0m0.304 ms - 11[0m
[0mGET / [32m200 [0m11.245 ms - 11[0m
[0mGET / [32m200 [0m3.951 ms - 11[0m
[0mGET / [32m200 [0m9.583 ms - 11[0m
[0mGET / [32m200 [0m0.886 ms - 11[0m
[0mGET / [32m200 [0m1.573 ms - 11[0m
[0mGET / [32m200 [0m1.892 ms - 11[0m
[0mGET / [32m200 [0m0.473 ms - 11[0m
[0mGET / [32m200 [0m3.343 ms - 11[0m
[0mGET / [32m200 [0m9.337 ms - 11[0m
[0mGET / [32m200 [0m0.785 ms - 11[0m
[0mGET / [32m200 [0m0.883 ms - 11[0m
[0mGET / [32m200 [0m2.036 ms - 11[0m
[0mGET / [32m200 [0m1.135 ms - 11[0m
[0mGET / [32m200 [0m0.330 ms - 11[0m
[0mGET / [32m200 [0m1.089 ms - 11[0m
[0mGET / [32m200 [0m0.338 ms - 11[0m
[0mGET / [32m200 [0m11.802 ms - 11[0m
[0mGET / [32m200 [0m5.837 ms - 11[0m
[0mGET / [32m200 [0m1.749 ms - 11[0m
[0mGET / [32m200 [0m0.980 ms - 11[0m
[0mGET / [32m200 [0m1.357 ms - 11[0m
[0mGET / [32m200 [0m0.297 ms - 11[0m
[0mGET / [32m200 [0m2.619 ms - 11[0m
[0mGET / [32m200 [0m0.918 ms - 11[0m
[0mGET / [32m200 [0m10.255 ms - 11[0m
[0mGET / [32m200 [0m0.371 ms - 11[0m
[0mGET / [32m200 [0m4.895 ms - 11[0m
[0mGET / [32m200 [0m1.290 ms - 11[0m
[0mGET / [32m200 [0m10.709 ms - 11[0m
[0mGET / [32m200 [0m15.493 ms - 11[0m
[0mGET / [32m200 [0m1.965 ms - 11[0m
[0mGET / [32m200 [0m0.881 ms - 11[0m
[0mGET / [32m200 [0m6.968 ms - 11[0m
[0mGET / [32m200 [0m1.865 ms - 11[0m
[0mGET / [32m200 [0m5.519 ms - 11[0m
[0mGET / [32m200 [0m5.337 ms - 11[0m
[0mGET / [32m200 [0m0.392 ms - 11[0m
[0mGET / [32m200 [0m0.414 ms - 11[0m
[0mGET / [32m200 [0m1.485 ms - 11[0m
[0mGET / [32m200 [0m0.362 ms - 11[0m
[0mGET / [32m200 [0m0.351 ms - 11[0m
[0mGET / [32m200 [0m1.345 ms - 11[0m
[0mGET / [32m200 [0m7.764 ms - 11[0m
[0mGET / [32m200 [0m0.931 ms - 11[0m
[0mGET / [32m200 [0m0.349 ms - 11[0m
[0mGET / [32m200 [0m1.072 ms - 11[0m
[0mGET / [32m200 [0m13.731 ms - 11[0m
[0mGET / [32m200 [0m3.165 ms - 11[0m
[0mGET / [32m200 [0m1.351 ms - 11[0m
[0mGET / [32m200 [0m5.199 ms - 11[0m
[0mGET / [32m200 [0m2.492 ms - 11[0m
[0mGET / [32m200 [0m0.360 ms - 11[0m
[0mGET / [32m200 [0m1.093 ms - 11[0m
[0mGET / [32m200 [0m0.349 ms - 11[0m
[0mGET / [32m200 [0m7.276 ms - 11[0m
[0mGET / [32m200 [0m7.440 ms - 11[0m
[0mGET / [32m200 [0m0.462 ms - 11[0m
[0mGET / [32m200 [0m0.329 ms - 11[0m
[0mGET / [32m200 [0m10.141 ms - 11[0m
[0mGET / [32m200 [0m0.819 ms - 11[0m
[0mGET / [32m200 [0m0.404 ms - 11[0m
[0mGET / [32m200 [0m5.856 ms - 11[0m
[0mGET / [32m200 [0m2.729 ms - 11[0m
[0mGET / [32m200 [0m1.953 ms - 11[0m
[0mGET / [32m200 [0m2.766 ms - 11[0m
[0mGET / [32m200 [0m0.865 ms - 11[0m
[0mGET / [32m200 [0m5.079 ms - 11[0m
[0mGET / [32m200 [0m0.859 ms - 11[0m
[0mGET / [32m200 [0m3.856 ms - 11[0m
[0mGET / [32m200 [0m1.549 ms - 11[0m
[0mGET / [32m200 [0m6.085 ms - 11[0m
[0mGET / [32m200 [0m6.456 ms - 11[0m
[0mGET / [32m200 [0m10.589 ms - 11[0m
[0mGET / [32m200 [0m8.581 ms - 11[0m
[0mGET / [32m200 [0m6.346 ms - 11[0m
[0mGET / [32m200 [0m0.971 ms - 11[0m
[0mGET / [32m200 [0m2.496 ms - 11[0m
[0mGET / [32m200 [0m2.298 ms - 11[0m
[0mGET / [32m200 [0m7.144 ms - 11[0m
[0mGET / [32m200 [0m0.323 ms - 11[0m
[0mGET / [32m200 [0m2.751 ms - 11[0m
[0mGET / [32m200 [0m1.186 ms - 11[0m
[0mGET / [32m200 [0m8.984 ms - 11[0m
[0mGET / [32m200 [0m0.854 ms - 11[0m
[0mGET / [32m200 [0m10.519 ms - 11[0m
[0mGET / [32m200 [0m5.971 ms - 11[0m
[0mGET / [32m200 [0m1.321 ms - 11[0m
[0mGET / [32m200 [0m0.774 ms - 11[0m
[0mGET / [32m200 [0m1.980 ms - 11[0m
[0mGET / [32m200 [0m1.511 ms - 11[0m
io enter middleware
check player id undefined
[0mGET / [32m200 [0m10.184 ms - 11[0m
[0mGET / [32m200 [0m10.393 ms - 11[0m
[0mGET / [32m200 [0m0.469 ms - 11[0m
[0mGET / [32m200 [0m1.058 ms - 11[0m
io enter middleware
check player id undefined
io enter middleware
check player id undefined
[0mGET / [32m200 [0m1.302 ms - 11[0m
[0mGET / [32m200 [0m13.790 ms - 11[0m
[0mGET / [32m200 [0m5.510 ms - 11[0m
[0mGET / [32m200 [0m0.791 ms - 11[0m
[0mGET / [32m200 [0m11.432 ms - 11[0m
[0mGET / [32m200 [0m8.065 ms - 11[0m
[0mGET / [32m200 [0m20.308 ms - 11[0m
[0mGET / [32m200 [0m0.466 ms - 11[0m
[0mGET / [32m200 [0m2.238 ms - 11[0m
[0mGET / [32m200 [0m1.790 ms - 11[0m
[0mGET / [32m200 [0m2.254 ms - 11[0m
[0mGET / [32m200 [0m8.035 ms - 11[0m
[0mGET / [32m200 [0m16.349 ms - 11[0m
[0mGET / [32m200 [0m0.901 ms - 11[0m
[0mGET / [32m200 [0m20.363 ms - 11[0m
[0mGET / [32m200 [0m0.885 ms - 11[0m
[0mGET / [32m200 [0m12.897 ms - 11[0m
[0mGET / [32m200 [0m1.147 ms - 11[0m
[0mGET / [32m200 [0m0.617 ms - 11[0m
[0mGET / [32m200 [0m0.376 ms - 11[0m
[0mGET / [32m200 [0m1.127 ms - 11[0m
[0mGET / [32m200 [0m3.718 ms - 11[0m
[0mGET / [32m200 [0m15.406 ms - 11[0m
[0mGET / [32m200 [0m9.796 ms - 11[0m
[0mGET / [32m200 [0m11.713 ms - 11[0m
[0mGET / [32m200 [0m0.970 ms - 11[0m
[0mGET / [32m200 [0m2.489 ms - 11[0m
[0mGET / [32m200 [0m0.403 ms - 11[0m
[0mGET / [32m200 [0m1.273 ms - 11[0m
[0mGET / [32m200 [0m2.466 ms - 11[0m
[0mGET / [32m200 [0m11.594 ms - 11[0m
[0mGET / [32m200 [0m1.017 ms - 11[0m
[0mGET / [32m200 [0m5.272 ms - 11[0m
[0mGET / [32m200 [0m1.263 ms - 11[0m
[0mGET / [32m200 [0m5.880 ms - 11[0m
[0mGET / [32m200 [0m10.437 ms - 11[0m
[0mGET / [32m200 [0m7.960 ms - 11[0m
[0mGET / [32m200 [0m0.913 ms - 11[0m
[0mGET / [32m200 [0m0.396 ms - 11[0m
[0mGET / [32m200 [0m5.479 ms - 11[0m
[0mGET / [32m200 [0m21.672 ms - 11[0m
[0mGET / [32m200 [0m2.175 ms - 11[0m
[0mGET / [32m200 [0m9.417 ms - 11[0m
[0mGET / [32m200 [0m2.430 ms - 11[0m
[0mGET / [32m200 [0m2.703 ms - 11[0m
[0mGET / [32m200 [0m10.619 ms - 11[0m
[0mGET / [32m200 [0m1.990 ms - 11[0m
[0mGET / [32m200 [0m1.444 ms - 11[0m
[0mGET / [32m200 [0m7.097 ms - 11[0m
[0mGET / [32m200 [0m14.575 ms - 11[0m
[0mGET / [32m200 [0m3.513 ms - 11[0m
[0mGET / [32m200 [0m1.570 ms - 11[0m
[0mGET / [32m200 [0m2.695 ms - 11[0m
[0mGET / [32m200 [0m0.455 ms - 11[0m
[0mGET / [32m200 [0m0.551 ms - 11[0m
[0mGET / [32m200 [0m0.485 ms - 11[0m
