ok
Config
Mon Jul 24 2017 02:12:29 GMT+0000 (UTC)
Cognito
the cognitoidentity is [object Object]
SNS
setting tcp
setting sns
PostAPI
PostAPI_Chat
PostAPI_Wall
PostAPI_Pet
PostAPI_Chips
PostAPI_Login
PostAPI_Shop
PostAPI_Debug
Game init
======================
apiPort listening 2492
tcpPort listening 3000
======================
CloudSearch_Schedule
Server listening at port 3000
[0mGET / [32m200 [0m7.021 ms - 11[0m
[0mGET / [32m200 [0m6.754 ms - 11[0m
[0mGET / [32m200 [0m11.181 ms - 11[0m
[0mGET / [32m200 [0m3.415 ms - 11[0m
[0mGET / [32m200 [0m3.749 ms - 11[0m
[0mGET / [32m200 [0m3.839 ms - 11[0m
ack {
  "playerId" : "vincent9"
}
player id vincent9
ack {
  "playerId" : "vincent9"
}
player id vincent9
[ { id: { S: 'vincent9' }, awesome_chips: { N: '1182' } } ]
[ { id: { S: 'vincent9' }, awesome_chips: { N: '1182' } } ]
[0mGET / [32m200 [0m1.063 ms - 11[0m
[0mGET / [32m200 [0m1.429 ms - 11[0m
[0mGET / [32m200 [0m1.632 ms - 11[0m
[0mGET / [32m200 [0m1.003 ms - 11[0m
[0mGET / [32m200 [0m1.243 ms - 11[0m
[0mGET / [32m200 [0m1.451 ms - 11[0m
[0mGET / [32m200 [0m1.476 ms - 11[0m
[0mGET / [32m200 [0m2.153 ms - 11[0m
[0mGET / [32m200 [0m2.751 ms - 11[0m
[0mGET / [32m200 [0m2.651 ms - 11[0m
[0mGET / [32m200 [0m2.089 ms - 11[0m
[0mGET / [32m200 [0m2.344 ms - 11[0m
disconnect
undefined disconnected
[0mGET / [32m200 [0m0.867 ms - 11[0m
[0mGET / [32m200 [0m1.072 ms - 11[0m
[0mGET / [32m200 [0m1.369 ms - 11[0m
[0mGET / [32m200 [0m1.760 ms - 11[0m
[0mGET / [32m200 [0m2.747 ms - 11[0m
[0mGET / [32m200 [0m2.108 ms - 11[0m
[0mGET / [32m200 [0m0.952 ms - 11[0m
[0mGET / [32m200 [0m1.259 ms - 11[0m
[0mGET / [32m200 [0m1.452 ms - 11[0m
[0mGET / [32m200 [0m0.993 ms - 11[0m
[0mGET / [32m200 [0m1.255 ms - 11[0m
[0mGET / [32m200 [0m1.505 ms - 11[0m
[0mGET / [32m200 [0m2.722 ms - 11[0m
[0mGET / [32m200 [0m2.498 ms - 11[0m
[0mGET / [32m200 [0m1.754 ms - 11[0m
[0mGET / [32m200 [0m0.942 ms - 11[0m
[0mGET / [32m200 [0m1.200 ms - 11[0m
[0mGET / [32m200 [0m1.408 ms - 11[0m
[0mGET / [32m200 [0m1.272 ms - 11[0m
[0mGET / [32m200 [0m1.522 ms - 11[0m
[0mGET / [32m200 [0m1.771 ms - 11[0m
[0mGET / [32m200 [0m0.952 ms - 11[0m
[0mGET / [32m200 [0m1.192 ms - 11[0m
[0mGET / [32m200 [0m1.424 ms - 11[0m
[0mGET / [32m200 [0m2.081 ms - 11[0m
[0mGET / [32m200 [0m2.814 ms - 11[0m
[0mGET / [32m200 [0m4.676 ms - 11[0m
[0mGET / [32m200 [0m1.037 ms - 11[0m
[0mGET / [32m200 [0m1.293 ms - 11[0m
[0mGET / [32m200 [0m1.496 ms - 11[0m
[0mGET / [32m200 [0m2.729 ms - 11[0m
[0mGET / [32m200 [0m2.972 ms - 11[0m
[0mGET / [32m200 [0m3.154 ms - 11[0m
[0mGET / [32m200 [0m0.958 ms - 11[0m
[0mGET / [32m200 [0m8.865 ms - 11[0m
[0mGET / [32m200 [0m9.150 ms - 11[0m
[0mGET / [32m200 [0m1.446 ms - 11[0m
[0mGET / [32m200 [0m1.980 ms - 11[0m
[0mGET / [32m200 [0m1.980 ms - 11[0m
[0mGET / [32m200 [0m0.976 ms - 11[0m
[0mGET / [32m200 [0m1.193 ms - 11[0m
[0mGET / [32m200 [0m1.416 ms - 11[0m
ack {
  "playerId" : "vincent"
}
player id vincent
[ { id: { S: 'vincent' }, awesome_chips: { N: '2880' } } ]
register_endpoint_v2 3407B909-D4E6-4533-BC4A-6BB564EE9F85 69859954fd378b9930558e2506ef7de408d11e694f08e42740bf2b88da6b79c3 vincent IOS
*** register_endpoint_v2 success ***
{ status: 'success' }
[0mPOST /api/v1/register_endpoint_v2/nosql [32m200 [0m25.870 ms - 20[0m
{ Count: 0, Items: [], ScannedCount: 0 }
*** addEndPoint success ***
*** insertEndPointToDynamoDB ***
*** insertEndPointToDynamoDB success ***
register_endpoint_v2 3407B909-D4E6-4533-BC4A-6BB564EE9F85 69859954fd378b9930558e2506ef7de408d11e694f08e42740bf2b88da6b79c3 vincent IOS
*** register_endpoint_v2 success ***
{ status: 'success' }
[0mPOST /api/v1/register_endpoint_v2/nosql [32m200 [0m4.966 ms - 20[0m
{ Count: 1,
  Items: 
   [ { awesome_id: [Object],
       endpointArn: [Object],
       device_token: [Object] } ],
  ScannedCount: 1 }
*** addEndPoint success ***
*** insertEndPointToDynamoDB ***
*** insertEndPointToDynamoDB success ***
[0mGET / [32m200 [0m1.565 ms - 11[0m
[0mGET / [32m200 [0m3.712 ms - 11[0m
[0mGET / [32m200 [0m3.473 ms - 11[0m
[0mGET / [32m200 [0m1.951 ms - 11[0m
[0mGET / [32m200 [0m1.799 ms - 11[0m
[0mGET / [32m200 [0m1.646 ms - 11[0m
disconnect
vincent disconnected
[0mGET / [32m200 [0m1.070 ms - 11[0m
[0mGET / [32m200 [0m1.371 ms - 11[0m
[0mGET / [32m200 [0m1.571 ms - 11[0m
[0mGET / [32m200 [0m1.928 ms - 11[0m
[0mGET / [32m200 [0m1.937 ms - 11[0m
[0mGET / [32m200 [0m2.125 ms - 11[0m
[0mGET / [32m200 [0m0.530 ms - 11[0m
[0mGET / [32m200 [0m0.975 ms - 11[0m
[0mGET / [32m200 [0m1.320 ms - 11[0m
[0mGET / [32m200 [0m1.719 ms - 11[0m
[0mGET / [32m200 [0m2.430 ms - 11[0m
[0mGET / [32m200 [0m3.852 ms - 11[0m
[0mGET / [32m200 [0m4.324 ms - 11[0m
ack {
  "playerId" : "vincent"
}
player id vincent
[ { id: { S: 'vincent' }, awesome_chips: { N: '2880' } } ]
register_endpoint_v2 3407B909-D4E6-4533-BC4A-6BB564EE9F85 69859954fd378b9930558e2506ef7de408d11e694f08e42740bf2b88da6b79c3 vincent IOS
*** register_endpoint_v2 success ***
{ status: 'success' }
[0mPOST /api/v1/register_endpoint_v2/nosql [32m200 [0m3.316 ms - 20[0m
{ Count: 1,
  Items: 
   [ { awesome_id: [Object],
       endpointArn: [Object],
       device_token: [Object] } ],
  ScannedCount: 1 }
*** addEndPoint success ***
*** insertEndPointToDynamoDB ***
*** insertEndPointToDynamoDB success ***
[0mGET / [32m200 [0m1.058 ms - 11[0m
[0mGET / [32m200 [0m1.334 ms - 11[0m
[0mGET / [32m200 [0m1.487 ms - 11[0m
[0mGET / [32m200 [0m0.975 ms - 11[0m
[0mGET / [32m200 [0m1.215 ms - 11[0m
[0mGET / [32m200 [0m1.476 ms - 11[0m
[0mGET / [32m200 [0m1.166 ms - 11[0m
[0mGET / [32m200 [0m1.362 ms - 11[0m
[0mGET / [32m200 [0m1.559 ms - 11[0m
[0mGET / [32m200 [0m1.449 ms - 11[0m
[0mGET / [32m200 [0m1.215 ms - 11[0m
[0mGET / [32m200 [0m1.422 ms - 11[0m
[0mGET / [32m200 [0m1.056 ms - 11[0m
[0mGET / [32m200 [0m1.260 ms - 11[0m
[0mGET / [32m200 [0m1.381 ms - 11[0m
[0mGET / [32m200 [0m2.516 ms - 11[0m
[0mGET / [32m200 [0m2.682 ms - 11[0m
[0mGET / [32m200 [0m1.926 ms - 11[0m
[0mGET / [32m200 [0m1.067 ms - 11[0m
[0mGET / [32m200 [0m1.249 ms - 11[0m
[0mGET / [32m200 [0m1.384 ms - 11[0m
[0mGET / [32m200 [0m1.107 ms - 11[0m
[0mGET / [32m200 [0m1.365 ms - 11[0m
[0mGET / [32m200 [0m1.456 ms - 11[0m
[0mGET / [32m200 [0m0.979 ms - 11[0m
[0mGET / [32m200 [0m1.216 ms - 11[0m
[0mGET / [32m200 [0m1.389 ms - 11[0m
[0mGET / [32m200 [0m0.976 ms - 11[0m
[0mGET / [32m200 [0m1.194 ms - 11[0m
[0mGET / [32m200 [0m1.371 ms - 11[0m
[0mGET / [32m200 [0m0.999 ms - 11[0m
[0mGET / [32m200 [0m1.297 ms - 11[0m
[0mGET / [32m200 [0m1.484 ms - 11[0m
[0mGET / [32m200 [0m0.924 ms - 11[0m
[0mGET / [32m200 [0m2.571 ms - 11[0m
[0mGET / [32m200 [0m2.720 ms - 11[0m
disconnect
vincent disconnected
[0mGET / [32m200 [0m1.474 ms - 11[0m
[0mGET / [32m200 [0m1.913 ms - 11[0m
[0mGET / [32m200 [0m1.663 ms - 11[0m
[0mGET / [32m200 [0m0.988 ms - 11[0m
[0mGET / [32m200 [0m1.628 ms - 11[0m
[0mGET / [32m200 [0m2.614 ms - 11[0m
[0mGET / [32m200 [0m1.226 ms - 11[0m
[0mGET / [32m200 [0m1.394 ms - 11[0m
[0mGET / [32m200 [0m1.605 ms - 11[0m
[0mGET / [32m200 [0m2.868 ms - 11[0m
[0mGET / [32m200 [0m3.121 ms - 11[0m
[0mGET / [32m200 [0m3.068 ms - 11[0m
[0mGET / [32m200 [0m5.865 ms - 11[0m
[0mGET / [32m200 [0m2.909 ms - 11[0m
[0mGET / [32m200 [0m5.509 ms - 11[0m
[0mGET / [32m200 [0m5.690 ms - 11[0m
[0mGET / [32m200 [0m7.193 ms - 11[0m
[0mGET / [32m200 [0m2.803 ms - 11[0m
[0mGET / [32m200 [0m2.559 ms - 11[0m
[0mGET / [32m200 [0m1.752 ms - 11[0m
[0mGET / [32m200 [0m3.925 ms - 11[0m
[0mGET / [32m200 [0m0.995 ms - 11[0m
[0mGET / [32m200 [0m1.170 ms - 11[0m
[0mGET / [32m200 [0m1.405 ms - 11[0m
ack {
  "playerId" : "vincent"
}
player id vincent
[ { id: { S: 'vincent' }, awesome_chips: { N: '2880' } } ]
register_endpoint_v2 3407B909-D4E6-4533-BC4A-6BB564EE9F85 69859954fd378b9930558e2506ef7de408d11e694f08e42740bf2b88da6b79c3 vincent IOS
*** register_endpoint_v2 success ***
{ status: 'success' }
[0mPOST /api/v1/register_endpoint_v2/nosql [32m200 [0m3.083 ms - 20[0m
{ Count: 1,
  Items: 
   [ { awesome_id: [Object],
       endpointArn: [Object],
       device_token: [Object] } ],
  ScannedCount: 1 }
*** addEndPoint success ***
*** insertEndPointToDynamoDB ***
*** insertEndPointToDynamoDB success ***
[0mGET / [32m200 [0m2.204 ms - 11[0m
[0mGET / [32m200 [0m2.527 ms - 11[0m
[0mGET / [32m200 [0m2.744 ms - 11[0m
[0mGET / [32m200 [0m0.892 ms - 11[0m
[0mGET / [32m200 [0m2.311 ms - 11[0m
[0mGET / [32m200 [0m2.472 ms - 11[0m
disconnect
vincent disconnected
[0mGET / [32m200 [0m1.005 ms - 11[0m
[0mGET / [32m200 [0m1.242 ms - 11[0m
[0mGET / [32m200 [0m1.429 ms - 11[0m
[0mGET / [32m200 [0m0.887 ms - 11[0m
[0mGET / [32m200 [0m1.098 ms - 11[0m
[0mGET / [32m200 [0m1.241 ms - 11[0m
[0mGET / [32m200 [0m1.074 ms - 11[0m
[0mGET / [32m200 [0m1.381 ms - 11[0m
[0mGET / [32m200 [0m1.595 ms - 11[0m
[0mGET / [32m200 [0m1.890 ms - 11[0m
[0mGET / [32m200 [0m2.149 ms - 11[0m
[0mGET / [32m200 [0m2.321 ms - 11[0m
check_phone_number_exist log [object Object]
[0mPOST /check_phone_number_exist/nosql [32m200 [0m72.772 ms - 39[0m
[0mGET / [32m200 [0m1.006 ms - 11[0m
[0mGET / [32m200 [0m1.939 ms - 11[0m
[0mGET / [32m200 [0m2.072 ms - 11[0m
[0mGET / [32m200 [0m0.954 ms - 11[0m
[0mGET / [32m200 [0m1.125 ms - 11[0m
[0mGET / [32m200 [0m1.280 ms - 11[0m
available awesome id
{ status: 'success', action: 'completed' }
[0mPOST /check_awesome_id/nosql [32m200 [0m59.466 ms - 41[0m
login_register log [object Object]
{ IdentityId: 'us-east-1:02462e13-8ddf-41a1-81dc-30a561751f97',
  Token: 'eyJraWQiOiJ1cy1lYXN0LTExIiwidHlwIjoiSldTIiwiYWxnIjoiUlM1MTIifQ.eyJzdWIiOiJ1cy1lYXN0LTE6MDI0NjJlMTMtOGRkZi00MWExLTgxZGMtMzBhNTYxNzUxZjk3IiwiYXVkIjoidXMtZWFzdC0xOjU1NTJhNTRiLWE1MTktNDRkMi05N2UzLWZlYjNkNDVjOWFmYSIsImFtciI6WyJhdXRoZW50aWNhdGVkIiwibG9naW4udjNyZWUuYXdlc29tZSIsImxvZ2luLnYzcmVlLmF3ZXNvbWU6dXMtZWFzdC0xOjU1NTJhNTRiLWE1MTktNDRkMi05N2UzLWZlYjNkNDVjOWFmYToxMTQiXSwiaXNzIjoiaHR0cHM6Ly9jb2duaXRvLWlkZW50aXR5LmFtYXpvbmF3cy5jb20iLCJleHAiOjE1MDA4NjY3MzksImlhdCI6MTUwMDg2MzEzOX0.Uw1y7vwZkunwRYPK0Y5EWnfKH0ylN2gpPQvUsKOOsVkWElM5SnVOzggHYDNE6_WrAWTT4Vt3de8jkzGgzNRwK6Q8_MOOSKMWclLMaYxqM-h14Qg19fMhRjsp4MYegnv4JQT2aafznx0Q2waCDCTfJp1FRmLoq7VR1T76lBkRt627d2V2pezApfCAlCg5cLMIil5yd9IrSgF8Po5HZh9k38sQGhAO1FCxBSisc2mZtFNNw6M97cVqWLW-D5Dj-5VLBxOdrtEWbXWPrINU4hKey-KHvimZfQjg9en9hwgimqShC6keA6zNXvtRoFWI-qYLJedrO0L6VTvjXpqG7Hap2g' }
{ status: 'success', action: 'completed', awesome_id: 'vv4' }
{ status: 'success', action: 'completed', awesome_id: 'vv4' }
register completed
------_add_awesome_chips_transaction-----
awesome_id:vv4
chips_transform:1000
create_at:2017-07-24T02:25:39.440Z
current_awesome_chips:null
[0mPOST /login_register/nosql [32m200 [0m397.767 ms - 60[0m
add_friend succes
add_friend succes
==========
[ { id: { S: 'vv4' } } ]
current_awesome_chips0
-----update_awesome_chips------
awesome_id:vv4
current_awesome_chips:0
chips_transform:1000
{ status: 'success',
  awesome_id: 'vv4',
  awesome_chips: '1000',
  message: 'awesome chips have been updated' }
set chips vv4 chips 1000
_add_awesome_chips_transaction
{ status: 'success',
  awesome_id: 'vv4',
  awesome_chips: '1000',
  message: 'awesome chips have been updated' }
phone number 114
identityId us-east-1:5c436f52-961b-4432-bf32-5a3778b19a0a
get_open_id _phoneNumber 114
get_open_id IdentityIdundefined
{ IdentityId: 'us-east-1:02462e13-8ddf-41a1-81dc-30a561751f97',
  Token: 'eyJraWQiOiJ1cy1lYXN0LTExIiwidHlwIjoiSldTIiwiYWxnIjoiUlM1MTIifQ.eyJzdWIiOiJ1cy1lYXN0LTE6MDI0NjJlMTMtOGRkZi00MWExLTgxZGMtMzBhNTYxNzUxZjk3IiwiYXVkIjoidXMtZWFzdC0xOjU1NTJhNTRiLWE1MTktNDRkMi05N2UzLWZlYjNkNDVjOWFmYSIsImFtciI6WyJhdXRoZW50aWNhdGVkIiwibG9naW4udjNyZWUuYXdlc29tZSIsImxvZ2luLnYzcmVlLmF3ZXNvbWU6dXMtZWFzdC0xOjU1NTJhNTRiLWE1MTktNDRkMi05N2UzLWZlYjNkNDVjOWFmYToxMTQiXSwiaXNzIjoiaHR0cHM6Ly9jb2duaXRvLWlkZW50aXR5LmFtYXpvbmF3cy5jb20iLCJleHAiOjE1MDA4NjY3NDAsImlhdCI6MTUwMDg2MzE0MH0.GNLbeV8GlDIrCOBD-iBiqvzuJZUyOXFj1oqvQnHfJq2HjMWZYf-N2GRo7K38wDmukvtjLKd4TPzDOB-58WA6DqG623d6nljs7QQNuAO--3Cy05M3JFwzIgmBdvzQ7rXPlxZTgRIwWn1y6DQrEZTBBs3I1QfRLhOADxdpPhUe7UJxjk_MqNQ4sDFXNbWNS5alH37x41uS6ssksoNpOogkvVjf6VEdLMKtWXtfhPH0hcTMwPLRTvJ2ooYLfW48yV0UHNCkQtFX9S7DTWDRH4kbVoPsfznz3nOfzjG9pcflii07zMHaHZI8_NZ9r2NC7ER_5NDD9fI2lnGbXmYZgc_CoQ' }
[0mGET /get_token/1141234/us-east-1:5c436f52-961b-4432-bf32-5a3778b19a0a [32m200 [0m110.399 ms - 895[0m
login matched
[0mPOST /authorize [32m200 [0m81.114 ms - 164[0m
register_endpoint_v2 3407B909-D4E6-4533-BC4A-6BB564EE9F85 781354c93e2cf66b8b4bbc1b60107c71bd3960d6b31bcaea45ed67e5dd1b34ad vv4 IOS
*** register_endpoint_v2 success ***
{ status: 'success' }
[0mPOST /api/v1/register_endpoint_v2/nosql [32m200 [0m4.496 ms - 20[0m
{ Count: 0, Items: [], ScannedCount: 0 }
*** addEndPoint success ***
*** insertEndPointToDynamoDB ***
*** insertEndPointToDynamoDB success ***
ack {
  "playerId" : "vv4"
}
player id vv4
[ { id: { S: 'vv4' }, awesome_chips: { N: '1000' } } ]
[0mGET / [32m200 [0m1.084 ms - 11[0m
[0mGET / [32m200 [0m1.356 ms - 11[0m
[0mGET / [32m200 [0m1.499 ms - 11[0m
[0mGET / [32m200 [0m0.986 ms - 11[0m
[0mGET / [32m200 [0m1.236 ms - 11[0m
[0mGET / [32m200 [0m1.380 ms - 11[0m
[0mGET / [32m200 [0m0.997 ms - 11[0m
[0mGET / [32m200 [0m1.217 ms - 11[0m
[0mGET / [32m200 [0m1.375 ms - 11[0m
[0mGET / [32m200 [0m0.941 ms - 11[0m
[0mGET / [32m200 [0m1.158 ms - 11[0m
[0mGET / [32m200 [0m1.236 ms - 11[0m
[0mGET / [32m200 [0m0.968 ms - 11[0m
[0mGET / [32m200 [0m1.188 ms - 11[0m
[0mGET / [32m200 [0m1.369 ms - 11[0m
[0mGET / [32m200 [0m0.922 ms - 11[0m
[0mGET / [32m200 [0m1.134 ms - 11[0m
[0mGET / [32m200 [0m1.296 ms - 11[0m
[0mGET / [32m200 [0m3.046 ms - 11[0m
[0mGET / [32m200 [0m3.254 ms - 11[0m
[0mGET / [32m200 [0m3.454 ms - 11[0m
[0mGET / [32m200 [0m2.070 ms - 11[0m
[0mGET / [32m200 [0m2.302 ms - 11[0m
[0mGET / [32m200 [0m3.442 ms - 11[0m
[0mGET / [32m200 [0m1.021 ms - 11[0m
[0mGET / [32m200 [0m1.240 ms - 11[0m
[0mGET / [32m200 [0m1.357 ms - 11[0m
[0mGET / [32m200 [0m2.749 ms - 11[0m
[0mGET / [32m200 [0m2.972 ms - 11[0m
[0mGET / [32m200 [0m3.021 ms - 11[0m
[0mGET / [32m200 [0m0.947 ms - 11[0m
[0mGET / [32m200 [0m1.144 ms - 11[0m
[0mGET / [32m200 [0m2.069 ms - 11[0m
[0mGET / [32m200 [0m0.725 ms - 11[0m
[0mGET / [32m200 [0m1.029 ms - 11[0m
[0mGET / [32m200 [0m0.332 ms - 11[0m
[0mGET / [32m200 [0m1.805 ms - 11[0m
[0mGET / [32m200 [0m5.147 ms - 11[0m
[0mGET / [32m200 [0m4.516 ms - 11[0m
[0mGET / [32m200 [0m1.971 ms - 11[0m
[0mGET / [32m200 [0m2.183 ms - 11[0m
[0mGET / [32m200 [0m1.338 ms - 11[0m
[0mGET / [32m200 [0m0.983 ms - 11[0m
[0mGET / [32m200 [0m1.179 ms - 11[0m
[0mGET / [32m200 [0m1.285 ms - 11[0m
[0mGET / [32m200 [0m0.844 ms - 11[0m
[0mGET / [32m200 [0m1.040 ms - 11[0m
[0mGET / [32m200 [0m1.341 ms - 11[0m
[0mGET / [32m200 [0m1.296 ms - 11[0m
[0mGET / [32m200 [0m1.143 ms - 11[0m
[0mGET / [32m200 [0m1.329 ms - 11[0m
[0mGET / [32m200 [0m2.063 ms - 11[0m
[0mGET / [32m200 [0m2.305 ms - 11[0m
[0mGET / [32m200 [0m1.376 ms - 11[0m
disconnect
vv4 disconnected
[0mGET / [32m200 [0m0.941 ms - 11[0m
[0mGET / [32m200 [0m1.141 ms - 11[0m
[0mGET / [32m200 [0m1.258 ms - 11[0m
[0mGET / [32m200 [0m0.791 ms - 11[0m
[0mGET / [32m200 [0m0.837 ms - 11[0m
[0mGET / [32m200 [0m0.312 ms - 11[0m
[0mGET / [32m200 [0m1.867 ms - 11[0m
[0mGET / [32m200 [0m1.202 ms - 11[0m
[0mGET / [32m200 [0m1.364 ms - 11[0m
[0mGET / [32m200 [0m1.867 ms - 11[0m
[0mGET / [32m200 [0m1.122 ms - 11[0m
[0mGET / [32m200 [0m1.308 ms - 11[0m
[0mGET / [32m200 [0m1.024 ms - 11[0m
[0mGET / [32m200 [0m1.274 ms - 11[0m
[0mGET / [32m200 [0m1.459 ms - 11[0m
[0mGET / [32m200 [0m1.011 ms - 11[0m
[0mGET / [32m200 [0m1.202 ms - 11[0m
[0mGET / [32m200 [0m1.387 ms - 11[0m
[0mGET / [32m200 [0m1.113 ms - 11[0m
[0mGET / [32m200 [0m1.316 ms - 11[0m
[0mGET / [32m200 [0m1.479 ms - 11[0m
[0mGET / [32m200 [0m0.985 ms - 11[0m
[0mGET / [32m200 [0m1.179 ms - 11[0m
[0mGET / [32m200 [0m1.348 ms - 11[0m
[0mGET / [32m200 [0m0.971 ms - 11[0m
[0mGET / [32m200 [0m1.157 ms - 11[0m
[0mGET / [32m200 [0m1.327 ms - 11[0m
[0mGET / [32m200 [0m0.935 ms - 11[0m
[0mGET / [32m200 [0m1.122 ms - 11[0m
[0mGET / [32m200 [0m1.295 ms - 11[0m
[0mGET / [32m200 [0m0.989 ms - 11[0m
[0mGET / [32m200 [0m1.370 ms - 11[0m
[0mGET / [32m200 [0m1.556 ms - 11[0m
[0mGET / [32m200 [0m0.879 ms - 11[0m
[0mGET / [32m200 [0m1.162 ms - 11[0m
[0mGET / [32m200 [0m1.333 ms - 11[0m
check_phone_number_exist log [object Object]
[0mPOST /check_phone_number_exist/nosql [32m200 [0m67.696 ms - 402[0m
login_register log [object Object]
{ IdentityId: 'us-east-1:7fd187be-f36c-4300-bf20-a01827dbeb73',
  Token: 'eyJraWQiOiJ1cy1lYXN0LTExIiwidHlwIjoiSldTIiwiYWxnIjoiUlM1MTIifQ.eyJzdWIiOiJ1cy1lYXN0LTE6N2ZkMTg3YmUtZjM2Yy00MzAwLWJmMjAtYTAxODI3ZGJlYjczIiwiYXVkIjoidXMtZWFzdC0xOjU1NTJhNTRiLWE1MTktNDRkMi05N2UzLWZlYjNkNDVjOWFmYSIsImFtciI6WyJhdXRoZW50aWNhdGVkIiwibG9naW4udjNyZWUuYXdlc29tZSIsImxvZ2luLnYzcmVlLmF3ZXNvbWU6dXMtZWFzdC0xOjU1NTJhNTRiLWE1MTktNDRkMi05N2UzLWZlYjNkNDVjOWFmYTo5OTEiXSwiaXNzIjoiaHR0cHM6Ly9jb2duaXRvLWlkZW50aXR5LmFtYXpvbmF3cy5jb20iLCJleHAiOjE1MDA4NjcxOTIsImlhdCI6MTUwMDg2MzU5Mn0.LNjanUAiTiT1GnGs8Q1h6WiaiVBHzIPCeQ4Y7ThBs4A5qut-gIMLVUxbKYgx6nGKsw7E2ihVH3fH9nA9eBq_WByGda-xUP3Nb8OGs3h4HSp7wuSLOCNpZaUtun9I5az5XKdHT2Vp0-ottxkPgKxZMNvs1eo4Sw-g3ovjsNhSZUJpycW9g-9mIlojAZYdW5pmNb-xF8yYOh30xAEqxDl2qlEmbgyY1-G8cHglq5Wbn3EygIsFepjE28oRsTv29IZpkF6xPLnuhTjtqD6fU6HXX7sUr9fv7VqjbphPkZnRTnuo2wkv8rMABjPRWAIGlwBGsH4QL9y8tGf_IY5pI-WMAg' }
{ status: 'success',
  action: 'awesomeId occupied',
  item: 
   { email: '',
     name: 'v1',
     head_image: '',
     awesome_chips: '1000',
     phone_number: '991',
     zodiac: '',
     date_of_birth: '',
     info: '',
     outstanding_chips: '',
     country_code: '+852',
     facebook_id: '',
     pet_name: '',
     pet_type: '2',
     pet_color: '2' } }
{ status: 'success',
  action: 'awesomeId occupied',
  item: 
   { email: '',
     name: 'v1',
     head_image: '',
     awesome_chips: '1000',
     phone_number: '991',
     zodiac: '',
     date_of_birth: '',
     info: '',
     outstanding_chips: '',
     country_code: '+852',
     facebook_id: '',
     pet_name: '',
     pet_type: '2',
     pet_color: '2' } }
login completed
[0mPOST /login_register/nosql [32m200 [0m215.811 ms - 290[0m
phone number 991
identityId us-east-1:02462e13-8ddf-41a1-81dc-30a561751f97
get_open_id _phoneNumber 991
get_open_id IdentityIdundefined
{ IdentityId: 'us-east-1:7fd187be-f36c-4300-bf20-a01827dbeb73',
  Token: 'eyJraWQiOiJ1cy1lYXN0LTExIiwidHlwIjoiSldTIiwiYWxnIjoiUlM1MTIifQ.eyJzdWIiOiJ1cy1lYXN0LTE6N2ZkMTg3YmUtZjM2Yy00MzAwLWJmMjAtYTAxODI3ZGJlYjczIiwiYXVkIjoidXMtZWFzdC0xOjU1NTJhNTRiLWE1MTktNDRkMi05N2UzLWZlYjNkNDVjOWFmYSIsImFtciI6WyJhdXRoZW50aWNhdGVkIiwibG9naW4udjNyZWUuYXdlc29tZSIsImxvZ2luLnYzcmVlLmF3ZXNvbWU6dXMtZWFzdC0xOjU1NTJhNTRiLWE1MTktNDRkMi05N2UzLWZlYjNkNDVjOWFmYTo5OTEiXSwiaXNzIjoiaHR0cHM6Ly9jb2duaXRvLWlkZW50aXR5LmFtYXpvbmF3cy5jb20iLCJleHAiOjE1MDA4NjcxOTMsImlhdCI6MTUwMDg2MzU5M30.CfkKxZsP0CK0O4tDifrDdxFJTaXWXvR90sI6Ez62Sm784lId24DgJb3gCN4jNLiS04U90c9ewr8_y1OTB9h9_i2QnTiAtNeBfVfJFiC3cDJoxBzibd-Z6POonvkwDamsQN9BDOh2kts3FXHB2it7OZji4IkkOqZF2FOD6UIOwozCflwQojIP8M8i4okmj5MB5XJGKw_EbSbju0ByH2qKGKR2EolGPdTrxGc9Ep_0Gbv69ORiFTNXfBZycSItiXvS_aiMC4PY4qdRkHShXYBn8oSz8BDU6tX_vZW15vPI6RrlxSHsTpAvGm2iMcP8OC7tN6UGM-hSqER4dOMQqnzevA' }
[0mGET /get_token/9911234/us-east-1:02462e13-8ddf-41a1-81dc-30a561751f97 [32m200 [0m207.752 ms - 895[0m
login matched
[0mPOST /authorize [32m200 [0m58.133 ms - 164[0m
ack {
  "playerId" : "v1"
}
player id v1
[ { id: { S: 'v1' }, awesome_chips: { N: '1000' } } ]
register_endpoint_v2 3407B909-D4E6-4533-BC4A-6BB564EE9F85 ceb8eb01fa2f9e6ecb626e9b9bf462dafdd7a39d83e536eb7f94897bd8e63e92 v1 IOS
*** register_endpoint_v2 success ***
{ status: 'success' }
[0mPOST /api/v1/register_endpoint_v2/nosql [32m200 [0m3.643 ms - 20[0m
{ Count: 0, Items: [], ScannedCount: 0 }
*** addEndPoint success ***
*** insertEndPointToDynamoDB ***
*** insertEndPointToDynamoDB success ***
[0mGET / [32m200 [0m1.072 ms - 11[0m
[0mGET / [32m200 [0m1.368 ms - 11[0m
[0mGET / [32m200 [0m1.525 ms - 11[0m
[0mGET / [32m200 [0m0.975 ms - 11[0m
[0mGET / [32m200 [0m1.212 ms - 11[0m
[0mGET / [32m200 [0m1.360 ms - 11[0m
disconnect
v1 disconnected
ack {
  "playerId" : "v1"
}
player id v1
[ { id: { S: 'v1' }, awesome_chips: { N: '1000' } } ]
register_endpoint_v2 3407B909-D4E6-4533-BC4A-6BB564EE9F85 ceb8eb01fa2f9e6ecb626e9b9bf462dafdd7a39d83e536eb7f94897bd8e63e92 v1 IOS
*** register_endpoint_v2 success ***
{ status: 'success' }
[0mPOST /api/v1/register_endpoint_v2/nosql [32m200 [0m3.867 ms - 20[0m
{ Count: 1,
  Items: 
   [ { awesome_id: [Object],
       endpointArn: [Object],
       device_token: [Object] } ],
  ScannedCount: 1 }
*** addEndPoint success ***
*** insertEndPointToDynamoDB ***
*** insertEndPointToDynamoDB success ***
[0mGET / [32m200 [0m1.068 ms - 11[0m
[0mGET / [32m200 [0m1.250 ms - 11[0m
[0mGET / [32m200 [0m1.444 ms - 11[0m
[0mGET / [32m200 [0m0.971 ms - 11[0m
[0mGET / [32m200 [0m1.151 ms - 11[0m
[0mGET / [32m200 [0m1.283 ms - 11[0m
[0mGET / [32m200 [0m0.970 ms - 11[0m
[0mGET / [32m200 [0m2.293 ms - 11[0m
[0mGET / [32m200 [0m2.382 ms - 11[0m
[0mGET / [32m200 [0m1.006 ms - 11[0m
[0mGET / [32m200 [0m1.190 ms - 11[0m
[0mGET / [32m200 [0m1.336 ms - 11[0m
[0mGET / [32m200 [0m0.956 ms - 11[0m
[0mGET / [32m200 [0m1.184 ms - 11[0m
[0mGET / [32m200 [0m1.372 ms - 11[0m
[0mGET / [32m200 [0m1.012 ms - 11[0m
[0mGET / [32m200 [0m1.243 ms - 11[0m
[0mGET / [32m200 [0m1.430 ms - 11[0m
[0mGET / [32m200 [0m1.409 ms - 11[0m
[0mGET / [32m200 [0m1.648 ms - 11[0m
[0mGET / [32m200 [0m1.365 ms - 11[0m
[0mGET / [32m200 [0m1.020 ms - 11[0m
[0mGET / [32m200 [0m1.196 ms - 11[0m
[0mGET / [32m200 [0m1.337 ms - 11[0m
[0mGET / [32m200 [0m3.881 ms - 11[0m
[0mGET / [32m200 [0m1.183 ms - 11[0m
[0mGET / [32m200 [0m1.327 ms - 11[0m
[0mGET / [32m200 [0m0.979 ms - 11[0m
[0mGET / [32m200 [0m1.068 ms - 11[0m
[0mGET / [32m200 [0m1.323 ms - 11[0m
disconnect
vincent9 disconnected
[0mGET / [32m200 [0m3.349 ms - 11[0m
[0mGET / [32m200 [0m3.611 ms - 11[0m
[0mGET / [32m200 [0m1.383 ms - 11[0m
[0mGET / [32m200 [0m1.047 ms - 11[0m
[0mGET / [32m200 [0m1.277 ms - 11[0m
[0mGET / [32m200 [0m1.361 ms - 11[0m
phone number 68425349
identityId us-east-1:c2324f2f-d14d-46fe-8372-5a88126495be
get_open_id _phoneNumber 68425349
get_open_id IdentityIdundefined
{ IdentityId: 'us-east-1:c2324f2f-d14d-46fe-8372-5a88126495be',
  Token: 'eyJraWQiOiJ1cy1lYXN0LTExIiwidHlwIjoiSldTIiwiYWxnIjoiUlM1MTIifQ.eyJzdWIiOiJ1cy1lYXN0LTE6YzIzMjRmMmYtZDE0ZC00NmZlLTgzNzItNWE4ODEyNjQ5NWJlIiwiYXVkIjoidXMtZWFzdC0xOjU1NTJhNTRiLWE1MTktNDRkMi05N2UzLWZlYjNkNDVjOWFmYSIsImFtciI6WyJhdXRoZW50aWNhdGVkIiwibG9naW4udjNyZWUuYXdlc29tZSIsImxvZ2luLnYzcmVlLmF3ZXNvbWU6dXMtZWFzdC0xOjU1NTJhNTRiLWE1MTktNDRkMi05N2UzLWZlYjNkNDVjOWFmYTo2ODQyNTM0OSJdLCJpc3MiOiJodHRwczovL2NvZ25pdG8taWRlbnRpdHkuYW1hem9uYXdzLmNvbSIsImV4cCI6MTUwMDg2NzQwMiwiaWF0IjoxNTAwODYzODAyfQ.EIrMlwKhz5t49YNcUNxHYwIBDOnZh0Tppvzc3yo-50NdP49vSe1PQ18Q0-I6ajNubZ8Cw8MGQRlByznOcXY_H8ArkaW8yrOMRBSO_XJnOuCtG9CUPmzi92u-FGI0yPY8p2zTJtUHk8E0lpGq-RyL1V5AtoslniAwjpCwREkyRu_Bab_LtEr1dDiq8vgJha9NiCAS_nA8AxhTDxd19WBN59WD3FpPjC47oHeTtMXx80_tOIqX96nFtIOzj7J1FVuv7xIwdNcoZQW0Ofp1JUmp5PHolpDK_o2ZwbTsUJGE6VZ54hdX0SA7poQLgxjM86SC7BQtLd-qZGQ9ssrqlOrhfg' }
[0mGET /get_token/684253491234/us-east-1:c2324f2f-d14d-46fe-8372-5a88126495be [32m200 [0m124.126 ms - 902[0m
ack {
  "playerId" : "vincent9"
}
player id vincent9
[ { id: { S: 'vincent9' }, awesome_chips: { N: '1182' } } ]
[0mGET / [32m200 [0m0.994 ms - 11[0m
[0mGET / [32m200 [0m1.246 ms - 11[0m
[0mGET / [32m200 [0m1.387 ms - 11[0m
[0mGET / [32m200 [0m1.004 ms - 11[0m
[0mGET / [32m200 [0m2.121 ms - 11[0m
[0mGET / [32m200 [0m2.296 ms - 11[0m
[0mGET / [32m200 [0m2.171 ms - 11[0m
[0mGET / [32m200 [0m2.338 ms - 11[0m
[0mGET / [32m200 [0m2.553 ms - 11[0m
[0mGET / [32m200 [0m1.348 ms - 11[0m
[0mGET / [32m200 [0m1.526 ms - 11[0m
[0mGET / [32m200 [0m1.675 ms - 11[0m
[0mGET / [32m200 [0m0.941 ms - 11[0m
[0mGET / [32m200 [0m1.159 ms - 11[0m
[0mGET / [32m200 [0m1.311 ms - 11[0m
[0mGET / [32m200 [0m0.977 ms - 11[0m
[0mGET / [32m200 [0m1.225 ms - 11[0m
[0mGET / [32m200 [0m1.378 ms - 11[0m
[0mGET / [32m200 [0m2.040 ms - 11[0m
[0mGET / [32m200 [0m2.245 ms - 11[0m
[0mGET / [32m200 [0m1.416 ms - 11[0m
[0mGET / [32m200 [0m0.918 ms - 11[0m
[0mGET / [32m200 [0m1.091 ms - 11[0m
[0mGET / [32m200 [0m1.273 ms - 11[0m
[0mGET / [32m200 [0m1.008 ms - 11[0m
[0mGET / [32m200 [0m1.333 ms - 11[0m
[0mGET / [32m200 [0m1.486 ms - 11[0m
[0mGET / [32m200 [0m0.967 ms - 11[0m
[0mGET / [32m200 [0m1.128 ms - 11[0m
[0mGET / [32m200 [0m1.263 ms - 11[0m
[0mGET / [32m200 [0m2.048 ms - 11[0m
[0mGET / [32m200 [0m1.216 ms - 11[0m
[0mGET / [32m200 [0m1.397 ms - 11[0m
[0mGET / [32m200 [0m0.603 ms - 11[0m
[0mGET / [32m200 [0m0.695 ms - 11[0m
[0mGET / [32m200 [0m0.654 ms - 11[0m
[0mGET / [32m200 [0m0.976 ms - 11[0m
[0mGET / [32m200 [0m1.256 ms - 11[0m
[0mGET / [32m200 [0m1.406 ms - 11[0m
[0mGET / [32m200 [0m0.856 ms - 11[0m
[0mGET / [32m200 [0m1.202 ms - 11[0m
[0mGET / [32m200 [0m0.852 ms - 11[0m
[0mGET / [32m200 [0m4.176 ms - 11[0m
[0mGET / [32m200 [0m3.245 ms - 11[0m
[0mGET / [32m200 [0m6.101 ms - 11[0m
[0mGET / [32m200 [0m1.046 ms - 11[0m
[0mGET / [32m200 [0m1.212 ms - 11[0m
[0mGET / [32m200 [0m1.358 ms - 11[0m
[0mGET / [32m200 [0m0.981 ms - 11[0m
[0mGET / [32m200 [0m1.270 ms - 11[0m
[0mGET / [32m200 [0m1.479 ms - 11[0m
[0mGET / [32m200 [0m1.004 ms - 11[0m
[0mGET / [32m200 [0m2.307 ms - 11[0m
[0mGET / [32m200 [0m2.520 ms - 11[0m
[0mGET / [32m200 [0m1.125 ms - 11[0m
[0mGET / [32m200 [0m1.248 ms - 11[0m
[0mGET / [32m200 [0m1.541 ms - 11[0m
[0mGET / [32m200 [0m1.036 ms - 11[0m
[0mGET / [32m200 [0m1.462 ms - 11[0m
[0mGET / [32m200 [0m1.602 ms - 11[0m
[0mGET / [32m200 [0m0.977 ms - 11[0m
[0mGET / [32m200 [0m1.189 ms - 11[0m
[0mGET / [32m200 [0m1.377 ms - 11[0m
[0mGET / [32m200 [0m0.900 ms - 11[0m
[0mGET / [32m200 [0m1.216 ms - 11[0m
[0mGET / [32m200 [0m1.397 ms - 11[0m
[0mGET / [32m200 [0m1.064 ms - 11[0m
[0mGET / [32m200 [0m1.284 ms - 11[0m
[0mGET / [32m200 [0m1.303 ms - 11[0m
[0mGET / [32m200 [0m0.835 ms - 11[0m
[0mGET / [32m200 [0m1.180 ms - 11[0m
[0mGET / [32m200 [0m0.811 ms - 11[0m
[0mGET / [32m200 [0m0.926 ms - 11[0m
[0mGET / [32m200 [0m1.226 ms - 11[0m
[0mGET / [32m200 [0m1.387 ms - 11[0m
[0mGET / [32m200 [0m2.098 ms - 11[0m
[0mGET / [32m200 [0m1.094 ms - 11[0m
[0mGET / [32m200 [0m1.280 ms - 11[0m
[0mGET / [32m200 [0m0.985 ms - 11[0m
[0mGET / [32m200 [0m1.249 ms - 11[0m
[0mGET / [32m200 [0m1.348 ms - 11[0m
[0mGET / [32m200 [0m1.579 ms - 11[0m
[0mGET / [32m200 [0m1.670 ms - 11[0m
[0mGET / [32m200 [0m1.861 ms - 11[0m
[0mGET / [32m200 [0m0.936 ms - 11[0m
[0mGET / [32m200 [0m1.203 ms - 11[0m
[0mGET / [32m200 [0m1.255 ms - 11[0m
[0mGET / [32m200 [0m1.067 ms - 11[0m
[0mGET / [32m200 [0m1.228 ms - 11[0m
[0mGET / [32m200 [0m1.327 ms - 11[0m
[0mGET / [32m200 [0m2.979 ms - 11[0m
[0mGET / [32m200 [0m3.272 ms - 11[0m
[0mGET / [32m200 [0m3.433 ms - 11[0m
[0mGET / [32m200 [0m1.041 ms - 11[0m
[0mGET / [32m200 [0m1.192 ms - 11[0m
[0mGET / [32m200 [0m1.304 ms - 11[0m
[0mGET / [32m200 [0m1.086 ms - 11[0m
[0mGET / [32m200 [0m2.620 ms - 11[0m
[0mGET / [32m200 [0m2.591 ms - 11[0m
[0mGET / [32m200 [0m1.141 ms - 11[0m
[0mGET / [32m200 [0m1.321 ms - 11[0m
[0mGET / [32m200 [0m1.492 ms - 11[0m
[0mGET / [32m200 [0m1.119 ms - 11[0m
[0mGET / [32m200 [0m1.405 ms - 11[0m
[0mGET / [32m200 [0m1.518 ms - 11[0m
[0mGET / [32m200 [0m1.114 ms - 11[0m
[0mGET / [32m200 [0m1.315 ms - 11[0m
[0mGET / [32m200 [0m1.444 ms - 11[0m
disconnect
undefined disconnected
disconnect
undefined disconnected
disconnect
undefined disconnected
[0mGET / [32m200 [0m1.032 ms - 11[0m
[0mGET / [32m200 [0m2.545 ms - 11[0m
[0mGET / [32m200 [0m2.518 ms - 11[0m
[0mGET / [32m200 [0m1.116 ms - 11[0m
[0mGET / [32m200 [0m1.323 ms - 11[0m
[0mGET / [32m200 [0m1.488 ms - 11[0m
[0mGET / [32m200 [0m23.177 ms - 11[0m
[0mGET / [32m200 [0m1.232 ms - 11[0m
[0mGET / [32m200 [0m1.340 ms - 11[0m
[0mGET / [32m200 [0m1.002 ms - 11[0m
[0mGET / [32m200 [0m1.244 ms - 11[0m
[0mGET / [32m200 [0m1.331 ms - 11[0m
[0mGET / [32m200 [0m0.924 ms - 11[0m
[0mGET / [32m200 [0m1.605 ms - 11[0m
[0mGET / [32m200 [0m1.749 ms - 11[0m
[0mGET / [32m200 [0m0.829 ms - 11[0m
[0mGET / [32m200 [0m1.092 ms - 11[0m
[0mGET / [32m200 [0m0.271 ms - 11[0m
[0mGET / [32m200 [0m0.907 ms - 11[0m
[0mGET / [32m200 [0m1.117 ms - 11[0m
[0mGET / [32m200 [0m2.502 ms - 11[0m
[0mGET / [32m200 [0m0.914 ms - 11[0m
[0mGET / [32m200 [0m1.123 ms - 11[0m
[0mGET / [32m200 [0m1.314 ms - 11[0m
[0mGET / [32m200 [0m0.928 ms - 11[0m
[0mGET / [32m200 [0m1.138 ms - 11[0m
[0mGET / [32m200 [0m1.356 ms - 11[0m
[0mGET / [32m200 [0m0.958 ms - 11[0m
[0mGET / [32m200 [0m1.044 ms - 11[0m
[0mGET / [32m200 [0m1.242 ms - 11[0m
[0mGET / [32m200 [0m2.032 ms - 11[0m
[0mGET / [32m200 [0m1.181 ms - 11[0m
[0mGET / [32m200 [0m1.354 ms - 11[0m
[0mGET / [32m200 [0m0.894 ms - 11[0m
[0mGET / [32m200 [0m1.079 ms - 11[0m
[0mGET / [32m200 [0m1.247 ms - 11[0m
check_phone_number_exist log [object Object]
[0mPOST /check_phone_number_exist/nosql [32m200 [0m66.072 ms - 492[0m
[0mGET / [32m200 [0m0.858 ms - 11[0m
[0mGET / [32m200 [0m1.163 ms - 11[0m
[0mGET / [32m200 [0m1.330 ms - 11[0m
login_register log [object Object]
{ IdentityId: 'us-east-1:d3ca10ed-da9e-40c6-8142-f5a71c940d5a',
  Token: 'eyJraWQiOiJ1cy1lYXN0LTExIiwidHlwIjoiSldTIiwiYWxnIjoiUlM1MTIifQ.eyJzdWIiOiJ1cy1lYXN0LTE6ZDNjYTEwZWQtZGE5ZS00MGM2LTgxNDItZjVhNzFjOTQwZDVhIiwiYXVkIjoidXMtZWFzdC0xOjU1NTJhNTRiLWE1MTktNDRkMi05N2UzLWZlYjNkNDVjOWFmYSIsImFtciI6WyJhdXRoZW50aWNhdGVkIiwibG9naW4udjNyZWUuYXdlc29tZSIsImxvZ2luLnYzcmVlLmF3ZXNvbWU6dXMtZWFzdC0xOjU1NTJhNTRiLWE1MTktNDRkMi05N2UzLWZlYjNkNDVjOWFmYToxMjMxMjMxMjMiXSwiaXNzIjoiaHR0cHM6Ly9jb2duaXRvLWlkZW50aXR5LmFtYXpvbmF3cy5jb20iLCJleHAiOjE1MDA4NjgxNDYsImlhdCI6MTUwMDg2NDU0Nn0.dFXfmeiyRsPNPs5QFqX8IB8BgDDv87V_KlQdg7kX_5wFCOXU49O47EpDXFNW9vsr_YL4lE0adodqSfQnGhUfTpGfWsccdL5kRCd0pn9XHIXZu32vcH6TNnumkPJ4RRwzMmv265uyEwlJmumVf8muQ94F-HsISW3sMbVtE7HrfIflxxbXLgkKyNV3DtLEm5qoyeuS_e0T04LyGI6KJV9Ex2kpw_O7lVE2wtKqsqfSVpgOJwR-By0_GsXc6g1hic8PZh6VIT69wSpzQAolcO36NwS4TMGJBAOImR0XR5NsIFNme5PAwgmsgwR1y0BK8bLKKRxQDUuKsglyyvKjl6LM-Q' }
{ status: 'success',
  action: 'awesomeId occupied',
  item: 
   { email: '',
     name: '123123123',
     head_image: '',
     awesome_chips: '1004',
     phone_number: '123123123',
     zodiac: 'Leo',
     date_of_birth: '1991-08-10T00:00:00.000Z',
     info: '',
     outstanding_chips: '',
     country_code: '+852',
     facebook_id: '',
     pet_name: '',
     pet_type: '0',
     pet_color: '1' } }
{ status: 'success',
  action: 'awesomeId occupied',
  item: 
   { email: '',
     name: '123123123',
     head_image: '',
     awesome_chips: '1004',
     phone_number: '123123123',
     zodiac: 'Leo',
     date_of_birth: '1991-08-10T00:00:00.000Z',
     info: '',
     outstanding_chips: '',
     country_code: '+852',
     facebook_id: '',
     pet_name: '',
     pet_type: '0',
     pet_color: '1' } }
login completed
[0mPOST /login_register/nosql [32m200 [0m274.083 ms - 330[0m
phone number 123123123
identityId us-east-1:d3ca10ed-da9e-40c6-8142-f5a71c940d5a
get_open_id _phoneNumber 123123123
get_open_id IdentityIdundefined
{ IdentityId: 'us-east-1:d3ca10ed-da9e-40c6-8142-f5a71c940d5a',
  Token: 'eyJraWQiOiJ1cy1lYXN0LTExIiwidHlwIjoiSldTIiwiYWxnIjoiUlM1MTIifQ.eyJzdWIiOiJ1cy1lYXN0LTE6ZDNjYTEwZWQtZGE5ZS00MGM2LTgxNDItZjVhNzFjOTQwZDVhIiwiYXVkIjoidXMtZWFzdC0xOjU1NTJhNTRiLWE1MTktNDRkMi05N2UzLWZlYjNkNDVjOWFmYSIsImFtciI6WyJhdXRoZW50aWNhdGVkIiwibG9naW4udjNyZWUuYXdlc29tZSIsImxvZ2luLnYzcmVlLmF3ZXNvbWU6dXMtZWFzdC0xOjU1NTJhNTRiLWE1MTktNDRkMi05N2UzLWZlYjNkNDVjOWFmYToxMjMxMjMxMjMiXSwiaXNzIjoiaHR0cHM6Ly9jb2duaXRvLWlkZW50aXR5LmFtYXpvbmF3cy5jb20iLCJleHAiOjE1MDA4NjgxNDcsImlhdCI6MTUwMDg2NDU0N30.blKc8wmSE88GNdXkmijHCY7sV_rxzO7FV9j4gJB4Px3adPJZyf73-pc_h3FcjnADmZh7ispvr4tcuSKFX5dF0dJ_Idb2PVADQUDvl9NhoGcJWRK4B4UpTJtKDSRTrcLzCS4aDXKhivqa5tJh3at1XAczZ6VJIuUl19JHZf1XjO3EUNAQjxb4WD7TlLrx0075AZNQ_Q2yzaYkFRPRPkSWnPgt2H9JQysn5dM_vocKpZt50oeVGWACv4IZPYDYIDdF_UVfaE0c841U4HL_0D6NQ0_fMk49iS00H9Ent_zlBI3vFd_TC-ad3aJuiT-WSNUA-keDlTsj7V4Zu_PiOxuaQA' }
[0mGET /get_token/1231231231234/us-east-1:d3ca10ed-da9e-40c6-8142-f5a71c940d5a [32m200 [0m120.899 ms - 903[0m
[0mGET / [32m200 [0m0.954 ms - 11[0m
[0mGET / [32m200 [0m1.210 ms - 11[0m
[0mGET / [32m200 [0m1.407 ms - 11[0m
login matched
[0mPOST /authorize [32m200 [0m63.809 ms - 164[0m
ack {
  "playerId" : "123123123"
}
player id 123123123
[ { id: { S: '123123123' }, awesome_chips: { N: '1004' } } ]
[0mGET / [32m200 [0m0.862 ms - 11[0m
[0mGET / [32m200 [0m1.353 ms - 11[0m
[0mGET / [32m200 [0m1.546 ms - 11[0m
[0mGET / [32m200 [0m0.962 ms - 11[0m
[0mGET / [32m200 [0m1.148 ms - 11[0m
[0mGET / [32m200 [0m1.182 ms - 11[0m
register_endpoint_v2 00AB5D14-597F-44F3-BFA6-C07CDBCBA42E 050f2bc3b307a0ee411e4b8b2f1502c2620f0e3ff93390ba294398c8723e8ddc 123123123 IOS
*** register_endpoint_v2 success ***
{ status: 'success' }
[0mPOST /api/v1/register_endpoint_v2/nosql [32m200 [0m4.269 ms - 20[0m
{ Count: 0, Items: [], ScannedCount: 0 }
*** addEndPoint success ***
*** insertEndPointToDynamoDB ***
*** insertEndPointToDynamoDB success ***
[0mGET / [32m200 [0m0.919 ms - 11[0m
[0mGET / [32m200 [0m1.165 ms - 11[0m
[0mGET / [32m200 [0m1.331 ms - 11[0m
[0mGET / [32m200 [0m0.958 ms - 11[0m
[0mGET / [32m200 [0m1.066 ms - 11[0m
[0mGET / [32m200 [0m1.360 ms - 11[0m
[0mGET / [32m200 [0m0.985 ms - 11[0m
[0mGET / [32m200 [0m1.204 ms - 11[0m
[0mGET / [32m200 [0m1.401 ms - 11[0m
[0mGET / [32m200 [0m0.983 ms - 11[0m
[0mGET / [32m200 [0m1.209 ms - 11[0m
[0mGET / [32m200 [0m1.354 ms - 11[0m
[0mGET / [32m200 [0m0.926 ms - 11[0m
[0mGET / [32m200 [0m1.156 ms - 11[0m
[0mGET / [32m200 [0m1.319 ms - 11[0m
[0mGET / [32m200 [0m0.897 ms - 11[0m
[0mGET / [32m200 [0m1.862 ms - 11[0m
[0mGET / [32m200 [0m2.010 ms - 11[0m
[0mGET / [32m200 [0m0.807 ms - 11[0m
[0mGET / [32m200 [0m1.033 ms - 11[0m
[0mGET / [32m200 [0m0.451 ms - 11[0m
[0mGET / [32m200 [0m0.812 ms - 11[0m
[0mGET / [32m200 [0m1.114 ms - 11[0m
[0mGET / [32m200 [0m1.298 ms - 11[0m
disconnect
undefined disconnected
disconnect
undefined disconnected
disconnect
undefined disconnected
disconnect
undefined disconnected
disconnect
undefined disconnected
disconnect
undefined disconnected
disconnect
undefined disconnected
[0mGET / [32m200 [0m1.032 ms - 11[0m
[0mGET / [32m200 [0m1.275 ms - 11[0m
[0mGET / [32m200 [0m3.510 ms - 11[0m
[0mGET / [32m200 [0m1.067 ms - 11[0m
[0mGET / [32m200 [0m1.022 ms - 11[0m
[0mGET / [32m200 [0m1.396 ms - 11[0m
[0mGET / [32m200 [0m1.071 ms - 11[0m
[0mGET / [32m200 [0m1.282 ms - 11[0m
[0mGET / [32m200 [0m1.724 ms - 11[0m
[0mGET / [32m200 [0m0.840 ms - 11[0m
[0mGET / [32m200 [0m1.286 ms - 11[0m
[0mGET / [32m200 [0m1.500 ms - 11[0m
[0mGET / [32m200 [0m1.092 ms - 11[0m
[0mGET / [32m200 [0m2.647 ms - 11[0m
[0mGET / [32m200 [0m2.562 ms - 11[0m
[0mGET / [32m200 [0m1.054 ms - 11[0m
[0mGET / [32m200 [0m1.766 ms - 11[0m
[0mGET / [32m200 [0m1.940 ms - 11[0m
[0mGET / [32m200 [0m1.314 ms - 11[0m
[0mGET / [32m200 [0m1.586 ms - 11[0m
[0mGET / [32m200 [0m1.780 ms - 11[0m
[0mGET / [32m200 [0m0.931 ms - 11[0m
[0mGET / [32m200 [0m1.131 ms - 11[0m
[0mGET / [32m200 [0m1.340 ms - 11[0m
[0mGET / [32m200 [0m0.460 ms - 11[0m
[0mGET / [32m200 [0m0.481 ms - 11[0m
[0mGET / [32m200 [0m0.719 ms - 11[0m
[0mGET / [32m200 [0m5.877 ms - 11[0m
[0mGET / [32m200 [0m1.149 ms - 11[0m
[0mGET / [32m200 [0m1.339 ms - 11[0m
[0mGET / [32m200 [0m0.806 ms - 11[0m
[0mGET / [32m200 [0m1.151 ms - 11[0m
[0mGET / [32m200 [0m1.367 ms - 11[0m
[0mGET / [32m200 [0m0.919 ms - 11[0m
[0mGET / [32m200 [0m1.134 ms - 11[0m
[0mGET / [32m200 [0m1.199 ms - 11[0m
[0mGET / [32m200 [0m0.962 ms - 11[0m
[0mGET / [32m200 [0m1.219 ms - 11[0m
[0mGET / [32m200 [0m1.418 ms - 11[0m
[0mGET / [32m200 [0m0.933 ms - 11[0m
[0mGET / [32m200 [0m1.135 ms - 11[0m
[0mGET / [32m200 [0m1.325 ms - 11[0m
[0mGET / [32m200 [0m0.999 ms - 11[0m
[0mGET / [32m200 [0m1.250 ms - 11[0m
[0mGET / [32m200 [0m4.450 ms - 11[0m
[0mGET / [32m200 [0m5.874 ms - 11[0m
[0mGET / [32m200 [0m1.236 ms - 11[0m
[0mGET / [32m200 [0m1.379 ms - 11[0m
phone number 66451327
identityId us-east-1:d711efea-1aa7-4d5b-937c-255a43619c0a
get_open_id _phoneNumber 66451327
get_open_id IdentityIdundefined
{ IdentityId: 'us-east-1:d711efea-1aa7-4d5b-937c-255a43619c0a',
  Token: 'eyJraWQiOiJ1cy1lYXN0LTExIiwidHlwIjoiSldTIiwiYWxnIjoiUlM1MTIifQ.eyJzdWIiOiJ1cy1lYXN0LTE6ZDcxMWVmZWEtMWFhNy00ZDViLTkzN2MtMjU1YTQzNjE5YzBhIiwiYXVkIjoidXMtZWFzdC0xOjU1NTJhNTRiLWE1MTktNDRkMi05N2UzLWZlYjNkNDVjOWFmYSIsImFtciI6WyJhdXRoZW50aWNhdGVkIiwibG9naW4udjNyZWUuYXdlc29tZSIsImxvZ2luLnYzcmVlLmF3ZXNvbWU6dXMtZWFzdC0xOjU1NTJhNTRiLWE1MTktNDRkMi05N2UzLWZlYjNkNDVjOWFmYTo2NjQ1MTMyNyJdLCJpc3MiOiJodHRwczovL2NvZ25pdG8taWRlbnRpdHkuYW1hem9uYXdzLmNvbSIsImV4cCI6MTUwMDg2ODU1MSwiaWF0IjoxNTAwODY0OTUxfQ.YDlNlkM6p9YE6GLvRzOuJCNLFDNHR8qLzXHPWFokbgq-VxqBniMJyFBUMpTcO9J8GPPzsEDJHJFF3sEY_4NGrw4_rsGTDgWISRJUydTWAxaJeL29phfn-hcgyb8O50licEy05XS1fnigFYvqC11yAK_ow_PndlNq5EPoHR_RJQMqCnDHvKpi6t9jeKOeWh8iS_kNsZCGDoLTIMmCmbcXFNz_R0nSqDdMPVtSbonSbyQJO0-ZChJ5i6pTHUolPlPXMqDLurCvxPKDCyiWt2pFUXeJgvRaunhGMx3Y1gocGct8QGMCcR99nqCeGtadhAk7VRp0QJks8fdIbMiS-EuXpQ' }
[0mGET /get_token/664513271234/us-east-1:d711efea-1aa7-4d5b-937c-255a43619c0a [32m200 [0m129.616 ms - 902[0m
[0mGET / [32m200 [0m2.362 ms - 11[0m
[0mGET / [32m200 [0m2.604 ms - 11[0m
[0mGET / [32m200 [0m2.717 ms - 11[0m
[0mGET / [32m200 [0m0.886 ms - 11[0m
[0mGET / [32m200 [0m1.113 ms - 11[0m
[0mGET / [32m200 [0m1.295 ms - 11[0m
disconnect
undefined disconnected
[0mGET / [32m200 [0m0.957 ms - 11[0m
[0mGET / [32m200 [0m1.256 ms - 11[0m
[0mGET / [32m200 [0m1.444 ms - 11[0m
[0mGET / [32m200 [0m0.938 ms - 11[0m
[0mGET / [32m200 [0m2.341 ms - 11[0m
[0mGET / [32m200 [0m2.595 ms - 11[0m
disconnect
undefined disconnected
disconnect
undefined disconnected
disconnect
undefined disconnected
disconnect
undefined disconnected
disconnect
undefined disconnected
disconnect
undefined disconnected
disconnect
undefined disconnected
[0mGET / [32m200 [0m0.975 ms - 11[0m
[0mGET / [32m200 [0m1.291 ms - 11[0m
[0mGET / [32m200 [0m1.442 ms - 11[0m
[0mGET / [32m200 [0m0.820 ms - 11[0m
[0mGET / [32m200 [0m1.162 ms - 11[0m
[0mGET / [32m200 [0m1.434 ms - 11[0m
[0mGET / [32m200 [0m0.937 ms - 11[0m
[0mGET / [32m200 [0m1.219 ms - 11[0m
[0mGET / [32m200 [0m1.406 ms - 11[0m
[0mGET / [32m200 [0m2.987 ms - 11[0m
[0mGET / [32m200 [0m3.209 ms - 11[0m
[0mGET / [32m200 [0m3.349 ms - 11[0m
[0mGET / [32m200 [0m0.919 ms - 11[0m
[0mGET / [32m200 [0m1.208 ms - 11[0m
[0mGET / [32m200 [0m1.426 ms - 11[0m
[0mGET / [32m200 [0m0.940 ms - 11[0m
[0mGET / [32m200 [0m1.196 ms - 11[0m
[0mGET / [32m200 [0m1.398 ms - 11[0m
[0mGET / [32m200 [0m0.997 ms - 11[0m
[0mGET / [32m200 [0m1.274 ms - 11[0m
[0mGET / [32m200 [0m1.280 ms - 11[0m
disconnect
undefined disconnected
[0mGET / [32m200 [0m0.566 ms - 11[0m
[0mGET / [32m200 [0m0.676 ms - 11[0m
[0mGET / [32m200 [0m0.827 ms - 11[0m
[0mGET / [32m200 [0m0.946 ms - 11[0m
[0mGET / [32m200 [0m1.186 ms - 11[0m
[0mGET / [32m200 [0m1.320 ms - 11[0m
[0mGET / [32m200 [0m0.899 ms - 11[0m
[0mGET / [32m200 [0m1.165 ms - 11[0m
[0mGET / [32m200 [0m1.330 ms - 11[0m
[0mGET / [32m200 [0m1.018 ms - 11[0m
[0mGET / [32m200 [0m1.283 ms - 11[0m
[0mGET / [32m200 [0m1.266 ms - 11[0m
[0mGET / [32m200 [0m0.902 ms - 11[0m
[0mGET / [32m200 [0m1.098 ms - 11[0m
[0mGET / [32m200 [0m1.280 ms - 11[0m
disconnect
undefined disconnected
[0mGET / [32m200 [0m1.009 ms - 11[0m
[0mGET / [32m200 [0m1.243 ms - 11[0m
[0mGET / [32m200 [0m1.420 ms - 11[0m
[0mGET / [32m200 [0m0.950 ms - 11[0m
[0mGET / [32m200 [0m1.147 ms - 11[0m
[0mGET / [32m200 [0m1.355 ms - 11[0m
[0mGET / [32m200 [0m0.988 ms - 11[0m
[0mGET / [32m200 [0m1.281 ms - 11[0m
[0mGET / [32m200 [0m1.435 ms - 11[0m
[0mGET / [32m200 [0m0.834 ms - 11[0m
[0mGET / [32m200 [0m1.051 ms - 11[0m
[0mGET / [32m200 [0m1.249 ms - 11[0m
[0mGET / [32m200 [0m2.186 ms - 11[0m
[0mGET / [32m200 [0m2.497 ms - 11[0m
[0mGET / [32m200 [0m1.368 ms - 11[0m
[0mGET / [32m200 [0m1.185 ms - 11[0m
[0mGET / [32m200 [0m1.503 ms - 11[0m
[0mGET / [32m200 [0m1.283 ms - 11[0m
[0mGET / [32m200 [0m2.997 ms - 11[0m
[0mGET / [32m200 [0m3.216 ms - 11[0m
[0mGET / [32m200 [0m1.360 ms - 11[0m
[0mGET / [32m200 [0m0.935 ms - 11[0m
[0mGET / [32m200 [0m1.153 ms - 11[0m
[0mGET / [32m200 [0m1.324 ms - 11[0m
disconnect
undefined disconnected
disconnect
undefined disconnected
[0mGET / [32m200 [0m1.021 ms - 11[0m
[0mGET / [32m200 [0m1.307 ms - 11[0m
[0mGET / [32m200 [0m1.422 ms - 11[0m
[0mGET / [32m200 [0m1.017 ms - 11[0m
[0mGET / [32m200 [0m1.483 ms - 11[0m
[0mGET / [32m200 [0m1.538 ms - 11[0m
[0mGET / [32m200 [0m0.999 ms - 11[0m
[0mGET / [32m200 [0m1.306 ms - 11[0m
[0mGET / [32m200 [0m1.495 ms - 11[0m
[0mGET / [32m200 [0m0.928 ms - 11[0m
[0mGET / [32m200 [0m0.932 ms - 11[0m
[0mGET / [32m200 [0m0.478 ms - 11[0m
disconnect
undefined disconnected
[0mGET / [32m200 [0m0.979 ms - 11[0m
[0mGET / [32m200 [0m1.218 ms - 11[0m
[0mGET / [32m200 [0m1.434 ms - 11[0m
[0mGET / [32m200 [0m0.896 ms - 11[0m
[0mGET / [32m200 [0m1.123 ms - 11[0m
[0mGET / [32m200 [0m1.321 ms - 11[0m
disconnect
undefined disconnected
[0mGET / [32m200 [0m1.036 ms - 11[0m
[0mGET / [32m200 [0m1.310 ms - 11[0m
[0mGET / [32m200 [0m1.403 ms - 11[0m
[0mGET / [32m200 [0m0.887 ms - 11[0m
[0mGET / [32m200 [0m1.104 ms - 11[0m
[0mGET / [32m200 [0m1.258 ms - 11[0m
disconnect
undefined disconnected
disconnect
undefined disconnected
[0mGET / [32m200 [0m0.991 ms - 11[0m
[0mGET / [32m200 [0m1.237 ms - 11[0m
[0mGET / [32m200 [0m1.416 ms - 11[0m
[0mGET / [32m200 [0m1.018 ms - 11[0m
[0mGET / [32m200 [0m1.244 ms - 11[0m
[0mGET / [32m200 [0m1.359 ms - 11[0m
[0mGET / [32m200 [0m0.839 ms - 11[0m
[0mGET / [32m200 [0m1.255 ms - 11[0m
[0mGET / [32m200 [0m1.454 ms - 11[0m
[0mGET / [32m200 [0m0.905 ms - 11[0m
[0mGET / [32m200 [0m1.117 ms - 11[0m
[0mGET / [32m200 [0m1.129 ms - 11[0m
[0mGET / [32m200 [0m0.975 ms - 11[0m
[0mGET / [32m200 [0m1.191 ms - 11[0m
[0mGET / [32m200 [0m1.323 ms - 11[0m
[0mGET / [32m200 [0m1.007 ms - 11[0m
[0mGET / [32m200 [0m1.229 ms - 11[0m
[0mGET / [32m200 [0m1.329 ms - 11[0m
[0mGET / [32m200 [0m2.928 ms - 11[0m
[0mGET / [32m200 [0m3.205 ms - 11[0m
[0mGET / [32m200 [0m3.403 ms - 11[0m
[0mGET / [32m200 [0m0.950 ms - 11[0m
[0mGET / [32m200 [0m1.164 ms - 11[0m
[0mGET / [32m200 [0m1.355 ms - 11[0m
[0mGET / [32m200 [0m0.762 ms - 11[0m
[0mGET / [32m200 [0m1.180 ms - 11[0m
[0mGET / [32m200 [0m1.378 ms - 11[0m
[0mGET / [32m200 [0m1.011 ms - 11[0m
[0mGET / [32m200 [0m1.045 ms - 11[0m
[0mGET / [32m200 [0m1.228 ms - 11[0m
disconnect
undefined disconnected
[0mGET / [32m200 [0m1.005 ms - 11[0m
[0mGET / [32m200 [0m1.886 ms - 11[0m
[0mGET / [32m200 [0m2.095 ms - 11[0m
[0mGET / [32m200 [0m1.010 ms - 11[0m
[0mGET / [32m200 [0m1.246 ms - 11[0m
[0mGET / [32m200 [0m1.441 ms - 11[0m
[0mGET / [32m200 [0m1.044 ms - 11[0m
[0mGET / [32m200 [0m1.337 ms - 11[0m
[0mGET / [32m200 [0m1.324 ms - 11[0m
[0mGET / [32m200 [0m1.023 ms - 11[0m
[0mGET / [32m200 [0m1.287 ms - 11[0m
[0mGET / [32m200 [0m1.403 ms - 11[0m
[0mGET / [32m200 [0m1.142 ms - 11[0m
[0mGET / [32m200 [0m1.386 ms - 11[0m
[0mGET / [32m200 [0m1.589 ms - 11[0m
[0mGET / [32m200 [0m1.066 ms - 11[0m
[0mGET / [32m200 [0m1.278 ms - 11[0m
[0mGET / [32m200 [0m1.416 ms - 11[0m
disconnect
undefined disconnected
[0mGET / [32m200 [0m0.882 ms - 11[0m
[0mGET / [32m200 [0m1.189 ms - 11[0m
[0mGET / [32m200 [0m2.348 ms - 11[0m
[0mGET / [32m200 [0m0.773 ms - 11[0m
[0mGET / [32m200 [0m0.974 ms - 11[0m
[0mGET / [32m200 [0m1.150 ms - 11[0m
68d2f76a-ba4b-4845-bb25-7b1aabee0739
ok
[0mGET / [32m200 [0m0.769 ms - 11[0m
[0mGET / [32m200 [0m0.975 ms - 11[0m
[0mGET / [32m200 [0m1.153 ms - 11[0m
action_packet {
  "packet_id" : "91EC54A7-1FA9-4911-BFDA-B12C7E11947A-10654-000007DBE8530088",
  "action_name" : "send_message",
  "action_content" : {
    "recipient_id" : "2017-07-04T03",
    "sender_name" : "v9999",
    "group_id" : "2017-07-04T03:58:01.472Z_vincent63472",
    "group_name" : "vin63472 vvv",
    "message_id" : "2DA298F5-EA65-4A92-9F0C-DEF39AFFFE8D-10654-000007DBE8326FF0",
    "message_type" : "TEXT-BURN",
    "message" : "1",
    "video_type" : ".mov",
    "sender_id" : "vincent9",
    "group_member" : "[\"vincent\",\"vincent63472\",\"vincent8\",\"vincent9\"]"
  }
}
{"body":{"recipient_id":"2017-07-04T03","sender_name":"v9999","group_id":"2017-07-04T03:58:01.472Z_vincent63472","group_name":"vin63472 vvv","message_id":"2DA298F5-EA65-4A92-9F0C-DEF39AFFFE8D-10654-000007DBE8326FF0","message_type":"TEXT-BURN","message":"1","video_type":".mov","sender_id":"vincent9","group_member":"[\"vincent\",\"vincent63472\",\"vincent8\",\"vincent9\"]"}}
member id is vincent
sender id is vincent9
sendMessageToFriendIncludeResend failed player not found
***** send_message_v2 *****
{ dynamo_id: '010df2b6-6274-4fd6-88e3-a6ad6e143c3c',
  message_type: 'TEXT-BURN',
  message: '1',
  message_id: '2DA298F5-EA65-4A92-9F0C-DEF39AFFFE8D-10654-000007DBE8326FF0',
  sender_id: 'vincent9',
  sender_name: 'v9999',
  group_id: '2017-07-04T03:58:01.472Z_vincent63472',
  recipient_id: 'vincent',
  create_at: '2017-07-24T03:08:37.395Z',
  video_type: '.mov' }
member id is vincent63472
sender id is vincent9
sendMessageToFriendIncludeResend failed player not found
***** send_message_v2 *****
{ dynamo_id: '78c18e79-bee5-461f-9088-e5b7295016ab',
  message_type: 'TEXT-BURN',
  message: '1',
  message_id: '2DA298F5-EA65-4A92-9F0C-DEF39AFFFE8D-10654-000007DBE8326FF0',
  sender_id: 'vincent9',
  sender_name: 'v9999',
  group_id: '2017-07-04T03:58:01.472Z_vincent63472',
  recipient_id: 'vincent63472',
  create_at: '2017-07-24T03:08:37.395Z',
  video_type: '.mov' }
member id is vincent8
sender id is vincent9
sendMessageToFriendIncludeResend failed player not found
***** send_message_v2 *****
{ dynamo_id: '923d0bba-1a8e-4b21-a50b-693a96cc6ad8',
  message_type: 'TEXT-BURN',
  message: '1',
  message_id: '2DA298F5-EA65-4A92-9F0C-DEF39AFFFE8D-10654-000007DBE8326FF0',
  sender_id: 'vincent9',
  sender_name: 'v9999',
  group_id: '2017-07-04T03:58:01.472Z_vincent63472',
  recipient_id: 'vincent8',
  create_at: '2017-07-24T03:08:37.395Z',
  video_type: '.mov' }
send sns data, data is {"awesome_id":"vincent","extra":{"message_type":"group_chat","group_id":"2017-07-04T03:58:01.472Z_vincent63472","from_player":"vincent9"},"message":"v9999@vin63472 vvv : 🔥"}
send sns data, extra data is {"message_type":"group_chat","group_id":"2017-07-04T03:58:01.472Z_vincent63472","from_player":"vincent9"}
send sns data, data is {"awesome_id":"vincent8","extra":{"message_type":"group_chat","group_id":"2017-07-04T03:58:01.472Z_vincent63472","from_player":"vincent9"},"message":"v9999@vin63472 vvv : 🔥"}
send sns data, extra data is {"message_type":"group_chat","group_id":"2017-07-04T03:58:01.472Z_vincent63472","from_player":"vincent9"}
send sns data, data is {"awesome_id":"vincent63472","extra":{"message_type":"group_chat","group_id":"2017-07-04T03:58:01.472Z_vincent63472","from_player":"vincent9"},"message":"v9999@vin63472 vvv : 🔥"}
send sns data, extra data is {"message_type":"group_chat","group_id":"2017-07-04T03:58:01.472Z_vincent63472","from_player":"vincent9"}
1
Total Unread: 1
Endpoint Arn: arn:aws:sns:us-east-1:442395450210:endpoint/APNS/awsome_apns_production/c23bff81-b4f7-3392-a039-1ebc34c84b4e
Device Plaform: IOS
Endpoint Arn: arn:aws:sns:us-east-1:442395450210:endpoint/APNS/awsome_apns_production/2b10428c-e27f-314e-966e-b8070c0b8b4e
Device Plaform: IOS
Endpoint Arn: arn:aws:sns:us-east-1:442395450210:endpoint/APNS/awsome_apns_production/f81ed09d-467d-3900-900b-fc1cb8e75055
Device Plaform: IOS
993
Total Unread: 993
Endpoint Arn: arn:aws:sns:us-east-1:442395450210:endpoint/GCM/awesome_apns_production_android/afc3afa9-2c13-3f95-beb1-37e8edd363bf
Device Plaform: ANDROID
getEndpointAttributes true
getEndpointAttributes true
getEndpointAttributes true
push sent
{ ResponseMetadata: { RequestId: 'd4b745ac-a538-58a3-b817-1443c3cd305b' },
  MessageId: '48de6d35-29be-53a7-beec-3cda4f4b3b5f' }
push sent
{ ResponseMetadata: { RequestId: 'ede1727f-df68-5510-9e31-2390b99d5b02' },
  MessageId: '6ac1cd54-7c47-5bb4-99be-9cbb1ab215a6' }
push sent
{ ResponseMetadata: { RequestId: '6b623cd1-5637-53ab-b7e6-6d3e30c244d7' },
  MessageId: '60c3ca29-1ef9-5e36-aa80-9bc6780cf94a' }
getEndpointAttributes true
push sent
{ ResponseMetadata: { RequestId: '077cd593-fc6a-5d6c-afa9-847c9a9f8250' },
  MessageId: 'b46c76ed-15c0-5763-8fbf-27027335f85f' }
action_packet {
  "packet_id" : "64BB3BD1-516B-4AE0-8EE5-6A17E3E87034-10654-000007DC7261141F",
  "action_name" : "send_message",
  "action_content" : {
    "recipient_id" : "2017-07-04T03",
    "sender_name" : "v9999",
    "group_id" : "2017-07-04T03:58:01.472Z_vincent63472",
    "group_name" : "vin63472 vvv",
    "message_id" : "86270C11-4D10-4E7C-AD3F-AF1CA5A82756-10654-000007DC7228BAF3",
    "message_type" : "TEXT-BURN",
    "message" : "2",
    "video_type" : ".mov",
    "sender_id" : "vincent9",
    "group_member" : "[\"vincent\",\"vincent63472\",\"vincent8\",\"vincent9\"]"
  }
}
{"body":{"recipient_id":"2017-07-04T03","sender_name":"v9999","group_id":"2017-07-04T03:58:01.472Z_vincent63472","group_name":"vin63472 vvv","message_id":"86270C11-4D10-4E7C-AD3F-AF1CA5A82756-10654-000007DC7228BAF3","message_type":"TEXT-BURN","message":"2","video_type":".mov","sender_id":"vincent9","group_member":"[\"vincent\",\"vincent63472\",\"vincent8\",\"vincent9\"]"}}
member id is vincent
sender id is vincent9
sendMessageToFriendIncludeResend failed player not found
***** send_message_v2 *****
{ dynamo_id: '269c1f69-0bae-49b7-98ea-293b851a0fd4',
  message_type: 'TEXT-BURN',
  message: '2',
  message_id: '86270C11-4D10-4E7C-AD3F-AF1CA5A82756-10654-000007DC7228BAF3',
  sender_id: 'vincent9',
  sender_name: 'v9999',
  group_id: '2017-07-04T03:58:01.472Z_vincent63472',
  recipient_id: 'vincent',
  create_at: '2017-07-24T03:08:39.596Z',
  video_type: '.mov' }
member id is vincent63472
sender id is vincent9
sendMessageToFriendIncludeResend failed player not found
***** send_message_v2 *****
{ dynamo_id: 'e334b848-1170-47c9-8ea4-43c8b5b73296',
  message_type: 'TEXT-BURN',
  message: '2',
  message_id: '86270C11-4D10-4E7C-AD3F-AF1CA5A82756-10654-000007DC7228BAF3',
  sender_id: 'vincent9',
  sender_name: 'v9999',
  group_id: '2017-07-04T03:58:01.472Z_vincent63472',
  recipient_id: 'vincent63472',
  create_at: '2017-07-24T03:08:39.596Z',
  video_type: '.mov' }
member id is vincent8
sender id is vincent9
sendMessageToFriendIncludeResend failed player not found
***** send_message_v2 *****
{ dynamo_id: '3486946c-f5b2-4a48-b182-6b6e0c5b09c8',
  message_type: 'TEXT-BURN',
  message: '2',
  message_id: '86270C11-4D10-4E7C-AD3F-AF1CA5A82756-10654-000007DC7228BAF3',
  sender_id: 'vincent9',
  sender_name: 'v9999',
  group_id: '2017-07-04T03:58:01.472Z_vincent63472',
  recipient_id: 'vincent8',
  create_at: '2017-07-24T03:08:39.596Z',
  video_type: '.mov' }
send sns data, data is {"awesome_id":"vincent","extra":{"message_type":"group_chat","group_id":"2017-07-04T03:58:01.472Z_vincent63472","from_player":"vincent9"},"message":"v9999@vin63472 vvv : 🔥"}
send sns data, extra data is {"message_type":"group_chat","group_id":"2017-07-04T03:58:01.472Z_vincent63472","from_player":"vincent9"}
send sns data, data is {"awesome_id":"vincent63472","extra":{"message_type":"group_chat","group_id":"2017-07-04T03:58:01.472Z_vincent63472","from_player":"vincent9"},"message":"v9999@vin63472 vvv : 🔥"}
send sns data, extra data is {"message_type":"group_chat","group_id":"2017-07-04T03:58:01.472Z_vincent63472","from_player":"vincent9"}
send sns data, data is {"awesome_id":"vincent8","extra":{"message_type":"group_chat","group_id":"2017-07-04T03:58:01.472Z_vincent63472","from_player":"vincent9"},"message":"v9999@vin63472 vvv : 🔥"}
send sns data, extra data is {"message_type":"group_chat","group_id":"2017-07-04T03:58:01.472Z_vincent63472","from_player":"vincent9"}
[0mGET / [32m200 [0m0.765 ms - 11[0m
[0mGET / [32m200 [0m0.988 ms - 11[0m
[0mGET / [32m200 [0m1.212 ms - 11[0m
994
Total Unread: 994
Endpoint Arn: arn:aws:sns:us-east-1:442395450210:endpoint/GCM/awesome_apns_production_android/afc3afa9-2c13-3f95-beb1-37e8edd363bf
Device Plaform: ANDROID
2
Total Unread: 2
Endpoint Arn: arn:aws:sns:us-east-1:442395450210:endpoint/APNS/awsome_apns_production/c23bff81-b4f7-3392-a039-1ebc34c84b4e
Device Plaform: IOS
Endpoint Arn: arn:aws:sns:us-east-1:442395450210:endpoint/APNS/awsome_apns_production/2b10428c-e27f-314e-966e-b8070c0b8b4e
Device Plaform: IOS
Endpoint Arn: arn:aws:sns:us-east-1:442395450210:endpoint/APNS/awsome_apns_production/f81ed09d-467d-3900-900b-fc1cb8e75055
Device Plaform: IOS
getEndpointAttributes true
getEndpointAttributes true
getEndpointAttributes true
getEndpointAttributes true
push sent
{ ResponseMetadata: { RequestId: '8c422f9e-a18a-54aa-8c28-7e71c77d0896' },
  MessageId: '770d049e-0dd2-5813-bba0-55716b25942f' }
push sent
{ ResponseMetadata: { RequestId: 'd14500c2-3e82-5a2e-9d8c-512d58757e7f' },
  MessageId: '6fc24f40-9898-5c4b-8c7c-1eaffe6fc81a' }
push sent
{ ResponseMetadata: { RequestId: '74599e13-08e1-5026-9c5f-cffc6e167dd4' },
  MessageId: '621aaa1b-36d1-5a08-8662-fbf4502637fa' }
push sent
{ ResponseMetadata: { RequestId: '7bd76d85-05b8-5195-93d0-3c6a634f04c3' },
  MessageId: 'fe9195f1-cf40-5e27-8eee-c41ea9b7db71' }
[0mGET / [32m200 [0m1.668 ms - 11[0m
[0mGET / [32m200 [0m1.846 ms - 11[0m
[0mGET / [32m200 [0m1.184 ms - 11[0m
[0mGET / [32m200 [0m0.770 ms - 11[0m
[0mGET / [32m200 [0m0.961 ms - 11[0m
[0mGET / [32m200 [0m1.115 ms - 11[0m
disconnect
undefined disconnected
disconnect
undefined disconnected
[0mGET / [32m200 [0m1.984 ms - 11[0m
[0mGET / [32m200 [0m2.253 ms - 11[0m
[0mGET / [32m200 [0m2.470 ms - 11[0m
[0mGET / [32m200 [0m0.776 ms - 11[0m
[0mGET / [32m200 [0m0.987 ms - 11[0m
[0mGET / [32m200 [0m1.141 ms - 11[0m
disconnect
undefined disconnected
[0mGET / [32m200 [0m0.760 ms - 11[0m
[0mGET / [32m200 [0m0.974 ms - 11[0m
[0mGET / [32m200 [0m1.134 ms - 11[0m
[0mGET / [32m200 [0m1.887 ms - 11[0m
[0mGET / [32m200 [0m2.124 ms - 11[0m
[0mGET / [32m200 [0m2.276 ms - 11[0m
disconnect
vincent9 disconnected
ack {
  "playerId" : "vincent9"
}
player id vincent9
action_packet {
  "packet_id" : "D3C56A2E-F4B5-465F-9342-541F8FC626F9-10654-000007F406F7219A",
  "action_name" : "Notify_Message_Delivered",
  "action_content" : {
    "dynamo_id" : "68d2f76a-ba4b-4845-bb25-7b1aabee0739",
    "sender_id" : "vincent9",
    "message_id" : "5183907D-4FC8-4403-B1A9-DCC217F4BC62-3236-0000397777D4F487",
    "chat_id" : "2017-07-04T03:58:01.472Z_vincent63472",
    "recipient_id" : "vincent"
  }
}
[ { id: { S: 'vincent9' }, awesome_chips: { N: '1182' } } ]
[0mGET / [32m200 [0m0.776 ms - 11[0m
[0mGET / [32m200 [0m1.059 ms - 11[0m
[0mGET / [32m200 [0m1.216 ms - 11[0m
disconnect
undefined disconnected
[0mGET / [32m200 [0m0.799 ms - 11[0m
[0mGET / [32m200 [0m1.006 ms - 11[0m
[0mGET / [32m200 [0m1.185 ms - 11[0m
disconnect
undefined disconnected
[0mGET / [32m200 [0m0.762 ms - 11[0m
[0mGET / [32m200 [0m0.970 ms - 11[0m
[0mGET / [32m200 [0m1.177 ms - 11[0m
[0mGET / [32m200 [0m0.783 ms - 11[0m
[0mGET / [32m200 [0m0.977 ms - 11[0m
[0mGET / [32m200 [0m1.164 ms - 11[0m
[0mGET / [32m200 [0m0.726 ms - 11[0m
[0mGET / [32m200 [0m1.007 ms - 11[0m
[0mGET / [32m200 [0m1.189 ms - 11[0m
disconnect
undefined disconnected
[0mGET / [32m200 [0m0.783 ms - 11[0m
[0mGET / [32m200 [0m0.961 ms - 11[0m
[0mGET / [32m200 [0m1.109 ms - 11[0m
[0mGET / [32m200 [0m0.800 ms - 11[0m
[0mGET / [32m200 [0m1.016 ms - 11[0m
[0mGET / [32m200 [0m1.184 ms - 11[0m
[0mGET / [32m200 [0m0.758 ms - 11[0m
[0mGET / [32m200 [0m0.968 ms - 11[0m
[0mGET / [32m200 [0m1.141 ms - 11[0m
findingUpdateShops
CloudSearch - updated
CloudSearch - deleted
[0mGET / [32m200 [0m1.741 ms - 11[0m
[0mGET / [32m200 [0m1.955 ms - 11[0m
[0mGET / [32m200 [0m1.260 ms - 11[0m
disconnect
undefined disconnected
[0mGET / [32m200 [0m0.732 ms - 11[0m
[0mGET / [32m200 [0m0.931 ms - 11[0m
[0mGET / [32m200 [0m1.113 ms - 11[0m
[0mGET / [32m200 [0m0.801 ms - 11[0m
[0mGET / [32m200 [0m0.968 ms - 11[0m
[0mGET / [32m200 [0m4.379 ms - 11[0m
[0mGET / [32m200 [0m0.640 ms - 11[0m
[0mGET / [32m200 [0m0.991 ms - 11[0m
[0mGET / [32m200 [0m0.624 ms - 11[0m
[0mGET / [32m200 [0m0.728 ms - 11[0m
[0mGET / [32m200 [0m0.986 ms - 11[0m
[0mGET / [32m200 [0m1.210 ms - 11[0m
disconnect
undefined disconnected
[0mGET / [32m200 [0m0.759 ms - 11[0m
[0mGET / [32m200 [0m0.940 ms - 11[0m
[0mGET / [32m200 [0m2.271 ms - 11[0m
[0mGET / [32m200 [0m0.744 ms - 11[0m
[0mGET / [32m200 [0m0.945 ms - 11[0m
[0mGET / [32m200 [0m1.117 ms - 11[0m
[0mGET / [32m200 [0m0.737 ms - 11[0m
[0mGET / [32m200 [0m0.958 ms - 11[0m
[0mGET / [32m200 [0m1.139 ms - 11[0m
[0mGET / [32m200 [0m0.734 ms - 11[0m
[0mGET / [32m200 [0m0.957 ms - 11[0m
[0mGET / [32m200 [0m1.122 ms - 11[0m
disconnect
undefined disconnected
[0mGET / [32m200 [0m0.788 ms - 11[0m
[0mGET / [32m200 [0m0.989 ms - 11[0m
[0mGET / [32m200 [0m1.165 ms - 11[0m
disconnect
123123123 disconnected
[0mGET / [32m200 [0m0.748 ms - 11[0m
[0mGET / [32m200 [0m1.015 ms - 11[0m
[0mGET / [32m200 [0m1.192 ms - 11[0m
[0mGET / [32m200 [0m0.738 ms - 11[0m
[0mGET / [32m200 [0m0.989 ms - 11[0m
[0mGET / [32m200 [0m1.159 ms - 11[0m
ack {
  "playerId" : "123123123"
}
player id 123123123
[ { id: { S: '123123123' }, awesome_chips: { N: '1004' } } ]
[0mGET / [32m200 [0m1.004 ms - 11[0m
[0mGET / [32m200 [0m1.116 ms - 11[0m
[0mGET / [32m200 [0m1.408 ms - 11[0m
disconnect
undefined disconnected
[0mGET / [32m200 [0m0.994 ms - 11[0m
[0mGET / [32m200 [0m1.201 ms - 11[0m
[0mGET / [32m200 [0m1.355 ms - 11[0m
[0mGET / [32m200 [0m4.255 ms - 11[0m
[0mGET / [32m200 [0m1.125 ms - 11[0m
[0mGET / [32m200 [0m1.290 ms - 11[0m
[0mGET / [32m200 [0m0.948 ms - 11[0m
[0mGET / [32m200 [0m1.135 ms - 11[0m
[0mGET / [32m200 [0m1.272 ms - 11[0m
[0mGET / [32m200 [0m0.798 ms - 11[0m
[0mGET / [32m200 [0m1.151 ms - 11[0m
[0mGET / [32m200 [0m1.290 ms - 11[0m
disconnect
undefined disconnected
[0mGET / [32m200 [0m0.903 ms - 11[0m
[0mGET / [32m200 [0m2.302 ms - 11[0m
[0mGET / [32m200 [0m2.348 ms - 11[0m
[0mGET / [32m200 [0m0.919 ms - 11[0m
[0mGET / [32m200 [0m1.168 ms - 11[0m
[0mGET / [32m200 [0m1.374 ms - 11[0m
[0mGET / [32m200 [0m0.925 ms - 11[0m
[0mGET / [32m200 [0m1.140 ms - 11[0m
[0mGET / [32m200 [0m1.295 ms - 11[0m
[0mGET / [32m200 [0m2.081 ms - 11[0m
[0mGET / [32m200 [0m2.334 ms - 11[0m
[0mGET / [32m200 [0m1.413 ms - 11[0m
disconnect
undefined disconnected
[0mGET / [32m200 [0m0.935 ms - 11[0m
[0mGET / [32m200 [0m1.151 ms - 11[0m
[0mGET / [32m200 [0m1.365 ms - 11[0m
[0mGET / [32m200 [0m0.909 ms - 11[0m
[0mGET / [32m200 [0m1.113 ms - 11[0m
[0mGET / [32m200 [0m1.329 ms - 11[0m
[0mGET / [32m200 [0m0.958 ms - 11[0m
[0mGET / [32m200 [0m1.182 ms - 11[0m
[0mGET / [32m200 [0m1.352 ms - 11[0m
[0mGET / [32m200 [0m0.943 ms - 11[0m
[0mGET / [32m200 [0m1.144 ms - 11[0m
[0mGET / [32m200 [0m1.303 ms - 11[0m
disconnect
undefined disconnected
[0mGET / [32m200 [0m0.941 ms - 11[0m
[0mGET / [32m200 [0m1.114 ms - 11[0m
[0mGET / [32m200 [0m1.299 ms - 11[0m
[0mGET / [32m200 [0m0.935 ms - 11[0m
[0mGET / [32m200 [0m1.138 ms - 11[0m
[0mGET / [32m200 [0m1.209 ms - 11[0m
[0mGET / [32m200 [0m0.914 ms - 11[0m
[0mGET / [32m200 [0m1.073 ms - 11[0m
[0mGET / [32m200 [0m1.363 ms - 11[0m
[0mGET / [32m200 [0m1.004 ms - 11[0m
[0mGET / [32m200 [0m1.100 ms - 11[0m
[0mGET / [32m200 [0m1.294 ms - 11[0m
disconnect
undefined disconnected
[0mGET / [32m200 [0m0.859 ms - 11[0m
[0mGET / [32m200 [0m1.053 ms - 11[0m
[0mGET / [32m200 [0m4.624 ms - 11[0m
[0mGET / [32m200 [0m2.271 ms - 11[0m
[0mGET / [32m200 [0m2.400 ms - 11[0m
[0mGET / [32m200 [0m2.604 ms - 11[0m
[0mGET / [32m200 [0m0.920 ms - 11[0m
[0mGET / [32m200 [0m1.130 ms - 11[0m
[0mGET / [32m200 [0m1.254 ms - 11[0m
[0mGET / [32m200 [0m0.958 ms - 11[0m
[0mGET / [32m200 [0m1.215 ms - 11[0m
[0mGET / [32m200 [0m1.393 ms - 11[0m
disconnect
undefined disconnected
[0mGET / [32m200 [0m2.155 ms - 11[0m
[0mGET / [32m200 [0m2.170 ms - 11[0m
[0mGET / [32m200 [0m2.423 ms - 11[0m
[0mGET / [32m200 [0m0.804 ms - 11[0m
[0mGET / [32m200 [0m1.026 ms - 11[0m
[0mGET / [32m200 [0m1.159 ms - 11[0m
[0mGET / [32m200 [0m0.922 ms - 11[0m
[0mGET / [32m200 [0m1.145 ms - 11[0m
[0mGET / [32m200 [0m1.203 ms - 11[0m
[0mGET / [32m200 [0m5.148 ms - 11[0m
[0mGET / [32m200 [0m5.406 ms - 11[0m
[0mGET / [32m200 [0m5.603 ms - 11[0m
disconnect
undefined disconnected
[0mGET / [32m200 [0m0.926 ms - 11[0m
[0mGET / [32m200 [0m1.844 ms - 11[0m
[0mGET / [32m200 [0m1.979 ms - 11[0m
[0mGET / [32m200 [0m1.055 ms - 11[0m
[0mGET / [32m200 [0m1.226 ms - 11[0m
[0mGET / [32m200 [0m1.446 ms - 11[0m
[0mGET / [32m200 [0m0.991 ms - 11[0m
[0mGET / [32m200 [0m1.227 ms - 11[0m
[0mGET / [32m200 [0m1.440 ms - 11[0m
[0mGET / [32m200 [0m1.140 ms - 11[0m
[0mGET / [32m200 [0m1.380 ms - 11[0m
[0mGET / [32m200 [0m1.518 ms - 11[0m
disconnect
undefined disconnected
[0mGET / [32m200 [0m0.961 ms - 11[0m
[0mGET / [32m200 [0m1.519 ms - 11[0m
[0mGET / [32m200 [0m1.694 ms - 11[0m
disconnect
undefined disconnected
disconnect
undefined disconnected
disconnect
undefined disconnected
[0mGET / [32m200 [0m0.989 ms - 11[0m
[0mGET / [32m200 [0m1.262 ms - 11[0m
[0mGET / [32m200 [0m1.512 ms - 11[0m
[0mGET / [32m200 [0m1.082 ms - 11[0m
[0mGET / [32m200 [0m1.286 ms - 11[0m
[0mGET / [32m200 [0m1.217 ms - 11[0m
disconnect
undefined disconnected
[0mGET / [32m200 [0m0.815 ms - 11[0m
[0mGET / [32m200 [0m1.270 ms - 11[0m
[0mGET / [32m200 [0m1.460 ms - 11[0m
[0mGET / [32m200 [0m2.241 ms - 11[0m
[0mGET / [32m200 [0m1.190 ms - 11[0m
[0mGET / [32m200 [0m1.492 ms - 11[0m
disconnect
undefined disconnected
[0mGET / [32m200 [0m1.004 ms - 11[0m
[0mGET / [32m200 [0m1.164 ms - 11[0m
[0mGET / [32m200 [0m1.374 ms - 11[0m
[0mGET / [32m200 [0m0.908 ms - 11[0m
[0mGET / [32m200 [0m1.168 ms - 11[0m
[0mGET / [32m200 [0m1.368 ms - 11[0m
[0mGET / [32m200 [0m0.994 ms - 11[0m
[0mGET / [32m200 [0m1.258 ms - 11[0m
[0mGET / [32m200 [0m2.933 ms - 11[0m
[0mGET / [32m200 [0m0.902 ms - 11[0m
[0mGET / [32m200 [0m1.152 ms - 11[0m
[0mGET / [32m200 [0m1.313 ms - 11[0m
disconnect
undefined disconnected
[0mGET / [32m200 [0m0.952 ms - 11[0m
[0mGET / [32m200 [0m1.238 ms - 11[0m
[0mGET / [32m200 [0m1.459 ms - 11[0m
[0mGET / [32m200 [0m0.913 ms - 11[0m
[0mGET / [32m200 [0m1.093 ms - 11[0m
[0mGET / [32m200 [0m2.482 ms - 11[0m
disconnect
undefined disconnected
[0mGET / [32m200 [0m1.015 ms - 11[0m
[0mGET / [32m200 [0m1.305 ms - 11[0m
[0mGET / [32m200 [0m1.352 ms - 11[0m
[0mGET / [32m200 [0m0.898 ms - 11[0m
[0mGET / [32m200 [0m1.088 ms - 11[0m
[0mGET / [32m200 [0m1.306 ms - 11[0m
disconnect
undefined disconnected
disconnect
undefined disconnected
disconnect
undefined disconnected
[0mGET / [32m200 [0m0.989 ms - 11[0m
[0mGET / [32m200 [0m1.271 ms - 11[0m
[0mGET / [32m200 [0m1.531 ms - 11[0m
[0mGET / [32m200 [0m0.911 ms - 11[0m
[0mGET / [32m200 [0m1.093 ms - 11[0m
[0mGET / [32m200 [0m1.604 ms - 11[0m
[0mGET / [32m200 [0m0.819 ms - 11[0m
[0mGET / [32m200 [0m1.154 ms - 11[0m
[0mGET / [32m200 [0m1.338 ms - 11[0m
[0mGET / [32m200 [0m1.149 ms - 11[0m
[0mGET / [32m200 [0m1.390 ms - 11[0m
[0mGET / [32m200 [0m1.246 ms - 11[0m
[0mGET / [32m200 [0m0.939 ms - 11[0m
[0mGET / [32m200 [0m1.192 ms - 11[0m
[0mGET / [32m200 [0m1.409 ms - 11[0m
[0mGET / [32m200 [0m0.928 ms - 11[0m
[0mGET / [32m200 [0m1.124 ms - 11[0m
[0mGET / [32m200 [0m1.155 ms - 11[0m
[0mGET / [32m200 [0m0.808 ms - 11[0m
[0mGET / [32m200 [0m1.406 ms - 11[0m
[0mGET / [32m200 [0m1.551 ms - 11[0m
[0mGET / [32m200 [0m1.217 ms - 11[0m
[0mGET / [32m200 [0m1.444 ms - 11[0m
[0mGET / [32m200 [0m1.251 ms - 11[0m
disconnect
undefined disconnected
[0mGET / [32m200 [0m0.934 ms - 11[0m
[0mGET / [32m200 [0m1.203 ms - 11[0m
[0mGET / [32m200 [0m1.409 ms - 11[0m
[0mGET / [32m200 [0m0.766 ms - 11[0m
[0mGET / [32m200 [0m3.678 ms - 11[0m
[0mGET / [32m200 [0m3.811 ms - 11[0m
disconnect
123123123 disconnected
disconnect
undefined disconnected
[0mGET / [32m200 [0m0.842 ms - 11[0m
[0mGET / [32m200 [0m1.244 ms - 11[0m
[0mGET / [32m200 [0m1.391 ms - 11[0m
[0mGET / [32m200 [0m1.254 ms - 11[0m
[0mGET / [32m200 [0m1.430 ms - 11[0m
[0mGET / [32m200 [0m2.350 ms - 11[0m
[0mGET / [32m200 [0m1.170 ms - 11[0m
[0mGET / [32m200 [0m1.170 ms - 11[0m
[0mGET / [32m200 [0m1.358 ms - 11[0m
[0mGET / [32m200 [0m0.906 ms - 11[0m
[0mGET / [32m200 [0m1.144 ms - 11[0m
[0mGET / [32m200 [0m1.370 ms - 11[0m
disconnect
undefined disconnected
disconnect
undefined disconnected
[0mGET / [32m200 [0m1.189 ms - 11[0m
[0mGET / [32m200 [0m2.668 ms - 11[0m
[0mGET / [32m200 [0m2.495 ms - 11[0m
[0mGET / [32m200 [0m1.051 ms - 11[0m
[0mGET / [32m200 [0m3.368 ms - 11[0m
[0mGET / [32m200 [0m3.594 ms - 11[0m
[0mGET / [32m200 [0m0.969 ms - 11[0m
[0mGET / [32m200 [0m1.202 ms - 11[0m
[0mGET / [32m200 [0m1.384 ms - 11[0m
[0mGET / [32m200 [0m0.806 ms - 11[0m
[0mGET / [32m200 [0m1.117 ms - 11[0m
[0mGET / [32m200 [0m2.529 ms - 11[0m
disconnect
undefined disconnected
[0mGET / [32m200 [0m1.162 ms - 11[0m
[0mGET / [32m200 [0m1.444 ms - 11[0m
[0mGET / [32m200 [0m1.659 ms - 11[0m
[0mGET / [32m200 [0m1.319 ms - 11[0m
[0mGET / [32m200 [0m1.538 ms - 11[0m
[0mGET / [32m200 [0m1.429 ms - 11[0m
disconnect
undefined disconnected
[0mGET / [32m200 [0m1.213 ms - 11[0m
[0mGET / [32m200 [0m1.450 ms - 11[0m
[0mGET / [32m200 [0m1.667 ms - 11[0m
[0mGET / [32m200 [0m2.118 ms - 11[0m
[0mGET / [32m200 [0m1.426 ms - 11[0m
[0mGET / [32m200 [0m1.602 ms - 11[0m
[0mGET / [32m200 [0m1.163 ms - 11[0m
[0mGET / [32m200 [0m1.078 ms - 11[0m
[0mGET / [32m200 [0m1.519 ms - 11[0m
[0mGET / [32m200 [0m1.336 ms - 11[0m
[0mGET / [32m200 [0m1.559 ms - 11[0m
[0mGET / [32m200 [0m1.715 ms - 11[0m
disconnect
undefined disconnected
[0mGET / [32m200 [0m1.250 ms - 11[0m
[0mGET / [32m200 [0m1.456 ms - 11[0m
[0mGET / [32m200 [0m1.240 ms - 11[0m
[0mGET / [32m200 [0m1.116 ms - 11[0m
[0mGET / [32m200 [0m1.348 ms - 11[0m
[0mGET / [32m200 [0m1.548 ms - 11[0m
[0mGET / [32m200 [0m27.292 ms - 11[0m
[0mGET / [32m200 [0m28.224 ms - 11[0m
[0mGET / [32m200 [0m1.924 ms - 11[0m
[0mGET / [32m200 [0m0.796 ms - 11[0m
[0mGET / [32m200 [0m0.983 ms - 11[0m
[0mGET / [32m200 [0m1.204 ms - 11[0m
disconnect
undefined disconnected
[0mGET / [32m200 [0m0.891 ms - 11[0m
[0mGET / [32m200 [0m1.104 ms - 11[0m
[0mGET / [32m200 [0m1.315 ms - 11[0m
[0mGET / [32m200 [0m1.979 ms - 11[0m
[0mGET / [32m200 [0m0.979 ms - 11[0m
[0mGET / [32m200 [0m1.279 ms - 11[0m
[0mGET / [32m200 [0m1.057 ms - 11[0m
[0mGET / [32m200 [0m1.368 ms - 11[0m
[0mGET / [32m200 [0m1.534 ms - 11[0m
[0mGET / [32m200 [0m1.071 ms - 11[0m
[0mGET / [32m200 [0m1.268 ms - 11[0m
[0mGET / [32m200 [0m1.419 ms - 11[0m
disconnect
undefined disconnected
[0mGET / [32m200 [0m1.017 ms - 11[0m
[0mGET / [32m200 [0m1.225 ms - 11[0m
[0mGET / [32m200 [0m2.606 ms - 11[0m
disconnect
undefined disconnected
disconnect
undefined disconnected
[0mGET / [32m200 [0m1.088 ms - 11[0m
[0mGET / [32m200 [0m1.284 ms - 11[0m
[0mGET / [32m200 [0m1.493 ms - 11[0m
disconnect
undefined disconnected
[0mGET / [32m200 [0m1.025 ms - 11[0m
[0mGET / [32m200 [0m1.260 ms - 11[0m
[0mGET / [32m200 [0m1.426 ms - 11[0m
[0mGET / [32m200 [0m1.117 ms - 11[0m
[0mGET / [32m200 [0m1.312 ms - 11[0m
[0mGET / [32m200 [0m1.185 ms - 11[0m
disconnect
undefined disconnected
[0mGET / [32m200 [0m1.132 ms - 11[0m
[0mGET / [32m200 [0m1.332 ms - 11[0m
[0mGET / [32m200 [0m1.499 ms - 11[0m
[0mGET / [32m200 [0m1.097 ms - 11[0m
[0mGET / [32m200 [0m1.340 ms - 11[0m
[0mGET / [32m200 [0m1.465 ms - 11[0m
disconnect
undefined disconnected
[0mGET / [32m200 [0m1.015 ms - 11[0m
[0mGET / [32m200 [0m1.073 ms - 11[0m
[0mGET / [32m200 [0m1.438 ms - 11[0m
disconnect
undefined disconnected
[0mGET / [32m200 [0m1.007 ms - 11[0m
[0mGET / [32m200 [0m1.237 ms - 11[0m
[0mGET / [32m200 [0m1.464 ms - 11[0m
disconnect
undefined disconnected
[0mGET / [32m200 [0m1.950 ms - 11[0m
[0mGET / [32m200 [0m2.196 ms - 11[0m
[0mGET / [32m200 [0m2.431 ms - 11[0m
[0mGET / [32m200 [0m0.906 ms - 11[0m
[0mGET / [32m200 [0m1.104 ms - 11[0m
[0mGET / [32m200 [0m1.233 ms - 11[0m
disconnect
undefined disconnected
[0mGET / [32m200 [0m0.888 ms - 11[0m
[0mGET / [32m200 [0m1.117 ms - 11[0m
[0mGET / [32m200 [0m1.318 ms - 11[0m
[0mGET / [32m200 [0m0.942 ms - 11[0m
[0mGET / [32m200 [0m1.028 ms - 11[0m
[0mGET / [32m200 [0m1.281 ms - 11[0m
[0mGET / [32m200 [0m0.944 ms - 11[0m
[0mGET / [32m200 [0m1.192 ms - 11[0m
[0mGET / [32m200 [0m1.382 ms - 11[0m
[0mGET / [32m200 [0m2.025 ms - 11[0m
[0mGET / [32m200 [0m2.208 ms - 11[0m
[0mGET / [32m200 [0m2.327 ms - 11[0m
disconnect
undefined disconnected
[0mGET / [32m200 [0m0.911 ms - 11[0m
[0mGET / [32m200 [0m1.092 ms - 11[0m
[0mGET / [32m200 [0m1.296 ms - 11[0m
[0mGET / [32m200 [0m0.986 ms - 11[0m
[0mGET / [32m200 [0m1.200 ms - 11[0m
[0mGET / [32m200 [0m1.216 ms - 11[0m
[0mGET / [32m200 [0m0.879 ms - 11[0m
[0mGET / [32m200 [0m1.117 ms - 11[0m
[0mGET / [32m200 [0m1.370 ms - 11[0m
[0mGET / [32m200 [0m0.900 ms - 11[0m
[0mGET / [32m200 [0m1.036 ms - 11[0m
[0mGET / [32m200 [0m1.284 ms - 11[0m
disconnect
undefined disconnected
[0mGET / [32m200 [0m0.963 ms - 11[0m
[0mGET / [32m200 [0m1.200 ms - 11[0m
[0mGET / [32m200 [0m1.244 ms - 11[0m
[0mGET / [32m200 [0m0.881 ms - 11[0m
[0mGET / [32m200 [0m1.075 ms - 11[0m
[0mGET / [32m200 [0m1.353 ms - 11[0m
disconnect
undefined disconnected
[0mGET / [32m200 [0m0.895 ms - 11[0m
[0mGET / [32m200 [0m1.110 ms - 11[0m
[0mGET / [32m200 [0m1.407 ms - 11[0m
[0mGET / [32m200 [0m0.948 ms - 11[0m
[0mGET / [32m200 [0m1.166 ms - 11[0m
[0mGET / [32m200 [0m1.348 ms - 11[0m
disconnect
undefined disconnected
[0mGET / [32m200 [0m0.982 ms - 11[0m
[0mGET / [32m200 [0m1.250 ms - 11[0m
[0mGET / [32m200 [0m1.442 ms - 11[0m
[0mGET / [32m200 [0m2.079 ms - 11[0m
[0mGET / [32m200 [0m1.162 ms - 11[0m
[0mGET / [32m200 [0m1.324 ms - 11[0m
disconnect
undefined disconnected
[0mGET / [32m200 [0m0.936 ms - 11[0m
[0mGET / [32m200 [0m1.201 ms - 11[0m
[0mGET / [32m200 [0m1.427 ms - 11[0m
[0mGET / [32m200 [0m0.942 ms - 11[0m
[0mGET / [32m200 [0m1.216 ms - 11[0m
[0mGET / [32m200 [0m1.433 ms - 11[0m
disconnect
undefined disconnected
[0mGET / [32m200 [0m1.995 ms - 11[0m
[0mGET / [32m200 [0m2.232 ms - 11[0m
[0mGET / [32m200 [0m2.475 ms - 11[0m
[0mGET / [32m200 [0m0.940 ms - 11[0m
[0mGET / [32m200 [0m1.185 ms - 11[0m
[0mGET / [32m200 [0m1.362 ms - 11[0m
phone number 123123123
identityId us-east-1:d3ca10ed-da9e-40c6-8142-f5a71c940d5a
get_open_id _phoneNumber 123123123
get_open_id IdentityIdundefined
{ IdentityId: 'us-east-1:d3ca10ed-da9e-40c6-8142-f5a71c940d5a',
  Token: 'eyJraWQiOiJ1cy1lYXN0LTExIiwidHlwIjoiSldTIiwiYWxnIjoiUlM1MTIifQ.eyJzdWIiOiJ1cy1lYXN0LTE6ZDNjYTEwZWQtZGE5ZS00MGM2LTgxNDItZjVhNzFjOTQwZDVhIiwiYXVkIjoidXMtZWFzdC0xOjU1NTJhNTRiLWE1MTktNDRkMi05N2UzLWZlYjNkNDVjOWFmYSIsImFtciI6WyJhdXRoZW50aWNhdGVkIiwibG9naW4udjNyZWUuYXdlc29tZSIsImxvZ2luLnYzcmVlLmF3ZXNvbWU6dXMtZWFzdC0xOjU1NTJhNTRiLWE1MTktNDRkMi05N2UzLWZlYjNkNDVjOWFmYToxMjMxMjMxMjMiXSwiaXNzIjoiaHR0cHM6Ly9jb2duaXRvLWlkZW50aXR5LmFtYXpvbmF3cy5jb20iLCJleHAiOjE1MDA4NzEyNDIsImlhdCI6MTUwMDg2NzY0Mn0.XYQwywcMb4IRnP7Za3nYcf6QdA3jg3IGLS0kl_lIOHOvqWZARiDav4S_NS5gJGWZJwe8mDGD1kMudt0dw-dSIy_ixLwAH5svy81UacqVKMb-GDHauddBBu88Ud3HVmPOlZWFsXyj4Rc3xy9Xtye_EhVGlwPhB4tqgzm4unQ3S5JFMF-rkQDhiEqoereLq2pnuxbJ8YrwXyrqlntNaROdPbeyP8zWGd_R1uC2sUP68ZWyPgeiz3klqiT6o60lI0sdROHiOB_yTEBGtG1E9PGCMZpoJtRIMIF1XZzqhME_al1uyHXbpzRVGC-MqNOYRRUqbRPIJ8GZ2vN8HdnbkEgrfQ' }
[0mGET /get_token/1231231231234/us-east-1:d3ca10ed-da9e-40c6-8142-f5a71c940d5a [32m200 [0m127.088 ms - 903[0m
ack {
  "playerId" : "123123123"
}
player id 123123123
disconnect
undefined disconnected
[ { id: { S: '123123123' }, awesome_chips: { N: '1004' } } ]
disconnect
123123123 disconnected
ack {
  "playerId" : "123123123"
}
player id 123123123
[ { id: { S: '123123123' }, awesome_chips: { N: '1004' } } ]
c7eaaeab-2a52-4478-aad7-423a1343b782
ok
disconnect
undefined disconnected
[0mGET / [32m200 [0m0.834 ms - 11[0m
[0mGET / [32m200 [0m2.277 ms - 11[0m
[0mGET / [32m200 [0m2.430 ms - 11[0m
[0mGET / [32m200 [0m0.906 ms - 11[0m
[0mGET / [32m200 [0m1.133 ms - 11[0m
[0mGET / [32m200 [0m1.243 ms - 11[0m
disconnect
undefined disconnected
[0mGET / [32m200 [0m1.044 ms - 11[0m
[0mGET / [32m200 [0m1.153 ms - 11[0m
[0mGET / [32m200 [0m1.343 ms - 11[0m
[0mGET / [32m200 [0m2.050 ms - 11[0m
[0mGET / [32m200 [0m2.287 ms - 11[0m
[0mGET / [32m200 [0m1.449 ms - 11[0m
disconnect
undefined disconnected
disconnect
undefined disconnected
[0mGET / [32m200 [0m1.237 ms - 11[0m
[0mGET / [32m200 [0m1.534 ms - 11[0m
[0mGET / [32m200 [0m1.708 ms - 11[0m
disconnect
undefined disconnected
[0mGET / [32m200 [0m1.252 ms - 11[0m
[0mGET / [32m200 [0m1.395 ms - 11[0m
[0mGET / [32m200 [0m1.207 ms - 11[0m
disconnect
undefined disconnected
[0mGET / [32m200 [0m1.108 ms - 11[0m
[0mGET / [32m200 [0m1.388 ms - 11[0m
[0mGET / [32m200 [0m1.532 ms - 11[0m
[0mGET / [32m200 [0m1.325 ms - 11[0m
[0mGET / [32m200 [0m1.564 ms - 11[0m
[0mGET / [32m200 [0m1.258 ms - 11[0m
disconnect
undefined disconnected
disconnect
undefined disconnected
disconnect
undefined disconnected
disconnect
undefined disconnected
disconnect
undefined disconnected
[0mGET / [32m200 [0m1.293 ms - 11[0m
[0mGET / [32m200 [0m1.366 ms - 11[0m
[0mGET / [32m200 [0m1.574 ms - 11[0m
[0mGET / [32m200 [0m0.946 ms - 11[0m
[0mGET / [32m200 [0m1.162 ms - 11[0m
[0mGET / [32m200 [0m1.292 ms - 11[0m
disconnect
undefined disconnected
disconnect
undefined disconnected
disconnect
undefined disconnected
disconnect
undefined disconnected
[0mGET / [32m200 [0m1.284 ms - 11[0m
[0mGET / [32m200 [0m1.188 ms - 11[0m
[0mGET / [32m200 [0m1.466 ms - 11[0m
[0mGET / [32m200 [0m1.098 ms - 11[0m
[0mGET / [32m200 [0m1.316 ms - 11[0m
[0mGET / [32m200 [0m1.516 ms - 11[0m
disconnect
undefined disconnected
disconnect
undefined disconnected
disconnect
undefined disconnected
disconnect
undefined disconnected
[0mGET / [32m200 [0m0.839 ms - 11[0m
[0mGET / [32m200 [0m1.199 ms - 11[0m
[0mGET / [32m200 [0m1.418 ms - 11[0m
[0mGET / [32m200 [0m1.248 ms - 11[0m
[0mGET / [32m200 [0m1.185 ms - 11[0m
[0mGET / [32m200 [0m1.387 ms - 11[0m
[0mGET / [32m200 [0m1.262 ms - 11[0m
[0mGET / [32m200 [0m1.572 ms - 11[0m
[0mGET / [32m200 [0m1.554 ms - 11[0m
[0mGET / [32m200 [0m0.540 ms - 11[0m
[0mGET / [32m200 [0m0.873 ms - 11[0m
[0mGET / [32m200 [0m1.848 ms - 11[0m
disconnect
undefined disconnected
[0mGET / [32m200 [0m0.963 ms - 11[0m
[0mGET / [32m200 [0m1.230 ms - 11[0m
[0mGET / [32m200 [0m1.707 ms - 11[0m
[0mGET / [32m200 [0m0.927 ms - 11[0m
[0mGET / [32m200 [0m1.225 ms - 11[0m
[0mGET / [32m200 [0m1.392 ms - 11[0m
disconnect
undefined disconnected
[0mGET / [32m200 [0m1.061 ms - 11[0m
[0mGET / [32m200 [0m2.264 ms - 11[0m
[0mGET / [32m200 [0m2.422 ms - 11[0m
[0mGET / [32m200 [0m0.870 ms - 11[0m
[0mGET / [32m200 [0m1.058 ms - 11[0m
[0mGET / [32m200 [0m0.331 ms - 11[0m
disconnect
undefined disconnected
disconnect
123123123 disconnected
[0mGET / [32m200 [0m1.251 ms - 11[0m
[0mGET / [32m200 [0m1.167 ms - 11[0m
[0mGET / [32m200 [0m1.338 ms - 11[0m
[0mGET / [32m200 [0m2.044 ms - 11[0m
[0mGET / [32m200 [0m2.297 ms - 11[0m
[0mGET / [32m200 [0m1.427 ms - 11[0m
disconnect
undefined disconnected
[0mGET / [32m200 [0m1.020 ms - 11[0m
[0mGET / [32m200 [0m1.457 ms - 11[0m
[0mGET / [32m200 [0m1.585 ms - 11[0m
[0mGET / [32m200 [0m1.160 ms - 11[0m
[0mGET / [32m200 [0m1.398 ms - 11[0m
[0mGET / [32m200 [0m1.549 ms - 11[0m
disconnect
undefined disconnected
[0mGET / [32m200 [0m0.846 ms - 11[0m
[0mGET / [32m200 [0m2.575 ms - 11[0m
[0mGET / [32m200 [0m2.747 ms - 11[0m
[0mGET / [32m200 [0m1.012 ms - 11[0m
[0mGET / [32m200 [0m1.092 ms - 11[0m
[0mGET / [32m200 [0m1.247 ms - 11[0m
[0mGET / [32m200 [0m1.408 ms - 11[0m
[0mGET / [32m200 [0m1.465 ms - 11[0m
[0mGET / [32m200 [0m1.588 ms - 11[0m
[0mGET / [32m200 [0m1.252 ms - 11[0m
[0mGET / [32m200 [0m1.545 ms - 11[0m
[0mGET / [32m200 [0m1.699 ms - 11[0m
disconnect
undefined disconnected
[0mGET / [32m200 [0m1.591 ms - 11[0m
[0mGET / [32m200 [0m1.864 ms - 11[0m
[0mGET / [32m200 [0m1.664 ms - 11[0m
[0mGET / [32m200 [0m1.544 ms - 11[0m
[0mGET / [32m200 [0m1.802 ms - 11[0m
[0mGET / [32m200 [0m1.955 ms - 11[0m
disconnect
undefined disconnected
[0mGET / [32m200 [0m3.585 ms - 11[0m
[0mGET / [32m200 [0m22.445 ms - 11[0m
[0mGET / [32m200 [0m23.113 ms - 11[0m
[0mGET / [32m200 [0m0.996 ms - 11[0m
[0mGET / [32m200 [0m1.173 ms - 11[0m
[0mGET / [32m200 [0m1.376 ms - 11[0m
[0mGET / [32m200 [0m0.961 ms - 11[0m
[0mGET / [32m200 [0m1.189 ms - 11[0m
[0mGET / [32m200 [0m3.346 ms - 11[0m
[0mGET / [32m200 [0m0.927 ms - 11[0m
[0mGET / [32m200 [0m1.109 ms - 11[0m
[0mGET / [32m200 [0m4.456 ms - 11[0m
disconnect
undefined disconnected
[0mGET / [32m200 [0m0.967 ms - 11[0m
[0mGET / [32m200 [0m1.202 ms - 11[0m
[0mGET / [32m200 [0m2.531 ms - 11[0m
[0mGET / [32m200 [0m0.926 ms - 11[0m
[0mGET / [32m200 [0m1.089 ms - 11[0m
[0mGET / [32m200 [0m1.272 ms - 11[0m
disconnect
undefined disconnected
[0mGET / [32m200 [0m0.914 ms - 11[0m
[0mGET / [32m200 [0m2.338 ms - 11[0m
[0mGET / [32m200 [0m2.541 ms - 11[0m
[0mGET / [32m200 [0m0.950 ms - 11[0m
[0mGET / [32m200 [0m1.161 ms - 11[0m
[0mGET / [32m200 [0m1.324 ms - 11[0m
disconnect
undefined disconnected
[0mGET / [32m200 [0m1.005 ms - 11[0m
[0mGET / [32m200 [0m1.196 ms - 11[0m
[0mGET / [32m200 [0m1.247 ms - 11[0m
[0mGET / [32m200 [0m0.884 ms - 11[0m
[0mGET / [32m200 [0m1.148 ms - 11[0m
[0mGET / [32m200 [0m1.374 ms - 11[0m
[0mGET / [32m200 [0m0.945 ms - 11[0m
[0mGET / [32m200 [0m1.222 ms - 11[0m
[0mGET / [32m200 [0m1.403 ms - 11[0m
[0mGET / [32m200 [0m0.838 ms - 11[0m
[0mGET / [32m200 [0m0.979 ms - 11[0m
[0mGET / [32m200 [0m0.378 ms - 11[0m
disconnect
undefined disconnected
[0mGET / [32m200 [0m0.903 ms - 11[0m
[0mGET / [32m200 [0m1.117 ms - 11[0m
[0mGET / [32m200 [0m1.297 ms - 11[0m
[0mGET / [32m200 [0m0.932 ms - 11[0m
[0mGET / [32m200 [0m5.471 ms - 11[0m
[0mGET / [32m200 [0m5.710 ms - 11[0m
[0mGET / [32m200 [0m0.994 ms - 11[0m
[0mGET / [32m200 [0m1.205 ms - 11[0m
[0mGET / [32m200 [0m1.386 ms - 11[0m
[0mGET / [32m200 [0m0.967 ms - 11[0m
[0mGET / [32m200 [0m1.079 ms - 11[0m
[0mGET / [32m200 [0m1.254 ms - 11[0m
disconnect
undefined disconnected
[0mGET / [32m200 [0m0.913 ms - 11[0m
[0mGET / [32m200 [0m1.131 ms - 11[0m
[0mGET / [32m200 [0m1.303 ms - 11[0m
[0mGET / [32m200 [0m0.945 ms - 11[0m
[0mGET / [32m200 [0m1.161 ms - 11[0m
[0mGET / [32m200 [0m1.402 ms - 11[0m
disconnect
undefined disconnected
disconnect
undefined disconnected
disconnect
undefined disconnected
[0mGET / [32m200 [0m0.919 ms - 11[0m
[0mGET / [32m200 [0m1.137 ms - 11[0m
[0mGET / [32m200 [0m1.307 ms - 11[0m
[0mGET / [32m200 [0m0.914 ms - 11[0m
[0mGET / [32m200 [0m1.201 ms - 11[0m
[0mGET / [32m200 [0m1.395 ms - 11[0m
[0mGET / [32m200 [0m0.934 ms - 11[0m
[0mGET / [32m200 [0m1.174 ms - 11[0m
[0mGET / [32m200 [0m1.221 ms - 11[0m
[0mGET / [32m200 [0m0.813 ms - 11[0m
[0mGET / [32m200 [0m1.024 ms - 11[0m
[0mGET / [32m200 [0m1.202 ms - 11[0m
[0mGET / [32m200 [0m0.977 ms - 11[0m
[0mGET / [32m200 [0m1.149 ms - 11[0m
[0mGET / [32m200 [0m1.360 ms - 11[0m
[0mGET / [32m200 [0m0.891 ms - 11[0m
[0mGET / [32m200 [0m1.069 ms - 11[0m
[0mGET / [32m200 [0m1.341 ms - 11[0m
disconnect
undefined disconnected
[0mGET / [32m200 [0m0.968 ms - 11[0m
[0mGET / [32m200 [0m1.070 ms - 11[0m
[0mGET / [32m200 [0m1.315 ms - 11[0m
[0mGET / [32m200 [0m1.024 ms - 11[0m
[0mGET / [32m200 [0m1.241 ms - 11[0m
[0mGET / [32m200 [0m1.415 ms - 11[0m
disconnect
undefined disconnected
disconnect
undefined disconnected
[0mGET / [32m200 [0m2.221 ms - 11[0m
[0mGET / [32m200 [0m2.422 ms - 11[0m
[0mGET / [32m200 [0m2.584 ms - 11[0m
[0mGET / [32m200 [0m0.895 ms - 11[0m
[0mGET / [32m200 [0m1.286 ms - 11[0m
[0mGET / [32m200 [0m1.425 ms - 11[0m
disconnect
undefined disconnected
[0mGET / [32m200 [0m1.118 ms - 11[0m
[0mGET / [32m200 [0m1.369 ms - 11[0m
[0mGET / [32m200 [0m1.537 ms - 11[0m
[0mGET / [32m200 [0m0.735 ms - 11[0m
[0mGET / [32m200 [0m1.353 ms - 11[0m
[0mGET / [32m200 [0m0.670 ms - 11[0m
[0mGET / [32m200 [0m1.142 ms - 11[0m
[0mGET / [32m200 [0m1.327 ms - 11[0m
[0mGET / [32m200 [0m1.347 ms - 11[0m
disconnect
undefined disconnected
disconnect
undefined disconnected
[0mGET / [32m200 [0m0.811 ms - 11[0m
[0mGET / [32m200 [0m1.317 ms - 11[0m
[0mGET / [32m200 [0m1.440 ms - 11[0m
ack {
  "playerId" : "123123123"
}
player id 123123123
[ { id: { S: '123123123' }, awesome_chips: { N: '1004' } } ]
34cef952-ca3d-46f3-8f4f-bc26be1bf05f
ok
disconnect
undefined disconnected
[0mGET / [32m200 [0m1.079 ms - 11[0m
[0mGET / [32m200 [0m1.058 ms - 11[0m
[0mGET / [32m200 [0m1.476 ms - 11[0m
[0mGET / [32m200 [0m2.074 ms - 11[0m
[0mGET / [32m200 [0m1.243 ms - 11[0m
[0mGET / [32m200 [0m1.481 ms - 11[0m
[0mGET / [32m200 [0m1.004 ms - 11[0m
[0mGET / [32m200 [0m1.217 ms - 11[0m
[0mGET / [32m200 [0m1.381 ms - 11[0m
[0mGET / [32m200 [0m1.030 ms - 11[0m
[0mGET / [32m200 [0m1.261 ms - 11[0m
[0mGET / [32m200 [0m1.392 ms - 11[0m
disconnect
undefined disconnected
[0mGET / [32m200 [0m0.980 ms - 11[0m
[0mGET / [32m200 [0m1.233 ms - 11[0m
[0mGET / [32m200 [0m1.261 ms - 11[0m
[0mGET / [32m200 [0m0.903 ms - 11[0m
[0mGET / [32m200 [0m1.135 ms - 11[0m
[0mGET / [32m200 [0m1.339 ms - 11[0m
disconnect
undefined disconnected
[0mGET / [32m200 [0m0.799 ms - 11[0m
[0mGET / [32m200 [0m1.195 ms - 11[0m
[0mGET / [32m200 [0m2.346 ms - 11[0m
[0mGET / [32m200 [0m1.378 ms - 11[0m
[0mGET / [32m200 [0m1.150 ms - 11[0m
[0mGET / [32m200 [0m1.269 ms - 11[0m
disconnect
undefined disconnected
[0mGET / [32m200 [0m1.073 ms - 11[0m
[0mGET / [32m200 [0m1.283 ms - 11[0m
[0mGET / [32m200 [0m1.511 ms - 11[0m
[0mGET / [32m200 [0m1.212 ms - 11[0m
[0mGET / [32m200 [0m1.423 ms - 11[0m
[0mGET / [32m200 [0m1.664 ms - 11[0m
disconnect
undefined disconnected
[0mGET / [32m200 [0m1.007 ms - 11[0m
[0mGET / [32m200 [0m1.319 ms - 11[0m
[0mGET / [32m200 [0m1.502 ms - 11[0m
[0mGET / [32m200 [0m1.251 ms - 11[0m
[0mGET / [32m200 [0m1.082 ms - 11[0m
[0mGET / [32m200 [0m1.432 ms - 11[0m
disconnect
undefined disconnected
[0mGET / [32m200 [0m0.960 ms - 11[0m
[0mGET / [32m200 [0m1.202 ms - 11[0m
[0mGET / [32m200 [0m1.353 ms - 11[0m
[0mGET / [32m200 [0m1.125 ms - 11[0m
[0mGET / [32m200 [0m1.393 ms - 11[0m
[0mGET / [32m200 [0m1.558 ms - 11[0m
disconnect
undefined disconnected
[0mGET / [32m200 [0m0.965 ms - 11[0m
[0mGET / [32m200 [0m1.184 ms - 11[0m
[0mGET / [32m200 [0m1.404 ms - 11[0m
[0mGET / [32m200 [0m1.201 ms - 11[0m
[0mGET / [32m200 [0m1.422 ms - 11[0m
[0mGET / [32m200 [0m1.301 ms - 11[0m
disconnect
undefined disconnected
[0mGET / [32m200 [0m1.083 ms - 11[0m
[0mGET / [32m200 [0m1.304 ms - 11[0m
[0mGET / [32m200 [0m1.517 ms - 11[0m
[0mGET / [32m200 [0m0.952 ms - 11[0m
[0mGET / [32m200 [0m1.450 ms - 11[0m
[0mGET / [32m200 [0m1.539 ms - 11[0m
disconnect
undefined disconnected
[0mGET / [32m200 [0m0.924 ms - 11[0m
[0mGET / [32m200 [0m1.167 ms - 11[0m
[0mGET / [32m200 [0m1.375 ms - 11[0m
[0mGET / [32m200 [0m1.851 ms - 11[0m
[0mGET / [32m200 [0m0.959 ms - 11[0m
[0mGET / [32m200 [0m1.125 ms - 11[0m
disconnect
undefined disconnected
[0mGET / [32m200 [0m0.956 ms - 11[0m
[0mGET / [32m200 [0m1.291 ms - 11[0m
[0mGET / [32m200 [0m1.439 ms - 11[0m
[0mGET / [32m200 [0m1.242 ms - 11[0m
[0mGET / [32m200 [0m1.479 ms - 11[0m
[0mGET / [32m200 [0m1.316 ms - 11[0m
disconnect
undefined disconnected
[0mGET / [32m200 [0m2.005 ms - 11[0m
[0mGET / [32m200 [0m2.240 ms - 11[0m
[0mGET / [32m200 [0m1.213 ms - 11[0m
[0mGET / [32m200 [0m1.011 ms - 11[0m
[0mGET / [32m200 [0m1.463 ms - 11[0m
[0mGET / [32m200 [0m1.574 ms - 11[0m
disconnect
undefined disconnected
[0mGET / [32m200 [0m0.824 ms - 11[0m
[0mGET / [32m200 [0m1.196 ms - 11[0m
[0mGET / [32m200 [0m1.333 ms - 11[0m
[0mGET / [32m200 [0m0.929 ms - 11[0m
[0mGET / [32m200 [0m1.142 ms - 11[0m
[0mGET / [32m200 [0m1.207 ms - 11[0m
disconnect
undefined disconnected
[0mGET / [32m200 [0m0.909 ms - 11[0m
[0mGET / [32m200 [0m1.130 ms - 11[0m
[0mGET / [32m200 [0m1.284 ms - 11[0m
[0mGET / [32m200 [0m1.079 ms - 11[0m
[0mGET / [32m200 [0m1.268 ms - 11[0m
[0mGET / [32m200 [0m1.322 ms - 11[0m
disconnect
undefined disconnected
[0mGET / [32m200 [0m0.942 ms - 11[0m
[0mGET / [32m200 [0m1.158 ms - 11[0m
[0mGET / [32m200 [0m1.295 ms - 11[0m
[0mGET / [32m200 [0m0.986 ms - 11[0m
[0mGET / [32m200 [0m1.146 ms - 11[0m
[0mGET / [32m200 [0m1.335 ms - 11[0m
disconnect
undefined disconnected
[0mGET / [32m200 [0m0.956 ms - 11[0m
[0mGET / [32m200 [0m1.168 ms - 11[0m
[0mGET / [32m200 [0m1.362 ms - 11[0m
[0mGET / [32m200 [0m0.951 ms - 11[0m
[0mGET / [32m200 [0m1.175 ms - 11[0m
[0mGET / [32m200 [0m1.327 ms - 11[0m
disconnect
undefined disconnected
[0mGET / [32m200 [0m1.162 ms - 11[0m
[0mGET / [32m200 [0m1.404 ms - 11[0m
[0mGET / [32m200 [0m1.608 ms - 11[0m
[0mGET / [32m200 [0m1.205 ms - 11[0m
[0mGET / [32m200 [0m1.427 ms - 11[0m
[0mGET / [32m200 [0m1.633 ms - 11[0m
disconnect
undefined disconnected
[0mGET / [32m200 [0m1.370 ms - 11[0m
[0mGET / [32m200 [0m1.574 ms - 11[0m
[0mGET / [32m200 [0m1.176 ms - 11[0m
[0mGET / [32m200 [0m1.317 ms - 11[0m
[0mGET / [32m200 [0m1.492 ms - 11[0m
[0mGET / [32m200 [0m1.622 ms - 11[0m
disconnect
undefined disconnected
disconnect
123123123 disconnected
[0mGET / [32m200 [0m1.483 ms - 11[0m
[0mGET / [32m200 [0m1.751 ms - 11[0m
[0mGET / [32m200 [0m1.860 ms - 11[0m
[0mGET / [32m200 [0m1.990 ms - 11[0m
[0mGET / [32m200 [0m1.059 ms - 11[0m
[0mGET / [32m200 [0m2.087 ms - 11[0m
disconnect
undefined disconnected
[0mGET / [32m200 [0m0.971 ms - 11[0m
[0mGET / [32m200 [0m1.248 ms - 11[0m
[0mGET / [32m200 [0m1.418 ms - 11[0m
[0mGET / [32m200 [0m0.753 ms - 11[0m
[0mGET / [32m200 [0m0.943 ms - 11[0m
[0mGET / [32m200 [0m1.114 ms - 11[0m
disconnect
undefined disconnected
[0mGET / [32m200 [0m0.831 ms - 11[0m
[0mGET / [32m200 [0m1.054 ms - 11[0m
[0mGET / [32m200 [0m1.213 ms - 11[0m
[0mGET / [32m200 [0m0.759 ms - 11[0m
[0mGET / [32m200 [0m0.953 ms - 11[0m
[0mGET / [32m200 [0m1.097 ms - 11[0m
disconnect
undefined disconnected
[0mGET / [32m200 [0m0.773 ms - 11[0m
[0mGET / [32m200 [0m1.003 ms - 11[0m
[0mGET / [32m200 [0m1.203 ms - 11[0m
[0mGET / [32m200 [0m0.778 ms - 11[0m
[0mGET / [32m200 [0m0.978 ms - 11[0m
[0mGET / [32m200 [0m1.164 ms - 11[0m
disconnect
undefined disconnected
disconnect
undefined disconnected
[0mGET / [32m200 [0m0.765 ms - 11[0m
[0mGET / [32m200 [0m1.003 ms - 11[0m
[0mGET / [32m200 [0m1.167 ms - 11[0m
[0mGET / [32m200 [0m0.820 ms - 11[0m
[0mGET / [32m200 [0m1.020 ms - 11[0m
[0mGET / [32m200 [0m1.162 ms - 11[0m
[0mGET / [32m200 [0m0.749 ms - 11[0m
[0mGET / [32m200 [0m0.955 ms - 11[0m
[0mGET / [32m200 [0m1.169 ms - 11[0m
[0mGET / [32m200 [0m1.830 ms - 11[0m
[0mGET / [32m200 [0m2.073 ms - 11[0m
[0mGET / [32m200 [0m2.291 ms - 11[0m
[0mGET / [32m200 [0m0.729 ms - 11[0m
[0mGET / [32m200 [0m0.968 ms - 11[0m
[0mGET / [32m200 [0m1.172 ms - 11[0m
[0mGET / [32m200 [0m0.745 ms - 11[0m
[0mGET / [32m200 [0m0.929 ms - 11[0m
[0mGET / [32m200 [0m1.132 ms - 11[0m
disconnect
undefined disconnected
[0mGET / [32m200 [0m0.794 ms - 11[0m
[0mGET / [32m200 [0m1.024 ms - 11[0m
[0mGET / [32m200 [0m1.179 ms - 11[0m
[0mGET / [32m200 [0m0.744 ms - 11[0m
[0mGET / [32m200 [0m0.955 ms - 11[0m
[0mGET / [32m200 [0m1.143 ms - 11[0m
phone number 66451327
identityId null
get_open_id _phoneNumber 66451327
get_open_id IdentityIdundefined
{ IdentityId: 'us-east-1:d711efea-1aa7-4d5b-937c-255a43619c0a',
  Token: 'eyJraWQiOiJ1cy1lYXN0LTExIiwidHlwIjoiSldTIiwiYWxnIjoiUlM1MTIifQ.eyJzdWIiOiJ1cy1lYXN0LTE6ZDcxMWVmZWEtMWFhNy00ZDViLTkzN2MtMjU1YTQzNjE5YzBhIiwiYXVkIjoidXMtZWFzdC0xOjU1NTJhNTRiLWE1MTktNDRkMi05N2UzLWZlYjNkNDVjOWFmYSIsImFtciI6WyJhdXRoZW50aWNhdGVkIiwibG9naW4udjNyZWUuYXdlc29tZSIsImxvZ2luLnYzcmVlLmF3ZXNvbWU6dXMtZWFzdC0xOjU1NTJhNTRiLWE1MTktNDRkMi05N2UzLWZlYjNkNDVjOWFmYTo2NjQ1MTMyNyJdLCJpc3MiOiJodHRwczovL2NvZ25pdG8taWRlbnRpdHkuYW1hem9uYXdzLmNvbSIsImV4cCI6MTUwMDg3Mjk2NywiaWF0IjoxNTAwODY5MzY3fQ.i0ZWUlf1bm-3xbHD1Y2hFaBUX8cg1fj7xf3MdC6BLcYzKbmzXIynCUdBgBIF4zFiywf4_citkEVMwFJDq2Drb6-5xXTZ73yro9w4e-FHFPhPNPIZaOYXsudbSDLxXL72zdMnHdOa4eYX3NDM-owXsFsfR-oefQSFnEbJUDY5N-dvXEVHBH0k5SBiifz3hRWy1St0Aks94ZU3BfcDW_pR8jXOajVbLDoSSJ5XUU8qv2Mwr6fxr57uSwSftmqDnKvE1iCn2plPwKUb_tEc-rsnCWdU45aFxuz4sdjUIT-bMmLuMb5YGGkVLfE8b3tGuBCT4R7KWXy5VXAuWC-S1OOL6Q' }
[0mGET /get_token/664513271234/null [32m200 [0m125.203 ms - 902[0m
disconnect
undefined disconnected
disconnect
undefined disconnected
[0mGET / [32m200 [0m0.806 ms - 11[0m
[0mGET / [32m200 [0m1.018 ms - 11[0m
[0mGET / [32m200 [0m1.183 ms - 11[0m
[0mGET / [32m200 [0m0.644 ms - 11[0m
[0mGET / [32m200 [0m0.843 ms - 11[0m
[0mGET / [32m200 [0m0.300 ms - 11[0m
disconnect
undefined disconnected
[0mGET / [32m200 [0m0.783 ms - 11[0m
[0mGET / [32m200 [0m0.998 ms - 11[0m
[0mGET / [32m200 [0m1.214 ms - 11[0m
[0mGET / [32m200 [0m0.778 ms - 11[0m
[0mGET / [32m200 [0m0.977 ms - 11[0m
[0mGET / [32m200 [0m1.156 ms - 11[0m
ack {
  "playerId" : "123123123"
}
player id 123123123
[ { id: { S: '123123123' }, awesome_chips: { N: '1004' } } ]
action_packet {
  "packet_id" : "16EF3F2D-0100-4DBE-880B-168092599AD0-272-0000001EDB0E1CB2",
  "action_name" : "Notify_Message_Delivered",
  "action_content" : {
    "dynamo_id" : "34cef952-ca3d-46f3-8f4f-bc26be1bf05f",
    "sender_id" : "123123123",
    "message_id" : "58337225-21e4-4279-b239-c70f917308ae",
    "chat_id" : "123123123:andrewwan",
    "recipient_id" : "andrewwan"
  }
}
action_packet {
  "packet_id" : "73365C6F-2E24-40AA-8995-20F3A0E2C22F-272-0000001EDB19D8D2",
  "action_name" : "Notify_Message_Delivered",
  "action_content" : {
    "dynamo_id" : "e4a55b10-ec24-4dc8-8f4f-330da2c17156",
    "sender_id" : "123123123",
    "message_id" : "d5b1bb2b-318a-416f-a27a-1d1289e97ea5",
    "chat_id" : "123123123:andrewwan",
    "recipient_id" : "andrewwan"
  }
}
e4a55b10-ec24-4dc8-8f4f-330da2c17156
ok
[0mGET / [36m304 [0m0.696 ms - -[0m
Error: Not Found
    at Layer.handle (/home/ec2-user/abc/Server.js:69:13)
    at trim_prefix (/home/ec2-user/abc/node_modules/express/lib/router/index.js:240:15)
    at /home/ec2-user/abc/node_modules/express/lib/router/index.js:208:9
    at Function.proto.process_params (/home/ec2-user/abc/node_modules/express/lib/router/index.js:269:12)
    at next (/home/ec2-user/abc/node_modules/express/lib/router/index.js:199:19)
    at next (/home/ec2-user/abc/node_modules/express/lib/router/index.js:176:38)
    at next (/home/ec2-user/abc/node_modules/express/lib/router/index.js:176:38)
    at next (/home/ec2-user/abc/node_modules/express/lib/router/index.js:176:38)
    at next (/home/ec2-user/abc/node_modules/express/lib/router/index.js:176:38)
    at next (/home/ec2-user/abc/node_modules/express/lib/router/index.js:176:38)
[0mGET /favicon.ico [33m404 [0m2.003 ms - 826[0m
[0mGET / [36m304 [0m1.504 ms - -[0m
Error: Not Found
    at Layer.handle (/home/ec2-user/abc/Server.js:69:13)
    at trim_prefix (/home/ec2-user/abc/node_modules/express/lib/router/index.js:240:15)
    at /home/ec2-user/abc/node_modules/express/lib/router/index.js:208:9
    at Function.proto.process_params (/home/ec2-user/abc/node_modules/express/lib/router/index.js:269:12)
    at next (/home/ec2-user/abc/node_modules/express/lib/router/index.js:199:19)
    at next (/home/ec2-user/abc/node_modules/express/lib/router/index.js:176:38)
    at next (/home/ec2-user/abc/node_modules/express/lib/router/index.js:176:38)
    at next (/home/ec2-user/abc/node_modules/express/lib/router/index.js:176:38)
    at next (/home/ec2-user/abc/node_modules/express/lib/router/index.js:176:38)
    at next (/home/ec2-user/abc/node_modules/express/lib/router/index.js:176:38)
[0mGET /favicon.ico [33m404 [0m0.787 ms - 826[0m
[0mGET / [32m200 [0m0.778 ms - 11[0m
[0mGET / [32m200 [0m0.979 ms - 11[0m
[0mGET / [32m200 [0m1.170 ms - 11[0m
[0mGET / [32m200 [0m0.761 ms - 11[0m
[0mGET / [32m200 [0m0.976 ms - 11[0m
[0mGET / [32m200 [0m1.169 ms - 11[0m
disconnect
undefined disconnected
error: Forever detected script was killed by signal: SIGKILL
