ok
Config
Tue Aug 01 2017 10:22:02 GMT+0000 (UTC)
Cognito
the cognitoidentity is [object Object]
SNS
setting tcp
setting sns
PostAPI
PostAPI_Chat
PostAPI_Wall
PostAPI_Pet
PostAPI_Chips
PostAPI_Login
PostAPI_Shop
PostAPI_Debug
Game init
======================
apiPort listening 2499
tcpPort listening 3006
======================
Server listening at port 3006
[0mGET / [32m200 [0m31.411 ms - 11[0m
[0mGET / [32m200 [0m27.285 ms - 11[0m
[0mGET / [32m200 [0m15.248 ms - 11[0m
[0mGET / [32m200 [0m15.452 ms - 11[0m
[0mGET / [32m200 [0m5.122 ms - 11[0m
[0mGET / [32m200 [0m8.524 ms - 11[0m
[0mGET / [32m200 [0m16.813 ms - 11[0m
[0mGET / [32m200 [0m3.895 ms - 11[0m
[0mGET / [32m200 [0m4.457 ms - 11[0m
[0mGET / [32m200 [0m0.861 ms - 11[0m
[0mGET / [32m200 [0m3.263 ms - 11[0m
[0mGET / [32m200 [0m0.515 ms - 11[0m
[0mGET / [32m200 [0m5.733 ms - 11[0m
[0mGET / [32m200 [0m6.094 ms - 11[0m
[0mGET / [32m200 [0m12.364 ms - 11[0m
[0mGET / [32m200 [0m28.363 ms - 11[0m
[0mGET / [32m200 [0m3.365 ms - 11[0m
[0mGET / [32m200 [0m15.516 ms - 11[0m
[0mGET / [32m200 [0m5.039 ms - 11[0m
[0mGET / [32m200 [0m1.330 ms - 11[0m
[0mGET / [32m200 [0m7.376 ms - 11[0m
[0mGET / [32m200 [0m8.575 ms - 11[0m
[0mGET / [32m200 [0m2.466 ms - 11[0m
[0mGET / [32m200 [0m14.920 ms - 11[0m
[0mGET / [32m200 [0m8.542 ms - 11[0m
[0mGET / [32m200 [0m5.878 ms - 11[0m
[0mGET / [32m200 [0m10.360 ms - 11[0m
[0mGET / [32m200 [0m1.083 ms - 11[0m
[0mGET / [32m200 [0m5.723 ms - 11[0m
[0mGET / [32m200 [0m1.003 ms - 11[0m
[0mGET / [32m200 [0m3.835 ms - 11[0m
[0mGET / [32m200 [0m4.067 ms - 11[0m
[0mGET / [32m200 [0m12.280 ms - 11[0m
[0mGET / [32m200 [0m4.584 ms - 11[0m
error: Forever detected script was killed by signal: SIGKILL
