ok
Config
Tue Aug 01 2017 08:40:23 GMT+0000 (UTC)
Cognito
the cognitoidentity is [object Object]
SNS
setting tcp
setting sns
PostAPI
PostAPI_Chat
PostAPI_Wall
PostAPI_Pet
PostAPI_Chips
PostAPI_Login
PostAPI_Shop
PostAPI_Debug
Game init
======================
apiPort listening 2494
tcpPort listening 3001
======================
Server listening at port 3001
[0mGET / [32m200 [0m58.165 ms - 11[0m
[0mGET / [32m200 [0m72.354 ms - 11[0m
[0mGET / [32m200 [0m10.288 ms - 11[0m
[0mGET / [32m200 [0m0.510 ms - 11[0m
[0mGET / [32m200 [0m4.026 ms - 11[0m
[0mGET / [32m200 [0m0.372 ms - 11[0m
[0mGET / [32m200 [0m5.298 ms - 11[0m
[0mGET / [32m200 [0m8.341 ms - 11[0m
[0mGET / [32m200 [0m0.612 ms - 11[0m
[0mGET / [32m200 [0m0.373 ms - 11[0m
[0mGET / [32m200 [0m5.360 ms - 11[0m
[0mGET / [32m200 [0m2.377 ms - 11[0m
[0mGET / [32m200 [0m2.334 ms - 11[0m
[0mGET / [32m200 [0m12.203 ms - 11[0m
[0mGET / [32m200 [0m5.695 ms - 11[0m
[0mGET / [32m200 [0m13.622 ms - 11[0m
[0mGET / [32m200 [0m7.662 ms - 11[0m
[0mGET / [32m200 [0m2.150 ms - 11[0m
[0mGET / [32m200 [0m2.945 ms - 11[0m
[0mGET / [32m200 [0m13.051 ms - 11[0m
[0mGET / [32m200 [0m9.356 ms - 11[0m
[0mGET / [32m200 [0m0.668 ms - 11[0m
[0mGET / [32m200 [0m0.890 ms - 11[0m
[0mGET / [32m200 [0m7.906 ms - 11[0m
[0mGET / [32m200 [0m6.335 ms - 11[0m
[0mGET / [32m200 [0m6.598 ms - 11[0m
[0mGET / [32m200 [0m0.867 ms - 11[0m
[0mGET / [32m200 [0m11.345 ms - 11[0m
[0mGET / [32m200 [0m15.577 ms - 11[0m
[0mGET / [32m200 [0m0.991 ms - 11[0m
[0mGET / [32m200 [0m0.887 ms - 11[0m
[0mGET / [32m200 [0m13.268 ms - 11[0m
[0mGET / [32m200 [0m8.932 ms - 11[0m
[0mGET / [32m200 [0m8.935 ms - 11[0m
[0mGET / [32m200 [0m7.650 ms - 11[0m
[0mGET / [32m200 [0m7.815 ms - 11[0m
[0mGET / [32m200 [0m1.712 ms - 11[0m
[0mGET / [32m200 [0m0.356 ms - 11[0m
[0mGET / [32m200 [0m1.094 ms - 11[0m
[0mGET / [32m200 [0m5.228 ms - 11[0m
[0mGET / [32m200 [0m8.790 ms - 11[0m
[0mGET / [32m200 [0m2.074 ms - 11[0m
[0mGET / [32m200 [0m1.184 ms - 11[0m
[0mGET / [32m200 [0m13.807 ms - 11[0m
[0mGET / [32m200 [0m8.450 ms - 11[0m
[0mGET / [32m200 [0m0.752 ms - 11[0m
[0mGET / [32m200 [0m8.550 ms - 11[0m
[0mGET / [32m200 [0m8.353 ms - 11[0m
[0mGET / [32m200 [0m1.200 ms - 11[0m
[0mGET / [32m200 [0m0.333 ms - 11[0m
[0mGET / [32m200 [0m1.737 ms - 11[0m
[0mGET / [32m200 [0m14.435 ms - 11[0m
[0mGET / [32m200 [0m3.724 ms - 11[0m
[0mGET / [32m200 [0m0.379 ms - 11[0m
[0mGET / [32m200 [0m11.435 ms - 11[0m
[0mGET / [32m200 [0m8.730 ms - 11[0m
[0mGET / [32m200 [0m8.801 ms - 11[0m
[0mGET / [32m200 [0m9.083 ms - 11[0m
[0mGET / [32m200 [0m0.931 ms - 11[0m
[0mGET / [32m200 [0m13.317 ms - 11[0m
[0mGET / [32m200 [0m10.148 ms - 11[0m
[0mGET / [32m200 [0m16.120 ms - 11[0m
[0mGET / [32m200 [0m0.857 ms - 11[0m
[0mGET / [32m200 [0m13.528 ms - 11[0m
[0mGET / [32m200 [0m1.071 ms - 11[0m
[0mGET / [32m200 [0m8.617 ms - 11[0m
[0mGET / [32m200 [0m8.522 ms - 11[0m
[0mGET / [32m200 [0m8.999 ms - 11[0m
[0mGET / [32m200 [0m2.322 ms - 11[0m
[0mGET / [32m200 [0m14.576 ms - 11[0m
[0mGET / [32m200 [0m12.739 ms - 11[0m
[0mGET / [32m200 [0m12.101 ms - 11[0m
[0mGET / [32m200 [0m10.776 ms - 11[0m
[0mGET / [32m200 [0m9.159 ms - 11[0m
[0mGET / [32m200 [0m5.021 ms - 11[0m
[0mGET / [32m200 [0m10.279 ms - 11[0m
[0mGET / [32m200 [0m5.635 ms - 11[0m
[0mGET / [32m200 [0m4.995 ms - 11[0m
[0mGET / [32m200 [0m8.831 ms - 11[0m
[0mGET / [32m200 [0m8.868 ms - 11[0m
[0mGET / [32m200 [0m5.804 ms - 11[0m
[0mGET / [32m200 [0m2.229 ms - 11[0m
[0mGET / [32m200 [0m1.107 ms - 11[0m
[0mGET / [32m200 [0m2.608 ms - 11[0m
[0mGET / [32m200 [0m1.693 ms - 11[0m
[0mGET / [32m200 [0m2.448 ms - 11[0m
[0mGET / [32m200 [0m9.782 ms - 11[0m
[0mGET / [32m200 [0m7.253 ms - 11[0m
[0mGET / [32m200 [0m6.225 ms - 11[0m
[0mGET / [32m200 [0m0.319 ms - 11[0m
[0mGET / [32m200 [0m9.554 ms - 11[0m
[0mGET / [32m200 [0m0.910 ms - 11[0m
[0mGET / [32m200 [0m6.054 ms - 11[0m
[0mGET / [32m200 [0m6.928 ms - 11[0m
[0mGET / [32m200 [0m9.341 ms - 11[0m
[0mGET / [32m200 [0m0.948 ms - 11[0m
[0mGET / [32m200 [0m1.758 ms - 11[0m
[0mGET / [32m200 [0m0.378 ms - 11[0m
[0mGET / [32m200 [0m0.447 ms - 11[0m
[0mGET / [32m200 [0m0.704 ms - 11[0m
[0mGET / [32m200 [0m3.205 ms - 11[0m
[0mGET / [32m200 [0m10.597 ms - 11[0m
[0mGET / [32m200 [0m3.920 ms - 11[0m
[0mGET / [32m200 [0m8.830 ms - 11[0m
[0mGET / [32m200 [0m13.565 ms - 11[0m
[0mGET / [32m200 [0m2.896 ms - 11[0m
[0mGET / [32m200 [0m3.370 ms - 11[0m
[0mGET / [32m200 [0m0.976 ms - 11[0m
[0mGET / [32m200 [0m6.509 ms - 11[0m
[0mGET / [32m200 [0m1.309 ms - 11[0m
[0mGET / [32m200 [0m6.214 ms - 11[0m
[0mGET / [32m200 [0m0.597 ms - 11[0m
[0mGET / [32m200 [0m2.527 ms - 11[0m
[0mGET / [32m200 [0m12.650 ms - 11[0m
[0mGET / [32m200 [0m0.513 ms - 11[0m
[0mGET / [32m200 [0m0.784 ms - 11[0m
[0mGET / [32m200 [0m3.474 ms - 11[0m
[0mGET / [32m200 [0m0.377 ms - 11[0m
[0mGET / [32m200 [0m2.928 ms - 11[0m
[0mGET / [32m200 [0m1.232 ms - 11[0m
[0mGET / [32m200 [0m9.059 ms - 11[0m
[0mGET / [32m200 [0m6.416 ms - 11[0m
[0mGET / [32m200 [0m1.456 ms - 11[0m
[0mGET / [32m200 [0m0.483 ms - 11[0m
[0mGET / [32m200 [0m4.458 ms - 11[0m
[0mGET / [32m200 [0m0.722 ms - 11[0m
[0mGET / [32m200 [0m7.554 ms - 11[0m
[0mGET / [32m200 [0m7.835 ms - 11[0m
[0mGET / [32m200 [0m10.955 ms - 11[0m
[0mGET / [32m200 [0m11.138 ms - 11[0m
[0mGET / [32m200 [0m17.513 ms - 11[0m
[0mGET / [32m200 [0m40.169 ms - 11[0m
[0mGET / [32m200 [0m5.962 ms - 11[0m
[0mGET / [32m200 [0m6.298 ms - 11[0m
[0mGET / [32m200 [0m6.900 ms - 11[0m
[0mGET / [32m200 [0m0.906 ms - 11[0m
[0mGET / [32m200 [0m1.059 ms - 11[0m
[0mGET / [32m200 [0m1.035 ms - 11[0m
[0mGET / [32m200 [0m3.048 ms - 11[0m
[0mGET / [32m200 [0m0.463 ms - 11[0m
[0mGET / [32m200 [0m9.548 ms - 11[0m
[0mGET / [32m200 [0m9.924 ms - 11[0m
[0mGET / [32m200 [0m8.823 ms - 11[0m
[0mGET / [32m200 [0m0.422 ms - 11[0m
[0mGET / [32m200 [0m8.365 ms - 11[0m
[0mGET / [32m200 [0m8.663 ms - 11[0m
[0mGET / [32m200 [0m7.246 ms - 11[0m
[0mGET / [32m200 [0m0.785 ms - 11[0m
[0mGET / [32m200 [0m1.123 ms - 11[0m
[0mGET / [32m200 [0m2.581 ms - 11[0m
[0mGET / [32m200 [0m10.604 ms - 11[0m
[0mGET / [32m200 [0m3.505 ms - 11[0m
[0mGET / [32m200 [0m1.728 ms - 11[0m
[0mGET / [32m200 [0m4.669 ms - 11[0m
[0mGET / [32m200 [0m4.557 ms - 11[0m
[0mGET / [32m200 [0m1.355 ms - 11[0m
[0mGET / [32m200 [0m1.685 ms - 11[0m
[0mGET / [32m200 [0m16.779 ms - 11[0m
[0mGET / [32m200 [0m1.722 ms - 11[0m
[0mGET / [32m200 [0m11.328 ms - 11[0m
[0mGET / [32m200 [0m1.547 ms - 11[0m
[0mGET / [32m200 [0m3.829 ms - 11[0m
[0mGET / [32m200 [0m1.464 ms - 11[0m
[0mGET / [32m200 [0m1.398 ms - 11[0m
[0mGET / [32m200 [0m2.832 ms - 11[0m
[0mGET / [32m200 [0m0.470 ms - 11[0m
[0mGET / [32m200 [0m1.497 ms - 11[0m
[0mGET / [32m200 [0m0.977 ms - 11[0m
[0mGET / [32m200 [0m4.005 ms - 11[0m
[0mGET / [32m200 [0m0.349 ms - 11[0m
[0mGET / [32m200 [0m6.878 ms - 11[0m
[0mGET / [32m200 [0m1.459 ms - 11[0m
[0mGET / [32m200 [0m0.524 ms - 11[0m
[0mGET / [32m200 [0m0.320 ms - 11[0m
[0mGET / [32m200 [0m9.658 ms - 11[0m
[0mGET / [32m200 [0m0.858 ms - 11[0m
[0mGET / [32m200 [0m2.420 ms - 11[0m
[0mGET / [32m200 [0m0.414 ms - 11[0m
[0mGET / [32m200 [0m2.219 ms - 11[0m
[0mGET / [32m200 [0m1.871 ms - 11[0m
[0mGET / [32m200 [0m2.263 ms - 11[0m
[0mGET / [32m200 [0m9.859 ms - 11[0m
[0mGET / [32m200 [0m8.281 ms - 11[0m
[0mGET / [32m200 [0m0.487 ms - 11[0m
[0mGET / [32m200 [0m1.999 ms - 11[0m
[0mGET / [32m200 [0m0.463 ms - 11[0m
[0mGET / [32m200 [0m0.987 ms - 11[0m
[0mGET / [32m200 [0m1.740 ms - 11[0m
[0mGET / [32m200 [0m6.314 ms - 11[0m
[0mGET / [32m200 [0m0.376 ms - 11[0m
[0mGET / [32m200 [0m0.821 ms - 11[0m
[0mGET / [32m200 [0m1.172 ms - 11[0m
[0mGET / [32m200 [0m2.188 ms - 11[0m
[0mGET / [32m200 [0m0.280 ms - 11[0m
[0mGET / [32m200 [0m6.059 ms - 11[0m
[0mGET / [32m200 [0m0.885 ms - 11[0m
[0mGET / [32m200 [0m3.196 ms - 11[0m
[0mGET / [32m200 [0m0.875 ms - 11[0m
[0mGET / [32m200 [0m0.781 ms - 11[0m
[0mGET / [32m200 [0m0.910 ms - 11[0m
[0mGET / [32m200 [0m2.478 ms - 11[0m
[0mGET / [32m200 [0m0.907 ms - 11[0m
[0mGET / [32m200 [0m1.817 ms - 11[0m
[0mGET / [32m200 [0m1.291 ms - 11[0m
[0mGET / [32m200 [0m9.042 ms - 11[0m
[0mGET / [32m200 [0m9.232 ms - 11[0m
[0mGET / [32m200 [0m1.635 ms - 11[0m
[0mGET / [32m200 [0m2.120 ms - 11[0m
[0mGET / [32m200 [0m4.854 ms - 11[0m
[0mGET / [32m200 [0m2.034 ms - 11[0m
[0mGET / [32m200 [0m10.411 ms - 11[0m
[0mGET / [32m200 [0m0.303 ms - 11[0m
[0mGET / [32m200 [0m6.820 ms - 11[0m
[0mGET / [32m200 [0m3.957 ms - 11[0m
[0mGET / [32m200 [0m0.418 ms - 11[0m
[0mGET / [32m200 [0m0.573 ms - 11[0m
[0mGET / [32m200 [0m6.718 ms - 11[0m
[0mGET / [32m200 [0m0.394 ms - 11[0m
[0mGET / [32m200 [0m2.865 ms - 11[0m
[0mGET / [32m200 [0m2.380 ms - 11[0m
[0mGET / [32m200 [0m3.080 ms - 11[0m
[0mGET / [32m200 [0m2.455 ms - 11[0m
[0mGET / [32m200 [0m2.820 ms - 11[0m
[0mGET / [32m200 [0m7.794 ms - 11[0m
[0mGET / [32m200 [0m1.373 ms - 11[0m
[0mGET / [32m200 [0m3.135 ms - 11[0m
[0mGET / [32m200 [0m1.198 ms - 11[0m
[0mGET / [32m200 [0m0.906 ms - 11[0m
[0mGET / [32m200 [0m3.231 ms - 11[0m
[0mGET / [32m200 [0m11.083 ms - 11[0m
[0mGET / [32m200 [0m0.896 ms - 11[0m
[0mGET / [32m200 [0m1.003 ms - 11[0m
[0mGET / [32m200 [0m2.712 ms - 11[0m
[0mGET / [32m200 [0m4.382 ms - 11[0m
[0mGET / [32m200 [0m0.441 ms - 11[0m
[0mGET / [32m200 [0m0.465 ms - 11[0m
[0mGET / [32m200 [0m1.984 ms - 11[0m
[0mGET / [32m200 [0m0.817 ms - 11[0m
[0mGET / [32m200 [0m0.419 ms - 11[0m
[0mGET / [32m200 [0m0.476 ms - 11[0m
[0mGET / [32m200 [0m2.916 ms - 11[0m
[0mGET / [32m200 [0m3.555 ms - 11[0m
[0mGET / [32m200 [0m5.635 ms - 11[0m
[0mGET / [32m200 [0m0.388 ms - 11[0m
[0mGET / [32m200 [0m12.124 ms - 11[0m
[0mGET / [32m200 [0m1.380 ms - 11[0m
[0mGET / [32m200 [0m0.849 ms - 11[0m
[0mGET / [32m200 [0m0.925 ms - 11[0m
[0mGET / [32m200 [0m7.418 ms - 11[0m
[0mGET / [32m200 [0m0.800 ms - 11[0m
[0mGET / [32m200 [0m1.346 ms - 11[0m
[0mGET / [32m200 [0m1.125 ms - 11[0m
[0mGET / [32m200 [0m0.970 ms - 11[0m
[0mGET / [32m200 [0m2.711 ms - 11[0m
[0mGET / [32m200 [0m0.800 ms - 11[0m
[0mGET / [32m200 [0m1.021 ms - 11[0m
[0mGET / [32m200 [0m5.686 ms - 11[0m
[0mGET / [32m200 [0m6.098 ms - 11[0m
[0mGET / [32m200 [0m0.615 ms - 11[0m
[0mGET / [32m200 [0m1.167 ms - 11[0m
[0mGET / [32m200 [0m7.432 ms - 11[0m
[0mGET / [32m200 [0m1.201 ms - 11[0m
[0mGET / [32m200 [0m2.189 ms - 11[0m
[0mGET / [32m200 [0m15.888 ms - 11[0m
[0mGET / [32m200 [0m11.116 ms - 11[0m
[0mGET / [32m200 [0m11.291 ms - 11[0m
[0mGET / [32m200 [0m0.845 ms - 11[0m
[0mGET / [32m200 [0m0.936 ms - 11[0m
[0mGET / [32m200 [0m1.714 ms - 11[0m
[0mGET / [32m200 [0m0.286 ms - 11[0m
[0mGET / [32m200 [0m1.352 ms - 11[0m
[0mGET / [32m200 [0m0.789 ms - 11[0m
[0mGET / [32m200 [0m9.456 ms - 11[0m
[0mGET / [32m200 [0m3.564 ms - 11[0m
[0mGET / [32m200 [0m0.733 ms - 11[0m
[0mGET / [32m200 [0m0.801 ms - 11[0m
[0mGET / [32m200 [0m3.656 ms - 11[0m
[0mGET / [32m200 [0m0.963 ms - 11[0m
[0mGET / [32m200 [0m1.302 ms - 11[0m
[0mGET / [32m200 [0m0.361 ms - 11[0m
[0mGET / [32m200 [0m4.834 ms - 11[0m
[0mGET / [32m200 [0m0.414 ms - 11[0m
[0mGET / [32m200 [0m0.752 ms - 11[0m
[0mGET / [32m200 [0m0.790 ms - 11[0m
[0mGET / [32m200 [0m3.152 ms - 11[0m
[0mGET / [32m200 [0m0.457 ms - 11[0m
[0mGET / [32m200 [0m0.924 ms - 11[0m
[0mGET / [32m200 [0m1.031 ms - 11[0m
[0mGET / [32m200 [0m1.895 ms - 11[0m
[0mGET / [32m200 [0m0.353 ms - 11[0m
[0mGET / [32m200 [0m0.878 ms - 11[0m
[0mGET / [32m200 [0m0.915 ms - 11[0m
[0mGET / [32m200 [0m10.775 ms - 11[0m
[0mGET / [32m200 [0m10.906 ms - 11[0m
[0mGET / [32m200 [0m2.368 ms - 11[0m
[0mGET / [32m200 [0m0.838 ms - 11[0m
[0mGET / [32m200 [0m3.587 ms - 11[0m
[0mGET / [32m200 [0m1.472 ms - 11[0m
[0mGET / [32m200 [0m0.830 ms - 11[0m
[0mGET / [32m200 [0m1.006 ms - 11[0m
[0mGET / [32m200 [0m1.373 ms - 11[0m
[0mGET / [32m200 [0m0.997 ms - 11[0m
[0mGET / [32m200 [0m0.731 ms - 11[0m
[0mGET / [32m200 [0m0.866 ms - 11[0m
[0mGET / [32m200 [0m0.352 ms - 11[0m
[0mGET / [32m200 [0m0.904 ms - 11[0m
[0mGET / [32m200 [0m0.347 ms - 11[0m
[0mGET / [32m200 [0m0.357 ms - 11[0m
[0mGET / [32m200 [0m0.451 ms - 11[0m
[0mGET / [32m200 [0m0.482 ms - 11[0m
[0mGET / [32m200 [0m0.871 ms - 11[0m
[0mGET / [32m200 [0m2.166 ms - 11[0m
[0mGET / [32m200 [0m3.563 ms - 11[0m
[0mGET / [32m200 [0m0.804 ms - 11[0m
[0mGET / [32m200 [0m5.619 ms - 11[0m
[0mGET / [32m200 [0m1.290 ms - 11[0m
[0mGET / [32m200 [0m13.307 ms - 11[0m
[0mGET / [32m200 [0m1.055 ms - 11[0m
[0mGET / [32m200 [0m2.605 ms - 11[0m
[0mGET / [32m200 [0m1.392 ms - 11[0m
[0mGET / [32m200 [0m6.161 ms - 11[0m
[0mGET / [32m200 [0m0.941 ms - 11[0m
[0mGET / [32m200 [0m3.240 ms - 11[0m
[0mGET / [32m200 [0m0.605 ms - 11[0m
[0mGET / [32m200 [0m7.331 ms - 11[0m
[0mGET / [32m200 [0m2.960 ms - 11[0m
[0mGET / [32m200 [0m7.099 ms - 11[0m
[0mGET / [32m200 [0m5.434 ms - 11[0m
[0mGET / [32m200 [0m2.347 ms - 11[0m
[0mGET / [32m200 [0m2.745 ms - 11[0m
[0mGET / [32m200 [0m1.348 ms - 11[0m
[0mGET / [32m200 [0m0.480 ms - 11[0m
[0mGET / [32m200 [0m8.859 ms - 11[0m
[0mGET / [32m200 [0m1.052 ms - 11[0m
[0mGET / [32m200 [0m7.422 ms - 11[0m
[0mGET / [32m200 [0m0.346 ms - 11[0m
[0mGET / [32m200 [0m3.460 ms - 11[0m
[0mGET / [32m200 [0m3.313 ms - 11[0m
[0mGET / [32m200 [0m0.916 ms - 11[0m
[0mGET / [32m200 [0m1.740 ms - 11[0m
[0mGET / [32m200 [0m1.781 ms - 11[0m
[0mGET / [32m200 [0m0.399 ms - 11[0m
[0mGET / [32m200 [0m1.215 ms - 11[0m
[0mGET / [32m200 [0m1.612 ms - 11[0m
[0mGET / [32m200 [0m8.770 ms - 11[0m
[0mGET / [32m200 [0m9.889 ms - 11[0m
[0mGET / [32m200 [0m0.919 ms - 11[0m
[0mGET / [32m200 [0m0.326 ms - 11[0m
[0mGET / [32m200 [0m2.646 ms - 11[0m
[0mGET / [32m200 [0m2.892 ms - 11[0m
[0mGET / [32m200 [0m1.718 ms - 11[0m
[0mGET / [32m200 [0m3.040 ms - 11[0m
[0mGET / [32m200 [0m1.827 ms - 11[0m
[0mGET / [32m200 [0m3.947 ms - 11[0m
[0mGET / [32m200 [0m0.574 ms - 11[0m
[0mGET / [32m200 [0m2.935 ms - 11[0m
[0mGET / [32m200 [0m5.067 ms - 11[0m
[0mGET / [32m200 [0m2.743 ms - 11[0m
[0mGET / [32m200 [0m1.734 ms - 11[0m
[0mGET / [32m200 [0m0.332 ms - 11[0m
[0mGET / [32m200 [0m2.200 ms - 11[0m
[0mGET / [32m200 [0m0.640 ms - 11[0m
[0mGET / [32m200 [0m2.753 ms - 11[0m
[0mGET / [32m200 [0m0.338 ms - 11[0m
[0mGET / [32m200 [0m12.480 ms - 11[0m
[0mGET / [32m200 [0m12.569 ms - 11[0m
[0mGET / [32m200 [0m6.660 ms - 11[0m
[0mGET / [32m200 [0m0.477 ms - 11[0m
[0mGET / [32m200 [0m4.527 ms - 11[0m
[0mGET / [32m200 [0m7.565 ms - 11[0m
[0mGET / [32m200 [0m11.297 ms - 11[0m
[0mGET / [32m200 [0m1.127 ms - 11[0m
[0mGET / [32m200 [0m17.426 ms - 11[0m
[0mGET / [32m200 [0m0.559 ms - 11[0m
[0mGET / [32m200 [0m0.450 ms - 11[0m
[0mGET / [32m200 [0m0.711 ms - 11[0m
[0mGET / [32m200 [0m7.337 ms - 11[0m
[0mGET / [32m200 [0m5.060 ms - 11[0m
[0mGET / [32m200 [0m2.227 ms - 11[0m
[0mGET / [32m200 [0m0.363 ms - 11[0m
[0mGET / [32m200 [0m3.259 ms - 11[0m
[0mGET / [32m200 [0m4.769 ms - 11[0m
[0mGET / [32m200 [0m0.770 ms - 11[0m
[0mGET / [32m200 [0m0.843 ms - 11[0m
[0mGET / [32m200 [0m4.039 ms - 11[0m
[0mGET / [32m200 [0m4.299 ms - 11[0m
[0mGET / [32m200 [0m3.804 ms - 11[0m
[0mGET / [32m200 [0m0.291 ms - 11[0m
[0mGET / [32m200 [0m0.939 ms - 11[0m
[0mGET / [32m200 [0m0.818 ms - 11[0m
[0mGET / [32m200 [0m1.760 ms - 11[0m
[0mGET / [32m200 [0m2.595 ms - 11[0m
[0mGET / [32m200 [0m3.637 ms - 11[0m
[0mGET / [32m200 [0m59.191 ms - 11[0m
[0mGET / [32m200 [0m3.868 ms - 11[0m
[0mGET / [32m200 [0m0.900 ms - 11[0m
[0mGET / [32m200 [0m2.374 ms - 11[0m
[0mGET / [32m200 [0m3.647 ms - 11[0m
[0mGET / [32m200 [0m7.702 ms - 11[0m
[0mGET / [32m200 [0m8.560 ms - 11[0m
[0mGET / [32m200 [0m4.901 ms - 11[0m
[0mGET / [32m200 [0m2.484 ms - 11[0m
[0mGET / [32m200 [0m3.954 ms - 11[0m
[0mGET / [32m200 [0m4.194 ms - 11[0m
[0mGET / [32m200 [0m1.977 ms - 11[0m
[0mGET / [32m200 [0m0.583 ms - 11[0m
[0mGET / [32m200 [0m3.238 ms - 11[0m
[0mGET / [32m200 [0m3.795 ms - 11[0m
[0mGET / [32m200 [0m3.116 ms - 11[0m
[0mGET / [32m200 [0m1.045 ms - 11[0m
[0mGET / [32m200 [0m3.882 ms - 11[0m
[0mGET / [32m200 [0m1.339 ms - 11[0m
[0mGET / [32m200 [0m8.720 ms - 11[0m
[0mGET / [32m200 [0m9.077 ms - 11[0m
[0mGET / [32m200 [0m5.662 ms - 11[0m
[0mGET / [32m200 [0m0.986 ms - 11[0m
[0mGET / [32m200 [0m0.369 ms - 11[0m
[0mGET / [32m200 [0m4.151 ms - 11[0m
[0mGET / [32m200 [0m0.437 ms - 11[0m
[0mGET / [32m200 [0m0.552 ms - 11[0m
[0mGET / [32m200 [0m0.473 ms - 11[0m
[0mGET / [32m200 [0m1.088 ms - 11[0m
[0mGET / [32m200 [0m5.873 ms - 11[0m
[0mGET / [32m200 [0m3.054 ms - 11[0m
[0mGET / [32m200 [0m6.095 ms - 11[0m
[0mGET / [32m200 [0m0.926 ms - 11[0m
[0mGET / [32m200 [0m7.849 ms - 11[0m
[0mGET / [32m200 [0m7.879 ms - 11[0m
[0mGET / [32m200 [0m2.287 ms - 11[0m
[0mGET / [32m200 [0m0.525 ms - 11[0m
[0mGET / [32m200 [0m8.628 ms - 11[0m
[0mGET / [32m200 [0m6.202 ms - 11[0m
[0mGET / [32m200 [0m5.161 ms - 11[0m
[0mGET / [32m200 [0m0.429 ms - 11[0m
[0mGET / [32m200 [0m2.658 ms - 11[0m
[0mGET / [32m200 [0m2.164 ms - 11[0m
[0mGET / [32m200 [0m16.194 ms - 11[0m
[0mGET / [32m200 [0m1.416 ms - 11[0m
[0mGET / [32m200 [0m4.210 ms - 11[0m
[0mGET / [32m200 [0m1.013 ms - 11[0m
[0mGET / [32m200 [0m7.874 ms - 11[0m
[0mGET / [32m200 [0m6.026 ms - 11[0m
[0mGET / [32m200 [0m0.358 ms - 11[0m
[0mGET / [32m200 [0m0.346 ms - 11[0m
[0mGET / [32m200 [0m8.283 ms - 11[0m
[0mGET / [32m200 [0m3.582 ms - 11[0m
[0mGET / [32m200 [0m1.300 ms - 11[0m
[0mGET / [32m200 [0m1.995 ms - 11[0m
[0mGET / [32m200 [0m11.630 ms - 11[0m
[0mGET / [32m200 [0m0.796 ms - 11[0m
[0mGET / [32m200 [0m6.277 ms - 11[0m
[0mGET / [32m200 [0m0.459 ms - 11[0m
[0mGET / [32m200 [0m6.485 ms - 11[0m
[0mGET / [32m200 [0m1.063 ms - 11[0m
[0mGET / [32m200 [0m4.020 ms - 11[0m
[0mGET / [32m200 [0m0.770 ms - 11[0m
[0mGET / [32m200 [0m3.423 ms - 11[0m
[0mGET / [32m200 [0m10.464 ms - 11[0m
[0mGET / [32m200 [0m3.769 ms - 11[0m
[0mGET / [32m200 [0m4.159 ms - 11[0m
[0mGET / [32m200 [0m1.060 ms - 11[0m
[0mGET / [32m200 [0m8.831 ms - 11[0m
[0mGET / [32m200 [0m6.917 ms - 11[0m
[0mGET / [32m200 [0m5.649 ms - 11[0m
[0mGET / [32m200 [0m8.678 ms - 11[0m
[0mGET / [32m200 [0m0.940 ms - 11[0m
[0mGET / [32m200 [0m4.720 ms - 11[0m
[0mGET / [32m200 [0m0.276 ms - 11[0m
[0mGET / [32m200 [0m7.795 ms - 11[0m
[0mGET / [32m200 [0m0.933 ms - 11[0m
[0mGET / [32m200 [0m3.593 ms - 11[0m
[0mGET / [32m200 [0m8.402 ms - 11[0m
[0mGET / [32m200 [0m5.167 ms - 11[0m
[0mGET / [32m200 [0m0.360 ms - 11[0m
[0mGET / [32m200 [0m4.285 ms - 11[0m
[0mGET / [32m200 [0m0.389 ms - 11[0m
[0mGET / [32m200 [0m0.565 ms - 11[0m
[0mGET / [32m200 [0m0.505 ms - 11[0m
[0mGET / [32m200 [0m3.252 ms - 11[0m
[0mGET / [32m200 [0m0.884 ms - 11[0m
[0mGET / [32m200 [0m0.550 ms - 11[0m
[0mGET / [32m200 [0m7.554 ms - 11[0m
[0mGET / [32m200 [0m2.473 ms - 11[0m
[0mGET / [32m200 [0m0.485 ms - 11[0m
[0mGET / [32m200 [0m7.918 ms - 11[0m
[0mGET / [32m200 [0m3.142 ms - 11[0m
[0mGET / [32m200 [0m13.173 ms - 11[0m
[0mGET / [32m200 [0m0.415 ms - 11[0m
[0mGET / [32m200 [0m4.448 ms - 11[0m
[0mGET / [32m200 [0m1.539 ms - 11[0m
[0mGET / [32m200 [0m6.350 ms - 11[0m
[0mGET / [32m200 [0m3.980 ms - 11[0m
[0mGET / [32m200 [0m3.783 ms - 11[0m
[0mGET / [32m200 [0m1.001 ms - 11[0m
[0mGET / [32m200 [0m1.526 ms - 11[0m
[0mGET / [32m200 [0m0.290 ms - 11[0m
[0mGET / [32m200 [0m0.572 ms - 11[0m
[0mGET / [32m200 [0m6.112 ms - 11[0m
[0mGET / [32m200 [0m7.809 ms - 11[0m
[0mGET / [32m200 [0m6.681 ms - 11[0m
[0mGET / [32m200 [0m0.555 ms - 11[0m
[0mGET / [32m200 [0m7.419 ms - 11[0m
[0mGET / [32m200 [0m4.373 ms - 11[0m
[0mGET / [32m200 [0m2.254 ms - 11[0m
phone number 66451327
identityId null
get_open_id _phoneNumber 66451327
get_open_id IdentityIdundefined
{ IdentityId: 'us-east-1:d711efea-1aa7-4d5b-937c-255a43619c0a',
  Token: 'eyJraWQiOiJ1cy1lYXN0LTExIiwidHlwIjoiSldTIiwiYWxnIjoiUlM1MTIifQ.eyJzdWIiOiJ1cy1lYXN0LTE6ZDcxMWVmZWEtMWFhNy00ZDViLTkzN2MtMjU1YTQzNjE5YzBhIiwiYXVkIjoidXMtZWFzdC0xOjU1NTJhNTRiLWE1MTktNDRkMi05N2UzLWZlYjNkNDVjOWFmYSIsImFtciI6WyJhdXRoZW50aWNhdGVkIiwibG9naW4udjNyZWUuYXdlc29tZSIsImxvZ2luLnYzcmVlLmF3ZXNvbWU6dXMtZWFzdC0xOjU1NTJhNTRiLWE1MTktNDRkMi05N2UzLWZlYjNkNDVjOWFmYTo2NjQ1MTMyNyJdLCJpc3MiOiJodHRwczovL2NvZ25pdG8taWRlbnRpdHkuYW1hem9uYXdzLmNvbSIsImV4cCI6MTUwMTU4NDE5MywiaWF0IjoxNTAxNTgwNTkzfQ.YCg_jjmssGG9iPJxY0gsq4rO-sX3uHYaPQk8D-2cUb1kkRW3AGwVlFK76kf1b-qNFPzoT_TRHA6h5uQMjOgG2fIJGaKG9YyNjrEnb6NTeCdu_iC_ftR14u29Fi33ikKlA94TxiNDl2nOsI4efih6zwxWGsWxAImRGpavesMPpcFImkLB_qlpgOFtEoIoNYFo2cd37SiW2o3oBNaaVuTsI-yTHiiKM2dQ8y72CsWlsI8wsWt1pZ08uM8ecYJtDHCtGdaBp1RQ32gkTcA7-hBtHPP3KLGf6gidcb15DcEnTzfnHd8cArXqUNKkqfFQlozakllRuhhp4RTFFnkA5njYkA' }
[0mGET /get_token/664513271234/null [32m200 [0m160.603 ms - 902[0m
[0mGET / [32m200 [0m5.238 ms - 11[0m
[0mGET / [32m200 [0m0.923 ms - 11[0m
[0mGET / [32m200 [0m2.920 ms - 11[0m
[0mGET / [32m200 [0m0.910 ms - 11[0m
[0mGET / [32m200 [0m2.406 ms - 11[0m
[0mGET / [32m200 [0m7.942 ms - 11[0m
[0mGET / [32m200 [0m4.452 ms - 11[0m
[0mGET / [32m200 [0m7.656 ms - 11[0m
[0mGET / [32m200 [0m0.758 ms - 11[0m
[0mGET / [32m200 [0m11.180 ms - 11[0m
[0mGET / [32m200 [0m0.557 ms - 11[0m
[0mGET / [32m200 [0m3.588 ms - 11[0m
[0mGET / [32m200 [0m8.926 ms - 11[0m
[0mGET / [32m200 [0m9.962 ms - 11[0m
[0mGET / [32m200 [0m2.480 ms - 11[0m
[0mGET / [32m200 [0m3.033 ms - 11[0m
[0mGET / [32m200 [0m0.595 ms - 11[0m
[0mGET / [32m200 [0m11.302 ms - 11[0m
[0mGET / [32m200 [0m10.080 ms - 11[0m
[0mGET / [32m200 [0m4.149 ms - 11[0m
[0mGET / [32m200 [0m2.656 ms - 11[0m
[0mGET / [32m200 [0m3.409 ms - 11[0m
[0mGET / [32m200 [0m5.823 ms - 11[0m
[0mGET / [32m200 [0m0.794 ms - 11[0m
[0mGET / [32m200 [0m1.837 ms - 11[0m
[0mGET / [32m200 [0m1.301 ms - 11[0m
[0mGET / [32m200 [0m10.409 ms - 11[0m
[0mGET / [32m200 [0m3.241 ms - 11[0m
[0mGET / [32m200 [0m3.412 ms - 11[0m
[0mGET / [32m200 [0m1.363 ms - 11[0m
[0mGET / [32m200 [0m6.019 ms - 11[0m
[0mGET / [32m200 [0m0.287 ms - 11[0m
[0mGET / [32m200 [0m0.588 ms - 11[0m
[0mGET / [32m200 [0m0.860 ms - 11[0m
[0mGET / [32m200 [0m0.525 ms - 11[0m
[0mGET / [32m200 [0m6.707 ms - 11[0m
[0mGET / [32m200 [0m2.431 ms - 11[0m
[0mGET / [32m200 [0m0.632 ms - 11[0m
[0mGET / [32m200 [0m3.107 ms - 11[0m
[0mGET / [32m200 [0m0.419 ms - 11[0m
[0mGET / [32m200 [0m0.753 ms - 11[0m
[0mGET / [32m200 [0m0.833 ms - 11[0m
[0mGET / [32m200 [0m2.840 ms - 11[0m
[0mGET / [32m200 [0m1.067 ms - 11[0m
[0mGET / [32m200 [0m2.373 ms - 11[0m
[0mGET / [32m200 [0m0.359 ms - 11[0m
[0mGET / [32m200 [0m2.604 ms - 11[0m
[0mGET / [32m200 [0m1.179 ms - 11[0m
[0mGET / [32m200 [0m3.792 ms - 11[0m
[0mGET / [32m200 [0m4.191 ms - 11[0m
[0mGET / [32m200 [0m1.732 ms - 11[0m
[0mGET / [32m200 [0m3.623 ms - 11[0m
[0mGET / [32m200 [0m2.300 ms - 11[0m
[0mGET / [32m200 [0m1.096 ms - 11[0m
[0mGET / [32m200 [0m5.523 ms - 11[0m
[0mGET / [32m200 [0m7.925 ms - 11[0m
[0mGET / [32m200 [0m4.953 ms - 11[0m
[0mGET / [32m200 [0m5.225 ms - 11[0m
[0mGET / [32m200 [0m7.785 ms - 11[0m
[0mGET / [32m200 [0m5.838 ms - 11[0m
[0mGET / [32m200 [0m0.354 ms - 11[0m
[0mGET / [32m200 [0m3.542 ms - 11[0m
[0mGET / [32m200 [0m5.676 ms - 11[0m
[0mGET / [32m200 [0m5.715 ms - 11[0m
[0mGET / [32m200 [0m0.751 ms - 11[0m
[0mGET / [32m200 [0m0.891 ms - 11[0m
[0mGET / [32m200 [0m7.895 ms - 11[0m
[0mGET / [32m200 [0m5.683 ms - 11[0m
[0mGET / [32m200 [0m0.458 ms - 11[0m
[0mGET / [32m200 [0m1.384 ms - 11[0m
[0mGET / [32m200 [0m0.378 ms - 11[0m
[0mGET / [32m200 [0m5.714 ms - 11[0m
[0mGET / [32m200 [0m1.510 ms - 11[0m
[0mGET / [32m200 [0m0.658 ms - 11[0m
[0mGET / [32m200 [0m7.984 ms - 11[0m
[0mGET / [32m200 [0m4.714 ms - 11[0m
[0mGET / [32m200 [0m1.209 ms - 11[0m
[0mGET / [32m200 [0m0.670 ms - 11[0m
[0mGET / [32m200 [0m2.083 ms - 11[0m
[0mGET / [32m200 [0m9.684 ms - 11[0m
[0mGET / [32m200 [0m1.674 ms - 11[0m
[0mGET / [32m200 [0m1.407 ms - 11[0m
[0mGET / [32m200 [0m1.440 ms - 11[0m
[0mGET / [32m200 [0m1.919 ms - 11[0m
[0mGET / [32m200 [0m6.203 ms - 11[0m
[0mGET / [32m200 [0m0.347 ms - 11[0m
[0mGET / [32m200 [0m0.397 ms - 11[0m
[0mGET / [32m200 [0m1.171 ms - 11[0m
[0mGET / [32m200 [0m2.835 ms - 11[0m
[0mGET / [32m200 [0m2.244 ms - 11[0m
[0mGET / [32m200 [0m0.360 ms - 11[0m
[0mGET / [32m200 [0m0.937 ms - 11[0m
[0mGET / [32m200 [0m0.728 ms - 11[0m
[0mGET / [32m200 [0m0.803 ms - 11[0m
[0mGET / [32m200 [0m0.371 ms - 11[0m
[0mGET / [32m200 [0m2.537 ms - 11[0m
[0mGET / [32m200 [0m1.288 ms - 11[0m
[0mGET / [32m200 [0m0.851 ms - 11[0m
[0mGET / [32m200 [0m4.661 ms - 11[0m
[0mGET / [32m200 [0m1.876 ms - 11[0m
[0mGET / [32m200 [0m1.852 ms - 11[0m
[0mGET / [32m200 [0m2.234 ms - 11[0m
[0mGET / [32m200 [0m4.664 ms - 11[0m
[0mGET / [32m200 [0m5.010 ms - 11[0m
[0mGET / [32m200 [0m1.203 ms - 11[0m
[0mGET / [32m200 [0m0.966 ms - 11[0m
[0mGET / [32m200 [0m0.406 ms - 11[0m
[0mGET / [32m200 [0m0.975 ms - 11[0m
[0mGET / [32m200 [0m2.916 ms - 11[0m
[0mGET / [32m200 [0m1.394 ms - 11[0m
[0mGET / [32m200 [0m0.373 ms - 11[0m
[0mGET / [32m200 [0m0.301 ms - 11[0m
[0mGET / [32m200 [0m3.000 ms - 11[0m
[0mGET / [32m200 [0m2.088 ms - 11[0m
[0mGET / [32m200 [0m0.403 ms - 11[0m
[0mGET / [32m200 [0m0.337 ms - 11[0m
[0mGET / [32m200 [0m1.236 ms - 11[0m
[0mGET / [32m200 [0m0.903 ms - 11[0m
[0mGET / [32m200 [0m5.164 ms - 11[0m
[0mGET / [32m200 [0m0.299 ms - 11[0m
[0mGET / [32m200 [0m1.247 ms - 11[0m
[0mGET / [32m200 [0m1.372 ms - 11[0m
[0mGET / [32m200 [0m0.483 ms - 11[0m
[0mGET / [32m200 [0m2.242 ms - 11[0m
[0mGET / [32m200 [0m0.471 ms - 11[0m
[0mGET / [32m200 [0m0.346 ms - 11[0m
[0mGET / [32m200 [0m2.172 ms - 11[0m
[0mGET / [32m200 [0m4.349 ms - 11[0m
[0mGET / [32m200 [0m0.401 ms - 11[0m
[0mGET / [32m200 [0m0.348 ms - 11[0m
[0mGET / [32m200 [0m2.139 ms - 11[0m
[0mGET / [32m200 [0m0.267 ms - 11[0m
[0mGET / [32m200 [0m1.625 ms - 11[0m
[0mGET / [32m200 [0m1.173 ms - 11[0m
[0mGET / [32m200 [0m1.631 ms - 11[0m
[0mGET / [32m200 [0m0.373 ms - 11[0m
[0mGET / [32m200 [0m0.351 ms - 11[0m
[0mGET / [32m200 [0m0.360 ms - 11[0m
[0mGET / [32m200 [0m2.493 ms - 11[0m
[0mGET / [32m200 [0m1.093 ms - 11[0m
[0mGET / [32m200 [0m0.537 ms - 11[0m
[0mGET / [32m200 [0m0.748 ms - 11[0m
[0mGET / [32m200 [0m0.418 ms - 11[0m
[0mGET / [32m200 [0m1.694 ms - 11[0m
[0mGET / [32m200 [0m0.465 ms - 11[0m
[0mGET / [32m200 [0m0.348 ms - 11[0m
[0mGET / [32m200 [0m4.336 ms - 11[0m
[0mGET / [32m200 [0m3.253 ms - 11[0m
[0mGET / [32m200 [0m1.322 ms - 11[0m
[0mGET / [32m200 [0m0.833 ms - 11[0m
[0mGET / [32m200 [0m2.790 ms - 11[0m
[0mGET / [32m200 [0m0.384 ms - 11[0m
[0mGET / [32m200 [0m5.145 ms - 11[0m
[0mGET / [32m200 [0m2.095 ms - 11[0m
[0mGET / [32m200 [0m0.917 ms - 11[0m
[0mGET / [32m200 [0m0.371 ms - 11[0m
[0mGET / [32m200 [0m2.151 ms - 11[0m
[0mGET / [32m200 [0m2.238 ms - 11[0m
[0mGET / [32m200 [0m2.024 ms - 11[0m
[0mGET / [32m200 [0m0.284 ms - 11[0m
[0mGET / [32m200 [0m4.368 ms - 11[0m
[0mGET / [32m200 [0m2.383 ms - 11[0m
[0mGET / [32m200 [0m1.260 ms - 11[0m
[0mGET / [32m200 [0m0.276 ms - 11[0m
[0mGET / [32m200 [0m4.091 ms - 11[0m
[0mGET / [32m200 [0m4.261 ms - 11[0m
[0mGET / [32m200 [0m0.397 ms - 11[0m
[0mGET / [32m200 [0m1.469 ms - 11[0m
[0mGET / [32m200 [0m2.247 ms - 11[0m
[0mGET / [32m200 [0m2.506 ms - 11[0m
[0mGET / [32m200 [0m1.815 ms - 11[0m
[0mGET / [32m200 [0m0.275 ms - 11[0m
[0mGET / [32m200 [0m6.324 ms - 11[0m
[0mGET / [32m200 [0m5.417 ms - 11[0m
[0mGET / [32m200 [0m0.388 ms - 11[0m
[0mGET / [32m200 [0m0.938 ms - 11[0m
[0mGET / [32m200 [0m1.240 ms - 11[0m
[0mGET / [32m200 [0m1.379 ms - 11[0m
[0mGET / [32m200 [0m0.324 ms - 11[0m
[0mGET / [32m200 [0m0.251 ms - 11[0m
[0mGET / [32m200 [0m6.365 ms - 11[0m
[0mGET / [32m200 [0m6.639 ms - 11[0m
[0mGET / [32m200 [0m2.901 ms - 11[0m
[0mGET / [32m200 [0m0.283 ms - 11[0m
[0mGET / [32m200 [0m6.250 ms - 11[0m
[0mGET / [32m200 [0m0.821 ms - 11[0m
[0mGET / [32m200 [0m1.232 ms - 11[0m
[0mGET / [32m200 [0m0.359 ms - 11[0m
[0mGET / [32m200 [0m3.474 ms - 11[0m
[0mGET / [32m200 [0m3.654 ms - 11[0m
[0mGET / [32m200 [0m5.652 ms - 11[0m
[0mGET / [32m200 [0m5.856 ms - 11[0m
[0mGET / [32m200 [0m6.421 ms - 11[0m
[0mGET / [32m200 [0m4.219 ms - 11[0m
[0mGET / [32m200 [0m2.046 ms - 11[0m
[0mGET / [32m200 [0m0.328 ms - 11[0m
[0mGET / [32m200 [0m7.830 ms - 11[0m
[0mGET / [32m200 [0m1.775 ms - 11[0m
[0mGET / [32m200 [0m0.796 ms - 11[0m
[0mGET / [32m200 [0m1.410 ms - 11[0m
[0mGET / [32m200 [0m2.948 ms - 11[0m
[0mGET / [32m200 [0m4.227 ms - 11[0m
[0mGET / [32m200 [0m2.454 ms - 11[0m
[0mGET / [32m200 [0m0.397 ms - 11[0m
[0mGET / [32m200 [0m0.999 ms - 11[0m
[0mGET / [32m200 [0m1.498 ms - 11[0m
[0mGET / [32m200 [0m0.375 ms - 11[0m
[0mGET / [32m200 [0m1.281 ms - 11[0m
[0mGET / [32m200 [0m1.806 ms - 11[0m
[0mGET / [32m200 [0m2.661 ms - 11[0m
[0mGET / [32m200 [0m3.504 ms - 11[0m
[0mGET / [32m200 [0m0.280 ms - 11[0m
[0mGET / [32m200 [0m12.739 ms - 11[0m
[0mGET / [32m200 [0m8.637 ms - 11[0m
[0mGET / [32m200 [0m8.949 ms - 11[0m
[0mGET / [32m200 [0m8.521 ms - 11[0m
[0mGET / [32m200 [0m2.959 ms - 11[0m
[0mGET / [32m200 [0m0.330 ms - 11[0m
[0mGET / [32m200 [0m0.340 ms - 11[0m
[0mGET / [32m200 [0m1.480 ms - 11[0m
[0mGET / [32m200 [0m6.031 ms - 11[0m
[0mGET / [32m200 [0m1.193 ms - 11[0m
[0mGET / [32m200 [0m0.368 ms - 11[0m
[0mGET / [32m200 [0m1.506 ms - 11[0m
[0mGET / [32m200 [0m3.798 ms - 11[0m
[0mGET / [32m200 [0m0.449 ms - 11[0m
[0mGET / [32m200 [0m1.286 ms - 11[0m
[0mGET / [32m200 [0m0.286 ms - 11[0m
[0mGET / [32m200 [0m6.410 ms - 11[0m
[0mGET / [32m200 [0m5.078 ms - 11[0m
[0mGET / [32m200 [0m2.325 ms - 11[0m
[0mGET / [32m200 [0m0.407 ms - 11[0m
[0mGET / [32m200 [0m4.531 ms - 11[0m
[0mGET / [32m200 [0m2.048 ms - 11[0m
[0mGET / [32m200 [0m4.361 ms - 11[0m
[0mGET / [32m200 [0m0.415 ms - 11[0m
[0mGET / [32m200 [0m3.755 ms - 11[0m
[0mGET / [32m200 [0m0.856 ms - 11[0m
[0mGET / [32m200 [0m4.878 ms - 11[0m
[0mGET / [32m200 [0m4.004 ms - 11[0m
[0mGET / [32m200 [0m2.490 ms - 11[0m
[0mGET / [32m200 [0m0.379 ms - 11[0m
[0mGET / [32m200 [0m0.446 ms - 11[0m
[0mGET / [32m200 [0m2.012 ms - 11[0m
[0mGET / [32m200 [0m8.112 ms - 11[0m
[0mGET / [32m200 [0m0.791 ms - 11[0m
[0mGET / [32m200 [0m9.084 ms - 11[0m
[0mGET / [32m200 [0m9.908 ms - 11[0m
[0mGET / [32m200 [0m13.803 ms - 11[0m
[0mGET / [32m200 [0m0.343 ms - 11[0m
[0mGET / [32m200 [0m8.995 ms - 11[0m
[0mGET / [32m200 [0m4.128 ms - 11[0m
[0mGET / [32m200 [0m2.989 ms - 11[0m
[0mGET / [32m200 [0m1.685 ms - 11[0m
[0mGET / [32m200 [0m1.627 ms - 11[0m
[0mGET / [32m200 [0m0.284 ms - 11[0m
[0mGET / [32m200 [0m7.747 ms - 11[0m
[0mGET / [32m200 [0m11.643 ms - 11[0m
[0mGET / [32m200 [0m1.602 ms - 11[0m
[0mGET / [32m200 [0m1.357 ms - 11[0m
[0mGET / [32m200 [0m7.326 ms - 11[0m
[0mGET / [32m200 [0m0.367 ms - 11[0m
[0mGET / [32m200 [0m4.757 ms - 11[0m
[0mGET / [32m200 [0m0.640 ms - 11[0m
[0mGET / [32m200 [0m0.956 ms - 11[0m
[0mGET / [32m200 [0m0.598 ms - 11[0m
[0mGET / [32m200 [0m8.785 ms - 11[0m
[0mGET / [32m200 [0m0.810 ms - 11[0m
[0mGET / [32m200 [0m0.983 ms - 11[0m
[0mGET / [32m200 [0m4.229 ms - 11[0m
[0mGET / [32m200 [0m6.864 ms - 11[0m
[0mGET / [32m200 [0m2.015 ms - 11[0m
[0mGET / [32m200 [0m1.175 ms - 11[0m
[0mGET / [32m200 [0m0.901 ms - 11[0m
[0mGET / [32m200 [0m7.817 ms - 11[0m
[0mGET / [32m200 [0m8.667 ms - 11[0m
[0mGET / [32m200 [0m11.831 ms - 11[0m
[0mGET / [32m200 [0m10.440 ms - 11[0m
[0mGET / [32m200 [0m1.976 ms - 11[0m
[0mGET / [32m200 [0m6.395 ms - 11[0m
[0mGET / [32m200 [0m7.823 ms - 11[0m
[0mGET / [32m200 [0m1.138 ms - 11[0m
[0mGET / [32m200 [0m5.637 ms - 11[0m
[0mGET / [32m200 [0m1.708 ms - 11[0m
