ok
Config
2017-08-11T04:14:12.182Z
Cognito
the cognitoidentity is [object Object]
SNS
setting tcp
setting sns
PostAPI
PostAPI_Chat
PostAPI_Wall
PostAPI_Pet
PostAPI_Chips
PostAPI_Login
PostAPI_Shop
PostAPI_Debug
Game init
======================
apiPort listening 2493
tcpPort listening 7001
redisPort listening 7000
======================
events.js:182
      throw er; // Unhandled 'error' event
      ^

Error: listen EADDRINUSE :::7001
    at Object.exports._errnoException (util.js:1024:11)
    at exports._exceptionWithHostPort (util.js:1047:20)
    at Server.setupListenHandle [as _listen2] (net.js:1319:14)
    at listenInCluster (net.js:1367:12)
    at Server.listen (net.js:1467:7)
    at Object.init (/home/ec2-user/abc/awsome_modules/IOConnection.js:51:12)
    at Object.<anonymous> (/home/ec2-user/abc/Server.js:63:55)
    at Module._compile (module.js:569:30)
    at Object.Module._extensions..js (module.js:580:10)
    at Module.load (module.js:503:32)
error: Forever detected script exited with code: 1
