ok
Config
Thu Aug 03 2017 04:09:48 GMT+0000 (UTC)
Cognito
the cognitoidentity is [object Object]
SNS
setting tcp
setting sns
PostAPI
PostAPI_Chat
PostAPI_Wall
PostAPI_Pet
PostAPI_Chips
PostAPI_Login
PostAPI_Shop
PostAPI_Debug
Game init
======================
apiPort listening 2499
tcpPort listening 3006
======================
Server listening at port 3006
[0mGET / [32m200 [0m65.238 ms - 11[0m
[0mGET / [32m200 [0m47.120 ms - 11[0m
[0mGET / [32m200 [0m0.989 ms - 11[0m
[0mGET / [32m200 [0m1.330 ms - 11[0m
[0mGET / [32m200 [0m1.239 ms - 11[0m
[0mGET / [32m200 [0m1.247 ms - 11[0m
[0mGET / [32m200 [0m18.777 ms - 11[0m
[0mGET / [32m200 [0m12.590 ms - 11[0m
[0mGET / [32m200 [0m4.822 ms - 11[0m
[0mGET / [32m200 [0m2.759 ms - 11[0m
[0mGET / [32m200 [0m9.933 ms - 11[0m
[0mGET / [32m200 [0m3.655 ms - 11[0m
[0mGET / [32m200 [0m1.641 ms - 11[0m
[0mGET / [32m200 [0m1.218 ms - 11[0m
[0mGET / [32m200 [0m6.027 ms - 11[0m
[0mGET / [32m200 [0m21.321 ms - 11[0m
[0mGET / [32m200 [0m2.590 ms - 11[0m
[0mGET / [32m200 [0m2.131 ms - 11[0m
[0mGET / [32m200 [0m52.749 ms - 11[0m
[0mGET / [32m200 [0m6.294 ms - 11[0m
[0mGET / [32m200 [0m2.268 ms - 11[0m
[0mGET / [32m200 [0m1.180 ms - 11[0m
[0mGET / [32m200 [0m5.947 ms - 11[0m
[0mGET / [32m200 [0m0.539 ms - 11[0m
[0mGET / [32m200 [0m1.665 ms - 11[0m
[0mGET / [32m200 [0m1.233 ms - 11[0m
[0mGET / [32m200 [0m4.144 ms - 11[0m
[0mGET / [32m200 [0m0.347 ms - 11[0m
[0mGET / [32m200 [0m0.806 ms - 11[0m
[0mGET / [32m200 [0m1.101 ms - 11[0m
[0mGET / [32m200 [0m5.877 ms - 11[0m
[0mGET / [32m200 [0m19.403 ms - 11[0m
[0mGET / [32m200 [0m6.443 ms - 11[0m
[0mGET / [32m200 [0m2.488 ms - 11[0m
[0mGET / [32m200 [0m2.689 ms - 11[0m
[0mGET / [32m200 [0m1.558 ms - 11[0m
[0mGET / [32m200 [0m0.635 ms - 11[0m
[0mGET / [32m200 [0m0.856 ms - 11[0m
[0mGET / [32m200 [0m0.536 ms - 11[0m
[0mGET / [32m200 [0m0.467 ms - 11[0m
[0mGET / [32m200 [0m1.456 ms - 11[0m
[0mGET / [32m200 [0m0.963 ms - 11[0m
[0mGET / [32m200 [0m6.475 ms - 11[0m
[0mGET / [32m200 [0m26.502 ms - 11[0m
[0mGET / [32m200 [0m0.640 ms - 11[0m
[0mGET / [32m200 [0m0.997 ms - 11[0m
[0mGET / [32m200 [0m7.490 ms - 11[0m
[0mGET / [32m200 [0m3.426 ms - 11[0m
[0mGET / [32m200 [0m0.455 ms - 11[0m
[0mGET / [32m200 [0m12.331 ms - 11[0m
[0mGET / [32m200 [0m17.992 ms - 11[0m
[0mGET / [32m200 [0m16.773 ms - 11[0m
[0mGET / [32m200 [0m0.523 ms - 11[0m
[0mGET / [32m200 [0m0.917 ms - 11[0m
[0mGET / [32m200 [0m5.570 ms - 11[0m
[0mGET / [32m200 [0m12.984 ms - 11[0m
[0mGET / [32m200 [0m15.024 ms - 11[0m
[0mGET / [32m200 [0m15.154 ms - 11[0m
[0mGET / [32m200 [0m11.602 ms - 11[0m
[0mGET / [32m200 [0m9.098 ms - 11[0m
[0mGET / [32m200 [0m12.123 ms - 11[0m
[0mGET / [32m200 [0m6.614 ms - 11[0m
[0mGET / [32m200 [0m1.214 ms - 11[0m
[0mGET / [32m200 [0m14.472 ms - 11[0m
[0mGET / [32m200 [0m39.085 ms - 11[0m
[0mGET / [32m200 [0m2.758 ms - 11[0m
[0mGET / [32m200 [0m11.953 ms - 11[0m
[0mGET / [32m200 [0m3.395 ms - 11[0m
[0mGET / [32m200 [0m7.480 ms - 11[0m
[0mGET / [32m200 [0m1.054 ms - 11[0m
[0mGET / [32m200 [0m5.035 ms - 11[0m
[0mGET / [32m200 [0m1.660 ms - 11[0m
[0mGET / [32m200 [0m8.935 ms - 11[0m
[0mGET / [32m200 [0m8.347 ms - 11[0m
[0mGET / [32m200 [0m6.591 ms - 11[0m
[0mGET / [32m200 [0m9.391 ms - 11[0m
[0mGET / [32m200 [0m10.248 ms - 11[0m
[0mGET / [32m200 [0m10.693 ms - 11[0m
[0mGET / [32m200 [0m6.989 ms - 11[0m
[0mGET / [32m200 [0m6.451 ms - 11[0m
[0mGET / [32m200 [0m1.540 ms - 11[0m
[0mGET / [32m200 [0m0.726 ms - 11[0m
[0mGET / [32m200 [0m0.411 ms - 11[0m
[0mGET / [32m200 [0m0.525 ms - 11[0m
[0mGET / [32m200 [0m5.637 ms - 11[0m
[0mGET / [32m200 [0m14.827 ms - 11[0m
[0mGET / [32m200 [0m4.758 ms - 11[0m
[0mGET / [32m200 [0m19.075 ms - 11[0m
[0mGET / [32m200 [0m13.672 ms - 11[0m
[0mGET / [32m200 [0m13.671 ms - 11[0m
[0mGET / [32m200 [0m3.996 ms - 11[0m
[0mGET / [32m200 [0m6.736 ms - 11[0m
[0mGET / [32m200 [0m9.225 ms - 11[0m
[0mGET / [32m200 [0m9.624 ms - 11[0m
[0mGET / [32m200 [0m6.687 ms - 11[0m
[0mGET / [32m200 [0m2.096 ms - 11[0m
[0mGET / [32m200 [0m3.738 ms - 11[0m
[0mGET / [32m200 [0m0.716 ms - 11[0m
[0mGET / [32m200 [0m0.972 ms - 11[0m
[0mGET / [32m200 [0m2.130 ms - 11[0m
[0mGET / [32m200 [0m9.161 ms - 11[0m
[0mGET / [32m200 [0m9.313 ms - 11[0m
[0mGET / [32m200 [0m2.218 ms - 11[0m
[0mGET / [32m200 [0m0.312 ms - 11[0m
[0mGET / [32m200 [0m2.347 ms - 11[0m
[0mGET / [32m200 [0m0.380 ms - 11[0m
[0mGET / [32m200 [0m15.098 ms - 11[0m
[0mGET / [32m200 [0m2.786 ms - 11[0m
[0mGET / [32m200 [0m5.868 ms - 11[0m
[0mGET / [32m200 [0m1.079 ms - 11[0m
[0mGET / [32m200 [0m4.667 ms - 11[0m
[0mGET / [32m200 [0m0.866 ms - 11[0m
[0mGET / [32m200 [0m10.990 ms - 11[0m
[0mGET / [32m200 [0m11.420 ms - 11[0m
[0mGET / [32m200 [0m0.528 ms - 11[0m
[0mGET / [32m200 [0m5.646 ms - 11[0m
[0mGET / [32m200 [0m0.411 ms - 11[0m
[0mGET / [32m200 [0m0.331 ms - 11[0m
[0mGET / [32m200 [0m4.169 ms - 11[0m
[0mGET / [32m200 [0m0.336 ms - 11[0m
[0mGET / [32m200 [0m1.273 ms - 11[0m
[0mGET / [32m200 [0m0.377 ms - 11[0m
[0mGET / [32m200 [0m1.062 ms - 11[0m
[0mGET / [32m200 [0m3.574 ms - 11[0m
[0mGET / [32m200 [0m2.155 ms - 11[0m
[0mGET / [32m200 [0m0.321 ms - 11[0m
[0mGET / [32m200 [0m5.080 ms - 11[0m
[0mGET / [32m200 [0m1.016 ms - 11[0m
[0mGET / [32m200 [0m1.174 ms - 11[0m
[0mGET / [32m200 [0m0.872 ms - 11[0m
[0mGET / [32m200 [0m108.613 ms - 11[0m
[0mGET / [32m200 [0m133.510 ms - 11[0m
[0mGET / [32m200 [0m0.904 ms - 11[0m
[0mGET / [32m200 [0m0.390 ms - 11[0m
[0mGET / [32m200 [0m9.053 ms - 11[0m
[0mGET / [32m200 [0m16.481 ms - 11[0m
[0mGET / [32m200 [0m1.537 ms - 11[0m
[0mGET / [32m200 [0m13.135 ms - 11[0m
[0mGET / [32m200 [0m0.478 ms - 11[0m
[0mGET / [32m200 [0m0.868 ms - 11[0m
[0mGET / [32m200 [0m5.426 ms - 11[0m
[0mGET / [32m200 [0m5.706 ms - 11[0m
[0mGET / [32m200 [0m4.236 ms - 11[0m
[0mGET / [32m200 [0m0.490 ms - 11[0m
[0mGET / [32m200 [0m9.184 ms - 11[0m
[0mGET / [32m200 [0m0.924 ms - 11[0m
[0mGET / [32m200 [0m16.006 ms - 11[0m
[0mGET / [32m200 [0m12.874 ms - 11[0m
[0mGET / [32m200 [0m7.413 ms - 11[0m
[0mGET / [32m200 [0m7.756 ms - 11[0m
[0mGET / [32m200 [0m0.978 ms - 11[0m
[0mGET / [32m200 [0m0.446 ms - 11[0m
[0mGET / [32m200 [0m1.346 ms - 11[0m
[0mGET / [32m200 [0m1.058 ms - 11[0m
[0mGET / [32m200 [0m8.772 ms - 11[0m
[0mGET / [32m200 [0m5.504 ms - 11[0m
[0mGET / [32m200 [0m11.585 ms - 11[0m
[0mGET / [32m200 [0m9.036 ms - 11[0m
[0mGET / [32m200 [0m7.822 ms - 11[0m
[0mGET / [32m200 [0m0.548 ms - 11[0m
[0mGET / [32m200 [0m11.253 ms - 11[0m
[0mGET / [32m200 [0m9.873 ms - 11[0m
[0mGET / [32m200 [0m4.326 ms - 11[0m
[0mGET / [32m200 [0m0.902 ms - 11[0m
[0mGET / [32m200 [0m0.601 ms - 11[0m
[0mGET / [32m200 [0m1.546 ms - 11[0m
[0mGET / [32m200 [0m10.187 ms - 11[0m
[0mGET / [32m200 [0m10.259 ms - 11[0m
[0mGET / [32m200 [0m12.983 ms - 11[0m
[0mGET / [32m200 [0m0.839 ms - 11[0m
[0mGET / [32m200 [0m6.150 ms - 11[0m
[0mGET / [32m200 [0m4.616 ms - 11[0m
[0mGET / [32m200 [0m0.521 ms - 11[0m
[0mGET / [32m200 [0m0.420 ms - 11[0m
[0mGET / [32m200 [0m1.246 ms - 11[0m
[0mGET / [32m200 [0m4.974 ms - 11[0m
[0mGET / [32m200 [0m4.194 ms - 11[0m
[0mGET / [32m200 [0m5.185 ms - 11[0m
[0mGET / [32m200 [0m3.527 ms - 11[0m
[0mGET / [32m200 [0m0.890 ms - 11[0m
[0mGET / [32m200 [0m11.705 ms - 11[0m
[0mGET / [32m200 [0m1.678 ms - 11[0m
[0mGET / [32m200 [0m16.612 ms - 11[0m
[0mGET / [32m200 [0m42.147 ms - 11[0m
[0mGET / [32m200 [0m6.427 ms - 11[0m
[0mGET / [32m200 [0m6.714 ms - 11[0m
[0mGET / [32m200 [0m0.453 ms - 11[0m
[0mGET / [32m200 [0m0.375 ms - 11[0m
[0mGET / [32m200 [0m0.593 ms - 11[0m
[0mGET / [32m200 [0m1.907 ms - 11[0m
[0mGET / [32m200 [0m4.803 ms - 11[0m
[0mGET / [32m200 [0m0.344 ms - 11[0m
[0mGET / [32m200 [0m2.525 ms - 11[0m
[0mGET / [32m200 [0m0.365 ms - 11[0m
[0mGET / [32m200 [0m4.663 ms - 11[0m
[0mGET / [32m200 [0m0.450 ms - 11[0m
[0mGET / [32m200 [0m0.655 ms - 11[0m
[0mGET / [32m200 [0m0.922 ms - 11[0m
[0mGET / [32m200 [0m7.491 ms - 11[0m
[0mGET / [32m200 [0m7.752 ms - 11[0m
[0mGET / [32m200 [0m4.221 ms - 11[0m
[0mGET / [32m200 [0m4.458 ms - 11[0m
[0mGET / [32m200 [0m1.573 ms - 11[0m
[0mGET / [32m200 [0m0.345 ms - 11[0m
[0mGET / [32m200 [0m0.572 ms - 11[0m
[0mGET / [32m200 [0m0.953 ms - 11[0m
[0mGET / [32m200 [0m1.056 ms - 11[0m
[0mGET / [32m200 [0m0.864 ms - 11[0m
[0mGET / [32m200 [0m9.276 ms - 11[0m
[0mGET / [32m200 [0m7.854 ms - 11[0m
[0mGET / [32m200 [0m6.596 ms - 11[0m
[0mGET / [32m200 [0m5.400 ms - 11[0m
[0mGET / [32m200 [0m4.895 ms - 11[0m
[0mGET / [32m200 [0m5.064 ms - 11[0m
[0mGET / [32m200 [0m5.083 ms - 11[0m
[0mGET / [32m200 [0m0.325 ms - 11[0m
[0mGET / [32m200 [0m8.228 ms - 11[0m
[0mGET / [32m200 [0m8.504 ms - 11[0m
[0mGET / [32m200 [0m7.625 ms - 11[0m
[0mGET / [32m200 [0m7.831 ms - 11[0m
[0mGET / [32m200 [0m1.037 ms - 11[0m
[0mGET / [32m200 [0m0.312 ms - 11[0m
[0mGET / [32m200 [0m0.784 ms - 11[0m
[0mGET / [32m200 [0m1.205 ms - 11[0m
[0mGET / [32m200 [0m0.599 ms - 11[0m
[0mGET / [32m200 [0m0.487 ms - 11[0m
[0mGET / [32m200 [0m0.489 ms - 11[0m
[0mGET / [32m200 [0m0.320 ms - 11[0m
[0mGET / [32m200 [0m7.081 ms - 11[0m
[0mGET / [32m200 [0m7.813 ms - 11[0m
[0mGET / [32m200 [0m2.233 ms - 11[0m
[0mGET / [32m200 [0m0.503 ms - 11[0m
[0mGET / [32m200 [0m0.407 ms - 11[0m
[0mGET / [32m200 [0m0.432 ms - 11[0m
[0mGET / [32m200 [0m1.784 ms - 11[0m
[0mGET / [32m200 [0m0.907 ms - 11[0m
[0mGET / [32m200 [0m8.597 ms - 11[0m
[0mGET / [32m200 [0m8.868 ms - 11[0m
[0mGET / [32m200 [0m4.918 ms - 11[0m
[0mGET / [32m200 [0m0.450 ms - 11[0m
[0mGET / [32m200 [0m0.901 ms - 11[0m
[0mGET / [32m200 [0m0.422 ms - 11[0m
[0mGET / [32m200 [0m7.310 ms - 11[0m
[0mGET / [32m200 [0m5.805 ms - 11[0m
[0mGET / [32m200 [0m1.351 ms - 11[0m
[0mGET / [32m200 [0m0.309 ms - 11[0m
[0mGET / [32m200 [0m7.969 ms - 11[0m
[0mGET / [32m200 [0m0.975 ms - 11[0m
[0mGET / [32m200 [0m3.498 ms - 11[0m
[0mGET / [32m200 [0m0.363 ms - 11[0m
[0mGET / [32m200 [0m3.531 ms - 11[0m
[0mGET / [32m200 [0m1.718 ms - 11[0m
[0mGET / [32m200 [0m0.574 ms - 11[0m
[0mGET / [32m200 [0m0.338 ms - 11[0m
[0mGET / [32m200 [0m13.577 ms - 11[0m
[0mGET / [32m200 [0m6.995 ms - 11[0m
[0mGET / [32m200 [0m13.863 ms - 11[0m
[0mGET / [32m200 [0m22.212 ms - 11[0m
[0mGET / [32m200 [0m0.540 ms - 11[0m
[0mGET / [32m200 [0m40.741 ms - 11[0m
[0mGET / [32m200 [0m0.585 ms - 11[0m
[0mGET / [32m200 [0m3.833 ms - 11[0m
[0mGET / [32m200 [0m17.041 ms - 11[0m
[0mGET / [32m200 [0m13.964 ms - 11[0m
[0mGET / [32m200 [0m10.465 ms - 11[0m
[0mGET / [32m200 [0m8.038 ms - 11[0m
[0mGET / [32m200 [0m9.395 ms - 11[0m
[0mGET / [32m200 [0m0.369 ms - 11[0m
[0mGET / [32m200 [0m5.823 ms - 11[0m
[0mGET / [32m200 [0m6.328 ms - 11[0m
[0mGET / [32m200 [0m3.282 ms - 11[0m
[0mGET / [32m200 [0m0.402 ms - 11[0m
[0mGET / [32m200 [0m1.008 ms - 11[0m
[0mGET / [32m200 [0m0.283 ms - 11[0m
[0mGET / [32m200 [0m2.466 ms - 11[0m
[0mGET / [32m200 [0m1.291 ms - 11[0m
[0mGET / [32m200 [0m5.885 ms - 11[0m
[0mGET / [32m200 [0m0.894 ms - 11[0m
[0mGET / [32m200 [0m1.751 ms - 11[0m
[0mGET / [32m200 [0m1.531 ms - 11[0m
[0mGET / [32m200 [0m3.019 ms - 11[0m
[0mGET / [32m200 [0m1.546 ms - 11[0m
[0mGET / [32m200 [0m16.007 ms - 11[0m
[0mGET / [32m200 [0m0.813 ms - 11[0m
[0mGET / [32m200 [0m4.458 ms - 11[0m
[0mGET / [32m200 [0m0.800 ms - 11[0m
[0mGET / [32m200 [0m3.976 ms - 11[0m
[0mGET / [32m200 [0m1.377 ms - 11[0m
[0mGET / [32m200 [0m0.482 ms - 11[0m
[0mGET / [32m200 [0m2.784 ms - 11[0m
[0mGET / [32m200 [0m0.805 ms - 11[0m
[0mGET / [32m200 [0m10.514 ms - 11[0m
[0mGET / [32m200 [0m1.735 ms - 11[0m
[0mGET / [32m200 [0m0.465 ms - 11[0m
[0mGET / [32m200 [0m16.550 ms - 11[0m
[0mGET / [32m200 [0m1.024 ms - 11[0m
[0mGET / [32m200 [0m0.393 ms - 11[0m
[0mGET / [32m200 [0m1.152 ms - 11[0m
[0mGET / [32m200 [0m1.743 ms - 11[0m
[0mGET / [32m200 [0m0.343 ms - 11[0m
[0mGET / [32m200 [0m0.657 ms - 11[0m
[0mGET / [32m200 [0m5.319 ms - 11[0m
[0mGET / [32m200 [0m1.923 ms - 11[0m
[0mGET / [32m200 [0m0.825 ms - 11[0m
[0mGET / [32m200 [0m2.690 ms - 11[0m
[0mGET / [32m200 [0m1.859 ms - 11[0m
[0mGET / [32m200 [0m11.091 ms - 11[0m
[0mGET / [32m200 [0m12.464 ms - 11[0m
[0mGET / [32m200 [0m4.100 ms - 11[0m
[0mGET / [32m200 [0m4.270 ms - 11[0m
[0mGET / [32m200 [0m0.797 ms - 11[0m
[0mGET / [32m200 [0m1.028 ms - 11[0m
[0mGET / [32m200 [0m7.187 ms - 11[0m
[0mGET / [32m200 [0m7.312 ms - 11[0m
[0mGET / [32m200 [0m0.659 ms - 11[0m
[0mGET / [32m200 [0m0.324 ms - 11[0m
[0mGET / [32m200 [0m8.164 ms - 11[0m
[0mGET / [32m200 [0m1.395 ms - 11[0m
[0mGET / [32m200 [0m3.760 ms - 11[0m
[0mGET / [32m200 [0m4.723 ms - 11[0m
[0mGET / [32m200 [0m11.242 ms - 11[0m
[0mGET / [32m200 [0m11.249 ms - 11[0m
[0mGET / [32m200 [0m2.709 ms - 11[0m
[0mGET / [32m200 [0m0.570 ms - 11[0m
[0mGET / [32m200 [0m5.536 ms - 11[0m
[0mGET / [32m200 [0m5.850 ms - 11[0m
[0mGET / [32m200 [0m8.916 ms - 11[0m
[0mGET / [32m200 [0m0.833 ms - 11[0m
[0mGET / [32m200 [0m9.579 ms - 11[0m
[0mGET / [32m200 [0m7.223 ms - 11[0m
[0mGET / [32m200 [0m6.357 ms - 11[0m
[0mGET / [32m200 [0m3.170 ms - 11[0m
[0mGET / [32m200 [0m6.425 ms - 11[0m
[0mGET / [32m200 [0m6.675 ms - 11[0m
[0mGET / [32m200 [0m1.768 ms - 11[0m
[0mGET / [32m200 [0m2.728 ms - 11[0m
[0mGET / [32m200 [0m9.423 ms - 11[0m
[0mGET / [32m200 [0m0.445 ms - 11[0m
[0mGET / [32m200 [0m1.131 ms - 11[0m
[0mGET / [32m200 [0m0.288 ms - 11[0m
[0mGET / [32m200 [0m2.136 ms - 11[0m
[0mGET / [32m200 [0m12.945 ms - 11[0m
[0mGET / [32m200 [0m3.689 ms - 11[0m
[0mGET / [32m200 [0m0.296 ms - 11[0m
[0mGET / [32m200 [0m8.349 ms - 11[0m
[0mGET / [32m200 [0m5.572 ms - 11[0m
[0mGET / [32m200 [0m0.377 ms - 11[0m
[0mGET / [32m200 [0m1.719 ms - 11[0m
[0mGET / [32m200 [0m0.420 ms - 11[0m
[0mGET / [32m200 [0m0.365 ms - 11[0m
[0mGET / [32m200 [0m0.537 ms - 11[0m
[0mGET / [32m200 [0m0.288 ms - 11[0m
[0mGET / [32m200 [0m6.015 ms - 11[0m
[0mGET / [32m200 [0m4.170 ms - 11[0m
[0mGET / [32m200 [0m2.388 ms - 11[0m
[0mGET / [32m200 [0m0.299 ms - 11[0m
[0mGET / [32m200 [0m7.766 ms - 11[0m
[0mGET / [32m200 [0m4.747 ms - 11[0m
[0mGET / [32m200 [0m12.209 ms - 11[0m
[0mGET / [32m200 [0m0.837 ms - 11[0m
[0mGET / [32m200 [0m9.333 ms - 11[0m
[0mGET / [32m200 [0m1.041 ms - 11[0m
[0mGET / [32m200 [0m6.102 ms - 11[0m
[0mGET / [32m200 [0m0.915 ms - 11[0m
[0mGET / [32m200 [0m0.618 ms - 11[0m
[0mGET / [32m200 [0m0.531 ms - 11[0m
[0mGET / [32m200 [0m1.305 ms - 11[0m
[0mGET / [32m200 [0m0.432 ms - 11[0m
[0mGET / [32m200 [0m2.029 ms - 11[0m
[0mGET / [32m200 [0m0.686 ms - 11[0m
[0mGET / [32m200 [0m2.504 ms - 11[0m
[0mGET / [32m200 [0m0.934 ms - 11[0m
[0mGET / [32m200 [0m0.621 ms - 11[0m
[0mGET / [32m200 [0m2.982 ms - 11[0m
[0mGET / [32m200 [0m1.042 ms - 11[0m
[0mGET / [32m200 [0m0.889 ms - 11[0m
[0mGET / [32m200 [0m0.438 ms - 11[0m
[0mGET / [32m200 [0m1.673 ms - 11[0m
[0mGET / [32m200 [0m2.284 ms - 11[0m
[0mGET / [32m200 [0m6.080 ms - 11[0m
[0mGET / [32m200 [0m8.038 ms - 11[0m
[0mGET / [32m200 [0m0.888 ms - 11[0m
[0mGET / [32m200 [0m4.970 ms - 11[0m
[0mGET / [32m200 [0m3.629 ms - 11[0m
[0mGET / [32m200 [0m13.415 ms - 11[0m
[0mGET / [32m200 [0m14.378 ms - 11[0m
[0mGET / [32m200 [0m1.887 ms - 11[0m
[0mGET / [32m200 [0m1.229 ms - 11[0m
[0mGET / [32m200 [0m3.450 ms - 11[0m
[0mGET / [32m200 [0m1.333 ms - 11[0m
[0mGET / [32m200 [0m5.225 ms - 11[0m
[0mGET / [32m200 [0m0.972 ms - 11[0m
[0mGET / [32m200 [0m0.934 ms - 11[0m
[0mGET / [32m200 [0m105.583 ms - 11[0m
[0mGET / [32m200 [0m0.749 ms - 11[0m
[0mGET / [32m200 [0m7.143 ms - 11[0m
[0mGET / [32m200 [0m6.998 ms - 11[0m
[0mGET / [32m200 [0m7.265 ms - 11[0m
[0mGET / [32m200 [0m3.061 ms - 11[0m
[0mGET / [32m200 [0m2.142 ms - 11[0m
[0mGET / [32m200 [0m1.542 ms - 11[0m
[0mGET / [32m200 [0m0.755 ms - 11[0m
[0mGET / [32m200 [0m8.696 ms - 11[0m
[0mGET / [32m200 [0m0.687 ms - 11[0m
[0mGET / [32m200 [0m0.662 ms - 11[0m
[0mGET / [32m200 [0m0.324 ms - 11[0m
[0mGET / [32m200 [0m1.580 ms - 11[0m
[0mGET / [32m200 [0m0.780 ms - 11[0m
[0mGET / [32m200 [0m1.368 ms - 11[0m
[0mGET / [32m200 [0m2.301 ms - 11[0m
[0mGET / [32m200 [0m3.191 ms - 11[0m
[0mGET / [32m200 [0m2.210 ms - 11[0m
[0mGET / [32m200 [0m12.195 ms - 11[0m
[0mGET / [32m200 [0m8.158 ms - 11[0m
[0mGET / [32m200 [0m2.784 ms - 11[0m
[0mGET / [32m200 [0m3.647 ms - 11[0m
[0mGET / [32m200 [0m6.003 ms - 11[0m
[0mGET / [32m200 [0m0.830 ms - 11[0m
[0mGET / [32m200 [0m0.560 ms - 11[0m
[0mGET / [32m200 [0m2.392 ms - 11[0m
[0mGET / [32m200 [0m11.451 ms - 11[0m
[0mGET / [32m200 [0m9.886 ms - 11[0m
[0mGET / [32m200 [0m8.377 ms - 11[0m
[0mGET / [32m200 [0m2.635 ms - 11[0m
[0mGET / [32m200 [0m1.543 ms - 11[0m
[0mGET / [32m200 [0m1.008 ms - 11[0m
[0mGET / [32m200 [0m2.143 ms - 11[0m
[0mGET / [32m200 [0m2.198 ms - 11[0m
[0mGET / [32m200 [0m5.597 ms - 11[0m
[0mGET / [32m200 [0m5.867 ms - 11[0m
[0mGET / [32m200 [0m0.636 ms - 11[0m
[0mGET / [32m200 [0m4.590 ms - 11[0m
[0mGET / [32m200 [0m1.214 ms - 11[0m
[0mGET / [32m200 [0m0.397 ms - 11[0m
[0mGET / [32m200 [0m0.767 ms - 11[0m
[0mGET / [32m200 [0m6.798 ms - 11[0m
[0mGET / [32m200 [0m1.128 ms - 11[0m
[0mGET / [32m200 [0m3.387 ms - 11[0m
[0mGET / [32m200 [0m2.841 ms - 11[0m
[0mGET / [32m200 [0m3.246 ms - 11[0m
[0mGET / [32m200 [0m2.438 ms - 11[0m
[0mGET / [32m200 [0m0.449 ms - 11[0m
[0mGET / [32m200 [0m4.709 ms - 11[0m
[0mGET / [32m200 [0m2.564 ms - 11[0m
[0mGET / [32m200 [0m4.363 ms - 11[0m
[0mGET / [32m200 [0m1.165 ms - 11[0m
[0mGET / [32m200 [0m4.532 ms - 11[0m
[0mGET / [32m200 [0m3.278 ms - 11[0m
[0mGET / [32m200 [0m2.435 ms - 11[0m
[0mGET / [32m200 [0m0.370 ms - 11[0m
[0mGET / [32m200 [0m7.246 ms - 11[0m
[0mGET / [32m200 [0m2.684 ms - 11[0m
[0mGET / [32m200 [0m4.264 ms - 11[0m
[0mGET / [32m200 [0m0.502 ms - 11[0m
[0mGET / [32m200 [0m7.378 ms - 11[0m
[0mGET / [32m200 [0m0.911 ms - 11[0m
[0mGET / [32m200 [0m3.018 ms - 11[0m
[0mGET / [32m200 [0m0.487 ms - 11[0m
[0mGET / [32m200 [0m1.826 ms - 11[0m
[0mGET / [32m200 [0m1.495 ms - 11[0m
[0mGET / [32m200 [0m1.783 ms - 11[0m
[0mGET / [32m200 [0m0.982 ms - 11[0m
[0mGET / [32m200 [0m0.966 ms - 11[0m
[0mGET / [32m200 [0m0.389 ms - 11[0m
[0mGET / [32m200 [0m1.161 ms - 11[0m
[0mGET / [32m200 [0m0.673 ms - 11[0m
[0mGET / [32m200 [0m0.984 ms - 11[0m
[0mGET / [32m200 [0m4.974 ms - 11[0m
[0mGET / [32m200 [0m8.082 ms - 11[0m
[0mGET / [32m200 [0m7.804 ms - 11[0m
[0mGET / [32m200 [0m0.346 ms - 11[0m
[0mGET / [32m200 [0m0.261 ms - 11[0m
[0mGET / [32m200 [0m0.391 ms - 11[0m
[0mGET / [32m200 [0m0.307 ms - 11[0m
[0mGET / [32m200 [0m5.728 ms - 11[0m
[0mGET / [32m200 [0m2.005 ms - 11[0m
[0mGET / [32m200 [0m2.661 ms - 11[0m
[0mGET / [32m200 [0m0.398 ms - 11[0m
[0mGET / [32m200 [0m1.270 ms - 11[0m
[0mGET / [32m200 [0m1.490 ms - 11[0m
[0mGET / [32m200 [0m0.810 ms - 11[0m
[0mGET / [32m200 [0m0.485 ms - 11[0m
[0mGET / [32m200 [0m0.895 ms - 11[0m
[0mGET / [32m200 [0m1.643 ms - 11[0m
[0mGET / [32m200 [0m0.455 ms - 11[0m
[0mGET / [32m200 [0m0.454 ms - 11[0m
[0mGET / [32m200 [0m3.768 ms - 11[0m
[0mGET / [32m200 [0m3.988 ms - 11[0m
[0mGET / [32m200 [0m8.183 ms - 11[0m
[0mGET / [32m200 [0m2.040 ms - 11[0m
[0mGET / [32m200 [0m2.381 ms - 11[0m
[0mGET / [32m200 [0m0.832 ms - 11[0m
[0mGET / [32m200 [0m8.480 ms - 11[0m
[0mGET / [32m200 [0m2.891 ms - 11[0m
[0mGET / [32m200 [0m2.049 ms - 11[0m
[0mGET / [32m200 [0m0.509 ms - 11[0m
[0mGET / [32m200 [0m1.001 ms - 11[0m
[0mGET / [32m200 [0m0.369 ms - 11[0m
[0mGET / [32m200 [0m2.400 ms - 11[0m
[0mGET / [32m200 [0m2.941 ms - 11[0m
[0mGET / [32m200 [0m1.945 ms - 11[0m
[0mGET / [32m200 [0m1.502 ms - 11[0m
[0mGET / [32m200 [0m0.741 ms - 11[0m
[0mGET / [32m200 [0m0.417 ms - 11[0m
[0mGET / [32m200 [0m3.299 ms - 11[0m
[0mGET / [32m200 [0m0.536 ms - 11[0m
[0mGET / [32m200 [0m2.258 ms - 11[0m
[0mGET / [32m200 [0m0.399 ms - 11[0m
[0mGET / [32m200 [0m2.364 ms - 11[0m
[0mGET / [32m200 [0m0.678 ms - 11[0m
[0mGET / [32m200 [0m2.967 ms - 11[0m
[0mGET / [32m200 [0m1.696 ms - 11[0m
[0mGET / [32m200 [0m5.759 ms - 11[0m
[0mGET / [32m200 [0m6.377 ms - 11[0m
[0mGET / [32m200 [0m2.940 ms - 11[0m
[0mGET / [32m200 [0m0.655 ms - 11[0m
[0mGET / [32m200 [0m0.484 ms - 11[0m
[0mGET / [32m200 [0m0.330 ms - 11[0m
[0mGET / [32m200 [0m7.403 ms - 11[0m
[0mGET / [32m200 [0m8.717 ms - 11[0m
[0mGET / [32m200 [0m1.295 ms - 11[0m
[0mGET / [32m200 [0m0.559 ms - 11[0m
[0mGET / [32m200 [0m11.128 ms - 11[0m
[0mGET / [32m200 [0m0.335 ms - 11[0m
[0mGET / [32m200 [0m0.496 ms - 11[0m
[0mGET / [32m200 [0m5.496 ms - 11[0m
[0mGET / [32m200 [0m0.922 ms - 11[0m
[0mGET / [32m200 [0m0.603 ms - 11[0m
[0mGET / [32m200 [0m12.158 ms - 11[0m
[0mGET / [32m200 [0m8.730 ms - 11[0m
[0mGET / [32m200 [0m1.052 ms - 11[0m
[0mGET / [32m200 [0m0.441 ms - 11[0m
[0mGET / [32m200 [0m3.535 ms - 11[0m
[0mGET / [32m200 [0m1.090 ms - 11[0m
[0mGET / [32m200 [0m0.553 ms - 11[0m
[0mGET / [32m200 [0m0.427 ms - 11[0m
[0mGET / [32m200 [0m0.453 ms - 11[0m
[0mGET / [32m200 [0m0.460 ms - 11[0m
[0mGET / [32m200 [0m1.745 ms - 11[0m
[0mGET / [32m200 [0m0.346 ms - 11[0m
[0mGET / [32m200 [0m3.809 ms - 11[0m
[0mGET / [32m200 [0m1.728 ms - 11[0m
[0mGET / [32m200 [0m7.354 ms - 11[0m
[0mGET / [32m200 [0m3.901 ms - 11[0m
[0mGET / [32m200 [0m4.671 ms - 11[0m
[0mGET / [32m200 [0m0.279 ms - 11[0m
[0mGET / [32m200 [0m11.573 ms - 11[0m
[0mGET / [32m200 [0m4.528 ms - 11[0m
[0mGET / [32m200 [0m0.763 ms - 11[0m
[0mGET / [32m200 [0m1.354 ms - 11[0m
[0mGET / [32m200 [0m2.754 ms - 11[0m
[0mGET / [32m200 [0m0.485 ms - 11[0m
[0mGET / [32m200 [0m2.554 ms - 11[0m
[0mGET / [32m200 [0m9.931 ms - 11[0m
[0mGET / [32m200 [0m2.763 ms - 11[0m
[0mGET / [32m200 [0m0.439 ms - 11[0m
[0mGET / [32m200 [0m10.721 ms - 11[0m
[0mGET / [32m200 [0m10.843 ms - 11[0m
[0mGET / [32m200 [0m0.910 ms - 11[0m
[0mGET / [32m200 [0m0.296 ms - 11[0m
[0mGET / [32m200 [0m1.749 ms - 11[0m
[0mGET / [32m200 [0m0.467 ms - 11[0m
[0mGET / [32m200 [0m10.977 ms - 11[0m
[0mGET / [32m200 [0m0.314 ms - 11[0m
[0mGET / [32m200 [0m2.484 ms - 11[0m
[0mGET / [32m200 [0m0.630 ms - 11[0m
[0mGET / [32m200 [0m10.363 ms - 11[0m
[0mGET / [32m200 [0m5.209 ms - 11[0m
[0mGET / [32m200 [0m0.529 ms - 11[0m
[0mGET / [32m200 [0m0.317 ms - 11[0m
[0mGET / [32m200 [0m8.171 ms - 11[0m
[0mGET / [32m200 [0m3.874 ms - 11[0m
[0mGET / [32m200 [0m0.484 ms - 11[0m
[0mGET / [32m200 [0m0.443 ms - 11[0m
[0mGET / [32m200 [0m16.055 ms - 11[0m
[0mGET / [32m200 [0m2.556 ms - 11[0m
[0mGET / [32m200 [0m0.437 ms - 11[0m
[0mGET / [32m200 [0m0.389 ms - 11[0m
[0mGET / [32m200 [0m9.790 ms - 11[0m
[0mGET / [32m200 [0m7.883 ms - 11[0m
[0mGET / [32m200 [0m2.904 ms - 11[0m
[0mGET / [32m200 [0m9.656 ms - 11[0m
[0mGET / [32m200 [0m0.374 ms - 11[0m
[0mGET / [32m200 [0m0.465 ms - 11[0m
[0mGET / [32m200 [0m2.740 ms - 11[0m
[0mGET / [32m200 [0m0.471 ms - 11[0m
[0mGET / [32m200 [0m1.064 ms - 11[0m
[0mGET / [32m200 [0m0.426 ms - 11[0m
[0mGET / [32m200 [0m13.132 ms - 11[0m
[0mGET / [32m200 [0m0.752 ms - 11[0m
[0mGET / [32m200 [0m7.597 ms - 11[0m
[0mGET / [32m200 [0m6.506 ms - 11[0m
[0mGET / [32m200 [0m1.255 ms - 11[0m
[0mGET / [32m200 [0m1.150 ms - 11[0m
[0mGET / [32m200 [0m11.553 ms - 11[0m
[0mGET / [32m200 [0m7.225 ms - 11[0m
[0mGET / [32m200 [0m8.890 ms - 11[0m
[0mGET / [32m200 [0m6.481 ms - 11[0m
[0mGET / [32m200 [0m3.017 ms - 11[0m
[0mGET / [32m200 [0m0.416 ms - 11[0m
[0mGET / [32m200 [0m7.119 ms - 11[0m
[0mGET / [32m200 [0m14.080 ms - 11[0m
[0mGET / [32m200 [0m1.693 ms - 11[0m
[0mGET / [32m200 [0m0.318 ms - 11[0m
[0mGET / [32m200 [0m2.370 ms - 11[0m
[0mGET / [32m200 [0m0.417 ms - 11[0m
[0mGET / [32m200 [0m9.874 ms - 11[0m
[0mGET / [32m200 [0m7.264 ms - 11[0m
[0mGET / [32m200 [0m1.391 ms - 11[0m
[0mGET / [32m200 [0m0.632 ms - 11[0m
[0mGET / [32m200 [0m6.545 ms - 11[0m
[0mGET / [32m200 [0m5.654 ms - 11[0m
[0mGET / [32m200 [0m1.930 ms - 11[0m
[0mGET / [32m200 [0m1.799 ms - 11[0m
[0mGET / [32m200 [0m0.675 ms - 11[0m
[0mGET / [32m200 [0m0.701 ms - 11[0m
[0mGET / [32m200 [0m1.115 ms - 11[0m
[0mGET / [32m200 [0m4.184 ms - 11[0m
[0mGET / [32m200 [0m1.526 ms - 11[0m
[0mGET / [32m200 [0m3.623 ms - 11[0m
[0mGET / [32m200 [0m4.728 ms - 11[0m
[0mGET / [32m200 [0m0.673 ms - 11[0m
[0mGET / [32m200 [0m0.848 ms - 11[0m
[0mGET / [32m200 [0m0.658 ms - 11[0m
[0mGET / [32m200 [0m3.168 ms - 11[0m
[0mGET / [32m200 [0m0.271 ms - 11[0m
[0mGET / [32m200 [0m0.706 ms - 11[0m
[0mGET / [32m200 [0m4.839 ms - 11[0m
[0mGET / [32m200 [0m1.106 ms - 11[0m
[0mGET / [32m200 [0m0.858 ms - 11[0m
[0mGET / [32m200 [0m2.401 ms - 11[0m
[0mGET / [32m200 [0m1.938 ms - 11[0m
[0mGET / [32m200 [0m4.258 ms - 11[0m
[0mGET / [32m200 [0m4.539 ms - 11[0m
[0mGET / [32m200 [0m0.394 ms - 11[0m
[0mGET / [32m200 [0m0.375 ms - 11[0m
[0mGET / [32m200 [0m0.577 ms - 11[0m
[0mGET / [32m200 [0m0.336 ms - 11[0m
[0mGET / [32m200 [0m1.467 ms - 11[0m
[0mGET / [32m200 [0m0.748 ms - 11[0m
[0mGET / [32m200 [0m1.100 ms - 11[0m
[0mGET / [32m200 [0m0.770 ms - 11[0m
[0mGET / [32m200 [0m3.074 ms - 11[0m
[0mGET / [32m200 [0m1.339 ms - 11[0m
[0mGET / [32m200 [0m1.352 ms - 11[0m
[0mGET / [32m200 [0m0.282 ms - 11[0m
[0mGET / [32m200 [0m0.342 ms - 11[0m
[0mGET / [32m200 [0m0.303 ms - 11[0m
[0mGET / [32m200 [0m2.804 ms - 11[0m
[0mGET / [32m200 [0m1.720 ms - 11[0m
[0mGET / [32m200 [0m0.314 ms - 11[0m
[0mGET / [32m200 [0m0.255 ms - 11[0m
[0mGET / [32m200 [0m2.027 ms - 11[0m
[0mGET / [32m200 [0m0.295 ms - 11[0m
[0mGET / [32m200 [0m0.358 ms - 11[0m
[0mGET / [32m200 [0m1.942 ms - 11[0m
[0mGET / [32m200 [0m0.586 ms - 11[0m
[0mGET / [32m200 [0m0.950 ms - 11[0m
[0mGET / [32m200 [0m1.395 ms - 11[0m
[0mGET / [32m200 [0m0.275 ms - 11[0m
[0mGET / [32m200 [0m0.980 ms - 11[0m
[0mGET / [32m200 [0m1.834 ms - 11[0m
[0mGET / [32m200 [0m1.301 ms - 11[0m
[0mGET / [32m200 [0m0.303 ms - 11[0m
[0mGET / [32m200 [0m1.723 ms - 11[0m
[0mGET / [32m200 [0m3.723 ms - 11[0m
[0mGET / [32m200 [0m1.735 ms - 11[0m
[0mGET / [32m200 [0m0.397 ms - 11[0m
[0mGET / [32m200 [0m0.969 ms - 11[0m
[0mGET / [32m200 [0m0.347 ms - 11[0m
[0mGET / [32m200 [0m2.164 ms - 11[0m
[0mGET / [32m200 [0m0.352 ms - 11[0m
[0mGET / [32m200 [0m2.810 ms - 11[0m
[0mGET / [32m200 [0m3.108 ms - 11[0m
[0mGET / [32m200 [0m0.810 ms - 11[0m
[0mGET / [32m200 [0m0.346 ms - 11[0m
[0mGET / [32m200 [0m2.990 ms - 11[0m
[0mGET / [32m200 [0m3.308 ms - 11[0m
[0mGET / [32m200 [0m1.993 ms - 11[0m
[0mGET / [32m200 [0m0.341 ms - 11[0m
[0mGET / [32m200 [0m2.580 ms - 11[0m
[0mGET / [32m200 [0m1.290 ms - 11[0m
[0mGET / [32m200 [0m0.909 ms - 11[0m
[0mGET / [32m200 [0m1.112 ms - 11[0m
[0mGET / [32m200 [0m1.024 ms - 11[0m
[0mGET / [32m200 [0m0.319 ms - 11[0m
[0mGET / [32m200 [0m1.685 ms - 11[0m
[0mGET / [32m200 [0m0.303 ms - 11[0m
[0mGET / [32m200 [0m0.985 ms - 11[0m
[0mGET / [32m200 [0m1.781 ms - 11[0m
[0mGET / [32m200 [0m0.869 ms - 11[0m
[0mGET / [32m200 [0m0.338 ms - 11[0m
[0mGET / [32m200 [0m1.426 ms - 11[0m
[0mGET / [32m200 [0m0.289 ms - 11[0m
[0mGET / [32m200 [0m1.519 ms - 11[0m
[0mGET / [32m200 [0m0.348 ms - 11[0m
[0mGET / [32m200 [0m0.499 ms - 11[0m
[0mGET / [32m200 [0m0.247 ms - 11[0m
[0mGET / [32m200 [0m0.325 ms - 11[0m
[0mGET / [32m200 [0m0.290 ms - 11[0m
[0mGET / [32m200 [0m1.484 ms - 11[0m
[0mGET / [32m200 [0m2.910 ms - 11[0m
[0mGET / [32m200 [0m4.238 ms - 11[0m
[0mGET / [32m200 [0m0.358 ms - 11[0m
[0mGET / [32m200 [0m2.966 ms - 11[0m
[0mGET / [32m200 [0m0.392 ms - 11[0m
[0mGET / [32m200 [0m1.349 ms - 11[0m
[0mGET / [32m200 [0m0.248 ms - 11[0m
[0mGET / [32m200 [0m12.253 ms - 11[0m
[0mGET / [32m200 [0m0.869 ms - 11[0m
[0mGET / [32m200 [0m3.285 ms - 11[0m
[0mGET / [32m200 [0m1.277 ms - 11[0m
[0mGET / [32m200 [0m12.343 ms - 11[0m
[0mGET / [32m200 [0m7.108 ms - 11[0m
[0mGET / [32m200 [0m3.582 ms - 11[0m
[0mGET / [32m200 [0m0.513 ms - 11[0m
[0mGET / [32m200 [0m1.119 ms - 11[0m
[0mGET / [32m200 [0m0.322 ms - 11[0m
[0mGET / [32m200 [0m2.353 ms - 11[0m
[0mGET / [32m200 [0m0.305 ms - 11[0m
[0mGET / [32m200 [0m5.212 ms - 11[0m
[0mGET / [32m200 [0m5.505 ms - 11[0m
[0mGET / [32m200 [0m0.511 ms - 11[0m
[0mGET / [32m200 [0m1.348 ms - 11[0m
[0mGET / [32m200 [0m1.325 ms - 11[0m
[0mGET / [32m200 [0m0.284 ms - 11[0m
[0mGET / [32m200 [0m2.660 ms - 11[0m
[0mGET / [32m200 [0m0.279 ms - 11[0m
[0mGET / [32m200 [0m2.161 ms - 11[0m
[0mGET / [32m200 [0m0.970 ms - 11[0m
[0mGET / [32m200 [0m2.168 ms - 11[0m
[0mGET / [32m200 [0m0.265 ms - 11[0m
[0mGET / [32m200 [0m1.355 ms - 11[0m
[0mGET / [32m200 [0m0.518 ms - 11[0m
[0mGET / [32m200 [0m3.188 ms - 11[0m
[0mGET / [32m200 [0m0.310 ms - 11[0m
[0mGET / [32m200 [0m1.290 ms - 11[0m
[0mGET / [32m200 [0m0.303 ms - 11[0m
[0mGET / [32m200 [0m12.737 ms - 11[0m
[0mGET / [32m200 [0m0.375 ms - 11[0m
[0mGET / [32m200 [0m2.038 ms - 11[0m
[0mGET / [32m200 [0m0.287 ms - 11[0m
[0mGET / [32m200 [0m4.603 ms - 11[0m
[0mGET / [32m200 [0m0.319 ms - 11[0m
[0mGET / [32m200 [0m1.833 ms - 11[0m
[0mGET / [32m200 [0m0.333 ms - 11[0m
[0mGET / [32m200 [0m2.153 ms - 11[0m
[0mGET / [32m200 [0m0.797 ms - 11[0m
[0mGET / [32m200 [0m8.129 ms - 11[0m
[0mGET / [32m200 [0m12.245 ms - 11[0m
[0mGET / [32m200 [0m2.854 ms - 11[0m
[0mGET / [32m200 [0m0.280 ms - 11[0m
[0mGET / [32m200 [0m5.738 ms - 11[0m
[0mGET / [32m200 [0m2.745 ms - 11[0m
[0mGET / [32m200 [0m2.405 ms - 11[0m
[0mGET / [32m200 [0m0.346 ms - 11[0m
[0mGET / [32m200 [0m2.389 ms - 11[0m
[0mGET / [32m200 [0m0.306 ms - 11[0m
[0mGET / [32m200 [0m0.767 ms - 11[0m
[0mGET / [32m200 [0m0.315 ms - 11[0m
[0mGET / [32m200 [0m3.350 ms - 11[0m
[0mGET / [32m200 [0m3.633 ms - 11[0m
[0mGET / [32m200 [0m2.934 ms - 11[0m
[0mGET / [32m200 [0m0.254 ms - 11[0m
[0mGET / [32m200 [0m2.131 ms - 11[0m
[0mGET / [32m200 [0m2.414 ms - 11[0m
[0mGET / [32m200 [0m0.667 ms - 11[0m
[0mGET / [32m200 [0m0.277 ms - 11[0m
[0mGET / [32m200 [0m1.305 ms - 11[0m
[0mGET / [32m200 [0m0.362 ms - 11[0m
[0mGET / [32m200 [0m1.314 ms - 11[0m
[0mGET / [32m200 [0m0.799 ms - 11[0m
[0mGET / [32m200 [0m2.020 ms - 11[0m
[0mGET / [32m200 [0m0.468 ms - 11[0m
[0mGET / [32m200 [0m1.127 ms - 11[0m
[0mGET / [32m200 [0m1.435 ms - 11[0m
[0mGET / [32m200 [0m4.050 ms - 11[0m
[0mGET / [32m200 [0m0.412 ms - 11[0m
[0mGET / [32m200 [0m0.439 ms - 11[0m
[0mGET / [32m200 [0m0.801 ms - 11[0m
[0mGET / [32m200 [0m0.512 ms - 11[0m
[0mGET / [32m200 [0m0.312 ms - 11[0m
[0mGET / [32m200 [0m0.472 ms - 11[0m
[0mGET / [32m200 [0m2.280 ms - 11[0m
[0mGET / [32m200 [0m7.213 ms - 11[0m
[0mGET / [32m200 [0m7.573 ms - 11[0m
[0mGET / [32m200 [0m13.180 ms - 11[0m
[0mGET / [32m200 [0m1.995 ms - 11[0m
[0mGET / [32m200 [0m1.426 ms - 11[0m
[0mGET / [32m200 [0m0.429 ms - 11[0m
[0mGET / [32m200 [0m2.017 ms - 11[0m
[0mGET / [32m200 [0m0.436 ms - 11[0m
[0mGET / [32m200 [0m11.907 ms - 11[0m
[0mGET / [32m200 [0m10.424 ms - 11[0m
[0mGET / [32m200 [0m7.617 ms - 11[0m
[0mGET / [32m200 [0m3.336 ms - 11[0m
[0mGET / [32m200 [0m3.928 ms - 11[0m
[0mGET / [32m200 [0m4.185 ms - 11[0m
[0mGET / [32m200 [0m3.910 ms - 11[0m
[0mGET / [32m200 [0m0.420 ms - 11[0m
[0mGET / [32m200 [0m7.267 ms - 11[0m
[0mGET / [32m200 [0m5.411 ms - 11[0m
[0mGET / [32m200 [0m9.545 ms - 11[0m
[0mGET / [32m200 [0m1.174 ms - 11[0m
[0mGET / [32m200 [0m7.429 ms - 11[0m
[0mGET / [32m200 [0m0.820 ms - 11[0m
[0mGET / [32m200 [0m10.143 ms - 11[0m
[0mGET / [32m200 [0m8.200 ms - 11[0m
[0mGET / [32m200 [0m9.109 ms - 11[0m
[0mGET / [32m200 [0m4.505 ms - 11[0m
[0mGET / [32m200 [0m23.345 ms - 11[0m
[0mGET / [32m200 [0m18.274 ms - 11[0m
[0mGET / [32m200 [0m3.725 ms - 11[0m
[0mGET / [32m200 [0m14.593 ms - 11[0m
[0mGET / [32m200 [0m0.445 ms - 11[0m
[0mGET / [32m200 [0m0.402 ms - 11[0m
[0mGET / [32m200 [0m1.590 ms - 11[0m
[0mGET / [32m200 [0m11.967 ms - 11[0m
[0mGET / [32m200 [0m1.942 ms - 11[0m
[0mGET / [32m200 [0m0.345 ms - 11[0m
[0mGET / [32m200 [0m2.644 ms - 11[0m
[0mGET / [32m200 [0m7.852 ms - 11[0m
[0mGET / [32m200 [0m3.633 ms - 11[0m
[0mGET / [32m200 [0m8.499 ms - 11[0m
[0mGET / [32m200 [0m7.565 ms - 11[0m
[0mGET / [32m200 [0m0.795 ms - 11[0m
[0mGET / [32m200 [0m2.082 ms - 11[0m
[0mGET / [32m200 [0m0.463 ms - 11[0m
[0mGET / [32m200 [0m0.565 ms - 11[0m
[0mGET / [32m200 [0m0.430 ms - 11[0m
[0mGET / [32m200 [0m74.551 ms - 11[0m
[0mGET / [32m200 [0m32.735 ms - 11[0m
[0mGET / [32m200 [0m0.557 ms - 11[0m
[0mGET / [32m200 [0m0.801 ms - 11[0m
[0mGET / [32m200 [0m0.944 ms - 11[0m
[0mGET / [32m200 [0m4.362 ms - 11[0m
[0mGET / [32m200 [0m2.270 ms - 11[0m
[0mGET / [32m200 [0m1.832 ms - 11[0m
[0mGET / [32m200 [0m3.265 ms - 11[0m
[0mGET / [32m200 [0m3.515 ms - 11[0m
[0mGET / [32m200 [0m11.763 ms - 11[0m
[0mGET / [32m200 [0m3.368 ms - 11[0m
[0mGET / [32m200 [0m7.416 ms - 11[0m
[0mGET / [32m200 [0m4.510 ms - 11[0m
[0mGET / [32m200 [0m2.059 ms - 11[0m
[0mGET / [32m200 [0m0.285 ms - 11[0m
[0mGET / [32m200 [0m0.611 ms - 11[0m
[0mGET / [32m200 [0m0.678 ms - 11[0m
[0mGET / [32m200 [0m1.018 ms - 11[0m
[0mGET / [32m200 [0m4.117 ms - 11[0m
[0mGET / [32m200 [0m3.799 ms - 11[0m
[0mGET / [32m200 [0m0.469 ms - 11[0m
[0mGET / [32m200 [0m8.843 ms - 11[0m
[0mGET / [32m200 [0m9.422 ms - 11[0m
[0mGET / [32m200 [0m4.624 ms - 11[0m
[0mGET / [32m200 [0m1.048 ms - 11[0m
[0mGET / [32m200 [0m8.773 ms - 11[0m
[0mGET / [32m200 [0m8.816 ms - 11[0m
[0mGET / [32m200 [0m6.919 ms - 11[0m
[0mGET / [32m200 [0m0.783 ms - 11[0m
[0mGET / [32m200 [0m7.035 ms - 11[0m
[0mGET / [32m200 [0m7.272 ms - 11[0m
[0mGET / [32m200 [0m0.470 ms - 11[0m
[0mGET / [32m200 [0m0.313 ms - 11[0m
[0mGET / [32m200 [0m7.875 ms - 11[0m
[0mGET / [32m200 [0m0.774 ms - 11[0m
[0mGET / [32m200 [0m2.397 ms - 11[0m
[0mGET / [32m200 [0m0.389 ms - 11[0m
[0mGET / [32m200 [0m3.219 ms - 11[0m
[0mGET / [32m200 [0m3.498 ms - 11[0m
[0mGET / [32m200 [0m2.567 ms - 11[0m
[0mGET / [32m200 [0m9.718 ms - 11[0m
[0mGET / [32m200 [0m0.892 ms - 11[0m
[0mGET / [32m200 [0m0.340 ms - 11[0m
[0mGET / [32m200 [0m1.170 ms - 11[0m
[0mGET / [32m200 [0m0.523 ms - 11[0m
[0mGET / [32m200 [0m2.397 ms - 11[0m
[0mGET / [32m200 [0m0.766 ms - 11[0m
[0mGET / [32m200 [0m4.139 ms - 11[0m
[0mGET / [32m200 [0m0.499 ms - 11[0m
[0mGET / [32m200 [0m0.432 ms - 11[0m
[0mGET / [32m200 [0m0.869 ms - 11[0m
[0mGET / [32m200 [0m0.528 ms - 11[0m
[0mGET / [32m200 [0m1.635 ms - 11[0m
[0mGET / [32m200 [0m0.346 ms - 11[0m
[0mGET / [32m200 [0m0.698 ms - 11[0m
[0mGET / [32m200 [0m10.661 ms - 11[0m
[0mGET / [32m200 [0m9.126 ms - 11[0m
[0mGET / [32m200 [0m8.218 ms - 11[0m
[0mGET / [32m200 [0m0.801 ms - 11[0m
[0mGET / [32m200 [0m1.390 ms - 11[0m
[0mGET / [32m200 [0m0.283 ms - 11[0m
[0mGET / [32m200 [0m1.039 ms - 11[0m
[0mGET / [32m200 [0m0.288 ms - 11[0m
[0mGET / [32m200 [0m2.062 ms - 11[0m
[0mGET / [32m200 [0m2.388 ms - 11[0m
[0mGET / [32m200 [0m14.686 ms - 11[0m
[0mGET / [32m200 [0m2.587 ms - 11[0m
[0mGET / [32m200 [0m3.496 ms - 11[0m
[0mGET / [32m200 [0m1.102 ms - 11[0m
[0mGET / [32m200 [0m0.988 ms - 11[0m
[0mGET / [32m200 [0m0.866 ms - 11[0m
[0mGET / [32m200 [0m1.042 ms - 11[0m
[0mGET / [32m200 [0m1.696 ms - 11[0m
[0mGET / [32m200 [0m1.035 ms - 11[0m
[0mGET / [32m200 [0m12.998 ms - 11[0m
[0mGET / [32m200 [0m9.810 ms - 11[0m
[0mGET / [32m200 [0m6.709 ms - 11[0m
[0mGET / [32m200 [0m2.082 ms - 11[0m
[0mGET / [32m200 [0m0.387 ms - 11[0m
[0mGET / [32m200 [0m0.407 ms - 11[0m
[0mGET / [32m200 [0m0.312 ms - 11[0m
[0mGET / [32m200 [0m5.279 ms - 11[0m
[0mGET / [32m200 [0m5.552 ms - 11[0m
[0mGET / [32m200 [0m1.020 ms - 11[0m
[0mGET / [32m200 [0m0.601 ms - 11[0m
[0mGET / [32m200 [0m9.540 ms - 11[0m
[0mGET / [32m200 [0m6.218 ms - 11[0m
[0mGET / [32m200 [0m0.630 ms - 11[0m
[0mGET / [32m200 [0m0.743 ms - 11[0m
[0mGET / [32m200 [0m9.060 ms - 11[0m
[0mGET / [32m200 [0m9.304 ms - 11[0m
[0mGET / [32m200 [0m0.877 ms - 11[0m
[0mGET / [32m200 [0m10.280 ms - 11[0m
[0mGET / [32m200 [0m1.334 ms - 11[0m
[0mGET / [32m200 [0m3.985 ms - 11[0m
[0mGET / [32m200 [0m4.427 ms - 11[0m
[0mGET / [32m200 [0m0.666 ms - 11[0m
[0mGET / [32m200 [0m6.006 ms - 11[0m
[0mGET / [32m200 [0m6.732 ms - 11[0m
[0mGET / [32m200 [0m2.966 ms - 11[0m
[0mGET / [32m200 [0m0.270 ms - 11[0m
[0mGET / [32m200 [0m13.916 ms - 11[0m
[0mGET / [32m200 [0m14.745 ms - 11[0m
[0mGET / [32m200 [0m2.851 ms - 11[0m
[0mGET / [32m200 [0m0.762 ms - 11[0m
[0mGET / [32m200 [0m1.140 ms - 11[0m
[0mGET / [32m200 [0m0.679 ms - 11[0m
[0mGET / [32m200 [0m1.710 ms - 11[0m
[0mGET / [32m200 [0m9.730 ms - 11[0m
[0mGET / [32m200 [0m5.702 ms - 11[0m
[0mGET / [32m200 [0m0.838 ms - 11[0m
[0mGET / [32m200 [0m1.288 ms - 11[0m
[0mGET / [32m200 [0m0.608 ms - 11[0m
[0mGET / [32m200 [0m9.274 ms - 11[0m
[0mGET / [32m200 [0m9.486 ms - 11[0m
[0mGET / [32m200 [0m5.362 ms - 11[0m
[0mGET / [32m200 [0m2.898 ms - 11[0m
[0mGET / [32m200 [0m9.846 ms - 11[0m
[0mGET / [32m200 [0m1.694 ms - 11[0m
[0mGET / [32m200 [0m5.516 ms - 11[0m
[0mGET / [32m200 [0m0.834 ms - 11[0m
[0mGET / [32m200 [0m6.497 ms - 11[0m
[0mGET / [32m200 [0m6.881 ms - 11[0m
[0mGET / [32m200 [0m7.717 ms - 11[0m
[0mGET / [32m200 [0m3.674 ms - 11[0m
[0mGET / [32m200 [0m0.690 ms - 11[0m
[0mGET / [32m200 [0m2.225 ms - 11[0m
[0mGET / [32m200 [0m2.031 ms - 11[0m
[0mGET / [32m200 [0m0.420 ms - 11[0m
[0mGET / [32m200 [0m9.122 ms - 11[0m
[0mGET / [32m200 [0m5.214 ms - 11[0m
[0mGET / [32m200 [0m0.411 ms - 11[0m
[0mGET / [32m200 [0m0.473 ms - 11[0m
[0mGET / [32m200 [0m6.331 ms - 11[0m
[0mGET / [32m200 [0m0.426 ms - 11[0m
[0mGET / [32m200 [0m9.165 ms - 11[0m
[0mGET / [32m200 [0m0.704 ms - 11[0m
[0mGET / [32m200 [0m0.493 ms - 11[0m
[0mGET / [32m200 [0m1.414 ms - 11[0m
[0mGET / [32m200 [0m9.640 ms - 11[0m
[0mGET / [32m200 [0m0.312 ms - 11[0m
[0mGET / [32m200 [0m11.012 ms - 11[0m
[0mGET / [32m200 [0m10.016 ms - 11[0m
[0mGET / [32m200 [0m11.958 ms - 11[0m
[0mGET / [32m200 [0m10.648 ms - 11[0m
[0mGET / [32m200 [0m12.548 ms - 11[0m
[0mGET / [32m200 [0m3.437 ms - 11[0m
[0mGET / [32m200 [0m1.025 ms - 11[0m
[0mGET / [32m200 [0m0.721 ms - 11[0m
[0mGET / [32m200 [0m5.250 ms - 11[0m
[0mGET / [32m200 [0m5.430 ms - 11[0m
[0mGET / [32m200 [0m0.341 ms - 11[0m
[0mGET / [32m200 [0m0.287 ms - 11[0m
[0mGET / [32m200 [0m10.553 ms - 11[0m
[0mGET / [32m200 [0m10.815 ms - 11[0m
[0mGET / [32m200 [0m1.964 ms - 11[0m
[0mGET / [32m200 [0m0.337 ms - 11[0m
[0mGET / [32m200 [0m10.156 ms - 11[0m
[0mGET / [32m200 [0m9.619 ms - 11[0m
[0mGET / [32m200 [0m0.518 ms - 11[0m
[0mGET / [32m200 [0m0.353 ms - 11[0m
[0mGET / [32m200 [0m5.423 ms - 11[0m
[0mGET / [32m200 [0m5.593 ms - 11[0m
[0mGET / [32m200 [0m1.408 ms - 11[0m
[0mGET / [32m200 [0m0.362 ms - 11[0m
[0mGET / [32m200 [0m4.771 ms - 11[0m
[0mGET / [32m200 [0m0.739 ms - 11[0m
[0mGET / [32m200 [0m2.975 ms - 11[0m
[0mGET / [32m200 [0m1.966 ms - 11[0m
[0mGET / [32m200 [0m1.561 ms - 11[0m
[0mGET / [32m200 [0m2.296 ms - 11[0m
[0mGET / [32m200 [0m1.106 ms - 11[0m
[0mGET / [32m200 [0m0.418 ms - 11[0m
[0mGET / [32m200 [0m0.926 ms - 11[0m
[0mGET / [32m200 [0m0.497 ms - 11[0m
[0mGET / [32m200 [0m1.019 ms - 11[0m
[0mGET / [32m200 [0m0.339 ms - 11[0m
[0mGET / [32m200 [0m1.480 ms - 11[0m
[0mGET / [32m200 [0m1.393 ms - 11[0m
[0mGET / [32m200 [0m0.615 ms - 11[0m
[0mGET / [32m200 [0m0.590 ms - 11[0m
[0mGET / [32m200 [0m4.243 ms - 11[0m
[0mGET / [32m200 [0m4.828 ms - 11[0m
[0mGET / [32m200 [0m6.699 ms - 11[0m
[0mGET / [32m200 [0m0.310 ms - 11[0m
[0mGET / [32m200 [0m3.230 ms - 11[0m
[0mGET / [32m200 [0m3.555 ms - 11[0m
[0mGET / [32m200 [0m6.705 ms - 11[0m
[0mGET / [32m200 [0m0.332 ms - 11[0m
[0mGET / [32m200 [0m8.910 ms - 11[0m
[0mGET / [32m200 [0m9.455 ms - 11[0m
[0mGET / [32m200 [0m7.596 ms - 11[0m
[0mGET / [32m200 [0m0.898 ms - 11[0m
[0mGET / [32m200 [0m10.142 ms - 11[0m
[0mGET / [32m200 [0m10.752 ms - 11[0m
[0mGET / [32m200 [0m1.148 ms - 11[0m
[0mGET / [32m200 [0m3.065 ms - 11[0m
[0mGET / [32m200 [0m6.488 ms - 11[0m
[0mGET / [32m200 [0m3.794 ms - 11[0m
[0mGET / [32m200 [0m10.535 ms - 11[0m
[0mGET / [32m200 [0m4.533 ms - 11[0m
[0mGET / [32m200 [0m0.506 ms - 11[0m
[0mGET / [32m200 [0m0.875 ms - 11[0m
[0mGET / [32m200 [0m1.232 ms - 11[0m
[0mGET / [32m200 [0m0.312 ms - 11[0m
[0mGET / [32m200 [0m1.518 ms - 11[0m
[0mGET / [32m200 [0m0.328 ms - 11[0m
[0mGET / [32m200 [0m3.398 ms - 11[0m
[0mGET / [32m200 [0m0.262 ms - 11[0m
[0mGET / [32m200 [0m2.036 ms - 11[0m
[0mGET / [32m200 [0m0.322 ms - 11[0m
[0mGET / [32m200 [0m0.972 ms - 11[0m
[0mGET / [32m200 [0m0.465 ms - 11[0m
[0mGET / [32m200 [0m3.301 ms - 11[0m
[0mGET / [32m200 [0m3.570 ms - 11[0m
[0mGET / [32m200 [0m2.942 ms - 11[0m
[0mGET / [32m200 [0m0.272 ms - 11[0m
[0mGET / [32m200 [0m0.544 ms - 11[0m
[0mGET / [32m200 [0m0.286 ms - 11[0m
[0mGET / [32m200 [0m1.762 ms - 11[0m
[0mGET / [32m200 [0m1.999 ms - 11[0m
[0mGET / [32m200 [0m6.968 ms - 11[0m
[0mGET / [32m200 [0m5.427 ms - 11[0m
[0mGET / [32m200 [0m8.607 ms - 11[0m
[0mGET / [32m200 [0m4.213 ms - 11[0m
[0mGET / [32m200 [0m0.402 ms - 11[0m
[0mGET / [32m200 [0m0.817 ms - 11[0m
[0mGET / [32m200 [0m3.748 ms - 11[0m
[0mGET / [32m200 [0m1.280 ms - 11[0m
[0mGET / [32m200 [0m16.162 ms - 11[0m
[0mGET / [32m200 [0m17.188 ms - 11[0m
[0mGET / [32m200 [0m2.430 ms - 11[0m
[0mGET / [32m200 [0m1.062 ms - 11[0m
[0mGET / [32m200 [0m1.204 ms - 11[0m
[0mGET / [32m200 [0m13.796 ms - 11[0m
[0mGET / [32m200 [0m0.909 ms - 11[0m
[0mGET / [32m200 [0m0.866 ms - 11[0m
[0mGET / [32m200 [0m0.383 ms - 11[0m
[0mGET / [32m200 [0m0.844 ms - 11[0m
[0mGET / [32m200 [0m2.130 ms - 11[0m
[0mGET / [32m200 [0m0.318 ms - 11[0m
[0mGET / [32m200 [0m0.663 ms - 11[0m
[0mGET / [32m200 [0m13.553 ms - 11[0m
[0mGET / [32m200 [0m3.487 ms - 11[0m
[0mGET / [32m200 [0m3.839 ms - 11[0m
[0mGET / [32m200 [0m4.564 ms - 11[0m
[0mGET / [32m200 [0m5.321 ms - 11[0m
[0mGET / [32m200 [0m5.468 ms - 11[0m
[0mGET / [32m200 [0m0.844 ms - 11[0m
[0mGET / [32m200 [0m1.770 ms - 11[0m
[0mGET / [32m200 [0m0.324 ms - 11[0m
[0mGET / [32m200 [0m3.341 ms - 11[0m
[0mGET / [32m200 [0m0.791 ms - 11[0m
[0mGET / [32m200 [0m0.443 ms - 11[0m
[0mGET / [32m200 [0m0.362 ms - 11[0m
[0mGET / [32m200 [0m2.550 ms - 11[0m
[0mGET / [32m200 [0m0.507 ms - 11[0m
[0mGET / [32m200 [0m0.409 ms - 11[0m
[0mGET / [32m200 [0m0.280 ms - 11[0m
[0mGET / [32m200 [0m1.021 ms - 11[0m
[0mGET / [32m200 [0m0.327 ms - 11[0m
[0mGET / [32m200 [0m3.985 ms - 11[0m
[0mGET / [32m200 [0m4.240 ms - 11[0m
[0mGET / [32m200 [0m8.867 ms - 11[0m
[0mGET / [32m200 [0m8.549 ms - 11[0m
[0mGET / [32m200 [0m8.980 ms - 11[0m
[0mGET / [32m200 [0m9.263 ms - 11[0m
[0mGET / [32m200 [0m0.672 ms - 11[0m
[0mGET / [32m200 [0m0.275 ms - 11[0m
[0mGET / [32m200 [0m9.145 ms - 11[0m
[0mGET / [32m200 [0m1.065 ms - 11[0m
[0mGET / [32m200 [0m11.353 ms - 11[0m
[0mGET / [32m200 [0m1.235 ms - 11[0m
[0mGET / [32m200 [0m1.089 ms - 11[0m
[0mGET / [32m200 [0m0.822 ms - 11[0m
[0mGET / [32m200 [0m8.482 ms - 11[0m
[0mGET / [32m200 [0m0.307 ms - 11[0m
[0mGET / [32m200 [0m1.312 ms - 11[0m
[0mGET / [32m200 [0m12.261 ms - 11[0m
[0mGET / [32m200 [0m0.905 ms - 11[0m
[0mGET / [32m200 [0m1.999 ms - 11[0m
[0mGET / [32m200 [0m0.708 ms - 11[0m
[0mGET / [32m200 [0m0.364 ms - 11[0m
[0mGET / [32m200 [0m1.209 ms - 11[0m
[0mGET / [32m200 [0m1.382 ms - 11[0m
[0mGET / [32m200 [0m0.425 ms - 11[0m
[0mGET / [32m200 [0m0.393 ms - 11[0m
[0mGET / [32m200 [0m0.491 ms - 11[0m
[0mGET / [32m200 [0m0.363 ms - 11[0m
[0mGET / [32m200 [0m2.052 ms - 11[0m
[0mGET / [32m200 [0m0.623 ms - 11[0m
[0mGET / [32m200 [0m7.580 ms - 11[0m
[0mGET / [32m200 [0m0.514 ms - 11[0m
[0mGET / [32m200 [0m8.317 ms - 11[0m
[0mGET / [32m200 [0m8.441 ms - 11[0m
[0mGET / [32m200 [0m6.796 ms - 11[0m
[0mGET / [32m200 [0m5.875 ms - 11[0m
[0mGET / [32m200 [0m4.854 ms - 11[0m
[0mGET / [32m200 [0m5.054 ms - 11[0m
[0mGET / [32m200 [0m0.942 ms - 11[0m
[0mGET / [32m200 [0m0.730 ms - 11[0m
[0mGET / [32m200 [0m8.791 ms - 11[0m
[0mGET / [32m200 [0m8.978 ms - 11[0m
[0mGET / [32m200 [0m2.513 ms - 11[0m
[0mGET / [32m200 [0m0.990 ms - 11[0m
[0mGET / [32m200 [0m5.383 ms - 11[0m
[0mGET / [32m200 [0m5.612 ms - 11[0m
[0mGET / [32m200 [0m2.518 ms - 11[0m
[0mGET / [32m200 [0m0.563 ms - 11[0m
[0mGET / [32m200 [0m0.421 ms - 11[0m
[0mGET / [32m200 [0m0.335 ms - 11[0m
[0mGET / [32m200 [0m6.644 ms - 11[0m
[0mGET / [32m200 [0m4.462 ms - 11[0m
[0mGET / [32m200 [0m9.061 ms - 11[0m
[0mGET / [32m200 [0m10.083 ms - 11[0m
[0mGET / [32m200 [0m3.538 ms - 11[0m
[0mGET / [32m200 [0m0.400 ms - 11[0m
[0mGET / [32m200 [0m4.738 ms - 11[0m
[0mGET / [32m200 [0m5.028 ms - 11[0m
[0mGET / [32m200 [0m9.706 ms - 11[0m
[0mGET / [32m200 [0m10.989 ms - 11[0m
[0mGET / [32m200 [0m15.097 ms - 11[0m
[0mGET / [32m200 [0m2.199 ms - 11[0m
[0mGET / [32m200 [0m9.653 ms - 11[0m
[0mGET / [32m200 [0m7.067 ms - 11[0m
[0mGET / [32m200 [0m0.507 ms - 11[0m
[0mGET / [32m200 [0m1.046 ms - 11[0m
[0mGET / [32m200 [0m8.279 ms - 11[0m
[0mGET / [32m200 [0m7.005 ms - 11[0m
[0mGET / [32m200 [0m0.359 ms - 11[0m
[0mGET / [32m200 [0m1.270 ms - 11[0m
[0mGET / [32m200 [0m4.719 ms - 11[0m
[0mGET / [32m200 [0m0.799 ms - 11[0m
[0mGET / [32m200 [0m2.641 ms - 11[0m
[0mGET / [32m200 [0m0.315 ms - 11[0m
[0mGET / [32m200 [0m7.313 ms - 11[0m
[0mGET / [32m200 [0m3.348 ms - 11[0m
[0mGET / [32m200 [0m0.530 ms - 11[0m
[0mGET / [32m200 [0m0.406 ms - 11[0m
[0mGET / [32m200 [0m0.963 ms - 11[0m
[0mGET / [32m200 [0m0.369 ms - 11[0m
[0mGET / [32m200 [0m8.841 ms - 11[0m
[0mGET / [32m200 [0m2.922 ms - 11[0m
[0mGET / [32m200 [0m5.325 ms - 11[0m
[0mGET / [32m200 [0m4.995 ms - 11[0m
[0mGET / [32m200 [0m2.992 ms - 11[0m
[0mGET / [32m200 [0m0.361 ms - 11[0m
[0mGET / [32m200 [0m0.392 ms - 11[0m
[0mGET / [32m200 [0m1.589 ms - 11[0m
[0mGET / [32m200 [0m8.559 ms - 11[0m
[0mGET / [32m200 [0m8.825 ms - 11[0m
[0mGET / [32m200 [0m11.147 ms - 11[0m
[0mGET / [32m200 [0m5.290 ms - 11[0m
[0mGET / [32m200 [0m11.705 ms - 11[0m
[0mGET / [32m200 [0m0.359 ms - 11[0m
[0mGET / [32m200 [0m3.066 ms - 11[0m
[0mGET / [32m200 [0m0.344 ms - 11[0m
[0mGET / [32m200 [0m2.763 ms - 11[0m
[0mGET / [32m200 [0m0.783 ms - 11[0m
[0mGET / [32m200 [0m4.038 ms - 11[0m
[0mGET / [32m200 [0m0.388 ms - 11[0m
[0mGET / [32m200 [0m3.945 ms - 11[0m
[0mGET / [32m200 [0m11.578 ms - 11[0m
[0mGET / [32m200 [0m5.554 ms - 11[0m
[0mGET / [32m200 [0m5.390 ms - 11[0m
[0mGET / [32m200 [0m7.795 ms - 11[0m
[0mGET / [32m200 [0m1.138 ms - 11[0m
[0mGET / [32m200 [0m1.098 ms - 11[0m
[0mGET / [32m200 [0m0.764 ms - 11[0m
[0mGET / [32m200 [0m8.960 ms - 11[0m
[0mGET / [32m200 [0m9.281 ms - 11[0m
[0mGET / [32m200 [0m9.433 ms - 11[0m
[0mGET / [32m200 [0m1.687 ms - 11[0m
[0mGET / [32m200 [0m8.747 ms - 11[0m
[0mGET / [32m200 [0m9.385 ms - 11[0m
[0mGET / [32m200 [0m0.917 ms - 11[0m
[0mGET / [32m200 [0m1.575 ms - 11[0m
[0mGET / [32m200 [0m0.627 ms - 11[0m
[0mGET / [32m200 [0m0.355 ms - 11[0m
[0mGET / [32m200 [0m8.726 ms - 11[0m
[0mGET / [32m200 [0m4.956 ms - 11[0m
[0mGET / [32m200 [0m9.629 ms - 11[0m
[0mGET / [32m200 [0m6.266 ms - 11[0m
[0mGET / [32m200 [0m6.260 ms - 11[0m
[0mGET / [32m200 [0m6.549 ms - 11[0m
[0mGET / [32m200 [0m1.063 ms - 11[0m
[0mGET / [32m200 [0m0.931 ms - 11[0m
[0mGET / [32m200 [0m1.373 ms - 11[0m
[0mGET / [32m200 [0m0.831 ms - 11[0m
[0mGET / [32m200 [0m6.688 ms - 11[0m
[0mGET / [32m200 [0m4.936 ms - 11[0m
[0mGET / [32m200 [0m6.605 ms - 11[0m
[0mGET / [32m200 [0m1.346 ms - 11[0m
[0mGET / [32m200 [0m5.130 ms - 11[0m
[0mGET / [32m200 [0m4.413 ms - 11[0m
[0mPOST /api/v1/register_endpoint_v2/nosql [33m401 [0m31.447 ms - 40[0m
[0mGET / [32m200 [0m6.605 ms - 11[0m
[0mGET / [32m200 [0m1.135 ms - 11[0m
[0mGET / [32m200 [0m22.255 ms - 11[0m
[0mGET / [32m200 [0m21.263 ms - 11[0m
[0mGET / [32m200 [0m2.577 ms - 11[0m
[0mGET / [32m200 [0m0.460 ms - 11[0m
io enter middleware
check player id undefined
[0mGET / [32m200 [0m4.301 ms - 11[0m
[0mGET / [32m200 [0m0.381 ms - 11[0m
[0mGET / [32m200 [0m7.307 ms - 11[0m
[0mGET / [32m200 [0m7.593 ms - 11[0m
[0mGET / [32m200 [0m3.426 ms - 11[0m
[0mGET / [32m200 [0m3.643 ms - 11[0m
[0mGET / [32m200 [0m6.174 ms - 11[0m
[0mGET / [32m200 [0m0.969 ms - 11[0m
[0mGET / [32m200 [0m3.624 ms - 11[0m
[0mGET / [32m200 [0m0.339 ms - 11[0m
[0mGET / [32m200 [0m3.763 ms - 11[0m
[0mGET / [32m200 [0m7.047 ms - 11[0m
[0mGET / [32m200 [0m15.522 ms - 11[0m
[0mGET / [32m200 [0m12.217 ms - 11[0m
[0mGET / [32m200 [0m1.034 ms - 11[0m
[0mGET / [32m200 [0m1.411 ms - 11[0m
[0mGET / [32m200 [0m4.280 ms - 11[0m
[0mGET / [32m200 [0m0.358 ms - 11[0m
[0mGET / [32m200 [0m8.865 ms - 11[0m
[0mGET / [32m200 [0m6.970 ms - 11[0m
[0mGET / [32m200 [0m8.770 ms - 11[0m
[0mGET / [32m200 [0m9.001 ms - 11[0m
[0mGET / [32m200 [0m5.480 ms - 11[0m
[0mGET / [32m200 [0m0.868 ms - 11[0m
[0mGET / [32m200 [0m7.059 ms - 11[0m
[0mGET / [32m200 [0m7.178 ms - 11[0m
[0mGET / [32m200 [0m14.272 ms - 11[0m
[0mGET / [32m200 [0m2.630 ms - 11[0m
[0mGET / [32m200 [0m14.759 ms - 11[0m
[0mGET / [32m200 [0m13.898 ms - 11[0m
[0mGET / [32m200 [0m3.162 ms - 11[0m
[0mGET / [32m200 [0m10.392 ms - 11[0m
[0mGET / [32m200 [0m1.195 ms - 11[0m
[0mGET / [32m200 [0m1.938 ms - 11[0m
[0mGET / [32m200 [0m1.078 ms - 11[0m
[0mGET / [32m200 [0m1.286 ms - 11[0m
[0mGET / [32m200 [0m10.527 ms - 11[0m
[0mGET / [32m200 [0m1.070 ms - 11[0m
[0mGET / [32m200 [0m1.911 ms - 11[0m
[0mGET / [32m200 [0m2.579 ms - 11[0m
[0mGET / [32m200 [0m0.873 ms - 11[0m
[0mGET / [32m200 [0m2.038 ms - 11[0m
[0mGET / [32m200 [0m2.632 ms - 11[0m
[0mGET / [32m200 [0m3.520 ms - 11[0m
[0mGET / [32m200 [0m6.623 ms - 11[0m
[0mGET / [32m200 [0m11.127 ms - 11[0m
[0mGET / [32m200 [0m5.157 ms - 11[0m
[0mGET / [32m200 [0m1.523 ms - 11[0m
[0mGET / [32m200 [0m0.436 ms - 11[0m
[0mGET / [32m200 [0m2.814 ms - 11[0m
[0mGET / [32m200 [0m0.625 ms - 11[0m
[0mGET / [32m200 [0m13.072 ms - 11[0m
[0mGET / [32m200 [0m2.403 ms - 11[0m
[0mGET / [32m200 [0m1.010 ms - 11[0m
[0mGET / [32m200 [0m1.457 ms - 11[0m
[0mGET / [32m200 [0m0.391 ms - 11[0m
[0mGET / [32m200 [0m1.601 ms - 11[0m
[0mGET / [32m200 [0m1.816 ms - 11[0m
[0mGET / [32m200 [0m6.176 ms - 11[0m
[0mGET / [32m200 [0m5.338 ms - 11[0m
[0mGET / [32m200 [0m8.603 ms - 11[0m
[0mGET / [32m200 [0m7.974 ms - 11[0m
[0mGET / [32m200 [0m12.560 ms - 11[0m
[0mGET / [32m200 [0m9.825 ms - 11[0m
[0mGET / [32m200 [0m5.462 ms - 11[0m
[0mGET / [32m200 [0m5.757 ms - 11[0m
[0mGET / [32m200 [0m1.927 ms - 11[0m
[0mGET / [32m200 [0m2.215 ms - 11[0m
[0mGET / [32m200 [0m4.252 ms - 11[0m
[0mGET / [32m200 [0m4.529 ms - 11[0m
[0mGET / [32m200 [0m8.455 ms - 11[0m
[0mGET / [32m200 [0m6.282 ms - 11[0m
[0mGET / [32m200 [0m6.496 ms - 11[0m
[0mGET / [32m200 [0m6.700 ms - 11[0m
[0mGET / [32m200 [0m1.837 ms - 11[0m
[0mGET / [32m200 [0m1.068 ms - 11[0m
[0mGET / [32m200 [0m7.650 ms - 11[0m
[0mGET / [32m200 [0m7.836 ms - 11[0m
[0mGET / [32m200 [0m0.942 ms - 11[0m
[0mGET / [32m200 [0m0.274 ms - 11[0m
[0mGET / [32m200 [0m0.384 ms - 11[0m
[0mGET / [32m200 [0m0.329 ms - 11[0m
[0mGET / [32m200 [0m7.230 ms - 11[0m
[0mGET / [32m200 [0m3.679 ms - 11[0m
[0mGET / [32m200 [0m3.414 ms - 11[0m
[0mGET / [32m200 [0m3.687 ms - 11[0m
[0mGET / [32m200 [0m1.539 ms - 11[0m
[0mGET / [32m200 [0m0.335 ms - 11[0m
[0mGET / [32m200 [0m7.721 ms - 11[0m
[0mGET / [32m200 [0m7.149 ms - 11[0m
[0mGET / [32m200 [0m1.411 ms - 11[0m
[0mGET / [32m200 [0m0.356 ms - 11[0m
[0mGET / [32m200 [0m3.949 ms - 11[0m
[0mGET / [32m200 [0m3.115 ms - 11[0m
[0mGET / [32m200 [0m9.720 ms - 11[0m
[0mGET / [32m200 [0m6.797 ms - 11[0m
[0mGET / [32m200 [0m5.691 ms - 11[0m
[0mGET / [32m200 [0m0.300 ms - 11[0m
[0mGET / [32m200 [0m5.890 ms - 11[0m
[0mGET / [32m200 [0m3.350 ms - 11[0m
[0mGET / [32m200 [0m4.792 ms - 11[0m
[0mGET / [32m200 [0m5.059 ms - 11[0m
[0mGET / [32m200 [0m1.166 ms - 11[0m
[0mGET / [32m200 [0m0.326 ms - 11[0m
[0mGET / [32m200 [0m7.252 ms - 11[0m
[0mGET / [32m200 [0m3.914 ms - 11[0m
[0mGET / [32m200 [0m11.021 ms - 11[0m
[0mGET / [32m200 [0m7.272 ms - 11[0m
[0mGET / [32m200 [0m3.081 ms - 11[0m
[0mGET / [32m200 [0m1.671 ms - 11[0m
[0mGET / [32m200 [0m6.183 ms - 11[0m
[0mGET / [32m200 [0m4.635 ms - 11[0m
[0mGET / [32m200 [0m0.468 ms - 11[0m
[0mGET / [32m200 [0m2.125 ms - 11[0m
[0mGET / [32m200 [0m2.899 ms - 11[0m
[0mGET / [32m200 [0m3.153 ms - 11[0m
[0mGET / [32m200 [0m2.663 ms - 11[0m
[0mGET / [32m200 [0m0.856 ms - 11[0m
[0mGET / [32m200 [0m10.052 ms - 11[0m
[0mGET / [32m200 [0m6.109 ms - 11[0m
[0mGET / [32m200 [0m0.928 ms - 11[0m
[0mGET / [32m200 [0m0.391 ms - 11[0m
[0mGET / [32m200 [0m10.579 ms - 11[0m
[0mGET / [32m200 [0m1.700 ms - 11[0m
[0mGET / [32m200 [0m3.063 ms - 11[0m
[0mGET / [32m200 [0m0.362 ms - 11[0m
[0mGET / [32m200 [0m8.745 ms - 11[0m
[0mGET / [32m200 [0m7.186 ms - 11[0m
[0mGET / [32m200 [0m1.625 ms - 11[0m
[0mGET / [32m200 [0m1.604 ms - 11[0m
[0mGET / [32m200 [0m6.068 ms - 11[0m
[0mGET / [32m200 [0m6.851 ms - 11[0m
[0mGET / [32m200 [0m0.361 ms - 11[0m
[0mGET / [32m200 [0m0.335 ms - 11[0m
[0mGET / [32m200 [0m1.751 ms - 11[0m
[0mGET / [32m200 [0m2.945 ms - 11[0m
[0mGET / [32m200 [0m0.402 ms - 11[0m
[0mGET / [32m200 [0m0.363 ms - 11[0m
[0mGET / [32m200 [0m7.759 ms - 11[0m
[0mGET / [32m200 [0m5.044 ms - 11[0m
[0mGET / [32m200 [0m1.340 ms - 11[0m
[0mGET / [32m200 [0m0.304 ms - 11[0m
[0mGET / [32m200 [0m1.448 ms - 11[0m
[0mGET / [32m200 [0m1.433 ms - 11[0m
[0mGET / [32m200 [0m7.049 ms - 11[0m
[0mGET / [32m200 [0m7.334 ms - 11[0m
[0mGET / [32m200 [0m4.054 ms - 11[0m
[0mGET / [32m200 [0m1.338 ms - 11[0m
[0mGET / [32m200 [0m0.605 ms - 11[0m
[0mGET / [32m200 [0m0.330 ms - 11[0m
[0mGET / [32m200 [0m9.794 ms - 11[0m
[0mGET / [32m200 [0m1.343 ms - 11[0m
[0mGET / [32m200 [0m2.223 ms - 11[0m
[0mGET / [32m200 [0m0.332 ms - 11[0m
[0mGET / [32m200 [0m7.116 ms - 11[0m
[0mGET / [32m200 [0m3.195 ms - 11[0m
[0mGET / [32m200 [0m5.496 ms - 11[0m
[0mGET / [32m200 [0m5.767 ms - 11[0m
[0mGET / [32m200 [0m0.508 ms - 11[0m
[0mGET / [32m200 [0m1.282 ms - 11[0m
[0mGET / [32m200 [0m2.235 ms - 11[0m
[0mGET / [32m200 [0m0.488 ms - 11[0m
[0mGET / [32m200 [0m0.464 ms - 11[0m
[0mGET / [32m200 [0m0.585 ms - 11[0m
[0mGET / [32m200 [0m0.440 ms - 11[0m
[0mGET / [32m200 [0m0.332 ms - 11[0m
[0mGET / [32m200 [0m1.562 ms - 11[0m
[0mGET / [32m200 [0m0.377 ms - 11[0m
[0mGET / [32m200 [0m1.842 ms - 11[0m
[0mGET / [32m200 [0m0.380 ms - 11[0m
[0mGET / [32m200 [0m1.759 ms - 11[0m
[0mGET / [32m200 [0m0.449 ms - 11[0m
[0mGET / [32m200 [0m1.113 ms - 11[0m
[0mGET / [32m200 [0m0.297 ms - 11[0m
[0mGET / [32m200 [0m5.651 ms - 11[0m
[0mGET / [32m200 [0m5.846 ms - 11[0m
[0mGET / [32m200 [0m12.229 ms - 11[0m
[0mGET / [32m200 [0m1.592 ms - 11[0m
[0mGET / [32m200 [0m1.423 ms - 11[0m
[0mGET / [32m200 [0m1.419 ms - 11[0m
[0mGET / [32m200 [0m1.130 ms - 11[0m
[0mGET / [32m200 [0m0.328 ms - 11[0m
[0mGET / [32m200 [0m5.501 ms - 11[0m
[0mGET / [32m200 [0m3.481 ms - 11[0m
[0mGET / [32m200 [0m3.098 ms - 11[0m
[0mGET / [32m200 [0m0.347 ms - 11[0m
[0mGET / [32m200 [0m1.801 ms - 11[0m
[0mGET / [32m200 [0m1.432 ms - 11[0m
[0mGET / [32m200 [0m14.799 ms - 11[0m
[0mGET / [32m200 [0m18.476 ms - 11[0m
[0mGET / [32m200 [0m0.634 ms - 11[0m
[0mGET / [32m200 [0m1.921 ms - 11[0m
[0mGET / [32m200 [0m10.148 ms - 11[0m
[0mGET / [32m200 [0m10.475 ms - 11[0m
[0mGET / [32m200 [0m0.363 ms - 11[0m
[0mGET / [32m200 [0m0.323 ms - 11[0m
[0mGET / [32m200 [0m6.906 ms - 11[0m
[0mGET / [32m200 [0m7.132 ms - 11[0m
[0mGET / [32m200 [0m1.175 ms - 11[0m
[0mGET / [32m200 [0m0.304 ms - 11[0m
[0mGET / [32m200 [0m0.429 ms - 11[0m
[0mGET / [32m200 [0m1.271 ms - 11[0m
[0mGET / [32m200 [0m0.932 ms - 11[0m
[0mGET / [32m200 [0m0.807 ms - 11[0m
[0mGET / [32m200 [0m10.738 ms - 11[0m
[0mGET / [32m200 [0m8.440 ms - 11[0m
[0mGET / [32m200 [0m3.266 ms - 11[0m
[0mGET / [32m200 [0m0.895 ms - 11[0m
[0mGET / [32m200 [0m13.906 ms - 11[0m
[0mGET / [32m200 [0m0.972 ms - 11[0m
[0mGET / [32m200 [0m6.897 ms - 11[0m
[0mGET / [32m200 [0m0.883 ms - 11[0m
[0mGET / [32m200 [0m6.052 ms - 11[0m
[0mGET / [32m200 [0m1.363 ms - 11[0m
[0mGET / [32m200 [0m4.842 ms - 11[0m
[0mGET / [32m200 [0m0.488 ms - 11[0m
[0mGET / [32m200 [0m3.513 ms - 11[0m
[0mGET / [32m200 [0m0.313 ms - 11[0m
[0mGET / [32m200 [0m2.429 ms - 11[0m
[0mGET / [32m200 [0m0.424 ms - 11[0m
[0mGET / [32m200 [0m1.109 ms - 11[0m
[0mGET / [32m200 [0m0.314 ms - 11[0m
[0mGET / [32m200 [0m2.776 ms - 11[0m
[0mGET / [32m200 [0m14.336 ms - 11[0m
[0mGET / [32m200 [0m12.643 ms - 11[0m
[0mGET / [32m200 [0m1.028 ms - 11[0m
[0mGET / [32m200 [0m2.275 ms - 11[0m
[0mGET / [32m200 [0m3.848 ms - 11[0m
[0mGET / [32m200 [0m8.988 ms - 11[0m
[0mGET / [32m200 [0m0.849 ms - 11[0m
[0mGET / [32m200 [0m1.019 ms - 11[0m
[0mGET / [32m200 [0m8.527 ms - 11[0m
[0mGET / [32m200 [0m7.256 ms - 11[0m
[0mGET / [32m200 [0m7.560 ms - 11[0m
[0mGET / [32m200 [0m5.830 ms - 11[0m
[0mGET / [32m200 [0m0.347 ms - 11[0m
[0mGET / [32m200 [0m14.323 ms - 11[0m
[0mGET / [32m200 [0m0.492 ms - 11[0m
[0mGET / [32m200 [0m5.453 ms - 11[0m
[0mGET / [32m200 [0m2.357 ms - 11[0m
[0mGET / [32m200 [0m6.926 ms - 11[0m
[0mGET / [32m200 [0m7.047 ms - 11[0m
[0mGET / [32m200 [0m1.792 ms - 11[0m
[0mGET / [32m200 [0m0.380 ms - 11[0m
[0mGET / [32m200 [0m0.896 ms - 11[0m
[0mGET / [32m200 [0m0.319 ms - 11[0m
[0mGET / [32m200 [0m8.765 ms - 11[0m
[0mGET / [32m200 [0m0.427 ms - 11[0m
