ok
Config
Thu Aug 03 2017 04:09:44 GMT+0000 (UTC)
Cognito
the cognitoidentity is [object Object]
SNS
setting tcp
setting sns
PostAPI
PostAPI_Chat
PostAPI_Wall
PostAPI_Pet
PostAPI_Chips
PostAPI_Login
PostAPI_Shop
PostAPI_Debug
Game init
======================
apiPort listening 2495
tcpPort listening 3002
======================
Server listening at port 3002
[0mGET / [32m200 [0m54.567 ms - 11[0m
[0mGET / [32m200 [0m71.825 ms - 11[0m
[0mGET / [32m200 [0m15.423 ms - 11[0m
[0mGET / [32m200 [0m9.762 ms - 11[0m
[0mGET / [32m200 [0m16.616 ms - 11[0m
[0mGET / [32m200 [0m14.362 ms - 11[0m
[0mGET / [32m200 [0m14.085 ms - 11[0m
[0mGET / [32m200 [0m6.993 ms - 11[0m
[0mGET / [32m200 [0m8.563 ms - 11[0m
[0mGET / [32m200 [0m11.385 ms - 11[0m
[0mGET / [32m200 [0m3.677 ms - 11[0m
[0mGET / [32m200 [0m4.914 ms - 11[0m
[0mGET / [32m200 [0m7.024 ms - 11[0m
[0mGET / [32m200 [0m21.529 ms - 11[0m
[0mGET / [32m200 [0m3.526 ms - 11[0m
[0mGET / [32m200 [0m14.086 ms - 11[0m
[0mGET / [32m200 [0m3.051 ms - 11[0m
[0mGET / [32m200 [0m9.816 ms - 11[0m
[0mGET / [32m200 [0m18.471 ms - 11[0m
[0mGET / [32m200 [0m27.148 ms - 11[0m
[0mGET / [32m200 [0m5.591 ms - 11[0m
[0mGET / [32m200 [0m11.974 ms - 11[0m
[0mGET / [32m200 [0m4.576 ms - 11[0m
[0mGET / [32m200 [0m16.321 ms - 11[0m
[0mGET / [32m200 [0m3.475 ms - 11[0m
[0mGET / [32m200 [0m0.448 ms - 11[0m
[0mGET / [32m200 [0m13.823 ms - 11[0m
[0mGET / [32m200 [0m0.356 ms - 11[0m
[0mGET / [32m200 [0m7.472 ms - 11[0m
[0mGET / [32m200 [0m1.130 ms - 11[0m
[0mGET / [32m200 [0m13.744 ms - 11[0m
[0mGET / [32m200 [0m1.097 ms - 11[0m
[0mGET / [32m200 [0m9.134 ms - 11[0m
[0mGET / [32m200 [0m12.405 ms - 11[0m
[0mGET / [32m200 [0m1.125 ms - 11[0m
[0mGET / [32m200 [0m0.843 ms - 11[0m
[0mGET / [32m200 [0m11.570 ms - 11[0m
[0mGET / [32m200 [0m0.939 ms - 11[0m
[0mGET / [32m200 [0m0.680 ms - 11[0m
[0mGET / [32m200 [0m9.647 ms - 11[0m
[0mGET / [32m200 [0m5.155 ms - 11[0m
[0mGET / [32m200 [0m2.267 ms - 11[0m
[0mGET / [32m200 [0m1.149 ms - 11[0m
[0mGET / [32m200 [0m11.850 ms - 11[0m
[0mGET / [32m200 [0m14.067 ms - 11[0m
[0mGET / [32m200 [0m6.935 ms - 11[0m
[0mGET / [32m200 [0m3.265 ms - 11[0m
[0mGET / [32m200 [0m4.478 ms - 11[0m
[0mGET / [32m200 [0m13.536 ms - 11[0m
[0mGET / [32m200 [0m5.035 ms - 11[0m
[0mGET / [32m200 [0m1.048 ms - 11[0m
[0mGET / [32m200 [0m0.392 ms - 11[0m
[0mGET / [32m200 [0m3.126 ms - 11[0m
[0mGET / [32m200 [0m0.377 ms - 11[0m
[0mGET / [32m200 [0m15.132 ms - 11[0m
[0mGET / [32m200 [0m6.796 ms - 11[0m
[0mGET / [32m200 [0m7.897 ms - 11[0m
[0mGET / [32m200 [0m1.083 ms - 11[0m
[0mGET / [32m200 [0m11.507 ms - 11[0m
[0mGET / [32m200 [0m7.196 ms - 11[0m
[0mGET / [32m200 [0m4.554 ms - 11[0m
[0mGET / [32m200 [0m11.252 ms - 11[0m
[0mGET / [32m200 [0m8.294 ms - 11[0m
[0mGET / [32m200 [0m11.038 ms - 11[0m
[0mGET / [32m200 [0m0.425 ms - 11[0m
[0mGET / [32m200 [0m5.442 ms - 11[0m
[0mGET / [32m200 [0m3.058 ms - 11[0m
[0mGET / [32m200 [0m5.585 ms - 11[0m
[0mGET / [32m200 [0m3.207 ms - 11[0m
[0mGET / [32m200 [0m0.351 ms - 11[0m
[0mGET / [32m200 [0m2.363 ms - 11[0m
[0mGET / [32m200 [0m3.443 ms - 11[0m
[0mGET / [32m200 [0m7.129 ms - 11[0m
[0mGET / [32m200 [0m7.565 ms - 11[0m
[0mGET / [32m200 [0m12.618 ms - 11[0m
[0mGET / [32m200 [0m7.168 ms - 11[0m
[0mGET / [32m200 [0m9.809 ms - 11[0m
[0mGET / [32m200 [0m0.334 ms - 11[0m
[0mGET / [32m200 [0m7.818 ms - 11[0m
[0mGET / [32m200 [0m0.858 ms - 11[0m
[0mGET / [32m200 [0m1.181 ms - 11[0m
[0mGET / [32m200 [0m1.610 ms - 11[0m
[0mGET / [32m200 [0m2.448 ms - 11[0m
[0mGET / [32m200 [0m0.438 ms - 11[0m
[0mGET / [32m200 [0m15.677 ms - 11[0m
[0mGET / [32m200 [0m11.301 ms - 11[0m
[0mGET / [32m200 [0m13.376 ms - 11[0m
[0mGET / [32m200 [0m12.240 ms - 11[0m
[0mGET / [32m200 [0m7.743 ms - 11[0m
[0mGET / [32m200 [0m12.470 ms - 11[0m
[0mGET / [32m200 [0m2.413 ms - 11[0m
[0mGET / [32m200 [0m7.961 ms - 11[0m
[0mGET / [32m200 [0m6.306 ms - 11[0m
[0mGET / [32m200 [0m12.395 ms - 11[0m
[0mGET / [32m200 [0m2.366 ms - 11[0m
[0mGET / [32m200 [0m2.015 ms - 11[0m
[0mGET / [32m200 [0m3.046 ms - 11[0m
[0mGET / [32m200 [0m0.732 ms - 11[0m
[0mGET / [32m200 [0m1.892 ms - 11[0m
[0mGET / [32m200 [0m0.401 ms - 11[0m
[0mGET / [32m200 [0m9.220 ms - 11[0m
[0mGET / [32m200 [0m0.898 ms - 11[0m
[0mGET / [32m200 [0m5.918 ms - 11[0m
[0mGET / [32m200 [0m6.048 ms - 11[0m
[0mGET / [32m200 [0m6.424 ms - 11[0m
[0mGET / [32m200 [0m0.372 ms - 11[0m
[0mGET / [32m200 [0m1.794 ms - 11[0m
[0mGET / [32m200 [0m8.533 ms - 11[0m
[0mGET / [32m200 [0m18.837 ms - 11[0m
[0mGET / [32m200 [0m0.462 ms - 11[0m
[0mGET / [32m200 [0m10.489 ms - 11[0m
[0mGET / [32m200 [0m13.659 ms - 11[0m
[0mGET / [32m200 [0m13.949 ms - 11[0m
[0mGET / [32m200 [0m8.483 ms - 11[0m
[0mGET / [32m200 [0m7.686 ms - 11[0m
[0mGET / [32m200 [0m0.963 ms - 11[0m
[0mGET / [32m200 [0m3.907 ms - 11[0m
[0mGET / [32m200 [0m0.377 ms - 11[0m
[0mGET / [32m200 [0m11.132 ms - 11[0m
[0mGET / [32m200 [0m0.430 ms - 11[0m
[0mGET / [32m200 [0m6.987 ms - 11[0m
[0mGET / [32m200 [0m0.900 ms - 11[0m
[0mGET / [32m200 [0m5.086 ms - 11[0m
[0mGET / [32m200 [0m8.486 ms - 11[0m
[0mGET / [32m200 [0m17.085 ms - 11[0m
[0mGET / [32m200 [0m2.874 ms - 11[0m
[0mGET / [32m200 [0m5.746 ms - 11[0m
[0mGET / [32m200 [0m0.898 ms - 11[0m
[0mGET / [32m200 [0m2.867 ms - 11[0m
[0mGET / [32m200 [0m0.390 ms - 11[0m
[0mGET / [32m200 [0m12.741 ms - 11[0m
[0mGET / [32m200 [0m76.745 ms - 11[0m
[0mGET / [32m200 [0m2.199 ms - 11[0m
[0mGET / [32m200 [0m0.352 ms - 11[0m
[0mGET / [32m200 [0m19.304 ms - 11[0m
[0mGET / [32m200 [0m4.611 ms - 11[0m
[0mGET / [32m200 [0m4.099 ms - 11[0m
[0mGET / [32m200 [0m0.371 ms - 11[0m
[0mGET / [32m200 [0m3.329 ms - 11[0m
[0mGET / [32m200 [0m0.289 ms - 11[0m
[0mGET / [32m200 [0m15.725 ms - 11[0m
[0mGET / [32m200 [0m5.385 ms - 11[0m
[0mGET / [32m200 [0m11.172 ms - 11[0m
[0mGET / [32m200 [0m6.806 ms - 11[0m
[0mGET / [32m200 [0m0.446 ms - 11[0m
[0mGET / [32m200 [0m11.476 ms - 11[0m
[0mGET / [32m200 [0m0.530 ms - 11[0m
[0mGET / [32m200 [0m0.564 ms - 11[0m
[0mGET / [32m200 [0m6.280 ms - 11[0m
[0mGET / [32m200 [0m0.808 ms - 11[0m
[0mGET / [32m200 [0m2.617 ms - 11[0m
[0mGET / [32m200 [0m0.370 ms - 11[0m
[0mGET / [32m200 [0m2.850 ms - 11[0m
[0mGET / [32m200 [0m4.492 ms - 11[0m
[0mGET / [32m200 [0m8.163 ms - 11[0m
[0mGET / [32m200 [0m8.519 ms - 11[0m
[0mGET / [32m200 [0m9.371 ms - 11[0m
[0mGET / [32m200 [0m12.078 ms - 11[0m
[0mGET / [32m200 [0m6.330 ms - 11[0m
[0mGET / [32m200 [0m5.487 ms - 11[0m
[0mGET / [32m200 [0m8.352 ms - 11[0m
[0mGET / [32m200 [0m0.910 ms - 11[0m
[0mGET / [32m200 [0m6.280 ms - 11[0m
[0mGET / [32m200 [0m0.431 ms - 11[0m
[0mGET / [32m200 [0m3.694 ms - 11[0m
[0mGET / [32m200 [0m0.358 ms - 11[0m
[0mGET / [32m200 [0m6.186 ms - 11[0m
[0mGET / [32m200 [0m0.908 ms - 11[0m
[0mGET / [32m200 [0m1.440 ms - 11[0m
[0mGET / [32m200 [0m8.891 ms - 11[0m
[0mGET / [32m200 [0m1.608 ms - 11[0m
[0mGET / [32m200 [0m2.251 ms - 11[0m
[0mGET / [32m200 [0m5.518 ms - 11[0m
[0mGET / [32m200 [0m0.420 ms - 11[0m
[0mGET / [32m200 [0m3.749 ms - 11[0m
[0mGET / [32m200 [0m1.529 ms - 11[0m
[0mGET / [32m200 [0m8.183 ms - 11[0m
[0mGET / [32m200 [0m0.999 ms - 11[0m
[0mGET / [32m200 [0m5.108 ms - 11[0m
[0mGET / [32m200 [0m0.851 ms - 11[0m
[0mGET / [32m200 [0m1.614 ms - 11[0m
[0mGET / [32m200 [0m7.564 ms - 11[0m
[0mGET / [32m200 [0m16.271 ms - 11[0m
[0mGET / [32m200 [0m16.195 ms - 11[0m
[0mGET / [32m200 [0m12.907 ms - 11[0m
[0mGET / [32m200 [0m8.606 ms - 11[0m
[0mGET / [32m200 [0m4.084 ms - 11[0m
[0mGET / [32m200 [0m2.273 ms - 11[0m
[0mGET / [32m200 [0m0.372 ms - 11[0m
[0mGET / [32m200 [0m0.453 ms - 11[0m
[0mGET / [32m200 [0m8.128 ms - 11[0m
[0mGET / [32m200 [0m0.800 ms - 11[0m
[0mGET / [32m200 [0m0.446 ms - 11[0m
[0mGET / [32m200 [0m0.348 ms - 11[0m
[0mGET / [32m200 [0m3.339 ms - 11[0m
[0mGET / [32m200 [0m2.683 ms - 11[0m
[0mGET / [32m200 [0m6.817 ms - 11[0m
[0mGET / [32m200 [0m9.391 ms - 11[0m
[0mGET / [32m200 [0m9.552 ms - 11[0m
[0mGET / [32m200 [0m0.997 ms - 11[0m
[0mGET / [32m200 [0m8.686 ms - 11[0m
[0mGET / [32m200 [0m1.024 ms - 11[0m
[0mGET / [32m200 [0m10.588 ms - 11[0m
[0mGET / [32m200 [0m6.067 ms - 11[0m
[0mGET / [32m200 [0m2.623 ms - 11[0m
[0mGET / [32m200 [0m3.442 ms - 11[0m
[0mGET / [32m200 [0m4.988 ms - 11[0m
[0mGET / [32m200 [0m0.411 ms - 11[0m
[0mGET / [32m200 [0m4.749 ms - 11[0m
[0mGET / [32m200 [0m4.876 ms - 11[0m
[0mGET / [32m200 [0m0.480 ms - 11[0m
[0mGET / [32m200 [0m0.647 ms - 11[0m
[0mGET / [32m200 [0m6.564 ms - 11[0m
[0mGET / [32m200 [0m0.778 ms - 11[0m
[0mGET / [32m200 [0m9.553 ms - 11[0m
[0mGET / [32m200 [0m0.971 ms - 11[0m
[0mGET / [32m200 [0m9.794 ms - 11[0m
[0mGET / [32m200 [0m7.224 ms - 11[0m
[0mGET / [32m200 [0m8.405 ms - 11[0m
[0mGET / [32m200 [0m0.890 ms - 11[0m
[0mGET / [32m200 [0m2.756 ms - 11[0m
[0mGET / [32m200 [0m0.333 ms - 11[0m
[0mGET / [32m200 [0m0.430 ms - 11[0m
[0mGET / [32m200 [0m0.567 ms - 11[0m
[0mGET / [32m200 [0m6.564 ms - 11[0m
[0mGET / [32m200 [0m0.377 ms - 11[0m
[0mGET / [32m200 [0m5.884 ms - 11[0m
[0mGET / [32m200 [0m1.814 ms - 11[0m
[0mGET / [32m200 [0m1.740 ms - 11[0m
[0mGET / [32m200 [0m1.772 ms - 11[0m
[0mGET / [32m200 [0m7.629 ms - 11[0m
[0mGET / [32m200 [0m0.332 ms - 11[0m
[0mGET / [32m200 [0m8.641 ms - 11[0m
[0mGET / [32m200 [0m2.424 ms - 11[0m
[0mGET / [32m200 [0m7.231 ms - 11[0m
[0mGET / [32m200 [0m0.858 ms - 11[0m
[0mGET / [32m200 [0m7.844 ms - 11[0m
[0mGET / [32m200 [0m7.266 ms - 11[0m
[0mGET / [32m200 [0m3.019 ms - 11[0m
[0mGET / [32m200 [0m0.769 ms - 11[0m
[0mGET / [32m200 [0m2.923 ms - 11[0m
[0mGET / [32m200 [0m1.727 ms - 11[0m
[0mGET / [32m200 [0m3.961 ms - 11[0m
[0mGET / [32m200 [0m1.894 ms - 11[0m
[0mGET / [32m200 [0m7.566 ms - 11[0m
[0mGET / [32m200 [0m0.831 ms - 11[0m
[0mGET / [32m200 [0m16.102 ms - 11[0m
[0mGET / [32m200 [0m9.714 ms - 11[0m
[0mGET / [32m200 [0m8.501 ms - 11[0m
[0mGET / [32m200 [0m0.384 ms - 11[0m
[0mGET / [32m200 [0m4.029 ms - 11[0m
[0mGET / [32m200 [0m0.498 ms - 11[0m
[0mGET / [32m200 [0m7.654 ms - 11[0m
[0mGET / [32m200 [0m9.193 ms - 11[0m
[0mGET / [32m200 [0m4.840 ms - 11[0m
[0mGET / [32m200 [0m7.063 ms - 11[0m
[0mGET / [32m200 [0m10.180 ms - 11[0m
[0mGET / [32m200 [0m16.435 ms - 11[0m
[0mGET / [32m200 [0m3.514 ms - 11[0m
[0mGET / [32m200 [0m46.023 ms - 11[0m
[0mGET / [32m200 [0m7.284 ms - 11[0m
[0mGET / [32m200 [0m0.380 ms - 11[0m
[0mGET / [32m200 [0m20.172 ms - 11[0m
[0mGET / [32m200 [0m13.107 ms - 11[0m
[0mGET / [32m200 [0m0.578 ms - 11[0m
[0mGET / [32m200 [0m13.654 ms - 11[0m
[0mGET / [32m200 [0m12.362 ms - 11[0m
[0mGET / [32m200 [0m0.914 ms - 11[0m
[0mGET / [32m200 [0m9.896 ms - 11[0m
[0mGET / [32m200 [0m0.949 ms - 11[0m
[0mGET / [32m200 [0m0.381 ms - 11[0m
[0mGET / [32m200 [0m8.919 ms - 11[0m
[0mGET / [32m200 [0m2.467 ms - 11[0m
[0mGET / [32m200 [0m1.580 ms - 11[0m
[0mGET / [32m200 [0m0.528 ms - 11[0m
[0mGET / [32m200 [0m2.644 ms - 11[0m
[0mGET / [32m200 [0m11.036 ms - 11[0m
[0mGET / [32m200 [0m5.382 ms - 11[0m
[0mGET / [32m200 [0m0.801 ms - 11[0m
[0mGET / [32m200 [0m7.300 ms - 11[0m
[0mGET / [32m200 [0m1.848 ms - 11[0m
[0mGET / [32m200 [0m0.428 ms - 11[0m
[0mGET / [32m200 [0m20.426 ms - 11[0m
[0mGET / [32m200 [0m1.548 ms - 11[0m
[0mGET / [32m200 [0m13.951 ms - 11[0m
[0mGET / [32m200 [0m9.704 ms - 11[0m
[0mGET / [32m200 [0m17.118 ms - 11[0m
[0mGET / [32m200 [0m0.330 ms - 11[0m
[0mGET / [32m200 [0m1.833 ms - 11[0m
[0mGET / [32m200 [0m0.387 ms - 11[0m
[0mGET / [32m200 [0m12.967 ms - 11[0m
[0mGET / [32m200 [0m0.297 ms - 11[0m
[0mGET / [32m200 [0m0.702 ms - 11[0m
[0mGET / [32m200 [0m11.458 ms - 11[0m
[0mGET / [32m200 [0m14.680 ms - 11[0m
[0mGET / [32m200 [0m8.938 ms - 11[0m
[0mGET / [32m200 [0m2.647 ms - 11[0m
[0mGET / [32m200 [0m2.622 ms - 11[0m
[0mGET / [32m200 [0m2.361 ms - 11[0m
[0mGET / [32m200 [0m0.355 ms - 11[0m
[0mGET / [32m200 [0m6.275 ms - 11[0m
[0mGET / [32m200 [0m0.349 ms - 11[0m
[0mGET / [32m200 [0m4.564 ms - 11[0m
[0mGET / [32m200 [0m1.499 ms - 11[0m
[0mGET / [32m200 [0m2.169 ms - 11[0m
[0mGET / [32m200 [0m5.163 ms - 11[0m
[0mGET / [32m200 [0m1.084 ms - 11[0m
[0mGET / [32m200 [0m2.070 ms - 11[0m
[0mGET / [32m200 [0m11.230 ms - 11[0m
[0mGET / [32m200 [0m6.053 ms - 11[0m
[0mGET / [32m200 [0m0.371 ms - 11[0m
[0mGET / [32m200 [0m0.326 ms - 11[0m
[0mGET / [32m200 [0m9.322 ms - 11[0m
[0mGET / [32m200 [0m9.614 ms - 11[0m
[0mGET / [32m200 [0m16.203 ms - 11[0m
[0mGET / [32m200 [0m0.379 ms - 11[0m
[0mGET / [32m200 [0m2.912 ms - 11[0m
[0mGET / [32m200 [0m3.243 ms - 11[0m
[0mGET / [32m200 [0m1.383 ms - 11[0m
[0mGET / [32m200 [0m3.611 ms - 11[0m
[0mGET / [32m200 [0m6.386 ms - 11[0m
[0mGET / [32m200 [0m0.943 ms - 11[0m
[0mGET / [32m200 [0m6.536 ms - 11[0m
[0mGET / [32m200 [0m0.810 ms - 11[0m
[0mGET / [32m200 [0m5.426 ms - 11[0m
[0mGET / [32m200 [0m3.992 ms - 11[0m
[0mGET / [32m200 [0m0.799 ms - 11[0m
[0mGET / [32m200 [0m10.740 ms - 11[0m
[0mGET / [32m200 [0m7.015 ms - 11[0m
[0mGET / [32m200 [0m0.891 ms - 11[0m
[0mGET / [32m200 [0m3.595 ms - 11[0m
[0mGET / [32m200 [0m3.398 ms - 11[0m
[0mGET / [32m200 [0m5.600 ms - 11[0m
[0mGET / [32m200 [0m0.992 ms - 11[0m
[0mGET / [32m200 [0m7.769 ms - 11[0m
[0mGET / [32m200 [0m0.316 ms - 11[0m
[0mGET / [32m200 [0m1.476 ms - 11[0m
[0mGET / [32m200 [0m3.925 ms - 11[0m
[0mGET / [32m200 [0m15.264 ms - 11[0m
[0mGET / [32m200 [0m0.868 ms - 11[0m
[0mGET / [32m200 [0m16.034 ms - 11[0m
[0mGET / [32m200 [0m9.656 ms - 11[0m
[0mGET / [32m200 [0m0.496 ms - 11[0m
[0mGET / [32m200 [0m1.002 ms - 11[0m
[0mGET / [32m200 [0m4.032 ms - 11[0m
[0mGET / [32m200 [0m14.577 ms - 11[0m
[0mGET / [32m200 [0m0.685 ms - 11[0m
[0mGET / [32m200 [0m8.044 ms - 11[0m
[0mGET / [32m200 [0m4.725 ms - 11[0m
[0mGET / [32m200 [0m0.325 ms - 11[0m
[0mGET / [32m200 [0m11.508 ms - 11[0m
[0mGET / [32m200 [0m2.746 ms - 11[0m
[0mGET / [32m200 [0m3.482 ms - 11[0m
[0mGET / [32m200 [0m3.245 ms - 11[0m
[0mGET / [32m200 [0m0.353 ms - 11[0m
[0mGET / [32m200 [0m1.414 ms - 11[0m
[0mGET / [32m200 [0m1.777 ms - 11[0m
[0mGET / [32m200 [0m4.908 ms - 11[0m
[0mGET / [32m200 [0m0.747 ms - 11[0m
[0mGET / [32m200 [0m3.170 ms - 11[0m
[0mGET / [32m200 [0m2.987 ms - 11[0m
[0mGET / [32m200 [0m6.256 ms - 11[0m
[0mGET / [32m200 [0m0.500 ms - 11[0m
[0mGET / [32m200 [0m1.267 ms - 11[0m
[0mGET / [32m200 [0m4.394 ms - 11[0m
[0mGET / [32m200 [0m0.463 ms - 11[0m
[0mGET / [32m200 [0m3.237 ms - 11[0m
[0mGET / [32m200 [0m4.632 ms - 11[0m
[0mGET / [32m200 [0m10.450 ms - 11[0m
[0mGET / [32m200 [0m1.094 ms - 11[0m
[0mGET / [32m200 [0m8.832 ms - 11[0m
[0mGET / [32m200 [0m9.470 ms - 11[0m
[0mGET / [32m200 [0m1.269 ms - 11[0m
[0mGET / [32m200 [0m1.713 ms - 11[0m
[0mGET / [32m200 [0m1.055 ms - 11[0m
[0mGET / [32m200 [0m0.691 ms - 11[0m
[0mGET / [32m200 [0m2.042 ms - 11[0m
[0mGET / [32m200 [0m0.478 ms - 11[0m
[0mGET / [32m200 [0m3.068 ms - 11[0m
[0mGET / [32m200 [0m2.892 ms - 11[0m
[0mGET / [32m200 [0m6.223 ms - 11[0m
[0mGET / [32m200 [0m0.960 ms - 11[0m
[0mGET / [32m200 [0m0.435 ms - 11[0m
[0mGET / [32m200 [0m0.789 ms - 11[0m
[0mGET / [32m200 [0m6.760 ms - 11[0m
[0mGET / [32m200 [0m9.719 ms - 11[0m
[0mGET / [32m200 [0m1.203 ms - 11[0m
[0mGET / [32m200 [0m0.683 ms - 11[0m
[0mGET / [32m200 [0m1.604 ms - 11[0m
[0mGET / [32m200 [0m3.629 ms - 11[0m
[0mGET / [32m200 [0m4.182 ms - 11[0m
[0mGET / [32m200 [0m3.426 ms - 11[0m
[0mGET / [32m200 [0m111.037 ms - 11[0m
[0mGET / [32m200 [0m113.468 ms - 11[0m
[0mGET / [32m200 [0m6.377 ms - 11[0m
[0mGET / [32m200 [0m11.412 ms - 11[0m
[0mGET / [32m200 [0m15.144 ms - 11[0m
[0mGET / [32m200 [0m12.171 ms - 11[0m
[0mGET / [32m200 [0m10.621 ms - 11[0m
[0mGET / [32m200 [0m7.784 ms - 11[0m
[0mGET / [32m200 [0m1.200 ms - 11[0m
[0mGET / [32m200 [0m2.151 ms - 11[0m
[0mGET / [32m200 [0m5.293 ms - 11[0m
[0mGET / [32m200 [0m0.372 ms - 11[0m
[0mGET / [32m200 [0m15.224 ms - 11[0m
[0mGET / [32m200 [0m15.235 ms - 11[0m
[0mGET / [32m200 [0m5.362 ms - 11[0m
[0mGET / [32m200 [0m2.371 ms - 11[0m
[0mGET / [32m200 [0m1.436 ms - 11[0m
[0mGET / [32m200 [0m1.580 ms - 11[0m
[0mGET / [32m200 [0m3.388 ms - 11[0m
[0mGET / [32m200 [0m0.348 ms - 11[0m
[0mGET / [32m200 [0m8.310 ms - 11[0m
[0mGET / [32m200 [0m0.980 ms - 11[0m
[0mGET / [32m200 [0m1.060 ms - 11[0m
[0mGET / [32m200 [0m0.359 ms - 11[0m
[0mGET / [32m200 [0m5.235 ms - 11[0m
[0mGET / [32m200 [0m10.243 ms - 11[0m
[0mGET / [32m200 [0m5.228 ms - 11[0m
[0mGET / [32m200 [0m0.318 ms - 11[0m
[0mGET / [32m200 [0m10.300 ms - 11[0m
[0mGET / [32m200 [0m0.855 ms - 11[0m
[0mGET / [32m200 [0m3.751 ms - 11[0m
[0mGET / [32m200 [0m0.542 ms - 11[0m
[0mGET / [32m200 [0m13.122 ms - 11[0m
[0mGET / [32m200 [0m0.777 ms - 11[0m
[0mGET / [32m200 [0m1.440 ms - 11[0m
[0mGET / [32m200 [0m0.477 ms - 11[0m
[0mGET / [32m200 [0m7.377 ms - 11[0m
[0mGET / [32m200 [0m0.808 ms - 11[0m
[0mGET / [32m200 [0m5.049 ms - 11[0m
[0mGET / [32m200 [0m0.883 ms - 11[0m
[0mGET / [32m200 [0m4.286 ms - 11[0m
[0mGET / [32m200 [0m0.383 ms - 11[0m
[0mGET / [32m200 [0m0.532 ms - 11[0m
[0mGET / [32m200 [0m0.754 ms - 11[0m
[0mGET / [32m200 [0m5.288 ms - 11[0m
[0mGET / [32m200 [0m0.633 ms - 11[0m
[0mGET / [32m200 [0m1.027 ms - 11[0m
[0mGET / [32m200 [0m0.346 ms - 11[0m
[0mGET / [32m200 [0m6.825 ms - 11[0m
[0mGET / [32m200 [0m0.491 ms - 11[0m
[0mGET / [32m200 [0m0.427 ms - 11[0m
[0mGET / [32m200 [0m0.530 ms - 11[0m
[0mGET / [32m200 [0m6.971 ms - 11[0m
[0mGET / [32m200 [0m1.148 ms - 11[0m
[0mGET / [32m200 [0m11.405 ms - 11[0m
[0mGET / [32m200 [0m0.310 ms - 11[0m
[0mGET / [32m200 [0m5.529 ms - 11[0m
[0mGET / [32m200 [0m0.345 ms - 11[0m
[0mGET / [32m200 [0m0.707 ms - 11[0m
[0mGET / [32m200 [0m0.620 ms - 11[0m
[0mGET / [32m200 [0m4.230 ms - 11[0m
[0mGET / [32m200 [0m2.482 ms - 11[0m
[0mGET / [32m200 [0m4.472 ms - 11[0m
[0mGET / [32m200 [0m2.758 ms - 11[0m
[0mGET / [32m200 [0m20.167 ms - 11[0m
[0mGET / [32m200 [0m0.768 ms - 11[0m
[0mGET / [32m200 [0m1.153 ms - 11[0m
[0mGET / [32m200 [0m2.722 ms - 11[0m
[0mGET / [32m200 [0m7.517 ms - 11[0m
[0mGET / [32m200 [0m2.042 ms - 11[0m
[0mGET / [32m200 [0m3.949 ms - 11[0m
[0mGET / [32m200 [0m0.471 ms - 11[0m
[0mGET / [32m200 [0m4.903 ms - 11[0m
[0mGET / [32m200 [0m0.394 ms - 11[0m
[0mGET / [32m200 [0m1.495 ms - 11[0m
[0mGET / [32m200 [0m0.751 ms - 11[0m
[0mGET / [32m200 [0m5.538 ms - 11[0m
[0mGET / [32m200 [0m13.393 ms - 11[0m
[0mGET / [32m200 [0m6.885 ms - 11[0m
[0mGET / [32m200 [0m2.241 ms - 11[0m
[0mGET / [32m200 [0m2.883 ms - 11[0m
[0mGET / [32m200 [0m3.857 ms - 11[0m
[0mGET / [32m200 [0m6.894 ms - 11[0m
[0mGET / [32m200 [0m0.802 ms - 11[0m
[0mGET / [32m200 [0m0.442 ms - 11[0m
[0mGET / [32m200 [0m1.758 ms - 11[0m
[0mGET / [32m200 [0m1.000 ms - 11[0m
[0mGET / [32m200 [0m0.958 ms - 11[0m
[0mGET / [32m200 [0m0.483 ms - 11[0m
[0mGET / [32m200 [0m0.496 ms - 11[0m
[0mGET / [32m200 [0m10.631 ms - 11[0m
[0mGET / [32m200 [0m0.334 ms - 11[0m
[0mGET / [32m200 [0m9.499 ms - 11[0m
[0mGET / [32m200 [0m0.856 ms - 11[0m
[0mGET / [32m200 [0m1.994 ms - 11[0m
[0mGET / [32m200 [0m0.354 ms - 11[0m
[0mGET / [32m200 [0m4.893 ms - 11[0m
[0mGET / [32m200 [0m1.917 ms - 11[0m
[0mGET / [32m200 [0m0.797 ms - 11[0m
[0mGET / [32m200 [0m8.144 ms - 11[0m
[0mGET / [32m200 [0m5.816 ms - 11[0m
[0mGET / [32m200 [0m0.945 ms - 11[0m
[0mGET / [32m200 [0m11.986 ms - 11[0m
[0mGET / [32m200 [0m0.893 ms - 11[0m
[0mGET / [32m200 [0m13.375 ms - 11[0m
[0mGET / [32m200 [0m7.109 ms - 11[0m
[0mGET / [32m200 [0m3.574 ms - 11[0m
[0mGET / [32m200 [0m0.309 ms - 11[0m
[0mGET / [32m200 [0m2.966 ms - 11[0m
[0mGET / [32m200 [0m3.502 ms - 11[0m
[0mGET / [32m200 [0m3.131 ms - 11[0m
[0mGET / [32m200 [0m0.326 ms - 11[0m
[0mGET / [32m200 [0m16.808 ms - 11[0m
[0mGET / [32m200 [0m12.950 ms - 11[0m
[0mGET / [32m200 [0m5.957 ms - 11[0m
[0mGET / [32m200 [0m0.282 ms - 11[0m
[0mGET / [32m200 [0m3.312 ms - 11[0m
[0mGET / [32m200 [0m1.118 ms - 11[0m
[0mGET / [32m200 [0m0.650 ms - 11[0m
[0mGET / [32m200 [0m2.047 ms - 11[0m
[0mGET / [32m200 [0m14.337 ms - 11[0m
[0mGET / [32m200 [0m1.592 ms - 11[0m
[0mGET / [32m200 [0m5.568 ms - 11[0m
[0mGET / [32m200 [0m0.774 ms - 11[0m
[0mGET / [32m200 [0m7.668 ms - 11[0m
[0mGET / [32m200 [0m1.215 ms - 11[0m
[0mGET / [32m200 [0m3.610 ms - 11[0m
[0mGET / [32m200 [0m9.868 ms - 11[0m
[0mGET / [32m200 [0m6.349 ms - 11[0m
[0mGET / [32m200 [0m4.637 ms - 11[0m
[0mGET / [32m200 [0m0.842 ms - 11[0m
[0mGET / [32m200 [0m6.546 ms - 11[0m
[0mGET / [32m200 [0m0.810 ms - 11[0m
[0mGET / [32m200 [0m36.540 ms - 11[0m
[0mGET / [32m200 [0m5.898 ms - 11[0m
[0mGET / [32m200 [0m1.199 ms - 11[0m
[0mGET / [32m200 [0m8.486 ms - 11[0m
[0mGET / [32m200 [0m0.804 ms - 11[0m
[0mGET / [32m200 [0m3.558 ms - 11[0m
[0mGET / [32m200 [0m0.333 ms - 11[0m
[0mGET / [32m200 [0m2.696 ms - 11[0m
[0mGET / [32m200 [0m1.567 ms - 11[0m
[0mGET / [32m200 [0m4.231 ms - 11[0m
[0mGET / [32m200 [0m0.706 ms - 11[0m
[0mGET / [32m200 [0m5.502 ms - 11[0m
[0mGET / [32m200 [0m3.327 ms - 11[0m
[0mGET / [32m200 [0m1.995 ms - 11[0m
[0mGET / [32m200 [0m0.463 ms - 11[0m
[0mGET / [32m200 [0m3.008 ms - 11[0m
[0mGET / [32m200 [0m2.290 ms - 11[0m
[0mGET / [32m200 [0m2.111 ms - 11[0m
[0mGET / [32m200 [0m5.196 ms - 11[0m
[0mGET / [32m200 [0m5.274 ms - 11[0m
[0mGET / [32m200 [0m13.423 ms - 11[0m
[0mGET / [32m200 [0m7.022 ms - 11[0m
[0mGET / [32m200 [0m0.932 ms - 11[0m
[0mGET / [32m200 [0m2.540 ms - 11[0m
[0mGET / [32m200 [0m3.238 ms - 11[0m
[0mGET / [32m200 [0m3.487 ms - 11[0m
[0mGET / [32m200 [0m2.061 ms - 11[0m
[0mGET / [32m200 [0m14.762 ms - 11[0m
[0mGET / [32m200 [0m7.150 ms - 11[0m
[0mGET / [32m200 [0m1.985 ms - 11[0m
[0mGET / [32m200 [0m0.373 ms - 11[0m
[0mGET / [32m200 [0m13.877 ms - 11[0m
[0mGET / [32m200 [0m14.437 ms - 11[0m
[0mGET / [32m200 [0m2.957 ms - 11[0m
[0mGET / [32m200 [0m0.438 ms - 11[0m
[0mGET / [32m200 [0m8.796 ms - 11[0m
[0mGET / [32m200 [0m0.517 ms - 11[0m
[0mGET / [32m200 [0m2.902 ms - 11[0m
[0mGET / [32m200 [0m2.942 ms - 11[0m
[0mGET / [32m200 [0m6.027 ms - 11[0m
[0mGET / [32m200 [0m1.363 ms - 11[0m
[0mGET / [32m200 [0m6.123 ms - 11[0m
[0mGET / [32m200 [0m0.341 ms - 11[0m
[0mGET / [32m200 [0m5.694 ms - 11[0m
[0mGET / [32m200 [0m11.282 ms - 11[0m
[0mGET / [32m200 [0m4.728 ms - 11[0m
[0mGET / [32m200 [0m5.288 ms - 11[0m
[0mGET / [32m200 [0m14.172 ms - 11[0m
[0mGET / [32m200 [0m11.355 ms - 11[0m
[0mGET / [32m200 [0m11.789 ms - 11[0m
[0mGET / [32m200 [0m12.006 ms - 11[0m
[0mGET / [32m200 [0m4.021 ms - 11[0m
[0mGET / [32m200 [0m0.338 ms - 11[0m
[0mGET / [32m200 [0m13.139 ms - 11[0m
[0mGET / [32m200 [0m8.218 ms - 11[0m
[0mGET / [32m200 [0m9.199 ms - 11[0m
[0mGET / [32m200 [0m9.166 ms - 11[0m
[0mGET / [32m200 [0m2.667 ms - 11[0m
[0mGET / [32m200 [0m0.497 ms - 11[0m
[0mGET / [32m200 [0m6.102 ms - 11[0m
[0mGET / [32m200 [0m0.419 ms - 11[0m
[0mGET / [32m200 [0m1.793 ms - 11[0m
[0mGET / [32m200 [0m1.767 ms - 11[0m
[0mGET / [32m200 [0m11.144 ms - 11[0m
[0mGET / [32m200 [0m0.857 ms - 11[0m
[0mGET / [32m200 [0m16.556 ms - 11[0m
[0mGET / [32m200 [0m14.763 ms - 11[0m
[0mGET / [32m200 [0m2.621 ms - 11[0m
[0mGET / [32m200 [0m0.388 ms - 11[0m
[0mGET / [32m200 [0m7.032 ms - 11[0m
[0mGET / [32m200 [0m0.939 ms - 11[0m
[0mGET / [32m200 [0m7.140 ms - 11[0m
[0mGET / [32m200 [0m0.914 ms - 11[0m
[0mGET / [32m200 [0m0.357 ms - 11[0m
[0mGET / [32m200 [0m4.605 ms - 11[0m
[0mGET / [32m200 [0m9.545 ms - 11[0m
[0mGET / [32m200 [0m0.894 ms - 11[0m
[0mGET / [32m200 [0m2.788 ms - 11[0m
[0mGET / [32m200 [0m0.334 ms - 11[0m
[0mGET / [32m200 [0m6.966 ms - 11[0m
[0mGET / [32m200 [0m0.964 ms - 11[0m
[0mGET / [32m200 [0m14.188 ms - 11[0m
[0mGET / [32m200 [0m8.841 ms - 11[0m
[0mGET / [32m200 [0m1.667 ms - 11[0m
[0mGET / [32m200 [0m7.665 ms - 11[0m
[0mGET / [32m200 [0m4.362 ms - 11[0m
[0mGET / [32m200 [0m1.838 ms - 11[0m
[0mGET / [32m200 [0m2.686 ms - 11[0m
[0mGET / [32m200 [0m0.878 ms - 11[0m
[0mGET / [32m200 [0m4.094 ms - 11[0m
[0mGET / [32m200 [0m0.949 ms - 11[0m
[0mGET / [32m200 [0m3.162 ms - 11[0m
[0mGET / [32m200 [0m2.508 ms - 11[0m
[0mGET / [32m200 [0m0.486 ms - 11[0m
[0mGET / [32m200 [0m5.966 ms - 11[0m
[0mGET / [32m200 [0m3.195 ms - 11[0m
[0mGET / [32m200 [0m0.370 ms - 11[0m
[0mGET / [32m200 [0m1.497 ms - 11[0m
[0mGET / [32m200 [0m5.177 ms - 11[0m
[0mGET / [32m200 [0m4.478 ms - 11[0m
[0mGET / [32m200 [0m0.325 ms - 11[0m
[0mGET / [32m200 [0m1.028 ms - 11[0m
[0mGET / [32m200 [0m0.308 ms - 11[0m
[0mGET / [32m200 [0m12.818 ms - 11[0m
[0mGET / [32m200 [0m6.420 ms - 11[0m
[0mGET / [32m200 [0m3.853 ms - 11[0m
[0mGET / [32m200 [0m0.980 ms - 11[0m
[0mGET / [32m200 [0m10.055 ms - 11[0m
[0mGET / [32m200 [0m4.995 ms - 11[0m
[0mGET / [32m200 [0m2.425 ms - 11[0m
[0mGET / [32m200 [0m0.961 ms - 11[0m
[0mGET / [32m200 [0m9.979 ms - 11[0m
[0mGET / [32m200 [0m6.346 ms - 11[0m
[0mGET / [32m200 [0m0.503 ms - 11[0m
[0mGET / [32m200 [0m1.659 ms - 11[0m
[0mGET / [32m200 [0m6.688 ms - 11[0m
[0mGET / [32m200 [0m2.980 ms - 11[0m
[0mGET / [32m200 [0m1.782 ms - 11[0m
[0mGET / [32m200 [0m4.409 ms - 11[0m
[0mGET / [32m200 [0m12.036 ms - 11[0m
[0mGET / [32m200 [0m6.122 ms - 11[0m
[0mGET / [32m200 [0m1.961 ms - 11[0m
[0mGET / [32m200 [0m0.251 ms - 11[0m
[0mGET / [32m200 [0m1.741 ms - 11[0m
[0mGET / [32m200 [0m0.909 ms - 11[0m
[0mGET / [32m200 [0m0.320 ms - 11[0m
[0mGET / [32m200 [0m0.331 ms - 11[0m
[0mGET / [32m200 [0m4.991 ms - 11[0m
[0mGET / [32m200 [0m1.092 ms - 11[0m
[0mGET / [32m200 [0m1.531 ms - 11[0m
[0mGET / [32m200 [0m0.652 ms - 11[0m
[0mGET / [32m200 [0m12.499 ms - 11[0m
[0mGET / [32m200 [0m7.117 ms - 11[0m
[0mGET / [32m200 [0m3.658 ms - 11[0m
[0mGET / [32m200 [0m0.290 ms - 11[0m
[0mGET / [32m200 [0m5.043 ms - 11[0m
[0mGET / [32m200 [0m0.357 ms - 11[0m
[0mGET / [32m200 [0m3.752 ms - 11[0m
[0mGET / [32m200 [0m0.332 ms - 11[0m
[0mGET / [32m200 [0m10.190 ms - 11[0m
[0mGET / [32m200 [0m3.190 ms - 11[0m
[0mGET / [32m200 [0m2.417 ms - 11[0m
[0mGET / [32m200 [0m0.375 ms - 11[0m
[0mGET / [32m200 [0m5.043 ms - 11[0m
[0mGET / [32m200 [0m0.314 ms - 11[0m
[0mGET / [32m200 [0m1.015 ms - 11[0m
[0mGET / [32m200 [0m3.392 ms - 11[0m
[0mGET / [32m200 [0m12.451 ms - 11[0m
[0mGET / [32m200 [0m8.257 ms - 11[0m
[0mGET / [32m200 [0m1.000 ms - 11[0m
[0mGET / [32m200 [0m0.467 ms - 11[0m
[0mGET / [32m200 [0m11.107 ms - 11[0m
[0mGET / [32m200 [0m5.431 ms - 11[0m
[0mGET / [32m200 [0m0.448 ms - 11[0m
[0mGET / [32m200 [0m0.320 ms - 11[0m
[0mGET / [32m200 [0m3.715 ms - 11[0m
[0mGET / [32m200 [0m1.778 ms - 11[0m
[0mGET / [32m200 [0m1.539 ms - 11[0m
[0mGET / [32m200 [0m3.767 ms - 11[0m
[0mGET / [32m200 [0m9.142 ms - 11[0m
[0mGET / [32m200 [0m3.897 ms - 11[0m
[0mGET / [32m200 [0m5.240 ms - 11[0m
[0mGET / [32m200 [0m4.163 ms - 11[0m
[0mGET / [32m200 [0m1.008 ms - 11[0m
[0mGET / [32m200 [0m1.310 ms - 11[0m
[0mGET / [32m200 [0m1.348 ms - 11[0m
[0mGET / [32m200 [0m1.926 ms - 11[0m
[0mGET / [32m200 [0m6.351 ms - 11[0m
[0mGET / [32m200 [0m0.288 ms - 11[0m
[0mGET / [32m200 [0m0.311 ms - 11[0m
[0mGET / [32m200 [0m0.352 ms - 11[0m
[0mGET / [32m200 [0m5.394 ms - 11[0m
[0mGET / [32m200 [0m1.915 ms - 11[0m
[0mGET / [32m200 [0m0.563 ms - 11[0m
[0mGET / [32m200 [0m0.326 ms - 11[0m
[0mGET / [32m200 [0m6.252 ms - 11[0m
[0mGET / [32m200 [0m4.915 ms - 11[0m
[0mGET / [32m200 [0m2.645 ms - 11[0m
[0mGET / [32m200 [0m4.910 ms - 11[0m
[0mGET / [32m200 [0m9.303 ms - 11[0m
[0mGET / [32m200 [0m0.297 ms - 11[0m
[0mGET / [32m200 [0m2.025 ms - 11[0m
[0mGET / [32m200 [0m3.744 ms - 11[0m
[0mGET / [32m200 [0m11.116 ms - 11[0m
[0mGET / [32m200 [0m5.610 ms - 11[0m
[0mGET / [32m200 [0m0.454 ms - 11[0m
[0mGET / [32m200 [0m3.230 ms - 11[0m
[0mGET / [32m200 [0m2.059 ms - 11[0m
[0mGET / [32m200 [0m2.810 ms - 11[0m
[0mGET / [32m200 [0m7.093 ms - 11[0m
[0mGET / [32m200 [0m0.352 ms - 11[0m
[0mGET / [32m200 [0m12.384 ms - 11[0m
[0mGET / [32m200 [0m7.257 ms - 11[0m
[0mGET / [32m200 [0m3.104 ms - 11[0m
[0mGET / [32m200 [0m0.341 ms - 11[0m
[0mGET / [32m200 [0m8.160 ms - 11[0m
[0mGET / [32m200 [0m0.755 ms - 11[0m
[0mGET / [32m200 [0m2.730 ms - 11[0m
[0mGET / [32m200 [0m0.283 ms - 11[0m
[0mGET / [32m200 [0m0.314 ms - 11[0m
[0mGET / [32m200 [0m1.220 ms - 11[0m
[0mGET / [32m200 [0m3.887 ms - 11[0m
[0mGET / [32m200 [0m0.389 ms - 11[0m
[0mGET / [32m200 [0m0.434 ms - 11[0m
[0mGET / [32m200 [0m0.338 ms - 11[0m
[0mGET / [32m200 [0m2.451 ms - 11[0m
[0mGET / [32m200 [0m0.292 ms - 11[0m
[0mGET / [32m200 [0m0.881 ms - 11[0m
[0mGET / [32m200 [0m0.741 ms - 11[0m
[0mGET / [32m200 [0m6.312 ms - 11[0m
[0mGET / [32m200 [0m0.408 ms - 11[0m
[0mGET / [32m200 [0m5.804 ms - 11[0m
[0mGET / [32m200 [0m0.336 ms - 11[0m
[0mGET / [32m200 [0m5.452 ms - 11[0m
[0mGET / [32m200 [0m0.737 ms - 11[0m
[0mGET / [32m200 [0m3.796 ms - 11[0m
[0mGET / [32m200 [0m2.381 ms - 11[0m
[0mGET / [32m200 [0m10.808 ms - 11[0m
[0mGET / [32m200 [0m4.364 ms - 11[0m
[0mGET / [32m200 [0m6.735 ms - 11[0m
[0mGET / [32m200 [0m0.393 ms - 11[0m
[0mGET / [32m200 [0m4.818 ms - 11[0m
[0mGET / [32m200 [0m2.159 ms - 11[0m
[0mGET / [32m200 [0m5.410 ms - 11[0m
[0mGET / [32m200 [0m0.393 ms - 11[0m
[0mGET / [32m200 [0m3.503 ms - 11[0m
[0mGET / [32m200 [0m0.343 ms - 11[0m
[0mGET / [32m200 [0m0.471 ms - 11[0m
[0mGET / [32m200 [0m1.230 ms - 11[0m
[0mGET / [32m200 [0m9.584 ms - 11[0m
[0mGET / [32m200 [0m2.286 ms - 11[0m
[0mGET / [32m200 [0m11.352 ms - 11[0m
[0mGET / [32m200 [0m7.469 ms - 11[0m
[0mGET / [32m200 [0m5.175 ms - 11[0m
[0mGET / [32m200 [0m0.300 ms - 11[0m
[0mGET / [32m200 [0m11.354 ms - 11[0m
[0mGET / [32m200 [0m8.074 ms - 11[0m
[0mGET / [32m200 [0m3.107 ms - 11[0m
[0mGET / [32m200 [0m0.332 ms - 11[0m
[0mGET / [32m200 [0m8.550 ms - 11[0m
[0mGET / [32m200 [0m0.944 ms - 11[0m
[0mGET / [32m200 [0m2.060 ms - 11[0m
[0mGET / [32m200 [0m1.327 ms - 11[0m
[0mGET / [32m200 [0m0.364 ms - 11[0m
[0mGET / [32m200 [0m0.374 ms - 11[0m
[0mGET / [32m200 [0m1.422 ms - 11[0m
[0mGET / [32m200 [0m1.949 ms - 11[0m
[0mGET / [32m200 [0m14.720 ms - 11[0m
[0mGET / [32m200 [0m6.168 ms - 11[0m
[0mGET / [32m200 [0m0.797 ms - 11[0m
[0mGET / [32m200 [0m9.113 ms - 11[0m
[0mGET / [32m200 [0m4.125 ms - 11[0m
[0mGET / [32m200 [0m0.319 ms - 11[0m
[0mGET / [32m200 [0m2.172 ms - 11[0m
[0mGET / [32m200 [0m1.606 ms - 11[0m
[0mGET / [32m200 [0m5.444 ms - 11[0m
[0mGET / [32m200 [0m0.377 ms - 11[0m
[0mGET / [32m200 [0m3.322 ms - 11[0m
[0mGET / [32m200 [0m0.454 ms - 11[0m
[0mGET / [32m200 [0m6.669 ms - 11[0m
[0mGET / [32m200 [0m11.203 ms - 11[0m
[0mGET / [32m200 [0m8.809 ms - 11[0m
[0mGET / [32m200 [0m0.916 ms - 11[0m
[0mGET / [32m200 [0m2.432 ms - 11[0m
[0mGET / [32m200 [0m1.143 ms - 11[0m
[0mGET / [32m200 [0m11.106 ms - 11[0m
[0mGET / [32m200 [0m7.862 ms - 11[0m
[0mGET / [32m200 [0m8.333 ms - 11[0m
[0mGET / [32m200 [0m0.410 ms - 11[0m
[0mGET / [32m200 [0m1.580 ms - 11[0m
[0mGET / [32m200 [0m5.063 ms - 11[0m
[0mGET / [32m200 [0m12.415 ms - 11[0m
[0mGET / [32m200 [0m6.899 ms - 11[0m
[0mGET / [32m200 [0m5.589 ms - 11[0m
[0mGET / [32m200 [0m0.438 ms - 11[0m
[0mGET / [32m200 [0m2.457 ms - 11[0m
[0mGET / [32m200 [0m2.351 ms - 11[0m
[0mGET / [32m200 [0m6.886 ms - 11[0m
[0mGET / [32m200 [0m1.236 ms - 11[0m
[0mGET / [32m200 [0m10.234 ms - 11[0m
[0mGET / [32m200 [0m10.542 ms - 11[0m
[0mGET / [32m200 [0m11.341 ms - 11[0m
[0mGET / [32m200 [0m0.377 ms - 11[0m
[0mGET / [32m200 [0m2.646 ms - 11[0m
[0mGET / [32m200 [0m1.223 ms - 11[0m
[0mGET / [32m200 [0m141.989 ms - 11[0m
[0mGET / [32m200 [0m4.442 ms - 11[0m
[0mGET / [32m200 [0m0.709 ms - 11[0m
[0mGET / [32m200 [0m7.902 ms - 11[0m
[0mGET / [32m200 [0m21.700 ms - 11[0m
[0mGET / [32m200 [0m30.055 ms - 11[0m
[0mGET / [32m200 [0m0.695 ms - 11[0m
[0mGET / [32m200 [0m1.152 ms - 11[0m
[0mGET / [32m200 [0m3.886 ms - 11[0m
[0mGET / [32m200 [0m4.354 ms - 11[0m
[0mGET / [32m200 [0m15.731 ms - 11[0m
[0mGET / [32m200 [0m8.849 ms - 11[0m
[0mGET / [32m200 [0m8.591 ms - 11[0m
[0mGET / [32m200 [0m6.134 ms - 11[0m
[0mGET / [32m200 [0m5.069 ms - 11[0m
[0mGET / [32m200 [0m6.697 ms - 11[0m
[0mGET / [32m200 [0m8.175 ms - 11[0m
[0mGET / [32m200 [0m2.239 ms - 11[0m
[0mGET / [32m200 [0m3.516 ms - 11[0m
[0mGET / [32m200 [0m3.328 ms - 11[0m
[0mGET / [32m200 [0m2.140 ms - 11[0m
[0mGET / [32m200 [0m0.386 ms - 11[0m
[0mGET / [32m200 [0m11.744 ms - 11[0m
[0mGET / [32m200 [0m0.318 ms - 11[0m
[0mGET / [32m200 [0m5.429 ms - 11[0m
[0mGET / [32m200 [0m0.353 ms - 11[0m
[0mGET / [32m200 [0m9.861 ms - 11[0m
[0mGET / [32m200 [0m0.881 ms - 11[0m
[0mGET / [32m200 [0m19.026 ms - 11[0m
[0mGET / [32m200 [0m18.991 ms - 11[0m
[0mGET / [32m200 [0m10.107 ms - 11[0m
[0mGET / [32m200 [0m5.048 ms - 11[0m
[0mGET / [32m200 [0m9.928 ms - 11[0m
[0mGET / [32m200 [0m0.779 ms - 11[0m
[0mGET / [32m200 [0m3.573 ms - 11[0m
[0mGET / [32m200 [0m1.015 ms - 11[0m
[0mGET / [32m200 [0m7.477 ms - 11[0m
[0mGET / [32m200 [0m0.335 ms - 11[0m
[0mGET / [32m200 [0m8.661 ms - 11[0m
[0mGET / [32m200 [0m0.282 ms - 11[0m
[0mGET / [32m200 [0m5.589 ms - 11[0m
[0mGET / [32m200 [0m0.504 ms - 11[0m
[0mGET / [32m200 [0m9.659 ms - 11[0m
[0mGET / [32m200 [0m6.073 ms - 11[0m
[0mGET / [32m200 [0m9.500 ms - 11[0m
[0mGET / [32m200 [0m0.432 ms - 11[0m
[0mGET / [32m200 [0m13.705 ms - 11[0m
[0mGET / [32m200 [0m11.020 ms - 11[0m
[0mGET / [32m200 [0m3.890 ms - 11[0m
[0mGET / [32m200 [0m2.496 ms - 11[0m
[0mGET / [32m200 [0m8.725 ms - 11[0m
[0mGET / [32m200 [0m0.791 ms - 11[0m
[0mGET / [32m200 [0m8.642 ms - 11[0m
[0mGET / [32m200 [0m8.480 ms - 11[0m
[0mGET / [32m200 [0m13.430 ms - 11[0m
[0mGET / [32m200 [0m1.373 ms - 11[0m
[0mGET / [32m200 [0m9.247 ms - 11[0m
[0mGET / [32m200 [0m0.334 ms - 11[0m
[0mGET / [32m200 [0m13.080 ms - 11[0m
[0mGET / [32m200 [0m9.857 ms - 11[0m
[0mGET / [32m200 [0m7.523 ms - 11[0m
[0mGET / [32m200 [0m0.713 ms - 11[0m
[0mGET / [32m200 [0m4.950 ms - 11[0m
[0mGET / [32m200 [0m1.214 ms - 11[0m
[0mGET / [32m200 [0m6.723 ms - 11[0m
[0mGET / [32m200 [0m9.346 ms - 11[0m
[0mGET / [32m200 [0m6.423 ms - 11[0m
[0mGET / [32m200 [0m0.332 ms - 11[0m
[0mGET / [32m200 [0m8.796 ms - 11[0m
[0mGET / [32m200 [0m0.425 ms - 11[0m
[0mGET / [32m200 [0m5.601 ms - 11[0m
[0mGET / [32m200 [0m0.299 ms - 11[0m
[0mGET / [32m200 [0m7.783 ms - 11[0m
[0mGET / [32m200 [0m0.447 ms - 11[0m
[0mGET / [32m200 [0m3.007 ms - 11[0m
[0mGET / [32m200 [0m6.309 ms - 11[0m
[0mGET / [32m200 [0m8.857 ms - 11[0m
[0mGET / [32m200 [0m7.518 ms - 11[0m
[0mGET / [32m200 [0m9.699 ms - 11[0m
[0mGET / [32m200 [0m4.505 ms - 11[0m
[0mGET / [32m200 [0m6.915 ms - 11[0m
[0mGET / [32m200 [0m0.745 ms - 11[0m
[0mGET / [32m200 [0m0.980 ms - 11[0m
[0mGET / [32m200 [0m0.352 ms - 11[0m
[0mGET / [32m200 [0m7.151 ms - 11[0m
[0mGET / [32m200 [0m1.211 ms - 11[0m
[0mGET / [32m200 [0m7.047 ms - 11[0m
[0mGET / [32m200 [0m0.840 ms - 11[0m
[0mGET / [32m200 [0m5.018 ms - 11[0m
[0mGET / [32m200 [0m8.902 ms - 11[0m
[0mGET / [32m200 [0m6.190 ms - 11[0m
[0mGET / [32m200 [0m10.571 ms - 11[0m
[0mGET / [32m200 [0m2.795 ms - 11[0m
[0mGET / [32m200 [0m0.603 ms - 11[0m
[0mGET / [32m200 [0m13.693 ms - 11[0m
[0mGET / [32m200 [0m12.880 ms - 11[0m
[0mGET / [32m200 [0m7.976 ms - 11[0m
[0mGET / [32m200 [0m9.351 ms - 11[0m
[0mGET / [32m200 [0m4.687 ms - 11[0m
[0mGET / [32m200 [0m0.326 ms - 11[0m
[0mGET / [32m200 [0m0.347 ms - 11[0m
[0mGET / [32m200 [0m0.426 ms - 11[0m
[0mGET / [32m200 [0m5.654 ms - 11[0m
[0mGET / [32m200 [0m13.932 ms - 11[0m
[0mGET / [32m200 [0m0.417 ms - 11[0m
[0mGET / [32m200 [0m0.945 ms - 11[0m
[0mGET / [32m200 [0m0.486 ms - 11[0m
[0mGET / [32m200 [0m3.486 ms - 11[0m
[0mGET / [32m200 [0m7.843 ms - 11[0m
[0mGET / [32m200 [0m0.641 ms - 11[0m
[0mGET / [32m200 [0m9.251 ms - 11[0m
[0mGET / [32m200 [0m0.769 ms - 11[0m
[0mGET / [32m200 [0m1.565 ms - 11[0m
[0mGET / [32m200 [0m0.412 ms - 11[0m
[0mGET / [32m200 [0m2.107 ms - 11[0m
[0mGET / [32m200 [0m0.447 ms - 11[0m
[0mGET / [32m200 [0m1.410 ms - 11[0m
[0mGET / [32m200 [0m0.475 ms - 11[0m
[0mGET / [32m200 [0m11.543 ms - 11[0m
[0mGET / [32m200 [0m11.790 ms - 11[0m
[0mGET / [32m200 [0m2.102 ms - 11[0m
[0mGET / [32m200 [0m0.339 ms - 11[0m
[0mGET / [32m200 [0m13.507 ms - 11[0m
[0mGET / [32m200 [0m16.003 ms - 11[0m
[0mGET / [32m200 [0m2.141 ms - 11[0m
[0mGET / [32m200 [0m0.963 ms - 11[0m
[0mGET / [32m200 [0m6.121 ms - 11[0m
[0mGET / [32m200 [0m2.830 ms - 11[0m
[0mGET / [32m200 [0m7.694 ms - 11[0m
[0mGET / [32m200 [0m0.289 ms - 11[0m
[0mGET / [32m200 [0m6.472 ms - 11[0m
[0mGET / [32m200 [0m0.796 ms - 11[0m
[0mGET / [32m200 [0m5.857 ms - 11[0m
[0mGET / [32m200 [0m1.100 ms - 11[0m
[0mGET / [32m200 [0m14.845 ms - 11[0m
[0mGET / [32m200 [0m1.520 ms - 11[0m
[0mGET / [32m200 [0m12.784 ms - 11[0m
[0mGET / [32m200 [0m7.723 ms - 11[0m
[0mGET / [32m200 [0m2.703 ms - 11[0m
[0mGET / [32m200 [0m1.447 ms - 11[0m
[0mGET / [32m200 [0m5.301 ms - 11[0m
[0mGET / [32m200 [0m0.920 ms - 11[0m
[0mGET / [32m200 [0m5.708 ms - 11[0m
[0mGET / [32m200 [0m0.886 ms - 11[0m
[0mGET / [32m200 [0m3.090 ms - 11[0m
[0mGET / [32m200 [0m1.488 ms - 11[0m
[0mGET / [32m200 [0m0.917 ms - 11[0m
[0mGET / [32m200 [0m0.425 ms - 11[0m
[0mGET / [32m200 [0m11.490 ms - 11[0m
[0mGET / [32m200 [0m0.349 ms - 11[0m
[0mGET / [32m200 [0m14.548 ms - 11[0m
[0mGET / [32m200 [0m10.909 ms - 11[0m
[0mGET / [32m200 [0m3.704 ms - 11[0m
[0mGET / [32m200 [0m2.968 ms - 11[0m
[0mGET / [32m200 [0m9.831 ms - 11[0m
[0mGET / [32m200 [0m0.301 ms - 11[0m
[0mGET / [32m200 [0m3.784 ms - 11[0m
[0mGET / [32m200 [0m2.181 ms - 11[0m
[0mGET / [32m200 [0m3.341 ms - 11[0m
[0mGET / [32m200 [0m0.437 ms - 11[0m
[0mGET / [32m200 [0m0.683 ms - 11[0m
[0mGET / [32m200 [0m0.410 ms - 11[0m
[0mGET / [32m200 [0m7.892 ms - 11[0m
[0mGET / [32m200 [0m0.960 ms - 11[0m
[0mGET / [32m200 [0m1.894 ms - 11[0m
[0mGET / [32m200 [0m0.635 ms - 11[0m
[0mGET / [32m200 [0m7.279 ms - 11[0m
[0mGET / [32m200 [0m1.319 ms - 11[0m
[0mGET / [32m200 [0m3.381 ms - 11[0m
[0mGET / [32m200 [0m1.821 ms - 11[0m
[0mGET / [32m200 [0m15.494 ms - 11[0m
[0mGET / [32m200 [0m0.618 ms - 11[0m
[0mGET / [32m200 [0m14.297 ms - 11[0m
[0mGET / [32m200 [0m6.064 ms - 11[0m
[0mGET / [32m200 [0m11.519 ms - 11[0m
[0mGET / [32m200 [0m11.765 ms - 11[0m
[0mGET / [32m200 [0m7.023 ms - 11[0m
[0mGET / [32m200 [0m7.212 ms - 11[0m
[0mGET / [32m200 [0m5.684 ms - 11[0m
[0mGET / [32m200 [0m12.580 ms - 11[0m
[0mGET / [32m200 [0m0.899 ms - 11[0m
[0mGET / [32m200 [0m0.782 ms - 11[0m
[0mGET / [32m200 [0m9.499 ms - 11[0m
[0mGET / [32m200 [0m9.435 ms - 11[0m
[0mGET / [32m200 [0m13.950 ms - 11[0m
[0mGET / [32m200 [0m9.715 ms - 11[0m
[0mGET / [32m200 [0m19.163 ms - 11[0m
[0mGET / [32m200 [0m12.266 ms - 11[0m
[0mGET / [32m200 [0m0.376 ms - 11[0m
[0mGET / [32m200 [0m5.935 ms - 11[0m
[0mGET / [32m200 [0m2.674 ms - 11[0m
[0mGET / [32m200 [0m2.895 ms - 11[0m
[0mGET / [32m200 [0m6.912 ms - 11[0m
[0mGET / [32m200 [0m0.832 ms - 11[0m
[0mGET / [32m200 [0m13.118 ms - 11[0m
[0mGET / [32m200 [0m13.191 ms - 11[0m
[0mGET / [32m200 [0m0.350 ms - 11[0m
[0mGET / [32m200 [0m0.693 ms - 11[0m
[0mGET / [32m200 [0m2.211 ms - 11[0m
[0mGET / [32m200 [0m3.172 ms - 11[0m
[0mGET / [32m200 [0m3.824 ms - 11[0m
[0mGET / [32m200 [0m0.320 ms - 11[0m
[0mGET / [32m200 [0m5.254 ms - 11[0m
[0mGET / [32m200 [0m13.012 ms - 11[0m
[0mGET / [32m200 [0m5.567 ms - 11[0m
[0mGET / [32m200 [0m9.665 ms - 11[0m
[0mGET / [32m200 [0m6.990 ms - 11[0m
[0mGET / [32m200 [0m7.278 ms - 11[0m
[0mGET / [32m200 [0m2.441 ms - 11[0m
[0mGET / [32m200 [0m2.129 ms - 11[0m
[0mGET / [32m200 [0m7.244 ms - 11[0m
[0mGET / [32m200 [0m11.686 ms - 11[0m
[0mGET / [32m200 [0m14.725 ms - 11[0m
[0mGET / [32m200 [0m6.354 ms - 11[0m
[0mGET / [32m200 [0m18.509 ms - 11[0m
[0mGET / [32m200 [0m0.481 ms - 11[0m
[0mGET / [32m200 [0m1.303 ms - 11[0m
[0mGET / [32m200 [0m3.243 ms - 11[0m
[0mGET / [32m200 [0m1.971 ms - 11[0m
[0mGET / [32m200 [0m2.833 ms - 11[0m
[0mGET / [32m200 [0m10.684 ms - 11[0m
[0mGET / [32m200 [0m8.591 ms - 11[0m
[0mGET / [32m200 [0m8.179 ms - 11[0m
[0mGET / [32m200 [0m11.825 ms - 11[0m
[0mGET / [32m200 [0m2.690 ms - 11[0m
[0mGET / [32m200 [0m1.000 ms - 11[0m
[0mGET / [32m200 [0m4.840 ms - 11[0m
[0mGET / [32m200 [0m0.523 ms - 11[0m
[0mGET / [32m200 [0m8.537 ms - 11[0m
[0mGET / [32m200 [0m3.880 ms - 11[0m
[0mGET / [32m200 [0m3.932 ms - 11[0m
[0mGET / [32m200 [0m0.835 ms - 11[0m
[0mGET / [32m200 [0m1.875 ms - 11[0m
[0mGET / [32m200 [0m0.343 ms - 11[0m
[0mGET / [32m200 [0m11.969 ms - 11[0m
[0mGET / [32m200 [0m6.967 ms - 11[0m
[0mGET / [32m200 [0m1.218 ms - 11[0m
[0mGET / [32m200 [0m7.785 ms - 11[0m
[0mGET / [32m200 [0m1.243 ms - 11[0m
[0mGET / [32m200 [0m0.352 ms - 11[0m
[0mGET / [32m200 [0m1.013 ms - 11[0m
[0mGET / [32m200 [0m4.763 ms - 11[0m
[0mGET / [32m200 [0m7.299 ms - 11[0m
[0mGET / [32m200 [0m2.919 ms - 11[0m
[0mGET / [32m200 [0m0.360 ms - 11[0m
[0mGET / [32m200 [0m6.766 ms - 11[0m
[0mGET / [32m200 [0m3.415 ms - 11[0m
[0mGET / [32m200 [0m1.153 ms - 11[0m
[0mGET / [32m200 [0m14.874 ms - 11[0m
[0mGET / [32m200 [0m0.458 ms - 11[0m
[0mGET / [32m200 [0m8.573 ms - 11[0m
[0mGET / [32m200 [0m0.981 ms - 11[0m
[0mGET / [32m200 [0m4.725 ms - 11[0m
[0mGET / [32m200 [0m0.413 ms - 11[0m
[0mGET / [32m200 [0m7.543 ms - 11[0m
[0mGET / [32m200 [0m0.941 ms - 11[0m
[0mGET / [32m200 [0m7.273 ms - 11[0m
[0mGET / [32m200 [0m0.407 ms - 11[0m
[0mGET / [32m200 [0m2.456 ms - 11[0m
[0mGET / [32m200 [0m0.888 ms - 11[0m
[0mGET / [32m200 [0m4.496 ms - 11[0m
[0mGET / [32m200 [0m3.692 ms - 11[0m
[0mGET / [32m200 [0m14.185 ms - 11[0m
[0mGET / [32m200 [0m11.986 ms - 11[0m
[0mGET / [32m200 [0m12.169 ms - 11[0m
[0mGET / [32m200 [0m0.348 ms - 11[0m
[0mGET / [32m200 [0m13.155 ms - 11[0m
[0mGET / [32m200 [0m3.984 ms - 11[0m
[0mGET / [32m200 [0m4.009 ms - 11[0m
[0mGET / [32m200 [0m8.319 ms - 11[0m
[0mGET / [32m200 [0m6.334 ms - 11[0m
[0mGET / [32m200 [0m0.340 ms - 11[0m
[0mGET / [32m200 [0m1.922 ms - 11[0m
[0mGET / [32m200 [0m1.940 ms - 11[0m
[0mGET / [32m200 [0m3.260 ms - 11[0m
[0mGET / [32m200 [0m0.480 ms - 11[0m
[0mGET / [32m200 [0m3.362 ms - 11[0m
[0mGET / [32m200 [0m0.356 ms - 11[0m
[0mGET / [32m200 [0m4.208 ms - 11[0m
[0mGET / [32m200 [0m0.510 ms - 11[0m
[0mGET / [32m200 [0m1.101 ms - 11[0m
[0mGET / [32m200 [0m2.033 ms - 11[0m
[0mGET / [32m200 [0m14.329 ms - 11[0m
[0mGET / [32m200 [0m14.392 ms - 11[0m
[0mGET / [32m200 [0m5.655 ms - 11[0m
[0mGET / [32m200 [0m0.419 ms - 11[0m
[0mGET / [32m200 [0m7.303 ms - 11[0m
[0mGET / [32m200 [0m0.805 ms - 11[0m
[0mGET / [32m200 [0m3.398 ms - 11[0m
[0mGET / [32m200 [0m0.357 ms - 11[0m
[0mGET / [32m200 [0m13.023 ms - 11[0m
[0mGET / [32m200 [0m8.721 ms - 11[0m
[0mGET / [32m200 [0m12.815 ms - 11[0m
[0mGET / [32m200 [0m1.485 ms - 11[0m
[0mGET / [32m200 [0m15.654 ms - 11[0m
[0mGET / [32m200 [0m0.489 ms - 11[0m
[0mGET / [32m200 [0m1.177 ms - 11[0m
[0mGET / [32m200 [0m1.083 ms - 11[0m
[0mGET / [32m200 [0m7.663 ms - 11[0m
[0mGET / [32m200 [0m0.837 ms - 11[0m
[0mGET / [32m200 [0m0.381 ms - 11[0m
[0mGET / [32m200 [0m0.377 ms - 11[0m
[0mGET / [32m200 [0m5.095 ms - 11[0m
[0mGET / [32m200 [0m1.868 ms - 11[0m
[0mGET / [32m200 [0m2.629 ms - 11[0m
[0mGET / [32m200 [0m1.680 ms - 11[0m
[0mGET / [32m200 [0m2.578 ms - 11[0m
[0mGET / [32m200 [0m1.446 ms - 11[0m
[0mGET / [32m200 [0m11.194 ms - 11[0m
[0mGET / [32m200 [0m0.969 ms - 11[0m
[0mGET / [32m200 [0m1.694 ms - 11[0m
[0mGET / [32m200 [0m2.437 ms - 11[0m
[0mGET / [32m200 [0m0.527 ms - 11[0m
[0mGET / [32m200 [0m0.345 ms - 11[0m
[0mGET / [32m200 [0m12.512 ms - 11[0m
[0mGET / [32m200 [0m7.612 ms - 11[0m
[0mGET / [32m200 [0m4.717 ms - 11[0m
[0mGET / [32m200 [0m4.302 ms - 11[0m
[0mGET / [32m200 [0m3.413 ms - 11[0m
[0mGET / [32m200 [0m0.456 ms - 11[0m
[0mGET / [32m200 [0m2.355 ms - 11[0m
[0mGET / [32m200 [0m3.422 ms - 11[0m
[0mGET / [32m200 [0m8.033 ms - 11[0m
[0mGET / [32m200 [0m0.812 ms - 11[0m
[0mGET / [32m200 [0m0.365 ms - 11[0m
[0mGET / [32m200 [0m4.130 ms - 11[0m
[0mGET / [32m200 [0m0.403 ms - 11[0m
[0mGET / [32m200 [0m0.385 ms - 11[0m
[0mGET / [32m200 [0m5.243 ms - 11[0m
[0mGET / [32m200 [0m2.016 ms - 11[0m
[0mGET / [32m200 [0m2.524 ms - 11[0m
[0mGET / [32m200 [0m0.352 ms - 11[0m
[0mGET / [32m200 [0m12.359 ms - 11[0m
[0mGET / [32m200 [0m0.710 ms - 11[0m
[0mGET / [32m200 [0m7.668 ms - 11[0m
[0mGET / [32m200 [0m4.831 ms - 11[0m
[0mGET / [32m200 [0m5.052 ms - 11[0m
[0mGET / [32m200 [0m1.321 ms - 11[0m
[0mGET / [32m200 [0m13.424 ms - 11[0m
[0mGET / [32m200 [0m13.567 ms - 11[0m
[0mGET / [32m200 [0m12.011 ms - 11[0m
[0mGET / [32m200 [0m1.562 ms - 11[0m
[0mGET / [32m200 [0m6.339 ms - 11[0m
[0mGET / [32m200 [0m10.474 ms - 11[0m
[0mGET / [32m200 [0m0.474 ms - 11[0m
[0mGET / [32m200 [0m4.978 ms - 11[0m
[0mGET / [32m200 [0m2.790 ms - 11[0m
[0mGET / [32m200 [0m0.892 ms - 11[0m
[0mGET / [32m200 [0m7.176 ms - 11[0m
[0mGET / [32m200 [0m7.097 ms - 11[0m
[0mGET / [32m200 [0m1.252 ms - 11[0m
[0mGET / [32m200 [0m0.361 ms - 11[0m
[0mGET / [32m200 [0m3.751 ms - 11[0m
[0mGET / [32m200 [0m2.558 ms - 11[0m
[0mGET / [32m200 [0m6.049 ms - 11[0m
[0mGET / [32m200 [0m0.451 ms - 11[0m
[0mGET / [32m200 [0m1.127 ms - 11[0m
[0mGET / [32m200 [0m1.121 ms - 11[0m
[0mGET / [32m200 [0m10.103 ms - 11[0m
[0mGET / [32m200 [0m0.868 ms - 11[0m
[0mGET / [32m200 [0m4.677 ms - 11[0m
[0mGET / [32m200 [0m3.463 ms - 11[0m
[0mGET / [32m200 [0m2.436 ms - 11[0m
[0mGET / [32m200 [0m3.074 ms - 11[0m
[0mGET / [32m200 [0m0.399 ms - 11[0m
[0mGET / [32m200 [0m0.699 ms - 11[0m
[0mGET / [32m200 [0m0.379 ms - 11[0m
[0mGET / [32m200 [0m0.604 ms - 11[0m
[0mGET / [32m200 [0m2.408 ms - 11[0m
[0mGET / [32m200 [0m2.357 ms - 11[0m
[0mGET / [32m200 [0m11.930 ms - 11[0m
[0mGET / [32m200 [0m7.543 ms - 11[0m
[0mGET / [32m200 [0m1.882 ms - 11[0m
[0mGET / [32m200 [0m1.857 ms - 11[0m
[0mGET / [32m200 [0m2.485 ms - 11[0m
[0mGET / [32m200 [0m0.721 ms - 11[0m
[0mGET / [32m200 [0m0.924 ms - 11[0m
[0mGET / [32m200 [0m0.860 ms - 11[0m
[0mGET / [32m200 [0m11.437 ms - 11[0m
[0mGET / [32m200 [0m0.827 ms - 11[0m
[0mGET / [32m200 [0m18.683 ms - 11[0m
[0mGET / [32m200 [0m1.922 ms - 11[0m
[0mGET / [32m200 [0m12.728 ms - 11[0m
[0mGET / [32m200 [0m9.245 ms - 11[0m
[0mGET / [32m200 [0m1.363 ms - 11[0m
[0mGET / [32m200 [0m0.274 ms - 11[0m
[0mGET / [32m200 [0m5.419 ms - 11[0m
[0mGET / [32m200 [0m0.622 ms - 11[0m
[0mGET / [32m200 [0m18.940 ms - 11[0m
[0mGET / [32m200 [0m0.307 ms - 11[0m
[0mGET / [32m200 [0m10.734 ms - 11[0m
[0mGET / [32m200 [0m0.876 ms - 11[0m
[0mGET / [32m200 [0m0.514 ms - 11[0m
[0mGET / [32m200 [0m0.461 ms - 11[0m
[0mGET / [32m200 [0m10.475 ms - 11[0m
[0mGET / [32m200 [0m7.661 ms - 11[0m
[0mGET / [32m200 [0m0.916 ms - 11[0m
[0mGET / [32m200 [0m0.749 ms - 11[0m
[0mGET / [32m200 [0m1.800 ms - 11[0m
[0mGET / [32m200 [0m0.407 ms - 11[0m
[0mGET / [32m200 [0m2.975 ms - 11[0m
[0mGET / [32m200 [0m1.775 ms - 11[0m
[0mGET / [32m200 [0m8.668 ms - 11[0m
[0mGET / [32m200 [0m8.503 ms - 11[0m
[0mGET / [32m200 [0m15.098 ms - 11[0m
[0mGET / [32m200 [0m1.064 ms - 11[0m
[0mGET / [32m200 [0m3.190 ms - 11[0m
[0mGET / [32m200 [0m2.491 ms - 11[0m
[0mGET / [32m200 [0m7.542 ms - 11[0m
[0mGET / [32m200 [0m0.493 ms - 11[0m
[0mGET / [32m200 [0m10.255 ms - 11[0m
[0mGET / [32m200 [0m6.512 ms - 11[0m
[0mGET / [32m200 [0m2.024 ms - 11[0m
[0mGET / [32m200 [0m1.397 ms - 11[0m
[0mGET / [32m200 [0m5.571 ms - 11[0m
[0mGET / [32m200 [0m11.553 ms - 11[0m
[0mGET / [32m200 [0m1.135 ms - 11[0m
[0mGET / [32m200 [0m1.497 ms - 11[0m
phone number 66451327
identityId null
get_open_id _phoneNumber 66451327
get_open_id IdentityIdundefined
{ IdentityId: 'us-east-1:d711efea-1aa7-4d5b-937c-255a43619c0a',
  Token: 'eyJraWQiOiJ1cy1lYXN0LTExIiwidHlwIjoiSldTIiwiYWxnIjoiUlM1MTIifQ.eyJzdWIiOiJ1cy1lYXN0LTE6ZDcxMWVmZWEtMWFhNy00ZDViLTkzN2MtMjU1YTQzNjE5YzBhIiwiYXVkIjoidXMtZWFzdC0xOjU1NTJhNTRiLWE1MTktNDRkMi05N2UzLWZlYjNkNDVjOWFmYSIsImFtciI6WyJhdXRoZW50aWNhdGVkIiwibG9naW4udjNyZWUuYXdlc29tZSIsImxvZ2luLnYzcmVlLmF3ZXNvbWU6dXMtZWFzdC0xOjU1NTJhNTRiLWE1MTktNDRkMi05N2UzLWZlYjNkNDVjOWFmYTo2NjQ1MTMyNyJdLCJpc3MiOiJodHRwczovL2NvZ25pdG8taWRlbnRpdHkuYW1hem9uYXdzLmNvbSIsImV4cCI6MTUwMTc0NjIxNiwiaWF0IjoxNTAxNzQyNjE2fQ.a25ob4fH_RAqg8HXIlV9qKaxc3jQogOQQ00SU3fY0KOb_-kRZ8puS2k3nLqvmkM0Z6MdE4IMsnwRglkJ3Pue2ybx7z1B-gaVOD39nqwmWSHyj_oLMhdJJUNenvAGaxCJ1qgHcaqLZ3EtW_RoR0XpQPtNSrSZzG-azZS-5hwuRkd5uXSl0zwdAl-MqZFFgu0A6u63XCX958wPxTCgX6v8IW-gqVd81wLMZ1nUv7QYUJf_vj8ncdfyFlJoUk41PEHYCr_A_XGz8ICXfgZ8Qr-eUQHGGwfpCL_eDhDyez2_lVMkaO3cEFibxu8xRLcDd8HgDDyFHz_UQOZ2udhsaGtjlw' }
[0mGET /get_token/664513271234/null [32m200 [0m160.064 ms - 902[0m
[0mGET / [32m200 [0m5.670 ms - 11[0m
[0mGET / [32m200 [0m1.235 ms - 11[0m
[0mGET / [32m200 [0m1.527 ms - 11[0m
[0mGET / [32m200 [0m1.857 ms - 11[0m
[0mGET / [32m200 [0m8.104 ms - 11[0m
[0mGET / [32m200 [0m11.835 ms - 11[0m
[0mGET / [32m200 [0m3.028 ms - 11[0m
[0mGET / [32m200 [0m5.937 ms - 11[0m
io enter middleware
check player id undefined
[0mGET / [32m200 [0m8.763 ms - 11[0m
[0mGET / [32m200 [0m0.486 ms - 11[0m
[0mGET / [32m200 [0m3.497 ms - 11[0m
[0mGET / [32m200 [0m1.966 ms - 11[0m
[0mGET / [32m200 [0m4.196 ms - 11[0m
[0mGET / [32m200 [0m11.936 ms - 11[0m
[0mGET / [32m200 [0m1.813 ms - 11[0m
[0mGET / [32m200 [0m1.427 ms - 11[0m
[0mGET / [32m200 [0m16.542 ms - 11[0m
[0mGET / [32m200 [0m4.985 ms - 11[0m
[0mGET / [32m200 [0m0.392 ms - 11[0m
[0mGET / [32m200 [0m1.110 ms - 11[0m
[0mGET / [32m200 [0m6.814 ms - 11[0m
[0mGET / [32m200 [0m0.449 ms - 11[0m
[0mGET / [32m200 [0m2.230 ms - 11[0m
[0mGET / [32m200 [0m1.486 ms - 11[0m
[0mGET / [32m200 [0m11.169 ms - 11[0m
[0mGET / [32m200 [0m16.756 ms - 11[0m
[0mGET / [32m200 [0m1.270 ms - 11[0m
[0mGET / [32m200 [0m2.249 ms - 11[0m
[0mGET / [32m200 [0m8.590 ms - 11[0m
[0mGET / [32m200 [0m11.658 ms - 11[0m
[0mGET / [32m200 [0m0.802 ms - 11[0m
[0mGET / [32m200 [0m1.862 ms - 11[0m
[0mGET / [32m200 [0m1.922 ms - 11[0m
[0mGET / [32m200 [0m23.904 ms - 11[0m
[0mGET / [32m200 [0m0.821 ms - 11[0m
[0mGET / [32m200 [0m0.820 ms - 11[0m
[0mGET / [32m200 [0m1.803 ms - 11[0m
[0mGET / [32m200 [0m0.380 ms - 11[0m
[0mGET / [32m200 [0m0.356 ms - 11[0m
[0mGET / [32m200 [0m1.176 ms - 11[0m
[0mGET / [32m200 [0m3.939 ms - 11[0m
[0mGET / [32m200 [0m0.890 ms - 11[0m
[0mGET / [32m200 [0m4.738 ms - 11[0m
[0mGET / [32m200 [0m1.052 ms - 11[0m
[0mGET / [32m200 [0m0.990 ms - 11[0m
[0mGET / [32m200 [0m2.695 ms - 11[0m
[0mGET / [32m200 [0m9.712 ms - 11[0m
[0mGET / [32m200 [0m5.837 ms - 11[0m
[0mGET / [32m200 [0m9.225 ms - 11[0m
[0mGET / [32m200 [0m0.858 ms - 11[0m
[0mGET / [32m200 [0m2.260 ms - 11[0m
[0mGET / [32m200 [0m1.985 ms - 11[0m
[0mGET / [32m200 [0m0.355 ms - 11[0m
[0mGET / [32m200 [0m3.047 ms - 11[0m
[0mGET / [32m200 [0m14.213 ms - 11[0m
[0mGET / [32m200 [0m4.079 ms - 11[0m
[0mGET / [32m200 [0m9.244 ms - 11[0m
[0mGET / [32m200 [0m1.697 ms - 11[0m
[0mGET / [32m200 [0m3.779 ms - 11[0m
[0mGET / [32m200 [0m0.302 ms - 11[0m
[0mGET / [32m200 [0m2.560 ms - 11[0m
[0mGET / [32m200 [0m0.654 ms - 11[0m
[0mGET / [32m200 [0m3.277 ms - 11[0m
[0mGET / [32m200 [0m3.477 ms - 11[0m
[0mGET / [32m200 [0m9.564 ms - 11[0m
[0mGET / [32m200 [0m9.701 ms - 11[0m
[0mGET / [32m200 [0m0.479 ms - 11[0m
[0mGET / [32m200 [0m4.205 ms - 11[0m
[0mGET / [32m200 [0m0.585 ms - 11[0m
[0mGET / [32m200 [0m7.575 ms - 11[0m
[0mGET / [32m200 [0m0.393 ms - 11[0m
[0mGET / [32m200 [0m1.532 ms - 11[0m
[0mGET / [32m200 [0m12.699 ms - 11[0m
[0mGET / [32m200 [0m8.163 ms - 11[0m
[0mGET / [32m200 [0m8.792 ms - 11[0m
[0mGET / [32m200 [0m0.348 ms - 11[0m
[0mGET / [32m200 [0m7.623 ms - 11[0m
[0mGET / [32m200 [0m0.880 ms - 11[0m
[0mGET / [32m200 [0m1.384 ms - 11[0m
[0mGET / [32m200 [0m1.784 ms - 11[0m
[0mGET / [32m200 [0m12.447 ms - 11[0m
[0mGET / [32m200 [0m8.839 ms - 11[0m
[0mGET / [32m200 [0m1.642 ms - 11[0m
[0mGET / [32m200 [0m1.084 ms - 11[0m
[0mGET / [32m200 [0m2.607 ms - 11[0m
[0mGET / [32m200 [0m0.381 ms - 11[0m
[0mGET / [32m200 [0m1.098 ms - 11[0m
[0mGET / [32m200 [0m0.351 ms - 11[0m
[0mGET / [32m200 [0m7.123 ms - 11[0m
[0mGET / [32m200 [0m0.910 ms - 11[0m
[0mGET / [32m200 [0m4.778 ms - 11[0m
[0mGET / [32m200 [0m4.392 ms - 11[0m
[0mGET / [32m200 [0m11.565 ms - 11[0m
[0mGET / [32m200 [0m8.635 ms - 11[0m
[0mGET / [32m200 [0m3.701 ms - 11[0m
[0mGET / [32m200 [0m0.351 ms - 11[0m
[0mGET / [32m200 [0m15.739 ms - 11[0m
[0mGET / [32m200 [0m1.154 ms - 11[0m
[0mGET / [32m200 [0m7.388 ms - 11[0m
[0mGET / [32m200 [0m2.271 ms - 11[0m
[0mGET / [32m200 [0m5.731 ms - 11[0m
[0mGET / [32m200 [0m0.843 ms - 11[0m
[0mGET / [32m200 [0m4.521 ms - 11[0m
[0mGET / [32m200 [0m0.578 ms - 11[0m
[0mGET / [32m200 [0m14.171 ms - 11[0m
[0mGET / [32m200 [0m7.813 ms - 11[0m
[0mGET / [32m200 [0m3.892 ms - 11[0m
[0mGET / [32m200 [0m0.430 ms - 11[0m
[0mGET / [32m200 [0m1.492 ms - 11[0m
[0mGET / [32m200 [0m4.681 ms - 11[0m
[0mGET / [32m200 [0m0.422 ms - 11[0m
[0mGET / [32m200 [0m0.393 ms - 11[0m
[0mGET / [32m200 [0m2.895 ms - 11[0m
[0mGET / [32m200 [0m0.873 ms - 11[0m
[0mGET / [32m200 [0m10.234 ms - 11[0m
[0mGET / [32m200 [0m6.360 ms - 11[0m
[0mGET / [32m200 [0m0.416 ms - 11[0m
[0mGET / [32m200 [0m0.358 ms - 11[0m
[0mGET / [32m200 [0m0.834 ms - 11[0m
[0mGET / [32m200 [0m0.357 ms - 11[0m
[0mGET / [32m200 [0m5.479 ms - 11[0m
[0mGET / [32m200 [0m3.629 ms - 11[0m
[0mGET / [32m200 [0m6.754 ms - 11[0m
[0mGET / [32m200 [0m3.349 ms - 11[0m
[0mGET / [32m200 [0m2.163 ms - 11[0m
[0mGET / [32m200 [0m0.326 ms - 11[0m
[0mGET / [32m200 [0m6.653 ms - 11[0m
[0mGET / [32m200 [0m0.390 ms - 11[0m
[0mGET / [32m200 [0m2.662 ms - 11[0m
[0mGET / [32m200 [0m0.949 ms - 11[0m
[0mGET / [32m200 [0m0.968 ms - 11[0m
[0mGET / [32m200 [0m0.334 ms - 11[0m
[0mGET / [32m200 [0m3.443 ms - 11[0m
[0mGET / [32m200 [0m0.331 ms - 11[0m
[0mGET / [32m200 [0m1.956 ms - 11[0m
[0mGET / [32m200 [0m0.334 ms - 11[0m
[0mGET / [32m200 [0m1.300 ms - 11[0m
[0mGET / [32m200 [0m1.288 ms - 11[0m
[0mGET / [32m200 [0m8.119 ms - 11[0m
[0mGET / [32m200 [0m1.730 ms - 11[0m
[0mGET / [32m200 [0m0.876 ms - 11[0m
[0mGET / [32m200 [0m1.860 ms - 11[0m
[0mGET / [32m200 [0m11.135 ms - 11[0m
[0mGET / [32m200 [0m6.496 ms - 11[0m
[0mGET / [32m200 [0m8.267 ms - 11[0m
[0mGET / [32m200 [0m0.401 ms - 11[0m
[0mGET / [32m200 [0m0.958 ms - 11[0m
[0mGET / [32m200 [0m1.880 ms - 11[0m
[0mGET / [32m200 [0m5.181 ms - 11[0m
[0mGET / [32m200 [0m0.987 ms - 11[0m
[0mGET / [32m200 [0m9.357 ms - 11[0m
[0mGET / [32m200 [0m6.888 ms - 11[0m
[0mGET / [32m200 [0m2.629 ms - 11[0m
[0mGET / [32m200 [0m0.442 ms - 11[0m
[0mGET / [32m200 [0m3.587 ms - 11[0m
[0mGET / [32m200 [0m0.394 ms - 11[0m
[0mGET / [32m200 [0m7.447 ms - 11[0m
[0mGET / [32m200 [0m0.846 ms - 11[0m
[0mGET / [32m200 [0m11.495 ms - 11[0m
[0mGET / [32m200 [0m5.907 ms - 11[0m
[0mGET / [32m200 [0m7.716 ms - 11[0m
[0mGET / [32m200 [0m7.892 ms - 11[0m
[0mGET / [32m200 [0m0.332 ms - 11[0m
[0mGET / [32m200 [0m3.690 ms - 11[0m
[0mGET / [32m200 [0m2.283 ms - 11[0m
[0mGET / [32m200 [0m2.825 ms - 11[0m
[0mGET / [32m200 [0m1.734 ms - 11[0m
[0mGET / [32m200 [0m0.393 ms - 11[0m
[0mGET / [32m200 [0m11.226 ms - 11[0m
[0mGET / [32m200 [0m8.755 ms - 11[0m
[0mGET / [32m200 [0m0.454 ms - 11[0m
[0mGET / [32m200 [0m0.425 ms - 11[0m
[0mGET / [32m200 [0m10.352 ms - 11[0m
[0mGET / [32m200 [0m10.621 ms - 11[0m
[0mGET / [32m200 [0m18.831 ms - 11[0m
[0mGET / [32m200 [0m1.204 ms - 11[0m
[0mGET / [32m200 [0m7.195 ms - 11[0m
[0mGET / [32m200 [0m0.304 ms - 11[0m
[0mGET / [32m200 [0m9.474 ms - 11[0m
[0mGET / [32m200 [0m0.942 ms - 11[0m
[0mGET / [32m200 [0m8.378 ms - 11[0m
[0mGET / [32m200 [0m8.554 ms - 11[0m
[0mGET / [32m200 [0m4.181 ms - 11[0m
[0mGET / [32m200 [0m0.737 ms - 11[0m
[0mGET / [32m200 [0m8.988 ms - 11[0m
[0mGET / [32m200 [0m0.889 ms - 11[0m
[0mGET / [32m200 [0m13.988 ms - 11[0m
[0mGET / [32m200 [0m7.771 ms - 11[0m
[0mGET / [32m200 [0m6.172 ms - 11[0m
[0mGET / [32m200 [0m0.345 ms - 11[0m
[0mGET / [32m200 [0m2.230 ms - 11[0m
[0mGET / [32m200 [0m0.468 ms - 11[0m
io enter middleware
check player id undefined
io enter middleware
check player id undefined
[0mGET / [32m200 [0m6.779 ms - 11[0m
[0mGET / [32m200 [0m11.806 ms - 11[0m
io enter middleware
check player id undefined
[0mGET / [32m200 [0m1.575 ms - 11[0m
[0mGET / [32m200 [0m0.330 ms - 11[0m
[0mGET / [32m200 [0m23.387 ms - 11[0m
[0mGET / [32m200 [0m13.357 ms - 11[0m
[0mGET / [32m200 [0m2.425 ms - 11[0m
[0mGET / [32m200 [0m0.374 ms - 11[0m
[0mGET / [32m200 [0m4.604 ms - 11[0m
[0mGET / [32m200 [0m0.859 ms - 11[0m
[0mGET / [32m200 [0m9.831 ms - 11[0m
[0mGET / [32m200 [0m0.890 ms - 11[0m
[0mGET / [32m200 [0m1.849 ms - 11[0m
[0mGET / [32m200 [0m3.850 ms - 11[0m
[0mGET / [32m200 [0m0.524 ms - 11[0m
[0mGET / [32m200 [0m5.500 ms - 11[0m
[0mGET / [32m200 [0m10.746 ms - 11[0m
[0mGET / [32m200 [0m0.977 ms - 11[0m
[0mGET / [32m200 [0m0.475 ms - 11[0m
[0mGET / [32m200 [0m0.438 ms - 11[0m
[0mGET / [32m200 [0m13.158 ms - 11[0m
[0mGET / [32m200 [0m8.443 ms - 11[0m
[0mGET / [32m200 [0m7.878 ms - 11[0m
[0mGET / [32m200 [0m0.314 ms - 11[0m
[0mGET / [32m200 [0m0.965 ms - 11[0m
[0mGET / [32m200 [0m2.907 ms - 11[0m
[0mGET / [32m200 [0m10.667 ms - 11[0m
[0mGET / [32m200 [0m0.297 ms - 11[0m
[0mGET / [32m200 [0m8.898 ms - 11[0m
[0mGET / [32m200 [0m0.902 ms - 11[0m
[0mGET / [32m200 [0m3.977 ms - 11[0m
[0mGET / [32m200 [0m0.434 ms - 11[0m
[0mGET / [32m200 [0m2.420 ms - 11[0m
[0mGET / [32m200 [0m2.236 ms - 11[0m
[0mGET / [32m200 [0m10.829 ms - 11[0m
[0mGET / [32m200 [0m0.346 ms - 11[0m
[0mGET / [32m200 [0m9.459 ms - 11[0m
[0mGET / [32m200 [0m0.386 ms - 11[0m
[0mGET / [32m200 [0m28.272 ms - 11[0m
[0mGET / [32m200 [0m0.457 ms - 11[0m
[0mGET / [32m200 [0m21.065 ms - 11[0m
[0mGET / [32m200 [0m1.023 ms - 11[0m
[0mGET / [32m200 [0m6.616 ms - 11[0m
[0mGET / [32m200 [0m1.267 ms - 11[0m
[0mGET / [32m200 [0m15.974 ms - 11[0m
[0mGET / [32m200 [0m1.590 ms - 11[0m
[0mGET / [32m200 [0m4.323 ms - 11[0m
[0mGET / [32m200 [0m5.084 ms - 11[0m
[0mGET / [32m200 [0m5.147 ms - 11[0m
[0mGET / [32m200 [0m0.364 ms - 11[0m
[0mGET / [32m200 [0m4.428 ms - 11[0m
[0mGET / [32m200 [0m5.287 ms - 11[0m
[0mGET / [32m200 [0m8.442 ms - 11[0m
[0mGET / [32m200 [0m10.423 ms - 11[0m
[0mGET / [32m200 [0m3.594 ms - 11[0m
[0mGET / [32m200 [0m1.565 ms - 11[0m
[0mGET / [32m200 [0m3.788 ms - 11[0m
[0mGET / [32m200 [0m0.550 ms - 11[0m
[0mGET / [32m200 [0m0.695 ms - 11[0m
[0mGET / [32m200 [0m0.317 ms - 11[0m
