ok
Config
Thu Aug 03 2017 04:09:42 GMT+0000 (UTC)
Cognito
the cognitoidentity is [object Object]
SNS
setting tcp
setting sns
PostAPI
PostAPI_Chat
PostAPI_Wall
PostAPI_Pet
PostAPI_Chips
PostAPI_Login
PostAPI_Shop
PostAPI_Debug
Game init
======================
apiPort listening 2492
tcpPort listening 3000
======================
Server listening at port 3000
[0mGET / [32m200 [0m36.823 ms - 11[0m
[0mGET / [32m200 [0m60.391 ms - 11[0m
[0mGET / [32m200 [0m9.508 ms - 11[0m
[0mGET / [32m200 [0m12.274 ms - 11[0m
[0mGET / [32m200 [0m13.384 ms - 11[0m
[0mGET / [32m200 [0m9.886 ms - 11[0m
[0mGET / [32m200 [0m36.554 ms - 11[0m
[0mGET / [32m200 [0m18.646 ms - 11[0m
[0mGET / [32m200 [0m15.323 ms - 11[0m
[0mGET / [32m200 [0m13.106 ms - 11[0m
[0mGET / [32m200 [0m2.833 ms - 11[0m
[0mGET / [32m200 [0m6.264 ms - 11[0m
[0mGET / [32m200 [0m8.875 ms - 11[0m
[0mGET / [32m200 [0m11.268 ms - 11[0m
[0mGET / [32m200 [0m5.739 ms - 11[0m
[0mGET / [32m200 [0m14.222 ms - 11[0m
[0mGET / [32m200 [0m2.853 ms - 11[0m
[0mGET / [32m200 [0m0.389 ms - 11[0m
[0mGET / [32m200 [0m29.700 ms - 11[0m
[0mGET / [32m200 [0m25.419 ms - 11[0m
[0mGET / [32m200 [0m7.438 ms - 11[0m
[0mGET / [32m200 [0m10.031 ms - 11[0m
[0mGET / [32m200 [0m16.096 ms - 11[0m
[0mGET / [32m200 [0m11.772 ms - 11[0m
[0mGET / [32m200 [0m1.298 ms - 11[0m
[0mGET / [32m200 [0m7.905 ms - 11[0m
[0mGET / [32m200 [0m4.239 ms - 11[0m
[0mGET / [32m200 [0m0.347 ms - 11[0m
[0mGET / [32m200 [0m11.656 ms - 11[0m
[0mGET / [32m200 [0m1.294 ms - 11[0m
[0mGET / [32m200 [0m9.541 ms - 11[0m
[0mGET / [32m200 [0m10.682 ms - 11[0m
[0mGET / [32m200 [0m14.020 ms - 11[0m
[0mGET / [32m200 [0m9.654 ms - 11[0m
[0mGET / [32m200 [0m0.929 ms - 11[0m
[0mGET / [32m200 [0m6.353 ms - 11[0m
[0mGET / [32m200 [0m7.053 ms - 11[0m
[0mGET / [32m200 [0m1.014 ms - 11[0m
[0mGET / [32m200 [0m15.945 ms - 11[0m
[0mGET / [32m200 [0m0.330 ms - 11[0m
[0mGET / [32m200 [0m0.990 ms - 11[0m
[0mGET / [32m200 [0m0.531 ms - 11[0m
[0mGET / [32m200 [0m0.812 ms - 11[0m
[0mGET / [32m200 [0m17.939 ms - 11[0m
[0mGET / [32m200 [0m9.796 ms - 11[0m
[0mGET / [32m200 [0m9.044 ms - 11[0m
[0mGET / [32m200 [0m1.016 ms - 11[0m
[0mGET / [32m200 [0m3.363 ms - 11[0m
[0mGET / [32m200 [0m19.284 ms - 11[0m
[0mGET / [32m200 [0m0.507 ms - 11[0m
[0mGET / [32m200 [0m10.156 ms - 11[0m
[0mGET / [32m200 [0m0.402 ms - 11[0m
[0mGET / [32m200 [0m1.493 ms - 11[0m
[0mGET / [32m200 [0m9.428 ms - 11[0m
[0mGET / [32m200 [0m15.080 ms - 11[0m
[0mGET / [32m200 [0m8.587 ms - 11[0m
[0mGET / [32m200 [0m10.087 ms - 11[0m
[0mGET / [32m200 [0m8.974 ms - 11[0m
[0mGET / [32m200 [0m14.164 ms - 11[0m
[0mGET / [32m200 [0m6.141 ms - 11[0m
[0mGET / [32m200 [0m0.927 ms - 11[0m
[0mGET / [32m200 [0m4.496 ms - 11[0m
[0mGET / [32m200 [0m16.855 ms - 11[0m
[0mGET / [32m200 [0m13.096 ms - 11[0m
[0mGET / [32m200 [0m2.198 ms - 11[0m
[0mGET / [32m200 [0m8.063 ms - 11[0m
[0mGET / [32m200 [0m1.292 ms - 11[0m
[0mGET / [32m200 [0m5.012 ms - 11[0m
[0mGET / [32m200 [0m8.884 ms - 11[0m
[0mGET / [32m200 [0m1.004 ms - 11[0m
[0mGET / [32m200 [0m1.971 ms - 11[0m
[0mGET / [32m200 [0m2.166 ms - 11[0m
[0mGET / [32m200 [0m9.487 ms - 11[0m
[0mGET / [32m200 [0m9.627 ms - 11[0m
[0mGET / [32m200 [0m12.533 ms - 11[0m
[0mGET / [32m200 [0m0.699 ms - 11[0m
[0mGET / [32m200 [0m8.446 ms - 11[0m
[0mGET / [32m200 [0m10.206 ms - 11[0m
[0mGET / [32m200 [0m5.623 ms - 11[0m
[0mGET / [32m200 [0m10.872 ms - 11[0m
[0mGET / [32m200 [0m2.841 ms - 11[0m
[0mGET / [32m200 [0m1.670 ms - 11[0m
[0mGET / [32m200 [0m5.706 ms - 11[0m
[0mGET / [32m200 [0m2.214 ms - 11[0m
[0mGET / [32m200 [0m11.197 ms - 11[0m
[0mGET / [32m200 [0m6.930 ms - 11[0m
[0mGET / [32m200 [0m19.402 ms - 11[0m
[0mGET / [32m200 [0m16.462 ms - 11[0m
[0mGET / [32m200 [0m12.600 ms - 11[0m
[0mGET / [32m200 [0m7.829 ms - 11[0m
[0mGET / [32m200 [0m1.038 ms - 11[0m
[0mGET / [32m200 [0m3.920 ms - 11[0m
[0mGET / [32m200 [0m8.206 ms - 11[0m
[0mGET / [32m200 [0m1.048 ms - 11[0m
[0mGET / [32m200 [0m3.277 ms - 11[0m
[0mGET / [32m200 [0m2.811 ms - 11[0m
[0mGET / [32m200 [0m1.714 ms - 11[0m
[0mGET / [32m200 [0m0.811 ms - 11[0m
[0mGET / [32m200 [0m1.209 ms - 11[0m
[0mGET / [32m200 [0m2.505 ms - 11[0m
[0mGET / [32m200 [0m6.980 ms - 11[0m
[0mGET / [32m200 [0m0.976 ms - 11[0m
[0mGET / [32m200 [0m8.550 ms - 11[0m
[0mGET / [32m200 [0m0.363 ms - 11[0m
[0mGET / [32m200 [0m1.500 ms - 11[0m
[0mGET / [32m200 [0m0.448 ms - 11[0m
[0mGET / [32m200 [0m0.362 ms - 11[0m
[0mGET / [32m200 [0m3.037 ms - 11[0m
[0mGET / [32m200 [0m5.907 ms - 11[0m
[0mGET / [32m200 [0m22.780 ms - 11[0m
[0mGET / [32m200 [0m13.477 ms - 11[0m
[0mGET / [32m200 [0m10.731 ms - 11[0m
[0mGET / [32m200 [0m13.320 ms - 11[0m
[0mGET / [32m200 [0m9.905 ms - 11[0m
[0mGET / [32m200 [0m13.343 ms - 11[0m
[0mGET / [32m200 [0m8.182 ms - 11[0m
[0mGET / [32m200 [0m1.536 ms - 11[0m
[0mGET / [32m200 [0m2.064 ms - 11[0m
[0mGET / [32m200 [0m9.691 ms - 11[0m
[0mGET / [32m200 [0m0.861 ms - 11[0m
[0mGET / [32m200 [0m6.538 ms - 11[0m
[0mGET / [32m200 [0m0.816 ms - 11[0m
[0mGET / [32m200 [0m0.970 ms - 11[0m
[0mGET / [32m200 [0m5.559 ms - 11[0m
[0mGET / [32m200 [0m8.773 ms - 11[0m
[0mGET / [32m200 [0m14.048 ms - 11[0m
[0mGET / [32m200 [0m0.484 ms - 11[0m
[0mGET / [32m200 [0m0.419 ms - 11[0m
[0mGET / [32m200 [0m4.082 ms - 11[0m
[0mGET / [32m200 [0m0.420 ms - 11[0m
[0mGET / [32m200 [0m115.214 ms - 11[0m
[0mGET / [32m200 [0m72.489 ms - 11[0m
[0mGET / [32m200 [0m3.986 ms - 11[0m
[0mGET / [32m200 [0m0.459 ms - 11[0m
[0mGET / [32m200 [0m15.605 ms - 11[0m
[0mGET / [32m200 [0m8.824 ms - 11[0m
[0mGET / [32m200 [0m10.022 ms - 11[0m
[0mGET / [32m200 [0m1.661 ms - 11[0m
[0mGET / [32m200 [0m0.367 ms - 11[0m
[0mGET / [32m200 [0m0.439 ms - 11[0m
[0mGET / [32m200 [0m0.599 ms - 11[0m
[0mGET / [32m200 [0m10.832 ms - 11[0m
[0mGET / [32m200 [0m1.682 ms - 11[0m
[0mGET / [32m200 [0m0.281 ms - 11[0m
[0mGET / [32m200 [0m1.742 ms - 11[0m
[0mGET / [32m200 [0m1.631 ms - 11[0m
[0mGET / [32m200 [0m4.537 ms - 11[0m
[0mGET / [32m200 [0m0.454 ms - 11[0m
[0mGET / [32m200 [0m5.893 ms - 11[0m
[0mGET / [32m200 [0m10.537 ms - 11[0m
[0mGET / [32m200 [0m11.274 ms - 11[0m
[0mGET / [32m200 [0m7.671 ms - 11[0m
[0mGET / [32m200 [0m1.683 ms - 11[0m
[0mGET / [32m200 [0m0.350 ms - 11[0m
[0mGET / [32m200 [0m15.873 ms - 11[0m
[0mGET / [32m200 [0m5.975 ms - 11[0m
[0mGET / [32m200 [0m0.597 ms - 11[0m
[0mGET / [32m200 [0m1.510 ms - 11[0m
[0mGET / [32m200 [0m6.091 ms - 11[0m
[0mGET / [32m200 [0m0.890 ms - 11[0m
[0mGET / [32m200 [0m0.811 ms - 11[0m
[0mGET / [32m200 [0m8.561 ms - 11[0m
[0mGET / [32m200 [0m0.565 ms - 11[0m
[0mGET / [32m200 [0m0.398 ms - 11[0m
[0mGET / [32m200 [0m4.211 ms - 11[0m
[0mGET / [32m200 [0m3.374 ms - 11[0m
[0mGET / [32m200 [0m13.485 ms - 11[0m
[0mGET / [32m200 [0m13.606 ms - 11[0m
[0mGET / [32m200 [0m3.805 ms - 11[0m
[0mGET / [32m200 [0m10.592 ms - 11[0m
[0mGET / [32m200 [0m17.240 ms - 11[0m
[0mGET / [32m200 [0m0.738 ms - 11[0m
[0mGET / [32m200 [0m1.247 ms - 11[0m
[0mGET / [32m200 [0m1.557 ms - 11[0m
[0mGET / [32m200 [0m0.397 ms - 11[0m
[0mGET / [32m200 [0m0.390 ms - 11[0m
[0mGET / [32m200 [0m0.947 ms - 11[0m
[0mGET / [32m200 [0m0.683 ms - 11[0m
[0mGET / [32m200 [0m9.499 ms - 11[0m
[0mGET / [32m200 [0m0.868 ms - 11[0m
[0mGET / [32m200 [0m2.849 ms - 11[0m
[0mGET / [32m200 [0m3.946 ms - 11[0m
[0mGET / [32m200 [0m15.671 ms - 11[0m
[0mGET / [32m200 [0m12.633 ms - 11[0m
[0mGET / [32m200 [0m10.462 ms - 11[0m
[0mGET / [32m200 [0m6.857 ms - 11[0m
[0mGET / [32m200 [0m0.423 ms - 11[0m
[0mGET / [32m200 [0m0.606 ms - 11[0m
[0mGET / [32m200 [0m1.578 ms - 11[0m
[0mGET / [32m200 [0m2.027 ms - 11[0m
[0mGET / [32m200 [0m2.017 ms - 11[0m
[0mGET / [32m200 [0m0.464 ms - 11[0m
[0mGET / [32m200 [0m13.064 ms - 11[0m
[0mGET / [32m200 [0m8.093 ms - 11[0m
[0mGET / [32m200 [0m0.644 ms - 11[0m
[0mGET / [32m200 [0m2.518 ms - 11[0m
[0mGET / [32m200 [0m2.222 ms - 11[0m
[0mGET / [32m200 [0m5.852 ms - 11[0m
[0mGET / [32m200 [0m0.378 ms - 11[0m
[0mGET / [32m200 [0m0.434 ms - 11[0m
[0mGET / [32m200 [0m15.299 ms - 11[0m
[0mGET / [32m200 [0m5.590 ms - 11[0m
[0mGET / [32m200 [0m4.748 ms - 11[0m
[0mGET / [32m200 [0m0.329 ms - 11[0m
[0mGET / [32m200 [0m0.931 ms - 11[0m
[0mGET / [32m200 [0m1.690 ms - 11[0m
[0mGET / [32m200 [0m6.590 ms - 11[0m
[0mGET / [32m200 [0m0.685 ms - 11[0m
[0mGET / [32m200 [0m0.588 ms - 11[0m
[0mGET / [32m200 [0m1.009 ms - 11[0m
[0mGET / [32m200 [0m0.457 ms - 11[0m
[0mGET / [32m200 [0m3.604 ms - 11[0m
[0mGET / [32m200 [0m3.285 ms - 11[0m
[0mGET / [32m200 [0m3.020 ms - 11[0m
[0mGET / [32m200 [0m1.406 ms - 11[0m
[0mGET / [32m200 [0m3.630 ms - 11[0m
[0mGET / [32m200 [0m0.605 ms - 11[0m
[0mGET / [32m200 [0m6.602 ms - 11[0m
[0mGET / [32m200 [0m2.353 ms - 11[0m
[0mGET / [32m200 [0m0.337 ms - 11[0m
[0mGET / [32m200 [0m0.365 ms - 11[0m
[0mGET / [32m200 [0m0.971 ms - 11[0m
[0mGET / [32m200 [0m0.489 ms - 11[0m
[0mGET / [32m200 [0m3.161 ms - 11[0m
[0mGET / [32m200 [0m2.060 ms - 11[0m
[0mGET / [32m200 [0m3.934 ms - 11[0m
[0mGET / [32m200 [0m7.157 ms - 11[0m
[0mGET / [32m200 [0m2.460 ms - 11[0m
[0mGET / [32m200 [0m2.946 ms - 11[0m
[0mGET / [32m200 [0m1.500 ms - 11[0m
[0mGET / [32m200 [0m11.524 ms - 11[0m
[0mGET / [32m200 [0m8.210 ms - 11[0m
[0mGET / [32m200 [0m1.377 ms - 11[0m
[0mGET / [32m200 [0m1.840 ms - 11[0m
[0mGET / [32m200 [0m0.734 ms - 11[0m
[0mGET / [32m200 [0m0.330 ms - 11[0m
[0mGET / [32m200 [0m3.705 ms - 11[0m
[0mGET / [32m200 [0m1.644 ms - 11[0m
[0mGET / [32m200 [0m0.470 ms - 11[0m
[0mGET / [32m200 [0m1.653 ms - 11[0m
[0mGET / [32m200 [0m1.640 ms - 11[0m
[0mGET / [32m200 [0m0.527 ms - 11[0m
[0mGET / [32m200 [0m2.740 ms - 11[0m
[0mGET / [32m200 [0m2.529 ms - 11[0m
[0mGET / [32m200 [0m1.330 ms - 11[0m
[0mGET / [32m200 [0m1.551 ms - 11[0m
[0mGET / [32m200 [0m0.383 ms - 11[0m
[0mGET / [32m200 [0m1.985 ms - 11[0m
[0mGET / [32m200 [0m3.375 ms - 11[0m
[0mGET / [32m200 [0m3.964 ms - 11[0m
[0mGET / [32m200 [0m0.939 ms - 11[0m
[0mGET / [32m200 [0m0.349 ms - 11[0m
[0mGET / [32m200 [0m1.937 ms - 11[0m
[0mGET / [32m200 [0m1.629 ms - 11[0m
[0mGET / [32m200 [0m4.735 ms - 11[0m
[0mGET / [32m200 [0m6.050 ms - 11[0m
[0mGET / [32m200 [0m18.390 ms - 11[0m
[0mGET / [32m200 [0m100.412 ms - 11[0m
[0mGET / [32m200 [0m0.991 ms - 11[0m
[0mGET / [32m200 [0m13.905 ms - 11[0m
[0mGET / [32m200 [0m16.962 ms - 11[0m
[0mGET / [32m200 [0m0.650 ms - 11[0m
[0mGET / [32m200 [0m1.445 ms - 11[0m
[0mGET / [32m200 [0m16.940 ms - 11[0m
[0mGET / [32m200 [0m11.578 ms - 11[0m
[0mGET / [32m200 [0m0.376 ms - 11[0m
[0mGET / [32m200 [0m6.980 ms - 11[0m
[0mGET / [32m200 [0m1.908 ms - 11[0m
[0mGET / [32m200 [0m8.199 ms - 11[0m
[0mGET / [32m200 [0m9.630 ms - 11[0m
[0mGET / [32m200 [0m1.162 ms - 11[0m
[0mGET / [32m200 [0m0.518 ms - 11[0m
[0mGET / [32m200 [0m0.445 ms - 11[0m
[0mGET / [32m200 [0m0.406 ms - 11[0m
[0mGET / [32m200 [0m0.349 ms - 11[0m
[0mGET / [32m200 [0m3.039 ms - 11[0m
[0mGET / [32m200 [0m1.188 ms - 11[0m
[0mGET / [32m200 [0m1.645 ms - 11[0m
[0mGET / [32m200 [0m2.452 ms - 11[0m
[0mGET / [32m200 [0m0.347 ms - 11[0m
[0mGET / [32m200 [0m0.990 ms - 11[0m
[0mGET / [32m200 [0m0.496 ms - 11[0m
[0mGET / [32m200 [0m0.848 ms - 11[0m
[0mGET / [32m200 [0m4.927 ms - 11[0m
[0mGET / [32m200 [0m12.167 ms - 11[0m
[0mGET / [32m200 [0m12.358 ms - 11[0m
[0mGET / [32m200 [0m1.097 ms - 11[0m
[0mGET / [32m200 [0m0.394 ms - 11[0m
[0mGET / [32m200 [0m1.078 ms - 11[0m
[0mGET / [32m200 [0m0.363 ms - 11[0m
[0mGET / [32m200 [0m2.162 ms - 11[0m
[0mGET / [32m200 [0m10.208 ms - 11[0m
[0mGET / [32m200 [0m8.884 ms - 11[0m
[0mGET / [32m200 [0m6.358 ms - 11[0m
[0mGET / [32m200 [0m1.233 ms - 11[0m
[0mGET / [32m200 [0m0.347 ms - 11[0m
[0mGET / [32m200 [0m0.466 ms - 11[0m
[0mGET / [32m200 [0m2.850 ms - 11[0m
[0mGET / [32m200 [0m1.472 ms - 11[0m
[0mGET / [32m200 [0m8.417 ms - 11[0m
[0mGET / [32m200 [0m6.304 ms - 11[0m
[0mGET / [32m200 [0m0.445 ms - 11[0m
[0mGET / [32m200 [0m2.206 ms - 11[0m
[0mGET / [32m200 [0m1.767 ms - 11[0m
[0mGET / [32m200 [0m5.335 ms - 11[0m
[0mGET / [32m200 [0m1.815 ms - 11[0m
[0mGET / [32m200 [0m0.538 ms - 11[0m
[0mGET / [32m200 [0m0.782 ms - 11[0m
[0mGET / [32m200 [0m8.117 ms - 11[0m
[0mGET / [32m200 [0m1.164 ms - 11[0m
[0mGET / [32m200 [0m1.264 ms - 11[0m
[0mGET / [32m200 [0m0.413 ms - 11[0m
[0mGET / [32m200 [0m2.788 ms - 11[0m
[0mGET / [32m200 [0m0.492 ms - 11[0m
[0mGET / [32m200 [0m9.165 ms - 11[0m
[0mGET / [32m200 [0m0.406 ms - 11[0m
[0mGET / [32m200 [0m0.462 ms - 11[0m
[0mGET / [32m200 [0m4.256 ms - 11[0m
[0mGET / [32m200 [0m2.334 ms - 11[0m
[0mGET / [32m200 [0m0.925 ms - 11[0m
[0mGET / [32m200 [0m9.978 ms - 11[0m
[0mGET / [32m200 [0m0.825 ms - 11[0m
[0mGET / [32m200 [0m2.655 ms - 11[0m
[0mGET / [32m200 [0m0.381 ms - 11[0m
[0mGET / [32m200 [0m0.584 ms - 11[0m
[0mGET / [32m200 [0m5.034 ms - 11[0m
[0mGET / [32m200 [0m5.965 ms - 11[0m
[0mGET / [32m200 [0m4.226 ms - 11[0m
[0mGET / [32m200 [0m14.760 ms - 11[0m
[0mGET / [32m200 [0m9.835 ms - 11[0m
[0mGET / [32m200 [0m4.641 ms - 11[0m
[0mGET / [32m200 [0m1.944 ms - 11[0m
[0mGET / [32m200 [0m12.216 ms - 11[0m
[0mGET / [32m200 [0m7.661 ms - 11[0m
[0mGET / [32m200 [0m1.350 ms - 11[0m
[0mGET / [32m200 [0m0.279 ms - 11[0m
[0mGET / [32m200 [0m0.374 ms - 11[0m
[0mGET / [32m200 [0m4.665 ms - 11[0m
[0mGET / [32m200 [0m0.940 ms - 11[0m
[0mGET / [32m200 [0m3.273 ms - 11[0m
[0mGET / [32m200 [0m9.690 ms - 11[0m
[0mGET / [32m200 [0m11.524 ms - 11[0m
[0mGET / [32m200 [0m4.178 ms - 11[0m
[0mGET / [32m200 [0m0.434 ms - 11[0m
[0mGET / [32m200 [0m7.550 ms - 11[0m
[0mGET / [32m200 [0m1.066 ms - 11[0m
[0mGET / [32m200 [0m2.382 ms - 11[0m
[0mGET / [32m200 [0m0.484 ms - 11[0m
[0mGET / [32m200 [0m0.433 ms - 11[0m
[0mGET / [32m200 [0m0.337 ms - 11[0m
[0mGET / [32m200 [0m4.766 ms - 11[0m
[0mGET / [32m200 [0m2.274 ms - 11[0m
[0mGET / [32m200 [0m5.489 ms - 11[0m
[0mGET / [32m200 [0m1.675 ms - 11[0m
[0mGET / [32m200 [0m0.551 ms - 11[0m
[0mGET / [32m200 [0m0.342 ms - 11[0m
[0mGET / [32m200 [0m1.271 ms - 11[0m
[0mGET / [32m200 [0m4.531 ms - 11[0m
[0mGET / [32m200 [0m8.839 ms - 11[0m
[0mGET / [32m200 [0m4.439 ms - 11[0m
[0mGET / [32m200 [0m4.762 ms - 11[0m
[0mGET / [32m200 [0m2.711 ms - 11[0m
[0mGET / [32m200 [0m0.505 ms - 11[0m
[0mGET / [32m200 [0m0.369 ms - 11[0m
[0mGET / [32m200 [0m7.172 ms - 11[0m
[0mGET / [32m200 [0m1.026 ms - 11[0m
[0mGET / [32m200 [0m1.880 ms - 11[0m
[0mGET / [32m200 [0m0.406 ms - 11[0m
[0mGET / [32m200 [0m2.478 ms - 11[0m
[0mGET / [32m200 [0m3.657 ms - 11[0m
[0mGET / [32m200 [0m5.809 ms - 11[0m
[0mGET / [32m200 [0m0.645 ms - 11[0m
[0mGET / [32m200 [0m6.110 ms - 11[0m
[0mGET / [32m200 [0m4.964 ms - 11[0m
[0mGET / [32m200 [0m2.670 ms - 11[0m
[0mGET / [32m200 [0m1.852 ms - 11[0m
[0mGET / [32m200 [0m1.694 ms - 11[0m
[0mGET / [32m200 [0m1.980 ms - 11[0m
[0mGET / [32m200 [0m0.594 ms - 11[0m
[0mGET / [32m200 [0m0.308 ms - 11[0m
[0mGET / [32m200 [0m14.245 ms - 11[0m
[0mGET / [32m200 [0m4.980 ms - 11[0m
[0mGET / [32m200 [0m0.557 ms - 11[0m
[0mGET / [32m200 [0m4.154 ms - 11[0m
[0mGET / [32m200 [0m9.809 ms - 11[0m
[0mGET / [32m200 [0m0.957 ms - 11[0m
[0mGET / [32m200 [0m4.681 ms - 11[0m
[0mGET / [32m200 [0m0.496 ms - 11[0m
[0mGET / [32m200 [0m0.367 ms - 11[0m
[0mGET / [32m200 [0m1.272 ms - 11[0m
[0mGET / [32m200 [0m0.439 ms - 11[0m
[0mGET / [32m200 [0m0.933 ms - 11[0m
[0mGET / [32m200 [0m5.823 ms - 11[0m
[0mGET / [32m200 [0m90.042 ms - 11[0m
[0mGET / [32m200 [0m1.089 ms - 11[0m
[0mGET / [32m200 [0m0.356 ms - 11[0m
[0mGET / [32m200 [0m16.215 ms - 11[0m
[0mGET / [32m200 [0m11.277 ms - 11[0m
[0mGET / [32m200 [0m7.373 ms - 11[0m
[0mGET / [32m200 [0m0.901 ms - 11[0m
[0mGET / [32m200 [0m0.363 ms - 11[0m
[0mGET / [32m200 [0m1.282 ms - 11[0m
[0mGET / [32m200 [0m0.384 ms - 11[0m
[0mGET / [32m200 [0m0.678 ms - 11[0m
[0mGET / [32m200 [0m7.485 ms - 11[0m
[0mGET / [32m200 [0m0.865 ms - 11[0m
[0mGET / [32m200 [0m2.492 ms - 11[0m
[0mGET / [32m200 [0m0.324 ms - 11[0m
[0mGET / [32m200 [0m1.043 ms - 11[0m
[0mGET / [32m200 [0m0.450 ms - 11[0m
[0mGET / [32m200 [0m0.519 ms - 11[0m
[0mGET / [32m200 [0m1.109 ms - 11[0m
[0mGET / [32m200 [0m14.507 ms - 11[0m
[0mGET / [32m200 [0m0.973 ms - 11[0m
[0mGET / [32m200 [0m3.136 ms - 11[0m
[0mGET / [32m200 [0m1.535 ms - 11[0m
[0mGET / [32m200 [0m7.562 ms - 11[0m
[0mGET / [32m200 [0m10.283 ms - 11[0m
[0mGET / [32m200 [0m0.528 ms - 11[0m
[0mGET / [32m200 [0m2.666 ms - 11[0m
[0mGET / [32m200 [0m9.435 ms - 11[0m
[0mGET / [32m200 [0m0.980 ms - 11[0m
[0mGET / [32m200 [0m0.536 ms - 11[0m
[0mGET / [32m200 [0m0.922 ms - 11[0m
[0mGET / [32m200 [0m6.828 ms - 11[0m
[0mGET / [32m200 [0m9.436 ms - 11[0m
[0mGET / [32m200 [0m0.571 ms - 11[0m
[0mGET / [32m200 [0m3.015 ms - 11[0m
[0mGET / [32m200 [0m9.921 ms - 11[0m
[0mGET / [32m200 [0m10.612 ms - 11[0m
[0mGET / [32m200 [0m0.582 ms - 11[0m
[0mGET / [32m200 [0m0.919 ms - 11[0m
[0mGET / [32m200 [0m10.360 ms - 11[0m
[0mGET / [32m200 [0m6.240 ms - 11[0m
[0mGET / [32m200 [0m13.533 ms - 11[0m
[0mGET / [32m200 [0m0.688 ms - 11[0m
[0mGET / [32m200 [0m11.462 ms - 11[0m
[0mGET / [32m200 [0m0.478 ms - 11[0m
[0mGET / [32m200 [0m7.212 ms - 11[0m
[0mGET / [32m200 [0m7.505 ms - 11[0m
[0mGET / [32m200 [0m10.954 ms - 11[0m
[0mGET / [32m200 [0m0.708 ms - 11[0m
[0mGET / [32m200 [0m14.108 ms - 11[0m
[0mGET / [32m200 [0m5.670 ms - 11[0m
[0mGET / [32m200 [0m4.178 ms - 11[0m
[0mGET / [32m200 [0m2.830 ms - 11[0m
[0mGET / [32m200 [0m8.655 ms - 11[0m
[0mGET / [32m200 [0m8.013 ms - 11[0m
[0mGET / [32m200 [0m5.657 ms - 11[0m
[0mGET / [32m200 [0m0.406 ms - 11[0m
[0mGET / [32m200 [0m8.434 ms - 11[0m
[0mGET / [32m200 [0m2.623 ms - 11[0m
[0mGET / [32m200 [0m0.378 ms - 11[0m
[0mGET / [32m200 [0m0.949 ms - 11[0m
[0mGET / [32m200 [0m3.867 ms - 11[0m
[0mGET / [32m200 [0m4.994 ms - 11[0m
[0mGET / [32m200 [0m7.001 ms - 11[0m
[0mGET / [32m200 [0m0.309 ms - 11[0m
[0mGET / [32m200 [0m0.429 ms - 11[0m
[0mGET / [32m200 [0m0.800 ms - 11[0m
[0mGET / [32m200 [0m3.173 ms - 11[0m
[0mGET / [32m200 [0m2.206 ms - 11[0m
[0mGET / [32m200 [0m0.367 ms - 11[0m
[0mGET / [32m200 [0m0.422 ms - 11[0m
[0mGET / [32m200 [0m9.854 ms - 11[0m
[0mGET / [32m200 [0m0.979 ms - 11[0m
[0mGET / [32m200 [0m3.435 ms - 11[0m
[0mGET / [32m200 [0m3.029 ms - 11[0m
[0mGET / [32m200 [0m15.713 ms - 11[0m
[0mGET / [32m200 [0m12.103 ms - 11[0m
[0mGET / [32m200 [0m1.064 ms - 11[0m
[0mGET / [32m200 [0m5.293 ms - 11[0m
[0mGET / [32m200 [0m0.617 ms - 11[0m
[0mGET / [32m200 [0m2.357 ms - 11[0m
[0mGET / [32m200 [0m1.878 ms - 11[0m
[0mGET / [32m200 [0m3.105 ms - 11[0m
[0mGET / [32m200 [0m1.215 ms - 11[0m
[0mGET / [32m200 [0m1.617 ms - 11[0m
[0mGET / [32m200 [0m2.915 ms - 11[0m
[0mGET / [32m200 [0m1.516 ms - 11[0m
[0mGET / [32m200 [0m2.096 ms - 11[0m
[0mGET / [32m200 [0m0.492 ms - 11[0m
[0mGET / [32m200 [0m5.962 ms - 11[0m
[0mGET / [32m200 [0m3.862 ms - 11[0m
[0mGET / [32m200 [0m8.617 ms - 11[0m
[0mGET / [32m200 [0m1.003 ms - 11[0m
[0mGET / [32m200 [0m9.647 ms - 11[0m
[0mGET / [32m200 [0m0.880 ms - 11[0m
[0mGET / [32m200 [0m0.975 ms - 11[0m
[0mGET / [32m200 [0m1.994 ms - 11[0m
[0mGET / [32m200 [0m1.331 ms - 11[0m
[0mGET / [32m200 [0m3.852 ms - 11[0m
[0mGET / [32m200 [0m1.207 ms - 11[0m
[0mGET / [32m200 [0m1.520 ms - 11[0m
[0mGET / [32m200 [0m11.544 ms - 11[0m
[0mGET / [32m200 [0m0.938 ms - 11[0m
[0mGET / [32m200 [0m1.374 ms - 11[0m
[0mGET / [32m200 [0m0.327 ms - 11[0m
[0mGET / [32m200 [0m0.411 ms - 11[0m
[0mGET / [32m200 [0m0.420 ms - 11[0m
[0mGET / [32m200 [0m0.384 ms - 11[0m
[0mGET / [32m200 [0m0.356 ms - 11[0m
[0mGET / [32m200 [0m5.332 ms - 11[0m
[0mGET / [32m200 [0m0.325 ms - 11[0m
[0mGET / [32m200 [0m8.858 ms - 11[0m
[0mGET / [32m200 [0m1.001 ms - 11[0m
[0mGET / [32m200 [0m3.572 ms - 11[0m
[0mGET / [32m200 [0m0.348 ms - 11[0m
[0mGET / [32m200 [0m4.392 ms - 11[0m
[0mGET / [32m200 [0m0.325 ms - 11[0m
[0mGET / [32m200 [0m0.526 ms - 11[0m
[0mGET / [32m200 [0m3.561 ms - 11[0m
[0mGET / [32m200 [0m20.199 ms - 11[0m
[0mGET / [32m200 [0m8.947 ms - 11[0m
[0mGET / [32m200 [0m2.382 ms - 11[0m
[0mGET / [32m200 [0m6.811 ms - 11[0m
[0mGET / [32m200 [0m7.040 ms - 11[0m
[0mGET / [32m200 [0m0.993 ms - 11[0m
[0mGET / [32m200 [0m1.572 ms - 11[0m
[0mGET / [32m200 [0m0.345 ms - 11[0m
[0mGET / [32m200 [0m5.739 ms - 11[0m
[0mGET / [32m200 [0m0.359 ms - 11[0m
[0mGET / [32m200 [0m1.646 ms - 11[0m
[0mGET / [32m200 [0m3.625 ms - 11[0m
[0mGET / [32m200 [0m0.473 ms - 11[0m
[0mGET / [32m200 [0m19.865 ms - 11[0m
[0mGET / [32m200 [0m1.517 ms - 11[0m
[0mGET / [32m200 [0m0.434 ms - 11[0m
[0mGET / [32m200 [0m7.199 ms - 11[0m
[0mGET / [32m200 [0m0.998 ms - 11[0m
[0mGET / [32m200 [0m0.900 ms - 11[0m
[0mGET / [32m200 [0m1.992 ms - 11[0m
[0mGET / [32m200 [0m1.257 ms - 11[0m
[0mGET / [32m200 [0m1.359 ms - 11[0m
[0mGET / [32m200 [0m1.093 ms - 11[0m
[0mGET / [32m200 [0m2.677 ms - 11[0m
[0mGET / [32m200 [0m5.090 ms - 11[0m
[0mGET / [32m200 [0m3.055 ms - 11[0m
[0mGET / [32m200 [0m1.365 ms - 11[0m
[0mGET / [32m200 [0m4.079 ms - 11[0m
[0mGET / [32m200 [0m2.289 ms - 11[0m
[0mGET / [32m200 [0m0.597 ms - 11[0m
[0mGET / [32m200 [0m2.040 ms - 11[0m
[0mGET / [32m200 [0m6.540 ms - 11[0m
[0mGET / [32m200 [0m5.099 ms - 11[0m
[0mGET / [32m200 [0m0.618 ms - 11[0m
[0mGET / [32m200 [0m8.681 ms - 11[0m
[0mGET / [32m200 [0m6.748 ms - 11[0m
[0mGET / [32m200 [0m0.341 ms - 11[0m
[0mGET / [32m200 [0m3.650 ms - 11[0m
[0mGET / [32m200 [0m5.692 ms - 11[0m
[0mGET / [32m200 [0m2.204 ms - 11[0m
[0mGET / [32m200 [0m9.890 ms - 11[0m
[0mGET / [32m200 [0m1.027 ms - 11[0m
[0mGET / [32m200 [0m14.099 ms - 11[0m
[0mGET / [32m200 [0m1.828 ms - 11[0m
[0mGET / [32m200 [0m9.960 ms - 11[0m
[0mGET / [32m200 [0m0.835 ms - 11[0m
[0mGET / [32m200 [0m1.163 ms - 11[0m
[0mGET / [32m200 [0m0.935 ms - 11[0m
[0mGET / [32m200 [0m11.044 ms - 11[0m
[0mGET / [32m200 [0m0.481 ms - 11[0m
[0mGET / [32m200 [0m3.074 ms - 11[0m
[0mGET / [32m200 [0m1.514 ms - 11[0m
[0mGET / [32m200 [0m11.178 ms - 11[0m
[0mGET / [32m200 [0m1.512 ms - 11[0m
[0mGET / [32m200 [0m10.891 ms - 11[0m
[0mGET / [32m200 [0m1.640 ms - 11[0m
[0mGET / [32m200 [0m8.759 ms - 11[0m
[0mGET / [32m200 [0m0.996 ms - 11[0m
[0mGET / [32m200 [0m0.512 ms - 11[0m
[0mGET / [32m200 [0m3.237 ms - 11[0m
[0mGET / [32m200 [0m11.408 ms - 11[0m
[0mGET / [32m200 [0m1.057 ms - 11[0m
[0mGET / [32m200 [0m8.548 ms - 11[0m
[0mGET / [32m200 [0m1.253 ms - 11[0m
[0mGET / [32m200 [0m2.807 ms - 11[0m
[0mGET / [32m200 [0m0.341 ms - 11[0m
[0mGET / [32m200 [0m7.854 ms - 11[0m
[0mGET / [32m200 [0m11.853 ms - 11[0m
[0mGET / [32m200 [0m12.891 ms - 11[0m
[0mGET / [32m200 [0m0.812 ms - 11[0m
[0mGET / [32m200 [0m6.268 ms - 11[0m
[0mGET / [32m200 [0m0.432 ms - 11[0m
[0mGET / [32m200 [0m7.712 ms - 11[0m
[0mGET / [32m200 [0m0.982 ms - 11[0m
[0mGET / [32m200 [0m0.957 ms - 11[0m
[0mGET / [32m200 [0m2.040 ms - 11[0m
[0mGET / [32m200 [0m8.264 ms - 11[0m
[0mGET / [32m200 [0m1.030 ms - 11[0m
[0mGET / [32m200 [0m7.926 ms - 11[0m
[0mGET / [32m200 [0m0.426 ms - 11[0m
[0mGET / [32m200 [0m3.789 ms - 11[0m
[0mGET / [32m200 [0m0.428 ms - 11[0m
[0mGET / [32m200 [0m0.717 ms - 11[0m
[0mGET / [32m200 [0m2.336 ms - 11[0m
[0mGET / [32m200 [0m9.349 ms - 11[0m
[0mGET / [32m200 [0m1.013 ms - 11[0m
[0mGET / [32m200 [0m1.401 ms - 11[0m
[0mGET / [32m200 [0m6.746 ms - 11[0m
[0mGET / [32m200 [0m0.518 ms - 11[0m
[0mGET / [32m200 [0m2.361 ms - 11[0m
[0mGET / [32m200 [0m7.774 ms - 11[0m
[0mGET / [32m200 [0m0.602 ms - 11[0m
[0mGET / [32m200 [0m0.611 ms - 11[0m
[0mGET / [32m200 [0m0.303 ms - 11[0m
[0mGET / [32m200 [0m0.491 ms - 11[0m
[0mGET / [32m200 [0m0.416 ms - 11[0m
[0mGET / [32m200 [0m2.947 ms - 11[0m
[0mGET / [32m200 [0m1.585 ms - 11[0m
[0mGET / [32m200 [0m0.499 ms - 11[0m
[0mGET / [32m200 [0m2.469 ms - 11[0m
[0mGET / [32m200 [0m3.633 ms - 11[0m
[0mGET / [32m200 [0m1.901 ms - 11[0m
[0mGET / [32m200 [0m0.343 ms - 11[0m
[0mGET / [32m200 [0m1.111 ms - 11[0m
[0mGET / [32m200 [0m0.377 ms - 11[0m
[0mGET / [32m200 [0m2.817 ms - 11[0m
[0mGET / [32m200 [0m2.278 ms - 11[0m
[0mGET / [32m200 [0m0.403 ms - 11[0m
[0mGET / [32m200 [0m4.957 ms - 11[0m
[0mGET / [32m200 [0m0.311 ms - 11[0m
[0mGET / [32m200 [0m6.271 ms - 11[0m
[0mGET / [32m200 [0m13.803 ms - 11[0m
[0mGET / [32m200 [0m8.353 ms - 11[0m
[0mGET / [32m200 [0m0.362 ms - 11[0m
[0mGET / [32m200 [0m6.642 ms - 11[0m
[0mGET / [32m200 [0m0.389 ms - 11[0m
[0mGET / [32m200 [0m8.694 ms - 11[0m
[0mGET / [32m200 [0m0.303 ms - 11[0m
[0mGET / [32m200 [0m0.467 ms - 11[0m
[0mGET / [32m200 [0m3.058 ms - 11[0m
[0mGET / [32m200 [0m11.618 ms - 11[0m
[0mGET / [32m200 [0m7.992 ms - 11[0m
[0mGET / [32m200 [0m0.359 ms - 11[0m
[0mGET / [32m200 [0m4.353 ms - 11[0m
[0mGET / [32m200 [0m11.001 ms - 11[0m
[0mGET / [32m200 [0m6.568 ms - 11[0m
[0mGET / [32m200 [0m1.433 ms - 11[0m
[0mGET / [32m200 [0m1.771 ms - 11[0m
[0mGET / [32m200 [0m6.739 ms - 11[0m
[0mGET / [32m200 [0m2.326 ms - 11[0m
[0mGET / [32m200 [0m3.290 ms - 11[0m
[0mGET / [32m200 [0m0.421 ms - 11[0m
[0mGET / [32m200 [0m13.001 ms - 11[0m
[0mGET / [32m200 [0m7.313 ms - 11[0m
[0mGET / [32m200 [0m1.259 ms - 11[0m
[0mGET / [32m200 [0m0.306 ms - 11[0m
[0mGET / [32m200 [0m3.404 ms - 11[0m
[0mGET / [32m200 [0m1.361 ms - 11[0m
[0mGET / [32m200 [0m1.167 ms - 11[0m
[0mGET / [32m200 [0m0.304 ms - 11[0m
[0mGET / [32m200 [0m7.358 ms - 11[0m
[0mGET / [32m200 [0m1.198 ms - 11[0m
[0mGET / [32m200 [0m0.368 ms - 11[0m
[0mGET / [32m200 [0m2.946 ms - 11[0m
[0mGET / [32m200 [0m12.207 ms - 11[0m
[0mGET / [32m200 [0m5.315 ms - 11[0m
[0mGET / [32m200 [0m4.726 ms - 11[0m
[0mGET / [32m200 [0m0.358 ms - 11[0m
[0mGET / [32m200 [0m6.785 ms - 11[0m
[0mGET / [32m200 [0m0.391 ms - 11[0m
[0mGET / [32m200 [0m10.808 ms - 11[0m
[0mGET / [32m200 [0m3.807 ms - 11[0m
[0mGET / [32m200 [0m9.745 ms - 11[0m
[0mGET / [32m200 [0m2.602 ms - 11[0m
[0mGET / [32m200 [0m2.174 ms - 11[0m
[0mGET / [32m200 [0m0.364 ms - 11[0m
[0mGET / [32m200 [0m6.857 ms - 11[0m
[0mGET / [32m200 [0m0.327 ms - 11[0m
[0mGET / [32m200 [0m0.415 ms - 11[0m
[0mGET / [32m200 [0m3.490 ms - 11[0m
[0mGET / [32m200 [0m4.884 ms - 11[0m
[0mGET / [32m200 [0m13.180 ms - 11[0m
[0mGET / [32m200 [0m0.389 ms - 11[0m
[0mGET / [32m200 [0m0.305 ms - 11[0m
[0mGET / [32m200 [0m12.827 ms - 11[0m
[0mGET / [32m200 [0m6.914 ms - 11[0m
[0mGET / [32m200 [0m0.893 ms - 11[0m
[0mGET / [32m200 [0m0.360 ms - 11[0m
[0mGET / [32m200 [0m0.344 ms - 11[0m
[0mGET / [32m200 [0m0.346 ms - 11[0m
[0mGET / [32m200 [0m0.325 ms - 11[0m
[0mGET / [32m200 [0m3.795 ms - 11[0m
[0mGET / [32m200 [0m13.668 ms - 11[0m
[0mGET / [32m200 [0m10.060 ms - 11[0m
[0mGET / [32m200 [0m0.773 ms - 11[0m
[0mGET / [32m200 [0m0.911 ms - 11[0m
[0mGET / [32m200 [0m0.840 ms - 11[0m
[0mGET / [32m200 [0m0.377 ms - 11[0m
[0mGET / [32m200 [0m7.282 ms - 11[0m
[0mGET / [32m200 [0m0.398 ms - 11[0m
[0mGET / [32m200 [0m6.002 ms - 11[0m
[0mGET / [32m200 [0m1.451 ms - 11[0m
[0mGET / [32m200 [0m1.319 ms - 11[0m
[0mGET / [32m200 [0m1.555 ms - 11[0m
[0mGET / [32m200 [0m6.621 ms - 11[0m
[0mGET / [32m200 [0m1.236 ms - 11[0m
[0mGET / [32m200 [0m0.476 ms - 11[0m
[0mGET / [32m200 [0m0.298 ms - 11[0m
[0mGET / [32m200 [0m7.391 ms - 11[0m
[0mGET / [32m200 [0m2.559 ms - 11[0m
[0mGET / [32m200 [0m1.474 ms - 11[0m
[0mGET / [32m200 [0m0.365 ms - 11[0m
[0mGET / [32m200 [0m11.148 ms - 11[0m
[0mGET / [32m200 [0m0.283 ms - 11[0m
[0mGET / [32m200 [0m0.641 ms - 11[0m
[0mGET / [32m200 [0m4.583 ms - 11[0m
[0mGET / [32m200 [0m12.710 ms - 11[0m
[0mGET / [32m200 [0m6.097 ms - 11[0m
[0mGET / [32m200 [0m0.777 ms - 11[0m
[0mGET / [32m200 [0m1.898 ms - 11[0m
[0mGET / [32m200 [0m1.978 ms - 11[0m
[0mGET / [32m200 [0m11.858 ms - 11[0m
[0mGET / [32m200 [0m1.481 ms - 11[0m
[0mGET / [32m200 [0m0.345 ms - 11[0m
[0mGET / [32m200 [0m12.595 ms - 11[0m
[0mGET / [32m200 [0m6.796 ms - 11[0m
[0mGET / [32m200 [0m4.967 ms - 11[0m
[0mGET / [32m200 [0m0.306 ms - 11[0m
[0mGET / [32m200 [0m13.742 ms - 11[0m
[0mGET / [32m200 [0m6.770 ms - 11[0m
[0mGET / [32m200 [0m0.666 ms - 11[0m
[0mGET / [32m200 [0m0.346 ms - 11[0m
[0mGET / [32m200 [0m0.372 ms - 11[0m
[0mGET / [32m200 [0m0.332 ms - 11[0m
[0mGET / [32m200 [0m0.491 ms - 11[0m
[0mGET / [32m200 [0m9.533 ms - 11[0m
[0mGET / [32m200 [0m2.333 ms - 11[0m
[0mGET / [32m200 [0m1.398 ms - 11[0m
[0mGET / [32m200 [0m0.479 ms - 11[0m
[0mGET / [32m200 [0m0.322 ms - 11[0m
[0mGET / [32m200 [0m0.354 ms - 11[0m
[0mGET / [32m200 [0m1.985 ms - 11[0m
[0mGET / [32m200 [0m5.511 ms - 11[0m
[0mGET / [32m200 [0m0.354 ms - 11[0m
[0mGET / [32m200 [0m5.526 ms - 11[0m
[0mGET / [32m200 [0m0.900 ms - 11[0m
[0mGET / [32m200 [0m4.353 ms - 11[0m
[0mGET / [32m200 [0m0.309 ms - 11[0m
[0mGET / [32m200 [0m0.428 ms - 11[0m
[0mGET / [32m200 [0m1.419 ms - 11[0m
[0mGET / [32m200 [0m1.146 ms - 11[0m
[0mGET / [32m200 [0m0.767 ms - 11[0m
[0mGET / [32m200 [0m9.139 ms - 11[0m
[0mGET / [32m200 [0m0.405 ms - 11[0m
[0mGET / [32m200 [0m3.796 ms - 11[0m
[0mGET / [32m200 [0m0.305 ms - 11[0m
[0mGET / [32m200 [0m10.270 ms - 11[0m
[0mGET / [32m200 [0m0.846 ms - 11[0m
[0mGET / [32m200 [0m9.123 ms - 11[0m
[0mGET / [32m200 [0m9.704 ms - 11[0m
[0mGET / [32m200 [0m1.050 ms - 11[0m
[0mGET / [32m200 [0m3.788 ms - 11[0m
[0mGET / [32m200 [0m7.565 ms - 11[0m
[0mGET / [32m200 [0m2.251 ms - 11[0m
[0mGET / [32m200 [0m1.397 ms - 11[0m
[0mGET / [32m200 [0m0.408 ms - 11[0m
[0mGET / [32m200 [0m7.172 ms - 11[0m
[0mGET / [32m200 [0m0.275 ms - 11[0m
[0mGET / [32m200 [0m10.820 ms - 11[0m
[0mGET / [32m200 [0m10.154 ms - 11[0m
[0mGET / [32m200 [0m0.820 ms - 11[0m
[0mGET / [32m200 [0m0.327 ms - 11[0m
[0mGET / [32m200 [0m4.693 ms - 11[0m
[0mGET / [32m200 [0m4.913 ms - 11[0m
[0mGET / [32m200 [0m1.688 ms - 11[0m
[0mGET / [32m200 [0m1.195 ms - 11[0m
[0mGET / [32m200 [0m9.609 ms - 11[0m
[0mGET / [32m200 [0m0.912 ms - 11[0m
[0mGET / [32m200 [0m0.457 ms - 11[0m
[0mGET / [32m200 [0m1.470 ms - 11[0m
[0mGET / [32m200 [0m14.155 ms - 11[0m
[0mGET / [32m200 [0m0.709 ms - 11[0m
[0mGET / [32m200 [0m1.110 ms - 11[0m
[0mGET / [32m200 [0m0.616 ms - 11[0m
[0mGET / [32m200 [0m0.560 ms - 11[0m
[0mGET / [32m200 [0m0.315 ms - 11[0m
[0mGET / [32m200 [0m1.341 ms - 11[0m
[0mGET / [32m200 [0m1.638 ms - 11[0m
[0mGET / [32m200 [0m6.439 ms - 11[0m
[0mGET / [32m200 [0m1.189 ms - 11[0m
[0mGET / [32m200 [0m0.711 ms - 11[0m
[0mGET / [32m200 [0m0.417 ms - 11[0m
[0mGET / [32m200 [0m15.572 ms - 11[0m
[0mGET / [32m200 [0m1.738 ms - 11[0m
[0mGET / [32m200 [0m1.184 ms - 11[0m
[0mGET / [32m200 [0m0.336 ms - 11[0m
[0mGET / [32m200 [0m0.396 ms - 11[0m
[0mGET / [32m200 [0m2.608 ms - 11[0m
[0mGET / [32m200 [0m13.220 ms - 11[0m
[0mGET / [32m200 [0m6.766 ms - 11[0m
[0mGET / [32m200 [0m12.088 ms - 11[0m
[0mGET / [32m200 [0m5.140 ms - 11[0m
[0mGET / [32m200 [0m0.556 ms - 11[0m
[0mGET / [32m200 [0m2.440 ms - 11[0m
[0mGET / [32m200 [0m13.984 ms - 11[0m
[0mGET / [32m200 [0m11.490 ms - 11[0m
[0mGET / [32m200 [0m4.044 ms - 11[0m
[0mGET / [32m200 [0m0.369 ms - 11[0m
[0mGET / [32m200 [0m0.517 ms - 11[0m
[0mGET / [32m200 [0m4.153 ms - 11[0m
[0mGET / [32m200 [0m0.958 ms - 11[0m
[0mGET / [32m200 [0m0.351 ms - 11[0m
[0mGET / [32m200 [0m12.597 ms - 11[0m
[0mGET / [32m200 [0m8.810 ms - 11[0m
[0mGET / [32m200 [0m1.716 ms - 11[0m
[0mGET / [32m200 [0m0.755 ms - 11[0m
[0mGET / [32m200 [0m3.989 ms - 11[0m
[0mGET / [32m200 [0m5.225 ms - 11[0m
[0mGET / [32m200 [0m141.603 ms - 11[0m
[0mGET / [32m200 [0m132.222 ms - 11[0m
[0mGET / [32m200 [0m7.878 ms - 11[0m
[0mGET / [32m200 [0m2.570 ms - 11[0m
[0mGET / [32m200 [0m10.102 ms - 11[0m
[0mGET / [32m200 [0m0.759 ms - 11[0m
[0mGET / [32m200 [0m6.947 ms - 11[0m
[0mGET / [32m200 [0m1.056 ms - 11[0m
[0mGET / [32m200 [0m2.275 ms - 11[0m
[0mGET / [32m200 [0m1.318 ms - 11[0m
[0mGET / [32m200 [0m1.015 ms - 11[0m
[0mGET / [32m200 [0m0.617 ms - 11[0m
[0mGET / [32m200 [0m8.691 ms - 11[0m
[0mGET / [32m200 [0m1.016 ms - 11[0m
[0mGET / [32m200 [0m4.504 ms - 11[0m
[0mGET / [32m200 [0m1.182 ms - 11[0m
[0mGET / [32m200 [0m0.427 ms - 11[0m
[0mGET / [32m200 [0m0.751 ms - 11[0m
[0mGET / [32m200 [0m0.359 ms - 11[0m
[0mGET / [32m200 [0m3.095 ms - 11[0m
[0mGET / [32m200 [0m4.857 ms - 11[0m
[0mGET / [32m200 [0m0.340 ms - 11[0m
[0mGET / [32m200 [0m0.559 ms - 11[0m
[0mGET / [32m200 [0m2.841 ms - 11[0m
[0mGET / [32m200 [0m5.368 ms - 11[0m
[0mGET / [32m200 [0m0.841 ms - 11[0m
[0mGET / [32m200 [0m2.501 ms - 11[0m
[0mGET / [32m200 [0m2.479 ms - 11[0m
[0mGET / [32m200 [0m10.100 ms - 11[0m
[0mGET / [32m200 [0m5.580 ms - 11[0m
[0mGET / [32m200 [0m1.935 ms - 11[0m
[0mGET / [32m200 [0m1.191 ms - 11[0m
[0mGET / [32m200 [0m1.063 ms - 11[0m
[0mGET / [32m200 [0m0.371 ms - 11[0m
[0mGET / [32m200 [0m0.338 ms - 11[0m
[0mGET / [32m200 [0m0.478 ms - 11[0m
[0mGET / [32m200 [0m3.381 ms - 11[0m
[0mGET / [32m200 [0m0.490 ms - 11[0m
[0mGET / [32m200 [0m0.549 ms - 11[0m
[0mGET / [32m200 [0m0.967 ms - 11[0m
[0mGET / [32m200 [0m4.114 ms - 11[0m
[0mGET / [32m200 [0m0.327 ms - 11[0m
[0mGET / [32m200 [0m0.565 ms - 11[0m
[0mGET / [32m200 [0m0.965 ms - 11[0m
[0mGET / [32m200 [0m6.743 ms - 11[0m
[0mGET / [32m200 [0m0.327 ms - 11[0m
[0mGET / [32m200 [0m2.122 ms - 11[0m
[0mGET / [32m200 [0m0.817 ms - 11[0m
[0mGET / [32m200 [0m8.651 ms - 11[0m
[0mGET / [32m200 [0m0.963 ms - 11[0m
[0mGET / [32m200 [0m3.267 ms - 11[0m
[0mGET / [32m200 [0m3.542 ms - 11[0m
[0mGET / [32m200 [0m5.003 ms - 11[0m
[0mGET / [32m200 [0m0.389 ms - 11[0m
[0mGET / [32m200 [0m3.350 ms - 11[0m
[0mGET / [32m200 [0m2.721 ms - 11[0m
[0mGET / [32m200 [0m8.533 ms - 11[0m
[0mGET / [32m200 [0m0.317 ms - 11[0m
[0mGET / [32m200 [0m1.879 ms - 11[0m
[0mGET / [32m200 [0m1.628 ms - 11[0m
[0mGET / [32m200 [0m14.350 ms - 11[0m
[0mGET / [32m200 [0m1.340 ms - 11[0m
[0mGET / [32m200 [0m3.826 ms - 11[0m
[0mGET / [32m200 [0m0.582 ms - 11[0m
[0mGET / [32m200 [0m9.280 ms - 11[0m
[0mGET / [32m200 [0m0.964 ms - 11[0m
[0mGET / [32m200 [0m7.909 ms - 11[0m
[0mGET / [32m200 [0m8.820 ms - 11[0m
[0mGET / [32m200 [0m11.431 ms - 11[0m
[0mGET / [32m200 [0m0.847 ms - 11[0m
[0mGET / [32m200 [0m8.460 ms - 11[0m
[0mGET / [32m200 [0m0.320 ms - 11[0m
[0mGET / [32m200 [0m9.980 ms - 11[0m
[0mGET / [32m200 [0m9.048 ms - 11[0m
[0mGET / [32m200 [0m2.890 ms - 11[0m
[0mGET / [32m200 [0m0.816 ms - 11[0m
[0mGET / [32m200 [0m4.510 ms - 11[0m
[0mGET / [32m200 [0m12.112 ms - 11[0m
[0mGET / [32m200 [0m17.296 ms - 11[0m
[0mGET / [32m200 [0m2.571 ms - 11[0m
[0mGET / [32m200 [0m10.882 ms - 11[0m
[0mGET / [32m200 [0m6.619 ms - 11[0m
[0mGET / [32m200 [0m3.623 ms - 11[0m
[0mGET / [32m200 [0m0.362 ms - 11[0m
[0mGET / [32m200 [0m3.531 ms - 11[0m
[0mGET / [32m200 [0m1.255 ms - 11[0m
[0mGET / [32m200 [0m8.171 ms - 11[0m
[0mGET / [32m200 [0m8.462 ms - 11[0m
[0mGET / [32m200 [0m0.845 ms - 11[0m
[0mGET / [32m200 [0m0.690 ms - 11[0m
[0mGET / [32m200 [0m15.220 ms - 11[0m
[0mGET / [32m200 [0m8.703 ms - 11[0m
[0mGET / [32m200 [0m1.052 ms - 11[0m
[0mGET / [32m200 [0m3.507 ms - 11[0m
[0mGET / [32m200 [0m7.612 ms - 11[0m
[0mGET / [32m200 [0m12.921 ms - 11[0m
[0mGET / [32m200 [0m4.230 ms - 11[0m
[0mGET / [32m200 [0m12.713 ms - 11[0m
[0mGET / [32m200 [0m9.582 ms - 11[0m
[0mGET / [32m200 [0m10.767 ms - 11[0m
[0mGET / [32m200 [0m0.368 ms - 11[0m
[0mGET / [32m200 [0m5.765 ms - 11[0m
[0mGET / [32m200 [0m13.014 ms - 11[0m
[0mGET / [32m200 [0m6.427 ms - 11[0m
[0mGET / [32m200 [0m1.446 ms - 11[0m
[0mGET / [32m200 [0m0.349 ms - 11[0m
[0mGET / [32m200 [0m0.554 ms - 11[0m
[0mGET / [32m200 [0m5.170 ms - 11[0m
[0mGET / [32m200 [0m9.241 ms - 11[0m
[0mGET / [32m200 [0m0.935 ms - 11[0m
[0mGET / [32m200 [0m5.912 ms - 11[0m
[0mGET / [32m200 [0m6.328 ms - 11[0m
[0mGET / [32m200 [0m1.438 ms - 11[0m
[0mGET / [32m200 [0m0.390 ms - 11[0m
[0mGET / [32m200 [0m3.037 ms - 11[0m
[0mGET / [32m200 [0m0.455 ms - 11[0m
[0mGET / [32m200 [0m0.368 ms - 11[0m
[0mGET / [32m200 [0m0.525 ms - 11[0m
[0mGET / [32m200 [0m12.042 ms - 11[0m
[0mGET / [32m200 [0m0.891 ms - 11[0m
[0mGET / [32m200 [0m4.610 ms - 11[0m
[0mGET / [32m200 [0m0.347 ms - 11[0m
[0mGET / [32m200 [0m8.180 ms - 11[0m
[0mGET / [32m200 [0m8.467 ms - 11[0m
[0mGET / [32m200 [0m0.503 ms - 11[0m
[0mGET / [32m200 [0m0.383 ms - 11[0m
[0mGET / [32m200 [0m0.546 ms - 11[0m
[0mGET / [32m200 [0m0.368 ms - 11[0m
[0mGET / [32m200 [0m0.935 ms - 11[0m
[0mGET / [32m200 [0m0.330 ms - 11[0m
[0mGET / [32m200 [0m4.276 ms - 11[0m
[0mGET / [32m200 [0m10.570 ms - 11[0m
[0mGET / [32m200 [0m0.471 ms - 11[0m
[0mGET / [32m200 [0m0.691 ms - 11[0m
[0mGET / [32m200 [0m6.141 ms - 11[0m
[0mGET / [32m200 [0m6.546 ms - 11[0m
[0mGET / [32m200 [0m1.292 ms - 11[0m
[0mGET / [32m200 [0m1.082 ms - 11[0m
[0mGET / [32m200 [0m0.372 ms - 11[0m
[0mGET / [32m200 [0m5.852 ms - 11[0m
[0mGET / [32m200 [0m0.739 ms - 11[0m
[0mGET / [32m200 [0m0.521 ms - 11[0m
[0mGET / [32m200 [0m13.826 ms - 11[0m
[0mGET / [32m200 [0m9.527 ms - 11[0m
[0mGET / [32m200 [0m0.460 ms - 11[0m
[0mGET / [32m200 [0m2.892 ms - 11[0m
[0mGET / [32m200 [0m3.179 ms - 11[0m
[0mGET / [32m200 [0m0.432 ms - 11[0m
[0mGET / [32m200 [0m1.310 ms - 11[0m
[0mGET / [32m200 [0m0.390 ms - 11[0m
[0mGET / [32m200 [0m8.462 ms - 11[0m
[0mGET / [32m200 [0m0.442 ms - 11[0m
[0mGET / [32m200 [0m0.344 ms - 11[0m
[0mGET / [32m200 [0m0.401 ms - 11[0m
[0mGET / [32m200 [0m1.513 ms - 11[0m
[0mGET / [32m200 [0m0.456 ms - 11[0m
[0mGET / [32m200 [0m0.413 ms - 11[0m
[0mGET / [32m200 [0m4.196 ms - 11[0m
[0mGET / [32m200 [0m2.029 ms - 11[0m
[0mGET / [32m200 [0m2.923 ms - 11[0m
[0mGET / [32m200 [0m1.521 ms - 11[0m
[0mGET / [32m200 [0m0.390 ms - 11[0m
[0mGET / [32m200 [0m7.205 ms - 11[0m
[0mGET / [32m200 [0m0.766 ms - 11[0m
[0mGET / [32m200 [0m2.563 ms - 11[0m
[0mGET / [32m200 [0m0.357 ms - 11[0m
[0mGET / [32m200 [0m9.701 ms - 11[0m
[0mGET / [32m200 [0m5.013 ms - 11[0m
[0mGET / [32m200 [0m0.899 ms - 11[0m
[0mGET / [32m200 [0m0.398 ms - 11[0m
[0mGET / [32m200 [0m7.014 ms - 11[0m
[0mGET / [32m200 [0m7.244 ms - 11[0m
[0mGET / [32m200 [0m0.407 ms - 11[0m
[0mGET / [32m200 [0m0.732 ms - 11[0m
[0mGET / [32m200 [0m7.826 ms - 11[0m
[0mGET / [32m200 [0m8.056 ms - 11[0m
[0mGET / [32m200 [0m7.816 ms - 11[0m
[0mGET / [32m200 [0m9.823 ms - 11[0m
[0mGET / [32m200 [0m3.984 ms - 11[0m
[0mGET / [32m200 [0m0.353 ms - 11[0m
[0mGET / [32m200 [0m0.343 ms - 11[0m
[0mGET / [32m200 [0m0.383 ms - 11[0m
[0mGET / [32m200 [0m9.432 ms - 11[0m
[0mGET / [32m200 [0m9.422 ms - 11[0m
[0mGET / [32m200 [0m10.174 ms - 11[0m
[0mGET / [32m200 [0m0.276 ms - 11[0m
[0mGET / [32m200 [0m12.527 ms - 11[0m
[0mGET / [32m200 [0m0.978 ms - 11[0m
[0mGET / [32m200 [0m0.719 ms - 11[0m
[0mGET / [32m200 [0m4.283 ms - 11[0m
[0mGET / [32m200 [0m0.451 ms - 11[0m
[0mGET / [32m200 [0m3.095 ms - 11[0m
[0mGET / [32m200 [0m7.367 ms - 11[0m
[0mGET / [32m200 [0m1.471 ms - 11[0m
[0mGET / [32m200 [0m9.595 ms - 11[0m
[0mGET / [32m200 [0m11.858 ms - 11[0m
[0mGET / [32m200 [0m1.063 ms - 11[0m
[0mGET / [32m200 [0m0.499 ms - 11[0m
[0mGET / [32m200 [0m0.386 ms - 11[0m
[0mGET / [32m200 [0m3.742 ms - 11[0m
[0mGET / [32m200 [0m5.854 ms - 11[0m
[0mGET / [32m200 [0m0.530 ms - 11[0m
[0mGET / [32m200 [0m7.883 ms - 11[0m
[0mGET / [32m200 [0m9.406 ms - 11[0m
[0mGET / [32m200 [0m8.653 ms - 11[0m
[0mGET / [32m200 [0m0.325 ms - 11[0m
[0mGET / [32m200 [0m13.456 ms - 11[0m
[0mGET / [32m200 [0m13.339 ms - 11[0m
[0mGET / [32m200 [0m1.088 ms - 11[0m
[0mGET / [32m200 [0m1.799 ms - 11[0m
[0mGET / [32m200 [0m13.404 ms - 11[0m
[0mGET / [32m200 [0m13.863 ms - 11[0m
[0mGET / [32m200 [0m2.674 ms - 11[0m
[0mGET / [32m200 [0m6.365 ms - 11[0m
[0mGET / [32m200 [0m9.500 ms - 11[0m
[0mGET / [32m200 [0m0.803 ms - 11[0m
[0mGET / [32m200 [0m0.885 ms - 11[0m
[0mGET / [32m200 [0m2.380 ms - 11[0m
[0mGET / [32m200 [0m0.555 ms - 11[0m
[0mGET / [32m200 [0m0.932 ms - 11[0m
[0mGET / [32m200 [0m6.554 ms - 11[0m
[0mGET / [32m200 [0m0.397 ms - 11[0m
[0mGET / [32m200 [0m10.103 ms - 11[0m
[0mGET / [32m200 [0m11.615 ms - 11[0m
[0mGET / [32m200 [0m0.383 ms - 11[0m
[0mGET / [32m200 [0m0.389 ms - 11[0m
[0mGET / [32m200 [0m2.172 ms - 11[0m
[0mGET / [32m200 [0m2.234 ms - 11[0m
[0mGET / [32m200 [0m0.356 ms - 11[0m
[0mGET / [32m200 [0m0.501 ms - 11[0m
[0mGET / [32m200 [0m3.948 ms - 11[0m
[0mGET / [32m200 [0m7.652 ms - 11[0m
[0mGET / [32m200 [0m0.348 ms - 11[0m
[0mGET / [32m200 [0m0.519 ms - 11[0m
[0mGET / [32m200 [0m9.249 ms - 11[0m
[0mGET / [32m200 [0m5.019 ms - 11[0m
[0mGET / [32m200 [0m1.916 ms - 11[0m
[0mGET / [32m200 [0m0.476 ms - 11[0m
[0mGET / [32m200 [0m2.189 ms - 11[0m
[0mGET / [32m200 [0m0.337 ms - 11[0m
[0mGET / [32m200 [0m0.846 ms - 11[0m
[0mGET / [32m200 [0m5.518 ms - 11[0m
[0mGET / [32m200 [0m8.897 ms - 11[0m
[0mGET / [32m200 [0m4.753 ms - 11[0m
[0mGET / [32m200 [0m2.193 ms - 11[0m
[0mGET / [32m200 [0m2.656 ms - 11[0m
[0mGET / [32m200 [0m1.134 ms - 11[0m
[0mGET / [32m200 [0m0.808 ms - 11[0m
[0mGET / [32m200 [0m12.096 ms - 11[0m
[0mGET / [32m200 [0m0.285 ms - 11[0m
[0mGET / [32m200 [0m15.073 ms - 11[0m
[0mGET / [32m200 [0m2.305 ms - 11[0m
[0mGET / [32m200 [0m0.553 ms - 11[0m
[0mGET / [32m200 [0m5.307 ms - 11[0m
[0mGET / [32m200 [0m11.850 ms - 11[0m
[0mGET / [32m200 [0m5.681 ms - 11[0m
[0mGET / [32m200 [0m1.800 ms - 11[0m
[0mGET / [32m200 [0m1.214 ms - 11[0m
[0mGET / [32m200 [0m6.596 ms - 11[0m
[0mGET / [32m200 [0m0.928 ms - 11[0m
[0mGET / [32m200 [0m1.068 ms - 11[0m
[0mGET / [32m200 [0m1.036 ms - 11[0m
[0mGET / [32m200 [0m8.144 ms - 11[0m
[0mGET / [32m200 [0m12.516 ms - 11[0m
[0mGET / [32m200 [0m4.384 ms - 11[0m
[0mGET / [32m200 [0m1.289 ms - 11[0m
[0mGET / [32m200 [0m0.606 ms - 11[0m
[0mGET / [32m200 [0m3.951 ms - 11[0m
[0mGET / [32m200 [0m2.175 ms - 11[0m
[0mGET / [32m200 [0m0.356 ms - 11[0m
[0mGET / [32m200 [0m3.350 ms - 11[0m
[0mGET / [32m200 [0m0.938 ms - 11[0m
[0mGET / [32m200 [0m1.558 ms - 11[0m
[0mGET / [32m200 [0m2.161 ms - 11[0m
[0mGET / [32m200 [0m1.043 ms - 11[0m
[0mGET / [32m200 [0m0.338 ms - 11[0m
[0mGET / [32m200 [0m0.444 ms - 11[0m
[0mGET / [32m200 [0m0.466 ms - 11[0m
[0mGET / [32m200 [0m5.775 ms - 11[0m
[0mGET / [32m200 [0m0.359 ms - 11[0m
[0mGET / [32m200 [0m0.873 ms - 11[0m
[0mGET / [32m200 [0m0.418 ms - 11[0m
[0mGET / [32m200 [0m7.875 ms - 11[0m
[0mGET / [32m200 [0m0.879 ms - 11[0m
[0mGET / [32m200 [0m0.519 ms - 11[0m
[0mGET / [32m200 [0m7.260 ms - 11[0m
[0mGET / [32m200 [0m6.413 ms - 11[0m
[0mGET / [32m200 [0m0.938 ms - 11[0m
[0mGET / [32m200 [0m0.347 ms - 11[0m
[0mGET / [32m200 [0m7.816 ms - 11[0m
[0mGET / [32m200 [0m10.865 ms - 11[0m
[0mGET / [32m200 [0m5.883 ms - 11[0m
[0mGET / [32m200 [0m0.343 ms - 11[0m
[0mGET / [32m200 [0m0.301 ms - 11[0m
[0mGET / [32m200 [0m14.051 ms - 11[0m
[0mGET / [32m200 [0m6.664 ms - 11[0m
[0mGET / [32m200 [0m1.344 ms - 11[0m
[0mGET / [32m200 [0m2.361 ms - 11[0m
[0mGET / [32m200 [0m5.554 ms - 11[0m
[0mGET / [32m200 [0m0.808 ms - 11[0m
[0mGET / [32m200 [0m0.436 ms - 11[0m
[0mGET / [32m200 [0m0.950 ms - 11[0m
[0mGET / [32m200 [0m0.409 ms - 11[0m
[0mGET / [32m200 [0m0.340 ms - 11[0m
[0mGET / [32m200 [0m0.426 ms - 11[0m
[0mGET / [32m200 [0m0.446 ms - 11[0m
[0mGET / [32m200 [0m0.999 ms - 11[0m
[0mGET / [32m200 [0m1.838 ms - 11[0m
[0mGET / [32m200 [0m13.634 ms - 11[0m
[0mGET / [32m200 [0m1.080 ms - 11[0m
[0mGET / [32m200 [0m1.484 ms - 11[0m
[0mGET / [32m200 [0m1.398 ms - 11[0m
[0mGET / [32m200 [0m0.990 ms - 11[0m
[0mGET / [32m200 [0m0.336 ms - 11[0m
[0mGET / [32m200 [0m10.165 ms - 11[0m
[0mGET / [32m200 [0m0.749 ms - 11[0m
[0mGET / [32m200 [0m0.551 ms - 11[0m
[0mGET / [32m200 [0m0.307 ms - 11[0m
[0mGET / [32m200 [0m1.549 ms - 11[0m
[0mGET / [32m200 [0m0.348 ms - 11[0m
[0mGET / [32m200 [0m0.362 ms - 11[0m
[0mGET / [32m200 [0m0.948 ms - 11[0m
[0mGET / [32m200 [0m10.091 ms - 11[0m
[0mGET / [32m200 [0m0.897 ms - 11[0m
[0mGET / [32m200 [0m0.420 ms - 11[0m
[0mGET / [32m200 [0m1.500 ms - 11[0m
[0mGET / [32m200 [0m8.676 ms - 11[0m
[0mGET / [32m200 [0m0.767 ms - 11[0m
[0mGET / [32m200 [0m0.440 ms - 11[0m
[0mGET / [32m200 [0m2.281 ms - 11[0m
[0mGET / [32m200 [0m0.719 ms - 11[0m
[0mGET / [32m200 [0m0.472 ms - 11[0m
[0mGET / [32m200 [0m0.458 ms - 11[0m
[0mGET / [32m200 [0m1.546 ms - 11[0m
[0mGET / [32m200 [0m11.703 ms - 11[0m
[0mGET / [32m200 [0m10.417 ms - 11[0m
[0mGET / [32m200 [0m0.470 ms - 11[0m
[0mGET / [32m200 [0m3.194 ms - 11[0m
[0mGET / [32m200 [0m16.396 ms - 11[0m
[0mGET / [32m200 [0m12.645 ms - 11[0m
[0mGET / [32m200 [0m0.461 ms - 11[0m
[0mGET / [32m200 [0m0.649 ms - 11[0m
[0mGET / [32m200 [0m7.204 ms - 11[0m
[0mGET / [32m200 [0m10.063 ms - 11[0m
[0mGET / [32m200 [0m1.478 ms - 11[0m
[0mGET / [32m200 [0m3.670 ms - 11[0m
[0mGET / [32m200 [0m0.362 ms - 11[0m
[0mGET / [32m200 [0m2.759 ms - 11[0m
[0mGET / [32m200 [0m0.619 ms - 11[0m
[0mGET / [32m200 [0m0.650 ms - 11[0m
[0mGET / [32m200 [0m6.024 ms - 11[0m
[0mGET / [32m200 [0m0.373 ms - 11[0m
[0mGET / [32m200 [0m0.372 ms - 11[0m
[0mGET / [32m200 [0m3.628 ms - 11[0m
[0mGET / [32m200 [0m4.553 ms - 11[0m
[0mGET / [32m200 [0m0.616 ms - 11[0m
[0mGET / [32m200 [0m0.655 ms - 11[0m
[0mGET / [32m200 [0m1.713 ms - 11[0m
[0mGET / [32m200 [0m12.789 ms - 11[0m
[0mGET / [32m200 [0m0.550 ms - 11[0m
[0mGET / [32m200 [0m7.051 ms - 11[0m
[0mGET / [32m200 [0m1.809 ms - 11[0m
[0mGET / [32m200 [0m1.486 ms - 11[0m
[0mGET / [32m200 [0m3.047 ms - 11[0m
[0mGET / [32m200 [0m2.807 ms - 11[0m
[0mGET / [32m200 [0m2.814 ms - 11[0m
[0mGET / [32m200 [0m7.129 ms - 11[0m
[0mGET / [32m200 [0m5.245 ms - 11[0m
[0mGET / [32m200 [0m17.236 ms - 11[0m
[0mGET / [32m200 [0m1.767 ms - 11[0m
[0mGET / [32m200 [0m12.367 ms - 11[0m
[0mGET / [32m200 [0m0.707 ms - 11[0m
[0mGET / [32m200 [0m0.902 ms - 11[0m
[0mGET / [32m200 [0m0.333 ms - 11[0m
[0mGET / [32m200 [0m1.295 ms - 11[0m
[0mGET / [32m200 [0m0.332 ms - 11[0m
[0mGET / [32m200 [0m0.380 ms - 11[0m
[0mGET / [32m200 [0m1.655 ms - 11[0m
[0mGET / [32m200 [0m8.208 ms - 11[0m
[0mGET / [32m200 [0m0.981 ms - 11[0m
[0mGET / [32m200 [0m0.362 ms - 11[0m
[0mGET / [32m200 [0m0.539 ms - 11[0m
[0mGET / [32m200 [0m15.297 ms - 11[0m
[0mGET / [32m200 [0m11.304 ms - 11[0m
[0mGET / [32m200 [0m0.461 ms - 11[0m
[0mGET / [32m200 [0m0.564 ms - 11[0m
[0mGET / [32m200 [0m4.459 ms - 11[0m
[0mGET / [32m200 [0m0.359 ms - 11[0m
[0mGET / [32m200 [0m1.346 ms - 11[0m
[0mGET / [32m200 [0m5.763 ms - 11[0m
[0mGET / [32m200 [0m8.568 ms - 11[0m
[0mGET / [32m200 [0m9.351 ms - 11[0m
[0mGET / [32m200 [0m0.374 ms - 11[0m
[0mGET / [32m200 [0m0.883 ms - 11[0m
[0mGET / [32m200 [0m15.038 ms - 11[0m
[0mGET / [32m200 [0m0.325 ms - 11[0m
[0mGET / [32m200 [0m1.008 ms - 11[0m
[0mGET / [32m200 [0m6.514 ms - 11[0m
[0mGET / [32m200 [0m0.826 ms - 11[0m
[0mGET / [32m200 [0m1.508 ms - 11[0m
[0mGET / [32m200 [0m0.547 ms - 11[0m
[0mGET / [32m200 [0m0.348 ms - 11[0m
[0mGET / [32m200 [0m7.728 ms - 11[0m
[0mGET / [32m200 [0m1.322 ms - 11[0m
[0mGET / [32m200 [0m0.637 ms - 11[0m
[0mGET / [32m200 [0m0.375 ms - 11[0m
[0mGET / [32m200 [0m6.107 ms - 11[0m
[0mGET / [32m200 [0m0.339 ms - 11[0m
[0mGET / [32m200 [0m0.423 ms - 11[0m
[0mGET / [32m200 [0m0.333 ms - 11[0m
[0mGET / [32m200 [0m0.543 ms - 11[0m
[0mGET / [32m200 [0m2.007 ms - 11[0m
[0mGET / [32m200 [0m15.881 ms - 11[0m
[0mGET / [32m200 [0m0.348 ms - 11[0m
[0mGET / [32m200 [0m7.150 ms - 11[0m
[0mGET / [32m200 [0m0.796 ms - 11[0m
[0mGET / [32m200 [0m1.038 ms - 11[0m
[0mGET / [32m200 [0m2.347 ms - 11[0m
[0mGET / [32m200 [0m1.357 ms - 11[0m
[0mGET / [32m200 [0m2.418 ms - 11[0m
[0mGET / [32m200 [0m0.377 ms - 11[0m
[0mGET / [32m200 [0m0.314 ms - 11[0m
[0mGET / [32m200 [0m7.356 ms - 11[0m
[0mGET / [32m200 [0m13.562 ms - 11[0m
[0mGET / [32m200 [0m16.345 ms - 11[0m
[0mGET / [32m200 [0m0.794 ms - 11[0m
io enter middleware
check player id undefined
[0mGET / [32m200 [0m16.887 ms - 11[0m
[0mGET / [32m200 [0m0.390 ms - 11[0m
[0mGET / [32m200 [0m1.151 ms - 11[0m
[0mGET / [32m200 [0m0.400 ms - 11[0m
[0mGET / [32m200 [0m12.151 ms - 11[0m
[0mGET / [32m200 [0m10.793 ms - 11[0m
[0mGET / [32m200 [0m0.356 ms - 11[0m
[0mGET / [32m200 [0m0.888 ms - 11[0m
[0mGET / [32m200 [0m14.272 ms - 11[0m
[0mGET / [32m200 [0m15.952 ms - 11[0m
[0mGET / [32m200 [0m1.977 ms - 11[0m
[0mGET / [32m200 [0m2.903 ms - 11[0m
[0mGET / [32m200 [0m4.153 ms - 11[0m
[0mGET / [32m200 [0m0.847 ms - 11[0m
[0mGET / [32m200 [0m14.391 ms - 11[0m
[0mGET / [32m200 [0m7.702 ms - 11[0m
[0mGET / [32m200 [0m31.769 ms - 11[0m
[0mGET / [32m200 [0m0.497 ms - 11[0m
[0mGET / [32m200 [0m1.745 ms - 11[0m
[0mGET / [32m200 [0m0.390 ms - 11[0m
[0mGET / [32m200 [0m1.047 ms - 11[0m
[0mGET / [32m200 [0m0.336 ms - 11[0m
[0mGET / [32m200 [0m0.443 ms - 11[0m
[0mGET / [32m200 [0m6.879 ms - 11[0m
[0mGET / [32m200 [0m7.895 ms - 11[0m
[0mGET / [32m200 [0m0.849 ms - 11[0m
[0mGET / [32m200 [0m0.407 ms - 11[0m
[0mGET / [32m200 [0m1.161 ms - 11[0m
[0mGET / [32m200 [0m2.035 ms - 11[0m
[0mGET / [32m200 [0m2.072 ms - 11[0m
[0mGET / [32m200 [0m0.365 ms - 11[0m
[0mGET / [32m200 [0m0.330 ms - 11[0m
[0mGET / [32m200 [0m6.584 ms - 11[0m
[0mGET / [32m200 [0m0.870 ms - 11[0m
[0mGET / [32m200 [0m0.390 ms - 11[0m
[0mGET / [32m200 [0m0.495 ms - 11[0m
[0mGET / [32m200 [0m2.709 ms - 11[0m
[0mGET / [32m200 [0m1.352 ms - 11[0m
[0mGET / [32m200 [0m0.393 ms - 11[0m
[0mGET / [32m200 [0m0.378 ms - 11[0m
[0mGET / [32m200 [0m13.734 ms - 11[0m
[0mGET / [32m200 [0m5.083 ms - 11[0m
[0mGET / [32m200 [0m0.361 ms - 11[0m
[0mGET / [32m200 [0m0.386 ms - 11[0m
[0mGET / [32m200 [0m7.294 ms - 11[0m
[0mGET / [32m200 [0m4.608 ms - 11[0m
[0mGET / [32m200 [0m1.685 ms - 11[0m
[0mGET / [32m200 [0m0.329 ms - 11[0m
[0mGET / [32m200 [0m12.134 ms - 11[0m
[0mGET / [32m200 [0m3.567 ms - 11[0m
[0mGET / [32m200 [0m1.082 ms - 11[0m
[0mGET / [32m200 [0m0.340 ms - 11[0m
[0mGET / [32m200 [0m0.329 ms - 11[0m
[0mGET / [32m200 [0m0.895 ms - 11[0m
[0mGET / [32m200 [0m3.219 ms - 11[0m
[0mGET / [32m200 [0m2.166 ms - 11[0m
[0mGET / [32m200 [0m16.389 ms - 11[0m
[0mGET / [32m200 [0m9.357 ms - 11[0m
[0mGET / [32m200 [0m0.491 ms - 11[0m
[0mGET / [32m200 [0m0.471 ms - 11[0m
[0mGET / [32m200 [0m11.016 ms - 11[0m
[0mGET / [32m200 [0m0.873 ms - 11[0m
[0mGET / [32m200 [0m2.387 ms - 11[0m
[0mGET / [32m200 [0m2.610 ms - 11[0m
[0mGET / [32m200 [0m11.209 ms - 11[0m
[0mGET / [32m200 [0m6.279 ms - 11[0m
[0mGET / [32m200 [0m1.560 ms - 11[0m
[0mGET / [32m200 [0m0.973 ms - 11[0m
[0mGET / [32m200 [0m10.950 ms - 11[0m
[0mGET / [32m200 [0m6.550 ms - 11[0m
[0mGET / [32m200 [0m0.332 ms - 11[0m
[0mGET / [32m200 [0m2.965 ms - 11[0m
[0mGET / [32m200 [0m14.132 ms - 11[0m
[0mGET / [32m200 [0m10.828 ms - 11[0m
[0mGET / [32m200 [0m1.253 ms - 11[0m
[0mGET / [32m200 [0m0.767 ms - 11[0m
[0mGET / [32m200 [0m0.468 ms - 11[0m
[0mGET / [32m200 [0m0.384 ms - 11[0m
[0mGET / [32m200 [0m0.724 ms - 11[0m
[0mGET / [32m200 [0m0.795 ms - 11[0m
[0mGET / [32m200 [0m13.942 ms - 11[0m
[0mGET / [32m200 [0m9.002 ms - 11[0m
[0mGET / [32m200 [0m0.414 ms - 11[0m
[0mGET / [32m200 [0m0.752 ms - 11[0m
[0mGET / [32m200 [0m14.004 ms - 11[0m
[0mGET / [32m200 [0m10.039 ms - 11[0m
[0mGET / [32m200 [0m0.649 ms - 11[0m
[0mGET / [32m200 [0m0.785 ms - 11[0m
[0mGET / [32m200 [0m0.439 ms - 11[0m
[0mGET / [32m200 [0m0.383 ms - 11[0m
[0mGET / [32m200 [0m1.521 ms - 11[0m
[0mGET / [32m200 [0m0.351 ms - 11[0m
[0mGET / [32m200 [0m5.631 ms - 11[0m
[0mGET / [32m200 [0m0.895 ms - 11[0m
[0mGET / [32m200 [0m0.566 ms - 11[0m
[0mGET / [32m200 [0m2.256 ms - 11[0m
[0mGET / [32m200 [0m12.417 ms - 11[0m
[0mGET / [32m200 [0m6.198 ms - 11[0m
[0mGET / [32m200 [0m0.387 ms - 11[0m
[0mGET / [32m200 [0m0.322 ms - 11[0m
[0mGET / [32m200 [0m1.366 ms - 11[0m
[0mGET / [32m200 [0m3.642 ms - 11[0m
[0mGET / [32m200 [0m0.565 ms - 11[0m
[0mGET / [32m200 [0m0.738 ms - 11[0m
[0mGET / [32m200 [0m1.006 ms - 11[0m
[0mGET / [32m200 [0m0.690 ms - 11[0m
[0mGET / [32m200 [0m0.569 ms - 11[0m
[0mGET / [32m200 [0m0.756 ms - 11[0m
[0mGET / [32m200 [0m0.685 ms - 11[0m
[0mGET / [32m200 [0m0.396 ms - 11[0m
[0mGET / [32m200 [0m0.585 ms - 11[0m
[0mGET / [32m200 [0m0.746 ms - 11[0m
[0mGET / [32m200 [0m2.831 ms - 11[0m
[0mGET / [32m200 [0m0.749 ms - 11[0m
[0mGET / [32m200 [0m1.642 ms - 11[0m
[0mGET / [32m200 [0m0.257 ms - 11[0m
[0mGET / [32m200 [0m0.383 ms - 11[0m
[0mGET / [32m200 [0m0.344 ms - 11[0m
[0mGET / [32m200 [0m0.544 ms - 11[0m
[0mGET / [32m200 [0m0.741 ms - 11[0m
[0mGET / [32m200 [0m3.799 ms - 11[0m
[0mGET / [32m200 [0m1.538 ms - 11[0m
[0mGET / [32m200 [0m6.821 ms - 11[0m
[0mGET / [32m200 [0m2.590 ms - 11[0m
[0mGET / [32m200 [0m0.360 ms - 11[0m
[0mGET / [32m200 [0m2.065 ms - 11[0m
[0mGET / [32m200 [0m0.386 ms - 11[0m
[0mGET / [32m200 [0m0.466 ms - 11[0m
[0mGET / [32m200 [0m1.421 ms - 11[0m
[0mGET / [32m200 [0m0.318 ms - 11[0m
[0mGET / [32m200 [0m0.582 ms - 11[0m
[0mGET / [32m200 [0m1.563 ms - 11[0m
[0mGET / [32m200 [0m0.383 ms - 11[0m
[0mGET / [32m200 [0m0.369 ms - 11[0m
[0mGET / [32m200 [0m0.620 ms - 11[0m
[0mGET / [32m200 [0m0.758 ms - 11[0m
[0mGET / [32m200 [0m8.145 ms - 11[0m
[0mGET / [32m200 [0m0.332 ms - 11[0m
[0mGET / [32m200 [0m0.319 ms - 11[0m
[0mGET / [32m200 [0m0.944 ms - 11[0m
[0mGET / [32m200 [0m8.250 ms - 11[0m
[0mGET / [32m200 [0m7.646 ms - 11[0m
[0mGET / [32m200 [0m17.000 ms - 11[0m
[0mGET / [32m200 [0m0.294 ms - 11[0m
[0mGET / [32m200 [0m0.439 ms - 11[0m
[0mGET / [32m200 [0m0.336 ms - 11[0m
[0mGET / [32m200 [0m0.644 ms - 11[0m
[0mGET / [32m200 [0m1.442 ms - 11[0m
[0mGET / [32m200 [0m6.713 ms - 11[0m
[0mGET / [32m200 [0m0.830 ms - 11[0m
[0mGET / [32m200 [0m1.898 ms - 11[0m
[0mGET / [32m200 [0m4.970 ms - 11[0m
[0mGET / [32m200 [0m7.077 ms - 11[0m
[0mGET / [32m200 [0m0.850 ms - 11[0m
[0mGET / [32m200 [0m0.390 ms - 11[0m
[0mGET / [32m200 [0m3.903 ms - 11[0m
[0mGET / [32m200 [0m2.474 ms - 11[0m
[0mGET / [32m200 [0m1.409 ms - 11[0m
[0mGET / [32m200 [0m2.716 ms - 11[0m
[0mGET / [32m200 [0m0.405 ms - 11[0m
[0mGET / [32m200 [0m10.063 ms - 11[0m
[0mGET / [32m200 [0m0.863 ms - 11[0m
[0mGET / [32m200 [0m2.097 ms - 11[0m
[0mGET / [32m200 [0m0.548 ms - 11[0m
[0mGET / [32m200 [0m7.362 ms - 11[0m
[0mGET / [32m200 [0m9.098 ms - 11[0m
[0mGET / [32m200 [0m7.437 ms - 11[0m
[0mGET / [32m200 [0m0.433 ms - 11[0m
[0mGET / [32m200 [0m6.729 ms - 11[0m
[0mGET / [32m200 [0m9.156 ms - 11[0m
[0mGET / [32m200 [0m0.439 ms - 11[0m
[0mGET / [32m200 [0m6.639 ms - 11[0m
[0mGET / [32m200 [0m9.331 ms - 11[0m
[0mGET / [32m200 [0m0.958 ms - 11[0m
[0mGET / [32m200 [0m0.443 ms - 11[0m
[0mGET / [32m200 [0m2.099 ms - 11[0m
[0mGET / [32m200 [0m12.598 ms - 11[0m
[0mGET / [32m200 [0m0.983 ms - 11[0m
[0mGET / [32m200 [0m13.972 ms - 11[0m
[0mGET / [32m200 [0m7.459 ms - 11[0m
[0mGET / [32m200 [0m7.027 ms - 11[0m
[0mGET / [32m200 [0m0.577 ms - 11[0m
[0mGET / [32m200 [0m0.391 ms - 11[0m
[0mGET / [32m200 [0m0.552 ms - 11[0m
io enter middleware
check player id undefined
io enter middleware
check player id undefined
[0mGET / [32m200 [0m8.792 ms - 11[0m
[0mGET / [32m200 [0m9.950 ms - 11[0m
io enter middleware
check player id undefined
[0mGET / [32m200 [0m1.179 ms - 11[0m
[0mGET / [32m200 [0m2.750 ms - 11[0m
[0mGET / [32m200 [0m10.580 ms - 11[0m
[0mGET / [32m200 [0m0.989 ms - 11[0m
[0mGET / [32m200 [0m4.013 ms - 11[0m
[0mGET / [32m200 [0m0.414 ms - 11[0m
[0mGET / [32m200 [0m0.776 ms - 11[0m
[0mGET / [32m200 [0m0.360 ms - 11[0m
[0mGET / [32m200 [0m7.950 ms - 11[0m
[0mGET / [32m200 [0m14.944 ms - 11[0m
[0mGET / [32m200 [0m1.080 ms - 11[0m
[0mGET / [32m200 [0m1.522 ms - 11[0m
[0mGET / [32m200 [0m0.416 ms - 11[0m
[0mGET / [32m200 [0m0.599 ms - 11[0m
[0mGET / [32m200 [0m9.344 ms - 11[0m
[0mGET / [32m200 [0m12.187 ms - 11[0m
[0mGET / [32m200 [0m1.582 ms - 11[0m
[0mGET / [32m200 [0m0.381 ms - 11[0m
[0mGET / [32m200 [0m9.731 ms - 11[0m
[0mGET / [32m200 [0m0.914 ms - 11[0m
[0mGET / [32m200 [0m6.023 ms - 11[0m
[0mGET / [32m200 [0m0.339 ms - 11[0m
[0mGET / [32m200 [0m0.372 ms - 11[0m
[0mGET / [32m200 [0m3.430 ms - 11[0m
[0mGET / [32m200 [0m5.106 ms - 11[0m
[0mGET / [32m200 [0m0.869 ms - 11[0m
[0mGET / [32m200 [0m8.171 ms - 11[0m
[0mGET / [32m200 [0m1.075 ms - 11[0m
[0mGET / [32m200 [0m3.972 ms - 11[0m
[0mGET / [32m200 [0m1.021 ms - 11[0m
[0mGET / [32m200 [0m2.832 ms - 11[0m
[0mGET / [32m200 [0m3.533 ms - 11[0m
[0mGET / [32m200 [0m14.562 ms - 11[0m
[0mGET / [32m200 [0m1.312 ms - 11[0m
[0mGET / [32m200 [0m13.195 ms - 11[0m
[0mGET / [32m200 [0m2.230 ms - 11[0m
[0mGET / [32m200 [0m12.132 ms - 11[0m
[0mGET / [32m200 [0m1.586 ms - 11[0m
[0mGET / [32m200 [0m16.964 ms - 11[0m
[0mGET / [32m200 [0m7.651 ms - 11[0m
[0mGET / [32m200 [0m0.869 ms - 11[0m
[0mGET / [32m200 [0m0.383 ms - 11[0m
[0mGET / [32m200 [0m7.997 ms - 11[0m
[0mGET / [32m200 [0m0.418 ms - 11[0m
[0mGET / [32m200 [0m0.962 ms - 11[0m
[0mGET / [32m200 [0m8.636 ms - 11[0m
[0mGET / [32m200 [0m2.912 ms - 11[0m
[0mGET / [32m200 [0m0.383 ms - 11[0m
[0mGET / [32m200 [0m20.946 ms - 11[0m
[0mGET / [32m200 [0m19.982 ms - 11[0m
[0mGET / [32m200 [0m10.407 ms - 11[0m
[0mGET / [32m200 [0m3.833 ms - 11[0m
[0mGET / [32m200 [0m4.627 ms - 11[0m
[0mGET / [32m200 [0m0.470 ms - 11[0m
[0mGET / [32m200 [0m6.252 ms - 11[0m
[0mGET / [32m200 [0m0.370 ms - 11[0m
[0mGET / [32m200 [0m2.575 ms - 11[0m
[0mGET / [32m200 [0m7.418 ms - 11[0m
