ok
Config
2017-08-11T05:02:54.989Z
Cognito
the cognitoidentity is [object Object]
SNS
setting tcp
setting sns
PostAPI
PostAPI_Chat
PostAPI_Wall
PostAPI_Pet
PostAPI_Chips
PostAPI_Login
PostAPI_Shop
PostAPI_Debug
Game init
======================
apiPort listening 2493
tcpPort listening 3001
======================
Server listening at port 3001
[0mGET / [32m200 [0m12.887 ms - 11[0m
[0mGET / [32m200 [0m3.074 ms - 11[0m
[0mGET / [32m200 [0m23.875 ms - 11[0m
[0mGET / [32m200 [0m2.863 ms - 11[0m
[0mGET / [32m200 [0m1.168 ms - 11[0m
[0mGET / [32m200 [0m1.536 ms - 11[0m
[0mGET / [32m200 [0m0.527 ms - 11[0m
[0mGET / [32m200 [0m0.321 ms - 11[0m
[0mGET / [32m200 [0m0.720 ms - 11[0m
[0mGET / [32m200 [0m0.809 ms - 11[0m
[0mGET / [32m200 [0m0.629 ms - 11[0m
[0mGET / [32m200 [0m1.959 ms - 11[0m
[0mGET / [32m200 [0m0.524 ms - 11[0m
[0mGET / [32m200 [0m0.813 ms - 11[0m
[0mGET / [32m200 [0m1.425 ms - 11[0m
[0mGET / [32m200 [0m1.577 ms - 11[0m
[0mGET / [32m200 [0m0.498 ms - 11[0m
[0mGET / [32m200 [0m0.825 ms - 11[0m
[0mGET / [32m200 [0m2.579 ms - 11[0m
[0mGET / [32m200 [0m0.299 ms - 11[0m
[0mGET / [32m200 [0m0.491 ms - 11[0m
[0mGET / [32m200 [0m0.844 ms - 11[0m
[0mGET / [32m200 [0m0.379 ms - 11[0m
[0mGET / [32m200 [0m0.247 ms - 11[0m
[0mGET / [32m200 [0m0.517 ms - 11[0m
[0mGET / [32m200 [0m1.101 ms - 11[0m
[0mGET / [32m200 [0m0.366 ms - 11[0m
[0mGET / [32m200 [0m0.269 ms - 11[0m
[0mGET / [32m200 [0m0.514 ms - 11[0m
[0mGET / [32m200 [0m0.779 ms - 11[0m
[0mGET / [32m200 [0m0.363 ms - 11[0m
[0mGET / [32m200 [0m0.255 ms - 11[0m
[0mGET / [32m200 [0m2.267 ms - 11[0m
[0mGET / [32m200 [0m0.811 ms - 11[0m
[0mGET / [32m200 [0m0.335 ms - 11[0m
[0mGET / [32m200 [0m0.386 ms - 11[0m
[0mGET / [32m200 [0m0.665 ms - 11[0m
[0mGET / [32m200 [0m3.946 ms - 11[0m
[0mGET / [32m200 [0m0.642 ms - 11[0m
[0mGET / [32m200 [0m3.699 ms - 11[0m
[0mGET / [32m200 [0m1.118 ms - 11[0m
[0mGET / [32m200 [0m0.805 ms - 11[0m
[0mGET / [32m200 [0m0.556 ms - 11[0m
[0mGET / [32m200 [0m1.773 ms - 11[0m
[0mGET / [32m200 [0m0.484 ms - 11[0m
[0mGET / [32m200 [0m0.775 ms - 11[0m
[0mGET / [32m200 [0m0.516 ms - 11[0m
[0mGET / [32m200 [0m0.816 ms - 11[0m
[0mGET / [32m200 [0m0.489 ms - 11[0m
[0mGET / [32m200 [0m0.786 ms - 11[0m
[0mGET / [32m200 [0m0.572 ms - 11[0m
[0mGET / [32m200 [0m0.814 ms - 11[0m
[0mGET / [32m200 [0m0.490 ms - 11[0m
[0mGET / [32m200 [0m0.752 ms - 11[0m
[0mGET / [32m200 [0m0.454 ms - 11[0m
[0mGET / [32m200 [0m0.270 ms - 11[0m
[0mGET / [32m200 [0m1.416 ms - 11[0m
[0mGET / [32m200 [0m0.764 ms - 11[0m
[0mGET / [32m200 [0m0.364 ms - 11[0m
[0mGET / [32m200 [0m0.264 ms - 11[0m
[0mGET / [32m200 [0m0.492 ms - 11[0m
[0mGET / [32m200 [0m0.744 ms - 11[0m
[0mGET / [32m200 [0m0.326 ms - 11[0m
[0mGET / [32m200 [0m0.246 ms - 11[0m
[0mGET / [32m200 [0m2.367 ms - 11[0m
[0mGET / [32m200 [0m3.613 ms - 11[0m
[0mGET / [32m200 [0m0.822 ms - 11[0m
[0mGET / [32m200 [0m0.907 ms - 11[0m
[0mGET / [32m200 [0m2.504 ms - 11[0m
[0mGET / [32m200 [0m2.530 ms - 11[0m
[0mGET / [32m200 [0m0.592 ms - 11[0m
[0mGET / [32m200 [0m0.825 ms - 11[0m
[0mGET / [32m200 [0m0.455 ms - 11[0m
[0mGET / [32m200 [0m0.278 ms - 11[0m
[0mGET / [32m200 [0m0.497 ms - 11[0m
[0mGET / [32m200 [0m0.786 ms - 11[0m
[0mGET / [32m200 [0m0.468 ms - 11[0m
[0mGET / [32m200 [0m0.786 ms - 11[0m
[0mGET / [32m200 [0m1.667 ms - 11[0m
[0mGET / [32m200 [0m6.387 ms - 11[0m
[0mGET / [32m200 [0m1.699 ms - 11[0m
[0mGET / [32m200 [0m1.999 ms - 11[0m
[0mGET / [32m200 [0m0.429 ms - 11[0m
[0mGET / [32m200 [0m0.267 ms - 11[0m
[0mGET / [32m200 [0m0.462 ms - 11[0m
[0mGET / [32m200 [0m0.749 ms - 11[0m
[0mGET / [32m200 [0m0.406 ms - 11[0m
[0mGET / [32m200 [0m0.379 ms - 11[0m
[0mGET / [32m200 [0m0.457 ms - 11[0m
[0mGET / [32m200 [0m0.721 ms - 11[0m
[0mGET / [32m200 [0m0.375 ms - 11[0m
[0mGET / [32m200 [0m0.235 ms - 11[0m
[0mGET / [32m200 [0m0.462 ms - 11[0m
[0mGET / [32m200 [0m0.734 ms - 11[0m
[0mGET / [32m200 [0m1.401 ms - 11[0m
[0mGET / [32m200 [0m0.236 ms - 11[0m
[0mGET / [32m200 [0m0.507 ms - 11[0m
[0mGET / [32m200 [0m0.732 ms - 11[0m
[0mGET / [32m200 [0m0.388 ms - 11[0m
[0mGET / [32m200 [0m0.275 ms - 11[0m
[0mGET / [32m200 [0m0.883 ms - 11[0m
[0mGET / [32m200 [0m0.734 ms - 11[0m
[0mGET / [32m200 [0m0.510 ms - 11[0m
[0mGET / [32m200 [0m0.819 ms - 11[0m
[0mGET / [32m200 [0m0.486 ms - 11[0m
[0mGET / [32m200 [0m1.020 ms - 11[0m
[0mGET / [32m200 [0m0.492 ms - 11[0m
[0mGET / [32m200 [0m0.611 ms - 11[0m
[0mGET / [32m200 [0m0.466 ms - 11[0m
[0mGET / [32m200 [0m2.100 ms - 11[0m
[0mGET / [32m200 [0m0.453 ms - 11[0m
[0mGET / [32m200 [0m0.280 ms - 11[0m
[0mGET / [32m200 [0m0.470 ms - 11[0m
[0mGET / [32m200 [0m0.707 ms - 11[0m
[0mGET / [32m200 [0m0.543 ms - 11[0m
[0mGET / [32m200 [0m0.779 ms - 11[0m
[0mGET / [32m200 [0m0.485 ms - 11[0m
[0mGET / [32m200 [0m0.696 ms - 11[0m
[0mGET / [32m200 [0m0.487 ms - 11[0m
[0mGET / [32m200 [0m0.589 ms - 11[0m
[0mGET / [32m200 [0m0.450 ms - 11[0m
[0mGET / [32m200 [0m0.705 ms - 11[0m
[0mGET / [32m200 [0m0.427 ms - 11[0m
[0mGET / [32m200 [0m0.386 ms - 11[0m
[0mGET / [32m200 [0m0.502 ms - 11[0m
[0mGET / [32m200 [0m0.767 ms - 11[0m
[0mGET / [32m200 [0m0.499 ms - 11[0m
[0mGET / [32m200 [0m0.239 ms - 11[0m
[0mGET / [32m200 [0m5.049 ms - 11[0m
[0mGET / [32m200 [0m3.128 ms - 11[0m
[0mGET / [32m200 [0m25.543 ms - 11[0m
[0mGET / [32m200 [0m23.751 ms - 11[0m
[0mGET / [32m200 [0m0.483 ms - 11[0m
[0mGET / [32m200 [0m8.831 ms - 11[0m
[0mGET / [32m200 [0m0.501 ms - 11[0m
[0mGET / [32m200 [0m2.779 ms - 11[0m
[0mGET / [32m200 [0m0.486 ms - 11[0m
[0mGET / [32m200 [0m0.716 ms - 11[0m
[0mGET / [32m200 [0m0.504 ms - 11[0m
[0mGET / [32m200 [0m0.716 ms - 11[0m
[0mGET / [32m200 [0m0.458 ms - 11[0m
[0mGET / [32m200 [0m0.701 ms - 11[0m
[0mGET / [32m200 [0m0.508 ms - 11[0m
[0mGET / [32m200 [0m0.773 ms - 11[0m
[0mGET / [32m200 [0m0.476 ms - 11[0m
[0mGET / [32m200 [0m0.685 ms - 11[0m
[0mGET / [32m200 [0m0.486 ms - 11[0m
[0mGET / [32m200 [0m0.745 ms - 11[0m
[0mGET / [32m200 [0m2.782 ms - 11[0m
[0mGET / [32m200 [0m3.045 ms - 11[0m
[0mGET / [32m200 [0m0.367 ms - 11[0m
[0mGET / [32m200 [0m0.226 ms - 11[0m
[0mGET / [32m200 [0m0.439 ms - 11[0m
[0mGET / [32m200 [0m1.369 ms - 11[0m
[0mGET / [32m200 [0m0.442 ms - 11[0m
[0mGET / [32m200 [0m0.254 ms - 11[0m
[0mGET / [32m200 [0m0.651 ms - 11[0m
[0mGET / [32m200 [0m2.608 ms - 11[0m
[0mGET / [32m200 [0m0.436 ms - 11[0m
[0mGET / [32m200 [0m0.588 ms - 11[0m
[0mGET / [32m200 [0m0.484 ms - 11[0m
[0mGET / [32m200 [0m0.715 ms - 11[0m
[0mGET / [32m200 [0m0.501 ms - 11[0m
[0mGET / [32m200 [0m0.851 ms - 11[0m
[0mGET / [32m200 [0m0.443 ms - 11[0m
[0mGET / [32m200 [0m0.691 ms - 11[0m
[0mGET / [32m200 [0m0.418 ms - 11[0m
[0mGET / [32m200 [0m0.200 ms - 11[0m
[0mGET / [32m200 [0m1.827 ms - 11[0m
[0mGET / [32m200 [0m0.699 ms - 11[0m
[0mGET / [32m200 [0m0.344 ms - 11[0m
[0mGET / [32m200 [0m0.807 ms - 11[0m
[0mGET / [32m200 [0m0.417 ms - 11[0m
[0mGET / [32m200 [0m0.692 ms - 11[0m
[0mGET / [32m200 [0m0.411 ms - 11[0m
[0mGET / [32m200 [0m0.343 ms - 11[0m
[0mGET / [32m200 [0m0.448 ms - 11[0m
[0mGET / [32m200 [0m0.702 ms - 11[0m
[0mGET / [32m200 [0m0.495 ms - 11[0m
[0mGET / [32m200 [0m2.151 ms - 11[0m
[0mGET / [32m200 [0m0.731 ms - 11[0m
[0mGET / [32m200 [0m1.219 ms - 11[0m
[0mGET / [32m200 [0m1.466 ms - 11[0m
[0mGET / [32m200 [0m2.830 ms - 11[0m
[0mGET / [32m200 [0m2.017 ms - 11[0m
[0mGET / [32m200 [0m2.262 ms - 11[0m
[0mGET / [32m200 [0m0.444 ms - 11[0m
[0mGET / [32m200 [0m0.625 ms - 11[0m
[0mGET / [32m200 [0m0.425 ms - 11[0m
[0mGET / [32m200 [0m0.682 ms - 11[0m
[0mGET / [32m200 [0m0.326 ms - 11[0m
[0mGET / [32m200 [0m0.329 ms - 11[0m
[0mGET / [32m200 [0m0.458 ms - 11[0m
[0mGET / [32m200 [0m1.770 ms - 11[0m
[0mGET / [32m200 [0m0.465 ms - 11[0m
[0mGET / [32m200 [0m2.989 ms - 11[0m
[0mGET / [32m200 [0m1.209 ms - 11[0m
[0mGET / [32m200 [0m0.772 ms - 11[0m
[0mGET / [32m200 [0m0.311 ms - 11[0m
[0mGET / [32m200 [0m0.210 ms - 11[0m
[0mGET / [32m200 [0m2.027 ms - 11[0m
[0mGET / [32m200 [0m2.242 ms - 11[0m
[0mGET / [32m200 [0m0.407 ms - 11[0m
[0mGET / [32m200 [0m0.199 ms - 11[0m
[0mGET / [32m200 [0m0.436 ms - 11[0m
[0mGET / [32m200 [0m0.660 ms - 11[0m
[0mGET / [32m200 [0m0.304 ms - 11[0m
[0mGET / [32m200 [0m0.201 ms - 11[0m
[0mGET / [32m200 [0m1.293 ms - 11[0m
[0mGET / [32m200 [0m0.709 ms - 11[0m
[0mGET / [32m200 [0m0.369 ms - 11[0m
[0mGET / [32m200 [0m0.243 ms - 11[0m
[0mGET / [32m200 [0m0.422 ms - 11[0m
[0mGET / [32m200 [0m0.667 ms - 11[0m
[0mGET / [32m200 [0m0.353 ms - 11[0m
[0mGET / [32m200 [0m0.208 ms - 11[0m
[0mGET / [32m200 [0m0.494 ms - 11[0m
[0mGET / [32m200 [0m0.719 ms - 11[0m
[0mGET / [32m200 [0m0.432 ms - 11[0m
[0mGET / [32m200 [0m0.326 ms - 11[0m
[0mGET / [32m200 [0m0.429 ms - 11[0m
[0mGET / [32m200 [0m0.684 ms - 11[0m
[0mGET / [32m200 [0m0.575 ms - 11[0m
[0mGET / [32m200 [0m0.745 ms - 11[0m
[0mGET / [32m200 [0m0.454 ms - 11[0m
[0mGET / [32m200 [0m0.685 ms - 11[0m
[0mGET / [32m200 [0m0.321 ms - 11[0m
[0mGET / [32m200 [0m0.246 ms - 11[0m
[0mGET / [32m200 [0m0.447 ms - 11[0m
[0mGET / [32m200 [0m0.673 ms - 11[0m
[0mGET / [32m200 [0m0.434 ms - 11[0m
[0mGET / [32m200 [0m0.208 ms - 11[0m
[0mGET / [32m200 [0m2.158 ms - 11[0m
[0mGET / [32m200 [0m2.380 ms - 11[0m
[0mGET / [32m200 [0m0.340 ms - 11[0m
[0mGET / [32m200 [0m0.198 ms - 11[0m
[0mGET / [32m200 [0m0.421 ms - 11[0m
[0mGET / [32m200 [0m0.272 ms - 11[0m
[0mGET / [32m200 [0m0.393 ms - 11[0m
[0mGET / [32m200 [0m0.346 ms - 11[0m
[0mGET / [32m200 [0m0.439 ms - 11[0m
[0mGET / [32m200 [0m0.702 ms - 11[0m
[0mGET / [32m200 [0m0.338 ms - 11[0m
[0mGET / [32m200 [0m0.245 ms - 11[0m
[0mGET / [32m200 [0m0.558 ms - 11[0m
[0mGET / [32m200 [0m0.737 ms - 11[0m
[0mGET / [32m200 [0m1.906 ms - 11[0m
[0mGET / [32m200 [0m0.718 ms - 11[0m
[0mGET / [32m200 [0m0.499 ms - 11[0m
[0mGET / [32m200 [0m0.660 ms - 11[0m
[0mGET / [32m200 [0m0.434 ms - 11[0m
[0mGET / [32m200 [0m0.278 ms - 11[0m
[0mGET / [32m200 [0m0.420 ms - 11[0m
[0mGET / [32m200 [0m0.674 ms - 11[0m
[0mGET / [32m200 [0m0.529 ms - 11[0m
[0mGET / [32m200 [0m0.549 ms - 11[0m
[0mGET / [32m200 [0m0.422 ms - 11[0m
[0mGET / [32m200 [0m0.671 ms - 11[0m
[0mGET / [32m200 [0m0.418 ms - 11[0m
[0mGET / [32m200 [0m0.671 ms - 11[0m
[0mGET / [32m200 [0m1.408 ms - 11[0m
[0mGET / [32m200 [0m1.257 ms - 11[0m
[0mGET / [32m200 [0m3.744 ms - 11[0m
[0mGET / [32m200 [0m1.199 ms - 11[0m
[0mGET / [32m200 [0m0.389 ms - 11[0m
[0mGET / [32m200 [0m0.230 ms - 11[0m
[0mGET / [32m200 [0m0.445 ms - 11[0m
[0mGET / [32m200 [0m0.545 ms - 11[0m
[0mGET / [32m200 [0m0.439 ms - 11[0m
[0mGET / [32m200 [0m0.636 ms - 11[0m
[0mGET / [32m200 [0m0.448 ms - 11[0m
[0mGET / [32m200 [0m0.666 ms - 11[0m
[0mGET / [32m200 [0m0.452 ms - 11[0m
[0mGET / [32m200 [0m0.648 ms - 11[0m
[0mGET / [32m200 [0m0.462 ms - 11[0m
[0mGET / [32m200 [0m0.788 ms - 11[0m
[0mGET / [32m200 [0m4.759 ms - 11[0m
[0mGET / [32m200 [0m3.228 ms - 11[0m
[0mGET / [32m200 [0m2.537 ms - 11[0m
[0mGET / [32m200 [0m5.012 ms - 11[0m
[0mGET / [32m200 [0m6.478 ms - 11[0m
[0mGET / [32m200 [0m4.731 ms - 11[0m
[0mGET / [32m200 [0m1.111 ms - 11[0m
[0mGET / [32m200 [0m2.341 ms - 11[0m
[0mGET / [32m200 [0m0.538 ms - 11[0m
[0mGET / [32m200 [0m0.768 ms - 11[0m
[0mGET / [32m200 [0m0.361 ms - 11[0m
[0mGET / [32m200 [0m0.281 ms - 11[0m
[0mGET / [32m200 [0m0.502 ms - 11[0m
[0mGET / [32m200 [0m0.775 ms - 11[0m
[0mGET / [32m200 [0m0.378 ms - 11[0m
[0mGET / [32m200 [0m0.244 ms - 11[0m
[0mGET / [32m200 [0m0.467 ms - 11[0m
[0mGET / [32m200 [0m2.556 ms - 11[0m
[0mGET / [32m200 [0m0.570 ms - 11[0m
[0mGET / [32m200 [0m0.633 ms - 11[0m
[0mGET / [32m200 [0m1.136 ms - 11[0m
[0mGET / [32m200 [0m0.278 ms - 11[0m
[0mGET / [32m200 [0m0.391 ms - 11[0m
[0mGET / [32m200 [0m0.359 ms - 11[0m
[0mGET / [32m200 [0m0.456 ms - 11[0m
[0mGET / [32m200 [0m0.703 ms - 11[0m
[0mGET / [32m200 [0m0.512 ms - 11[0m
[0mGET / [32m200 [0m0.655 ms - 11[0m
[0mGET / [32m200 [0m1.402 ms - 11[0m
[0mGET / [32m200 [0m1.665 ms - 11[0m
[0mGET / [32m200 [0m0.596 ms - 11[0m
[0mGET / [32m200 [0m0.767 ms - 11[0m
[0mGET / [32m200 [0m0.468 ms - 11[0m
[0mGET / [32m200 [0m0.711 ms - 11[0m
[0mGET / [32m200 [0m0.412 ms - 11[0m
[0mGET / [32m200 [0m0.249 ms - 11[0m
[0mGET / [32m200 [0m0.471 ms - 11[0m
[0mGET / [32m200 [0m0.724 ms - 11[0m
[0mGET / [32m200 [0m0.500 ms - 11[0m
[0mGET / [32m200 [0m0.766 ms - 11[0m
[0mGET / [32m200 [0m0.370 ms - 11[0m
[0mGET / [32m200 [0m0.269 ms - 11[0m
[0mGET / [32m200 [0m0.912 ms - 11[0m
[0mGET / [32m200 [0m1.113 ms - 11[0m
[0mGET / [32m200 [0m0.957 ms - 11[0m
[0mGET / [32m200 [0m0.819 ms - 11[0m
[0mGET / [32m200 [0m0.523 ms - 11[0m
[0mGET / [32m200 [0m0.812 ms - 11[0m
[0mGET / [32m200 [0m0.535 ms - 11[0m
[0mGET / [32m200 [0m0.752 ms - 11[0m
[0mGET / [32m200 [0m0.532 ms - 11[0m
[0mGET / [32m200 [0m0.745 ms - 11[0m
[0mGET / [32m200 [0m0.473 ms - 11[0m
[0mGET / [32m200 [0m0.735 ms - 11[0m
[0mGET / [32m200 [0m0.344 ms - 11[0m
[0mGET / [32m200 [0m1.285 ms - 11[0m
[0mGET / [32m200 [0m2.517 ms - 11[0m
[0mGET / [32m200 [0m0.736 ms - 11[0m
[0mGET / [32m200 [0m0.477 ms - 11[0m
[0mGET / [32m200 [0m0.614 ms - 11[0m
[0mGET / [32m200 [0m0.450 ms - 11[0m
[0mGET / [32m200 [0m0.697 ms - 11[0m
[0mGET / [32m200 [0m0.351 ms - 11[0m
[0mGET / [32m200 [0m0.356 ms - 11[0m
[0mGET / [32m200 [0m0.471 ms - 11[0m
[0mGET / [32m200 [0m0.721 ms - 11[0m
[0mGET / [32m200 [0m0.320 ms - 11[0m
[0mGET / [32m200 [0m0.220 ms - 11[0m
[0mGET / [32m200 [0m0.583 ms - 11[0m
[0mGET / [32m200 [0m0.756 ms - 11[0m
[0mGET / [32m200 [0m0.895 ms - 11[0m
[0mGET / [32m200 [0m1.157 ms - 11[0m
[0mGET / [32m200 [0m0.463 ms - 11[0m
[0mGET / [32m200 [0m0.710 ms - 11[0m
[0mGET / [32m200 [0m0.559 ms - 11[0m
[0mGET / [32m200 [0m0.777 ms - 11[0m
[0mGET / [32m200 [0m0.480 ms - 11[0m
[0mGET / [32m200 [0m0.722 ms - 11[0m
[0mGET / [32m200 [0m0.320 ms - 11[0m
[0mGET / [32m200 [0m0.271 ms - 11[0m
[0mGET / [32m200 [0m1.119 ms - 11[0m
[0mGET / [32m200 [0m0.237 ms - 11[0m
[0mGET / [32m200 [0m0.503 ms - 11[0m
[0mGET / [32m200 [0m6.178 ms - 11[0m
[0mGET / [32m200 [0m0.491 ms - 11[0m
[0mGET / [32m200 [0m0.716 ms - 11[0m
[0mGET / [32m200 [0m0.538 ms - 11[0m
[0mGET / [32m200 [0m0.839 ms - 11[0m
[0mGET / [32m200 [0m0.534 ms - 11[0m
[0mGET / [32m200 [0m0.678 ms - 11[0m
[0mGET / [32m200 [0m0.553 ms - 11[0m
[0mGET / [32m200 [0m1.448 ms - 11[0m
[0mGET / [32m200 [0m0.469 ms - 11[0m
[0mGET / [32m200 [0m0.712 ms - 11[0m
[0mGET / [32m200 [0m0.477 ms - 11[0m
[0mGET / [32m200 [0m0.467 ms - 11[0m
[0mGET / [32m200 [0m0.966 ms - 11[0m
[0mGET / [32m200 [0m0.854 ms - 11[0m
[0mGET / [32m200 [0m0.553 ms - 11[0m
[0mGET / [32m200 [0m6.400 ms - 11[0m
[0mGET / [32m200 [0m0.479 ms - 11[0m
[0mGET / [32m200 [0m0.897 ms - 11[0m
[0mGET / [32m200 [0m0.555 ms - 11[0m
[0mGET / [32m200 [0m4.753 ms - 11[0m
[0mGET / [32m200 [0m0.489 ms - 11[0m
[0mGET / [32m200 [0m0.698 ms - 11[0m
[0mGET / [32m200 [0m1.815 ms - 11[0m
[0mGET / [32m200 [0m0.744 ms - 11[0m
[0mGET / [32m200 [0m0.512 ms - 11[0m
[0mGET / [32m200 [0m0.736 ms - 11[0m
[0mGET / [32m200 [0m0.503 ms - 11[0m
[0mGET / [32m200 [0m0.696 ms - 11[0m
[0mGET / [32m200 [0m0.535 ms - 11[0m
[0mGET / [32m200 [0m0.697 ms - 11[0m
[0mGET / [32m200 [0m0.513 ms - 11[0m
[0mGET / [32m200 [0m0.756 ms - 11[0m
[0mGET / [32m200 [0m0.478 ms - 11[0m
[0mGET / [32m200 [0m2.036 ms - 11[0m
[0mGET / [32m200 [0m0.739 ms - 11[0m
[0mGET / [32m200 [0m0.760 ms - 11[0m
[0mGET / [32m200 [0m0.462 ms - 11[0m
[0mGET / [32m200 [0m2.219 ms - 11[0m
[0mGET / [32m200 [0m0.527 ms - 11[0m
[0mGET / [32m200 [0m0.804 ms - 11[0m
[0mGET / [32m200 [0m0.496 ms - 11[0m
[0mGET / [32m200 [0m0.699 ms - 11[0m
[0mGET / [32m200 [0m0.558 ms - 11[0m
[0mGET / [32m200 [0m0.733 ms - 11[0m
[0mGET / [32m200 [0m1.792 ms - 11[0m
[0mGET / [32m200 [0m0.782 ms - 11[0m
[0mGET / [32m200 [0m4.432 ms - 11[0m
[0mGET / [32m200 [0m5.238 ms - 11[0m
[0mGET / [32m200 [0m6.693 ms - 11[0m
[0mGET / [32m200 [0m0.694 ms - 11[0m
[0mGET / [32m200 [0m8.966 ms - 11[0m
[0mGET / [32m200 [0m6.867 ms - 11[0m
[0mGET / [32m200 [0m0.425 ms - 11[0m
[0mGET / [32m200 [0m0.706 ms - 11[0m
[0mGET / [32m200 [0m0.469 ms - 11[0m
[0mGET / [32m200 [0m0.657 ms - 11[0m
[0mGET / [32m200 [0m0.446 ms - 11[0m
[0mGET / [32m200 [0m0.650 ms - 11[0m
[0mGET / [32m200 [0m0.454 ms - 11[0m
[0mGET / [32m200 [0m0.627 ms - 11[0m
[0mGET / [32m200 [0m0.423 ms - 11[0m
[0mGET / [32m200 [0m0.627 ms - 11[0m
[0mGET / [32m200 [0m0.480 ms - 11[0m
[0mGET / [32m200 [0m0.664 ms - 11[0m
[0mGET / [32m200 [0m0.545 ms - 11[0m
[0mGET / [32m200 [0m0.695 ms - 11[0m
[0mGET / [32m200 [0m0.397 ms - 11[0m
[0mGET / [32m200 [0m0.620 ms - 11[0m
[0mGET / [32m200 [0m0.539 ms - 11[0m
[0mGET / [32m200 [0m0.671 ms - 11[0m
[0mGET / [32m200 [0m1.910 ms - 11[0m
[0mGET / [32m200 [0m0.685 ms - 11[0m
[0mGET / [32m200 [0m2.002 ms - 11[0m
[0mGET / [32m200 [0m0.640 ms - 11[0m
[0mGET / [32m200 [0m0.697 ms - 11[0m
[0mGET / [32m200 [0m1.434 ms - 11[0m
[0mGET / [32m200 [0m2.752 ms - 11[0m
[0mGET / [32m200 [0m5.266 ms - 11[0m
[0mGET / [32m200 [0m0.520 ms - 11[0m
[0mGET / [32m200 [0m0.659 ms - 11[0m
[0mGET / [32m200 [0m1.845 ms - 11[0m
[0mGET / [32m200 [0m2.061 ms - 11[0m
[0mGET / [32m200 [0m0.468 ms - 11[0m
[0mGET / [32m200 [0m0.685 ms - 11[0m
[0mGET / [32m200 [0m0.341 ms - 11[0m
[0mGET / [32m200 [0m0.231 ms - 11[0m
[0mGET / [32m200 [0m2.168 ms - 11[0m
[0mGET / [32m200 [0m2.415 ms - 11[0m
[0mGET / [32m200 [0m0.677 ms - 11[0m
[0mGET / [32m200 [0m0.844 ms - 11[0m
[0mGET / [32m200 [0m0.509 ms - 11[0m
[0mGET / [32m200 [0m0.719 ms - 11[0m
[0mGET / [32m200 [0m0.435 ms - 11[0m
[0mGET / [32m200 [0m0.679 ms - 11[0m
[0mGET / [32m200 [0m0.477 ms - 11[0m
[0mGET / [32m200 [0m0.735 ms - 11[0m
[0mGET / [32m200 [0m0.784 ms - 11[0m
[0mGET / [32m200 [0m2.219 ms - 11[0m
[0mGET / [32m200 [0m1.771 ms - 11[0m
[0mGET / [32m200 [0m1.771 ms - 11[0m
[0mGET / [32m200 [0m0.343 ms - 11[0m
[0mGET / [32m200 [0m0.389 ms - 11[0m
[0mGET / [32m200 [0m2.046 ms - 11[0m
[0mGET / [32m200 [0m2.261 ms - 11[0m
[0mGET / [32m200 [0m0.570 ms - 11[0m
[0mGET / [32m200 [0m1.618 ms - 11[0m
[0mGET / [32m200 [0m0.501 ms - 11[0m
[0mGET / [32m200 [0m0.714 ms - 11[0m
[0mGET / [32m200 [0m0.547 ms - 11[0m
[0mGET / [32m200 [0m0.693 ms - 11[0m
[0mGET / [32m200 [0m0.550 ms - 11[0m
[0mGET / [32m200 [0m0.664 ms - 11[0m
[0mGET / [32m200 [0m0.442 ms - 11[0m
[0mGET / [32m200 [0m0.688 ms - 11[0m
[0mGET / [32m200 [0m0.634 ms - 11[0m
[0mGET / [32m200 [0m0.865 ms - 11[0m
[0mGET / [32m200 [0m0.716 ms - 11[0m
[0mGET / [32m200 [0m2.741 ms - 11[0m
[0mGET / [32m200 [0m0.527 ms - 11[0m
[0mGET / [32m200 [0m0.719 ms - 11[0m
[0mGET / [32m200 [0m0.548 ms - 11[0m
[0mGET / [32m200 [0m0.722 ms - 11[0m
[0mGET / [32m200 [0m0.429 ms - 11[0m
[0mGET / [32m200 [0m0.655 ms - 11[0m
[0mGET / [32m200 [0m1.638 ms - 11[0m
[0mGET / [32m200 [0m1.284 ms - 11[0m
[0mGET / [32m200 [0m0.544 ms - 11[0m
[0mGET / [32m200 [0m0.660 ms - 11[0m
[0mGET / [32m200 [0m0.476 ms - 11[0m
[0mGET / [32m200 [0m0.776 ms - 11[0m
[0mGET / [32m200 [0m0.424 ms - 11[0m
[0mGET / [32m200 [0m0.657 ms - 11[0m
[0mGET / [32m200 [0m0.427 ms - 11[0m
[0mGET / [32m200 [0m0.651 ms - 11[0m
[0mGET / [32m200 [0m0.692 ms - 11[0m
[0mGET / [32m200 [0m0.672 ms - 11[0m
[0mGET / [32m200 [0m0.425 ms - 11[0m
[0mGET / [32m200 [0m0.634 ms - 11[0m
[0mGET / [32m200 [0m0.582 ms - 11[0m
[0mGET / [32m200 [0m0.673 ms - 11[0m
[0mGET / [32m200 [0m0.435 ms - 11[0m
[0mGET / [32m200 [0m0.653 ms - 11[0m
[0mGET / [32m200 [0m0.556 ms - 11[0m
[0mGET / [32m200 [0m0.722 ms - 11[0m
[0mGET / [32m200 [0m2.084 ms - 11[0m
[0mGET / [32m200 [0m0.698 ms - 11[0m
[0mGET / [32m200 [0m2.343 ms - 11[0m
[0mGET / [32m200 [0m2.548 ms - 11[0m
[0mGET / [32m200 [0m0.464 ms - 11[0m
[0mGET / [32m200 [0m0.686 ms - 11[0m
[0mGET / [32m200 [0m0.545 ms - 11[0m
[0mGET / [32m200 [0m0.700 ms - 11[0m
[0mGET / [32m200 [0m3.650 ms - 11[0m
[0mGET / [32m200 [0m3.910 ms - 11[0m
[0mGET / [32m200 [0m0.820 ms - 11[0m
[0mGET / [32m200 [0m1.395 ms - 11[0m
[0mGET / [32m200 [0m0.421 ms - 11[0m
[0mGET / [32m200 [0m0.650 ms - 11[0m
[0mGET / [32m200 [0m0.447 ms - 11[0m
[0mGET / [32m200 [0m2.901 ms - 11[0m
[0mGET / [32m200 [0m0.440 ms - 11[0m
[0mGET / [32m200 [0m0.647 ms - 11[0m
[0mGET / [32m200 [0m1.940 ms - 11[0m
[0mGET / [32m200 [0m0.716 ms - 11[0m
[0mGET / [32m200 [0m0.432 ms - 11[0m
[0mGET / [32m200 [0m0.657 ms - 11[0m
[0mGET / [32m200 [0m0.479 ms - 11[0m
[0mGET / [32m200 [0m0.669 ms - 11[0m
[0mGET / [32m200 [0m2.147 ms - 11[0m
[0mGET / [32m200 [0m0.718 ms - 11[0m
[0mGET / [32m200 [0m0.546 ms - 11[0m
[0mGET / [32m200 [0m0.664 ms - 11[0m
[0mGET / [32m200 [0m0.437 ms - 11[0m
[0mGET / [32m200 [0m0.648 ms - 11[0m
[0mGET / [32m200 [0m0.987 ms - 11[0m
[0mGET / [32m200 [0m0.809 ms - 11[0m
[0mGET / [32m200 [0m0.448 ms - 11[0m
[0mGET / [32m200 [0m0.693 ms - 11[0m
[0mGET / [32m200 [0m5.037 ms - 11[0m
[0mGET / [32m200 [0m5.283 ms - 11[0m
[0mGET / [32m200 [0m0.434 ms - 11[0m
[0mGET / [32m200 [0m0.661 ms - 11[0m
[0mGET / [32m200 [0m0.422 ms - 11[0m
[0mGET / [32m200 [0m0.642 ms - 11[0m
[0mGET / [32m200 [0m3.777 ms - 11[0m
[0mGET / [32m200 [0m3.928 ms - 11[0m
[0mGET / [32m200 [0m0.615 ms - 11[0m
[0mGET / [32m200 [0m0.722 ms - 11[0m
[0mGET / [32m200 [0m0.529 ms - 11[0m
[0mGET / [32m200 [0m0.668 ms - 11[0m
[0mGET / [32m200 [0m0.569 ms - 11[0m
[0mGET / [32m200 [0m0.697 ms - 11[0m
[0mGET / [32m200 [0m0.430 ms - 11[0m
[0mGET / [32m200 [0m0.641 ms - 11[0m
[0mGET / [32m200 [0m1.589 ms - 11[0m
[0mGET / [32m200 [0m0.672 ms - 11[0m
[0mGET / [32m200 [0m0.429 ms - 11[0m
[0mGET / [32m200 [0m0.632 ms - 11[0m
[0mGET / [32m200 [0m0.455 ms - 11[0m
[0mGET / [32m200 [0m1.006 ms - 11[0m
[0mGET / [32m200 [0m1.609 ms - 11[0m
[0mGET / [32m200 [0m1.876 ms - 11[0m
[0mGET / [32m200 [0m0.510 ms - 11[0m
[0mGET / [32m200 [0m0.736 ms - 11[0m
[0mGET / [32m200 [0m0.457 ms - 11[0m
[0mGET / [32m200 [0m0.663 ms - 11[0m
[0mGET / [32m200 [0m0.473 ms - 11[0m
[0mGET / [32m200 [0m0.697 ms - 11[0m
[0mGET / [32m200 [0m1.254 ms - 11[0m
[0mGET / [32m200 [0m0.827 ms - 11[0m
[0mGET / [32m200 [0m0.485 ms - 11[0m
[0mGET / [32m200 [0m0.687 ms - 11[0m
[0mGET / [32m200 [0m0.554 ms - 11[0m
[0mGET / [32m200 [0m0.664 ms - 11[0m
error: Forever detected script was killed by signal: SIGKILL
