ok
Config
2017-08-10T07:55:11.967Z
Cognito
the cognitoidentity is [object Object]
SNS
setting tcp
setting sns
PostAPI
PostAPI_Chat
PostAPI_Wall
PostAPI_Pet
PostAPI_Chips
PostAPI_Login
PostAPI_Shop
PostAPI_Debug
Game init
======================
apiPort listening 2492
tcpPort listening 3000
======================
Server listening at port 3000
[0mGET / [32m200 [0m6.252 ms - 11[0m
[0mGET / [32m200 [0m17.773 ms - 11[0m
io enter middleware
before decrypt 1KTVrMYy/Ecrba5M8HkfSg==
after decrypt vincent9
Player ID isvincent9
On Connection:{"headers":{"x-forwarded-for":"101.78.215.254","x-forwarded-proto":"http","x-forwarded-port":"3000","host":"socketioloadbalancer-1642928803.us-east-1.elb.amazonaws.com:3000","x-amzn-trace-id":"Root=1-598c1178-046534355468597b18cdc3f7","upgrade":"websocket","connection":"upgrade","sec-websocket-version":"13","origin":"ws://socketioloadbalancer-1642928803.us-east-1.elb.amazonaws.com:3000","sec-websocket-key":"ZnhpbmF2aWhtcnNlZWl1bQ=="},"time":"Thu Aug 10 2017 07:55:36 GMT+0000 (UTC)","address":"::ffff:172.31.3.250","xdomain":true,"secure":false,"issued":1502351736752,"url":"/socket.io/?transport=websocket&pass=1KTVrMYy%2FEcrba5M8HkfSg%3D%3D&playerId=vincent9","query":{"transport":"websocket","pass":"1KTVrMYy/Ecrba5M8HkfSg==","playerId":"vincent9"}}
player id vincent9
hmsent register {"awesome_id":"vincent9","onlineStatus":2,"awesome_chips":0,"login_times":1}
[ { id: { S: 'vincent9' }, awesome_chips: { N: '2162' } } ]
hmsent awesomeChips {"awesome_id":"vincent9","onlineStatus":"2","awesome_chips":"2162","login_times":"1"}
notify_online {
  "friend_ids" : [
    "vincent9",
    "hellowin",
    "ant2",
    "a6",
    "ant3",
    "vincent5",
    "testonly",
    "ant8",
    "vincent31",
    "an4",
    "vincent28",
    "wilson",
    "vincent32",
    "ant7",
    "68666666",
    "ant9",
    "conniechen",
    "eddy",
    "ant5",
    "vincent2",
    "vincent8",
    "awesome",
    "samsung",
    "eric",
    "ant1",
    "vincent7",
    "123123123",
    "v7",
    "vincent63472",
    "vincent",
    "andrewwan",
    "ck",
    "ivan",
    "a58330",
    "a7",
    "descendentofsun"
  ]
}
hgetall{"awesome_id":"vincent9","onlineStatus":"2","awesome_chips":"2162","login_times":"1"}
hgetallvincent9
hgetall{"awesome_id":"vincent7","friendIds":"[\"vincent7\",\"vincent5\",\"vincent9\",\"vincent6\",\"vincent8\",\"vincent\",\"eddy\",\"vincent2\",\"awesome\",\"andrew-chevk\",\"68666666\",\"a6\",\"ant3\",\"an4\",\"ant4\",\"ant7\",\"conniechen\",\"ant9\",\"hellowin\",\"vincent28\",\"vincent31\",\"vincent32\",\"vincent63472\",\"wilson\",\"123123123\",\"ant2\",\"ant5\",\"testonly\",\"ant1\",\"(null)\",\"descendentofsun\",\"ck\",\"ivan\",\"andrewwan\"]","login_times":"6","awesome_chips":"95340","onlineStatus":"2"}
hgetallvincent7
hgetall{"awesome_id":"andrewwan","friendIds":"[\"andrewwan\",\"andrew-chevk\",\"andrew\",\"ant7\",\"123123123\",\"conniechen\",\"ck\",\"cara\",\"ant8\",\"descendentofsun\",\"ivan-nokia6\",\"eddy\",\"ant5\",\"vincent\",\"vincent6\",\"vincent7\",\"vincent63472\",\"elvis\",\"vincent8\",\"samsung\",\"ivan\",\"testonly\",\"ivanlgv10\",\"vincent9\",\"ivannew\",\"awesome\",\"howareyou\",\"ivanlgpro2\",\"andrew-test\",\"vincent31\",\"ant2\",\"a3\",\"vincent5\",\"ivanipad\",\"ant4\",\"hellowin\",\"vincent28\",\"vincent32\",\"ant1\",\"ant9\",\"an4\",\"vincent2\",\"ant3\",\"a6\",\"68666666\",\"wilson\"]","login_times":"4","awesome_chips":"99539","onlineStatus":"2"}
hgetallandrewwan
Send message channel:vincent9:friend_online msg:{"friendId":"vincent9"}
[0mGET / [32m200 [0m5.537 ms - 11[0m
[0mGET / [32m200 [0m1.728 ms - 11[0m
Send message channel:vincent9:friend_online msg:{"friendId":"andrewwan"}
Send message channel:vincent9:friend_online msg:{"friendId":"vincent7"}
notify_online {
  "friend_ids" : [
    "vincent9",
    "hellowin",
    "ant2",
    "a6",
    "ant3",
    "vincent5",
    "testonly",
    "ant8",
    "vincent31",
    "an4",
    "vincent28",
    "wilson",
    "vincent32",
    "ant7",
    "68666666",
    "ant9",
    "conniechen",
    "eddy",
    "ant5",
    "vincent2",
    "vincent8",
    "awesome",
    "samsung",
    "eric",
    "ant1",
    "vincent7",
    "123123123",
    "v7",
    "vincent63472",
    "vincent",
    "andrewwan",
    "ck",
    "ivan",
    "a58330",
    "a7",
    "descendentofsun"
  ]
}
Send message channel:vincent9:friend_online msg:{"friendId":"vincent9"}
hgetall{"login_times":"1","awesome_chips":"2162","onlineStatus":"2","awesome_id":"vincent9","friendIds":"[\"vincent9\",\"hellowin\",\"ant2\",\"a6\",\"ant3\",\"vincent5\",\"testonly\",\"ant8\",\"vincent31\",\"an4\",\"vincent28\",\"wilson\",\"vincent32\",\"ant7\",\"68666666\",\"ant9\",\"conniechen\",\"eddy\",\"ant5\",\"vincent2\",\"vincent8\",\"awesome\",\"samsung\",\"eric\",\"ant1\",\"vincent7\",\"123123123\",\"v7\",\"vincent63472\",\"vincent\",\"andrewwan\",\"ck\",\"ivan\",\"a58330\",\"a7\",\"descendentofsun\"]"}
hgetallvincent9
hgetall{"awesome_id":"vincent7","friendIds":"[\"vincent7\",\"vincent5\",\"vincent9\",\"vincent6\",\"vincent8\",\"vincent\",\"eddy\",\"vincent2\",\"awesome\",\"andrew-chevk\",\"68666666\",\"a6\",\"ant3\",\"an4\",\"ant4\",\"ant7\",\"conniechen\",\"ant9\",\"hellowin\",\"vincent28\",\"vincent31\",\"vincent32\",\"vincent63472\",\"wilson\",\"123123123\",\"ant2\",\"ant5\",\"testonly\",\"ant1\",\"(null)\",\"descendentofsun\",\"ck\",\"ivan\",\"andrewwan\"]","login_times":"6","awesome_chips":"95340","onlineStatus":"2"}
hgetallvincent7
hgetall{"awesome_id":"andrewwan","friendIds":"[\"andrewwan\",\"andrew-chevk\",\"andrew\",\"ant7\",\"123123123\",\"conniechen\",\"ck\",\"cara\",\"ant8\",\"descendentofsun\",\"ivan-nokia6\",\"eddy\",\"ant5\",\"vincent\",\"vincent6\",\"vincent7\",\"vincent63472\",\"elvis\",\"vincent8\",\"samsung\",\"ivan\",\"testonly\",\"ivanlgv10\",\"vincent9\",\"ivannew\",\"awesome\",\"howareyou\",\"ivanlgpro2\",\"andrew-test\",\"vincent31\",\"ant2\",\"a3\",\"vincent5\",\"ivanipad\",\"ant4\",\"hellowin\",\"vincent28\",\"vincent32\",\"ant1\",\"ant9\",\"an4\",\"vincent2\",\"ant3\",\"a6\",\"68666666\",\"wilson\"]","login_times":"4","awesome_chips":"99539","onlineStatus":"2"}
hgetallandrewwan
[0mGET / [32m200 [0m1.118 ms - 11[0m
[0mGET / [32m200 [0m1.569 ms - 11[0m
Send message channel:vincent9:friend_online msg:{"friendId":"andrewwan"}
Send message channel:vincent9:friend_online msg:{"friendId":"vincent7"}
notify_online {
  "friend_ids" : [
    "vincent9",
    "hellowin",
    "ant2",
    "a6",
    "ant3",
    "vincent5",
    "testonly",
    "ant8",
    "vincent31",
    "an4",
    "vincent28",
    "wilson",
    "vincent32",
    "ant7",
    "68666666",
    "ant9",
    "conniechen",
    "eddy",
    "ant5",
    "vincent2",
    "vincent8",
    "awesome",
    "samsung",
    "eric",
    "ant1",
    "vincent7",
    "123123123",
    "v7",
    "vincent63472",
    "vincent",
    "andrewwan",
    "ck",
    "ivan",
    "a58330",
    "a7",
    "descendentofsun"
  ]
}
Send message channel:vincent9:friend_online msg:{"friendId":"vincent9"}
hgetall{"awesome_id":"vincent9","friendIds":"[\"vincent9\",\"hellowin\",\"ant2\",\"a6\",\"ant3\",\"vincent5\",\"testonly\",\"ant8\",\"vincent31\",\"an4\",\"vincent28\",\"wilson\",\"vincent32\",\"ant7\",\"68666666\",\"ant9\",\"conniechen\",\"eddy\",\"ant5\",\"vincent2\",\"vincent8\",\"awesome\",\"samsung\",\"eric\",\"ant1\",\"vincent7\",\"123123123\",\"v7\",\"vincent63472\",\"vincent\",\"andrewwan\",\"ck\",\"ivan\",\"a58330\",\"a7\",\"descendentofsun\"]","login_times":"1","awesome_chips":"2162","onlineStatus":"2"}
hgetallvincent9
hgetall{"awesome_id":"vincent7","friendIds":"[\"vincent7\",\"vincent5\",\"vincent9\",\"vincent6\",\"vincent8\",\"vincent\",\"eddy\",\"vincent2\",\"awesome\",\"andrew-chevk\",\"68666666\",\"a6\",\"ant3\",\"an4\",\"ant4\",\"ant7\",\"conniechen\",\"ant9\",\"hellowin\",\"vincent28\",\"vincent31\",\"vincent32\",\"vincent63472\",\"wilson\",\"123123123\",\"ant2\",\"ant5\",\"testonly\",\"ant1\",\"(null)\",\"descendentofsun\",\"ck\",\"ivan\",\"andrewwan\"]","login_times":"6","awesome_chips":"95340","onlineStatus":"2"}
hgetallvincent7
hgetall{"awesome_id":"andrewwan","friendIds":"[\"andrewwan\",\"andrew-chevk\",\"andrew\",\"ant7\",\"123123123\",\"conniechen\",\"ck\",\"cara\",\"ant8\",\"descendentofsun\",\"ivan-nokia6\",\"eddy\",\"ant5\",\"vincent\",\"vincent6\",\"vincent7\",\"vincent63472\",\"elvis\",\"vincent8\",\"samsung\",\"ivan\",\"testonly\",\"ivanlgv10\",\"vincent9\",\"ivannew\",\"awesome\",\"howareyou\",\"ivanlgpro2\",\"andrew-test\",\"vincent31\",\"ant2\",\"a3\",\"vincent5\",\"ivanipad\",\"ant4\",\"hellowin\",\"vincent28\",\"vincent32\",\"ant1\",\"ant9\",\"an4\",\"vincent2\",\"ant3\",\"a6\",\"68666666\",\"wilson\"]","login_times":"4","awesome_chips":"99539","onlineStatus":"2"}
hgetallandrewwan
[0mGET / [32m200 [0m0.597 ms - 11[0m
[0mGET / [32m200 [0m0.950 ms - 11[0m
Send message channel:vincent9:friend_online msg:{"friendId":"andrewwan"}
Send message channel:vincent9:friend_online msg:{"friendId":"vincent7"}
notify_online {
  "friend_ids" : [
    "vincent9",
    "hellowin",
    "ant2",
    "a6",
    "ant3",
    "vincent5",
    "testonly",
    "ant8",
    "vincent31",
    "an4",
    "vincent28",
    "wilson",
    "vincent32",
    "ant7",
    "68666666",
    "ant9",
    "conniechen",
    "eddy",
    "ant5",
    "vincent2",
    "vincent8",
    "awesome",
    "samsung",
    "eric",
    "ant1",
    "vincent7",
    "123123123",
    "v7",
    "vincent63472",
    "vincent",
    "andrewwan",
    "ck",
    "ivan",
    "a58330",
    "a7",
    "descendentofsun"
  ]
}
Send message channel:vincent9:friend_online msg:{"friendId":"vincent9"}
hgetall{"awesome_id":"vincent9","friendIds":"[\"vincent9\",\"hellowin\",\"ant2\",\"a6\",\"ant3\",\"vincent5\",\"testonly\",\"ant8\",\"vincent31\",\"an4\",\"vincent28\",\"wilson\",\"vincent32\",\"ant7\",\"68666666\",\"ant9\",\"conniechen\",\"eddy\",\"ant5\",\"vincent2\",\"vincent8\",\"awesome\",\"samsung\",\"eric\",\"ant1\",\"vincent7\",\"123123123\",\"v7\",\"vincent63472\",\"vincent\",\"andrewwan\",\"ck\",\"ivan\",\"a58330\",\"a7\",\"descendentofsun\"]","login_times":"1","awesome_chips":"2162","onlineStatus":"2"}
hgetallvincent9
hgetall{"awesome_id":"vincent7","friendIds":"[\"vincent7\",\"vincent5\",\"vincent9\",\"vincent6\",\"vincent8\",\"vincent\",\"eddy\",\"vincent2\",\"awesome\",\"andrew-chevk\",\"68666666\",\"a6\",\"ant3\",\"an4\",\"ant4\",\"ant7\",\"conniechen\",\"ant9\",\"hellowin\",\"vincent28\",\"vincent31\",\"vincent32\",\"vincent63472\",\"wilson\",\"123123123\",\"ant2\",\"ant5\",\"testonly\",\"ant1\",\"(null)\",\"descendentofsun\",\"ck\",\"ivan\",\"andrewwan\"]","login_times":"6","awesome_chips":"95340","onlineStatus":"2"}
hgetallvincent7
hgetall{"awesome_id":"andrewwan","friendIds":"[\"andrewwan\",\"andrew-chevk\",\"andrew\",\"ant7\",\"123123123\",\"conniechen\",\"ck\",\"cara\",\"ant8\",\"descendentofsun\",\"ivan-nokia6\",\"eddy\",\"ant5\",\"vincent\",\"vincent6\",\"vincent7\",\"vincent63472\",\"elvis\",\"vincent8\",\"samsung\",\"ivan\",\"testonly\",\"ivanlgv10\",\"vincent9\",\"ivannew\",\"awesome\",\"howareyou\",\"ivanlgpro2\",\"andrew-test\",\"vincent31\",\"ant2\",\"a3\",\"vincent5\",\"ivanipad\",\"ant4\",\"hellowin\",\"vincent28\",\"vincent32\",\"ant1\",\"ant9\",\"an4\",\"vincent2\",\"ant3\",\"a6\",\"68666666\",\"wilson\"]","login_times":"4","awesome_chips":"99539","onlineStatus":"2"}
hgetallandrewwan
[0mGET / [32m200 [0m0.805 ms - 11[0m
[0mGET / [32m200 [0m1.062 ms - 11[0m
Send message channel:vincent9:friend_online msg:{"friendId":"andrewwan"}
Send message channel:vincent9:friend_online msg:{"friendId":"vincent7"}
notify_online {
  "friend_ids" : [
    "vincent9",
    "hellowin",
    "ant2",
    "a6",
    "ant3",
    "vincent5",
    "testonly",
    "ant8",
    "vincent31",
    "an4",
    "vincent28",
    "wilson",
    "vincent32",
    "ant7",
    "68666666",
    "ant9",
    "conniechen",
    "eddy",
    "ant5",
    "vincent2",
    "vincent8",
    "awesome",
    "samsung",
    "eric",
    "ant1",
    "vincent7",
    "123123123",
    "v7",
    "vincent63472",
    "vincent",
    "andrewwan",
    "ck",
    "ivan",
    "a58330",
    "a7",
    "descendentofsun"
  ]
}
Send message channel:vincent9:friend_online msg:{"friendId":"vincent9"}
hgetall{"awesome_id":"vincent9","friendIds":"[\"vincent9\",\"hellowin\",\"ant2\",\"a6\",\"ant3\",\"vincent5\",\"testonly\",\"ant8\",\"vincent31\",\"an4\",\"vincent28\",\"wilson\",\"vincent32\",\"ant7\",\"68666666\",\"ant9\",\"conniechen\",\"eddy\",\"ant5\",\"vincent2\",\"vincent8\",\"awesome\",\"samsung\",\"eric\",\"ant1\",\"vincent7\",\"123123123\",\"v7\",\"vincent63472\",\"vincent\",\"andrewwan\",\"ck\",\"ivan\",\"a58330\",\"a7\",\"descendentofsun\"]","login_times":"1","awesome_chips":"2162","onlineStatus":"2"}
hgetallvincent9
hgetall{"awesome_id":"vincent7","friendIds":"[\"vincent7\",\"vincent5\",\"vincent9\",\"vincent6\",\"vincent8\",\"vincent\",\"eddy\",\"vincent2\",\"awesome\",\"andrew-chevk\",\"68666666\",\"a6\",\"ant3\",\"an4\",\"ant4\",\"ant7\",\"conniechen\",\"ant9\",\"hellowin\",\"vincent28\",\"vincent31\",\"vincent32\",\"vincent63472\",\"wilson\",\"123123123\",\"ant2\",\"ant5\",\"testonly\",\"ant1\",\"(null)\",\"descendentofsun\",\"ck\",\"ivan\",\"andrewwan\"]","login_times":"6","awesome_chips":"95340","onlineStatus":"2"}
hgetallvincent7
hgetall{"awesome_id":"andrewwan","friendIds":"[\"andrewwan\",\"andrew-chevk\",\"andrew\",\"ant7\",\"123123123\",\"conniechen\",\"ck\",\"cara\",\"ant8\",\"descendentofsun\",\"ivan-nokia6\",\"eddy\",\"ant5\",\"vincent\",\"vincent6\",\"vincent7\",\"vincent63472\",\"elvis\",\"vincent8\",\"samsung\",\"ivan\",\"testonly\",\"ivanlgv10\",\"vincent9\",\"ivannew\",\"awesome\",\"howareyou\",\"ivanlgpro2\",\"andrew-test\",\"vincent31\",\"ant2\",\"a3\",\"vincent5\",\"ivanipad\",\"ant4\",\"hellowin\",\"vincent28\",\"vincent32\",\"ant1\",\"ant9\",\"an4\",\"vincent2\",\"ant3\",\"a6\",\"68666666\",\"wilson\"]","login_times":"4","awesome_chips":"99539","onlineStatus":"2"}
hgetallandrewwan
[0mGET / [32m200 [0m2.975 ms - 11[0m
[0mGET / [32m200 [0m0.976 ms - 11[0m
Send message channel:vincent9:game msg:{"cmd":2001,"custom":2,"msg":"vincent7"}
Send message channel:vincent9:game msg:{"cmd":3000,"custom":200,"msg":"[{\"friendId\":\"vincent7\",\"onlineStatus\":\"1\",\"chips\":\"95340\"}]"}
game {"header":"game","cmd":1000,"custom":1,"msg":"vincent9,hellowin,ant2,a6,ant3,vincent5,testonly,vincent31,an4,vincent28,wilson,vincent32,ant7,68666666,ant9,conniechen,eddy,ant5,vincent2,vincent8,awesome,samsung,eric,ant1,vincent7,123123123,v7,vincent63472,vincent,andrewwan,ck,ivan"}
Send message channel:vincent9:game msg:{"cmd":2000,"custom":200,"msg":"[{\"friendId\":\"vincent7\",\"onlineStatus\":\"2\",\"chips\":\"95340\"},{\"friendId\":\"andrewwan\",\"onlineStatus\":\"2\",\"chips\":\"99539\"}]"}
game {"header":"game","cmd":1002,"custom":1,"msg":"vincent9,vincent7"}
========================================================================
==========================Received Data=================================
========================================================================
Cmd Code: 1002
Custom Use: 1
Message: vincent9,vincent7
========================================================================
==========================friends accept invite=========================
========================================================================
update player: vincent9 status: 1
vincent9 send to player 2 successful vincent7 2002
send return to the player 1,send successful 1002
Send message channel:vincent9:game msg:{"cmd":3000,"custom":200,"msg":"[{\"friendId\":\"vincent9\",\"onlineStatus\":\"1\",\"chips\":\"2162\"}]"}
Send message channel:vincent9:game msg:{"cmd":1002,"custom":200,"msg":"successful"}
Send message channel:vincent9:game msg:{"cmd":2011,"custom":2,"msg":"vincent7"}
Send message channel:vincent9:friend_online msg:{"friendId":"andrewwan"}
Send message channel:vincent9:friend_online msg:{"friendId":"vincent7"}
Send message channel:vincent9:game msg:{"cmd":2003,"custom":200,"msg":"vincent7"}
Send message channel:vincent9:game msg:{"cmd":3000,"custom":200,"msg":"[{\"friendId\":\"vincent7\",\"onlineStatus\":\"2\",\"chips\":\"95340\"}]"}
Send message channel:vincent9:game msg:{"cmd":3000,"custom":200,"msg":"[{\"friendId\":\"vincent9\",\"onlineStatus\":\"2\",\"chips\":\"2162\"}]"}
game {"header":"game","cmd":1003,"custom":1,"msg":"vincent9,vincent7"}
========================================================================
==========================Received Data=================================
========================================================================
Cmd Code: 1003
Custom Use: 1
Message: vincent9,vincent7
========================================================================
==========================start game====================================
========================================================================
friend player id vincent7
friend chips 95330
my chips 2152
send to player 2 successful vincent7 2003
send return to the player 1,send successful 1003
findGamePair find success vincent7:vincent9 {"p1PlayerId":"vincent7","p2PlayerId":"vincent9","pairId":"vincent7:vincent9"}
add game pair failed vincent7:vincent9
Send message channel:vincent9:game msg:{"cmd":1003,"custom":200,"msg":"successful"}
game {"header":"game","cmd":1000,"custom":1,"msg":"vincent9,andrewwan,vincent7,a6,ant3,vincent5,testonly,vincent31,an4,vincent28,wilson,vincent32,ant7,68666666,ant9,conniechen,eddy,ant5,vincent2,vincent8,awesome,samsung,eric,ant1,ant2,123123123,v7,vincent63472,vincent,hellowin,ck,ivan"}
Send message channel:vincent9:game msg:{"cmd":2000,"custom":200,"msg":"[{\"friendId\":\"andrewwan\",\"onlineStatus\":\"2\",\"chips\":\"99539\"},{\"friendId\":\"vincent7\",\"onlineStatus\":\"2\",\"chips\":\"95330\"}]"}
notify_online {
  "friend_ids" : [
    "vincent9",
    "hellowin",
    "ant2",
    "a6",
    "ant3",
    "vincent5",
    "testonly",
    "ant8",
    "vincent31",
    "an4",
    "vincent28",
    "wilson",
    "vincent32",
    "ant7",
    "68666666",
    "ant9",
    "conniechen",
    "eddy",
    "ant5",
    "vincent2",
    "vincent8",
    "awesome",
    "samsung",
    "eric",
    "ant1",
    "vincent7",
    "123123123",
    "v7",
    "vincent63472",
    "vincent",
    "andrewwan",
    "ck",
    "ivan",
    "a58330",
    "a7",
    "descendentofsun"
  ]
}
Send message channel:vincent9:friend_online msg:{"friendId":"vincent9"}
hgetall{"awesome_id":"vincent9","friendIds":"[\"vincent9\",\"hellowin\",\"ant2\",\"a6\",\"ant3\",\"vincent5\",\"testonly\",\"ant8\",\"vincent31\",\"an4\",\"vincent28\",\"wilson\",\"vincent32\",\"ant7\",\"68666666\",\"ant9\",\"conniechen\",\"eddy\",\"ant5\",\"vincent2\",\"vincent8\",\"awesome\",\"samsung\",\"eric\",\"ant1\",\"vincent7\",\"123123123\",\"v7\",\"vincent63472\",\"vincent\",\"andrewwan\",\"ck\",\"ivan\",\"a58330\",\"a7\",\"descendentofsun\"]","login_times":"1","awesome_chips":"2152","onlineStatus":"2"}
hgetallvincent9
hgetall{"awesome_id":"vincent7","friendIds":"[\"vincent7\",\"vincent5\",\"vincent9\",\"vincent6\",\"vincent8\",\"vincent\",\"eddy\",\"vincent2\",\"awesome\",\"andrew-chevk\",\"68666666\",\"a6\",\"ant3\",\"an4\",\"ant4\",\"ant7\",\"conniechen\",\"ant9\",\"hellowin\",\"vincent28\",\"vincent31\",\"vincent32\",\"vincent63472\",\"wilson\",\"123123123\",\"ant2\",\"ant5\",\"testonly\",\"ant1\",\"(null)\",\"descendentofsun\",\"ck\",\"ivan\",\"andrewwan\"]","login_times":"6","awesome_chips":"95330","onlineStatus":"2"}
hgetallvincent7
hgetall{"awesome_id":"andrewwan","friendIds":"[\"andrewwan\",\"andrew-chevk\",\"andrew\",\"ant7\",\"123123123\",\"conniechen\",\"ck\",\"cara\",\"ant8\",\"descendentofsun\",\"ivan-nokia6\",\"eddy\",\"ant5\",\"vincent\",\"vincent6\",\"vincent7\",\"vincent63472\",\"elvis\",\"vincent8\",\"samsung\",\"ivan\",\"testonly\",\"ivanlgv10\",\"vincent9\",\"ivannew\",\"awesome\",\"howareyou\",\"ivanlgpro2\",\"andrew-test\",\"vincent31\",\"ant2\",\"a3\",\"vincent5\",\"ivanipad\",\"ant4\",\"hellowin\",\"vincent28\",\"vincent32\",\"ant1\",\"ant9\",\"an4\",\"vincent2\",\"ant3\",\"a6\",\"68666666\",\"wilson\"]","login_times":"4","awesome_chips":"99539","onlineStatus":"2"}
hgetallandrewwan
[0mGET / [32m200 [0m0.552 ms - 11[0m
[0mGET / [32m200 [0m0.264 ms - 11[0m
disconnect vincent9
disconnect vincent9 redis
friend ids vincent9,hellowin,ant2,a6,ant3,vincent5,testonly,ant8,vincent31,an4,vincent28,wilson,vincent32,ant7,68666666,ant9,conniechen,eddy,ant5,vincent2,vincent8,awesome,samsung,eric,ant1,vincent7,123123123,v7,vincent63472,vincent,andrewwan,ck,ivan,a58330,a7,descendentofsun
send disconnect to vincent9
send disconnect to hellowin
send disconnect to ant2
send disconnect to a6
send disconnect to ant3
send disconnect to vincent5
send disconnect to testonly
send disconnect to ant8
send disconnect to vincent31
send disconnect to an4
send disconnect to vincent28
send disconnect to wilson
send disconnect to vincent32
send disconnect to ant7
send disconnect to 68666666
send disconnect to ant9
send disconnect to conniechen
send disconnect to eddy
send disconnect to ant5
send disconnect to vincent2
send disconnect to vincent8
send disconnect to awesome
send disconnect to samsung
send disconnect to eric
send disconnect to ant1
send disconnect to vincent7
send disconnect to 123123123
send disconnect to v7
send disconnect to vincent63472
send disconnect to vincent
send disconnect to andrewwan
send disconnect to ck
send disconnect to ivan
send disconnect to a58330
send disconnect to a7
send disconnect to descendentofsun
[0mGET / [32m200 [0m1.271 ms - 11[0m
[0mGET / [32m200 [0m0.295 ms - 11[0m
[0mGET / [32m200 [0m0.527 ms - 11[0m
[0mGET / [32m200 [0m0.888 ms - 11[0m
[0mGET / [32m200 [0m1.635 ms - 11[0m
[0mGET / [32m200 [0m1.534 ms - 11[0m
[0mGET / [32m200 [0m0.786 ms - 11[0m
[0mGET / [32m200 [0m1.062 ms - 11[0m
io enter middleware
before decrypt 1KTVrMYy/Ecrba5M8HkfSg==
after decrypt vincent9
Player ID isvincent9
On Connection:{"headers":{"x-forwarded-for":"101.78.215.254","x-forwarded-proto":"http","x-forwarded-port":"3000","host":"socketioloadbalancer-1642928803.us-east-1.elb.amazonaws.com:3000","x-amzn-trace-id":"Root=1-598c1205-312a871e29e742c53c6f1a2d","upgrade":"websocket","connection":"upgrade","sec-websocket-version":"13","origin":"ws://socketioloadbalancer-1642928803.us-east-1.elb.amazonaws.com:3000","sec-websocket-key":"ZGZnZGNqbW1ocW51aXF3bA=="},"time":"Thu Aug 10 2017 07:57:57 GMT+0000 (UTC)","address":"::ffff:172.31.24.250","xdomain":true,"secure":false,"issued":1502351877161,"url":"/socket.io/?transport=websocket&pass=1KTVrMYy%2FEcrba5M8HkfSg%3D%3D&playerId=vincent9","query":{"transport":"websocket","pass":"1KTVrMYy/Ecrba5M8HkfSg==","playerId":"vincent9"}}
player id vincent9
hmsent register {"awesome_id":"vincent9","onlineStatus":2,"awesome_chips":0,"login_times":1}
[ { id: { S: 'vincent9' }, awesome_chips: { N: '2152' } } ]
hmsent awesomeChips {"awesome_id":"vincent9","onlineStatus":"2","awesome_chips":"2152","login_times":"1"}
notify_online {
  "friend_ids" : [
    "vincent9",
    "hellowin",
    "ant2",
    "a6",
    "ant3",
    "vincent5",
    "testonly",
    "ant8",
    "vincent31",
    "an4",
    "vincent28",
    "wilson",
    "vincent32",
    "ant7",
    "68666666",
    "ant9",
    "conniechen",
    "eddy",
    "ant5",
    "vincent2",
    "vincent8",
    "awesome",
    "samsung",
    "eric",
    "ant1",
    "vincent7",
    "123123123",
    "v7",
    "vincent63472",
    "vincent",
    "andrewwan",
    "ck",
    "ivan",
    "a58330",
    "a7",
    "descendentofsun"
  ]
}
hgetall{"awesome_id":"vincent9","onlineStatus":"2","awesome_chips":"2152","login_times":"1"}
hgetallvincent9
hgetall{"awesome_id":"vincent7","friendIds":"[\"vincent7\",\"vincent5\",\"vincent9\",\"vincent6\",\"vincent8\",\"vincent\",\"eddy\",\"vincent2\",\"awesome\",\"andrew-chevk\",\"68666666\",\"a6\",\"ant3\",\"an4\",\"ant4\",\"ant7\",\"conniechen\",\"ant9\",\"hellowin\",\"vincent28\",\"vincent31\",\"vincent32\",\"vincent63472\",\"wilson\",\"123123123\",\"ant2\",\"ant5\",\"testonly\",\"ant1\",\"(null)\",\"descendentofsun\",\"ck\",\"ivan\",\"andrewwan\"]","login_times":"6","awesome_chips":"95330","onlineStatus":"2"}
hgetallvincent7
hgetall{"awesome_id":"andrewwan","friendIds":"[\"andrewwan\",\"andrew-chevk\",\"andrew\",\"ant7\",\"123123123\",\"conniechen\",\"ck\",\"cara\",\"ant8\",\"descendentofsun\",\"ivan-nokia6\",\"eddy\",\"ant5\",\"vincent\",\"vincent6\",\"vincent7\",\"vincent63472\",\"elvis\",\"vincent8\",\"samsung\",\"ivan\",\"testonly\",\"ivanlgv10\",\"vincent9\",\"ivannew\",\"awesome\",\"howareyou\",\"ivanlgpro2\",\"andrew-test\",\"vincent31\",\"ant2\",\"a3\",\"vincent5\",\"ivanipad\",\"ant4\",\"hellowin\",\"vincent28\",\"vincent32\",\"ant1\",\"ant9\",\"an4\",\"vincent2\",\"ant3\",\"a6\",\"68666666\",\"wilson\"]","login_times":"5","awesome_chips":"99539","onlineStatus":"2"}
hgetallandrewwan
Send message channel:vincent9:friend_online msg:{"friendId":"vincent9"}
Send message channel:vincent9:friend_online msg:{"friendId":"andrewwan"}
[0mGET / [32m200 [0m1.295 ms - 11[0m
[0mGET / [32m200 [0m2.226 ms - 11[0m
notify_online {
  "friend_ids" : [
    "vincent9",
    "hellowin",
    "ant2",
    "a6",
    "ant3",
    "vincent5",
    "testonly",
    "ant8",
    "vincent31",
    "an4",
    "vincent28",
    "wilson",
    "vincent32",
    "ant7",
    "68666666",
    "ant9",
    "conniechen",
    "eddy",
    "ant5",
    "vincent2",
    "vincent8",
    "awesome",
    "samsung",
    "eric",
    "ant1",
    "vincent7",
    "123123123",
    "v7",
    "vincent63472",
    "vincent",
    "andrewwan",
    "ck",
    "ivan",
    "a58330",
    "a7",
    "descendentofsun"
  ]
}
Send message channel:vincent9:friend_online msg:{"friendId":"vincent9"}
hgetall{"login_times":"1","awesome_chips":"2152","onlineStatus":"2","awesome_id":"vincent9","friendIds":"[\"vincent9\",\"hellowin\",\"ant2\",\"a6\",\"ant3\",\"vincent5\",\"testonly\",\"ant8\",\"vincent31\",\"an4\",\"vincent28\",\"wilson\",\"vincent32\",\"ant7\",\"68666666\",\"ant9\",\"conniechen\",\"eddy\",\"ant5\",\"vincent2\",\"vincent8\",\"awesome\",\"samsung\",\"eric\",\"ant1\",\"vincent7\",\"123123123\",\"v7\",\"vincent63472\",\"vincent\",\"andrewwan\",\"ck\",\"ivan\",\"a58330\",\"a7\",\"descendentofsun\"]"}
hgetallvincent9
hgetall{"awesome_id":"vincent7","friendIds":"[\"vincent7\",\"vincent5\",\"vincent9\",\"vincent6\",\"vincent8\",\"vincent\",\"eddy\",\"vincent2\",\"awesome\",\"andrew-chevk\",\"68666666\",\"a6\",\"ant3\",\"an4\",\"ant4\",\"ant7\",\"conniechen\",\"ant9\",\"hellowin\",\"vincent28\",\"vincent31\",\"vincent32\",\"vincent63472\",\"wilson\",\"123123123\",\"ant2\",\"ant5\",\"testonly\",\"ant1\",\"(null)\",\"descendentofsun\",\"ck\",\"ivan\",\"andrewwan\"]","login_times":"6","awesome_chips":"95330","onlineStatus":"2"}
hgetallvincent7
hgetall{"awesome_id":"andrewwan","friendIds":"[\"andrewwan\",\"andrew-chevk\",\"andrew\",\"ant7\",\"123123123\",\"conniechen\",\"ck\",\"cara\",\"ant8\",\"descendentofsun\",\"ivan-nokia6\",\"eddy\",\"ant5\",\"vincent\",\"vincent6\",\"vincent7\",\"vincent63472\",\"elvis\",\"vincent8\",\"samsung\",\"ivan\",\"testonly\",\"ivanlgv10\",\"vincent9\",\"ivannew\",\"awesome\",\"howareyou\",\"ivanlgpro2\",\"andrew-test\",\"vincent31\",\"ant2\",\"a3\",\"vincent5\",\"ivanipad\",\"ant4\",\"hellowin\",\"vincent28\",\"vincent32\",\"ant1\",\"ant9\",\"an4\",\"vincent2\",\"ant3\",\"a6\",\"68666666\",\"wilson\"]","login_times":"5","awesome_chips":"99539","onlineStatus":"2"}
hgetallandrewwan
Send message channel:vincent9:friend_online msg:{"friendId":"andrewwan"}
[0mGET / [32m200 [0m1.207 ms - 11[0m
[0mGET / [32m200 [0m0.824 ms - 11[0m
notify_online {
  "friend_ids" : [
    "vincent9",
    "hellowin",
    "ant2",
    "a6",
    "ant3",
    "vincent5",
    "testonly",
    "ant8",
    "vincent31",
    "an4",
    "vincent28",
    "wilson",
    "vincent32",
    "ant7",
    "68666666",
    "ant9",
    "conniechen",
    "eddy",
    "ant5",
    "vincent2",
    "vincent8",
    "awesome",
    "samsung",
    "eric",
    "ant1",
    "vincent7",
    "123123123",
    "v7",
    "vincent63472",
    "vincent",
    "andrewwan",
    "ck",
    "ivan",
    "a58330",
    "a7",
    "descendentofsun"
  ]
}
Send message channel:vincent9:friend_online msg:{"friendId":"vincent9"}
hgetall{"awesome_id":"vincent9","friendIds":"[\"vincent9\",\"hellowin\",\"ant2\",\"a6\",\"ant3\",\"vincent5\",\"testonly\",\"ant8\",\"vincent31\",\"an4\",\"vincent28\",\"wilson\",\"vincent32\",\"ant7\",\"68666666\",\"ant9\",\"conniechen\",\"eddy\",\"ant5\",\"vincent2\",\"vincent8\",\"awesome\",\"samsung\",\"eric\",\"ant1\",\"vincent7\",\"123123123\",\"v7\",\"vincent63472\",\"vincent\",\"andrewwan\",\"ck\",\"ivan\",\"a58330\",\"a7\",\"descendentofsun\"]","login_times":"1","awesome_chips":"2152","onlineStatus":"2"}
hgetallvincent9
hgetall{"awesome_id":"vincent7","friendIds":"[\"vincent7\",\"vincent5\",\"vincent9\",\"vincent6\",\"vincent8\",\"vincent\",\"eddy\",\"vincent2\",\"awesome\",\"andrew-chevk\",\"68666666\",\"a6\",\"ant3\",\"an4\",\"ant4\",\"ant7\",\"conniechen\",\"ant9\",\"hellowin\",\"vincent28\",\"vincent31\",\"vincent32\",\"vincent63472\",\"wilson\",\"123123123\",\"ant2\",\"ant5\",\"testonly\",\"ant1\",\"(null)\",\"descendentofsun\",\"ck\",\"ivan\",\"andrewwan\"]","login_times":"6","awesome_chips":"95330","onlineStatus":"2"}
hgetallvincent7
hgetall{"awesome_id":"andrewwan","friendIds":"[\"andrewwan\",\"andrew-chevk\",\"andrew\",\"ant7\",\"123123123\",\"conniechen\",\"ck\",\"cara\",\"ant8\",\"descendentofsun\",\"ivan-nokia6\",\"eddy\",\"ant5\",\"vincent\",\"vincent6\",\"vincent7\",\"vincent63472\",\"elvis\",\"vincent8\",\"samsung\",\"ivan\",\"testonly\",\"ivanlgv10\",\"vincent9\",\"ivannew\",\"awesome\",\"howareyou\",\"ivanlgpro2\",\"andrew-test\",\"vincent31\",\"ant2\",\"a3\",\"vincent5\",\"ivanipad\",\"ant4\",\"hellowin\",\"vincent28\",\"vincent32\",\"ant1\",\"ant9\",\"an4\",\"vincent2\",\"ant3\",\"a6\",\"68666666\",\"wilson\"]","login_times":"5","awesome_chips":"99539","onlineStatus":"2"}
hgetallandrewwan
Send message channel:vincent9:friend_online msg:{"friendId":"andrewwan"}
[0mGET / [32m200 [0m1.382 ms - 11[0m
[0mGET / [32m200 [0m1.521 ms - 11[0m
notify_online {
  "friend_ids" : [
    "vincent9",
    "hellowin",
    "ant2",
    "a6",
    "ant3",
    "vincent5",
    "testonly",
    "ant8",
    "vincent31",
    "an4",
    "vincent28",
    "wilson",
    "vincent32",
    "ant7",
    "68666666",
    "ant9",
    "conniechen",
    "eddy",
    "ant5",
    "vincent2",
    "vincent8",
    "awesome",
    "samsung",
    "eric",
    "ant1",
    "vincent7",
    "123123123",
    "v7",
    "vincent63472",
    "vincent",
    "andrewwan",
    "ck",
    "ivan",
    "a58330",
    "a7",
    "descendentofsun"
  ]
}
Send message channel:vincent9:friend_online msg:{"friendId":"vincent9"}
hgetall{"awesome_id":"vincent9","friendIds":"[\"vincent9\",\"hellowin\",\"ant2\",\"a6\",\"ant3\",\"vincent5\",\"testonly\",\"ant8\",\"vincent31\",\"an4\",\"vincent28\",\"wilson\",\"vincent32\",\"ant7\",\"68666666\",\"ant9\",\"conniechen\",\"eddy\",\"ant5\",\"vincent2\",\"vincent8\",\"awesome\",\"samsung\",\"eric\",\"ant1\",\"vincent7\",\"123123123\",\"v7\",\"vincent63472\",\"vincent\",\"andrewwan\",\"ck\",\"ivan\",\"a58330\",\"a7\",\"descendentofsun\"]","login_times":"1","awesome_chips":"2152","onlineStatus":"2"}
hgetallvincent9
hgetall{"awesome_id":"vincent7","friendIds":"[\"vincent7\",\"vincent5\",\"vincent9\",\"vincent6\",\"vincent8\",\"vincent\",\"eddy\",\"vincent2\",\"awesome\",\"andrew-chevk\",\"68666666\",\"a6\",\"ant3\",\"an4\",\"ant4\",\"ant7\",\"conniechen\",\"ant9\",\"hellowin\",\"vincent28\",\"vincent31\",\"vincent32\",\"vincent63472\",\"wilson\",\"123123123\",\"ant2\",\"ant5\",\"testonly\",\"ant1\",\"(null)\",\"descendentofsun\",\"ck\",\"ivan\",\"andrewwan\"]","login_times":"6","awesome_chips":"95330","onlineStatus":"2"}
hgetallvincent7
hgetall{"awesome_id":"andrewwan","friendIds":"[\"andrewwan\",\"andrew-chevk\",\"andrew\",\"ant7\",\"123123123\",\"conniechen\",\"ck\",\"cara\",\"ant8\",\"descendentofsun\",\"ivan-nokia6\",\"eddy\",\"ant5\",\"vincent\",\"vincent6\",\"vincent7\",\"vincent63472\",\"elvis\",\"vincent8\",\"samsung\",\"ivan\",\"testonly\",\"ivanlgv10\",\"vincent9\",\"ivannew\",\"awesome\",\"howareyou\",\"ivanlgpro2\",\"andrew-test\",\"vincent31\",\"ant2\",\"a3\",\"vincent5\",\"ivanipad\",\"ant4\",\"hellowin\",\"vincent28\",\"vincent32\",\"ant1\",\"ant9\",\"an4\",\"vincent2\",\"ant3\",\"a6\",\"68666666\",\"wilson\"]","login_times":"5","awesome_chips":"99539","onlineStatus":"2"}
hgetallandrewwan
Send message channel:vincent9:friend_online msg:{"friendId":"andrewwan"}
[0mGET / [32m200 [0m0.552 ms - 11[0m
[0mGET / [32m200 [0m0.938 ms - 11[0m
notify_online {
  "friend_ids" : [
    "vincent9",
    "hellowin",
    "ant2",
    "a6",
    "ant3",
    "vincent5",
    "testonly",
    "ant8",
    "vincent31",
    "an4",
    "vincent28",
    "wilson",
    "vincent32",
    "ant7",
    "68666666",
    "ant9",
    "conniechen",
    "eddy",
    "ant5",
    "vincent2",
    "vincent8",
    "awesome",
    "samsung",
    "eric",
    "ant1",
    "vincent7",
    "123123123",
    "v7",
    "vincent63472",
    "vincent",
    "andrewwan",
    "ck",
    "ivan",
    "a58330",
    "a7",
    "descendentofsun"
  ]
}
Send message channel:vincent9:friend_online msg:{"friendId":"vincent9"}
hgetall{"awesome_id":"vincent9","friendIds":"[\"vincent9\",\"hellowin\",\"ant2\",\"a6\",\"ant3\",\"vincent5\",\"testonly\",\"ant8\",\"vincent31\",\"an4\",\"vincent28\",\"wilson\",\"vincent32\",\"ant7\",\"68666666\",\"ant9\",\"conniechen\",\"eddy\",\"ant5\",\"vincent2\",\"vincent8\",\"awesome\",\"samsung\",\"eric\",\"ant1\",\"vincent7\",\"123123123\",\"v7\",\"vincent63472\",\"vincent\",\"andrewwan\",\"ck\",\"ivan\",\"a58330\",\"a7\",\"descendentofsun\"]","login_times":"1","awesome_chips":"2152","onlineStatus":"2"}
hgetallvincent9
hgetall{"awesome_id":"vincent7","friendIds":"[\"vincent7\",\"vincent5\",\"vincent9\",\"vincent6\",\"vincent8\",\"vincent\",\"eddy\",\"vincent2\",\"awesome\",\"andrew-chevk\",\"68666666\",\"a6\",\"ant3\",\"an4\",\"ant4\",\"ant7\",\"conniechen\",\"ant9\",\"hellowin\",\"vincent28\",\"vincent31\",\"vincent32\",\"vincent63472\",\"wilson\",\"123123123\",\"ant2\",\"ant5\",\"testonly\",\"ant1\",\"(null)\",\"descendentofsun\",\"ck\",\"ivan\",\"andrewwan\"]","login_times":"6","awesome_chips":"95330","onlineStatus":"2"}
hgetallvincent7
hgetall{"awesome_id":"andrewwan","friendIds":"[\"andrewwan\",\"andrew-chevk\",\"andrew\",\"ant7\",\"123123123\",\"conniechen\",\"ck\",\"cara\",\"ant8\",\"descendentofsun\",\"ivan-nokia6\",\"eddy\",\"ant5\",\"vincent\",\"vincent6\",\"vincent7\",\"vincent63472\",\"elvis\",\"vincent8\",\"samsung\",\"ivan\",\"testonly\",\"ivanlgv10\",\"vincent9\",\"ivannew\",\"awesome\",\"howareyou\",\"ivanlgpro2\",\"andrew-test\",\"vincent31\",\"ant2\",\"a3\",\"vincent5\",\"ivanipad\",\"ant4\",\"hellowin\",\"vincent28\",\"vincent32\",\"ant1\",\"ant9\",\"an4\",\"vincent2\",\"ant3\",\"a6\",\"68666666\",\"wilson\"]","login_times":"5","awesome_chips":"99539","onlineStatus":"2"}
hgetallandrewwan
Send message channel:vincent9:friend_online msg:{"friendId":"andrewwan"}
[0mGET / [32m200 [0m1.543 ms - 11[0m
[0mGET / [32m200 [0m2.143 ms - 11[0m
notify_online {
  "friend_ids" : [
    "vincent9",
    "hellowin",
    "ant2",
    "a6",
    "ant3",
    "vincent5",
    "testonly",
    "ant8",
    "vincent31",
    "an4",
    "vincent28",
    "wilson",
    "vincent32",
    "ant7",
    "68666666",
    "ant9",
    "conniechen",
    "eddy",
    "ant5",
    "vincent2",
    "vincent8",
    "awesome",
    "samsung",
    "eric",
    "ant1",
    "vincent7",
    "123123123",
    "v7",
    "vincent63472",
    "vincent",
    "andrewwan",
    "ck",
    "ivan",
    "a58330",
    "a7",
    "descendentofsun"
  ]
}
Send message channel:vincent9:friend_online msg:{"friendId":"vincent9"}
hgetall{"awesome_id":"vincent9","friendIds":"[\"vincent9\",\"hellowin\",\"ant2\",\"a6\",\"ant3\",\"vincent5\",\"testonly\",\"ant8\",\"vincent31\",\"an4\",\"vincent28\",\"wilson\",\"vincent32\",\"ant7\",\"68666666\",\"ant9\",\"conniechen\",\"eddy\",\"ant5\",\"vincent2\",\"vincent8\",\"awesome\",\"samsung\",\"eric\",\"ant1\",\"vincent7\",\"123123123\",\"v7\",\"vincent63472\",\"vincent\",\"andrewwan\",\"ck\",\"ivan\",\"a58330\",\"a7\",\"descendentofsun\"]","login_times":"1","awesome_chips":"2152","onlineStatus":"2"}
hgetallvincent9
hgetall{"awesome_id":"vincent7","friendIds":"[\"vincent7\",\"vincent5\",\"vincent9\",\"vincent6\",\"vincent8\",\"vincent\",\"eddy\",\"vincent2\",\"awesome\",\"andrew-chevk\",\"68666666\",\"a6\",\"ant3\",\"an4\",\"ant4\",\"ant7\",\"conniechen\",\"ant9\",\"hellowin\",\"vincent28\",\"vincent31\",\"vincent32\",\"vincent63472\",\"wilson\",\"123123123\",\"ant2\",\"ant5\",\"testonly\",\"ant1\",\"(null)\",\"descendentofsun\",\"ck\",\"ivan\",\"andrewwan\"]","login_times":"6","awesome_chips":"95330","onlineStatus":"2"}
hgetallvincent7
hgetall{"awesome_id":"andrewwan","friendIds":"[\"andrewwan\",\"andrew-chevk\",\"andrew\",\"ant7\",\"123123123\",\"conniechen\",\"ck\",\"cara\",\"ant8\",\"descendentofsun\",\"ivan-nokia6\",\"eddy\",\"ant5\",\"vincent\",\"vincent6\",\"vincent7\",\"vincent63472\",\"elvis\",\"vincent8\",\"samsung\",\"ivan\",\"testonly\",\"ivanlgv10\",\"vincent9\",\"ivannew\",\"awesome\",\"howareyou\",\"ivanlgpro2\",\"andrew-test\",\"vincent31\",\"ant2\",\"a3\",\"vincent5\",\"ivanipad\",\"ant4\",\"hellowin\",\"vincent28\",\"vincent32\",\"ant1\",\"ant9\",\"an4\",\"vincent2\",\"ant3\",\"a6\",\"68666666\",\"wilson\"]","login_times":"5","awesome_chips":"99539","onlineStatus":"2"}
hgetallandrewwan
Send message channel:vincent9:friend_online msg:{"friendId":"andrewwan"}
[0mGET / [32m200 [0m0.656 ms - 11[0m
[0mGET / [32m200 [0m0.300 ms - 11[0m
notify_online {
  "friend_ids" : [
    "vincent9",
    "hellowin",
    "ant2",
    "a6",
    "ant3",
    "vincent5",
    "testonly",
    "ant8",
    "vincent31",
    "an4",
    "vincent28",
    "wilson",
    "vincent32",
    "ant7",
    "68666666",
    "ant9",
    "conniechen",
    "eddy",
    "ant5",
    "vincent2",
    "vincent8",
    "awesome",
    "samsung",
    "eric",
    "ant1",
    "vincent7",
    "123123123",
    "v7",
    "vincent63472",
    "vincent",
    "andrewwan",
    "ck",
    "ivan",
    "a58330",
    "a7",
    "descendentofsun"
  ]
}
Send message channel:vincent9:friend_online msg:{"friendId":"vincent9"}
hgetall{"awesome_id":"vincent9","friendIds":"[\"vincent9\",\"hellowin\",\"ant2\",\"a6\",\"ant3\",\"vincent5\",\"testonly\",\"ant8\",\"vincent31\",\"an4\",\"vincent28\",\"wilson\",\"vincent32\",\"ant7\",\"68666666\",\"ant9\",\"conniechen\",\"eddy\",\"ant5\",\"vincent2\",\"vincent8\",\"awesome\",\"samsung\",\"eric\",\"ant1\",\"vincent7\",\"123123123\",\"v7\",\"vincent63472\",\"vincent\",\"andrewwan\",\"ck\",\"ivan\",\"a58330\",\"a7\",\"descendentofsun\"]","login_times":"1","awesome_chips":"2152","onlineStatus":"2"}
hgetallvincent9
hgetall{"awesome_id":"vincent7","friendIds":"[\"vincent7\",\"vincent5\",\"vincent9\",\"vincent6\",\"vincent8\",\"vincent\",\"eddy\",\"vincent2\",\"awesome\",\"andrew-chevk\",\"68666666\",\"a6\",\"ant3\",\"an4\",\"ant4\",\"ant7\",\"conniechen\",\"ant9\",\"hellowin\",\"vincent28\",\"vincent31\",\"vincent32\",\"vincent63472\",\"wilson\",\"123123123\",\"ant2\",\"ant5\",\"testonly\",\"ant1\",\"(null)\",\"descendentofsun\",\"ck\",\"ivan\",\"andrewwan\"]","login_times":"6","awesome_chips":"95330","onlineStatus":"2"}
hgetallvincent7
hgetall{"awesome_id":"andrewwan","friendIds":"[\"andrewwan\",\"andrew-chevk\",\"andrew\",\"ant7\",\"123123123\",\"conniechen\",\"ck\",\"cara\",\"ant8\",\"descendentofsun\",\"ivan-nokia6\",\"eddy\",\"ant5\",\"vincent\",\"vincent6\",\"vincent7\",\"vincent63472\",\"elvis\",\"vincent8\",\"samsung\",\"ivan\",\"testonly\",\"ivanlgv10\",\"vincent9\",\"ivannew\",\"awesome\",\"howareyou\",\"ivanlgpro2\",\"andrew-test\",\"vincent31\",\"ant2\",\"a3\",\"vincent5\",\"ivanipad\",\"ant4\",\"hellowin\",\"vincent28\",\"vincent32\",\"ant1\",\"ant9\",\"an4\",\"vincent2\",\"ant3\",\"a6\",\"68666666\",\"wilson\"]","login_times":"5","awesome_chips":"99539","onlineStatus":"2"}
hgetallandrewwan
Send message channel:vincent9:friend_online msg:{"friendId":"andrewwan"}
[0mGET / [32m200 [0m1.162 ms - 11[0m
[0mGET / [32m200 [0m0.886 ms - 11[0m
notify_online {
  "friend_ids" : [
    "vincent9",
    "hellowin",
    "ant2",
    "a6",
    "ant3",
    "vincent5",
    "testonly",
    "ant8",
    "vincent31",
    "an4",
    "vincent28",
    "wilson",
    "vincent32",
    "ant7",
    "68666666",
    "ant9",
    "conniechen",
    "eddy",
    "ant5",
    "vincent2",
    "vincent8",
    "awesome",
    "samsung",
    "eric",
    "ant1",
    "vincent7",
    "123123123",
    "v7",
    "vincent63472",
    "vincent",
    "andrewwan",
    "ck",
    "ivan",
    "a58330",
    "a7",
    "descendentofsun"
  ]
}
Send message channel:vincent9:friend_online msg:{"friendId":"vincent9"}
hgetall{"awesome_id":"vincent9","friendIds":"[\"vincent9\",\"hellowin\",\"ant2\",\"a6\",\"ant3\",\"vincent5\",\"testonly\",\"ant8\",\"vincent31\",\"an4\",\"vincent28\",\"wilson\",\"vincent32\",\"ant7\",\"68666666\",\"ant9\",\"conniechen\",\"eddy\",\"ant5\",\"vincent2\",\"vincent8\",\"awesome\",\"samsung\",\"eric\",\"ant1\",\"vincent7\",\"123123123\",\"v7\",\"vincent63472\",\"vincent\",\"andrewwan\",\"ck\",\"ivan\",\"a58330\",\"a7\",\"descendentofsun\"]","login_times":"1","awesome_chips":"2152","onlineStatus":"2"}
hgetallvincent9
hgetall{"awesome_id":"vincent7","friendIds":"[\"vincent7\",\"vincent5\",\"vincent9\",\"vincent6\",\"vincent8\",\"vincent\",\"eddy\",\"vincent2\",\"awesome\",\"andrew-chevk\",\"68666666\",\"a6\",\"ant3\",\"an4\",\"ant4\",\"ant7\",\"conniechen\",\"ant9\",\"hellowin\",\"vincent28\",\"vincent31\",\"vincent32\",\"vincent63472\",\"wilson\",\"123123123\",\"ant2\",\"ant5\",\"testonly\",\"ant1\",\"(null)\",\"descendentofsun\",\"ck\",\"ivan\",\"andrewwan\"]","login_times":"6","awesome_chips":"95330","onlineStatus":"2"}
hgetallvincent7
hgetall{"awesome_id":"andrewwan","friendIds":"[\"andrewwan\",\"andrew-chevk\",\"andrew\",\"ant7\",\"123123123\",\"conniechen\",\"ck\",\"cara\",\"ant8\",\"descendentofsun\",\"ivan-nokia6\",\"eddy\",\"ant5\",\"vincent\",\"vincent6\",\"vincent7\",\"vincent63472\",\"elvis\",\"vincent8\",\"samsung\",\"ivan\",\"testonly\",\"ivanlgv10\",\"vincent9\",\"ivannew\",\"awesome\",\"howareyou\",\"ivanlgpro2\",\"andrew-test\",\"vincent31\",\"ant2\",\"a3\",\"vincent5\",\"ivanipad\",\"ant4\",\"hellowin\",\"vincent28\",\"vincent32\",\"ant1\",\"ant9\",\"an4\",\"vincent2\",\"ant3\",\"a6\",\"68666666\",\"wilson\"]","login_times":"5","awesome_chips":"99539","onlineStatus":"2"}
hgetallandrewwan
Send message channel:vincent9:friend_online msg:{"friendId":"andrewwan"}
[0mGET / [32m200 [0m2.713 ms - 11[0m
[0mGET / [32m200 [0m0.292 ms - 11[0m
notify_online {
  "friend_ids" : [
    "vincent9",
    "hellowin",
    "ant2",
    "a6",
    "ant3",
    "vincent5",
    "testonly",
    "ant8",
    "vincent31",
    "an4",
    "vincent28",
    "wilson",
    "vincent32",
    "ant7",
    "68666666",
    "ant9",
    "conniechen",
    "eddy",
    "ant5",
    "vincent2",
    "vincent8",
    "awesome",
    "samsung",
    "eric",
    "ant1",
    "vincent7",
    "123123123",
    "v7",
    "vincent63472",
    "vincent",
    "andrewwan",
    "ck",
    "ivan",
    "a58330",
    "a7",
    "descendentofsun"
  ]
}
Send message channel:vincent9:friend_online msg:{"friendId":"vincent9"}
hgetall{"awesome_id":"vincent9","friendIds":"[\"vincent9\",\"hellowin\",\"ant2\",\"a6\",\"ant3\",\"vincent5\",\"testonly\",\"ant8\",\"vincent31\",\"an4\",\"vincent28\",\"wilson\",\"vincent32\",\"ant7\",\"68666666\",\"ant9\",\"conniechen\",\"eddy\",\"ant5\",\"vincent2\",\"vincent8\",\"awesome\",\"samsung\",\"eric\",\"ant1\",\"vincent7\",\"123123123\",\"v7\",\"vincent63472\",\"vincent\",\"andrewwan\",\"ck\",\"ivan\",\"a58330\",\"a7\",\"descendentofsun\"]","login_times":"1","awesome_chips":"2152","onlineStatus":"2"}
hgetallvincent9
hgetall{"awesome_id":"vincent7","friendIds":"[\"vincent7\",\"vincent5\",\"vincent9\",\"vincent6\",\"vincent8\",\"vincent\",\"eddy\",\"vincent2\",\"awesome\",\"andrew-chevk\",\"68666666\",\"a6\",\"ant3\",\"an4\",\"ant4\",\"ant7\",\"conniechen\",\"ant9\",\"hellowin\",\"vincent28\",\"vincent31\",\"vincent32\",\"vincent63472\",\"wilson\",\"123123123\",\"ant2\",\"ant5\",\"testonly\",\"ant1\",\"(null)\",\"descendentofsun\",\"ck\",\"ivan\",\"andrewwan\"]","login_times":"6","awesome_chips":"95330","onlineStatus":"2"}
hgetallvincent7
hgetall{"awesome_id":"andrewwan","friendIds":"[\"andrewwan\",\"andrew-chevk\",\"andrew\",\"ant7\",\"123123123\",\"conniechen\",\"ck\",\"cara\",\"ant8\",\"descendentofsun\",\"ivan-nokia6\",\"eddy\",\"ant5\",\"vincent\",\"vincent6\",\"vincent7\",\"vincent63472\",\"elvis\",\"vincent8\",\"samsung\",\"ivan\",\"testonly\",\"ivanlgv10\",\"vincent9\",\"ivannew\",\"awesome\",\"howareyou\",\"ivanlgpro2\",\"andrew-test\",\"vincent31\",\"ant2\",\"a3\",\"vincent5\",\"ivanipad\",\"ant4\",\"hellowin\",\"vincent28\",\"vincent32\",\"ant1\",\"ant9\",\"an4\",\"vincent2\",\"ant3\",\"a6\",\"68666666\",\"wilson\"]","login_times":"5","awesome_chips":"99539","onlineStatus":"2"}
hgetallandrewwan
Send message channel:vincent9:friend_online msg:{"friendId":"andrewwan"}
[0mGET / [32m200 [0m0.522 ms - 11[0m
[0mGET / [32m200 [0m0.750 ms - 11[0m
notify_online {
  "friend_ids" : [
    "vincent9",
    "hellowin",
    "ant2",
    "a6",
    "ant3",
    "vincent5",
    "testonly",
    "ant8",
    "vincent31",
    "an4",
    "vincent28",
    "wilson",
    "vincent32",
    "ant7",
    "68666666",
    "ant9",
    "conniechen",
    "eddy",
    "ant5",
    "vincent2",
    "vincent8",
    "awesome",
    "samsung",
    "eric",
    "ant1",
    "vincent7",
    "123123123",
    "v7",
    "vincent63472",
    "vincent",
    "andrewwan",
    "ck",
    "ivan",
    "a58330",
    "a7",
    "descendentofsun"
  ]
}
Send message channel:vincent9:friend_online msg:{"friendId":"vincent9"}
hgetall{"awesome_id":"vincent9","friendIds":"[\"vincent9\",\"hellowin\",\"ant2\",\"a6\",\"ant3\",\"vincent5\",\"testonly\",\"ant8\",\"vincent31\",\"an4\",\"vincent28\",\"wilson\",\"vincent32\",\"ant7\",\"68666666\",\"ant9\",\"conniechen\",\"eddy\",\"ant5\",\"vincent2\",\"vincent8\",\"awesome\",\"samsung\",\"eric\",\"ant1\",\"vincent7\",\"123123123\",\"v7\",\"vincent63472\",\"vincent\",\"andrewwan\",\"ck\",\"ivan\",\"a58330\",\"a7\",\"descendentofsun\"]","login_times":"1","awesome_chips":"2152","onlineStatus":"2"}
hgetallvincent9
hgetall{"awesome_id":"vincent7","friendIds":"[\"vincent7\",\"vincent5\",\"vincent9\",\"vincent6\",\"vincent8\",\"vincent\",\"eddy\",\"vincent2\",\"awesome\",\"andrew-chevk\",\"68666666\",\"a6\",\"ant3\",\"an4\",\"ant4\",\"ant7\",\"conniechen\",\"ant9\",\"hellowin\",\"vincent28\",\"vincent31\",\"vincent32\",\"vincent63472\",\"wilson\",\"123123123\",\"ant2\",\"ant5\",\"testonly\",\"ant1\",\"(null)\",\"descendentofsun\",\"ck\",\"ivan\",\"andrewwan\"]","login_times":"6","awesome_chips":"95330","onlineStatus":"2"}
hgetallvincent7
hgetall{"awesome_id":"andrewwan","friendIds":"[\"andrewwan\",\"andrew-chevk\",\"andrew\",\"ant7\",\"123123123\",\"conniechen\",\"ck\",\"cara\",\"ant8\",\"descendentofsun\",\"ivan-nokia6\",\"eddy\",\"ant5\",\"vincent\",\"vincent6\",\"vincent7\",\"vincent63472\",\"elvis\",\"vincent8\",\"samsung\",\"ivan\",\"testonly\",\"ivanlgv10\",\"vincent9\",\"ivannew\",\"awesome\",\"howareyou\",\"ivanlgpro2\",\"andrew-test\",\"vincent31\",\"ant2\",\"a3\",\"vincent5\",\"ivanipad\",\"ant4\",\"hellowin\",\"vincent28\",\"vincent32\",\"ant1\",\"ant9\",\"an4\",\"vincent2\",\"ant3\",\"a6\",\"68666666\",\"wilson\"]","login_times":"5","awesome_chips":"99539","onlineStatus":"2"}
hgetallandrewwan
Send message channel:vincent9:friend_online msg:{"friendId":"andrewwan"}
error: Forever detected script was killed by signal: SIGKILL
