ok
Config
Thu Aug 03 2017 04:09:50 GMT+0000 (UTC)
Cognito
the cognitoidentity is [object Object]
SNS
setting tcp
setting sns
PostAPI
PostAPI_Chat
PostAPI_Wall
PostAPI_Pet
PostAPI_Chips
PostAPI_Login
PostAPI_Shop
PostAPI_Debug
Game init
======================
apiPort listening 2451
tcpPort listening 3008
======================
Server listening at port 3008
[0mGET / [32m200 [0m79.855 ms - 11[0m
[0mGET / [32m200 [0m71.461 ms - 11[0m
[0mGET / [32m200 [0m15.414 ms - 11[0m
[0mGET / [32m200 [0m11.397 ms - 11[0m
[0mGET / [32m200 [0m13.128 ms - 11[0m
[0mGET / [32m200 [0m14.968 ms - 11[0m
[0mGET / [32m200 [0m27.862 ms - 11[0m
[0mGET / [32m200 [0m3.339 ms - 11[0m
[0mGET / [32m200 [0m15.000 ms - 11[0m
[0mGET / [32m200 [0m10.558 ms - 11[0m
[0mGET / [32m200 [0m5.745 ms - 11[0m
[0mGET / [32m200 [0m7.633 ms - 11[0m
[0mGET / [32m200 [0m15.890 ms - 11[0m
[0mGET / [32m200 [0m7.344 ms - 11[0m
[0mGET / [32m200 [0m17.723 ms - 11[0m
[0mGET / [32m200 [0m18.886 ms - 11[0m
[0mGET / [32m200 [0m1.885 ms - 11[0m
[0mGET / [32m200 [0m0.373 ms - 11[0m
[0mGET / [32m200 [0m60.364 ms - 11[0m
[0mGET / [32m200 [0m9.140 ms - 11[0m
[0mGET / [32m200 [0m15.173 ms - 11[0m
[0mGET / [32m200 [0m15.594 ms - 11[0m
[0mGET / [32m200 [0m1.543 ms - 11[0m
[0mGET / [32m200 [0m7.532 ms - 11[0m
[0mGET / [32m200 [0m1.329 ms - 11[0m
[0mGET / [32m200 [0m7.419 ms - 11[0m
[0mGET / [32m200 [0m7.374 ms - 11[0m
[0mGET / [32m200 [0m10.764 ms - 11[0m
[0mGET / [32m200 [0m10.724 ms - 11[0m
[0mGET / [32m200 [0m9.021 ms - 11[0m
[0mGET / [32m200 [0m14.904 ms - 11[0m
[0mGET / [32m200 [0m10.378 ms - 11[0m
[0mGET / [32m200 [0m17.771 ms - 11[0m
[0mGET / [32m200 [0m0.374 ms - 11[0m
[0mGET / [32m200 [0m0.685 ms - 11[0m
[0mGET / [32m200 [0m3.834 ms - 11[0m
[0mGET / [32m200 [0m9.376 ms - 11[0m
[0mGET / [32m200 [0m9.356 ms - 11[0m
[0mGET / [32m200 [0m20.098 ms - 11[0m
[0mGET / [32m200 [0m6.382 ms - 11[0m
[0mGET / [32m200 [0m1.103 ms - 11[0m
[0mGET / [32m200 [0m3.309 ms - 11[0m
[0mGET / [32m200 [0m1.218 ms - 11[0m
[0mGET / [32m200 [0m24.979 ms - 11[0m
[0mGET / [32m200 [0m14.813 ms - 11[0m
[0mGET / [32m200 [0m0.958 ms - 11[0m
[0mGET / [32m200 [0m1.678 ms - 11[0m
[0mGET / [32m200 [0m4.737 ms - 11[0m
[0mGET / [32m200 [0m12.673 ms - 11[0m
[0mGET / [32m200 [0m7.001 ms - 11[0m
[0mGET / [32m200 [0m0.657 ms - 11[0m
[0mGET / [32m200 [0m17.316 ms - 11[0m
[0mGET / [32m200 [0m1.157 ms - 11[0m
[0mGET / [32m200 [0m0.411 ms - 11[0m
[0mGET / [32m200 [0m0.665 ms - 11[0m
[0mGET / [32m200 [0m1.165 ms - 11[0m
[0mGET / [32m200 [0m13.122 ms - 11[0m
[0mGET / [32m200 [0m1.082 ms - 11[0m
[0mGET / [32m200 [0m19.573 ms - 11[0m
[0mGET / [32m200 [0m0.372 ms - 11[0m
[0mGET / [32m200 [0m1.220 ms - 11[0m
[0mGET / [32m200 [0m9.245 ms - 11[0m
[0mGET / [32m200 [0m0.823 ms - 11[0m
[0mGET / [32m200 [0m13.194 ms - 11[0m
[0mGET / [32m200 [0m57.575 ms - 11[0m
[0mGET / [32m200 [0m3.276 ms - 11[0m
[0mGET / [32m200 [0m3.328 ms - 11[0m
[0mGET / [32m200 [0m9.467 ms - 11[0m
[0mGET / [32m200 [0m13.771 ms - 11[0m
[0mGET / [32m200 [0m0.432 ms - 11[0m
[0mGET / [32m200 [0m11.429 ms - 11[0m
[0mGET / [32m200 [0m2.810 ms - 11[0m
[0mGET / [32m200 [0m16.930 ms - 11[0m
[0mGET / [32m200 [0m17.928 ms - 11[0m
[0mGET / [32m200 [0m0.710 ms - 11[0m
[0mGET / [32m200 [0m13.036 ms - 11[0m
[0mGET / [32m200 [0m7.957 ms - 11[0m
[0mGET / [32m200 [0m10.680 ms - 11[0m
[0mGET / [32m200 [0m9.667 ms - 11[0m
[0mGET / [32m200 [0m9.333 ms - 11[0m
[0mGET / [32m200 [0m6.494 ms - 11[0m
[0mGET / [32m200 [0m1.414 ms - 11[0m
[0mGET / [32m200 [0m0.402 ms - 11[0m
[0mGET / [32m200 [0m0.592 ms - 11[0m
[0mGET / [32m200 [0m19.330 ms - 11[0m
[0mGET / [32m200 [0m13.855 ms - 11[0m
[0mGET / [32m200 [0m9.775 ms - 11[0m
[0mGET / [32m200 [0m13.461 ms - 11[0m
[0mGET / [32m200 [0m16.271 ms - 11[0m
[0mGET / [32m200 [0m5.516 ms - 11[0m
[0mGET / [32m200 [0m2.928 ms - 11[0m
[0mGET / [32m200 [0m1.904 ms - 11[0m
[0mGET / [32m200 [0m13.496 ms - 11[0m
[0mGET / [32m200 [0m9.551 ms - 11[0m
[0mGET / [32m200 [0m6.143 ms - 11[0m
[0mGET / [32m200 [0m5.892 ms - 11[0m
[0mGET / [32m200 [0m3.511 ms - 11[0m
[0mGET / [32m200 [0m0.735 ms - 11[0m
[0mGET / [32m200 [0m4.148 ms - 11[0m
[0mGET / [32m200 [0m0.996 ms - 11[0m
[0mGET / [32m200 [0m8.955 ms - 11[0m
[0mGET / [32m200 [0m0.377 ms - 11[0m
[0mGET / [32m200 [0m8.067 ms - 11[0m
[0mGET / [32m200 [0m0.957 ms - 11[0m
[0mGET / [32m200 [0m1.065 ms - 11[0m
[0mGET / [32m200 [0m5.703 ms - 11[0m
[0mGET / [32m200 [0m1.274 ms - 11[0m
[0mGET / [32m200 [0m0.404 ms - 11[0m
[0mGET / [32m200 [0m13.051 ms - 11[0m
[0mGET / [32m200 [0m32.459 ms - 11[0m
[0mGET / [32m200 [0m16.849 ms - 11[0m
[0mGET / [32m200 [0m5.980 ms - 11[0m
[0mGET / [32m200 [0m18.258 ms - 11[0m
[0mGET / [32m200 [0m20.303 ms - 11[0m
[0mGET / [32m200 [0m0.699 ms - 11[0m
[0mGET / [32m200 [0m0.777 ms - 11[0m
[0mGET / [32m200 [0m0.900 ms - 11[0m
[0mGET / [32m200 [0m2.330 ms - 11[0m
[0mGET / [32m200 [0m16.295 ms - 11[0m
[0mGET / [32m200 [0m5.092 ms - 11[0m
[0mGET / [32m200 [0m10.821 ms - 11[0m
[0mGET / [32m200 [0m5.803 ms - 11[0m
[0mGET / [32m200 [0m2.344 ms - 11[0m
[0mGET / [32m200 [0m9.999 ms - 11[0m
[0mGET / [32m200 [0m15.870 ms - 11[0m
[0mGET / [32m200 [0m5.500 ms - 11[0m
[0mGET / [32m200 [0m17.363 ms - 11[0m
[0mGET / [32m200 [0m3.458 ms - 11[0m
[0mGET / [32m200 [0m4.690 ms - 11[0m
[0mGET / [32m200 [0m0.997 ms - 11[0m
[0mGET / [32m200 [0m17.561 ms - 11[0m
[0mGET / [32m200 [0m94.111 ms - 11[0m
[0mGET / [32m200 [0m5.293 ms - 11[0m
[0mGET / [32m200 [0m7.210 ms - 11[0m
[0mGET / [32m200 [0m14.480 ms - 11[0m
[0mGET / [32m200 [0m16.598 ms - 11[0m
[0mGET / [32m200 [0m8.061 ms - 11[0m
[0mGET / [32m200 [0m15.829 ms - 11[0m
[0mGET / [32m200 [0m0.420 ms - 11[0m
[0mGET / [32m200 [0m0.813 ms - 11[0m
[0mGET / [32m200 [0m9.850 ms - 11[0m
[0mGET / [32m200 [0m10.202 ms - 11[0m
[0mGET / [32m200 [0m18.511 ms - 11[0m
[0mGET / [32m200 [0m0.435 ms - 11[0m
[0mGET / [32m200 [0m0.397 ms - 11[0m
[0mGET / [32m200 [0m11.356 ms - 11[0m
[0mGET / [32m200 [0m5.887 ms - 11[0m
[0mGET / [32m200 [0m2.681 ms - 11[0m
[0mGET / [32m200 [0m11.133 ms - 11[0m
[0mGET / [32m200 [0m7.800 ms - 11[0m
[0mGET / [32m200 [0m16.647 ms - 11[0m
[0mGET / [32m200 [0m0.393 ms - 11[0m
[0mGET / [32m200 [0m1.064 ms - 11[0m
[0mGET / [32m200 [0m0.639 ms - 11[0m
[0mGET / [32m200 [0m6.892 ms - 11[0m
[0mGET / [32m200 [0m12.757 ms - 11[0m
[0mGET / [32m200 [0m8.646 ms - 11[0m
[0mGET / [32m200 [0m0.977 ms - 11[0m
[0mGET / [32m200 [0m3.945 ms - 11[0m
[0mGET / [32m200 [0m3.090 ms - 11[0m
[0mGET / [32m200 [0m11.862 ms - 11[0m
[0mGET / [32m200 [0m0.354 ms - 11[0m
[0mGET / [32m200 [0m1.162 ms - 11[0m
[0mGET / [32m200 [0m1.217 ms - 11[0m
[0mGET / [32m200 [0m6.856 ms - 11[0m
[0mGET / [32m200 [0m1.459 ms - 11[0m
[0mGET / [32m200 [0m2.927 ms - 11[0m
[0mGET / [32m200 [0m4.066 ms - 11[0m
[0mGET / [32m200 [0m4.770 ms - 11[0m
[0mGET / [32m200 [0m10.212 ms - 11[0m
[0mGET / [32m200 [0m0.824 ms - 11[0m
[0mGET / [32m200 [0m0.897 ms - 11[0m
[0mGET / [32m200 [0m6.672 ms - 11[0m
[0mGET / [32m200 [0m4.734 ms - 11[0m
[0mGET / [32m200 [0m0.433 ms - 11[0m
[0mGET / [32m200 [0m2.355 ms - 11[0m
[0mGET / [32m200 [0m13.134 ms - 11[0m
[0mGET / [32m200 [0m6.700 ms - 11[0m
[0mGET / [32m200 [0m0.860 ms - 11[0m
[0mGET / [32m200 [0m0.975 ms - 11[0m
[0mGET / [32m200 [0m0.451 ms - 11[0m
[0mGET / [32m200 [0m9.789 ms - 11[0m
[0mGET / [32m200 [0m0.462 ms - 11[0m
[0mGET / [32m200 [0m0.446 ms - 11[0m
[0mGET / [32m200 [0m7.414 ms - 11[0m
[0mGET / [32m200 [0m10.963 ms - 11[0m
[0mGET / [32m200 [0m0.407 ms - 11[0m
[0mGET / [32m200 [0m0.474 ms - 11[0m
[0mGET / [32m200 [0m0.426 ms - 11[0m
[0mGET / [32m200 [0m0.577 ms - 11[0m
[0mGET / [32m200 [0m0.635 ms - 11[0m
[0mGET / [32m200 [0m0.292 ms - 11[0m
[0mGET / [32m200 [0m11.209 ms - 11[0m
[0mGET / [32m200 [0m0.909 ms - 11[0m
[0mGET / [32m200 [0m0.731 ms - 11[0m
[0mGET / [32m200 [0m1.031 ms - 11[0m
[0mGET / [32m200 [0m0.545 ms - 11[0m
[0mGET / [32m200 [0m7.677 ms - 11[0m
[0mGET / [32m200 [0m0.612 ms - 11[0m
[0mGET / [32m200 [0m0.488 ms - 11[0m
[0mGET / [32m200 [0m10.441 ms - 11[0m
[0mGET / [32m200 [0m10.711 ms - 11[0m
[0mGET / [32m200 [0m0.960 ms - 11[0m
[0mGET / [32m200 [0m0.900 ms - 11[0m
[0mGET / [32m200 [0m0.423 ms - 11[0m
[0mGET / [32m200 [0m1.680 ms - 11[0m
[0mGET / [32m200 [0m16.191 ms - 11[0m
[0mGET / [32m200 [0m0.337 ms - 11[0m
[0mGET / [32m200 [0m14.839 ms - 11[0m
[0mGET / [32m200 [0m0.435 ms - 11[0m
[0mGET / [32m200 [0m0.831 ms - 11[0m
[0mGET / [32m200 [0m0.862 ms - 11[0m
[0mGET / [32m200 [0m8.532 ms - 11[0m
[0mGET / [32m200 [0m0.903 ms - 11[0m
[0mGET / [32m200 [0m0.380 ms - 11[0m
[0mGET / [32m200 [0m0.521 ms - 11[0m
[0mGET / [32m200 [0m9.287 ms - 11[0m
[0mGET / [32m200 [0m7.949 ms - 11[0m
[0mGET / [32m200 [0m0.449 ms - 11[0m
[0mGET / [32m200 [0m2.294 ms - 11[0m
[0mGET / [32m200 [0m0.443 ms - 11[0m
[0mGET / [32m200 [0m3.897 ms - 11[0m
[0mGET / [32m200 [0m0.360 ms - 11[0m
[0mGET / [32m200 [0m0.517 ms - 11[0m
[0mGET / [32m200 [0m10.836 ms - 11[0m
[0mGET / [32m200 [0m4.751 ms - 11[0m
[0mGET / [32m200 [0m0.887 ms - 11[0m
[0mGET / [32m200 [0m0.950 ms - 11[0m
[0mGET / [32m200 [0m2.937 ms - 11[0m
[0mGET / [32m200 [0m3.213 ms - 11[0m
[0mGET / [32m200 [0m0.748 ms - 11[0m
[0mGET / [32m200 [0m0.782 ms - 11[0m
[0mGET / [32m200 [0m13.582 ms - 11[0m
[0mGET / [32m200 [0m6.967 ms - 11[0m
[0mGET / [32m200 [0m0.713 ms - 11[0m
[0mGET / [32m200 [0m0.343 ms - 11[0m
[0mGET / [32m200 [0m6.481 ms - 11[0m
[0mGET / [32m200 [0m1.488 ms - 11[0m
[0mGET / [32m200 [0m0.368 ms - 11[0m
[0mGET / [32m200 [0m0.566 ms - 11[0m
[0mGET / [32m200 [0m0.468 ms - 11[0m
[0mGET / [32m200 [0m1.033 ms - 11[0m
[0mGET / [32m200 [0m0.363 ms - 11[0m
[0mGET / [32m200 [0m1.646 ms - 11[0m
[0mGET / [32m200 [0m12.105 ms - 11[0m
[0mGET / [32m200 [0m0.464 ms - 11[0m
[0mGET / [32m200 [0m0.515 ms - 11[0m
[0mGET / [32m200 [0m0.455 ms - 11[0m
[0mGET / [32m200 [0m12.328 ms - 11[0m
[0mGET / [32m200 [0m11.105 ms - 11[0m
[0mGET / [32m200 [0m0.358 ms - 11[0m
[0mGET / [32m200 [0m0.363 ms - 11[0m
[0mGET / [32m200 [0m10.927 ms - 11[0m
[0mGET / [32m200 [0m6.051 ms - 11[0m
[0mGET / [32m200 [0m3.264 ms - 11[0m
[0mGET / [32m200 [0m16.013 ms - 11[0m
[0mGET / [32m200 [0m10.314 ms - 11[0m
[0mGET / [32m200 [0m5.981 ms - 11[0m
[0mGET / [32m200 [0m13.331 ms - 11[0m
[0mGET / [32m200 [0m0.996 ms - 11[0m
[0mGET / [32m200 [0m12.165 ms - 11[0m
[0mGET / [32m200 [0m17.328 ms - 11[0m
[0mGET / [32m200 [0m38.052 ms - 11[0m
[0mGET / [32m200 [0m6.341 ms - 11[0m
[0mGET / [32m200 [0m18.643 ms - 11[0m
[0mGET / [32m200 [0m0.475 ms - 11[0m
[0mGET / [32m200 [0m16.607 ms - 11[0m
[0mGET / [32m200 [0m11.844 ms - 11[0m
[0mGET / [32m200 [0m14.080 ms - 11[0m
[0mGET / [32m200 [0m3.914 ms - 11[0m
[0mGET / [32m200 [0m3.591 ms - 11[0m
[0mGET / [32m200 [0m2.786 ms - 11[0m
[0mGET / [32m200 [0m1.625 ms - 11[0m
[0mGET / [32m200 [0m1.414 ms - 11[0m
[0mGET / [32m200 [0m1.656 ms - 11[0m
[0mGET / [32m200 [0m4.029 ms - 11[0m
[0mGET / [32m200 [0m1.022 ms - 11[0m
[0mGET / [32m200 [0m2.249 ms - 11[0m
[0mGET / [32m200 [0m0.809 ms - 11[0m
[0mGET / [32m200 [0m0.385 ms - 11[0m
[0mGET / [32m200 [0m2.555 ms - 11[0m
[0mGET / [32m200 [0m0.721 ms - 11[0m
[0mGET / [32m200 [0m1.088 ms - 11[0m
[0mGET / [32m200 [0m7.375 ms - 11[0m
[0mGET / [32m200 [0m6.422 ms - 11[0m
[0mGET / [32m200 [0m10.746 ms - 11[0m
[0mGET / [32m200 [0m6.092 ms - 11[0m
[0mGET / [32m200 [0m1.030 ms - 11[0m
[0mGET / [32m200 [0m2.160 ms - 11[0m
[0mGET / [32m200 [0m1.251 ms - 11[0m
[0mGET / [32m200 [0m0.982 ms - 11[0m
[0mGET / [32m200 [0m0.358 ms - 11[0m
[0mGET / [32m200 [0m8.502 ms - 11[0m
[0mGET / [32m200 [0m0.920 ms - 11[0m
[0mGET / [32m200 [0m4.525 ms - 11[0m
[0mGET / [32m200 [0m0.358 ms - 11[0m
[0mGET / [32m200 [0m1.765 ms - 11[0m
[0mGET / [32m200 [0m1.495 ms - 11[0m
[0mGET / [32m200 [0m0.389 ms - 11[0m
[0mGET / [32m200 [0m5.874 ms - 11[0m
[0mGET / [32m200 [0m9.434 ms - 11[0m
[0mGET / [32m200 [0m8.447 ms - 11[0m
[0mGET / [32m200 [0m0.761 ms - 11[0m
[0mGET / [32m200 [0m2.971 ms - 11[0m
[0mGET / [32m200 [0m0.472 ms - 11[0m
[0mGET / [32m200 [0m2.596 ms - 11[0m
[0mGET / [32m200 [0m2.580 ms - 11[0m
[0mGET / [32m200 [0m14.725 ms - 11[0m
[0mGET / [32m200 [0m19.823 ms - 11[0m
[0mGET / [32m200 [0m2.023 ms - 11[0m
[0mGET / [32m200 [0m3.057 ms - 11[0m
[0mGET / [32m200 [0m0.439 ms - 11[0m
[0mGET / [32m200 [0m5.473 ms - 11[0m
[0mGET / [32m200 [0m0.522 ms - 11[0m
[0mGET / [32m200 [0m1.311 ms - 11[0m
[0mGET / [32m200 [0m0.440 ms - 11[0m
[0mGET / [32m200 [0m1.512 ms - 11[0m
[0mGET / [32m200 [0m4.822 ms - 11[0m
[0mGET / [32m200 [0m3.975 ms - 11[0m
[0mGET / [32m200 [0m2.228 ms - 11[0m
[0mGET / [32m200 [0m21.306 ms - 11[0m
[0mGET / [32m200 [0m11.525 ms - 11[0m
[0mGET / [32m200 [0m1.784 ms - 11[0m
[0mGET / [32m200 [0m1.825 ms - 11[0m
[0mGET / [32m200 [0m1.605 ms - 11[0m
[0mGET / [32m200 [0m7.549 ms - 11[0m
[0mGET / [32m200 [0m0.595 ms - 11[0m
[0mGET / [32m200 [0m0.571 ms - 11[0m
[0mGET / [32m200 [0m1.056 ms - 11[0m
[0mGET / [32m200 [0m2.275 ms - 11[0m
[0mGET / [32m200 [0m6.170 ms - 11[0m
[0mGET / [32m200 [0m6.044 ms - 11[0m
[0mGET / [32m200 [0m8.451 ms - 11[0m
[0mGET / [32m200 [0m9.798 ms - 11[0m
[0mGET / [32m200 [0m1.208 ms - 11[0m
[0mGET / [32m200 [0m1.610 ms - 11[0m
[0mGET / [32m200 [0m0.391 ms - 11[0m
[0mGET / [32m200 [0m1.285 ms - 11[0m
[0mGET / [32m200 [0m2.677 ms - 11[0m
[0mGET / [32m200 [0m1.954 ms - 11[0m
[0mGET / [32m200 [0m12.134 ms - 11[0m
[0mGET / [32m200 [0m7.290 ms - 11[0m
[0mGET / [32m200 [0m4.309 ms - 11[0m
[0mGET / [32m200 [0m2.149 ms - 11[0m
[0mGET / [32m200 [0m11.008 ms - 11[0m
[0mGET / [32m200 [0m0.355 ms - 11[0m
[0mGET / [32m200 [0m0.881 ms - 11[0m
[0mGET / [32m200 [0m0.487 ms - 11[0m
[0mGET / [32m200 [0m1.705 ms - 11[0m
[0mGET / [32m200 [0m7.576 ms - 11[0m
[0mGET / [32m200 [0m0.961 ms - 11[0m
[0mGET / [32m200 [0m1.574 ms - 11[0m
[0mGET / [32m200 [0m7.357 ms - 11[0m
[0mGET / [32m200 [0m8.693 ms - 11[0m
[0mGET / [32m200 [0m0.381 ms - 11[0m
[0mGET / [32m200 [0m0.375 ms - 11[0m
[0mGET / [32m200 [0m1.311 ms - 11[0m
[0mGET / [32m200 [0m4.742 ms - 11[0m
[0mGET / [32m200 [0m1.530 ms - 11[0m
[0mGET / [32m200 [0m0.337 ms - 11[0m
[0mGET / [32m200 [0m6.961 ms - 11[0m
[0mGET / [32m200 [0m5.642 ms - 11[0m
[0mGET / [32m200 [0m0.425 ms - 11[0m
[0mGET / [32m200 [0m0.468 ms - 11[0m
[0mGET / [32m200 [0m12.587 ms - 11[0m
[0mGET / [32m200 [0m5.922 ms - 11[0m
[0mGET / [32m200 [0m0.887 ms - 11[0m
[0mGET / [32m200 [0m0.608 ms - 11[0m
[0mGET / [32m200 [0m11.059 ms - 11[0m
[0mGET / [32m200 [0m6.263 ms - 11[0m
[0mGET / [32m200 [0m2.316 ms - 11[0m
[0mGET / [32m200 [0m0.648 ms - 11[0m
[0mGET / [32m200 [0m10.755 ms - 11[0m
[0mGET / [32m200 [0m6.225 ms - 11[0m
[0mGET / [32m200 [0m1.015 ms - 11[0m
[0mGET / [32m200 [0m3.225 ms - 11[0m
[0mGET / [32m200 [0m3.445 ms - 11[0m
[0mGET / [32m200 [0m1.735 ms - 11[0m
[0mGET / [32m200 [0m0.469 ms - 11[0m
[0mGET / [32m200 [0m0.326 ms - 11[0m
[0mGET / [32m200 [0m9.161 ms - 11[0m
[0mGET / [32m200 [0m0.841 ms - 11[0m
[0mGET / [32m200 [0m1.486 ms - 11[0m
[0mGET / [32m200 [0m4.547 ms - 11[0m
[0mGET / [32m200 [0m15.469 ms - 11[0m
[0mGET / [32m200 [0m0.509 ms - 11[0m
[0mGET / [32m200 [0m0.825 ms - 11[0m
[0mGET / [32m200 [0m1.521 ms - 11[0m
[0mGET / [32m200 [0m0.463 ms - 11[0m
[0mGET / [32m200 [0m2.201 ms - 11[0m
[0mGET / [32m200 [0m0.471 ms - 11[0m
[0mGET / [32m200 [0m0.476 ms - 11[0m
[0mGET / [32m200 [0m23.296 ms - 11[0m
[0mGET / [32m200 [0m105.685 ms - 11[0m
[0mGET / [32m200 [0m0.996 ms - 11[0m
[0mGET / [32m200 [0m11.974 ms - 11[0m
[0mGET / [32m200 [0m9.973 ms - 11[0m
[0mGET / [32m200 [0m8.222 ms - 11[0m
[0mGET / [32m200 [0m10.488 ms - 11[0m
[0mGET / [32m200 [0m8.303 ms - 11[0m
[0mGET / [32m200 [0m0.487 ms - 11[0m
[0mGET / [32m200 [0m1.015 ms - 11[0m
[0mGET / [32m200 [0m0.493 ms - 11[0m
[0mGET / [32m200 [0m1.054 ms - 11[0m
[0mGET / [32m200 [0m12.182 ms - 11[0m
[0mGET / [32m200 [0m7.643 ms - 11[0m
[0mGET / [32m200 [0m0.410 ms - 11[0m
[0mGET / [32m200 [0m0.314 ms - 11[0m
[0mGET / [32m200 [0m1.138 ms - 11[0m
[0mGET / [32m200 [0m1.702 ms - 11[0m
[0mGET / [32m200 [0m0.483 ms - 11[0m
[0mGET / [32m200 [0m0.438 ms - 11[0m
[0mGET / [32m200 [0m8.180 ms - 11[0m
[0mGET / [32m200 [0m10.620 ms - 11[0m
[0mGET / [32m200 [0m1.226 ms - 11[0m
[0mGET / [32m200 [0m0.335 ms - 11[0m
[0mGET / [32m200 [0m10.908 ms - 11[0m
[0mGET / [32m200 [0m0.946 ms - 11[0m
[0mGET / [32m200 [0m6.147 ms - 11[0m
[0mGET / [32m200 [0m7.360 ms - 11[0m
[0mGET / [32m200 [0m8.495 ms - 11[0m
[0mGET / [32m200 [0m1.091 ms - 11[0m
[0mGET / [32m200 [0m0.440 ms - 11[0m
[0mGET / [32m200 [0m3.556 ms - 11[0m
[0mGET / [32m200 [0m9.942 ms - 11[0m
[0mGET / [32m200 [0m0.417 ms - 11[0m
[0mGET / [32m200 [0m0.351 ms - 11[0m
[0mGET / [32m200 [0m2.999 ms - 11[0m
[0mGET / [32m200 [0m9.645 ms - 11[0m
[0mGET / [32m200 [0m10.657 ms - 11[0m
[0mGET / [32m200 [0m15.428 ms - 11[0m
[0mGET / [32m200 [0m2.376 ms - 11[0m
[0mGET / [32m200 [0m9.641 ms - 11[0m
[0mGET / [32m200 [0m0.316 ms - 11[0m
[0mGET / [32m200 [0m0.460 ms - 11[0m
[0mGET / [32m200 [0m0.586 ms - 11[0m
[0mGET / [32m200 [0m9.653 ms - 11[0m
[0mGET / [32m200 [0m1.041 ms - 11[0m
[0mGET / [32m200 [0m0.555 ms - 11[0m
[0mGET / [32m200 [0m0.551 ms - 11[0m
[0mGET / [32m200 [0m12.702 ms - 11[0m
[0mGET / [32m200 [0m7.609 ms - 11[0m
[0mGET / [32m200 [0m0.483 ms - 11[0m
[0mGET / [32m200 [0m0.339 ms - 11[0m
[0mGET / [32m200 [0m6.477 ms - 11[0m
[0mGET / [32m200 [0m0.873 ms - 11[0m
[0mGET / [32m200 [0m0.453 ms - 11[0m
[0mGET / [32m200 [0m0.430 ms - 11[0m
[0mGET / [32m200 [0m9.284 ms - 11[0m
[0mGET / [32m200 [0m1.862 ms - 11[0m
[0mGET / [32m200 [0m0.527 ms - 11[0m
[0mGET / [32m200 [0m0.468 ms - 11[0m
[0mGET / [32m200 [0m0.518 ms - 11[0m
[0mGET / [32m200 [0m1.255 ms - 11[0m
[0mGET / [32m200 [0m1.987 ms - 11[0m
[0mGET / [32m200 [0m9.311 ms - 11[0m
[0mGET / [32m200 [0m8.964 ms - 11[0m
[0mGET / [32m200 [0m10.344 ms - 11[0m
[0mGET / [32m200 [0m1.539 ms - 11[0m
[0mGET / [32m200 [0m1.936 ms - 11[0m
[0mGET / [32m200 [0m7.913 ms - 11[0m
[0mGET / [32m200 [0m8.293 ms - 11[0m
[0mGET / [32m200 [0m2.114 ms - 11[0m
[0mGET / [32m200 [0m4.465 ms - 11[0m
[0mGET / [32m200 [0m10.975 ms - 11[0m
[0mGET / [32m200 [0m0.387 ms - 11[0m
[0mGET / [32m200 [0m4.268 ms - 11[0m
[0mGET / [32m200 [0m3.962 ms - 11[0m
[0mGET / [32m200 [0m9.337 ms - 11[0m
[0mGET / [32m200 [0m8.706 ms - 11[0m
[0mGET / [32m200 [0m16.991 ms - 11[0m
[0mGET / [32m200 [0m7.801 ms - 11[0m
[0mGET / [32m200 [0m1.099 ms - 11[0m
[0mGET / [32m200 [0m7.948 ms - 11[0m
[0mGET / [32m200 [0m0.407 ms - 11[0m
[0mGET / [32m200 [0m5.040 ms - 11[0m
[0mGET / [32m200 [0m0.776 ms - 11[0m
[0mGET / [32m200 [0m0.915 ms - 11[0m
[0mGET / [32m200 [0m1.724 ms - 11[0m
[0mGET / [32m200 [0m0.725 ms - 11[0m
[0mGET / [32m200 [0m2.773 ms - 11[0m
[0mGET / [32m200 [0m0.445 ms - 11[0m
[0mGET / [32m200 [0m0.605 ms - 11[0m
[0mGET / [32m200 [0m2.022 ms - 11[0m
[0mGET / [32m200 [0m0.562 ms - 11[0m
[0mGET / [32m200 [0m4.939 ms - 11[0m
[0mGET / [32m200 [0m0.920 ms - 11[0m
[0mGET / [32m200 [0m0.380 ms - 11[0m
[0mGET / [32m200 [0m1.194 ms - 11[0m
[0mGET / [32m200 [0m5.509 ms - 11[0m
[0mGET / [32m200 [0m2.631 ms - 11[0m
[0mGET / [32m200 [0m0.369 ms - 11[0m
[0mGET / [32m200 [0m0.931 ms - 11[0m
[0mGET / [32m200 [0m2.654 ms - 11[0m
[0mGET / [32m200 [0m11.325 ms - 11[0m
[0mGET / [32m200 [0m8.711 ms - 11[0m
[0mGET / [32m200 [0m1.158 ms - 11[0m
[0mGET / [32m200 [0m2.081 ms - 11[0m
[0mGET / [32m200 [0m1.897 ms - 11[0m
[0mGET / [32m200 [0m3.768 ms - 11[0m
[0mGET / [32m200 [0m1.012 ms - 11[0m
[0mGET / [32m200 [0m1.398 ms - 11[0m
[0mGET / [32m200 [0m3.480 ms - 11[0m
[0mGET / [32m200 [0m0.347 ms - 11[0m
[0mGET / [32m200 [0m0.675 ms - 11[0m
[0mGET / [32m200 [0m0.875 ms - 11[0m
[0mGET / [32m200 [0m14.874 ms - 11[0m
[0mGET / [32m200 [0m0.440 ms - 11[0m
[0mGET / [32m200 [0m0.710 ms - 11[0m
[0mGET / [32m200 [0m0.504 ms - 11[0m
[0mGET / [32m200 [0m2.794 ms - 11[0m
[0mGET / [32m200 [0m3.753 ms - 11[0m
[0mGET / [32m200 [0m13.166 ms - 11[0m
[0mGET / [32m200 [0m7.408 ms - 11[0m
[0mGET / [32m200 [0m0.539 ms - 11[0m
[0mGET / [32m200 [0m7.925 ms - 11[0m
[0mGET / [32m200 [0m2.086 ms - 11[0m
[0mGET / [32m200 [0m1.838 ms - 11[0m
[0mGET / [32m200 [0m3.988 ms - 11[0m
[0mGET / [32m200 [0m0.515 ms - 11[0m
[0mGET / [32m200 [0m8.741 ms - 11[0m
[0mGET / [32m200 [0m3.100 ms - 11[0m
[0mGET / [32m200 [0m1.937 ms - 11[0m
[0mGET / [32m200 [0m3.867 ms - 11[0m
[0mGET / [32m200 [0m32.770 ms - 11[0m
[0mGET / [32m200 [0m7.093 ms - 11[0m
[0mGET / [32m200 [0m4.934 ms - 11[0m
[0mGET / [32m200 [0m0.411 ms - 11[0m
[0mGET / [32m200 [0m13.899 ms - 11[0m
[0mGET / [32m200 [0m14.725 ms - 11[0m
[0mGET / [32m200 [0m1.162 ms - 11[0m
[0mGET / [32m200 [0m3.752 ms - 11[0m
[0mGET / [32m200 [0m1.109 ms - 11[0m
[0mGET / [32m200 [0m0.894 ms - 11[0m
[0mGET / [32m200 [0m0.994 ms - 11[0m
[0mGET / [32m200 [0m7.674 ms - 11[0m
[0mGET / [32m200 [0m4.992 ms - 11[0m
[0mGET / [32m200 [0m1.943 ms - 11[0m
[0mGET / [32m200 [0m1.305 ms - 11[0m
[0mGET / [32m200 [0m0.465 ms - 11[0m
[0mGET / [32m200 [0m0.597 ms - 11[0m
[0mGET / [32m200 [0m0.903 ms - 11[0m
[0mGET / [32m200 [0m5.064 ms - 11[0m
[0mGET / [32m200 [0m10.582 ms - 11[0m
[0mGET / [32m200 [0m0.623 ms - 11[0m
[0mGET / [32m200 [0m9.004 ms - 11[0m
[0mGET / [32m200 [0m12.361 ms - 11[0m
[0mGET / [32m200 [0m0.579 ms - 11[0m
[0mGET / [32m200 [0m0.352 ms - 11[0m
[0mGET / [32m200 [0m0.563 ms - 11[0m
[0mGET / [32m200 [0m4.583 ms - 11[0m
[0mGET / [32m200 [0m1.688 ms - 11[0m
[0mGET / [32m200 [0m0.772 ms - 11[0m
[0mGET / [32m200 [0m12.635 ms - 11[0m
[0mGET / [32m200 [0m0.464 ms - 11[0m
[0mGET / [32m200 [0m3.327 ms - 11[0m
[0mGET / [32m200 [0m7.872 ms - 11[0m
[0mGET / [32m200 [0m12.542 ms - 11[0m
[0mGET / [32m200 [0m2.019 ms - 11[0m
[0mGET / [32m200 [0m0.921 ms - 11[0m
[0mGET / [32m200 [0m3.945 ms - 11[0m
[0mGET / [32m200 [0m4.620 ms - 11[0m
[0mGET / [32m200 [0m2.791 ms - 11[0m
[0mGET / [32m200 [0m4.220 ms - 11[0m
[0mGET / [32m200 [0m8.073 ms - 11[0m
[0mGET / [32m200 [0m8.865 ms - 11[0m
[0mGET / [32m200 [0m18.041 ms - 11[0m
[0mGET / [32m200 [0m2.657 ms - 11[0m
[0mGET / [32m200 [0m0.738 ms - 11[0m
[0mGET / [32m200 [0m6.350 ms - 11[0m
[0mGET / [32m200 [0m2.447 ms - 11[0m
[0mGET / [32m200 [0m7.383 ms - 11[0m
[0mGET / [32m200 [0m0.992 ms - 11[0m
[0mGET / [32m200 [0m12.975 ms - 11[0m
[0mGET / [32m200 [0m12.527 ms - 11[0m
[0mGET / [32m200 [0m0.965 ms - 11[0m
[0mGET / [32m200 [0m0.374 ms - 11[0m
[0mGET / [32m200 [0m0.390 ms - 11[0m
[0mGET / [32m200 [0m9.672 ms - 11[0m
[0mGET / [32m200 [0m11.058 ms - 11[0m
[0mGET / [32m200 [0m12.319 ms - 11[0m
[0mGET / [32m200 [0m0.825 ms - 11[0m
[0mGET / [32m200 [0m9.310 ms - 11[0m
[0mGET / [32m200 [0m0.970 ms - 11[0m
[0mGET / [32m200 [0m0.714 ms - 11[0m
[0mGET / [32m200 [0m7.669 ms - 11[0m
[0mGET / [32m200 [0m0.878 ms - 11[0m
[0mGET / [32m200 [0m6.406 ms - 11[0m
[0mGET / [32m200 [0m0.568 ms - 11[0m
[0mGET / [32m200 [0m0.809 ms - 11[0m
[0mGET / [32m200 [0m12.591 ms - 11[0m
[0mGET / [32m200 [0m6.426 ms - 11[0m
[0mGET / [32m200 [0m0.368 ms - 11[0m
[0mGET / [32m200 [0m1.834 ms - 11[0m
[0mGET / [32m200 [0m10.661 ms - 11[0m
[0mGET / [32m200 [0m0.536 ms - 11[0m
[0mGET / [32m200 [0m1.384 ms - 11[0m
[0mGET / [32m200 [0m1.661 ms - 11[0m
[0mGET / [32m200 [0m2.498 ms - 11[0m
[0mGET / [32m200 [0m10.694 ms - 11[0m
[0mGET / [32m200 [0m1.884 ms - 11[0m
[0mGET / [32m200 [0m1.421 ms - 11[0m
[0mGET / [32m200 [0m10.189 ms - 11[0m
[0mGET / [32m200 [0m7.323 ms - 11[0m
[0mGET / [32m200 [0m4.278 ms - 11[0m
[0mGET / [32m200 [0m1.048 ms - 11[0m
[0mGET / [32m200 [0m11.773 ms - 11[0m
[0mGET / [32m200 [0m0.895 ms - 11[0m
[0mGET / [32m200 [0m0.483 ms - 11[0m
[0mGET / [32m200 [0m0.582 ms - 11[0m
[0mGET / [32m200 [0m1.454 ms - 11[0m
[0mGET / [32m200 [0m5.579 ms - 11[0m
[0mGET / [32m200 [0m0.330 ms - 11[0m
[0mGET / [32m200 [0m0.320 ms - 11[0m
[0mGET / [32m200 [0m1.312 ms - 11[0m
[0mGET / [32m200 [0m1.029 ms - 11[0m
[0mGET / [32m200 [0m0.337 ms - 11[0m
[0mGET / [32m200 [0m1.144 ms - 11[0m
[0mGET / [32m200 [0m2.956 ms - 11[0m
[0mGET / [32m200 [0m1.241 ms - 11[0m
[0mGET / [32m200 [0m0.525 ms - 11[0m
[0mGET / [32m200 [0m0.760 ms - 11[0m
[0mGET / [32m200 [0m0.817 ms - 11[0m
[0mGET / [32m200 [0m0.387 ms - 11[0m
[0mGET / [32m200 [0m1.956 ms - 11[0m
[0mGET / [32m200 [0m2.840 ms - 11[0m
[0mGET / [32m200 [0m4.420 ms - 11[0m
[0mGET / [32m200 [0m0.390 ms - 11[0m
[0mGET / [32m200 [0m0.646 ms - 11[0m
[0mGET / [32m200 [0m0.793 ms - 11[0m
[0mGET / [32m200 [0m1.482 ms - 11[0m
[0mGET / [32m200 [0m0.464 ms - 11[0m
[0mGET / [32m200 [0m0.514 ms - 11[0m
[0mGET / [32m200 [0m0.747 ms - 11[0m
[0mGET / [32m200 [0m1.277 ms - 11[0m
[0mGET / [32m200 [0m0.990 ms - 11[0m
[0mGET / [32m200 [0m0.795 ms - 11[0m
[0mGET / [32m200 [0m0.807 ms - 11[0m
[0mGET / [32m200 [0m6.295 ms - 11[0m
[0mGET / [32m200 [0m0.611 ms - 11[0m
[0mGET / [32m200 [0m0.645 ms - 11[0m
[0mGET / [32m200 [0m0.781 ms - 11[0m
[0mGET / [32m200 [0m4.703 ms - 11[0m
[0mGET / [32m200 [0m1.653 ms - 11[0m
[0mGET / [32m200 [0m0.639 ms - 11[0m
[0mGET / [32m200 [0m0.761 ms - 11[0m
[0mGET / [32m200 [0m0.446 ms - 11[0m
[0mGET / [32m200 [0m0.293 ms - 11[0m
[0mGET / [32m200 [0m0.401 ms - 11[0m
[0mGET / [32m200 [0m0.345 ms - 11[0m
[0mGET / [32m200 [0m0.365 ms - 11[0m
[0mGET / [32m200 [0m6.888 ms - 11[0m
[0mGET / [32m200 [0m0.513 ms - 11[0m
[0mGET / [32m200 [0m0.736 ms - 11[0m
[0mGET / [32m200 [0m1.376 ms - 11[0m
[0mGET / [32m200 [0m0.336 ms - 11[0m
[0mGET / [32m200 [0m0.535 ms - 11[0m
[0mGET / [32m200 [0m0.763 ms - 11[0m
[0mGET / [32m200 [0m5.788 ms - 11[0m
[0mGET / [32m200 [0m0.412 ms - 11[0m
[0mGET / [32m200 [0m0.869 ms - 11[0m
[0mGET / [32m200 [0m0.800 ms - 11[0m
[0mGET / [32m200 [0m1.129 ms - 11[0m
[0mGET / [32m200 [0m0.357 ms - 11[0m
[0mGET / [32m200 [0m0.522 ms - 11[0m
[0mGET / [32m200 [0m0.875 ms - 11[0m
[0mGET / [32m200 [0m1.024 ms - 11[0m
[0mGET / [32m200 [0m0.392 ms - 11[0m
[0mGET / [32m200 [0m0.663 ms - 11[0m
[0mGET / [32m200 [0m0.800 ms - 11[0m
[0mGET / [32m200 [0m1.329 ms - 11[0m
[0mGET / [32m200 [0m1.286 ms - 11[0m
[0mGET / [32m200 [0m0.525 ms - 11[0m
[0mGET / [32m200 [0m0.907 ms - 11[0m
[0mGET / [32m200 [0m1.663 ms - 11[0m
[0mGET / [32m200 [0m0.339 ms - 11[0m
[0mGET / [32m200 [0m2.142 ms - 11[0m
[0mGET / [32m200 [0m0.836 ms - 11[0m
[0mGET / [32m200 [0m2.818 ms - 11[0m
[0mGET / [32m200 [0m0.371 ms - 11[0m
[0mGET / [32m200 [0m0.355 ms - 11[0m
[0mGET / [32m200 [0m0.323 ms - 11[0m
[0mGET / [32m200 [0m0.323 ms - 11[0m
[0mGET / [32m200 [0m8.673 ms - 11[0m
[0mGET / [32m200 [0m0.672 ms - 11[0m
[0mGET / [32m200 [0m0.797 ms - 11[0m
[0mGET / [32m200 [0m0.576 ms - 11[0m
[0mGET / [32m200 [0m0.787 ms - 11[0m
[0mGET / [32m200 [0m0.368 ms - 11[0m
[0mGET / [32m200 [0m0.377 ms - 11[0m
[0mGET / [32m200 [0m3.693 ms - 11[0m
[0mGET / [32m200 [0m0.585 ms - 11[0m
[0mGET / [32m200 [0m0.518 ms - 11[0m
[0mGET / [32m200 [0m0.734 ms - 11[0m
[0mGET / [32m200 [0m0.319 ms - 11[0m
[0mGET / [32m200 [0m0.366 ms - 11[0m
[0mGET / [32m200 [0m0.511 ms - 11[0m
[0mGET / [32m200 [0m0.758 ms - 11[0m
[0mGET / [32m200 [0m1.656 ms - 11[0m
[0mGET / [32m200 [0m1.996 ms - 11[0m
[0mGET / [32m200 [0m0.343 ms - 11[0m
[0mGET / [32m200 [0m0.322 ms - 11[0m
[0mGET / [32m200 [0m4.382 ms - 11[0m
[0mGET / [32m200 [0m4.087 ms - 11[0m
[0mGET / [32m200 [0m0.536 ms - 11[0m
[0mGET / [32m200 [0m0.752 ms - 11[0m
[0mGET / [32m200 [0m1.522 ms - 11[0m
[0mGET / [32m200 [0m4.186 ms - 11[0m
[0mGET / [32m200 [0m0.975 ms - 11[0m
[0mGET / [32m200 [0m0.946 ms - 11[0m
[0mGET / [32m200 [0m2.086 ms - 11[0m
[0mGET / [32m200 [0m1.196 ms - 11[0m
[0mGET / [32m200 [0m0.389 ms - 11[0m
[0mGET / [32m200 [0m0.342 ms - 11[0m
[0mGET / [32m200 [0m1.049 ms - 11[0m
[0mGET / [32m200 [0m0.315 ms - 11[0m
[0mGET / [32m200 [0m0.647 ms - 11[0m
[0mGET / [32m200 [0m0.764 ms - 11[0m
[0mGET / [32m200 [0m16.931 ms - 11[0m
[0mGET / [32m200 [0m11.770 ms - 11[0m
[0mGET / [32m200 [0m0.528 ms - 11[0m
[0mGET / [32m200 [0m0.763 ms - 11[0m
[0mGET / [32m200 [0m0.383 ms - 11[0m
[0mGET / [32m200 [0m0.323 ms - 11[0m
[0mGET / [32m200 [0m0.367 ms - 11[0m
[0mGET / [32m200 [0m0.371 ms - 11[0m
[0mGET / [32m200 [0m0.433 ms - 11[0m
[0mGET / [32m200 [0m0.348 ms - 11[0m
[0mGET / [32m200 [0m0.342 ms - 11[0m
[0mGET / [32m200 [0m0.328 ms - 11[0m
[0mGET / [32m200 [0m2.733 ms - 11[0m
[0mGET / [32m200 [0m0.287 ms - 11[0m
[0mGET / [32m200 [0m0.302 ms - 11[0m
[0mGET / [32m200 [0m0.320 ms - 11[0m
[0mGET / [32m200 [0m16.262 ms - 11[0m
[0mGET / [32m200 [0m11.821 ms - 11[0m
[0mGET / [32m200 [0m1.273 ms - 11[0m
[0mGET / [32m200 [0m1.798 ms - 11[0m
[0mGET / [32m200 [0m2.011 ms - 11[0m
[0mGET / [32m200 [0m0.350 ms - 11[0m
[0mGET / [32m200 [0m1.377 ms - 11[0m
[0mGET / [32m200 [0m5.556 ms - 11[0m
[0mGET / [32m200 [0m6.424 ms - 11[0m
[0mGET / [32m200 [0m9.684 ms - 11[0m
[0mGET / [32m200 [0m13.857 ms - 11[0m
[0mGET / [32m200 [0m19.322 ms - 11[0m
[0mGET / [32m200 [0m8.702 ms - 11[0m
[0mGET / [32m200 [0m4.010 ms - 11[0m
[0mGET / [32m200 [0m0.933 ms - 11[0m
[0mGET / [32m200 [0m0.299 ms - 11[0m
[0mGET / [32m200 [0m16.159 ms - 11[0m
[0mGET / [32m200 [0m7.385 ms - 11[0m
[0mGET / [32m200 [0m2.599 ms - 11[0m
[0mGET / [32m200 [0m5.617 ms - 11[0m
[0mGET / [32m200 [0m4.953 ms - 11[0m
[0mGET / [32m200 [0m6.047 ms - 11[0m
[0mGET / [32m200 [0m7.907 ms - 11[0m
[0mGET / [32m200 [0m0.948 ms - 11[0m
[0mGET / [32m200 [0m8.492 ms - 11[0m
[0mGET / [32m200 [0m0.844 ms - 11[0m
[0mGET / [32m200 [0m13.094 ms - 11[0m
[0mGET / [32m200 [0m9.300 ms - 11[0m
[0mGET / [32m200 [0m1.739 ms - 11[0m
[0mGET / [32m200 [0m0.377 ms - 11[0m
[0mGET / [32m200 [0m12.674 ms - 11[0m
[0mGET / [32m200 [0m7.934 ms - 11[0m
[0mGET / [32m200 [0m1.443 ms - 11[0m
[0mGET / [32m200 [0m2.180 ms - 11[0m
[0mGET / [32m200 [0m5.966 ms - 11[0m
[0mGET / [32m200 [0m0.410 ms - 11[0m
[0mGET / [32m200 [0m1.407 ms - 11[0m
[0mGET / [32m200 [0m2.151 ms - 11[0m
[0mGET / [32m200 [0m13.352 ms - 11[0m
[0mGET / [32m200 [0m3.365 ms - 11[0m
[0mGET / [32m200 [0m0.506 ms - 11[0m
[0mGET / [32m200 [0m0.321 ms - 11[0m
[0mGET / [32m200 [0m8.789 ms - 11[0m
[0mGET / [32m200 [0m0.804 ms - 11[0m
[0mGET / [32m200 [0m3.584 ms - 11[0m
[0mGET / [32m200 [0m0.421 ms - 11[0m
[0mGET / [32m200 [0m17.666 ms - 11[0m
[0mGET / [32m200 [0m0.877 ms - 11[0m
[0mGET / [32m200 [0m1.165 ms - 11[0m
[0mGET / [32m200 [0m7.227 ms - 11[0m
[0mGET / [32m200 [0m14.295 ms - 11[0m
[0mGET / [32m200 [0m0.590 ms - 11[0m
[0mGET / [32m200 [0m15.011 ms - 11[0m
[0mGET / [32m200 [0m0.858 ms - 11[0m
[0mGET / [32m200 [0m2.293 ms - 11[0m
[0mGET / [32m200 [0m0.397 ms - 11[0m
[0mGET / [32m200 [0m9.439 ms - 11[0m
[0mGET / [32m200 [0m0.801 ms - 11[0m
[0mGET / [32m200 [0m11.265 ms - 11[0m
[0mGET / [32m200 [0m0.300 ms - 11[0m
[0mGET / [32m200 [0m2.122 ms - 11[0m
[0mGET / [32m200 [0m5.029 ms - 11[0m
[0mGET / [32m200 [0m5.527 ms - 11[0m
[0mGET / [32m200 [0m5.701 ms - 11[0m
[0mGET / [32m200 [0m10.104 ms - 11[0m
[0mGET / [32m200 [0m0.468 ms - 11[0m
[0mGET / [32m200 [0m1.496 ms - 11[0m
[0mGET / [32m200 [0m5.844 ms - 11[0m
[0mGET / [32m200 [0m0.467 ms - 11[0m
[0mGET / [32m200 [0m2.361 ms - 11[0m
[0mGET / [32m200 [0m8.702 ms - 11[0m
[0mGET / [32m200 [0m7.063 ms - 11[0m
[0mGET / [32m200 [0m8.799 ms - 11[0m
[0mGET / [32m200 [0m0.916 ms - 11[0m
[0mGET / [32m200 [0m6.096 ms - 11[0m
[0mGET / [32m200 [0m3.804 ms - 11[0m
[0mGET / [32m200 [0m22.660 ms - 11[0m
[0mGET / [32m200 [0m14.351 ms - 11[0m
[0mGET / [32m200 [0m57.935 ms - 11[0m
[0mGET / [32m200 [0m0.376 ms - 11[0m
[0mGET / [32m200 [0m71.296 ms - 11[0m
[0mGET / [32m200 [0m67.051 ms - 11[0m
[0mGET / [32m200 [0m11.625 ms - 11[0m
[0mGET / [32m200 [0m1.540 ms - 11[0m
[0mGET / [32m200 [0m2.827 ms - 11[0m
[0mGET / [32m200 [0m1.913 ms - 11[0m
[0mGET / [32m200 [0m1.126 ms - 11[0m
[0mGET / [32m200 [0m1.797 ms - 11[0m
[0mGET / [32m200 [0m7.440 ms - 11[0m
[0mGET / [32m200 [0m0.810 ms - 11[0m
[0mGET / [32m200 [0m8.318 ms - 11[0m
[0mGET / [32m200 [0m9.680 ms - 11[0m
[0mGET / [32m200 [0m10.412 ms - 11[0m
[0mGET / [32m200 [0m8.745 ms - 11[0m
[0mGET / [32m200 [0m1.730 ms - 11[0m
[0mGET / [32m200 [0m0.380 ms - 11[0m
[0mGET / [32m200 [0m6.124 ms - 11[0m
[0mGET / [32m200 [0m7.318 ms - 11[0m
[0mGET / [32m200 [0m9.136 ms - 11[0m
[0mGET / [32m200 [0m7.697 ms - 11[0m
[0mGET / [32m200 [0m11.233 ms - 11[0m
[0mGET / [32m200 [0m7.614 ms - 11[0m
[0mGET / [32m200 [0m6.598 ms - 11[0m
[0mGET / [32m200 [0m11.027 ms - 11[0m
[0mGET / [32m200 [0m9.395 ms - 11[0m
[0mGET / [32m200 [0m0.352 ms - 11[0m
[0mGET / [32m200 [0m18.002 ms - 11[0m
[0mGET / [32m200 [0m12.509 ms - 11[0m
[0mGET / [32m200 [0m1.691 ms - 11[0m
[0mGET / [32m200 [0m0.378 ms - 11[0m
[0mGET / [32m200 [0m0.542 ms - 11[0m
[0mGET / [32m200 [0m2.492 ms - 11[0m
[0mGET / [32m200 [0m0.591 ms - 11[0m
[0mGET / [32m200 [0m0.341 ms - 11[0m
[0mGET / [32m200 [0m6.920 ms - 11[0m
[0mGET / [32m200 [0m0.823 ms - 11[0m
[0mGET / [32m200 [0m6.229 ms - 11[0m
[0mGET / [32m200 [0m12.791 ms - 11[0m
[0mGET / [32m200 [0m6.070 ms - 11[0m
[0mGET / [32m200 [0m10.483 ms - 11[0m
[0mGET / [32m200 [0m9.593 ms - 11[0m
[0mGET / [32m200 [0m7.736 ms - 11[0m
[0mGET / [32m200 [0m7.145 ms - 11[0m
[0mGET / [32m200 [0m8.287 ms - 11[0m
[0mGET / [32m200 [0m17.023 ms - 11[0m
[0mGET / [32m200 [0m10.650 ms - 11[0m
[0mGET / [32m200 [0m7.102 ms - 11[0m
[0mGET / [32m200 [0m1.227 ms - 11[0m
[0mGET / [32m200 [0m8.793 ms - 11[0m
[0mGET / [32m200 [0m0.950 ms - 11[0m
[0mGET / [32m200 [0m8.446 ms - 11[0m
[0mGET / [32m200 [0m11.565 ms - 11[0m
[0mGET / [32m200 [0m8.223 ms - 11[0m
[0mGET / [32m200 [0m11.110 ms - 11[0m
[0mGET / [32m200 [0m9.000 ms - 11[0m
[0mGET / [32m200 [0m0.919 ms - 11[0m
[0mGET / [32m200 [0m13.074 ms - 11[0m
[0mGET / [32m200 [0m0.496 ms - 11[0m
[0mGET / [32m200 [0m4.373 ms - 11[0m
[0mGET / [32m200 [0m5.486 ms - 11[0m
[0mGET / [32m200 [0m11.769 ms - 11[0m
[0mGET / [32m200 [0m0.351 ms - 11[0m
[0mGET / [32m200 [0m4.955 ms - 11[0m
[0mGET / [32m200 [0m1.099 ms - 11[0m
[0mGET / [32m200 [0m8.698 ms - 11[0m
[0mGET / [32m200 [0m8.833 ms - 11[0m
[0mGET / [32m200 [0m7.761 ms - 11[0m
[0mGET / [32m200 [0m0.386 ms - 11[0m
[0mGET / [32m200 [0m12.196 ms - 11[0m
[0mGET / [32m200 [0m0.968 ms - 11[0m
[0mGET / [32m200 [0m5.036 ms - 11[0m
[0mGET / [32m200 [0m0.297 ms - 11[0m
[0mGET / [32m200 [0m0.552 ms - 11[0m
[0mGET / [32m200 [0m0.333 ms - 11[0m
[0mGET / [32m200 [0m6.071 ms - 11[0m
[0mGET / [32m200 [0m19.266 ms - 11[0m
[0mGET / [32m200 [0m7.554 ms - 11[0m
[0mGET / [32m200 [0m1.448 ms - 11[0m
[0mGET / [32m200 [0m3.349 ms - 11[0m
[0mGET / [32m200 [0m0.344 ms - 11[0m
[0mGET / [32m200 [0m0.446 ms - 11[0m
[0mGET / [32m200 [0m0.483 ms - 11[0m
[0mGET / [32m200 [0m12.140 ms - 11[0m
[0mGET / [32m200 [0m8.599 ms - 11[0m
[0mGET / [32m200 [0m1.104 ms - 11[0m
[0mGET / [32m200 [0m1.652 ms - 11[0m
[0mGET / [32m200 [0m10.924 ms - 11[0m
[0mGET / [32m200 [0m8.658 ms - 11[0m
[0mGET / [32m200 [0m2.366 ms - 11[0m
[0mGET / [32m200 [0m0.529 ms - 11[0m
[0mGET / [32m200 [0m9.154 ms - 11[0m
[0mGET / [32m200 [0m1.178 ms - 11[0m
[0mGET / [32m200 [0m1.010 ms - 11[0m
[0mGET / [32m200 [0m13.975 ms - 11[0m
[0mGET / [32m200 [0m3.900 ms - 11[0m
[0mGET / [32m200 [0m1.638 ms - 11[0m
[0mGET / [32m200 [0m1.832 ms - 11[0m
[0mGET / [32m200 [0m1.500 ms - 11[0m
[0mGET / [32m200 [0m14.975 ms - 11[0m
[0mGET / [32m200 [0m10.012 ms - 11[0m
[0mGET / [32m200 [0m8.172 ms - 11[0m
[0mGET / [32m200 [0m0.338 ms - 11[0m
[0mGET / [32m200 [0m3.904 ms - 11[0m
[0mGET / [32m200 [0m1.356 ms - 11[0m
[0mGET / [32m200 [0m2.390 ms - 11[0m
[0mGET / [32m200 [0m3.448 ms - 11[0m
[0mGET / [32m200 [0m8.800 ms - 11[0m
[0mGET / [32m200 [0m9.194 ms - 11[0m
[0mGET / [32m200 [0m0.512 ms - 11[0m
[0mGET / [32m200 [0m0.592 ms - 11[0m
[0mGET / [32m200 [0m7.111 ms - 11[0m
[0mGET / [32m200 [0m0.351 ms - 11[0m
[0mGET / [32m200 [0m0.392 ms - 11[0m
[0mGET / [32m200 [0m0.433 ms - 11[0m
[0mGET / [32m200 [0m8.337 ms - 11[0m
[0mGET / [32m200 [0m0.778 ms - 11[0m
[0mGET / [32m200 [0m0.569 ms - 11[0m
[0mGET / [32m200 [0m7.837 ms - 11[0m
[0mGET / [32m200 [0m11.808 ms - 11[0m
[0mGET / [32m200 [0m12.314 ms - 11[0m
[0mGET / [32m200 [0m1.567 ms - 11[0m
[0mGET / [32m200 [0m0.503 ms - 11[0m
[0mGET / [32m200 [0m1.572 ms - 11[0m
[0mGET / [32m200 [0m0.468 ms - 11[0m
[0mGET / [32m200 [0m8.374 ms - 11[0m
[0mGET / [32m200 [0m0.897 ms - 11[0m
[0mGET / [32m200 [0m12.443 ms - 11[0m
[0mGET / [32m200 [0m4.057 ms - 11[0m
[0mGET / [32m200 [0m5.025 ms - 11[0m
[0mGET / [32m200 [0m1.337 ms - 11[0m
[0mGET / [32m200 [0m9.946 ms - 11[0m
[0mGET / [32m200 [0m0.827 ms - 11[0m
[0mGET / [32m200 [0m9.690 ms - 11[0m
[0mGET / [32m200 [0m0.816 ms - 11[0m
[0mGET / [32m200 [0m0.380 ms - 11[0m
[0mGET / [32m200 [0m7.162 ms - 11[0m
[0mGET / [32m200 [0m12.912 ms - 11[0m
[0mGET / [32m200 [0m0.349 ms - 11[0m
[0mGET / [32m200 [0m9.415 ms - 11[0m
[0mGET / [32m200 [0m0.763 ms - 11[0m
[0mGET / [32m200 [0m1.434 ms - 11[0m
[0mGET / [32m200 [0m4.831 ms - 11[0m
[0mGET / [32m200 [0m1.707 ms - 11[0m
[0mGET / [32m200 [0m4.801 ms - 11[0m
[0mGET / [32m200 [0m0.444 ms - 11[0m
[0mGET / [32m200 [0m0.478 ms - 11[0m
[0mGET / [32m200 [0m10.964 ms - 11[0m
[0mGET / [32m200 [0m0.800 ms - 11[0m
[0mGET / [32m200 [0m2.292 ms - 11[0m
[0mGET / [32m200 [0m3.043 ms - 11[0m
[0mGET / [32m200 [0m10.680 ms - 11[0m
[0mGET / [32m200 [0m7.120 ms - 11[0m
[0mGET / [32m200 [0m2.556 ms - 11[0m
[0mGET / [32m200 [0m6.674 ms - 11[0m
[0mGET / [32m200 [0m1.572 ms - 11[0m
[0mGET / [32m200 [0m6.153 ms - 11[0m
[0mGET / [32m200 [0m1.641 ms - 11[0m
[0mGET / [32m200 [0m0.871 ms - 11[0m
[0mGET / [32m200 [0m17.445 ms - 11[0m
[0mGET / [32m200 [0m0.341 ms - 11[0m
[0mGET / [32m200 [0m0.410 ms - 11[0m
[0mGET / [32m200 [0m0.893 ms - 11[0m
[0mGET / [32m200 [0m13.496 ms - 11[0m
[0mGET / [32m200 [0m7.952 ms - 11[0m
[0mGET / [32m200 [0m3.280 ms - 11[0m
[0mGET / [32m200 [0m0.346 ms - 11[0m
[0mGET / [32m200 [0m8.590 ms - 11[0m
[0mGET / [32m200 [0m0.867 ms - 11[0m
[0mGET / [32m200 [0m0.432 ms - 11[0m
[0mGET / [32m200 [0m0.483 ms - 11[0m
[0mGET / [32m200 [0m0.759 ms - 11[0m
[0mGET / [32m200 [0m1.512 ms - 11[0m
[0mGET / [32m200 [0m12.980 ms - 11[0m
[0mGET / [32m200 [0m0.781 ms - 11[0m
[0mGET / [32m200 [0m9.692 ms - 11[0m
[0mGET / [32m200 [0m10.569 ms - 11[0m
[0mGET / [32m200 [0m0.487 ms - 11[0m
[0mGET / [32m200 [0m0.339 ms - 11[0m
[0mGET / [32m200 [0m9.274 ms - 11[0m
[0mGET / [32m200 [0m10.264 ms - 11[0m
[0mGET / [32m200 [0m7.729 ms - 11[0m
[0mGET / [32m200 [0m9.126 ms - 11[0m
[0mGET / [32m200 [0m17.284 ms - 11[0m
[0mGET / [32m200 [0m10.808 ms - 11[0m
[0mGET / [32m200 [0m0.933 ms - 11[0m
[0mGET / [32m200 [0m3.221 ms - 11[0m
[0mGET / [32m200 [0m1.521 ms - 11[0m
[0mGET / [32m200 [0m1.777 ms - 11[0m
[0mGET / [32m200 [0m12.505 ms - 11[0m
[0mGET / [32m200 [0m1.041 ms - 11[0m
[0mGET / [32m200 [0m6.158 ms - 11[0m
[0mGET / [32m200 [0m1.131 ms - 11[0m
[0mGET / [32m200 [0m1.071 ms - 11[0m
[0mGET / [32m200 [0m1.023 ms - 11[0m
[0mGET / [32m200 [0m2.249 ms - 11[0m
[0mGET / [32m200 [0m0.923 ms - 11[0m
[0mGET / [32m200 [0m0.756 ms - 11[0m
[0mGET / [32m200 [0m0.849 ms - 11[0m
[0mGET / [32m200 [0m12.033 ms - 11[0m
[0mGET / [32m200 [0m6.532 ms - 11[0m
[0mGET / [32m200 [0m0.834 ms - 11[0m
[0mGET / [32m200 [0m0.353 ms - 11[0m
[0mGET / [32m200 [0m17.109 ms - 11[0m
[0mGET / [32m200 [0m17.218 ms - 11[0m
[0mGET / [32m200 [0m0.527 ms - 11[0m
[0mGET / [32m200 [0m1.408 ms - 11[0m
[0mGET / [32m200 [0m10.676 ms - 11[0m
[0mGET / [32m200 [0m6.671 ms - 11[0m
[0mGET / [32m200 [0m0.834 ms - 11[0m
[0mGET / [32m200 [0m3.971 ms - 11[0m
[0mGET / [32m200 [0m8.300 ms - 11[0m
[0mGET / [32m200 [0m1.547 ms - 11[0m
[0mGET / [32m200 [0m0.347 ms - 11[0m
[0mGET / [32m200 [0m2.658 ms - 11[0m
[0mGET / [32m200 [0m5.220 ms - 11[0m
[0mGET / [32m200 [0m2.699 ms - 11[0m
[0mGET / [32m200 [0m7.414 ms - 11[0m
[0mGET / [32m200 [0m10.657 ms - 11[0m
[0mGET / [32m200 [0m14.173 ms - 11[0m
[0mGET / [32m200 [0m0.831 ms - 11[0m
[0mGET / [32m200 [0m2.599 ms - 11[0m
[0mGET / [32m200 [0m0.507 ms - 11[0m
[0mGET / [32m200 [0m4.263 ms - 11[0m
[0mGET / [32m200 [0m1.884 ms - 11[0m
[0mGET / [32m200 [0m1.986 ms - 11[0m
[0mGET / [32m200 [0m1.648 ms - 11[0m
[0mGET / [32m200 [0m1.992 ms - 11[0m
[0mGET / [32m200 [0m0.523 ms - 11[0m
[0mGET / [32m200 [0m0.421 ms - 11[0m
[0mGET / [32m200 [0m0.794 ms - 11[0m
[0mGET / [32m200 [0m13.427 ms - 11[0m
[0mGET / [32m200 [0m6.654 ms - 11[0m
[0mGET / [32m200 [0m0.427 ms - 11[0m
[0mGET / [32m200 [0m2.142 ms - 11[0m
[0mGET / [32m200 [0m0.660 ms - 11[0m
[0mGET / [32m200 [0m0.335 ms - 11[0m
[0mGET / [32m200 [0m0.442 ms - 11[0m
[0mGET / [32m200 [0m0.935 ms - 11[0m
[0mGET / [32m200 [0m16.469 ms - 11[0m
[0mGET / [32m200 [0m1.142 ms - 11[0m
[0mGET / [32m200 [0m0.582 ms - 11[0m
[0mGET / [32m200 [0m2.821 ms - 11[0m
[0mGET / [32m200 [0m3.350 ms - 11[0m
[0mGET / [32m200 [0m7.109 ms - 11[0m
[0mGET / [32m200 [0m3.250 ms - 11[0m
[0mGET / [32m200 [0m1.284 ms - 11[0m
[0mGET / [32m200 [0m11.387 ms - 11[0m
[0mGET / [32m200 [0m9.050 ms - 11[0m
[0mGET / [32m200 [0m19.755 ms - 11[0m
[0mGET / [32m200 [0m0.445 ms - 11[0m
[0mGET / [32m200 [0m16.472 ms - 11[0m
[0mGET / [32m200 [0m0.470 ms - 11[0m
[0mGET / [32m200 [0m16.475 ms - 11[0m
[0mGET / [32m200 [0m1.165 ms - 11[0m
[0mGET / [32m200 [0m5.242 ms - 11[0m
[0mGET / [32m200 [0m0.348 ms - 11[0m
[0mGET / [32m200 [0m0.600 ms - 11[0m
[0mGET / [32m200 [0m0.400 ms - 11[0m
[0mGET / [32m200 [0m14.294 ms - 11[0m
[0mGET / [32m200 [0m0.848 ms - 11[0m
[0mGET / [32m200 [0m0.560 ms - 11[0m
[0mGET / [32m200 [0m0.879 ms - 11[0m
[0mGET / [32m200 [0m8.515 ms - 11[0m
[0mGET / [32m200 [0m10.458 ms - 11[0m
[0mGET / [32m200 [0m16.963 ms - 11[0m
[0mGET / [32m200 [0m1.210 ms - 11[0m
[0mGET / [32m200 [0m0.475 ms - 11[0m
[0mGET / [32m200 [0m0.341 ms - 11[0m
[0mGET / [32m200 [0m21.691 ms - 11[0m
[0mGET / [32m200 [0m4.280 ms - 11[0m
[0mGET / [32m200 [0m1.024 ms - 11[0m
[0mGET / [32m200 [0m0.887 ms - 11[0m
[0mGET / [32m200 [0m0.404 ms - 11[0m
[0mGET / [32m200 [0m0.969 ms - 11[0m
[0mGET / [32m200 [0m7.235 ms - 11[0m
[0mGET / [32m200 [0m5.276 ms - 11[0m
[0mGET / [32m200 [0m0.442 ms - 11[0m
[0mGET / [32m200 [0m0.864 ms - 11[0m
[0mGET / [32m200 [0m18.036 ms - 11[0m
[0mGET / [32m200 [0m3.116 ms - 11[0m
[0mGET / [32m200 [0m1.122 ms - 11[0m
[0mGET / [32m200 [0m0.611 ms - 11[0m
[0mGET / [32m200 [0m11.796 ms - 11[0m
[0mGET / [32m200 [0m6.937 ms - 11[0m
[0mGET / [32m200 [0m0.358 ms - 11[0m
[0mGET / [32m200 [0m1.594 ms - 11[0m
[0mGET / [32m200 [0m9.423 ms - 11[0m
[0mGET / [32m200 [0m0.795 ms - 11[0m
[0mGET / [32m200 [0m0.429 ms - 11[0m
[0mGET / [32m200 [0m1.436 ms - 11[0m
[0mGET / [32m200 [0m10.913 ms - 11[0m
[0mGET / [32m200 [0m0.895 ms - 11[0m
[0mGET / [32m200 [0m2.859 ms - 11[0m
[0mGET / [32m200 [0m0.367 ms - 11[0m
[0mGET / [32m200 [0m7.510 ms - 11[0m
[0mGET / [32m200 [0m0.913 ms - 11[0m
[0mGET / [32m200 [0m1.748 ms - 11[0m
[0mGET / [32m200 [0m6.471 ms - 11[0m
[0mGET / [32m200 [0m1.534 ms - 11[0m
[0mGET / [32m200 [0m1.017 ms - 11[0m
[0mGET / [32m200 [0m0.611 ms - 11[0m
[0mGET / [32m200 [0m0.403 ms - 11[0m
[0mGET / [32m200 [0m2.511 ms - 11[0m
[0mGET / [32m200 [0m0.486 ms - 11[0m
[0mGET / [32m200 [0m2.091 ms - 11[0m
[0mGET / [32m200 [0m1.970 ms - 11[0m
[0mGET / [32m200 [0m4.279 ms - 11[0m
[0mGET / [32m200 [0m0.961 ms - 11[0m
[0mGET / [32m200 [0m1.095 ms - 11[0m
[0mGET / [32m200 [0m0.805 ms - 11[0m
[0mGET / [32m200 [0m5.523 ms - 11[0m
[0mGET / [32m200 [0m10.219 ms - 11[0m
[0mGET / [32m200 [0m2.074 ms - 11[0m
[0mGET / [32m200 [0m2.186 ms - 11[0m
[0mGET / [32m200 [0m1.566 ms - 11[0m
[0mGET / [32m200 [0m2.044 ms - 11[0m
[0mGET / [32m200 [0m0.374 ms - 11[0m
[0mGET / [32m200 [0m6.458 ms - 11[0m
[0mGET / [32m200 [0m14.486 ms - 11[0m
[0mGET / [32m200 [0m0.882 ms - 11[0m
[0mGET / [32m200 [0m1.254 ms - 11[0m
[0mGET / [32m200 [0m0.982 ms - 11[0m
[0mGET / [32m200 [0m0.400 ms - 11[0m
[0mGET / [32m200 [0m0.395 ms - 11[0m
[0mGET / [32m200 [0m0.426 ms - 11[0m
[0mGET / [32m200 [0m1.458 ms - 11[0m
[0mGET / [32m200 [0m2.782 ms - 11[0m
[0mGET / [32m200 [0m2.270 ms - 11[0m
[0mGET / [32m200 [0m0.484 ms - 11[0m
[0mGET / [32m200 [0m0.278 ms - 11[0m
[0mGET / [32m200 [0m10.146 ms - 11[0m
[0mGET / [32m200 [0m5.622 ms - 11[0m
[0mGET / [32m200 [0m19.042 ms - 11[0m
[0mGET / [32m200 [0m0.699 ms - 11[0m
[0mGET / [32m200 [0m12.359 ms - 11[0m
[0mGET / [32m200 [0m0.350 ms - 11[0m
[0mGET / [32m200 [0m20.367 ms - 11[0m
[0mGET / [32m200 [0m0.335 ms - 11[0m
[0mGET / [32m200 [0m9.993 ms - 11[0m
[0mGET / [32m200 [0m8.431 ms - 11[0m
[0mGET / [32m200 [0m0.374 ms - 11[0m
[0mGET / [32m200 [0m0.575 ms - 11[0m
[0mGET / [32m200 [0m1.476 ms - 11[0m
[0mGET / [32m200 [0m1.764 ms - 11[0m
[0mGET / [32m200 [0m1.385 ms - 11[0m
[0mGET / [32m200 [0m1.679 ms - 11[0m
[0mGET / [32m200 [0m5.446 ms - 11[0m
[0mGET / [32m200 [0m2.299 ms - 11[0m
[0mGET / [32m200 [0m0.417 ms - 11[0m
[0mGET / [32m200 [0m1.083 ms - 11[0m
[0mGET / [32m200 [0m1.050 ms - 11[0m
[0mGET / [32m200 [0m1.647 ms - 11[0m
[0mGET / [32m200 [0m1.289 ms - 11[0m
[0mGET / [32m200 [0m1.943 ms - 11[0m
[0mGET / [32m200 [0m7.668 ms - 11[0m
[0mGET / [32m200 [0m0.340 ms - 11[0m
[0mGET / [32m200 [0m7.093 ms - 11[0m
[0mGET / [32m200 [0m17.163 ms - 11[0m
[0mGET / [32m200 [0m1.252 ms - 11[0m
[0mGET / [32m200 [0m1.672 ms - 11[0m
[0mGET / [32m200 [0m0.721 ms - 11[0m
[0mGET / [32m200 [0m8.677 ms - 11[0m
[0mGET / [32m200 [0m7.003 ms - 11[0m
[0mGET / [32m200 [0m10.772 ms - 11[0m
[0mGET / [32m200 [0m0.480 ms - 11[0m
[0mGET / [32m200 [0m0.382 ms - 11[0m
[0mGET / [32m200 [0m7.065 ms - 11[0m
[0mGET / [32m200 [0m10.038 ms - 11[0m
[0mGET / [32m200 [0m0.473 ms - 11[0m
[0mGET / [32m200 [0m0.572 ms - 11[0m
[0mGET / [32m200 [0m1.063 ms - 11[0m
[0mGET / [32m200 [0m2.021 ms - 11[0m
[0mGET / [32m200 [0m1.575 ms - 11[0m
[0mGET / [32m200 [0m6.247 ms - 11[0m
[0mGET / [32m200 [0m14.113 ms - 11[0m
[0mGET / [32m200 [0m0.820 ms - 11[0m
[0mGET / [32m200 [0m1.401 ms - 11[0m
[0mGET / [32m200 [0m0.462 ms - 11[0m
[0mGET / [32m200 [0m7.745 ms - 11[0m
[0mGET / [32m200 [0m12.659 ms - 11[0m
[0mGET / [32m200 [0m1.562 ms - 11[0m
[0mGET / [32m200 [0m3.993 ms - 11[0m
[0mGET / [32m200 [0m4.408 ms - 11[0m
[0mGET / [32m200 [0m0.428 ms - 11[0m
[0mGET / [32m200 [0m0.527 ms - 11[0m
[0mGET / [32m200 [0m9.038 ms - 11[0m
[0mGET / [32m200 [0m8.265 ms - 11[0m
[0mGET / [32m200 [0m2.431 ms - 11[0m
[0mGET / [32m200 [0m1.545 ms - 11[0m
[0mGET / [32m200 [0m3.635 ms - 11[0m
[0mGET / [32m200 [0m8.246 ms - 11[0m
[0mGET / [32m200 [0m11.151 ms - 11[0m
[0mGET / [32m200 [0m1.467 ms - 11[0m
[0mGET / [32m200 [0m0.333 ms - 11[0m
[0mGET / [32m200 [0m3.793 ms - 11[0m
[0mGET / [32m200 [0m8.847 ms - 11[0m
[0mGET / [32m200 [0m14.342 ms - 11[0m
[0mGET / [32m200 [0m0.321 ms - 11[0m
[0mGET / [32m200 [0m11.773 ms - 11[0m
[0mGET / [32m200 [0m0.848 ms - 11[0m
[0mGET / [32m200 [0m2.215 ms - 11[0m
[0mGET / [32m200 [0m1.321 ms - 11[0m
[0mGET / [32m200 [0m5.715 ms - 11[0m
[0mGET / [32m200 [0m0.366 ms - 11[0m
[0mGET / [32m200 [0m1.997 ms - 11[0m
[0mGET / [32m200 [0m0.458 ms - 11[0m
[0mGET / [32m200 [0m15.490 ms - 11[0m
[0mGET / [32m200 [0m2.104 ms - 11[0m
[0mGET / [32m200 [0m1.408 ms - 11[0m
[0mGET / [32m200 [0m4.207 ms - 11[0m
[0mGET / [32m200 [0m12.650 ms - 11[0m
[0mGET / [32m200 [0m7.973 ms - 11[0m
[0mGET / [32m200 [0m1.824 ms - 11[0m
[0mGET / [32m200 [0m2.505 ms - 11[0m
login_register log [object Object]
{ IdentityId: 'us-east-1:d711efea-1aa7-4d5b-937c-255a43619c0a',
  Token: 'eyJraWQiOiJ1cy1lYXN0LTExIiwidHlwIjoiSldTIiwiYWxnIjoiUlM1MTIifQ.eyJzdWIiOiJ1cy1lYXN0LTE6ZDcxMWVmZWEtMWFhNy00ZDViLTkzN2MtMjU1YTQzNjE5YzBhIiwiYXVkIjoidXMtZWFzdC0xOjU1NTJhNTRiLWE1MTktNDRkMi05N2UzLWZlYjNkNDVjOWFmYSIsImFtciI6WyJhdXRoZW50aWNhdGVkIiwibG9naW4udjNyZWUuYXdlc29tZSIsImxvZ2luLnYzcmVlLmF3ZXNvbWU6dXMtZWFzdC0xOjU1NTJhNTRiLWE1MTktNDRkMi05N2UzLWZlYjNkNDVjOWFmYTo2NjQ1MTMyNyJdLCJpc3MiOiJodHRwczovL2NvZ25pdG8taWRlbnRpdHkuYW1hem9uYXdzLmNvbSIsImV4cCI6MTUwMTc0NjIxNSwiaWF0IjoxNTAxNzQyNjE1fQ.aWJObv2Cjml_u-GGUS3QjpzbGs68_2P96XcEsmlQ2kC67CSRrjfVDqApp-H2VtTdNcdRoOdZLlBw0na7_pGNurUCAyO60oqLFpU38IfYCJh02OXPT8mkndN9ANlo5sxiOTHv2JD5x1IFJ3dJVR5OX9bfpQNhE-zXnEjvV1A2ApM5QrvDxhEJIe4JYHn6b_CUeqOf-810L55JrcZsdvYFGhWwx725O2mMIyNd108-Itgr1W8wVUCBqE1QnTtU1xwFRrCDeNlOWNhfi1-EE7dx8Td3I-thqp8O9DFtm-WhqSHJG6qqq4hv839dSiWJBPcnviGYev2u8u7_f-zuKXiuAg' }
{ status: 'success',
  action: 'awesomeId occupied',
  item: 
   { email: '',
     name: 'Andrew',
     head_image: '3288936a-108c-4977-a7e6-89a3d75e4059.png',
     awesome_chips: '79',
     phone_number: '66451327',
     zodiac: '',
     date_of_birth: '1990-08-04T00:00:00.000Z',
     info: 'v7tvtiviyvyi o ho oh h oy8vt7c7',
     outstanding_chips: '',
     country_code: '+852',
     facebook_id: '',
     pet_name: 'Tortoise BB',
     pet_type: '0',
     pet_color: '0' } }
{ status: 'success',
  action: 'awesomeId occupied',
  item: 
   { email: '',
     name: 'Andrew',
     head_image: '3288936a-108c-4977-a7e6-89a3d75e4059.png',
     awesome_chips: '79',
     phone_number: '66451327',
     zodiac: '',
     date_of_birth: '1990-08-04T00:00:00.000Z',
     info: 'v7tvtiviyvyi o ho oh h oy8vt7c7',
     outstanding_chips: '',
     country_code: '+852',
     facebook_id: '',
     pet_name: 'Tortoise BB',
     pet_type: '0',
     pet_color: '0' } }
login completed
[0mPOST /login_register/nosql [32m200 [0m265.101 ms - 403[0m
[0mGET / [32m200 [0m2.128 ms - 11[0m
[0mGET / [32m200 [0m16.015 ms - 11[0m
[0mGET / [32m200 [0m0.645 ms - 11[0m
[0mGET / [32m200 [0m3.130 ms - 11[0m
io enter middleware
check player id undefined
io enter middleware
check player id undefined
[0mGET / [32m200 [0m14.679 ms - 11[0m
[0mGET / [32m200 [0m0.643 ms - 11[0m
[0mGET / [32m200 [0m14.758 ms - 11[0m
[0mGET / [32m200 [0m7.169 ms - 11[0m
[0mGET / [32m200 [0m15.141 ms - 11[0m
[0mGET / [32m200 [0m7.031 ms - 11[0m
[0mGET / [32m200 [0m2.121 ms - 11[0m
[0mGET / [32m200 [0m0.384 ms - 11[0m
[0mGET / [32m200 [0m9.729 ms - 11[0m
[0mGET / [32m200 [0m9.980 ms - 11[0m
[0mGET / [32m200 [0m1.408 ms - 11[0m
[0mGET / [32m200 [0m0.371 ms - 11[0m
[0mGET / [32m200 [0m24.524 ms - 11[0m
[0mGET / [32m200 [0m1.218 ms - 11[0m
[0mGET / [32m200 [0m0.434 ms - 11[0m
[0mGET / [32m200 [0m11.026 ms - 11[0m
[0mGET / [32m200 [0m20.290 ms - 11[0m
[0mGET / [32m200 [0m1.875 ms - 11[0m
[0mGET / [32m200 [0m1.104 ms - 11[0m
[0mGET / [32m200 [0m0.434 ms - 11[0m
[0mGET / [32m200 [0m14.882 ms - 11[0m
[0mGET / [32m200 [0m14.511 ms - 11[0m
[0mGET / [32m200 [0m1.593 ms - 11[0m
[0mGET / [32m200 [0m1.588 ms - 11[0m
[0mGET / [32m200 [0m2.463 ms - 11[0m
[0mGET / [32m200 [0m5.712 ms - 11[0m
[0mGET / [32m200 [0m0.481 ms - 11[0m
[0mGET / [32m200 [0m0.411 ms - 11[0m
[0mGET / [32m200 [0m11.042 ms - 11[0m
[0mGET / [32m200 [0m5.526 ms - 11[0m
[0mGET / [32m200 [0m2.514 ms - 11[0m
[0mGET / [32m200 [0m0.340 ms - 11[0m
[0mGET / [32m200 [0m4.095 ms - 11[0m
[0mGET / [32m200 [0m2.084 ms - 11[0m
[0mGET / [32m200 [0m1.298 ms - 11[0m
[0mGET / [32m200 [0m1.580 ms - 11[0m
[0mGET / [32m200 [0m10.526 ms - 11[0m
[0mGET / [32m200 [0m10.660 ms - 11[0m
[0mGET / [32m200 [0m9.623 ms - 11[0m
[0mGET / [32m200 [0m9.921 ms - 11[0m
[0mGET / [32m200 [0m3.737 ms - 11[0m
[0mGET / [32m200 [0m1.052 ms - 11[0m
[0mGET / [32m200 [0m11.393 ms - 11[0m
[0mGET / [32m200 [0m5.805 ms - 11[0m
[0mGET / [32m200 [0m13.296 ms - 11[0m
[0mGET / [32m200 [0m13.165 ms - 11[0m
[0mGET / [32m200 [0m0.577 ms - 11[0m
[0mGET / [32m200 [0m0.703 ms - 11[0m
[0mGET / [32m200 [0m1.507 ms - 11[0m
[0mGET / [32m200 [0m0.822 ms - 11[0m
[0mGET / [32m200 [0m0.447 ms - 11[0m
[0mGET / [32m200 [0m0.370 ms - 11[0m
[0mGET / [32m200 [0m0.357 ms - 11[0m
[0mGET / [32m200 [0m0.306 ms - 11[0m
[0mGET / [32m200 [0m1.360 ms - 11[0m
[0mGET / [32m200 [0m1.549 ms - 11[0m
[0mGET / [32m200 [0m0.360 ms - 11[0m
[0mGET / [32m200 [0m0.352 ms - 11[0m
[0mGET / [32m200 [0m0.434 ms - 11[0m
[0mGET / [32m200 [0m0.725 ms - 11[0m
[0mGET / [32m200 [0m9.133 ms - 11[0m
[0mGET / [32m200 [0m0.861 ms - 11[0m
[0mGET / [32m200 [0m0.581 ms - 11[0m
[0mGET / [32m200 [0m8.254 ms - 11[0m
[0mGET / [32m200 [0m7.544 ms - 11[0m
[0mGET / [32m200 [0m10.666 ms - 11[0m
[0mGET / [32m200 [0m0.427 ms - 11[0m
[0mGET / [32m200 [0m2.966 ms - 11[0m
[0mGET / [32m200 [0m0.571 ms - 11[0m
[0mGET / [32m200 [0m10.258 ms - 11[0m
[0mGET / [32m200 [0m0.474 ms - 11[0m
[0mGET / [32m200 [0m0.390 ms - 11[0m
[0mGET / [32m200 [0m9.452 ms - 11[0m
[0mGET / [32m200 [0m10.656 ms - 11[0m
[0mGET / [32m200 [0m0.361 ms - 11[0m
[0mGET / [32m200 [0m0.937 ms - 11[0m
[0mGET / [32m200 [0m1.787 ms - 11[0m
[0mGET / [32m200 [0m8.839 ms - 11[0m
[0mGET / [32m200 [0m0.767 ms - 11[0m
[0mGET / [32m200 [0m0.429 ms - 11[0m
[0mGET / [32m200 [0m1.467 ms - 11[0m
[0mGET / [32m200 [0m2.503 ms - 11[0m
[0mGET / [32m200 [0m2.488 ms - 11[0m
[0mGET / [32m200 [0m1.486 ms - 11[0m
[0mGET / [32m200 [0m8.267 ms - 11[0m
[0mGET / [32m200 [0m0.872 ms - 11[0m
[0mGET / [32m200 [0m0.369 ms - 11[0m
[0mGET / [32m200 [0m3.501 ms - 11[0m
[0mGET / [32m200 [0m6.145 ms - 11[0m
[0mGET / [32m200 [0m0.296 ms - 11[0m
[0mGET / [32m200 [0m17.592 ms - 11[0m
[0mGET / [32m200 [0m0.414 ms - 11[0m
[0mGET / [32m200 [0m2.905 ms - 11[0m
[0mGET / [32m200 [0m3.345 ms - 11[0m
[0mGET / [32m200 [0m1.433 ms - 11[0m
[0mGET / [32m200 [0m4.228 ms - 11[0m
[0mGET / [32m200 [0m9.128 ms - 11[0m
[0mGET / [32m200 [0m8.948 ms - 11[0m
[0mGET / [32m200 [0m5.934 ms - 11[0m
[0mGET / [32m200 [0m6.261 ms - 11[0m
[0mGET / [32m200 [0m16.478 ms - 11[0m
[0mGET / [32m200 [0m10.862 ms - 11[0m
[0mGET / [32m200 [0m0.463 ms - 11[0m
[0mGET / [32m200 [0m0.957 ms - 11[0m
[0mGET / [32m200 [0m0.373 ms - 11[0m
[0mGET / [32m200 [0m1.363 ms - 11[0m
[0mGET / [32m200 [0m11.159 ms - 11[0m
[0mGET / [32m200 [0m0.843 ms - 11[0m
[0mGET / [32m200 [0m2.618 ms - 11[0m
[0mGET / [32m200 [0m2.538 ms - 11[0m
[0mGET / [32m200 [0m1.039 ms - 11[0m
[0mGET / [32m200 [0m0.922 ms - 11[0m
[0mGET / [32m200 [0m2.550 ms - 11[0m
[0mGET / [32m200 [0m0.395 ms - 11[0m
[0mGET / [32m200 [0m14.342 ms - 11[0m
[0mGET / [32m200 [0m0.620 ms - 11[0m
[0mGET / [32m200 [0m5.201 ms - 11[0m
[0mGET / [32m200 [0m1.038 ms - 11[0m
[0mGET / [32m200 [0m0.338 ms - 11[0m
[0mGET / [32m200 [0m4.915 ms - 11[0m
[0mGET / [32m200 [0m1.477 ms - 11[0m
[0mGET / [32m200 [0m2.344 ms - 11[0m
[0mGET / [32m200 [0m0.576 ms - 11[0m
[0mGET / [32m200 [0m0.370 ms - 11[0m
[0mGET / [32m200 [0m0.353 ms - 11[0m
[0mGET / [32m200 [0m1.278 ms - 11[0m
[0mGET / [32m200 [0m8.378 ms - 11[0m
[0mGET / [32m200 [0m13.385 ms - 11[0m
[0mGET / [32m200 [0m1.162 ms - 11[0m
[0mGET / [32m200 [0m1.696 ms - 11[0m
[0mGET / [32m200 [0m5.856 ms - 11[0m
[0mGET / [32m200 [0m1.568 ms - 11[0m
[0mGET / [32m200 [0m7.857 ms - 11[0m
[0mGET / [32m200 [0m7.749 ms - 11[0m
[0mGET / [32m200 [0m1.327 ms - 11[0m
[0mGET / [32m200 [0m1.593 ms - 11[0m
[0mGET / [32m200 [0m0.476 ms - 11[0m
[0mGET / [32m200 [0m2.289 ms - 11[0m
[0mGET / [32m200 [0m8.114 ms - 11[0m
[0mGET / [32m200 [0m0.804 ms - 11[0m
[0mGET / [32m200 [0m7.996 ms - 11[0m
[0mGET / [32m200 [0m2.348 ms - 11[0m
[0mGET / [32m200 [0m1.272 ms - 11[0m
[0mGET / [32m200 [0m2.008 ms - 11[0m
[0mGET / [32m200 [0m3.076 ms - 11[0m
[0mGET / [32m200 [0m3.279 ms - 11[0m
[0mGET / [32m200 [0m0.487 ms - 11[0m
[0mGET / [32m200 [0m5.078 ms - 11[0m
[0mGET / [32m200 [0m1.391 ms - 11[0m
[0mGET / [32m200 [0m5.156 ms - 11[0m
[0mGET / [32m200 [0m2.369 ms - 11[0m
[0mGET / [32m200 [0m3.353 ms - 11[0m
[0mGET / [32m200 [0m0.547 ms - 11[0m
[0mGET / [32m200 [0m4.639 ms - 11[0m
[0mGET / [32m200 [0m13.576 ms - 11[0m
[0mGET / [32m200 [0m14.012 ms - 11[0m
[0mGET / [32m200 [0m0.605 ms - 11[0m
[0mGET / [32m200 [0m0.837 ms - 11[0m
[0mGET / [32m200 [0m2.460 ms - 11[0m
[0mGET / [32m200 [0m0.416 ms - 11[0m
[0mGET / [32m200 [0m4.410 ms - 11[0m
[0mGET / [32m200 [0m3.993 ms - 11[0m
[0mGET / [32m200 [0m5.511 ms - 11[0m
[0mGET / [32m200 [0m4.768 ms - 11[0m
[0mGET / [32m200 [0m0.566 ms - 11[0m
[0mGET / [32m200 [0m0.796 ms - 11[0m
[0mGET / [32m200 [0m2.003 ms - 11[0m
[0mGET / [32m200 [0m0.344 ms - 11[0m
[0mGET / [32m200 [0m1.896 ms - 11[0m
[0mGET / [32m200 [0m2.998 ms - 11[0m
[0mGET / [32m200 [0m15.424 ms - 11[0m
[0mGET / [32m200 [0m10.192 ms - 11[0m
[0mGET / [32m200 [0m0.549 ms - 11[0m
[0mGET / [32m200 [0m7.687 ms - 11[0m
[0mGET / [32m200 [0m11.785 ms - 11[0m
[0mGET / [32m200 [0m0.316 ms - 11[0m
[0mGET / [32m200 [0m11.484 ms - 11[0m
[0mGET / [32m200 [0m0.897 ms - 11[0m
[0mGET / [32m200 [0m1.533 ms - 11[0m
[0mGET / [32m200 [0m1.813 ms - 11[0m
[0mGET / [32m200 [0m16.682 ms - 11[0m
[0mGET / [32m200 [0m17.032 ms - 11[0m
[0mGET / [32m200 [0m5.855 ms - 11[0m
[0mGET / [32m200 [0m1.080 ms - 11[0m
[0mGET / [32m200 [0m5.095 ms - 11[0m
[0mGET / [32m200 [0m5.035 ms - 11[0m
[0mGET / [32m200 [0m2.098 ms - 11[0m
[0mGET / [32m200 [0m1.889 ms - 11[0m
{ Count: 1,
  Items: 
   [ { awesome_id: [Object],
       endpointArn: [Object],
       device_token: [Object] } ],
  ScannedCount: 1 }
*** removeEndPoint ***
[0mPOST /api/v1/logout/nosql [32m200 [0m76.445 ms - 20[0m
*** removeEndPoint arn:aws:sns:us-east-1:442395450210:endpoint/GCM/awesome_apns_production_android/5e73169e-9be0-35ff-b243-9614c527e0ea success ***
{ ResponseMetadata: { RequestId: 'e68cff7f-7953-5cd2-9070-ae83b753e03d' } }
token deleted
[0mGET / [32m200 [0m15.953 ms - 11[0m
[0mGET / [32m200 [0m4.975 ms - 11[0m
io enter middleware
check player id undefined
[0mGET / [32m200 [0m3.020 ms - 11[0m
[0mGET / [32m200 [0m1.629 ms - 11[0m
io enter middleware
check player id undefined
[0mGET / [32m200 [0m9.414 ms - 11[0m
[0mGET / [32m200 [0m9.794 ms - 11[0m
[0mGET / [32m200 [0m2.410 ms - 11[0m
[0mGET / [32m200 [0m1.437 ms - 11[0m
[0mGET / [32m200 [0m0.822 ms - 11[0m
[0mGET / [32m200 [0m5.790 ms - 11[0m
[0mGET / [32m200 [0m13.529 ms - 11[0m
[0mGET / [32m200 [0m0.891 ms - 11[0m
[0mGET / [32m200 [0m2.052 ms - 11[0m
[0mGET / [32m200 [0m1.206 ms - 11[0m
[0mGET / [32m200 [0m2.198 ms - 11[0m
[0mGET / [32m200 [0m0.475 ms - 11[0m
[0mGET / [32m200 [0m1.450 ms - 11[0m
[0mGET / [32m200 [0m14.163 ms - 11[0m
[0mGET / [32m200 [0m0.528 ms - 11[0m
[0mGET / [32m200 [0m0.903 ms - 11[0m
[0mGET / [32m200 [0m23.248 ms - 11[0m
[0mGET / [32m200 [0m11.337 ms - 11[0m
[0mGET / [32m200 [0m1.718 ms - 11[0m
[0mGET / [32m200 [0m0.384 ms - 11[0m
[0mGET / [32m200 [0m1.145 ms - 11[0m
[0mGET / [32m200 [0m0.353 ms - 11[0m
[0mGET / [32m200 [0m8.350 ms - 11[0m
[0mGET / [32m200 [0m0.908 ms - 11[0m
[0mGET / [32m200 [0m0.731 ms - 11[0m
[0mGET / [32m200 [0m4.444 ms - 11[0m
[0mGET / [32m200 [0m3.565 ms - 11[0m
[0mGET / [32m200 [0m0.371 ms - 11[0m
[0mGET / [32m200 [0m2.168 ms - 11[0m
[0mGET / [32m200 [0m2.261 ms - 11[0m
[0mGET / [32m200 [0m1.152 ms - 11[0m
[0mGET / [32m200 [0m1.704 ms - 11[0m
[0mGET / [32m200 [0m9.680 ms - 11[0m
[0mGET / [32m200 [0m4.424 ms - 11[0m
[0mGET / [32m200 [0m7.452 ms - 11[0m
[0mGET / [32m200 [0m0.375 ms - 11[0m
[0mGET / [32m200 [0m10.223 ms - 11[0m
[0mGET / [32m200 [0m7.093 ms - 11[0m
[0mGET / [32m200 [0m2.123 ms - 11[0m
[0mGET / [32m200 [0m0.373 ms - 11[0m
[0mGET / [32m200 [0m1.901 ms - 11[0m
[0mGET / [32m200 [0m0.366 ms - 11[0m
[0mGET / [32m200 [0m22.633 ms - 11[0m
[0mGET / [32m200 [0m0.406 ms - 11[0m
[0mGET / [32m200 [0m9.092 ms - 11[0m
[0mGET / [32m200 [0m0.360 ms - 11[0m
[0mGET / [32m200 [0m0.538 ms - 11[0m
[0mGET / [32m200 [0m10.116 ms - 11[0m
[0mGET / [32m200 [0m14.659 ms - 11[0m
[0mGET / [32m200 [0m7.431 ms - 11[0m
[0mGET / [32m200 [0m1.896 ms - 11[0m
[0mGET / [32m200 [0m1.973 ms - 11[0m
[0mGET / [32m200 [0m8.179 ms - 11[0m
[0mGET / [32m200 [0m0.332 ms - 11[0m
[0mGET / [32m200 [0m3.819 ms - 11[0m
[0mGET / [32m200 [0m6.516 ms - 11[0m
